<?xml version="1.0" encoding="UTF-8"?>
<testsuite xmlns:xsi="http://www.w3.org/2001/XMLSchema-instance" xsi:schemaLocation="https://maven.apache.org/surefire/maven-surefire-plugin/xsd/surefire-test-report.xsd" name="org.apache.rocketmq.console.service.impl.TopicServiceImplTest" time="76.817" tests="11" errors="11" skipped="0" failures="0">
  <properties>
    <property name="java.runtime.name" value="Java(TM) SE Runtime Environment"/>
    <property name="sun.boot.library.path" value="C:\Program Files (x86)\Java\jdk1.7.0_67\jre\bin"/>
    <property name="java.vm.version" value="24.65-b04"/>
    <property name="java.vm.vendor" value="Oracle Corporation"/>
    <property name="maven.multiModuleProjectDirectory" value="E:\rocketmq-externals\rocketmq-console"/>
    <property name="java.vendor.url" value="http://java.oracle.com/"/>
    <property name="path.separator" value=";"/>
    <property name="guice.disable.misplaced.annotation.check" value="true"/>
    <property name="java.vm.name" value="Java HotSpot(TM) Client VM"/>
    <property name="file.encoding.pkg" value="sun.io"/>
    <property name="user.script" value=""/>
    <property name="user.country" value="CN"/>
    <property name="sun.java.launcher" value="SUN_STANDARD"/>
    <property name="sun.os.patch.level" value="Service Pack 1"/>
    <property name="java.vm.specification.name" value="Java Virtual Machine Specification"/>
    <property name="user.dir" value="E:\rocketmq-externals\rocketmq-console"/>
    <property name="java.runtime.version" value="1.7.0_67-b01"/>
    <property name="java.awt.graphicsenv" value="sun.awt.Win32GraphicsEnvironment"/>
    <property name="java.endorsed.dirs" value="C:\Program Files (x86)\Java\jdk1.7.0_67\jre\lib\endorsed"/>
    <property name="os.arch" value="x86"/>
    <property name="java.io.tmpdir" value="C:\Users\ADMINI~1\AppData\Local\Temp\"/>
    <property name="line.separator" value="&#10;"/>
    <property name="java.vm.specification.vendor" value="Oracle Corporation"/>
    <property name="user.variant" value=""/>
    <property name="os.name" value="Windows 7"/>
    <property name="classworlds.conf" value="E:\Tools\apache-maven-3.3.3-bin\bin\..\bin\m2.conf"/>
    <property name="sun.jnu.encoding" value="GBK"/>
    <property name="java.library.path" value="C:\Program Files (x86)\Java\jdk1.7.0_67\bin;C:\Windows\Sun\Java\bin;C:\Windows\system32;C:\Windows;D:\oracle\product\10.2.0\client_1;C:\ProgramData\Oracle\Java\javapath;C:\Windows\system32;C:\Windows;C:\Windows\System32\Wbem;C:\Windows\System32\WindowsPowerShell\v1.0\;C:\Program Files (x86)\AMD\ATI.ACE\Core-Static;C:\Program Files (x86)\NVIDIA Corporation\PhysX\Common;D:\Git\cmd;C:\Program Files (x86)\Java\jdk1.7.0_67\bin;E:\Tools\apache-maven-3.3.3-bin\bin;;."/>
    <property name="java.specification.name" value="Java Platform API Specification"/>
    <property name="java.class.version" value="51.0"/>
    <property name="sun.management.compiler" value="HotSpot Client Compiler"/>
    <property name="os.version" value="6.1"/>
    <property name="user.home" value="C:\Users\Administrator"/>
    <property name="user.timezone" value="Asia/Shanghai"/>
    <property name="java.awt.printerjob" value="sun.awt.windows.WPrinterJob"/>
    <property name="java.specification.version" value="1.7"/>
    <property name="file.encoding" value="GBK"/>
    <property name="user.name" value="Administrator"/>
    <property name="java.class.path" value="E:\Tools\apache-maven-3.3.3-bin\bin\..\boot\plexus-classworlds-2.5.2.jar"/>
    <property name="java.vm.specification.version" value="1.7"/>
    <property name="sun.arch.data.model" value="32"/>
    <property name="java.home" value="C:\Program Files (x86)\Java\jdk1.7.0_67\jre"/>
    <property name="sun.java.command" value="org.codehaus.plexus.classworlds.launcher.Launcher package"/>
    <property name="java.specification.vendor" value="Oracle Corporation"/>
    <property name="user.language" value="zh"/>
    <property name="awt.toolkit" value="sun.awt.windows.WToolkit"/>
    <property name="java.vm.info" value="mixed mode, sharing"/>
    <property name="java.version" value="1.7.0_67"/>
    <property name="java.ext.dirs" value="C:\Program Files (x86)\Java\jdk1.7.0_67\jre\lib\ext;C:\Windows\Sun\Java\lib\ext"/>
    <property name="sun.boot.class.path" value="C:\Program Files (x86)\Java\jdk1.7.0_67\jre\lib\resources.jar;C:\Program Files (x86)\Java\jdk1.7.0_67\jre\lib\rt.jar;C:\Program Files (x86)\Java\jdk1.7.0_67\jre\lib\sunrsasign.jar;C:\Program Files (x86)\Java\jdk1.7.0_67\jre\lib\jsse.jar;C:\Program Files (x86)\Java\jdk1.7.0_67\jre\lib\jce.jar;C:\Program Files (x86)\Java\jdk1.7.0_67\jre\lib\charsets.jar;C:\Program Files (x86)\Java\jdk1.7.0_67\jre\lib\jfr.jar;C:\Program Files (x86)\Java\jdk1.7.0_67\jre\classes"/>
    <property name="java.vendor" value="Oracle Corporation"/>
    <property name="maven.home" value="E:\Tools\apache-maven-3.3.3-bin\bin\.."/>
    <property name="file.separator" value="\"/>
    <property name="java.vendor.url.bug" value="http://bugreport.sun.com/bugreport/"/>
    <property name="sun.cpu.endian" value="little"/>
    <property name="sun.io.unicode.encoding" value="UnicodeLittle"/>
    <property name="sun.desktop" value="windows"/>
    <property name="sun.cpu.isalist" value="pentium_pro+mmx pentium_pro pentium+mmx pentium i486 i386 i86"/>
  </properties>
  <testcase name="deleteTopic" classname="org.apache.rocketmq.console.service.impl.TopicServiceImplTest" time="7.355">
    <error message="send message error" type="java.lang.RuntimeException">java.lang.RuntimeException: send message error
	at org.apache.rocketmq.console.service.impl.TopicServiceImplTest.setUp(TopicServiceImplTest.java:57)
</error>
    <system-out><![CDATA[[2018-03-14 12:06:43.711] ERROR map file C:\Users\Administrator\rocketmq-console-test\20180314120634\commitlog\00000000000000000000 Failed. 
java.io.IOException: Map failed
	at sun.nio.ch.FileChannelImpl.map(FileChannelImpl.java:888)
	at org.apache.rocketmq.store.MappedFile.init(MappedFile.java:160)
	at org.apache.rocketmq.store.MappedFile.<init>(MappedFile.java:71)
	at org.apache.rocketmq.store.AllocateMappedFileService.mmapOperation(AllocateMappedFileService.java:182)
	at org.apache.rocketmq.store.AllocateMappedFileService.run(AllocateMappedFileService.java:143)
	at java.lang.Thread.run(Thread.java:745)
Caused by: java.lang.OutOfMemoryError: Map failed
	at sun.nio.ch.FileChannelImpl.map0(Native Method)
	at sun.nio.ch.FileChannelImpl.map(FileChannelImpl.java:885)
	... 5 common frames omitted
[2018-03-14 12:06:43.711]  WARN AllocateMappedFileService service has exception. 
java.io.IOException: Map failed
	at sun.nio.ch.FileChannelImpl.map(FileChannelImpl.java:888)
	at org.apache.rocketmq.store.MappedFile.init(MappedFile.java:160)
	at org.apache.rocketmq.store.MappedFile.<init>(MappedFile.java:71)
	at org.apache.rocketmq.store.AllocateMappedFileService.mmapOperation(AllocateMappedFileService.java:182)
	at org.apache.rocketmq.store.AllocateMappedFileService.run(AllocateMappedFileService.java:143)
	at java.lang.Thread.run(Thread.java:745)
Caused by: java.lang.OutOfMemoryError: Map failed
	at sun.nio.ch.FileChannelImpl.map0(Native Method)
	at sun.nio.ch.FileChannelImpl.map(FileChannelImpl.java:885)
	... 5 common frames omitted
[2018-03-14 12:06:43.921] ERROR map file C:\Users\Administrator\rocketmq-console-test\20180314120634\commitlog\00000000000000000000 Failed. 
java.io.IOException: Map failed
	at sun.nio.ch.FileChannelImpl.map(FileChannelImpl.java:888)
	at org.apache.rocketmq.store.MappedFile.init(MappedFile.java:160)
	at org.apache.rocketmq.store.MappedFile.<init>(MappedFile.java:71)
	at org.apache.rocketmq.store.AllocateMappedFileService.mmapOperation(AllocateMappedFileService.java:182)
	at org.apache.rocketmq.store.AllocateMappedFileService.run(AllocateMappedFileService.java:143)
	at java.lang.Thread.run(Thread.java:745)
Caused by: java.lang.OutOfMemoryError: Map failed
	at sun.nio.ch.FileChannelImpl.map0(Native Method)
	at sun.nio.ch.FileChannelImpl.map(FileChannelImpl.java:885)
	... 5 common frames omitted
[2018-03-14 12:06:43.921]  WARN AllocateMappedFileService service has exception. 
java.io.IOException: Map failed
	at sun.nio.ch.FileChannelImpl.map(FileChannelImpl.java:888)
	at org.apache.rocketmq.store.MappedFile.init(MappedFile.java:160)
	at org.apache.rocketmq.store.MappedFile.<init>(MappedFile.java:71)
	at org.apache.rocketmq.store.AllocateMappedFileService.mmapOperation(AllocateMappedFileService.java:182)
	at org.apache.rocketmq.store.AllocateMappedFileService.run(AllocateMappedFileService.java:143)
	at java.lang.Thread.run(Thread.java:745)
Caused by: java.lang.OutOfMemoryError: Map failed
	at sun.nio.ch.FileChannelImpl.map0(Native Method)
	at sun.nio.ch.FileChannelImpl.map(FileChannelImpl.java:885)
	... 5 common frames omitted
[2018-03-14 12:06:44.035]  WARN create mmap timeout C:\Users\Administrator\rocketmq-console-test\20180314120634\commitlog\00000000000000000000 1073741824
[2018-03-14 12:06:44.035] ERROR create maped file1 error, topic: TEST_CONSOLE_TOPIC clientAddr: 127.0.0.1
[2018-03-14 12:06:44.036]  WARN putMessage not in lock eclipse time(ms)=5101, bodyLength=11
[2018-03-14 12:06:44.138] ERROR map file C:\Users\Administrator\rocketmq-console-test\20180314120634\commitlog\00000000000000000000 Failed. 
java.io.IOException: Map failed
	at sun.nio.ch.FileChannelImpl.map(FileChannelImpl.java:888)
	at org.apache.rocketmq.store.MappedFile.init(MappedFile.java:160)
	at org.apache.rocketmq.store.MappedFile.<init>(MappedFile.java:71)
	at org.apache.rocketmq.store.AllocateMappedFileService.mmapOperation(AllocateMappedFileService.java:182)
	at org.apache.rocketmq.store.AllocateMappedFileService.run(AllocateMappedFileService.java:143)
	at java.lang.Thread.run(Thread.java:745)
Caused by: java.lang.OutOfMemoryError: Map failed
	at sun.nio.ch.FileChannelImpl.map0(Native Method)
	at sun.nio.ch.FileChannelImpl.map(FileChannelImpl.java:885)
	... 5 common frames omitted
[2018-03-14 12:06:44.138]  WARN AllocateMappedFileService service has exception. 
java.io.IOException: Map failed
	at sun.nio.ch.FileChannelImpl.map(FileChannelImpl.java:888)
	at org.apache.rocketmq.store.MappedFile.init(MappedFile.java:160)
	at org.apache.rocketmq.store.MappedFile.<init>(MappedFile.java:71)
	at org.apache.rocketmq.store.AllocateMappedFileService.mmapOperation(AllocateMappedFileService.java:182)
	at org.apache.rocketmq.store.AllocateMappedFileService.run(AllocateMappedFileService.java:143)
	at java.lang.Thread.run(Thread.java:745)
Caused by: java.lang.OutOfMemoryError: Map failed
	at sun.nio.ch.FileChannelImpl.map0(Native Method)
	at sun.nio.ch.FileChannelImpl.map(FileChannelImpl.java:885)
	... 5 common frames omitted
[2018-03-14 12:06:44.347] ERROR map file C:\Users\Administrator\rocketmq-console-test\20180314120634\commitlog\00000000000000000000 Failed. 
java.io.IOException: Map failed
	at sun.nio.ch.FileChannelImpl.map(FileChannelImpl.java:888)
	at org.apache.rocketmq.store.MappedFile.init(MappedFile.java:160)
	at org.apache.rocketmq.store.MappedFile.<init>(MappedFile.java:71)
	at org.apache.rocketmq.store.AllocateMappedFileService.mmapOperation(AllocateMappedFileService.java:182)
	at org.apache.rocketmq.store.AllocateMappedFileService.run(AllocateMappedFileService.java:143)
	at java.lang.Thread.run(Thread.java:745)
Caused by: java.lang.OutOfMemoryError: Map failed
	at sun.nio.ch.FileChannelImpl.map0(Native Method)
	at sun.nio.ch.FileChannelImpl.map(FileChannelImpl.java:885)
	... 5 common frames omitted
[2018-03-14 12:06:44.347]  WARN AllocateMappedFileService service has exception. 
java.io.IOException: Map failed
	at sun.nio.ch.FileChannelImpl.map(FileChannelImpl.java:888)
	at org.apache.rocketmq.store.MappedFile.init(MappedFile.java:160)
	at org.apache.rocketmq.store.MappedFile.<init>(MappedFile.java:71)
	at org.apache.rocketmq.store.AllocateMappedFileService.mmapOperation(AllocateMappedFileService.java:182)
	at org.apache.rocketmq.store.AllocateMappedFileService.run(AllocateMappedFileService.java:143)
	at java.lang.Thread.run(Thread.java:745)
Caused by: java.lang.OutOfMemoryError: Map failed
	at sun.nio.ch.FileChannelImpl.map0(Native Method)
	at sun.nio.ch.FileChannelImpl.map(FileChannelImpl.java:885)
	... 5 common frames omitted
[2018-03-14 12:06:44.553] ERROR map file C:\Users\Administrator\rocketmq-console-test\20180314120634\commitlog\00000000000000000000 Failed. 
java.io.IOException: Map failed
	at sun.nio.ch.FileChannelImpl.map(FileChannelImpl.java:888)
	at org.apache.rocketmq.store.MappedFile.init(MappedFile.java:160)
	at org.apache.rocketmq.store.MappedFile.<init>(MappedFile.java:71)
	at org.apache.rocketmq.store.AllocateMappedFileService.mmapOperation(AllocateMappedFileService.java:182)
	at org.apache.rocketmq.store.AllocateMappedFileService.run(AllocateMappedFileService.java:143)
	at java.lang.Thread.run(Thread.java:745)
Caused by: java.lang.OutOfMemoryError: Map failed
	at sun.nio.ch.FileChannelImpl.map0(Native Method)
	at sun.nio.ch.FileChannelImpl.map(FileChannelImpl.java:885)
	... 5 common frames omitted
[2018-03-14 12:06:44.553]  WARN AllocateMappedFileService service has exception. 
java.io.IOException: Map failed
	at sun.nio.ch.FileChannelImpl.map(FileChannelImpl.java:888)
	at org.apache.rocketmq.store.MappedFile.init(MappedFile.java:160)
	at org.apache.rocketmq.store.MappedFile.<init>(MappedFile.java:71)
	at org.apache.rocketmq.store.AllocateMappedFileService.mmapOperation(AllocateMappedFileService.java:182)
	at org.apache.rocketmq.store.AllocateMappedFileService.run(AllocateMappedFileService.java:143)
	at java.lang.Thread.run(Thread.java:745)
Caused by: java.lang.OutOfMemoryError: Map failed
	at sun.nio.ch.FileChannelImpl.map0(Native Method)
	at sun.nio.ch.FileChannelImpl.map(FileChannelImpl.java:885)
	... 5 common frames omitted
[2018-03-14 12:06:44.763] ERROR map file C:\Users\Administrator\rocketmq-console-test\20180314120634\commitlog\00000000000000000000 Failed. 
java.io.IOException: Map failed
	at sun.nio.ch.FileChannelImpl.map(FileChannelImpl.java:888)
	at org.apache.rocketmq.store.MappedFile.init(MappedFile.java:160)
	at org.apache.rocketmq.store.MappedFile.<init>(MappedFile.java:71)
	at org.apache.rocketmq.store.AllocateMappedFileService.mmapOperation(AllocateMappedFileService.java:182)
	at org.apache.rocketmq.store.AllocateMappedFileService.run(AllocateMappedFileService.java:143)
	at java.lang.Thread.run(Thread.java:745)
Caused by: java.lang.OutOfMemoryError: Map failed
	at sun.nio.ch.FileChannelImpl.map0(Native Method)
	at sun.nio.ch.FileChannelImpl.map(FileChannelImpl.java:885)
	... 5 common frames omitted
[2018-03-14 12:06:44.763]  WARN AllocateMappedFileService service has exception. 
java.io.IOException: Map failed
	at sun.nio.ch.FileChannelImpl.map(FileChannelImpl.java:888)
	at org.apache.rocketmq.store.MappedFile.init(MappedFile.java:160)
	at org.apache.rocketmq.store.MappedFile.<init>(MappedFile.java:71)
	at org.apache.rocketmq.store.AllocateMappedFileService.mmapOperation(AllocateMappedFileService.java:182)
	at org.apache.rocketmq.store.AllocateMappedFileService.run(AllocateMappedFileService.java:143)
	at java.lang.Thread.run(Thread.java:745)
Caused by: java.lang.OutOfMemoryError: Map failed
	at sun.nio.ch.FileChannelImpl.map0(Native Method)
	at sun.nio.ch.FileChannelImpl.map(FileChannelImpl.java:885)
	... 5 common frames omitted
[2018-03-14 12:06:44.975] ERROR map file C:\Users\Administrator\rocketmq-console-test\20180314120634\commitlog\00000000000000000000 Failed. 
java.io.IOException: Map failed
	at sun.nio.ch.FileChannelImpl.map(FileChannelImpl.java:888)
	at org.apache.rocketmq.store.MappedFile.init(MappedFile.java:160)
	at org.apache.rocketmq.store.MappedFile.<init>(MappedFile.java:71)
	at org.apache.rocketmq.store.AllocateMappedFileService.mmapOperation(AllocateMappedFileService.java:182)
	at org.apache.rocketmq.store.AllocateMappedFileService.run(AllocateMappedFileService.java:143)
	at java.lang.Thread.run(Thread.java:745)
Caused by: java.lang.OutOfMemoryError: Map failed
	at sun.nio.ch.FileChannelImpl.map0(Native Method)
	at sun.nio.ch.FileChannelImpl.map(FileChannelImpl.java:885)
	... 5 common frames omitted
[2018-03-14 12:06:44.975]  WARN AllocateMappedFileService service has exception. 
java.io.IOException: Map failed
	at sun.nio.ch.FileChannelImpl.map(FileChannelImpl.java:888)
	at org.apache.rocketmq.store.MappedFile.init(MappedFile.java:160)
	at org.apache.rocketmq.store.MappedFile.<init>(MappedFile.java:71)
	at org.apache.rocketmq.store.AllocateMappedFileService.mmapOperation(AllocateMappedFileService.java:182)
	at org.apache.rocketmq.store.AllocateMappedFileService.run(AllocateMappedFileService.java:143)
	at java.lang.Thread.run(Thread.java:745)
Caused by: java.lang.OutOfMemoryError: Map failed
	at sun.nio.ch.FileChannelImpl.map0(Native Method)
	at sun.nio.ch.FileChannelImpl.map(FileChannelImpl.java:885)
	... 5 common frames omitted
[2018-03-14 12:06:45.186] ERROR map file C:\Users\Administrator\rocketmq-console-test\20180314120634\commitlog\00000000000000000000 Failed. 
java.io.IOException: Map failed
	at sun.nio.ch.FileChannelImpl.map(FileChannelImpl.java:888)
	at org.apache.rocketmq.store.MappedFile.init(MappedFile.java:160)
	at org.apache.rocketmq.store.MappedFile.<init>(MappedFile.java:71)
	at org.apache.rocketmq.store.AllocateMappedFileService.mmapOperation(AllocateMappedFileService.java:182)
	at org.apache.rocketmq.store.AllocateMappedFileService.run(AllocateMappedFileService.java:143)
	at java.lang.Thread.run(Thread.java:745)
Caused by: java.lang.OutOfMemoryError: Map failed
	at sun.nio.ch.FileChannelImpl.map0(Native Method)
	at sun.nio.ch.FileChannelImpl.map(FileChannelImpl.java:885)
	... 5 common frames omitted
[2018-03-14 12:06:45.186]  WARN AllocateMappedFileService service has exception. 
java.io.IOException: Map failed
	at sun.nio.ch.FileChannelImpl.map(FileChannelImpl.java:888)
	at org.apache.rocketmq.store.MappedFile.init(MappedFile.java:160)
	at org.apache.rocketmq.store.MappedFile.<init>(MappedFile.java:71)
	at org.apache.rocketmq.store.AllocateMappedFileService.mmapOperation(AllocateMappedFileService.java:182)
	at org.apache.rocketmq.store.AllocateMappedFileService.run(AllocateMappedFileService.java:143)
	at java.lang.Thread.run(Thread.java:745)
Caused by: java.lang.OutOfMemoryError: Map failed
	at sun.nio.ch.FileChannelImpl.map0(Native Method)
	at sun.nio.ch.FileChannelImpl.map(FileChannelImpl.java:885)
	... 5 common frames omitted
[2018-03-14 12:06:45.394] ERROR map file C:\Users\Administrator\rocketmq-console-test\20180314120634\commitlog\00000000000000000000 Failed. 
java.io.IOException: Map failed
	at sun.nio.ch.FileChannelImpl.map(FileChannelImpl.java:888)
	at org.apache.rocketmq.store.MappedFile.init(MappedFile.java:160)
	at org.apache.rocketmq.store.MappedFile.<init>(MappedFile.java:71)
	at org.apache.rocketmq.store.AllocateMappedFileService.mmapOperation(AllocateMappedFileService.java:182)
	at org.apache.rocketmq.store.AllocateMappedFileService.run(AllocateMappedFileService.java:143)
	at java.lang.Thread.run(Thread.java:745)
Caused by: java.lang.OutOfMemoryError: Map failed
	at sun.nio.ch.FileChannelImpl.map0(Native Method)
	at sun.nio.ch.FileChannelImpl.map(FileChannelImpl.java:885)
	... 5 common frames omitted
[2018-03-14 12:06:45.394]  WARN AllocateMappedFileService service has exception. 
java.io.IOException: Map failed
	at sun.nio.ch.FileChannelImpl.map(FileChannelImpl.java:888)
	at org.apache.rocketmq.store.MappedFile.init(MappedFile.java:160)
	at org.apache.rocketmq.store.MappedFile.<init>(MappedFile.java:71)
	at org.apache.rocketmq.store.AllocateMappedFileService.mmapOperation(AllocateMappedFileService.java:182)
	at org.apache.rocketmq.store.AllocateMappedFileService.run(AllocateMappedFileService.java:143)
	at java.lang.Thread.run(Thread.java:745)
Caused by: java.lang.OutOfMemoryError: Map failed
	at sun.nio.ch.FileChannelImpl.map0(Native Method)
	at sun.nio.ch.FileChannelImpl.map(FileChannelImpl.java:885)
	... 5 common frames omitted
[2018-03-14 12:06:45.611] ERROR map file C:\Users\Administrator\rocketmq-console-test\20180314120634\commitlog\00000000000000000000 Failed. 
java.io.IOException: Map failed
	at sun.nio.ch.FileChannelImpl.map(FileChannelImpl.java:888)
	at org.apache.rocketmq.store.MappedFile.init(MappedFile.java:160)
	at org.apache.rocketmq.store.MappedFile.<init>(MappedFile.java:71)
	at org.apache.rocketmq.store.AllocateMappedFileService.mmapOperation(AllocateMappedFileService.java:182)
	at org.apache.rocketmq.store.AllocateMappedFileService.run(AllocateMappedFileService.java:143)
	at java.lang.Thread.run(Thread.java:745)
Caused by: java.lang.OutOfMemoryError: Map failed
	at sun.nio.ch.FileChannelImpl.map0(Native Method)
	at sun.nio.ch.FileChannelImpl.map(FileChannelImpl.java:885)
	... 5 common frames omitted
[2018-03-14 12:06:45.611]  WARN AllocateMappedFileService service has exception. 
java.io.IOException: Map failed
	at sun.nio.ch.FileChannelImpl.map(FileChannelImpl.java:888)
	at org.apache.rocketmq.store.MappedFile.init(MappedFile.java:160)
	at org.apache.rocketmq.store.MappedFile.<init>(MappedFile.java:71)
	at org.apache.rocketmq.store.AllocateMappedFileService.mmapOperation(AllocateMappedFileService.java:182)
	at org.apache.rocketmq.store.AllocateMappedFileService.run(AllocateMappedFileService.java:143)
	at java.lang.Thread.run(Thread.java:745)
Caused by: java.lang.OutOfMemoryError: Map failed
	at sun.nio.ch.FileChannelImpl.map0(Native Method)
	at sun.nio.ch.FileChannelImpl.map(FileChannelImpl.java:885)
	... 5 common frames omitted
[2018-03-14 12:06:45.824] ERROR map file C:\Users\Administrator\rocketmq-console-test\20180314120634\commitlog\00000000000000000000 Failed. 
java.io.IOException: Map failed
	at sun.nio.ch.FileChannelImpl.map(FileChannelImpl.java:888)
	at org.apache.rocketmq.store.MappedFile.init(MappedFile.java:160)
	at org.apache.rocketmq.store.MappedFile.<init>(MappedFile.java:71)
	at org.apache.rocketmq.store.AllocateMappedFileService.mmapOperation(AllocateMappedFileService.java:182)
	at org.apache.rocketmq.store.AllocateMappedFileService.run(AllocateMappedFileService.java:143)
	at java.lang.Thread.run(Thread.java:745)
Caused by: java.lang.OutOfMemoryError: Map failed
	at sun.nio.ch.FileChannelImpl.map0(Native Method)
	at sun.nio.ch.FileChannelImpl.map(FileChannelImpl.java:885)
	... 5 common frames omitted
[2018-03-14 12:06:45.825]  WARN AllocateMappedFileService service has exception. 
java.io.IOException: Map failed
	at sun.nio.ch.FileChannelImpl.map(FileChannelImpl.java:888)
	at org.apache.rocketmq.store.MappedFile.init(MappedFile.java:160)
	at org.apache.rocketmq.store.MappedFile.<init>(MappedFile.java:71)
	at org.apache.rocketmq.store.AllocateMappedFileService.mmapOperation(AllocateMappedFileService.java:182)
	at org.apache.rocketmq.store.AllocateMappedFileService.run(AllocateMappedFileService.java:143)
	at java.lang.Thread.run(Thread.java:745)
Caused by: java.lang.OutOfMemoryError: Map failed
	at sun.nio.ch.FileChannelImpl.map0(Native Method)
	at sun.nio.ch.FileChannelImpl.map(FileChannelImpl.java:885)
	... 5 common frames omitted
[2018-03-14 12:06:46.040] ERROR map file C:\Users\Administrator\rocketmq-console-test\20180314120634\commitlog\00000000000000000000 Failed. 
java.io.IOException: Map failed
	at sun.nio.ch.FileChannelImpl.map(FileChannelImpl.java:888)
	at org.apache.rocketmq.store.MappedFile.init(MappedFile.java:160)
	at org.apache.rocketmq.store.MappedFile.<init>(MappedFile.java:71)
	at org.apache.rocketmq.store.AllocateMappedFileService.mmapOperation(AllocateMappedFileService.java:182)
	at org.apache.rocketmq.store.AllocateMappedFileService.run(AllocateMappedFileService.java:143)
	at java.lang.Thread.run(Thread.java:745)
Caused by: java.lang.OutOfMemoryError: Map failed
	at sun.nio.ch.FileChannelImpl.map0(Native Method)
	at sun.nio.ch.FileChannelImpl.map(FileChannelImpl.java:885)
	... 5 common frames omitted
[2018-03-14 12:06:46.041]  WARN AllocateMappedFileService service has exception. 
java.io.IOException: Map failed
	at sun.nio.ch.FileChannelImpl.map(FileChannelImpl.java:888)
	at org.apache.rocketmq.store.MappedFile.init(MappedFile.java:160)
	at org.apache.rocketmq.store.MappedFile.<init>(MappedFile.java:71)
	at org.apache.rocketmq.store.AllocateMappedFileService.mmapOperation(AllocateMappedFileService.java:182)
	at org.apache.rocketmq.store.AllocateMappedFileService.run(AllocateMappedFileService.java:143)
	at java.lang.Thread.run(Thread.java:745)
Caused by: java.lang.OutOfMemoryError: Map failed
	at sun.nio.ch.FileChannelImpl.map0(Native Method)
	at sun.nio.ch.FileChannelImpl.map(FileChannelImpl.java:885)
	... 5 common frames omitted
[2018-03-14 12:06:46.250] ERROR map file C:\Users\Administrator\rocketmq-console-test\20180314120634\commitlog\00000000000000000000 Failed. 
java.io.IOException: Map failed
	at sun.nio.ch.FileChannelImpl.map(FileChannelImpl.java:888)
	at org.apache.rocketmq.store.MappedFile.init(MappedFile.java:160)
	at org.apache.rocketmq.store.MappedFile.<init>(MappedFile.java:71)
	at org.apache.rocketmq.store.AllocateMappedFileService.mmapOperation(AllocateMappedFileService.java:182)
	at org.apache.rocketmq.store.AllocateMappedFileService.run(AllocateMappedFileService.java:143)
	at java.lang.Thread.run(Thread.java:745)
Caused by: java.lang.OutOfMemoryError: Map failed
	at sun.nio.ch.FileChannelImpl.map0(Native Method)
	at sun.nio.ch.FileChannelImpl.map(FileChannelImpl.java:885)
	... 5 common frames omitted
[2018-03-14 12:06:46.250]  WARN AllocateMappedFileService service has exception. 
java.io.IOException: Map failed
	at sun.nio.ch.FileChannelImpl.map(FileChannelImpl.java:888)
	at org.apache.rocketmq.store.MappedFile.init(MappedFile.java:160)
	at org.apache.rocketmq.store.MappedFile.<init>(MappedFile.java:71)
	at org.apache.rocketmq.store.AllocateMappedFileService.mmapOperation(AllocateMappedFileService.java:182)
	at org.apache.rocketmq.store.AllocateMappedFileService.run(AllocateMappedFileService.java:143)
	at java.lang.Thread.run(Thread.java:745)
Caused by: java.lang.OutOfMemoryError: Map failed
	at sun.nio.ch.FileChannelImpl.map0(Native Method)
	at sun.nio.ch.FileChannelImpl.map(FileChannelImpl.java:885)
	... 5 common frames omitted
[2018-03-14 12:06:46.463] ERROR map file C:\Users\Administrator\rocketmq-console-test\20180314120634\commitlog\00000000000000000000 Failed. 
java.io.IOException: Map failed
	at sun.nio.ch.FileChannelImpl.map(FileChannelImpl.java:888)
	at org.apache.rocketmq.store.MappedFile.init(MappedFile.java:160)
	at org.apache.rocketmq.store.MappedFile.<init>(MappedFile.java:71)
	at org.apache.rocketmq.store.AllocateMappedFileService.mmapOperation(AllocateMappedFileService.java:182)
	at org.apache.rocketmq.store.AllocateMappedFileService.run(AllocateMappedFileService.java:143)
	at java.lang.Thread.run(Thread.java:745)
Caused by: java.lang.OutOfMemoryError: Map failed
	at sun.nio.ch.FileChannelImpl.map0(Native Method)
	at sun.nio.ch.FileChannelImpl.map(FileChannelImpl.java:885)
	... 5 common frames omitted
[2018-03-14 12:06:46.463]  WARN AllocateMappedFileService service has exception. 
java.io.IOException: Map failed
	at sun.nio.ch.FileChannelImpl.map(FileChannelImpl.java:888)
	at org.apache.rocketmq.store.MappedFile.init(MappedFile.java:160)
	at org.apache.rocketmq.store.MappedFile.<init>(MappedFile.java:71)
	at org.apache.rocketmq.store.AllocateMappedFileService.mmapOperation(AllocateMappedFileService.java:182)
	at org.apache.rocketmq.store.AllocateMappedFileService.run(AllocateMappedFileService.java:143)
	at java.lang.Thread.run(Thread.java:745)
Caused by: java.lang.OutOfMemoryError: Map failed
	at sun.nio.ch.FileChannelImpl.map0(Native Method)
	at sun.nio.ch.FileChannelImpl.map(FileChannelImpl.java:885)
	... 5 common frames omitted
[2018-03-14 12:06:46.677] ERROR map file C:\Users\Administrator\rocketmq-console-test\20180314120634\commitlog\00000000000000000000 Failed. 
java.io.IOException: Map failed
	at sun.nio.ch.FileChannelImpl.map(FileChannelImpl.java:888)
	at org.apache.rocketmq.store.MappedFile.init(MappedFile.java:160)
	at org.apache.rocketmq.store.MappedFile.<init>(MappedFile.java:71)
	at org.apache.rocketmq.store.AllocateMappedFileService.mmapOperation(AllocateMappedFileService.java:182)
	at org.apache.rocketmq.store.AllocateMappedFileService.run(AllocateMappedFileService.java:143)
	at java.lang.Thread.run(Thread.java:745)
Caused by: java.lang.OutOfMemoryError: Map failed
	at sun.nio.ch.FileChannelImpl.map0(Native Method)
	at sun.nio.ch.FileChannelImpl.map(FileChannelImpl.java:885)
	... 5 common frames omitted
[2018-03-14 12:06:46.678]  WARN AllocateMappedFileService service has exception. 
java.io.IOException: Map failed
	at sun.nio.ch.FileChannelImpl.map(FileChannelImpl.java:888)
	at org.apache.rocketmq.store.MappedFile.init(MappedFile.java:160)
	at org.apache.rocketmq.store.MappedFile.<init>(MappedFile.java:71)
	at org.apache.rocketmq.store.AllocateMappedFileService.mmapOperation(AllocateMappedFileService.java:182)
	at org.apache.rocketmq.store.AllocateMappedFileService.run(AllocateMappedFileService.java:143)
	at java.lang.Thread.run(Thread.java:745)
Caused by: java.lang.OutOfMemoryError: Map failed
	at sun.nio.ch.FileChannelImpl.map0(Native Method)
	at sun.nio.ch.FileChannelImpl.map(FileChannelImpl.java:885)
	... 5 common frames omitted
[2018-03-14 12:06:46.892] ERROR map file C:\Users\Administrator\rocketmq-console-test\20180314120634\commitlog\00000000000000000000 Failed. 
java.io.IOException: Map failed
	at sun.nio.ch.FileChannelImpl.map(FileChannelImpl.java:888)
	at org.apache.rocketmq.store.MappedFile.init(MappedFile.java:160)
	at org.apache.rocketmq.store.MappedFile.<init>(MappedFile.java:71)
	at org.apache.rocketmq.store.AllocateMappedFileService.mmapOperation(AllocateMappedFileService.java:182)
	at org.apache.rocketmq.store.AllocateMappedFileService.run(AllocateMappedFileService.java:143)
	at java.lang.Thread.run(Thread.java:745)
Caused by: java.lang.OutOfMemoryError: Map failed
	at sun.nio.ch.FileChannelImpl.map0(Native Method)
	at sun.nio.ch.FileChannelImpl.map(FileChannelImpl.java:885)
	... 5 common frames omitted
[2018-03-14 12:06:46.892]  WARN AllocateMappedFileService service has exception. 
java.io.IOException: Map failed
	at sun.nio.ch.FileChannelImpl.map(FileChannelImpl.java:888)
	at org.apache.rocketmq.store.MappedFile.init(MappedFile.java:160)
	at org.apache.rocketmq.store.MappedFile.<init>(MappedFile.java:71)
	at org.apache.rocketmq.store.AllocateMappedFileService.mmapOperation(AllocateMappedFileService.java:182)
	at org.apache.rocketmq.store.AllocateMappedFileService.run(AllocateMappedFileService.java:143)
	at java.lang.Thread.run(Thread.java:745)
Caused by: java.lang.OutOfMemoryError: Map failed
	at sun.nio.ch.FileChannelImpl.map0(Native Method)
	at sun.nio.ch.FileChannelImpl.map(FileChannelImpl.java:885)
	... 5 common frames omitted
[2018-03-14 12:06:47.104] ERROR map file C:\Users\Administrator\rocketmq-console-test\20180314120634\commitlog\00000000000000000000 Failed. 
java.io.IOException: Map failed
	at sun.nio.ch.FileChannelImpl.map(FileChannelImpl.java:888)
	at org.apache.rocketmq.store.MappedFile.init(MappedFile.java:160)
	at org.apache.rocketmq.store.MappedFile.<init>(MappedFile.java:71)
	at org.apache.rocketmq.store.AllocateMappedFileService.mmapOperation(AllocateMappedFileService.java:182)
	at org.apache.rocketmq.store.AllocateMappedFileService.run(AllocateMappedFileService.java:143)
	at java.lang.Thread.run(Thread.java:745)
Caused by: java.lang.OutOfMemoryError: Map failed
	at sun.nio.ch.FileChannelImpl.map0(Native Method)
	at sun.nio.ch.FileChannelImpl.map(FileChannelImpl.java:885)
	... 5 common frames omitted
[2018-03-14 12:06:47.105]  WARN AllocateMappedFileService service has exception. 
java.io.IOException: Map failed
	at sun.nio.ch.FileChannelImpl.map(FileChannelImpl.java:888)
	at org.apache.rocketmq.store.MappedFile.init(MappedFile.java:160)
	at org.apache.rocketmq.store.MappedFile.<init>(MappedFile.java:71)
	at org.apache.rocketmq.store.AllocateMappedFileService.mmapOperation(AllocateMappedFileService.java:182)
	at org.apache.rocketmq.store.AllocateMappedFileService.run(AllocateMappedFileService.java:143)
	at java.lang.Thread.run(Thread.java:745)
Caused by: java.lang.OutOfMemoryError: Map failed
	at sun.nio.ch.FileChannelImpl.map0(Native Method)
	at sun.nio.ch.FileChannelImpl.map(FileChannelImpl.java:885)
	... 5 common frames omitted
[2018-03-14 12:06:47.316] ERROR map file C:\Users\Administrator\rocketmq-console-test\20180314120634\commitlog\00000000000000000000 Failed. 
java.io.IOException: Map failed
	at sun.nio.ch.FileChannelImpl.map(FileChannelImpl.java:888)
	at org.apache.rocketmq.store.MappedFile.init(MappedFile.java:160)
	at org.apache.rocketmq.store.MappedFile.<init>(MappedFile.java:71)
	at org.apache.rocketmq.store.AllocateMappedFileService.mmapOperation(AllocateMappedFileService.java:182)
	at org.apache.rocketmq.store.AllocateMappedFileService.run(AllocateMappedFileService.java:143)
	at java.lang.Thread.run(Thread.java:745)
Caused by: java.lang.OutOfMemoryError: Map failed
	at sun.nio.ch.FileChannelImpl.map0(Native Method)
	at sun.nio.ch.FileChannelImpl.map(FileChannelImpl.java:885)
	... 5 common frames omitted
[2018-03-14 12:06:47.316]  WARN AllocateMappedFileService service has exception. 
java.io.IOException: Map failed
	at sun.nio.ch.FileChannelImpl.map(FileChannelImpl.java:888)
	at org.apache.rocketmq.store.MappedFile.init(MappedFile.java:160)
	at org.apache.rocketmq.store.MappedFile.<init>(MappedFile.java:71)
	at org.apache.rocketmq.store.AllocateMappedFileService.mmapOperation(AllocateMappedFileService.java:182)
	at org.apache.rocketmq.store.AllocateMappedFileService.run(AllocateMappedFileService.java:143)
	at java.lang.Thread.run(Thread.java:745)
Caused by: java.lang.OutOfMemoryError: Map failed
	at sun.nio.ch.FileChannelImpl.map0(Native Method)
	at sun.nio.ch.FileChannelImpl.map(FileChannelImpl.java:885)
	... 5 common frames omitted
[2018-03-14 12:06:47.533] ERROR map file C:\Users\Administrator\rocketmq-console-test\20180314120634\commitlog\00000000000000000000 Failed. 
java.io.IOException: Map failed
	at sun.nio.ch.FileChannelImpl.map(FileChannelImpl.java:888)
	at org.apache.rocketmq.store.MappedFile.init(MappedFile.java:160)
	at org.apache.rocketmq.store.MappedFile.<init>(MappedFile.java:71)
	at org.apache.rocketmq.store.AllocateMappedFileService.mmapOperation(AllocateMappedFileService.java:182)
	at org.apache.rocketmq.store.AllocateMappedFileService.run(AllocateMappedFileService.java:143)
	at java.lang.Thread.run(Thread.java:745)
Caused by: java.lang.OutOfMemoryError: Map failed
	at sun.nio.ch.FileChannelImpl.map0(Native Method)
	at sun.nio.ch.FileChannelImpl.map(FileChannelImpl.java:885)
	... 5 common frames omitted
[2018-03-14 12:06:47.534]  WARN AllocateMappedFileService service has exception. 
java.io.IOException: Map failed
	at sun.nio.ch.FileChannelImpl.map(FileChannelImpl.java:888)
	at org.apache.rocketmq.store.MappedFile.init(MappedFile.java:160)
	at org.apache.rocketmq.store.MappedFile.<init>(MappedFile.java:71)
	at org.apache.rocketmq.store.AllocateMappedFileService.mmapOperation(AllocateMappedFileService.java:182)
	at org.apache.rocketmq.store.AllocateMappedFileService.run(AllocateMappedFileService.java:143)
	at java.lang.Thread.run(Thread.java:745)
Caused by: java.lang.OutOfMemoryError: Map failed
	at sun.nio.ch.FileChannelImpl.map0(Native Method)
	at sun.nio.ch.FileChannelImpl.map(FileChannelImpl.java:885)
	... 5 common frames omitted
[2018-03-14 12:06:47.744] ERROR map file C:\Users\Administrator\rocketmq-console-test\20180314120634\commitlog\00000000000000000000 Failed. 
java.io.IOException: Map failed
	at sun.nio.ch.FileChannelImpl.map(FileChannelImpl.java:888)
	at org.apache.rocketmq.store.MappedFile.init(MappedFile.java:160)
	at org.apache.rocketmq.store.MappedFile.<init>(MappedFile.java:71)
	at org.apache.rocketmq.store.AllocateMappedFileService.mmapOperation(AllocateMappedFileService.java:182)
	at org.apache.rocketmq.store.AllocateMappedFileService.run(AllocateMappedFileService.java:143)
	at java.lang.Thread.run(Thread.java:745)
Caused by: java.lang.OutOfMemoryError: Map failed
	at sun.nio.ch.FileChannelImpl.map0(Native Method)
	at sun.nio.ch.FileChannelImpl.map(FileChannelImpl.java:885)
	... 5 common frames omitted
[2018-03-14 12:06:47.744]  WARN AllocateMappedFileService service has exception. 
java.io.IOException: Map failed
	at sun.nio.ch.FileChannelImpl.map(FileChannelImpl.java:888)
	at org.apache.rocketmq.store.MappedFile.init(MappedFile.java:160)
	at org.apache.rocketmq.store.MappedFile.<init>(MappedFile.java:71)
	at org.apache.rocketmq.store.AllocateMappedFileService.mmapOperation(AllocateMappedFileService.java:182)
	at org.apache.rocketmq.store.AllocateMappedFileService.run(AllocateMappedFileService.java:143)
	at java.lang.Thread.run(Thread.java:745)
Caused by: java.lang.OutOfMemoryError: Map failed
	at sun.nio.ch.FileChannelImpl.map0(Native Method)
	at sun.nio.ch.FileChannelImpl.map(FileChannelImpl.java:885)
	... 5 common frames omitted
[2018-03-14 12:06:47.955] ERROR map file C:\Users\Administrator\rocketmq-console-test\20180314120634\commitlog\00000000000000000000 Failed. 
java.io.IOException: Map failed
	at sun.nio.ch.FileChannelImpl.map(FileChannelImpl.java:888)
	at org.apache.rocketmq.store.MappedFile.init(MappedFile.java:160)
	at org.apache.rocketmq.store.MappedFile.<init>(MappedFile.java:71)
	at org.apache.rocketmq.store.AllocateMappedFileService.mmapOperation(AllocateMappedFileService.java:182)
	at org.apache.rocketmq.store.AllocateMappedFileService.run(AllocateMappedFileService.java:143)
	at java.lang.Thread.run(Thread.java:745)
Caused by: java.lang.OutOfMemoryError: Map failed
	at sun.nio.ch.FileChannelImpl.map0(Native Method)
	at sun.nio.ch.FileChannelImpl.map(FileChannelImpl.java:885)
	... 5 common frames omitted
[2018-03-14 12:06:47.956]  WARN AllocateMappedFileService service has exception. 
java.io.IOException: Map failed
	at sun.nio.ch.FileChannelImpl.map(FileChannelImpl.java:888)
	at org.apache.rocketmq.store.MappedFile.init(MappedFile.java:160)
	at org.apache.rocketmq.store.MappedFile.<init>(MappedFile.java:71)
	at org.apache.rocketmq.store.AllocateMappedFileService.mmapOperation(AllocateMappedFileService.java:182)
	at org.apache.rocketmq.store.AllocateMappedFileService.run(AllocateMappedFileService.java:143)
	at java.lang.Thread.run(Thread.java:745)
Caused by: java.lang.OutOfMemoryError: Map failed
	at sun.nio.ch.FileChannelImpl.map0(Native Method)
	at sun.nio.ch.FileChannelImpl.map(FileChannelImpl.java:885)
	... 5 common frames omitted
[2018-03-14 12:06:48.178] ERROR map file C:\Users\Administrator\rocketmq-console-test\20180314120634\commitlog\00000000000000000000 Failed. 
java.io.IOException: Map failed
	at sun.nio.ch.FileChannelImpl.map(FileChannelImpl.java:888)
	at org.apache.rocketmq.store.MappedFile.init(MappedFile.java:160)
	at org.apache.rocketmq.store.MappedFile.<init>(MappedFile.java:71)
	at org.apache.rocketmq.store.AllocateMappedFileService.mmapOperation(AllocateMappedFileService.java:182)
	at org.apache.rocketmq.store.AllocateMappedFileService.run(AllocateMappedFileService.java:143)
	at java.lang.Thread.run(Thread.java:745)
Caused by: java.lang.OutOfMemoryError: Map failed
	at sun.nio.ch.FileChannelImpl.map0(Native Method)
	at sun.nio.ch.FileChannelImpl.map(FileChannelImpl.java:885)
	... 5 common frames omitted
[2018-03-14 12:06:48.178]  WARN AllocateMappedFileService service has exception. 
java.io.IOException: Map failed
	at sun.nio.ch.FileChannelImpl.map(FileChannelImpl.java:888)
	at org.apache.rocketmq.store.MappedFile.init(MappedFile.java:160)
	at org.apache.rocketmq.store.MappedFile.<init>(MappedFile.java:71)
	at org.apache.rocketmq.store.AllocateMappedFileService.mmapOperation(AllocateMappedFileService.java:182)
	at org.apache.rocketmq.store.AllocateMappedFileService.run(AllocateMappedFileService.java:143)
	at java.lang.Thread.run(Thread.java:745)
Caused by: java.lang.OutOfMemoryError: Map failed
	at sun.nio.ch.FileChannelImpl.map0(Native Method)
	at sun.nio.ch.FileChannelImpl.map(FileChannelImpl.java:885)
	... 5 common frames omitted
[2018-03-14 12:06:48.394] ERROR map file C:\Users\Administrator\rocketmq-console-test\20180314120634\commitlog\00000000000000000000 Failed. 
java.io.IOException: Map failed
	at sun.nio.ch.FileChannelImpl.map(FileChannelImpl.java:888)
	at org.apache.rocketmq.store.MappedFile.init(MappedFile.java:160)
	at org.apache.rocketmq.store.MappedFile.<init>(MappedFile.java:71)
	at org.apache.rocketmq.store.AllocateMappedFileService.mmapOperation(AllocateMappedFileService.java:182)
	at org.apache.rocketmq.store.AllocateMappedFileService.run(AllocateMappedFileService.java:143)
	at java.lang.Thread.run(Thread.java:745)
Caused by: java.lang.OutOfMemoryError: Map failed
	at sun.nio.ch.FileChannelImpl.map0(Native Method)
	at sun.nio.ch.FileChannelImpl.map(FileChannelImpl.java:885)
	... 5 common frames omitted
[2018-03-14 12:06:48.395]  WARN AllocateMappedFileService service has exception. 
java.io.IOException: Map failed
	at sun.nio.ch.FileChannelImpl.map(FileChannelImpl.java:888)
	at org.apache.rocketmq.store.MappedFile.init(MappedFile.java:160)
	at org.apache.rocketmq.store.MappedFile.<init>(MappedFile.java:71)
	at org.apache.rocketmq.store.AllocateMappedFileService.mmapOperation(AllocateMappedFileService.java:182)
	at org.apache.rocketmq.store.AllocateMappedFileService.run(AllocateMappedFileService.java:143)
	at java.lang.Thread.run(Thread.java:745)
Caused by: java.lang.OutOfMemoryError: Map failed
	at sun.nio.ch.FileChannelImpl.map0(Native Method)
	at sun.nio.ch.FileChannelImpl.map(FileChannelImpl.java:885)
	... 5 common frames omitted
[2018-03-14 12:06:48.604] ERROR map file C:\Users\Administrator\rocketmq-console-test\20180314120634\commitlog\00000000000000000000 Failed. 
java.io.IOException: Map failed
	at sun.nio.ch.FileChannelImpl.map(FileChannelImpl.java:888)
	at org.apache.rocketmq.store.MappedFile.init(MappedFile.java:160)
	at org.apache.rocketmq.store.MappedFile.<init>(MappedFile.java:71)
	at org.apache.rocketmq.store.AllocateMappedFileService.mmapOperation(AllocateMappedFileService.java:182)
	at org.apache.rocketmq.store.AllocateMappedFileService.run(AllocateMappedFileService.java:143)
	at java.lang.Thread.run(Thread.java:745)
Caused by: java.lang.OutOfMemoryError: Map failed
	at sun.nio.ch.FileChannelImpl.map0(Native Method)
	at sun.nio.ch.FileChannelImpl.map(FileChannelImpl.java:885)
	... 5 common frames omitted
[2018-03-14 12:06:48.604]  WARN AllocateMappedFileService service has exception. 
java.io.IOException: Map failed
	at sun.nio.ch.FileChannelImpl.map(FileChannelImpl.java:888)
	at org.apache.rocketmq.store.MappedFile.init(MappedFile.java:160)
	at org.apache.rocketmq.store.MappedFile.<init>(MappedFile.java:71)
	at org.apache.rocketmq.store.AllocateMappedFileService.mmapOperation(AllocateMappedFileService.java:182)
	at org.apache.rocketmq.store.AllocateMappedFileService.run(AllocateMappedFileService.java:143)
	at java.lang.Thread.run(Thread.java:745)
Caused by: java.lang.OutOfMemoryError: Map failed
	at sun.nio.ch.FileChannelImpl.map0(Native Method)
	at sun.nio.ch.FileChannelImpl.map(FileChannelImpl.java:885)
	... 5 common frames omitted
[2018-03-14 12:06:48.822] ERROR map file C:\Users\Administrator\rocketmq-console-test\20180314120634\commitlog\00000000000000000000 Failed. 
java.io.IOException: Map failed
	at sun.nio.ch.FileChannelImpl.map(FileChannelImpl.java:888)
	at org.apache.rocketmq.store.MappedFile.init(MappedFile.java:160)
	at org.apache.rocketmq.store.MappedFile.<init>(MappedFile.java:71)
	at org.apache.rocketmq.store.AllocateMappedFileService.mmapOperation(AllocateMappedFileService.java:182)
	at org.apache.rocketmq.store.AllocateMappedFileService.run(AllocateMappedFileService.java:143)
	at java.lang.Thread.run(Thread.java:745)
Caused by: java.lang.OutOfMemoryError: Map failed
	at sun.nio.ch.FileChannelImpl.map0(Native Method)
	at sun.nio.ch.FileChannelImpl.map(FileChannelImpl.java:885)
	... 5 common frames omitted
[2018-03-14 12:06:48.823]  WARN AllocateMappedFileService service has exception. 
java.io.IOException: Map failed
	at sun.nio.ch.FileChannelImpl.map(FileChannelImpl.java:888)
	at org.apache.rocketmq.store.MappedFile.init(MappedFile.java:160)
	at org.apache.rocketmq.store.MappedFile.<init>(MappedFile.java:71)
	at org.apache.rocketmq.store.AllocateMappedFileService.mmapOperation(AllocateMappedFileService.java:182)
	at org.apache.rocketmq.store.AllocateMappedFileService.run(AllocateMappedFileService.java:143)
	at java.lang.Thread.run(Thread.java:745)
Caused by: java.lang.OutOfMemoryError: Map failed
	at sun.nio.ch.FileChannelImpl.map0(Native Method)
	at sun.nio.ch.FileChannelImpl.map(FileChannelImpl.java:885)
	... 5 common frames omitted
[2018-03-14 12:06:49.049] ERROR map file C:\Users\Administrator\rocketmq-console-test\20180314120634\commitlog\00000000000000000000 Failed. 
java.io.IOException: Map failed
	at sun.nio.ch.FileChannelImpl.map(FileChannelImpl.java:888)
	at org.apache.rocketmq.store.MappedFile.init(MappedFile.java:160)
	at org.apache.rocketmq.store.MappedFile.<init>(MappedFile.java:71)
	at org.apache.rocketmq.store.AllocateMappedFileService.mmapOperation(AllocateMappedFileService.java:182)
	at org.apache.rocketmq.store.AllocateMappedFileService.run(AllocateMappedFileService.java:143)
	at java.lang.Thread.run(Thread.java:745)
Caused by: java.lang.OutOfMemoryError: Map failed
	at sun.nio.ch.FileChannelImpl.map0(Native Method)
	at sun.nio.ch.FileChannelImpl.map(FileChannelImpl.java:885)
	... 5 common frames omitted
[2018-03-14 12:06:49.050]  WARN AllocateMappedFileService service has exception. 
java.io.IOException: Map failed
	at sun.nio.ch.FileChannelImpl.map(FileChannelImpl.java:888)
	at org.apache.rocketmq.store.MappedFile.init(MappedFile.java:160)
	at org.apache.rocketmq.store.MappedFile.<init>(MappedFile.java:71)
	at org.apache.rocketmq.store.AllocateMappedFileService.mmapOperation(AllocateMappedFileService.java:182)
	at org.apache.rocketmq.store.AllocateMappedFileService.run(AllocateMappedFileService.java:143)
	at java.lang.Thread.run(Thread.java:745)
Caused by: java.lang.OutOfMemoryError: Map failed
	at sun.nio.ch.FileChannelImpl.map0(Native Method)
	at sun.nio.ch.FileChannelImpl.map(FileChannelImpl.java:885)
	... 5 common frames omitted
[2018-03-14 12:06:49.268] ERROR map file C:\Users\Administrator\rocketmq-console-test\20180314120634\commitlog\00000000000000000000 Failed. 
java.io.IOException: Map failed
	at sun.nio.ch.FileChannelImpl.map(FileChannelImpl.java:888)
	at org.apache.rocketmq.store.MappedFile.init(MappedFile.java:160)
	at org.apache.rocketmq.store.MappedFile.<init>(MappedFile.java:71)
	at org.apache.rocketmq.store.AllocateMappedFileService.mmapOperation(AllocateMappedFileService.java:182)
	at org.apache.rocketmq.store.AllocateMappedFileService.run(AllocateMappedFileService.java:143)
	at java.lang.Thread.run(Thread.java:745)
Caused by: java.lang.OutOfMemoryError: Map failed
	at sun.nio.ch.FileChannelImpl.map0(Native Method)
	at sun.nio.ch.FileChannelImpl.map(FileChannelImpl.java:885)
	... 5 common frames omitted
[2018-03-14 12:06:49.268]  WARN AllocateMappedFileService service has exception. 
java.io.IOException: Map failed
	at sun.nio.ch.FileChannelImpl.map(FileChannelImpl.java:888)
	at org.apache.rocketmq.store.MappedFile.init(MappedFile.java:160)
	at org.apache.rocketmq.store.MappedFile.<init>(MappedFile.java:71)
	at org.apache.rocketmq.store.AllocateMappedFileService.mmapOperation(AllocateMappedFileService.java:182)
	at org.apache.rocketmq.store.AllocateMappedFileService.run(AllocateMappedFileService.java:143)
	at java.lang.Thread.run(Thread.java:745)
Caused by: java.lang.OutOfMemoryError: Map failed
	at sun.nio.ch.FileChannelImpl.map0(Native Method)
	at sun.nio.ch.FileChannelImpl.map(FileChannelImpl.java:885)
	... 5 common frames omitted
[2018-03-14 12:06:49.478] ERROR map file C:\Users\Administrator\rocketmq-console-test\20180314120634\commitlog\00000000000000000000 Failed. 
java.io.IOException: Map failed
	at sun.nio.ch.FileChannelImpl.map(FileChannelImpl.java:888)
	at org.apache.rocketmq.store.MappedFile.init(MappedFile.java:160)
	at org.apache.rocketmq.store.MappedFile.<init>(MappedFile.java:71)
	at org.apache.rocketmq.store.AllocateMappedFileService.mmapOperation(AllocateMappedFileService.java:182)
	at org.apache.rocketmq.store.AllocateMappedFileService.run(AllocateMappedFileService.java:143)
	at java.lang.Thread.run(Thread.java:745)
Caused by: java.lang.OutOfMemoryError: Map failed
	at sun.nio.ch.FileChannelImpl.map0(Native Method)
	at sun.nio.ch.FileChannelImpl.map(FileChannelImpl.java:885)
	... 5 common frames omitted
[2018-03-14 12:06:49.478]  WARN AllocateMappedFileService service has exception. 
java.io.IOException: Map failed
	at sun.nio.ch.FileChannelImpl.map(FileChannelImpl.java:888)
	at org.apache.rocketmq.store.MappedFile.init(MappedFile.java:160)
	at org.apache.rocketmq.store.MappedFile.<init>(MappedFile.java:71)
	at org.apache.rocketmq.store.AllocateMappedFileService.mmapOperation(AllocateMappedFileService.java:182)
	at org.apache.rocketmq.store.AllocateMappedFileService.run(AllocateMappedFileService.java:143)
	at java.lang.Thread.run(Thread.java:745)
Caused by: java.lang.OutOfMemoryError: Map failed
	at sun.nio.ch.FileChannelImpl.map0(Native Method)
	at sun.nio.ch.FileChannelImpl.map(FileChannelImpl.java:885)
	... 5 common frames omitted
[2018-03-14 12:06:49.692] ERROR map file C:\Users\Administrator\rocketmq-console-test\20180314120634\commitlog\00000000000000000000 Failed. 
java.io.IOException: Map failed
	at sun.nio.ch.FileChannelImpl.map(FileChannelImpl.java:888)
	at org.apache.rocketmq.store.MappedFile.init(MappedFile.java:160)
	at org.apache.rocketmq.store.MappedFile.<init>(MappedFile.java:71)
	at org.apache.rocketmq.store.AllocateMappedFileService.mmapOperation(AllocateMappedFileService.java:182)
	at org.apache.rocketmq.store.AllocateMappedFileService.run(AllocateMappedFileService.java:143)
	at java.lang.Thread.run(Thread.java:745)
Caused by: java.lang.OutOfMemoryError: Map failed
	at sun.nio.ch.FileChannelImpl.map0(Native Method)
	at sun.nio.ch.FileChannelImpl.map(FileChannelImpl.java:885)
	... 5 common frames omitted
[2018-03-14 12:06:49.692]  WARN AllocateMappedFileService service has exception. 
java.io.IOException: Map failed
	at sun.nio.ch.FileChannelImpl.map(FileChannelImpl.java:888)
	at org.apache.rocketmq.store.MappedFile.init(MappedFile.java:160)
	at org.apache.rocketmq.store.MappedFile.<init>(MappedFile.java:71)
	at org.apache.rocketmq.store.AllocateMappedFileService.mmapOperation(AllocateMappedFileService.java:182)
	at org.apache.rocketmq.store.AllocateMappedFileService.run(AllocateMappedFileService.java:143)
	at java.lang.Thread.run(Thread.java:745)
Caused by: java.lang.OutOfMemoryError: Map failed
	at sun.nio.ch.FileChannelImpl.map0(Native Method)
	at sun.nio.ch.FileChannelImpl.map(FileChannelImpl.java:885)
	... 5 common frames omitted
[2018-03-14 12:06:49.908] ERROR map file C:\Users\Administrator\rocketmq-console-test\20180314120634\commitlog\00000000000000000000 Failed. 
java.io.IOException: Map failed
	at sun.nio.ch.FileChannelImpl.map(FileChannelImpl.java:888)
	at org.apache.rocketmq.store.MappedFile.init(MappedFile.java:160)
	at org.apache.rocketmq.store.MappedFile.<init>(MappedFile.java:71)
	at org.apache.rocketmq.store.AllocateMappedFileService.mmapOperation(AllocateMappedFileService.java:182)
	at org.apache.rocketmq.store.AllocateMappedFileService.run(AllocateMappedFileService.java:143)
	at java.lang.Thread.run(Thread.java:745)
Caused by: java.lang.OutOfMemoryError: Map failed
	at sun.nio.ch.FileChannelImpl.map0(Native Method)
	at sun.nio.ch.FileChannelImpl.map(FileChannelImpl.java:885)
	... 5 common frames omitted
[2018-03-14 12:06:49.908]  WARN AllocateMappedFileService service has exception. 
java.io.IOException: Map failed
	at sun.nio.ch.FileChannelImpl.map(FileChannelImpl.java:888)
	at org.apache.rocketmq.store.MappedFile.init(MappedFile.java:160)
	at org.apache.rocketmq.store.MappedFile.<init>(MappedFile.java:71)
	at org.apache.rocketmq.store.AllocateMappedFileService.mmapOperation(AllocateMappedFileService.java:182)
	at org.apache.rocketmq.store.AllocateMappedFileService.run(AllocateMappedFileService.java:143)
	at java.lang.Thread.run(Thread.java:745)
Caused by: java.lang.OutOfMemoryError: Map failed
	at sun.nio.ch.FileChannelImpl.map0(Native Method)
	at sun.nio.ch.FileChannelImpl.map(FileChannelImpl.java:885)
	... 5 common frames omitted
[2018-03-14 12:06:50.122] ERROR map file C:\Users\Administrator\rocketmq-console-test\20180314120634\commitlog\00000000000000000000 Failed. 
java.io.IOException: Map failed
	at sun.nio.ch.FileChannelImpl.map(FileChannelImpl.java:888)
	at org.apache.rocketmq.store.MappedFile.init(MappedFile.java:160)
	at org.apache.rocketmq.store.MappedFile.<init>(MappedFile.java:71)
	at org.apache.rocketmq.store.AllocateMappedFileService.mmapOperation(AllocateMappedFileService.java:182)
	at org.apache.rocketmq.store.AllocateMappedFileService.run(AllocateMappedFileService.java:143)
	at java.lang.Thread.run(Thread.java:745)
Caused by: java.lang.OutOfMemoryError: Map failed
	at sun.nio.ch.FileChannelImpl.map0(Native Method)
	at sun.nio.ch.FileChannelImpl.map(FileChannelImpl.java:885)
	... 5 common frames omitted
[2018-03-14 12:06:50.122]  WARN AllocateMappedFileService service has exception. 
java.io.IOException: Map failed
	at sun.nio.ch.FileChannelImpl.map(FileChannelImpl.java:888)
	at org.apache.rocketmq.store.MappedFile.init(MappedFile.java:160)
	at org.apache.rocketmq.store.MappedFile.<init>(MappedFile.java:71)
	at org.apache.rocketmq.store.AllocateMappedFileService.mmapOperation(AllocateMappedFileService.java:182)
	at org.apache.rocketmq.store.AllocateMappedFileService.run(AllocateMappedFileService.java:143)
	at java.lang.Thread.run(Thread.java:745)
Caused by: java.lang.OutOfMemoryError: Map failed
	at sun.nio.ch.FileChannelImpl.map0(Native Method)
	at sun.nio.ch.FileChannelImpl.map(FileChannelImpl.java:885)
	... 5 common frames omitted
[2018-03-14 12:06:50.333] ERROR map file C:\Users\Administrator\rocketmq-console-test\20180314120634\commitlog\00000000000000000000 Failed. 
java.io.IOException: Map failed
	at sun.nio.ch.FileChannelImpl.map(FileChannelImpl.java:888)
	at org.apache.rocketmq.store.MappedFile.init(MappedFile.java:160)
	at org.apache.rocketmq.store.MappedFile.<init>(MappedFile.java:71)
	at org.apache.rocketmq.store.AllocateMappedFileService.mmapOperation(AllocateMappedFileService.java:182)
	at org.apache.rocketmq.store.AllocateMappedFileService.run(AllocateMappedFileService.java:143)
	at java.lang.Thread.run(Thread.java:745)
Caused by: java.lang.OutOfMemoryError: Map failed
	at sun.nio.ch.FileChannelImpl.map0(Native Method)
	at sun.nio.ch.FileChannelImpl.map(FileChannelImpl.java:885)
	... 5 common frames omitted
[2018-03-14 12:06:50.333]  WARN AllocateMappedFileService service has exception. 
java.io.IOException: Map failed
	at sun.nio.ch.FileChannelImpl.map(FileChannelImpl.java:888)
	at org.apache.rocketmq.store.MappedFile.init(MappedFile.java:160)
	at org.apache.rocketmq.store.MappedFile.<init>(MappedFile.java:71)
	at org.apache.rocketmq.store.AllocateMappedFileService.mmapOperation(AllocateMappedFileService.java:182)
	at org.apache.rocketmq.store.AllocateMappedFileService.run(AllocateMappedFileService.java:143)
	at java.lang.Thread.run(Thread.java:745)
Caused by: java.lang.OutOfMemoryError: Map failed
	at sun.nio.ch.FileChannelImpl.map0(Native Method)
	at sun.nio.ch.FileChannelImpl.map(FileChannelImpl.java:885)
	... 5 common frames omitted
[2018-03-14 12:06:50.548] ERROR map file C:\Users\Administrator\rocketmq-console-test\20180314120634\commitlog\00000000000000000000 Failed. 
java.io.IOException: Map failed
	at sun.nio.ch.FileChannelImpl.map(FileChannelImpl.java:888)
	at org.apache.rocketmq.store.MappedFile.init(MappedFile.java:160)
	at org.apache.rocketmq.store.MappedFile.<init>(MappedFile.java:71)
	at org.apache.rocketmq.store.AllocateMappedFileService.mmapOperation(AllocateMappedFileService.java:182)
	at org.apache.rocketmq.store.AllocateMappedFileService.run(AllocateMappedFileService.java:143)
	at java.lang.Thread.run(Thread.java:745)
Caused by: java.lang.OutOfMemoryError: Map failed
	at sun.nio.ch.FileChannelImpl.map0(Native Method)
	at sun.nio.ch.FileChannelImpl.map(FileChannelImpl.java:885)
	... 5 common frames omitted
[2018-03-14 12:06:50.548]  WARN AllocateMappedFileService service has exception. 
java.io.IOException: Map failed
	at sun.nio.ch.FileChannelImpl.map(FileChannelImpl.java:888)
	at org.apache.rocketmq.store.MappedFile.init(MappedFile.java:160)
	at org.apache.rocketmq.store.MappedFile.<init>(MappedFile.java:71)
	at org.apache.rocketmq.store.AllocateMappedFileService.mmapOperation(AllocateMappedFileService.java:182)
	at org.apache.rocketmq.store.AllocateMappedFileService.run(AllocateMappedFileService.java:143)
	at java.lang.Thread.run(Thread.java:745)
Caused by: java.lang.OutOfMemoryError: Map failed
	at sun.nio.ch.FileChannelImpl.map0(Native Method)
	at sun.nio.ch.FileChannelImpl.map(FileChannelImpl.java:885)
	... 5 common frames omitted
[2018-03-14 12:06:50.760] ERROR map file C:\Users\Administrator\rocketmq-console-test\20180314120634\commitlog\00000000000000000000 Failed. 
java.io.IOException: Map failed
	at sun.nio.ch.FileChannelImpl.map(FileChannelImpl.java:888)
	at org.apache.rocketmq.store.MappedFile.init(MappedFile.java:160)
	at org.apache.rocketmq.store.MappedFile.<init>(MappedFile.java:71)
	at org.apache.rocketmq.store.AllocateMappedFileService.mmapOperation(AllocateMappedFileService.java:182)
	at org.apache.rocketmq.store.AllocateMappedFileService.run(AllocateMappedFileService.java:143)
	at java.lang.Thread.run(Thread.java:745)
Caused by: java.lang.OutOfMemoryError: Map failed
	at sun.nio.ch.FileChannelImpl.map0(Native Method)
	at sun.nio.ch.FileChannelImpl.map(FileChannelImpl.java:885)
	... 5 common frames omitted
[2018-03-14 12:06:50.760]  WARN AllocateMappedFileService service has exception. 
java.io.IOException: Map failed
	at sun.nio.ch.FileChannelImpl.map(FileChannelImpl.java:888)
	at org.apache.rocketmq.store.MappedFile.init(MappedFile.java:160)
	at org.apache.rocketmq.store.MappedFile.<init>(MappedFile.java:71)
	at org.apache.rocketmq.store.AllocateMappedFileService.mmapOperation(AllocateMappedFileService.java:182)
	at org.apache.rocketmq.store.AllocateMappedFileService.run(AllocateMappedFileService.java:143)
	at java.lang.Thread.run(Thread.java:745)
Caused by: java.lang.OutOfMemoryError: Map failed
	at sun.nio.ch.FileChannelImpl.map0(Native Method)
	at sun.nio.ch.FileChannelImpl.map(FileChannelImpl.java:885)
	... 5 common frames omitted
[2018-03-14 12:06:50.976] ERROR map file C:\Users\Administrator\rocketmq-console-test\20180314120634\commitlog\00000000000000000000 Failed. 
java.io.IOException: Map failed
	at sun.nio.ch.FileChannelImpl.map(FileChannelImpl.java:888)
	at org.apache.rocketmq.store.MappedFile.init(MappedFile.java:160)
	at org.apache.rocketmq.store.MappedFile.<init>(MappedFile.java:71)
	at org.apache.rocketmq.store.AllocateMappedFileService.mmapOperation(AllocateMappedFileService.java:182)
	at org.apache.rocketmq.store.AllocateMappedFileService.run(AllocateMappedFileService.java:143)
	at java.lang.Thread.run(Thread.java:745)
Caused by: java.lang.OutOfMemoryError: Map failed
	at sun.nio.ch.FileChannelImpl.map0(Native Method)
	at sun.nio.ch.FileChannelImpl.map(FileChannelImpl.java:885)
	... 5 common frames omitted
[2018-03-14 12:06:50.976]  WARN AllocateMappedFileService service has exception. 
java.io.IOException: Map failed
	at sun.nio.ch.FileChannelImpl.map(FileChannelImpl.java:888)
	at org.apache.rocketmq.store.MappedFile.init(MappedFile.java:160)
	at org.apache.rocketmq.store.MappedFile.<init>(MappedFile.java:71)
	at org.apache.rocketmq.store.AllocateMappedFileService.mmapOperation(AllocateMappedFileService.java:182)
	at org.apache.rocketmq.store.AllocateMappedFileService.run(AllocateMappedFileService.java:143)
	at java.lang.Thread.run(Thread.java:745)
Caused by: java.lang.OutOfMemoryError: Map failed
	at sun.nio.ch.FileChannelImpl.map0(Native Method)
	at sun.nio.ch.FileChannelImpl.map(FileChannelImpl.java:885)
	... 5 common frames omitted
[2018-03-14 12:06:51.187] ERROR map file C:\Users\Administrator\rocketmq-console-test\20180314120634\commitlog\00000000000000000000 Failed. 
java.io.IOException: Map failed
	at sun.nio.ch.FileChannelImpl.map(FileChannelImpl.java:888)
	at org.apache.rocketmq.store.MappedFile.init(MappedFile.java:160)
	at org.apache.rocketmq.store.MappedFile.<init>(MappedFile.java:71)
	at org.apache.rocketmq.store.AllocateMappedFileService.mmapOperation(AllocateMappedFileService.java:182)
	at org.apache.rocketmq.store.AllocateMappedFileService.run(AllocateMappedFileService.java:143)
	at java.lang.Thread.run(Thread.java:745)
Caused by: java.lang.OutOfMemoryError: Map failed
	at sun.nio.ch.FileChannelImpl.map0(Native Method)
	at sun.nio.ch.FileChannelImpl.map(FileChannelImpl.java:885)
	... 5 common frames omitted
[2018-03-14 12:06:51.188]  WARN AllocateMappedFileService service has exception. 
java.io.IOException: Map failed
	at sun.nio.ch.FileChannelImpl.map(FileChannelImpl.java:888)
	at org.apache.rocketmq.store.MappedFile.init(MappedFile.java:160)
	at org.apache.rocketmq.store.MappedFile.<init>(MappedFile.java:71)
	at org.apache.rocketmq.store.AllocateMappedFileService.mmapOperation(AllocateMappedFileService.java:182)
	at org.apache.rocketmq.store.AllocateMappedFileService.run(AllocateMappedFileService.java:143)
	at java.lang.Thread.run(Thread.java:745)
Caused by: java.lang.OutOfMemoryError: Map failed
	at sun.nio.ch.FileChannelImpl.map0(Native Method)
	at sun.nio.ch.FileChannelImpl.map(FileChannelImpl.java:885)
	... 5 common frames omitted
[2018-03-14 12:06:51.401] ERROR map file C:\Users\Administrator\rocketmq-console-test\20180314120634\commitlog\00000000000000000000 Failed. 
java.io.IOException: Map failed
	at sun.nio.ch.FileChannelImpl.map(FileChannelImpl.java:888)
	at org.apache.rocketmq.store.MappedFile.init(MappedFile.java:160)
	at org.apache.rocketmq.store.MappedFile.<init>(MappedFile.java:71)
	at org.apache.rocketmq.store.AllocateMappedFileService.mmapOperation(AllocateMappedFileService.java:182)
	at org.apache.rocketmq.store.AllocateMappedFileService.run(AllocateMappedFileService.java:143)
	at java.lang.Thread.run(Thread.java:745)
Caused by: java.lang.OutOfMemoryError: Map failed
	at sun.nio.ch.FileChannelImpl.map0(Native Method)
	at sun.nio.ch.FileChannelImpl.map(FileChannelImpl.java:885)
	... 5 common frames omitted
[2018-03-14 12:06:51.401]  WARN AllocateMappedFileService service has exception. 
java.io.IOException: Map failed
	at sun.nio.ch.FileChannelImpl.map(FileChannelImpl.java:888)
	at org.apache.rocketmq.store.MappedFile.init(MappedFile.java:160)
	at org.apache.rocketmq.store.MappedFile.<init>(MappedFile.java:71)
	at org.apache.rocketmq.store.AllocateMappedFileService.mmapOperation(AllocateMappedFileService.java:182)
	at org.apache.rocketmq.store.AllocateMappedFileService.run(AllocateMappedFileService.java:143)
	at java.lang.Thread.run(Thread.java:745)
Caused by: java.lang.OutOfMemoryError: Map failed
	at sun.nio.ch.FileChannelImpl.map0(Native Method)
	at sun.nio.ch.FileChannelImpl.map(FileChannelImpl.java:885)
	... 5 common frames omitted
[2018-03-14 12:06:51.614] ERROR map file C:\Users\Administrator\rocketmq-console-test\20180314120634\commitlog\00000000000000000000 Failed. 
java.io.IOException: Map failed
	at sun.nio.ch.FileChannelImpl.map(FileChannelImpl.java:888)
	at org.apache.rocketmq.store.MappedFile.init(MappedFile.java:160)
	at org.apache.rocketmq.store.MappedFile.<init>(MappedFile.java:71)
	at org.apache.rocketmq.store.AllocateMappedFileService.mmapOperation(AllocateMappedFileService.java:182)
	at org.apache.rocketmq.store.AllocateMappedFileService.run(AllocateMappedFileService.java:143)
	at java.lang.Thread.run(Thread.java:745)
Caused by: java.lang.OutOfMemoryError: Map failed
	at sun.nio.ch.FileChannelImpl.map0(Native Method)
	at sun.nio.ch.FileChannelImpl.map(FileChannelImpl.java:885)
	... 5 common frames omitted
[2018-03-14 12:06:51.614]  WARN AllocateMappedFileService service has exception. 
java.io.IOException: Map failed
	at sun.nio.ch.FileChannelImpl.map(FileChannelImpl.java:888)
	at org.apache.rocketmq.store.MappedFile.init(MappedFile.java:160)
	at org.apache.rocketmq.store.MappedFile.<init>(MappedFile.java:71)
	at org.apache.rocketmq.store.AllocateMappedFileService.mmapOperation(AllocateMappedFileService.java:182)
	at org.apache.rocketmq.store.AllocateMappedFileService.run(AllocateMappedFileService.java:143)
	at java.lang.Thread.run(Thread.java:745)
Caused by: java.lang.OutOfMemoryError: Map failed
	at sun.nio.ch.FileChannelImpl.map0(Native Method)
	at sun.nio.ch.FileChannelImpl.map(FileChannelImpl.java:885)
	... 5 common frames omitted
[2018-03-14 12:06:51.829] ERROR map file C:\Users\Administrator\rocketmq-console-test\20180314120634\commitlog\00000000000000000000 Failed. 
java.io.IOException: Map failed
	at sun.nio.ch.FileChannelImpl.map(FileChannelImpl.java:888)
	at org.apache.rocketmq.store.MappedFile.init(MappedFile.java:160)
	at org.apache.rocketmq.store.MappedFile.<init>(MappedFile.java:71)
	at org.apache.rocketmq.store.AllocateMappedFileService.mmapOperation(AllocateMappedFileService.java:182)
	at org.apache.rocketmq.store.AllocateMappedFileService.run(AllocateMappedFileService.java:143)
	at java.lang.Thread.run(Thread.java:745)
Caused by: java.lang.OutOfMemoryError: Map failed
	at sun.nio.ch.FileChannelImpl.map0(Native Method)
	at sun.nio.ch.FileChannelImpl.map(FileChannelImpl.java:885)
	... 5 common frames omitted
[2018-03-14 12:06:51.829]  WARN AllocateMappedFileService service has exception. 
java.io.IOException: Map failed
	at sun.nio.ch.FileChannelImpl.map(FileChannelImpl.java:888)
	at org.apache.rocketmq.store.MappedFile.init(MappedFile.java:160)
	at org.apache.rocketmq.store.MappedFile.<init>(MappedFile.java:71)
	at org.apache.rocketmq.store.AllocateMappedFileService.mmapOperation(AllocateMappedFileService.java:182)
	at org.apache.rocketmq.store.AllocateMappedFileService.run(AllocateMappedFileService.java:143)
	at java.lang.Thread.run(Thread.java:745)
Caused by: java.lang.OutOfMemoryError: Map failed
	at sun.nio.ch.FileChannelImpl.map0(Native Method)
	at sun.nio.ch.FileChannelImpl.map(FileChannelImpl.java:885)
	... 5 common frames omitted
[2018-03-14 12:06:52.044] ERROR map file C:\Users\Administrator\rocketmq-console-test\20180314120634\commitlog\00000000000000000000 Failed. 
java.io.IOException: Map failed
	at sun.nio.ch.FileChannelImpl.map(FileChannelImpl.java:888)
	at org.apache.rocketmq.store.MappedFile.init(MappedFile.java:160)
	at org.apache.rocketmq.store.MappedFile.<init>(MappedFile.java:71)
	at org.apache.rocketmq.store.AllocateMappedFileService.mmapOperation(AllocateMappedFileService.java:182)
	at org.apache.rocketmq.store.AllocateMappedFileService.run(AllocateMappedFileService.java:143)
	at java.lang.Thread.run(Thread.java:745)
Caused by: java.lang.OutOfMemoryError: Map failed
	at sun.nio.ch.FileChannelImpl.map0(Native Method)
	at sun.nio.ch.FileChannelImpl.map(FileChannelImpl.java:885)
	... 5 common frames omitted
[2018-03-14 12:06:52.044]  WARN AllocateMappedFileService service has exception. 
java.io.IOException: Map failed
	at sun.nio.ch.FileChannelImpl.map(FileChannelImpl.java:888)
	at org.apache.rocketmq.store.MappedFile.init(MappedFile.java:160)
	at org.apache.rocketmq.store.MappedFile.<init>(MappedFile.java:71)
	at org.apache.rocketmq.store.AllocateMappedFileService.mmapOperation(AllocateMappedFileService.java:182)
	at org.apache.rocketmq.store.AllocateMappedFileService.run(AllocateMappedFileService.java:143)
	at java.lang.Thread.run(Thread.java:745)
Caused by: java.lang.OutOfMemoryError: Map failed
	at sun.nio.ch.FileChannelImpl.map0(Native Method)
	at sun.nio.ch.FileChannelImpl.map(FileChannelImpl.java:885)
	... 5 common frames omitted
[2018-03-14 12:06:52.253] ERROR map file C:\Users\Administrator\rocketmq-console-test\20180314120634\commitlog\00000000000000000000 Failed. 
java.io.IOException: Map failed
	at sun.nio.ch.FileChannelImpl.map(FileChannelImpl.java:888)
	at org.apache.rocketmq.store.MappedFile.init(MappedFile.java:160)
	at org.apache.rocketmq.store.MappedFile.<init>(MappedFile.java:71)
	at org.apache.rocketmq.store.AllocateMappedFileService.mmapOperation(AllocateMappedFileService.java:182)
	at org.apache.rocketmq.store.AllocateMappedFileService.run(AllocateMappedFileService.java:143)
	at java.lang.Thread.run(Thread.java:745)
Caused by: java.lang.OutOfMemoryError: Map failed
	at sun.nio.ch.FileChannelImpl.map0(Native Method)
	at sun.nio.ch.FileChannelImpl.map(FileChannelImpl.java:885)
	... 5 common frames omitted
[2018-03-14 12:06:52.254]  WARN AllocateMappedFileService service has exception. 
java.io.IOException: Map failed
	at sun.nio.ch.FileChannelImpl.map(FileChannelImpl.java:888)
	at org.apache.rocketmq.store.MappedFile.init(MappedFile.java:160)
	at org.apache.rocketmq.store.MappedFile.<init>(MappedFile.java:71)
	at org.apache.rocketmq.store.AllocateMappedFileService.mmapOperation(AllocateMappedFileService.java:182)
	at org.apache.rocketmq.store.AllocateMappedFileService.run(AllocateMappedFileService.java:143)
	at java.lang.Thread.run(Thread.java:745)
Caused by: java.lang.OutOfMemoryError: Map failed
	at sun.nio.ch.FileChannelImpl.map0(Native Method)
	at sun.nio.ch.FileChannelImpl.map(FileChannelImpl.java:885)
	... 5 common frames omitted
[2018-03-14 12:06:52.471] ERROR map file C:\Users\Administrator\rocketmq-console-test\20180314120634\commitlog\00000000000000000000 Failed. 
java.io.IOException: Map failed
	at sun.nio.ch.FileChannelImpl.map(FileChannelImpl.java:888)
	at org.apache.rocketmq.store.MappedFile.init(MappedFile.java:160)
	at org.apache.rocketmq.store.MappedFile.<init>(MappedFile.java:71)
	at org.apache.rocketmq.store.AllocateMappedFileService.mmapOperation(AllocateMappedFileService.java:182)
	at org.apache.rocketmq.store.AllocateMappedFileService.run(AllocateMappedFileService.java:143)
	at java.lang.Thread.run(Thread.java:745)
Caused by: java.lang.OutOfMemoryError: Map failed
	at sun.nio.ch.FileChannelImpl.map0(Native Method)
	at sun.nio.ch.FileChannelImpl.map(FileChannelImpl.java:885)
	... 5 common frames omitted
[2018-03-14 12:06:52.472]  WARN AllocateMappedFileService service has exception. 
java.io.IOException: Map failed
	at sun.nio.ch.FileChannelImpl.map(FileChannelImpl.java:888)
	at org.apache.rocketmq.store.MappedFile.init(MappedFile.java:160)
	at org.apache.rocketmq.store.MappedFile.<init>(MappedFile.java:71)
	at org.apache.rocketmq.store.AllocateMappedFileService.mmapOperation(AllocateMappedFileService.java:182)
	at org.apache.rocketmq.store.AllocateMappedFileService.run(AllocateMappedFileService.java:143)
	at java.lang.Thread.run(Thread.java:745)
Caused by: java.lang.OutOfMemoryError: Map failed
	at sun.nio.ch.FileChannelImpl.map0(Native Method)
	at sun.nio.ch.FileChannelImpl.map(FileChannelImpl.java:885)
	... 5 common frames omitted
[2018-03-14 12:06:52.627] ERROR map file C:\Users\Administrator\rocketmq-console-test\20180314120634\commitlog\00000000000000000000 Failed. 
java.io.IOException: Map failed
	at sun.nio.ch.FileChannelImpl.map(FileChannelImpl.java:888)
	at org.apache.rocketmq.store.MappedFile.init(MappedFile.java:160)
	at org.apache.rocketmq.store.MappedFile.<init>(MappedFile.java:71)
	at org.apache.rocketmq.store.AllocateMappedFileService.mmapOperation(AllocateMappedFileService.java:182)
	at org.apache.rocketmq.store.AllocateMappedFileService.run(AllocateMappedFileService.java:143)
	at java.lang.Thread.run(Thread.java:745)
Caused by: java.lang.OutOfMemoryError: Map failed
	at sun.nio.ch.FileChannelImpl.map0(Native Method)
	at sun.nio.ch.FileChannelImpl.map(FileChannelImpl.java:885)
	... 5 common frames omitted
[2018-03-14 12:06:52.627]  WARN AllocateMappedFileService service has exception. 
java.io.IOException: Map failed
	at sun.nio.ch.FileChannelImpl.map(FileChannelImpl.java:888)
	at org.apache.rocketmq.store.MappedFile.init(MappedFile.java:160)
	at org.apache.rocketmq.store.MappedFile.<init>(MappedFile.java:71)
	at org.apache.rocketmq.store.AllocateMappedFileService.mmapOperation(AllocateMappedFileService.java:182)
	at org.apache.rocketmq.store.AllocateMappedFileService.run(AllocateMappedFileService.java:143)
	at java.lang.Thread.run(Thread.java:745)
Caused by: java.lang.OutOfMemoryError: Map failed
	at sun.nio.ch.FileChannelImpl.map0(Native Method)
	at sun.nio.ch.FileChannelImpl.map(FileChannelImpl.java:885)
	... 5 common frames omitted

  .   ____          _            __ _ _
 /\\ / ___'_ __ _ _(_)_ __  __ _ \ \ \ \
( ( )\___ | '_ | '_| | '_ \/ _` | \ \ \ \
 \\/  ___)| |_)| | | | | || (_| |  ) ) ) )
  '  |____| .__|_| |_|_| |_\__, | / / / /
 =========|_|==============|___/=/_/_/_/
 :: Spring Boot ::        (v1.4.3.RELEASE)

[2018-03-14 12:06:57.277]  WARN get Topic [TEST_CONSOLE_TOPIC] RouteInfoFromNameServer is not exist value
[2018-03-14 12:06:57.278]  WARN updateTopicRouteInfoFromNameServer Exception
org.apache.rocketmq.client.exception.MQClientException: CODE: 17  DESC: No topic route info in name server for the topic: TEST_CONSOLE_TOPIC
See http://rocketmq.apache.org/docs/faq/ for further details.
	at org.apache.rocketmq.client.impl.MQClientAPIImpl.getTopicRouteInfoFromNameServer(MQClientAPIImpl.java:1212)
	at org.apache.rocketmq.client.impl.factory.MQClientInstance.updateTopicRouteInfoFromNameServer(MQClientInstance.java:555)
	at org.apache.rocketmq.client.impl.factory.MQClientInstance.updateTopicRouteInfoFromNameServer(MQClientInstance.java:449)
	at org.apache.rocketmq.client.impl.consumer.DefaultMQPushConsumerImpl.updateTopicSubscribeInfoWhenSubscriptionChanged(DefaultMQPushConsumerImpl.java:802)
	at org.apache.rocketmq.client.impl.consumer.DefaultMQPushConsumerImpl.start(DefaultMQPushConsumerImpl.java:617)
	at org.apache.rocketmq.client.consumer.DefaultMQPushConsumer.start(DefaultMQPushConsumer.java:456)
	at org.apache.rocketmq.console.testbase.RocketMQConsoleTestBase.startTestMQConsumer(RocketMQConsoleTestBase.java:137)
	at org.apache.rocketmq.console.testbase.RocketMQConsoleTestBase.initMQClientEnv(RocketMQConsoleTestBase.java:156)
	at org.apache.rocketmq.console.service.impl.TopicServiceImplTest.setUp(TopicServiceImplTest.java:55)
	at sun.reflect.NativeMethodAccessorImpl.invoke0(Native Method)
	at sun.reflect.NativeMethodAccessorImpl.invoke(NativeMethodAccessorImpl.java:57)
	at sun.reflect.DelegatingMethodAccessorImpl.invoke(DelegatingMethodAccessorImpl.java:43)
	at java.lang.reflect.Method.invoke(Method.java:606)
	at org.junit.runners.model.FrameworkMethod$1.runReflectiveCall(FrameworkMethod.java:50)
	at org.junit.internal.runners.model.ReflectiveCallable.run(ReflectiveCallable.java:12)
	at org.junit.runners.model.FrameworkMethod.invokeExplosively(FrameworkMethod.java:47)
	at org.junit.internal.runners.statements.RunBefores.evaluate(RunBefores.java:24)
	at org.springframework.test.context.junit4.statements.RunBeforeTestMethodCallbacks.evaluate(RunBeforeTestMethodCallbacks.java:75)
	at org.junit.internal.runners.statements.RunAfters.evaluate(RunAfters.java:27)
	at org.springframework.test.context.junit4.statements.RunAfterTestMethodCallbacks.evaluate(RunAfterTestMethodCallbacks.java:86)
	at org.springframework.test.context.junit4.statements.SpringRepeat.evaluate(SpringRepeat.java:84)
	at org.junit.runners.ParentRunner.runLeaf(ParentRunner.java:325)
	at org.springframework.test.context.junit4.SpringJUnit4ClassRunner.runChild(SpringJUnit4ClassRunner.java:252)
	at org.springframework.test.context.junit4.SpringJUnit4ClassRunner.runChild(SpringJUnit4ClassRunner.java:94)
	at org.junit.runners.ParentRunner$3.run(ParentRunner.java:290)
	at org.junit.runners.ParentRunner$1.schedule(ParentRunner.java:71)
	at org.junit.runners.ParentRunner.runChildren(ParentRunner.java:288)
	at org.junit.runners.ParentRunner.access$000(ParentRunner.java:58)
	at org.junit.runners.ParentRunner$2.evaluate(ParentRunner.java:268)
	at org.springframework.test.context.junit4.statements.RunBeforeTestClassCallbacks.evaluate(RunBeforeTestClassCallbacks.java:61)
	at org.springframework.test.context.junit4.statements.RunAfterTestClassCallbacks.evaluate(RunAfterTestClassCallbacks.java:70)
	at org.junit.runners.ParentRunner.run(ParentRunner.java:363)
	at org.springframework.test.context.junit4.SpringJUnit4ClassRunner.run(SpringJUnit4ClassRunner.java:191)
	at org.apache.maven.surefire.junit4.JUnit4Provider.execute(JUnit4Provider.java:367)
	at org.apache.maven.surefire.junit4.JUnit4Provider.executeWithRerun(JUnit4Provider.java:274)
	at org.apache.maven.surefire.junit4.JUnit4Provider.executeTestSet(JUnit4Provider.java:238)
	at org.apache.maven.surefire.junit4.JUnit4Provider.invoke(JUnit4Provider.java:161)
	at org.apache.maven.surefire.booter.ForkedBooter.invokeProviderInSameClassLoader(ForkedBooter.java:290)
	at org.apache.maven.surefire.booter.ForkedBooter.runSuitesInProcess(ForkedBooter.java:242)
	at org.apache.maven.surefire.booter.ForkedBooter.main(ForkedBooter.java:121)
[2018-03-14 12:06:57.299]  WARN get Topic [%RETRY%CONSOLE_TEST_CONSUMER_GROUP] RouteInfoFromNameServer is not exist value
[2018-03-14 12:06:57.301]  WARN get Topic [TEST_CONSOLE_TOPIC] RouteInfoFromNameServer is not exist value
[2018-03-14 12:06:57.302]  WARN updateTopicRouteInfoFromNameServer Exception
org.apache.rocketmq.client.exception.MQClientException: CODE: 17  DESC: No topic route info in name server for the topic: TEST_CONSOLE_TOPIC
See http://rocketmq.apache.org/docs/faq/ for further details.
	at org.apache.rocketmq.client.impl.MQClientAPIImpl.getTopicRouteInfoFromNameServer(MQClientAPIImpl.java:1212)
	at org.apache.rocketmq.client.impl.factory.MQClientInstance.updateTopicRouteInfoFromNameServer(MQClientInstance.java:555)
	at org.apache.rocketmq.client.impl.factory.MQClientInstance.updateTopicRouteInfoFromNameServer(MQClientInstance.java:449)
	at org.apache.rocketmq.client.impl.factory.MQClientInstance.updateTopicRouteInfoFromNameServer(MQClientInstance.java:356)
	at org.apache.rocketmq.client.impl.factory.MQClientInstance$3.run(MQClientInstance.java:273)
	at java.util.concurrent.Executors$RunnableAdapter.call(Executors.java:471)
	at java.util.concurrent.FutureTask.runAndReset(FutureTask.java:304)
	at java.util.concurrent.ScheduledThreadPoolExecutor$ScheduledFutureTask.access$301(ScheduledThreadPoolExecutor.java:178)
	at java.util.concurrent.ScheduledThreadPoolExecutor$ScheduledFutureTask.run(ScheduledThreadPoolExecutor.java:293)
	at java.util.concurrent.ThreadPoolExecutor.runWorker(ThreadPoolExecutor.java:1145)
	at java.util.concurrent.ThreadPoolExecutor$Worker.run(ThreadPoolExecutor.java:615)
	at java.lang.Thread.run(Thread.java:745)
[2018-03-14 12:06:57.312]  WARN get Topic [%RETRY%CONSOLE_TEST_CONSUMER_GROUP] RouteInfoFromNameServer is not exist value
[2018-03-14 12:06:57.316]  WARN get Topic [TEST_CONSOLE_TOPIC] RouteInfoFromNameServer is not exist value
[2018-03-14 12:06:57.316]  WARN updateTopicRouteInfoFromNameServer Exception
org.apache.rocketmq.client.exception.MQClientException: CODE: 17  DESC: No topic route info in name server for the topic: TEST_CONSOLE_TOPIC
See http://rocketmq.apache.org/docs/faq/ for further details.
	at org.apache.rocketmq.client.impl.MQClientAPIImpl.getTopicRouteInfoFromNameServer(MQClientAPIImpl.java:1212)
	at org.apache.rocketmq.client.impl.factory.MQClientInstance.updateTopicRouteInfoFromNameServer(MQClientInstance.java:555)
	at org.apache.rocketmq.client.impl.factory.MQClientInstance.updateTopicRouteInfoFromNameServer(MQClientInstance.java:449)
	at org.apache.rocketmq.client.impl.factory.MQClientInstance.findConsumerIdList(MQClientInstance.java:990)
	at org.apache.rocketmq.client.impl.consumer.RebalanceImpl.rebalanceByTopic(RebalanceImpl.java:260)
	at org.apache.rocketmq.client.impl.consumer.RebalanceImpl.doRebalance(RebalanceImpl.java:223)
	at org.apache.rocketmq.client.impl.consumer.DefaultMQPushConsumerImpl.doRebalance(DefaultMQPushConsumerImpl.java:925)
	at org.apache.rocketmq.client.impl.factory.MQClientInstance.doRebalance(MQClientInstance.java:900)
	at org.apache.rocketmq.client.impl.consumer.RebalanceService.run(RebalanceService.java:44)
	at java.lang.Thread.run(Thread.java:745)
[2018-03-14 12:06:57.316]  WARN doRebalance, CONSOLE_TEST_CONSUMER_GROUP, but the topic[TEST_CONSOLE_TOPIC] not exist.
[2018-03-14 12:06:57.317]  WARN doRebalance, CONSOLE_TEST_CONSUMER_GROUP TEST_CONSOLE_TOPIC, get consumer id list failed
[2018-03-14 12:06:57.318]  WARN get Topic [%RETRY%CONSOLE_TEST_CONSUMER_GROUP] RouteInfoFromNameServer is not exist value
[2018-03-14 12:06:57.318]  WARN doRebalance, CONSOLE_TEST_CONSUMER_GROUP %RETRY%CONSOLE_TEST_CONSUMER_GROUP, get consumer id list failed
[2018-03-14 12:06:58.196]  WARN get Topic [TEST_CONSOLE_TOPIC] RouteInfoFromNameServer is not exist value
[2018-03-14 12:06:58.197]  WARN updateTopicRouteInfoFromNameServer Exception
org.apache.rocketmq.client.exception.MQClientException: CODE: 17  DESC: No topic route info in name server for the topic: TEST_CONSOLE_TOPIC
See http://rocketmq.apache.org/docs/faq/ for further details.
	at org.apache.rocketmq.client.impl.MQClientAPIImpl.getTopicRouteInfoFromNameServer(MQClientAPIImpl.java:1212)
	at org.apache.rocketmq.client.impl.factory.MQClientInstance.updateTopicRouteInfoFromNameServer(MQClientInstance.java:555)
	at org.apache.rocketmq.client.impl.factory.MQClientInstance.updateTopicRouteInfoFromNameServer(MQClientInstance.java:449)
	at org.apache.rocketmq.client.impl.producer.DefaultMQProducerImpl.tryToFindTopicPublishInfo(DefaultMQProducerImpl.java:567)
	at org.apache.rocketmq.client.impl.producer.DefaultMQProducerImpl.sendDefaultImpl(DefaultMQProducerImpl.java:442)
	at org.apache.rocketmq.client.impl.producer.DefaultMQProducerImpl.send(DefaultMQProducerImpl.java:1049)
	at org.apache.rocketmq.client.impl.producer.DefaultMQProducerImpl.send(DefaultMQProducerImpl.java:1008)
	at org.apache.rocketmq.client.producer.DefaultMQProducer.send(DefaultMQProducer.java:204)
	at org.apache.rocketmq.console.testbase.RocketMQConsoleTestBase.sendTestTopicMessage(RocketMQConsoleTestBase.java:107)
	at org.apache.rocketmq.console.service.impl.TopicServiceImplTest.setUp(TopicServiceImplTest.java:57)
	at sun.reflect.NativeMethodAccessorImpl.invoke0(Native Method)
	at sun.reflect.NativeMethodAccessorImpl.invoke(NativeMethodAccessorImpl.java:57)
	at sun.reflect.DelegatingMethodAccessorImpl.invoke(DelegatingMethodAccessorImpl.java:43)
	at java.lang.reflect.Method.invoke(Method.java:606)
	at org.junit.runners.model.FrameworkMethod$1.runReflectiveCall(FrameworkMethod.java:50)
	at org.junit.internal.runners.model.ReflectiveCallable.run(ReflectiveCallable.java:12)
	at org.junit.runners.model.FrameworkMethod.invokeExplosively(FrameworkMethod.java:47)
	at org.junit.internal.runners.statements.RunBefores.evaluate(RunBefores.java:24)
	at org.springframework.test.context.junit4.statements.RunBeforeTestMethodCallbacks.evaluate(RunBeforeTestMethodCallbacks.java:75)
	at org.junit.internal.runners.statements.RunAfters.evaluate(RunAfters.java:27)
	at org.springframework.test.context.junit4.statements.RunAfterTestMethodCallbacks.evaluate(RunAfterTestMethodCallbacks.java:86)
	at org.springframework.test.context.junit4.statements.SpringRepeat.evaluate(SpringRepeat.java:84)
	at org.junit.runners.ParentRunner.runLeaf(ParentRunner.java:325)
	at org.springframework.test.context.junit4.SpringJUnit4ClassRunner.runChild(SpringJUnit4ClassRunner.java:252)
	at org.springframework.test.context.junit4.SpringJUnit4ClassRunner.runChild(SpringJUnit4ClassRunner.java:94)
	at org.junit.runners.ParentRunner$3.run(ParentRunner.java:290)
	at org.junit.runners.ParentRunner$1.schedule(ParentRunner.java:71)
	at org.junit.runners.ParentRunner.runChildren(ParentRunner.java:288)
	at org.junit.runners.ParentRunner.access$000(ParentRunner.java:58)
	at org.junit.runners.ParentRunner$2.evaluate(ParentRunner.java:268)
	at org.springframework.test.context.junit4.statements.RunBeforeTestClassCallbacks.evaluate(RunBeforeTestClassCallbacks.java:61)
	at org.springframework.test.context.junit4.statements.RunAfterTestClassCallbacks.evaluate(RunAfterTestClassCallbacks.java:70)
	at org.junit.runners.ParentRunner.run(ParentRunner.java:363)
	at org.springframework.test.context.junit4.SpringJUnit4ClassRunner.run(SpringJUnit4ClassRunner.java:191)
	at org.apache.maven.surefire.junit4.JUnit4Provider.execute(JUnit4Provider.java:367)
	at org.apache.maven.surefire.junit4.JUnit4Provider.executeWithRerun(JUnit4Provider.java:274)
	at org.apache.maven.surefire.junit4.JUnit4Provider.executeTestSet(JUnit4Provider.java:238)
	at org.apache.maven.surefire.junit4.JUnit4Provider.invoke(JUnit4Provider.java:161)
	at org.apache.maven.surefire.booter.ForkedBooter.invokeProviderInSameClassLoader(ForkedBooter.java:290)
	at org.apache.maven.surefire.booter.ForkedBooter.runSuitesInProcess(ForkedBooter.java:242)
	at org.apache.maven.surefire.booter.ForkedBooter.main(ForkedBooter.java:121)
[2018-03-14 12:06:58.351]  WARN doRebalance, CONSOLE_TEST_CONSUMER_GROUP, but the topic[TEST_CONSOLE_TOPIC] not exist.
[2018-03-14 12:06:58.443] ERROR map file C:\Users\Administrator\rocketmq-console-test\20180314120653\commitlog\00000000000000000000 Failed. 
java.io.IOException: Map failed
	at sun.nio.ch.FileChannelImpl.map(FileChannelImpl.java:888)
	at org.apache.rocketmq.store.MappedFile.init(MappedFile.java:160)
	at org.apache.rocketmq.store.MappedFile.<init>(MappedFile.java:71)
	at org.apache.rocketmq.store.AllocateMappedFileService.mmapOperation(AllocateMappedFileService.java:182)
	at org.apache.rocketmq.store.AllocateMappedFileService.run(AllocateMappedFileService.java:143)
	at java.lang.Thread.run(Thread.java:745)
Caused by: java.lang.OutOfMemoryError: Map failed
	at sun.nio.ch.FileChannelImpl.map0(Native Method)
	at sun.nio.ch.FileChannelImpl.map(FileChannelImpl.java:885)
	... 5 common frames omitted
[2018-03-14 12:06:58.444]  WARN AllocateMappedFileService service has exception. 
java.io.IOException: Map failed
	at sun.nio.ch.FileChannelImpl.map(FileChannelImpl.java:888)
	at org.apache.rocketmq.store.MappedFile.init(MappedFile.java:160)
	at org.apache.rocketmq.store.MappedFile.<init>(MappedFile.java:71)
	at org.apache.rocketmq.store.AllocateMappedFileService.mmapOperation(AllocateMappedFileService.java:182)
	at org.apache.rocketmq.store.AllocateMappedFileService.run(AllocateMappedFileService.java:143)
	at java.lang.Thread.run(Thread.java:745)
Caused by: java.lang.OutOfMemoryError: Map failed
	at sun.nio.ch.FileChannelImpl.map0(Native Method)
	at sun.nio.ch.FileChannelImpl.map(FileChannelImpl.java:885)
	... 5 common frames omitted
[2018-03-14 12:06:58.664] ERROR map file C:\Users\Administrator\rocketmq-console-test\20180314120653\commitlog\00000000000000000000 Failed. 
java.io.IOException: Map failed
	at sun.nio.ch.FileChannelImpl.map(FileChannelImpl.java:888)
	at org.apache.rocketmq.store.MappedFile.init(MappedFile.java:160)
	at org.apache.rocketmq.store.MappedFile.<init>(MappedFile.java:71)
	at org.apache.rocketmq.store.AllocateMappedFileService.mmapOperation(AllocateMappedFileService.java:182)
	at org.apache.rocketmq.store.AllocateMappedFileService.run(AllocateMappedFileService.java:143)
	at java.lang.Thread.run(Thread.java:745)
Caused by: java.lang.OutOfMemoryError: Map failed
	at sun.nio.ch.FileChannelImpl.map0(Native Method)
	at sun.nio.ch.FileChannelImpl.map(FileChannelImpl.java:885)
	... 5 common frames omitted
[2018-03-14 12:06:58.665]  WARN AllocateMappedFileService service has exception. 
java.io.IOException: Map failed
	at sun.nio.ch.FileChannelImpl.map(FileChannelImpl.java:888)
	at org.apache.rocketmq.store.MappedFile.init(MappedFile.java:160)
	at org.apache.rocketmq.store.MappedFile.<init>(MappedFile.java:71)
	at org.apache.rocketmq.store.AllocateMappedFileService.mmapOperation(AllocateMappedFileService.java:182)
	at org.apache.rocketmq.store.AllocateMappedFileService.run(AllocateMappedFileService.java:143)
	at java.lang.Thread.run(Thread.java:745)
Caused by: java.lang.OutOfMemoryError: Map failed
	at sun.nio.ch.FileChannelImpl.map0(Native Method)
	at sun.nio.ch.FileChannelImpl.map(FileChannelImpl.java:885)
	... 5 common frames omitted
[2018-03-14 12:06:58.877] ERROR map file C:\Users\Administrator\rocketmq-console-test\20180314120653\commitlog\00000000000000000000 Failed. 
java.io.IOException: Map failed
	at sun.nio.ch.FileChannelImpl.map(FileChannelImpl.java:888)
	at org.apache.rocketmq.store.MappedFile.init(MappedFile.java:160)
	at org.apache.rocketmq.store.MappedFile.<init>(MappedFile.java:71)
	at org.apache.rocketmq.store.AllocateMappedFileService.mmapOperation(AllocateMappedFileService.java:182)
	at org.apache.rocketmq.store.AllocateMappedFileService.run(AllocateMappedFileService.java:143)
	at java.lang.Thread.run(Thread.java:745)
Caused by: java.lang.OutOfMemoryError: Map failed
	at sun.nio.ch.FileChannelImpl.map0(Native Method)
	at sun.nio.ch.FileChannelImpl.map(FileChannelImpl.java:885)
	... 5 common frames omitted
[2018-03-14 12:06:58.877]  WARN AllocateMappedFileService service has exception. 
java.io.IOException: Map failed
	at sun.nio.ch.FileChannelImpl.map(FileChannelImpl.java:888)
	at org.apache.rocketmq.store.MappedFile.init(MappedFile.java:160)
	at org.apache.rocketmq.store.MappedFile.<init>(MappedFile.java:71)
	at org.apache.rocketmq.store.AllocateMappedFileService.mmapOperation(AllocateMappedFileService.java:182)
	at org.apache.rocketmq.store.AllocateMappedFileService.run(AllocateMappedFileService.java:143)
	at java.lang.Thread.run(Thread.java:745)
Caused by: java.lang.OutOfMemoryError: Map failed
	at sun.nio.ch.FileChannelImpl.map0(Native Method)
	at sun.nio.ch.FileChannelImpl.map(FileChannelImpl.java:885)
	... 5 common frames omitted
[2018-03-14 12:06:59.100] ERROR map file C:\Users\Administrator\rocketmq-console-test\20180314120653\commitlog\00000000000000000000 Failed. 
java.io.IOException: Map failed
	at sun.nio.ch.FileChannelImpl.map(FileChannelImpl.java:888)
	at org.apache.rocketmq.store.MappedFile.init(MappedFile.java:160)
	at org.apache.rocketmq.store.MappedFile.<init>(MappedFile.java:71)
	at org.apache.rocketmq.store.AllocateMappedFileService.mmapOperation(AllocateMappedFileService.java:182)
	at org.apache.rocketmq.store.AllocateMappedFileService.run(AllocateMappedFileService.java:143)
	at java.lang.Thread.run(Thread.java:745)
Caused by: java.lang.OutOfMemoryError: Map failed
	at sun.nio.ch.FileChannelImpl.map0(Native Method)
	at sun.nio.ch.FileChannelImpl.map(FileChannelImpl.java:885)
	... 5 common frames omitted
[2018-03-14 12:06:59.100]  WARN AllocateMappedFileService service has exception. 
java.io.IOException: Map failed
	at sun.nio.ch.FileChannelImpl.map(FileChannelImpl.java:888)
	at org.apache.rocketmq.store.MappedFile.init(MappedFile.java:160)
	at org.apache.rocketmq.store.MappedFile.<init>(MappedFile.java:71)
	at org.apache.rocketmq.store.AllocateMappedFileService.mmapOperation(AllocateMappedFileService.java:182)
	at org.apache.rocketmq.store.AllocateMappedFileService.run(AllocateMappedFileService.java:143)
	at java.lang.Thread.run(Thread.java:745)
Caused by: java.lang.OutOfMemoryError: Map failed
	at sun.nio.ch.FileChannelImpl.map0(Native Method)
	at sun.nio.ch.FileChannelImpl.map(FileChannelImpl.java:885)
	... 5 common frames omitted
[2018-03-14 12:06:59.313] ERROR map file C:\Users\Administrator\rocketmq-console-test\20180314120653\commitlog\00000000000000000000 Failed. 
java.io.IOException: Map failed
	at sun.nio.ch.FileChannelImpl.map(FileChannelImpl.java:888)
	at org.apache.rocketmq.store.MappedFile.init(MappedFile.java:160)
	at org.apache.rocketmq.store.MappedFile.<init>(MappedFile.java:71)
	at org.apache.rocketmq.store.AllocateMappedFileService.mmapOperation(AllocateMappedFileService.java:182)
	at org.apache.rocketmq.store.AllocateMappedFileService.run(AllocateMappedFileService.java:143)
	at java.lang.Thread.run(Thread.java:745)
Caused by: java.lang.OutOfMemoryError: Map failed
	at sun.nio.ch.FileChannelImpl.map0(Native Method)
	at sun.nio.ch.FileChannelImpl.map(FileChannelImpl.java:885)
	... 5 common frames omitted
[2018-03-14 12:06:59.313]  WARN AllocateMappedFileService service has exception. 
java.io.IOException: Map failed
	at sun.nio.ch.FileChannelImpl.map(FileChannelImpl.java:888)
	at org.apache.rocketmq.store.MappedFile.init(MappedFile.java:160)
	at org.apache.rocketmq.store.MappedFile.<init>(MappedFile.java:71)
	at org.apache.rocketmq.store.AllocateMappedFileService.mmapOperation(AllocateMappedFileService.java:182)
	at org.apache.rocketmq.store.AllocateMappedFileService.run(AllocateMappedFileService.java:143)
	at java.lang.Thread.run(Thread.java:745)
Caused by: java.lang.OutOfMemoryError: Map failed
	at sun.nio.ch.FileChannelImpl.map0(Native Method)
	at sun.nio.ch.FileChannelImpl.map(FileChannelImpl.java:885)
	... 5 common frames omitted
[2018-03-14 12:06:59.531] ERROR map file C:\Users\Administrator\rocketmq-console-test\20180314120653\commitlog\00000000000000000000 Failed. 
java.io.IOException: Map failed
	at sun.nio.ch.FileChannelImpl.map(FileChannelImpl.java:888)
	at org.apache.rocketmq.store.MappedFile.init(MappedFile.java:160)
	at org.apache.rocketmq.store.MappedFile.<init>(MappedFile.java:71)
	at org.apache.rocketmq.store.AllocateMappedFileService.mmapOperation(AllocateMappedFileService.java:182)
	at org.apache.rocketmq.store.AllocateMappedFileService.run(AllocateMappedFileService.java:143)
	at java.lang.Thread.run(Thread.java:745)
Caused by: java.lang.OutOfMemoryError: Map failed
	at sun.nio.ch.FileChannelImpl.map0(Native Method)
	at sun.nio.ch.FileChannelImpl.map(FileChannelImpl.java:885)
	... 5 common frames omitted
[2018-03-14 12:06:59.531]  WARN AllocateMappedFileService service has exception. 
java.io.IOException: Map failed
	at sun.nio.ch.FileChannelImpl.map(FileChannelImpl.java:888)
	at org.apache.rocketmq.store.MappedFile.init(MappedFile.java:160)
	at org.apache.rocketmq.store.MappedFile.<init>(MappedFile.java:71)
	at org.apache.rocketmq.store.AllocateMappedFileService.mmapOperation(AllocateMappedFileService.java:182)
	at org.apache.rocketmq.store.AllocateMappedFileService.run(AllocateMappedFileService.java:143)
	at java.lang.Thread.run(Thread.java:745)
Caused by: java.lang.OutOfMemoryError: Map failed
	at sun.nio.ch.FileChannelImpl.map0(Native Method)
	at sun.nio.ch.FileChannelImpl.map(FileChannelImpl.java:885)
	... 5 common frames omitted
[2018-03-14 12:06:59.766] ERROR map file C:\Users\Administrator\rocketmq-console-test\20180314120653\commitlog\00000000000000000000 Failed. 
java.io.IOException: Map failed
	at sun.nio.ch.FileChannelImpl.map(FileChannelImpl.java:888)
	at org.apache.rocketmq.store.MappedFile.init(MappedFile.java:160)
	at org.apache.rocketmq.store.MappedFile.<init>(MappedFile.java:71)
	at org.apache.rocketmq.store.AllocateMappedFileService.mmapOperation(AllocateMappedFileService.java:182)
	at org.apache.rocketmq.store.AllocateMappedFileService.run(AllocateMappedFileService.java:143)
	at java.lang.Thread.run(Thread.java:745)
Caused by: java.lang.OutOfMemoryError: Map failed
	at sun.nio.ch.FileChannelImpl.map0(Native Method)
	at sun.nio.ch.FileChannelImpl.map(FileChannelImpl.java:885)
	... 5 common frames omitted
[2018-03-14 12:06:59.771]  WARN AllocateMappedFileService service has exception. 
java.io.IOException: Map failed
	at sun.nio.ch.FileChannelImpl.map(FileChannelImpl.java:888)
	at org.apache.rocketmq.store.MappedFile.init(MappedFile.java:160)
	at org.apache.rocketmq.store.MappedFile.<init>(MappedFile.java:71)
	at org.apache.rocketmq.store.AllocateMappedFileService.mmapOperation(AllocateMappedFileService.java:182)
	at org.apache.rocketmq.store.AllocateMappedFileService.run(AllocateMappedFileService.java:143)
	at java.lang.Thread.run(Thread.java:745)
Caused by: java.lang.OutOfMemoryError: Map failed
	at sun.nio.ch.FileChannelImpl.map0(Native Method)
	at sun.nio.ch.FileChannelImpl.map(FileChannelImpl.java:885)
	... 5 common frames omitted
[2018-03-14 12:06:59.998] ERROR map file C:\Users\Administrator\rocketmq-console-test\20180314120653\commitlog\00000000000000000000 Failed. 
java.io.IOException: Map failed
	at sun.nio.ch.FileChannelImpl.map(FileChannelImpl.java:888)
	at org.apache.rocketmq.store.MappedFile.init(MappedFile.java:160)
	at org.apache.rocketmq.store.MappedFile.<init>(MappedFile.java:71)
	at org.apache.rocketmq.store.AllocateMappedFileService.mmapOperation(AllocateMappedFileService.java:182)
	at org.apache.rocketmq.store.AllocateMappedFileService.run(AllocateMappedFileService.java:143)
	at java.lang.Thread.run(Thread.java:745)
Caused by: java.lang.OutOfMemoryError: Map failed
	at sun.nio.ch.FileChannelImpl.map0(Native Method)
	at sun.nio.ch.FileChannelImpl.map(FileChannelImpl.java:885)
	... 5 common frames omitted
[2018-03-14 12:06:59.998]  WARN AllocateMappedFileService service has exception. 
java.io.IOException: Map failed
	at sun.nio.ch.FileChannelImpl.map(FileChannelImpl.java:888)
	at org.apache.rocketmq.store.MappedFile.init(MappedFile.java:160)
	at org.apache.rocketmq.store.MappedFile.<init>(MappedFile.java:71)
	at org.apache.rocketmq.store.AllocateMappedFileService.mmapOperation(AllocateMappedFileService.java:182)
	at org.apache.rocketmq.store.AllocateMappedFileService.run(AllocateMappedFileService.java:143)
	at java.lang.Thread.run(Thread.java:745)
Caused by: java.lang.OutOfMemoryError: Map failed
	at sun.nio.ch.FileChannelImpl.map0(Native Method)
	at sun.nio.ch.FileChannelImpl.map(FileChannelImpl.java:885)
	... 5 common frames omitted
[2018-03-14 12:07:00.211] ERROR map file C:\Users\Administrator\rocketmq-console-test\20180314120653\commitlog\00000000000000000000 Failed. 
java.io.IOException: Map failed
	at sun.nio.ch.FileChannelImpl.map(FileChannelImpl.java:888)
	at org.apache.rocketmq.store.MappedFile.init(MappedFile.java:160)
	at org.apache.rocketmq.store.MappedFile.<init>(MappedFile.java:71)
	at org.apache.rocketmq.store.AllocateMappedFileService.mmapOperation(AllocateMappedFileService.java:182)
	at org.apache.rocketmq.store.AllocateMappedFileService.run(AllocateMappedFileService.java:143)
	at java.lang.Thread.run(Thread.java:745)
Caused by: java.lang.OutOfMemoryError: Map failed
	at sun.nio.ch.FileChannelImpl.map0(Native Method)
	at sun.nio.ch.FileChannelImpl.map(FileChannelImpl.java:885)
	... 5 common frames omitted
[2018-03-14 12:07:00.211]  WARN AllocateMappedFileService service has exception. 
java.io.IOException: Map failed
	at sun.nio.ch.FileChannelImpl.map(FileChannelImpl.java:888)
	at org.apache.rocketmq.store.MappedFile.init(MappedFile.java:160)
	at org.apache.rocketmq.store.MappedFile.<init>(MappedFile.java:71)
	at org.apache.rocketmq.store.AllocateMappedFileService.mmapOperation(AllocateMappedFileService.java:182)
	at org.apache.rocketmq.store.AllocateMappedFileService.run(AllocateMappedFileService.java:143)
	at java.lang.Thread.run(Thread.java:745)
Caused by: java.lang.OutOfMemoryError: Map failed
	at sun.nio.ch.FileChannelImpl.map0(Native Method)
	at sun.nio.ch.FileChannelImpl.map(FileChannelImpl.java:885)
	... 5 common frames omitted
[2018-03-14 12:07:00.428] ERROR map file C:\Users\Administrator\rocketmq-console-test\20180314120653\commitlog\00000000000000000000 Failed. 
java.io.IOException: Map failed
	at sun.nio.ch.FileChannelImpl.map(FileChannelImpl.java:888)
	at org.apache.rocketmq.store.MappedFile.init(MappedFile.java:160)
	at org.apache.rocketmq.store.MappedFile.<init>(MappedFile.java:71)
	at org.apache.rocketmq.store.AllocateMappedFileService.mmapOperation(AllocateMappedFileService.java:182)
	at org.apache.rocketmq.store.AllocateMappedFileService.run(AllocateMappedFileService.java:143)
	at java.lang.Thread.run(Thread.java:745)
Caused by: java.lang.OutOfMemoryError: Map failed
	at sun.nio.ch.FileChannelImpl.map0(Native Method)
	at sun.nio.ch.FileChannelImpl.map(FileChannelImpl.java:885)
	... 5 common frames omitted
[2018-03-14 12:07:00.428]  WARN AllocateMappedFileService service has exception. 
java.io.IOException: Map failed
	at sun.nio.ch.FileChannelImpl.map(FileChannelImpl.java:888)
	at org.apache.rocketmq.store.MappedFile.init(MappedFile.java:160)
	at org.apache.rocketmq.store.MappedFile.<init>(MappedFile.java:71)
	at org.apache.rocketmq.store.AllocateMappedFileService.mmapOperation(AllocateMappedFileService.java:182)
	at org.apache.rocketmq.store.AllocateMappedFileService.run(AllocateMappedFileService.java:143)
	at java.lang.Thread.run(Thread.java:745)
Caused by: java.lang.OutOfMemoryError: Map failed
	at sun.nio.ch.FileChannelImpl.map0(Native Method)
	at sun.nio.ch.FileChannelImpl.map(FileChannelImpl.java:885)
	... 5 common frames omitted
[2018-03-14 12:07:00.638] ERROR map file C:\Users\Administrator\rocketmq-console-test\20180314120653\commitlog\00000000000000000000 Failed. 
java.io.IOException: Map failed
	at sun.nio.ch.FileChannelImpl.map(FileChannelImpl.java:888)
	at org.apache.rocketmq.store.MappedFile.init(MappedFile.java:160)
	at org.apache.rocketmq.store.MappedFile.<init>(MappedFile.java:71)
	at org.apache.rocketmq.store.AllocateMappedFileService.mmapOperation(AllocateMappedFileService.java:182)
	at org.apache.rocketmq.store.AllocateMappedFileService.run(AllocateMappedFileService.java:143)
	at java.lang.Thread.run(Thread.java:745)
Caused by: java.lang.OutOfMemoryError: Map failed
	at sun.nio.ch.FileChannelImpl.map0(Native Method)
	at sun.nio.ch.FileChannelImpl.map(FileChannelImpl.java:885)
	... 5 common frames omitted
[2018-03-14 12:07:00.638]  WARN AllocateMappedFileService service has exception. 
java.io.IOException: Map failed
	at sun.nio.ch.FileChannelImpl.map(FileChannelImpl.java:888)
	at org.apache.rocketmq.store.MappedFile.init(MappedFile.java:160)
	at org.apache.rocketmq.store.MappedFile.<init>(MappedFile.java:71)
	at org.apache.rocketmq.store.AllocateMappedFileService.mmapOperation(AllocateMappedFileService.java:182)
	at org.apache.rocketmq.store.AllocateMappedFileService.run(AllocateMappedFileService.java:143)
	at java.lang.Thread.run(Thread.java:745)
Caused by: java.lang.OutOfMemoryError: Map failed
	at sun.nio.ch.FileChannelImpl.map0(Native Method)
	at sun.nio.ch.FileChannelImpl.map(FileChannelImpl.java:885)
	... 5 common frames omitted
[2018-03-14 12:07:00.853] ERROR map file C:\Users\Administrator\rocketmq-console-test\20180314120653\commitlog\00000000000000000000 Failed. 
java.io.IOException: Map failed
	at sun.nio.ch.FileChannelImpl.map(FileChannelImpl.java:888)
	at org.apache.rocketmq.store.MappedFile.init(MappedFile.java:160)
	at org.apache.rocketmq.store.MappedFile.<init>(MappedFile.java:71)
	at org.apache.rocketmq.store.AllocateMappedFileService.mmapOperation(AllocateMappedFileService.java:182)
	at org.apache.rocketmq.store.AllocateMappedFileService.run(AllocateMappedFileService.java:143)
	at java.lang.Thread.run(Thread.java:745)
Caused by: java.lang.OutOfMemoryError: Map failed
	at sun.nio.ch.FileChannelImpl.map0(Native Method)
	at sun.nio.ch.FileChannelImpl.map(FileChannelImpl.java:885)
	... 5 common frames omitted
[2018-03-14 12:07:00.853]  WARN AllocateMappedFileService service has exception. 
java.io.IOException: Map failed
	at sun.nio.ch.FileChannelImpl.map(FileChannelImpl.java:888)
	at org.apache.rocketmq.store.MappedFile.init(MappedFile.java:160)
	at org.apache.rocketmq.store.MappedFile.<init>(MappedFile.java:71)
	at org.apache.rocketmq.store.AllocateMappedFileService.mmapOperation(AllocateMappedFileService.java:182)
	at org.apache.rocketmq.store.AllocateMappedFileService.run(AllocateMappedFileService.java:143)
	at java.lang.Thread.run(Thread.java:745)
Caused by: java.lang.OutOfMemoryError: Map failed
	at sun.nio.ch.FileChannelImpl.map0(Native Method)
	at sun.nio.ch.FileChannelImpl.map(FileChannelImpl.java:885)
	... 5 common frames omitted
[2018-03-14 12:07:01.065] ERROR map file C:\Users\Administrator\rocketmq-console-test\20180314120653\commitlog\00000000000000000000 Failed. 
java.io.IOException: Map failed
	at sun.nio.ch.FileChannelImpl.map(FileChannelImpl.java:888)
	at org.apache.rocketmq.store.MappedFile.init(MappedFile.java:160)
	at org.apache.rocketmq.store.MappedFile.<init>(MappedFile.java:71)
	at org.apache.rocketmq.store.AllocateMappedFileService.mmapOperation(AllocateMappedFileService.java:182)
	at org.apache.rocketmq.store.AllocateMappedFileService.run(AllocateMappedFileService.java:143)
	at java.lang.Thread.run(Thread.java:745)
Caused by: java.lang.OutOfMemoryError: Map failed
	at sun.nio.ch.FileChannelImpl.map0(Native Method)
	at sun.nio.ch.FileChannelImpl.map(FileChannelImpl.java:885)
	... 5 common frames omitted
[2018-03-14 12:07:01.066]  WARN AllocateMappedFileService service has exception. 
java.io.IOException: Map failed
	at sun.nio.ch.FileChannelImpl.map(FileChannelImpl.java:888)
	at org.apache.rocketmq.store.MappedFile.init(MappedFile.java:160)
	at org.apache.rocketmq.store.MappedFile.<init>(MappedFile.java:71)
	at org.apache.rocketmq.store.AllocateMappedFileService.mmapOperation(AllocateMappedFileService.java:182)
	at org.apache.rocketmq.store.AllocateMappedFileService.run(AllocateMappedFileService.java:143)
	at java.lang.Thread.run(Thread.java:745)
Caused by: java.lang.OutOfMemoryError: Map failed
	at sun.nio.ch.FileChannelImpl.map0(Native Method)
	at sun.nio.ch.FileChannelImpl.map(FileChannelImpl.java:885)
	... 5 common frames omitted
[2018-03-14 12:07:01.221]  WARN invokeSync: wait response timeout exception, the channel[127.0.0.1:19053]
[2018-03-14 12:07:01.222]  WARN sendKernelImpl exception, resend at once, InvokeID: -7538923828824427678, RT: 3023ms, Broker: MessageQueue [topic=TEST_CONSOLE_TOPIC, brokerName=ConsoleTestBroker, queueId=1]
org.apache.rocketmq.remoting.exception.RemotingTimeoutException: wait response on the channel <127.0.0.1:19053> timeout, 3000(ms)
	at org.apache.rocketmq.remoting.netty.NettyRemotingAbstract.invokeSyncImpl(NettyRemotingAbstract.java:291)
	at org.apache.rocketmq.remoting.netty.NettyRemotingClient.invokeSync(NettyRemotingClient.java:338)
	at org.apache.rocketmq.client.impl.MQClientAPIImpl.sendMessageSync(MQClientAPIImpl.java:343)
	at org.apache.rocketmq.client.impl.MQClientAPIImpl.sendMessage(MQClientAPIImpl.java:327)
	at org.apache.rocketmq.client.impl.MQClientAPIImpl.sendMessage(MQClientAPIImpl.java:290)
	at org.apache.rocketmq.client.impl.producer.DefaultMQProducerImpl.sendKernelImpl(DefaultMQProducerImpl.java:688)
	at org.apache.rocketmq.client.impl.producer.DefaultMQProducerImpl.sendDefaultImpl(DefaultMQProducerImpl.java:458)
	at org.apache.rocketmq.client.impl.producer.DefaultMQProducerImpl.send(DefaultMQProducerImpl.java:1049)
	at org.apache.rocketmq.client.impl.producer.DefaultMQProducerImpl.send(DefaultMQProducerImpl.java:1008)
	at org.apache.rocketmq.client.producer.DefaultMQProducer.send(DefaultMQProducer.java:204)
	at org.apache.rocketmq.console.testbase.RocketMQConsoleTestBase.sendTestTopicMessage(RocketMQConsoleTestBase.java:107)
	at org.apache.rocketmq.console.service.impl.TopicServiceImplTest.setUp(TopicServiceImplTest.java:57)
	at sun.reflect.NativeMethodAccessorImpl.invoke0(Native Method)
	at sun.reflect.NativeMethodAccessorImpl.invoke(NativeMethodAccessorImpl.java:57)
	at sun.reflect.DelegatingMethodAccessorImpl.invoke(DelegatingMethodAccessorImpl.java:43)
	at java.lang.reflect.Method.invoke(Method.java:606)
	at org.junit.runners.model.FrameworkMethod$1.runReflectiveCall(FrameworkMethod.java:50)
	at org.junit.internal.runners.model.ReflectiveCallable.run(ReflectiveCallable.java:12)
	at org.junit.runners.model.FrameworkMethod.invokeExplosively(FrameworkMethod.java:47)
	at org.junit.internal.runners.statements.RunBefores.evaluate(RunBefores.java:24)
	at org.springframework.test.context.junit4.statements.RunBeforeTestMethodCallbacks.evaluate(RunBeforeTestMethodCallbacks.java:75)
	at org.junit.internal.runners.statements.RunAfters.evaluate(RunAfters.java:27)
	at org.springframework.test.context.junit4.statements.RunAfterTestMethodCallbacks.evaluate(RunAfterTestMethodCallbacks.java:86)
	at org.springframework.test.context.junit4.statements.SpringRepeat.evaluate(SpringRepeat.java:84)
	at org.junit.runners.ParentRunner.runLeaf(ParentRunner.java:325)
	at org.springframework.test.context.junit4.SpringJUnit4ClassRunner.runChild(SpringJUnit4ClassRunner.java:252)
	at org.springframework.test.context.junit4.SpringJUnit4ClassRunner.runChild(SpringJUnit4ClassRunner.java:94)
	at org.junit.runners.ParentRunner$3.run(ParentRunner.java:290)
	at org.junit.runners.ParentRunner$1.schedule(ParentRunner.java:71)
	at org.junit.runners.ParentRunner.runChildren(ParentRunner.java:288)
	at org.junit.runners.ParentRunner.access$000(ParentRunner.java:58)
	at org.junit.runners.ParentRunner$2.evaluate(ParentRunner.java:268)
	at org.springframework.test.context.junit4.statements.RunBeforeTestClassCallbacks.evaluate(RunBeforeTestClassCallbacks.java:61)
	at org.springframework.test.context.junit4.statements.RunAfterTestClassCallbacks.evaluate(RunAfterTestClassCallbacks.java:70)
	at org.junit.runners.ParentRunner.run(ParentRunner.java:363)
	at org.springframework.test.context.junit4.SpringJUnit4ClassRunner.run(SpringJUnit4ClassRunner.java:191)
	at org.apache.maven.surefire.junit4.JUnit4Provider.execute(JUnit4Provider.java:367)
	at org.apache.maven.surefire.junit4.JUnit4Provider.executeWithRerun(JUnit4Provider.java:274)
	at org.apache.maven.surefire.junit4.JUnit4Provider.executeTestSet(JUnit4Provider.java:238)
	at org.apache.maven.surefire.junit4.JUnit4Provider.invoke(JUnit4Provider.java:161)
	at org.apache.maven.surefire.booter.ForkedBooter.invokeProviderInSameClassLoader(ForkedBooter.java:290)
	at org.apache.maven.surefire.booter.ForkedBooter.runSuitesInProcess(ForkedBooter.java:242)
	at org.apache.maven.surefire.booter.ForkedBooter.main(ForkedBooter.java:121)
[2018-03-14 12:07:01.222]  WARN Message [topic=TEST_CONSOLE_TOPIC, flag=0, properties={KEYS=TEST_TOPIC_KEY, WAIT=true, UNIQ_KEY=C0A859EB30A4011E1E6742F90D960011}, body=11]
[2018-03-14 12:07:01.225]  WARN sendKernelImpl exception, resend at once, InvokeID: -7538923828824427678, RT: 3ms, Broker: MessageQueue [topic=TEST_CONSOLE_TOPIC, brokerName=ConsoleTestBroker, queueId=3]
org.apache.rocketmq.client.exception.MQBrokerException: CODE: 2  DESC: [REJECTREQUEST]system busy, start flow control for a while
For more information, please visit the url, http://rocketmq.apache.org/docs/faq/
	at org.apache.rocketmq.client.impl.MQClientAPIImpl.processSendResponse(MQClientAPIImpl.java:531)
	at org.apache.rocketmq.client.impl.MQClientAPIImpl.sendMessageSync(MQClientAPIImpl.java:345)
	at org.apache.rocketmq.client.impl.MQClientAPIImpl.sendMessage(MQClientAPIImpl.java:327)
	at org.apache.rocketmq.client.impl.MQClientAPIImpl.sendMessage(MQClientAPIImpl.java:290)
	at org.apache.rocketmq.client.impl.producer.DefaultMQProducerImpl.sendKernelImpl(DefaultMQProducerImpl.java:688)
	at org.apache.rocketmq.client.impl.producer.DefaultMQProducerImpl.sendDefaultImpl(DefaultMQProducerImpl.java:458)
	at org.apache.rocketmq.client.impl.producer.DefaultMQProducerImpl.send(DefaultMQProducerImpl.java:1049)
	at org.apache.rocketmq.client.impl.producer.DefaultMQProducerImpl.send(DefaultMQProducerImpl.java:1008)
	at org.apache.rocketmq.client.producer.DefaultMQProducer.send(DefaultMQProducer.java:204)
	at org.apache.rocketmq.console.testbase.RocketMQConsoleTestBase.sendTestTopicMessage(RocketMQConsoleTestBase.java:107)
	at org.apache.rocketmq.console.service.impl.TopicServiceImplTest.setUp(TopicServiceImplTest.java:57)
	at sun.reflect.NativeMethodAccessorImpl.invoke0(Native Method)
	at sun.reflect.NativeMethodAccessorImpl.invoke(NativeMethodAccessorImpl.java:57)
	at sun.reflect.DelegatingMethodAccessorImpl.invoke(DelegatingMethodAccessorImpl.java:43)
	at java.lang.reflect.Method.invoke(Method.java:606)
	at org.junit.runners.model.FrameworkMethod$1.runReflectiveCall(FrameworkMethod.java:50)
	at org.junit.internal.runners.model.ReflectiveCallable.run(ReflectiveCallable.java:12)
	at org.junit.runners.model.FrameworkMethod.invokeExplosively(FrameworkMethod.java:47)
	at org.junit.internal.runners.statements.RunBefores.evaluate(RunBefores.java:24)
	at org.springframework.test.context.junit4.statements.RunBeforeTestMethodCallbacks.evaluate(RunBeforeTestMethodCallbacks.java:75)
	at org.junit.internal.runners.statements.RunAfters.evaluate(RunAfters.java:27)
	at org.springframework.test.context.junit4.statements.RunAfterTestMethodCallbacks.evaluate(RunAfterTestMethodCallbacks.java:86)
	at org.springframework.test.context.junit4.statements.SpringRepeat.evaluate(SpringRepeat.java:84)
	at org.junit.runners.ParentRunner.runLeaf(ParentRunner.java:325)
	at org.springframework.test.context.junit4.SpringJUnit4ClassRunner.runChild(SpringJUnit4ClassRunner.java:252)
	at org.springframework.test.context.junit4.SpringJUnit4ClassRunner.runChild(SpringJUnit4ClassRunner.java:94)
	at org.junit.runners.ParentRunner$3.run(ParentRunner.java:290)
	at org.junit.runners.ParentRunner$1.schedule(ParentRunner.java:71)
	at org.junit.runners.ParentRunner.runChildren(ParentRunner.java:288)
	at org.junit.runners.ParentRunner.access$000(ParentRunner.java:58)
	at org.junit.runners.ParentRunner$2.evaluate(ParentRunner.java:268)
	at org.springframework.test.context.junit4.statements.RunBeforeTestClassCallbacks.evaluate(RunBeforeTestClassCallbacks.java:61)
	at org.springframework.test.context.junit4.statements.RunAfterTestClassCallbacks.evaluate(RunAfterTestClassCallbacks.java:70)
	at org.junit.runners.ParentRunner.run(ParentRunner.java:363)
	at org.springframework.test.context.junit4.SpringJUnit4ClassRunner.run(SpringJUnit4ClassRunner.java:191)
	at org.apache.maven.surefire.junit4.JUnit4Provider.execute(JUnit4Provider.java:367)
	at org.apache.maven.surefire.junit4.JUnit4Provider.executeWithRerun(JUnit4Provider.java:274)
	at org.apache.maven.surefire.junit4.JUnit4Provider.executeTestSet(JUnit4Provider.java:238)
	at org.apache.maven.surefire.junit4.JUnit4Provider.invoke(JUnit4Provider.java:161)
	at org.apache.maven.surefire.booter.ForkedBooter.invokeProviderInSameClassLoader(ForkedBooter.java:290)
	at org.apache.maven.surefire.booter.ForkedBooter.runSuitesInProcess(ForkedBooter.java:242)
	at org.apache.maven.surefire.booter.ForkedBooter.main(ForkedBooter.java:121)
[2018-03-14 12:07:01.225]  WARN Message [topic=TEST_CONSOLE_TOPIC, flag=0, properties={KEYS=TEST_TOPIC_KEY, WAIT=true, UNIQ_KEY=C0A859EB30A4011E1E6742F90D960011}, body=11]
[2018-03-14 12:07:01.277] ERROR map file C:\Users\Administrator\rocketmq-console-test\20180314120653\commitlog\00000000000000000000 Failed. 
java.io.IOException: Map failed
	at sun.nio.ch.FileChannelImpl.map(FileChannelImpl.java:888)
	at org.apache.rocketmq.store.MappedFile.init(MappedFile.java:160)
	at org.apache.rocketmq.store.MappedFile.<init>(MappedFile.java:71)
	at org.apache.rocketmq.store.AllocateMappedFileService.mmapOperation(AllocateMappedFileService.java:182)
	at org.apache.rocketmq.store.AllocateMappedFileService.run(AllocateMappedFileService.java:143)
	at java.lang.Thread.run(Thread.java:745)
Caused by: java.lang.OutOfMemoryError: Map failed
	at sun.nio.ch.FileChannelImpl.map0(Native Method)
	at sun.nio.ch.FileChannelImpl.map(FileChannelImpl.java:885)
	... 5 common frames omitted
[2018-03-14 12:07:01.278]  WARN AllocateMappedFileService service has exception. 
java.io.IOException: Map failed
	at sun.nio.ch.FileChannelImpl.map(FileChannelImpl.java:888)
	at org.apache.rocketmq.store.MappedFile.init(MappedFile.java:160)
	at org.apache.rocketmq.store.MappedFile.<init>(MappedFile.java:71)
	at org.apache.rocketmq.store.AllocateMappedFileService.mmapOperation(AllocateMappedFileService.java:182)
	at org.apache.rocketmq.store.AllocateMappedFileService.run(AllocateMappedFileService.java:143)
	at java.lang.Thread.run(Thread.java:745)
Caused by: java.lang.OutOfMemoryError: Map failed
	at sun.nio.ch.FileChannelImpl.map0(Native Method)
	at sun.nio.ch.FileChannelImpl.map(FileChannelImpl.java:885)
	... 5 common frames omitted
[2018-03-14 12:07:01.487] ERROR map file C:\Users\Administrator\rocketmq-console-test\20180314120653\commitlog\00000000000000000000 Failed. 
java.io.IOException: Map failed
	at sun.nio.ch.FileChannelImpl.map(FileChannelImpl.java:888)
	at org.apache.rocketmq.store.MappedFile.init(MappedFile.java:160)
	at org.apache.rocketmq.store.MappedFile.<init>(MappedFile.java:71)
	at org.apache.rocketmq.store.AllocateMappedFileService.mmapOperation(AllocateMappedFileService.java:182)
	at org.apache.rocketmq.store.AllocateMappedFileService.run(AllocateMappedFileService.java:143)
	at java.lang.Thread.run(Thread.java:745)
Caused by: java.lang.OutOfMemoryError: Map failed
	at sun.nio.ch.FileChannelImpl.map0(Native Method)
	at sun.nio.ch.FileChannelImpl.map(FileChannelImpl.java:885)
	... 5 common frames omitted
[2018-03-14 12:07:01.487]  WARN AllocateMappedFileService service has exception. 
java.io.IOException: Map failed
	at sun.nio.ch.FileChannelImpl.map(FileChannelImpl.java:888)
	at org.apache.rocketmq.store.MappedFile.init(MappedFile.java:160)
	at org.apache.rocketmq.store.MappedFile.<init>(MappedFile.java:71)
	at org.apache.rocketmq.store.AllocateMappedFileService.mmapOperation(AllocateMappedFileService.java:182)
	at org.apache.rocketmq.store.AllocateMappedFileService.run(AllocateMappedFileService.java:143)
	at java.lang.Thread.run(Thread.java:745)
Caused by: java.lang.OutOfMemoryError: Map failed
	at sun.nio.ch.FileChannelImpl.map0(Native Method)
	at sun.nio.ch.FileChannelImpl.map(FileChannelImpl.java:885)
	... 5 common frames omitted
[2018-03-14 12:07:01.712] ERROR map file C:\Users\Administrator\rocketmq-console-test\20180314120653\commitlog\00000000000000000000 Failed. 
java.io.IOException: Map failed
	at sun.nio.ch.FileChannelImpl.map(FileChannelImpl.java:888)
	at org.apache.rocketmq.store.MappedFile.init(MappedFile.java:160)
	at org.apache.rocketmq.store.MappedFile.<init>(MappedFile.java:71)
	at org.apache.rocketmq.store.AllocateMappedFileService.mmapOperation(AllocateMappedFileService.java:182)
	at org.apache.rocketmq.store.AllocateMappedFileService.run(AllocateMappedFileService.java:143)
	at java.lang.Thread.run(Thread.java:745)
Caused by: java.lang.OutOfMemoryError: Map failed
	at sun.nio.ch.FileChannelImpl.map0(Native Method)
	at sun.nio.ch.FileChannelImpl.map(FileChannelImpl.java:885)
	... 5 common frames omitted
[2018-03-14 12:07:01.712]  WARN AllocateMappedFileService service has exception. 
java.io.IOException: Map failed
	at sun.nio.ch.FileChannelImpl.map(FileChannelImpl.java:888)
	at org.apache.rocketmq.store.MappedFile.init(MappedFile.java:160)
	at org.apache.rocketmq.store.MappedFile.<init>(MappedFile.java:71)
	at org.apache.rocketmq.store.AllocateMappedFileService.mmapOperation(AllocateMappedFileService.java:182)
	at org.apache.rocketmq.store.AllocateMappedFileService.run(AllocateMappedFileService.java:143)
	at java.lang.Thread.run(Thread.java:745)
Caused by: java.lang.OutOfMemoryError: Map failed
	at sun.nio.ch.FileChannelImpl.map0(Native Method)
	at sun.nio.ch.FileChannelImpl.map(FileChannelImpl.java:885)
	... 5 common frames omitted
[2018-03-14 12:07:01.824]  WARN sendKernelImpl exception, resend at once, InvokeID: -3894715435083544036, RT: 2ms, Broker: MessageQueue [topic=TEST_CONSOLE_TOPIC, brokerName=ConsoleTestBroker, queueId=0]
org.apache.rocketmq.client.exception.MQBrokerException: CODE: 2  DESC: [REJECTREQUEST]system busy, start flow control for a while
For more information, please visit the url, http://rocketmq.apache.org/docs/faq/
	at org.apache.rocketmq.client.impl.MQClientAPIImpl.processSendResponse(MQClientAPIImpl.java:531)
	at org.apache.rocketmq.client.impl.MQClientAPIImpl.sendMessageSync(MQClientAPIImpl.java:345)
	at org.apache.rocketmq.client.impl.MQClientAPIImpl.sendMessage(MQClientAPIImpl.java:327)
	at org.apache.rocketmq.client.impl.MQClientAPIImpl.sendMessage(MQClientAPIImpl.java:290)
	at org.apache.rocketmq.client.impl.producer.DefaultMQProducerImpl.sendKernelImpl(DefaultMQProducerImpl.java:688)
	at org.apache.rocketmq.client.impl.producer.DefaultMQProducerImpl.sendDefaultImpl(DefaultMQProducerImpl.java:458)
	at org.apache.rocketmq.client.impl.producer.DefaultMQProducerImpl.send(DefaultMQProducerImpl.java:1049)
	at org.apache.rocketmq.client.impl.producer.DefaultMQProducerImpl.send(DefaultMQProducerImpl.java:1008)
	at org.apache.rocketmq.client.producer.DefaultMQProducer.send(DefaultMQProducer.java:204)
	at org.apache.rocketmq.console.testbase.RocketMQConsoleTestBase.sendTestTopicMessage(RocketMQConsoleTestBase.java:107)
	at org.apache.rocketmq.console.service.impl.TopicServiceImplTest.setUp(TopicServiceImplTest.java:57)
	at sun.reflect.NativeMethodAccessorImpl.invoke0(Native Method)
	at sun.reflect.NativeMethodAccessorImpl.invoke(NativeMethodAccessorImpl.java:57)
	at sun.reflect.DelegatingMethodAccessorImpl.invoke(DelegatingMethodAccessorImpl.java:43)
	at java.lang.reflect.Method.invoke(Method.java:606)
	at org.junit.runners.model.FrameworkMethod$1.runReflectiveCall(FrameworkMethod.java:50)
	at org.junit.internal.runners.model.ReflectiveCallable.run(ReflectiveCallable.java:12)
	at org.junit.runners.model.FrameworkMethod.invokeExplosively(FrameworkMethod.java:47)
	at org.junit.internal.runners.statements.RunBefores.evaluate(RunBefores.java:24)
	at org.springframework.test.context.junit4.statements.RunBeforeTestMethodCallbacks.evaluate(RunBeforeTestMethodCallbacks.java:75)
	at org.junit.internal.runners.statements.RunAfters.evaluate(RunAfters.java:27)
	at org.springframework.test.context.junit4.statements.RunAfterTestMethodCallbacks.evaluate(RunAfterTestMethodCallbacks.java:86)
	at org.springframework.test.context.junit4.statements.SpringRepeat.evaluate(SpringRepeat.java:84)
	at org.junit.runners.ParentRunner.runLeaf(ParentRunner.java:325)
	at org.springframework.test.context.junit4.SpringJUnit4ClassRunner.runChild(SpringJUnit4ClassRunner.java:252)
	at org.springframework.test.context.junit4.SpringJUnit4ClassRunner.runChild(SpringJUnit4ClassRunner.java:94)
	at org.junit.runners.ParentRunner$3.run(ParentRunner.java:290)
	at org.junit.runners.ParentRunner$1.schedule(ParentRunner.java:71)
	at org.junit.runners.ParentRunner.runChildren(ParentRunner.java:288)
	at org.junit.runners.ParentRunner.access$000(ParentRunner.java:58)
	at org.junit.runners.ParentRunner$2.evaluate(ParentRunner.java:268)
	at org.springframework.test.context.junit4.statements.RunBeforeTestClassCallbacks.evaluate(RunBeforeTestClassCallbacks.java:61)
	at org.springframework.test.context.junit4.statements.RunAfterTestClassCallbacks.evaluate(RunAfterTestClassCallbacks.java:70)
	at org.junit.runners.ParentRunner.run(ParentRunner.java:363)
	at org.springframework.test.context.junit4.SpringJUnit4ClassRunner.run(SpringJUnit4ClassRunner.java:191)
	at org.apache.maven.surefire.junit4.JUnit4Provider.execute(JUnit4Provider.java:367)
	at org.apache.maven.surefire.junit4.JUnit4Provider.executeWithRerun(JUnit4Provider.java:274)
	at org.apache.maven.surefire.junit4.JUnit4Provider.executeTestSet(JUnit4Provider.java:238)
	at org.apache.maven.surefire.junit4.JUnit4Provider.invoke(JUnit4Provider.java:161)
	at org.apache.maven.surefire.booter.ForkedBooter.invokeProviderInSameClassLoader(ForkedBooter.java:290)
	at org.apache.maven.surefire.booter.ForkedBooter.runSuitesInProcess(ForkedBooter.java:242)
	at org.apache.maven.surefire.booter.ForkedBooter.main(ForkedBooter.java:121)
[2018-03-14 12:07:01.825]  WARN Message [topic=TEST_CONSOLE_TOPIC, flag=0, properties={KEYS=TEST_TOPIC_KEY, WAIT=true, UNIQ_KEY=C0A859EB30A4011E1E6742F90D960011}, body=11]
[2018-03-14 12:07:01.926] ERROR map file C:\Users\Administrator\rocketmq-console-test\20180314120653\commitlog\00000000000000000000 Failed. 
java.io.IOException: Map failed
	at sun.nio.ch.FileChannelImpl.map(FileChannelImpl.java:888)
	at org.apache.rocketmq.store.MappedFile.init(MappedFile.java:160)
	at org.apache.rocketmq.store.MappedFile.<init>(MappedFile.java:71)
	at org.apache.rocketmq.store.AllocateMappedFileService.mmapOperation(AllocateMappedFileService.java:182)
	at org.apache.rocketmq.store.AllocateMappedFileService.run(AllocateMappedFileService.java:143)
	at java.lang.Thread.run(Thread.java:745)
Caused by: java.lang.OutOfMemoryError: Map failed
	at sun.nio.ch.FileChannelImpl.map0(Native Method)
	at sun.nio.ch.FileChannelImpl.map(FileChannelImpl.java:885)
	... 5 common frames omitted
[2018-03-14 12:07:01.926]  WARN AllocateMappedFileService service has exception. 
java.io.IOException: Map failed
	at sun.nio.ch.FileChannelImpl.map(FileChannelImpl.java:888)
	at org.apache.rocketmq.store.MappedFile.init(MappedFile.java:160)
	at org.apache.rocketmq.store.MappedFile.<init>(MappedFile.java:71)
	at org.apache.rocketmq.store.AllocateMappedFileService.mmapOperation(AllocateMappedFileService.java:182)
	at org.apache.rocketmq.store.AllocateMappedFileService.run(AllocateMappedFileService.java:143)
	at java.lang.Thread.run(Thread.java:745)
Caused by: java.lang.OutOfMemoryError: Map failed
	at sun.nio.ch.FileChannelImpl.map0(Native Method)
	at sun.nio.ch.FileChannelImpl.map(FileChannelImpl.java:885)
	... 5 common frames omitted
[2018-03-14 12:07:02.138] ERROR map file C:\Users\Administrator\rocketmq-console-test\20180314120653\commitlog\00000000000000000000 Failed. 
java.io.IOException: Map failed
	at sun.nio.ch.FileChannelImpl.map(FileChannelImpl.java:888)
	at org.apache.rocketmq.store.MappedFile.init(MappedFile.java:160)
	at org.apache.rocketmq.store.MappedFile.<init>(MappedFile.java:71)
	at org.apache.rocketmq.store.AllocateMappedFileService.mmapOperation(AllocateMappedFileService.java:182)
	at org.apache.rocketmq.store.AllocateMappedFileService.run(AllocateMappedFileService.java:143)
	at java.lang.Thread.run(Thread.java:745)
Caused by: java.lang.OutOfMemoryError: Map failed
	at sun.nio.ch.FileChannelImpl.map0(Native Method)
	at sun.nio.ch.FileChannelImpl.map(FileChannelImpl.java:885)
	... 5 common frames omitted
[2018-03-14 12:07:02.138]  WARN AllocateMappedFileService service has exception. 
java.io.IOException: Map failed
	at sun.nio.ch.FileChannelImpl.map(FileChannelImpl.java:888)
	at org.apache.rocketmq.store.MappedFile.init(MappedFile.java:160)
	at org.apache.rocketmq.store.MappedFile.<init>(MappedFile.java:71)
	at org.apache.rocketmq.store.AllocateMappedFileService.mmapOperation(AllocateMappedFileService.java:182)
	at org.apache.rocketmq.store.AllocateMappedFileService.run(AllocateMappedFileService.java:143)
	at java.lang.Thread.run(Thread.java:745)
Caused by: java.lang.OutOfMemoryError: Map failed
	at sun.nio.ch.FileChannelImpl.map0(Native Method)
	at sun.nio.ch.FileChannelImpl.map(FileChannelImpl.java:885)
	... 5 common frames omitted
[2018-03-14 12:07:02.327]  WARN sendKernelImpl exception, resend at once, InvokeID: 6939763219620351748, RT: 2ms, Broker: MessageQueue [topic=TEST_CONSOLE_TOPIC, brokerName=ConsoleTestBroker, queueId=1]
org.apache.rocketmq.client.exception.MQBrokerException: CODE: 2  DESC: [REJECTREQUEST]system busy, start flow control for a while
For more information, please visit the url, http://rocketmq.apache.org/docs/faq/
	at org.apache.rocketmq.client.impl.MQClientAPIImpl.processSendResponse(MQClientAPIImpl.java:531)
	at org.apache.rocketmq.client.impl.MQClientAPIImpl.sendMessageSync(MQClientAPIImpl.java:345)
	at org.apache.rocketmq.client.impl.MQClientAPIImpl.sendMessage(MQClientAPIImpl.java:327)
	at org.apache.rocketmq.client.impl.MQClientAPIImpl.sendMessage(MQClientAPIImpl.java:290)
	at org.apache.rocketmq.client.impl.producer.DefaultMQProducerImpl.sendKernelImpl(DefaultMQProducerImpl.java:688)
	at org.apache.rocketmq.client.impl.producer.DefaultMQProducerImpl.sendDefaultImpl(DefaultMQProducerImpl.java:458)
	at org.apache.rocketmq.client.impl.producer.DefaultMQProducerImpl.send(DefaultMQProducerImpl.java:1049)
	at org.apache.rocketmq.client.impl.producer.DefaultMQProducerImpl.send(DefaultMQProducerImpl.java:1008)
	at org.apache.rocketmq.client.producer.DefaultMQProducer.send(DefaultMQProducer.java:204)
	at org.apache.rocketmq.console.testbase.RocketMQConsoleTestBase.sendTestTopicMessage(RocketMQConsoleTestBase.java:107)
	at org.apache.rocketmq.console.service.impl.TopicServiceImplTest.setUp(TopicServiceImplTest.java:57)
	at sun.reflect.NativeMethodAccessorImpl.invoke0(Native Method)
	at sun.reflect.NativeMethodAccessorImpl.invoke(NativeMethodAccessorImpl.java:57)
	at sun.reflect.DelegatingMethodAccessorImpl.invoke(DelegatingMethodAccessorImpl.java:43)
	at java.lang.reflect.Method.invoke(Method.java:606)
	at org.junit.runners.model.FrameworkMethod$1.runReflectiveCall(FrameworkMethod.java:50)
	at org.junit.internal.runners.model.ReflectiveCallable.run(ReflectiveCallable.java:12)
	at org.junit.runners.model.FrameworkMethod.invokeExplosively(FrameworkMethod.java:47)
	at org.junit.internal.runners.statements.RunBefores.evaluate(RunBefores.java:24)
	at org.springframework.test.context.junit4.statements.RunBeforeTestMethodCallbacks.evaluate(RunBeforeTestMethodCallbacks.java:75)
	at org.junit.internal.runners.statements.RunAfters.evaluate(RunAfters.java:27)
	at org.springframework.test.context.junit4.statements.RunAfterTestMethodCallbacks.evaluate(RunAfterTestMethodCallbacks.java:86)
	at org.springframework.test.context.junit4.statements.SpringRepeat.evaluate(SpringRepeat.java:84)
	at org.junit.runners.ParentRunner.runLeaf(ParentRunner.java:325)
	at org.springframework.test.context.junit4.SpringJUnit4ClassRunner.runChild(SpringJUnit4ClassRunner.java:252)
	at org.springframework.test.context.junit4.SpringJUnit4ClassRunner.runChild(SpringJUnit4ClassRunner.java:94)
	at org.junit.runners.ParentRunner$3.run(ParentRunner.java:290)
	at org.junit.runners.ParentRunner$1.schedule(ParentRunner.java:71)
	at org.junit.runners.ParentRunner.runChildren(ParentRunner.java:288)
	at org.junit.runners.ParentRunner.access$000(ParentRunner.java:58)
	at org.junit.runners.ParentRunner$2.evaluate(ParentRunner.java:268)
	at org.springframework.test.context.junit4.statements.RunBeforeTestClassCallbacks.evaluate(RunBeforeTestClassCallbacks.java:61)
	at org.springframework.test.context.junit4.statements.RunAfterTestClassCallbacks.evaluate(RunAfterTestClassCallbacks.java:70)
	at org.junit.runners.ParentRunner.run(ParentRunner.java:363)
	at org.springframework.test.context.junit4.SpringJUnit4ClassRunner.run(SpringJUnit4ClassRunner.java:191)
	at org.apache.maven.surefire.junit4.JUnit4Provider.execute(JUnit4Provider.java:367)
	at org.apache.maven.surefire.junit4.JUnit4Provider.executeWithRerun(JUnit4Provider.java:274)
	at org.apache.maven.surefire.junit4.JUnit4Provider.executeTestSet(JUnit4Provider.java:238)
	at org.apache.maven.surefire.junit4.JUnit4Provider.invoke(JUnit4Provider.java:161)
	at org.apache.maven.surefire.booter.ForkedBooter.invokeProviderInSameClassLoader(ForkedBooter.java:290)
	at org.apache.maven.surefire.booter.ForkedBooter.runSuitesInProcess(ForkedBooter.java:242)
	at org.apache.maven.surefire.booter.ForkedBooter.main(ForkedBooter.java:121)
[2018-03-14 12:07:02.327]  WARN Message [topic=TEST_CONSOLE_TOPIC, flag=0, properties={KEYS=TEST_TOPIC_KEY, WAIT=true, UNIQ_KEY=C0A859EB30A4011E1E6742F90D960011}, body=11]
[2018-03-14 12:07:02.349] ERROR map file C:\Users\Administrator\rocketmq-console-test\20180314120653\commitlog\00000000000000000000 Failed. 
java.io.IOException: Map failed
	at sun.nio.ch.FileChannelImpl.map(FileChannelImpl.java:888)
	at org.apache.rocketmq.store.MappedFile.init(MappedFile.java:160)
	at org.apache.rocketmq.store.MappedFile.<init>(MappedFile.java:71)
	at org.apache.rocketmq.store.AllocateMappedFileService.mmapOperation(AllocateMappedFileService.java:182)
	at org.apache.rocketmq.store.AllocateMappedFileService.run(AllocateMappedFileService.java:143)
	at java.lang.Thread.run(Thread.java:745)
Caused by: java.lang.OutOfMemoryError: Map failed
	at sun.nio.ch.FileChannelImpl.map0(Native Method)
	at sun.nio.ch.FileChannelImpl.map(FileChannelImpl.java:885)
	... 5 common frames omitted
[2018-03-14 12:07:02.350]  WARN AllocateMappedFileService service has exception. 
java.io.IOException: Map failed
	at sun.nio.ch.FileChannelImpl.map(FileChannelImpl.java:888)
	at org.apache.rocketmq.store.MappedFile.init(MappedFile.java:160)
	at org.apache.rocketmq.store.MappedFile.<init>(MappedFile.java:71)
	at org.apache.rocketmq.store.AllocateMappedFileService.mmapOperation(AllocateMappedFileService.java:182)
	at org.apache.rocketmq.store.AllocateMappedFileService.run(AllocateMappedFileService.java:143)
	at java.lang.Thread.run(Thread.java:745)
Caused by: java.lang.OutOfMemoryError: Map failed
	at sun.nio.ch.FileChannelImpl.map0(Native Method)
	at sun.nio.ch.FileChannelImpl.map(FileChannelImpl.java:885)
	... 5 common frames omitted
[2018-03-14 12:07:02.565] ERROR map file C:\Users\Administrator\rocketmq-console-test\20180314120653\commitlog\00000000000000000000 Failed. 
java.io.IOException: Map failed
	at sun.nio.ch.FileChannelImpl.map(FileChannelImpl.java:888)
	at org.apache.rocketmq.store.MappedFile.init(MappedFile.java:160)
	at org.apache.rocketmq.store.MappedFile.<init>(MappedFile.java:71)
	at org.apache.rocketmq.store.AllocateMappedFileService.mmapOperation(AllocateMappedFileService.java:182)
	at org.apache.rocketmq.store.AllocateMappedFileService.run(AllocateMappedFileService.java:143)
	at java.lang.Thread.run(Thread.java:745)
Caused by: java.lang.OutOfMemoryError: Map failed
	at sun.nio.ch.FileChannelImpl.map0(Native Method)
	at sun.nio.ch.FileChannelImpl.map(FileChannelImpl.java:885)
	... 5 common frames omitted
[2018-03-14 12:07:02.566]  WARN AllocateMappedFileService service has exception. 
java.io.IOException: Map failed
	at sun.nio.ch.FileChannelImpl.map(FileChannelImpl.java:888)
	at org.apache.rocketmq.store.MappedFile.init(MappedFile.java:160)
	at org.apache.rocketmq.store.MappedFile.<init>(MappedFile.java:71)
	at org.apache.rocketmq.store.AllocateMappedFileService.mmapOperation(AllocateMappedFileService.java:182)
	at org.apache.rocketmq.store.AllocateMappedFileService.run(AllocateMappedFileService.java:143)
	at java.lang.Thread.run(Thread.java:745)
Caused by: java.lang.OutOfMemoryError: Map failed
	at sun.nio.ch.FileChannelImpl.map0(Native Method)
	at sun.nio.ch.FileChannelImpl.map(FileChannelImpl.java:885)
	... 5 common frames omitted
[2018-03-14 12:07:02.780] ERROR map file C:\Users\Administrator\rocketmq-console-test\20180314120653\commitlog\00000000000000000000 Failed. 
java.io.IOException: Map failed
	at sun.nio.ch.FileChannelImpl.map(FileChannelImpl.java:888)
	at org.apache.rocketmq.store.MappedFile.init(MappedFile.java:160)
	at org.apache.rocketmq.store.MappedFile.<init>(MappedFile.java:71)
	at org.apache.rocketmq.store.AllocateMappedFileService.mmapOperation(AllocateMappedFileService.java:182)
	at org.apache.rocketmq.store.AllocateMappedFileService.run(AllocateMappedFileService.java:143)
	at java.lang.Thread.run(Thread.java:745)
Caused by: java.lang.OutOfMemoryError: Map failed
	at sun.nio.ch.FileChannelImpl.map0(Native Method)
	at sun.nio.ch.FileChannelImpl.map(FileChannelImpl.java:885)
	... 5 common frames omitted
[2018-03-14 12:07:02.781]  WARN AllocateMappedFileService service has exception. 
java.io.IOException: Map failed
	at sun.nio.ch.FileChannelImpl.map(FileChannelImpl.java:888)
	at org.apache.rocketmq.store.MappedFile.init(MappedFile.java:160)
	at org.apache.rocketmq.store.MappedFile.<init>(MappedFile.java:71)
	at org.apache.rocketmq.store.AllocateMappedFileService.mmapOperation(AllocateMappedFileService.java:182)
	at org.apache.rocketmq.store.AllocateMappedFileService.run(AllocateMappedFileService.java:143)
	at java.lang.Thread.run(Thread.java:745)
Caused by: java.lang.OutOfMemoryError: Map failed
	at sun.nio.ch.FileChannelImpl.map0(Native Method)
	at sun.nio.ch.FileChannelImpl.map(FileChannelImpl.java:885)
	... 5 common frames omitted
]]></system-out>
  </testcase>
  <testcase name="examineTopicConfigList" classname="org.apache.rocketmq.console.service.impl.TopicServiceImplTest" time="5.497">
    <error message="send message error" type="java.lang.RuntimeException">java.lang.RuntimeException: send message error
	at org.apache.rocketmq.console.service.impl.TopicServiceImplTest.setUp(TopicServiceImplTest.java:57)
</error>
    <system-out><![CDATA[[2018-03-14 12:07:02.994] ERROR map file C:\Users\Administrator\rocketmq-console-test\20180314120653\commitlog\00000000000000000000 Failed. 
java.io.IOException: Map failed
	at sun.nio.ch.FileChannelImpl.map(FileChannelImpl.java:888)
	at org.apache.rocketmq.store.MappedFile.init(MappedFile.java:160)
	at org.apache.rocketmq.store.MappedFile.<init>(MappedFile.java:71)
	at org.apache.rocketmq.store.AllocateMappedFileService.mmapOperation(AllocateMappedFileService.java:182)
	at org.apache.rocketmq.store.AllocateMappedFileService.run(AllocateMappedFileService.java:143)
	at java.lang.Thread.run(Thread.java:745)
Caused by: java.lang.OutOfMemoryError: Map failed
	at sun.nio.ch.FileChannelImpl.map0(Native Method)
	at sun.nio.ch.FileChannelImpl.map(FileChannelImpl.java:885)
	... 5 common frames omitted
[2018-03-14 12:07:02.994]  WARN AllocateMappedFileService service has exception. 
java.io.IOException: Map failed
	at sun.nio.ch.FileChannelImpl.map(FileChannelImpl.java:888)
	at org.apache.rocketmq.store.MappedFile.init(MappedFile.java:160)
	at org.apache.rocketmq.store.MappedFile.<init>(MappedFile.java:71)
	at org.apache.rocketmq.store.AllocateMappedFileService.mmapOperation(AllocateMappedFileService.java:182)
	at org.apache.rocketmq.store.AllocateMappedFileService.run(AllocateMappedFileService.java:143)
	at java.lang.Thread.run(Thread.java:745)
Caused by: java.lang.OutOfMemoryError: Map failed
	at sun.nio.ch.FileChannelImpl.map0(Native Method)
	at sun.nio.ch.FileChannelImpl.map(FileChannelImpl.java:885)
	... 5 common frames omitted
[2018-03-14 12:07:03.210] ERROR map file C:\Users\Administrator\rocketmq-console-test\20180314120653\commitlog\00000000000000000000 Failed. 
java.io.IOException: Map failed
	at sun.nio.ch.FileChannelImpl.map(FileChannelImpl.java:888)
	at org.apache.rocketmq.store.MappedFile.init(MappedFile.java:160)
	at org.apache.rocketmq.store.MappedFile.<init>(MappedFile.java:71)
	at org.apache.rocketmq.store.AllocateMappedFileService.mmapOperation(AllocateMappedFileService.java:182)
	at org.apache.rocketmq.store.AllocateMappedFileService.run(AllocateMappedFileService.java:143)
	at java.lang.Thread.run(Thread.java:745)
Caused by: java.lang.OutOfMemoryError: Map failed
	at sun.nio.ch.FileChannelImpl.map0(Native Method)
	at sun.nio.ch.FileChannelImpl.map(FileChannelImpl.java:885)
	... 5 common frames omitted
[2018-03-14 12:07:03.210]  WARN AllocateMappedFileService service has exception. 
java.io.IOException: Map failed
	at sun.nio.ch.FileChannelImpl.map(FileChannelImpl.java:888)
	at org.apache.rocketmq.store.MappedFile.init(MappedFile.java:160)
	at org.apache.rocketmq.store.MappedFile.<init>(MappedFile.java:71)
	at org.apache.rocketmq.store.AllocateMappedFileService.mmapOperation(AllocateMappedFileService.java:182)
	at org.apache.rocketmq.store.AllocateMappedFileService.run(AllocateMappedFileService.java:143)
	at java.lang.Thread.run(Thread.java:745)
Caused by: java.lang.OutOfMemoryError: Map failed
	at sun.nio.ch.FileChannelImpl.map0(Native Method)
	at sun.nio.ch.FileChannelImpl.map(FileChannelImpl.java:885)
	... 5 common frames omitted
[2018-03-14 12:07:03.323]  WARN create mmap timeout C:\Users\Administrator\rocketmq-console-test\20180314120653\commitlog\00000000000000000000 1073741824
[2018-03-14 12:07:03.323] ERROR create maped file1 error, topic: TEST_CONSOLE_TOPIC clientAddr: 127.0.0.1
[2018-03-14 12:07:03.324]  WARN putMessage not in lock eclipse time(ms)=5102, bodyLength=11
[2018-03-14 12:07:03.427] ERROR map file C:\Users\Administrator\rocketmq-console-test\20180314120653\commitlog\00000000000000000000 Failed. 
java.io.IOException: Map failed
	at sun.nio.ch.FileChannelImpl.map(FileChannelImpl.java:888)
	at org.apache.rocketmq.store.MappedFile.init(MappedFile.java:160)
	at org.apache.rocketmq.store.MappedFile.<init>(MappedFile.java:71)
	at org.apache.rocketmq.store.AllocateMappedFileService.mmapOperation(AllocateMappedFileService.java:182)
	at org.apache.rocketmq.store.AllocateMappedFileService.run(AllocateMappedFileService.java:143)
	at java.lang.Thread.run(Thread.java:745)
Caused by: java.lang.OutOfMemoryError: Map failed
	at sun.nio.ch.FileChannelImpl.map0(Native Method)
	at sun.nio.ch.FileChannelImpl.map(FileChannelImpl.java:885)
	... 5 common frames omitted
[2018-03-14 12:07:03.428]  WARN AllocateMappedFileService service has exception. 
java.io.IOException: Map failed
	at sun.nio.ch.FileChannelImpl.map(FileChannelImpl.java:888)
	at org.apache.rocketmq.store.MappedFile.init(MappedFile.java:160)
	at org.apache.rocketmq.store.MappedFile.<init>(MappedFile.java:71)
	at org.apache.rocketmq.store.AllocateMappedFileService.mmapOperation(AllocateMappedFileService.java:182)
	at org.apache.rocketmq.store.AllocateMappedFileService.run(AllocateMappedFileService.java:143)
	at java.lang.Thread.run(Thread.java:745)
Caused by: java.lang.OutOfMemoryError: Map failed
	at sun.nio.ch.FileChannelImpl.map0(Native Method)
	at sun.nio.ch.FileChannelImpl.map(FileChannelImpl.java:885)
	... 5 common frames omitted
[2018-03-14 12:07:03.646] ERROR map file C:\Users\Administrator\rocketmq-console-test\20180314120653\commitlog\00000000000000000000 Failed. 
java.io.IOException: Map failed
	at sun.nio.ch.FileChannelImpl.map(FileChannelImpl.java:888)
	at org.apache.rocketmq.store.MappedFile.init(MappedFile.java:160)
	at org.apache.rocketmq.store.MappedFile.<init>(MappedFile.java:71)
	at org.apache.rocketmq.store.AllocateMappedFileService.mmapOperation(AllocateMappedFileService.java:182)
	at org.apache.rocketmq.store.AllocateMappedFileService.run(AllocateMappedFileService.java:143)
	at java.lang.Thread.run(Thread.java:745)
Caused by: java.lang.OutOfMemoryError: Map failed
	at sun.nio.ch.FileChannelImpl.map0(Native Method)
	at sun.nio.ch.FileChannelImpl.map(FileChannelImpl.java:885)
	... 5 common frames omitted
[2018-03-14 12:07:03.646]  WARN AllocateMappedFileService service has exception. 
java.io.IOException: Map failed
	at sun.nio.ch.FileChannelImpl.map(FileChannelImpl.java:888)
	at org.apache.rocketmq.store.MappedFile.init(MappedFile.java:160)
	at org.apache.rocketmq.store.MappedFile.<init>(MappedFile.java:71)
	at org.apache.rocketmq.store.AllocateMappedFileService.mmapOperation(AllocateMappedFileService.java:182)
	at org.apache.rocketmq.store.AllocateMappedFileService.run(AllocateMappedFileService.java:143)
	at java.lang.Thread.run(Thread.java:745)
Caused by: java.lang.OutOfMemoryError: Map failed
	at sun.nio.ch.FileChannelImpl.map0(Native Method)
	at sun.nio.ch.FileChannelImpl.map(FileChannelImpl.java:885)
	... 5 common frames omitted
[2018-03-14 12:07:03.858] ERROR map file C:\Users\Administrator\rocketmq-console-test\20180314120653\commitlog\00000000000000000000 Failed. 
java.io.IOException: Map failed
	at sun.nio.ch.FileChannelImpl.map(FileChannelImpl.java:888)
	at org.apache.rocketmq.store.MappedFile.init(MappedFile.java:160)
	at org.apache.rocketmq.store.MappedFile.<init>(MappedFile.java:71)
	at org.apache.rocketmq.store.AllocateMappedFileService.mmapOperation(AllocateMappedFileService.java:182)
	at org.apache.rocketmq.store.AllocateMappedFileService.run(AllocateMappedFileService.java:143)
	at java.lang.Thread.run(Thread.java:745)
Caused by: java.lang.OutOfMemoryError: Map failed
	at sun.nio.ch.FileChannelImpl.map0(Native Method)
	at sun.nio.ch.FileChannelImpl.map(FileChannelImpl.java:885)
	... 5 common frames omitted
[2018-03-14 12:07:03.858]  WARN AllocateMappedFileService service has exception. 
java.io.IOException: Map failed
	at sun.nio.ch.FileChannelImpl.map(FileChannelImpl.java:888)
	at org.apache.rocketmq.store.MappedFile.init(MappedFile.java:160)
	at org.apache.rocketmq.store.MappedFile.<init>(MappedFile.java:71)
	at org.apache.rocketmq.store.AllocateMappedFileService.mmapOperation(AllocateMappedFileService.java:182)
	at org.apache.rocketmq.store.AllocateMappedFileService.run(AllocateMappedFileService.java:143)
	at java.lang.Thread.run(Thread.java:745)
Caused by: java.lang.OutOfMemoryError: Map failed
	at sun.nio.ch.FileChannelImpl.map0(Native Method)
	at sun.nio.ch.FileChannelImpl.map(FileChannelImpl.java:885)
	... 5 common frames omitted
[2018-03-14 12:07:04.078] ERROR map file C:\Users\Administrator\rocketmq-console-test\20180314120653\commitlog\00000000000000000000 Failed. 
java.io.IOException: Map failed
	at sun.nio.ch.FileChannelImpl.map(FileChannelImpl.java:888)
	at org.apache.rocketmq.store.MappedFile.init(MappedFile.java:160)
	at org.apache.rocketmq.store.MappedFile.<init>(MappedFile.java:71)
	at org.apache.rocketmq.store.AllocateMappedFileService.mmapOperation(AllocateMappedFileService.java:182)
	at org.apache.rocketmq.store.AllocateMappedFileService.run(AllocateMappedFileService.java:143)
	at java.lang.Thread.run(Thread.java:745)
Caused by: java.lang.OutOfMemoryError: Map failed
	at sun.nio.ch.FileChannelImpl.map0(Native Method)
	at sun.nio.ch.FileChannelImpl.map(FileChannelImpl.java:885)
	... 5 common frames omitted
[2018-03-14 12:07:04.082]  WARN AllocateMappedFileService service has exception. 
java.io.IOException: Map failed
	at sun.nio.ch.FileChannelImpl.map(FileChannelImpl.java:888)
	at org.apache.rocketmq.store.MappedFile.init(MappedFile.java:160)
	at org.apache.rocketmq.store.MappedFile.<init>(MappedFile.java:71)
	at org.apache.rocketmq.store.AllocateMappedFileService.mmapOperation(AllocateMappedFileService.java:182)
	at org.apache.rocketmq.store.AllocateMappedFileService.run(AllocateMappedFileService.java:143)
	at java.lang.Thread.run(Thread.java:745)
Caused by: java.lang.OutOfMemoryError: Map failed
	at sun.nio.ch.FileChannelImpl.map0(Native Method)
	at sun.nio.ch.FileChannelImpl.map(FileChannelImpl.java:885)
	... 5 common frames omitted
[2018-03-14 12:07:04.299] ERROR map file C:\Users\Administrator\rocketmq-console-test\20180314120653\commitlog\00000000000000000000 Failed. 
java.io.IOException: Map failed
	at sun.nio.ch.FileChannelImpl.map(FileChannelImpl.java:888)
	at org.apache.rocketmq.store.MappedFile.init(MappedFile.java:160)
	at org.apache.rocketmq.store.MappedFile.<init>(MappedFile.java:71)
	at org.apache.rocketmq.store.AllocateMappedFileService.mmapOperation(AllocateMappedFileService.java:182)
	at org.apache.rocketmq.store.AllocateMappedFileService.run(AllocateMappedFileService.java:143)
	at java.lang.Thread.run(Thread.java:745)
Caused by: java.lang.OutOfMemoryError: Map failed
	at sun.nio.ch.FileChannelImpl.map0(Native Method)
	at sun.nio.ch.FileChannelImpl.map(FileChannelImpl.java:885)
	... 5 common frames omitted
[2018-03-14 12:07:04.299]  WARN AllocateMappedFileService service has exception. 
java.io.IOException: Map failed
	at sun.nio.ch.FileChannelImpl.map(FileChannelImpl.java:888)
	at org.apache.rocketmq.store.MappedFile.init(MappedFile.java:160)
	at org.apache.rocketmq.store.MappedFile.<init>(MappedFile.java:71)
	at org.apache.rocketmq.store.AllocateMappedFileService.mmapOperation(AllocateMappedFileService.java:182)
	at org.apache.rocketmq.store.AllocateMappedFileService.run(AllocateMappedFileService.java:143)
	at java.lang.Thread.run(Thread.java:745)
Caused by: java.lang.OutOfMemoryError: Map failed
	at sun.nio.ch.FileChannelImpl.map0(Native Method)
	at sun.nio.ch.FileChannelImpl.map(FileChannelImpl.java:885)
	... 5 common frames omitted
[2018-03-14 12:07:04.509] ERROR map file C:\Users\Administrator\rocketmq-console-test\20180314120653\commitlog\00000000000000000000 Failed. 
java.io.IOException: Map failed
	at sun.nio.ch.FileChannelImpl.map(FileChannelImpl.java:888)
	at org.apache.rocketmq.store.MappedFile.init(MappedFile.java:160)
	at org.apache.rocketmq.store.MappedFile.<init>(MappedFile.java:71)
	at org.apache.rocketmq.store.AllocateMappedFileService.mmapOperation(AllocateMappedFileService.java:182)
	at org.apache.rocketmq.store.AllocateMappedFileService.run(AllocateMappedFileService.java:143)
	at java.lang.Thread.run(Thread.java:745)
Caused by: java.lang.OutOfMemoryError: Map failed
	at sun.nio.ch.FileChannelImpl.map0(Native Method)
	at sun.nio.ch.FileChannelImpl.map(FileChannelImpl.java:885)
	... 5 common frames omitted
[2018-03-14 12:07:04.513]  WARN AllocateMappedFileService service has exception. 
java.io.IOException: Map failed
	at sun.nio.ch.FileChannelImpl.map(FileChannelImpl.java:888)
	at org.apache.rocketmq.store.MappedFile.init(MappedFile.java:160)
	at org.apache.rocketmq.store.MappedFile.<init>(MappedFile.java:71)
	at org.apache.rocketmq.store.AllocateMappedFileService.mmapOperation(AllocateMappedFileService.java:182)
	at org.apache.rocketmq.store.AllocateMappedFileService.run(AllocateMappedFileService.java:143)
	at java.lang.Thread.run(Thread.java:745)
Caused by: java.lang.OutOfMemoryError: Map failed
	at sun.nio.ch.FileChannelImpl.map0(Native Method)
	at sun.nio.ch.FileChannelImpl.map(FileChannelImpl.java:885)
	... 5 common frames omitted
[2018-03-14 12:07:04.726] ERROR map file C:\Users\Administrator\rocketmq-console-test\20180314120653\commitlog\00000000000000000000 Failed. 
java.io.IOException: Map failed
	at sun.nio.ch.FileChannelImpl.map(FileChannelImpl.java:888)
	at org.apache.rocketmq.store.MappedFile.init(MappedFile.java:160)
	at org.apache.rocketmq.store.MappedFile.<init>(MappedFile.java:71)
	at org.apache.rocketmq.store.AllocateMappedFileService.mmapOperation(AllocateMappedFileService.java:182)
	at org.apache.rocketmq.store.AllocateMappedFileService.run(AllocateMappedFileService.java:143)
	at java.lang.Thread.run(Thread.java:745)
Caused by: java.lang.OutOfMemoryError: Map failed
	at sun.nio.ch.FileChannelImpl.map0(Native Method)
	at sun.nio.ch.FileChannelImpl.map(FileChannelImpl.java:885)
	... 5 common frames omitted
[2018-03-14 12:07:04.726]  WARN AllocateMappedFileService service has exception. 
java.io.IOException: Map failed
	at sun.nio.ch.FileChannelImpl.map(FileChannelImpl.java:888)
	at org.apache.rocketmq.store.MappedFile.init(MappedFile.java:160)
	at org.apache.rocketmq.store.MappedFile.<init>(MappedFile.java:71)
	at org.apache.rocketmq.store.AllocateMappedFileService.mmapOperation(AllocateMappedFileService.java:182)
	at org.apache.rocketmq.store.AllocateMappedFileService.run(AllocateMappedFileService.java:143)
	at java.lang.Thread.run(Thread.java:745)
Caused by: java.lang.OutOfMemoryError: Map failed
	at sun.nio.ch.FileChannelImpl.map0(Native Method)
	at sun.nio.ch.FileChannelImpl.map(FileChannelImpl.java:885)
	... 5 common frames omitted
[2018-03-14 12:07:04.948] ERROR map file C:\Users\Administrator\rocketmq-console-test\20180314120653\commitlog\00000000000000000000 Failed. 
java.io.IOException: Map failed
	at sun.nio.ch.FileChannelImpl.map(FileChannelImpl.java:888)
	at org.apache.rocketmq.store.MappedFile.init(MappedFile.java:160)
	at org.apache.rocketmq.store.MappedFile.<init>(MappedFile.java:71)
	at org.apache.rocketmq.store.AllocateMappedFileService.mmapOperation(AllocateMappedFileService.java:182)
	at org.apache.rocketmq.store.AllocateMappedFileService.run(AllocateMappedFileService.java:143)
	at java.lang.Thread.run(Thread.java:745)
Caused by: java.lang.OutOfMemoryError: Map failed
	at sun.nio.ch.FileChannelImpl.map0(Native Method)
	at sun.nio.ch.FileChannelImpl.map(FileChannelImpl.java:885)
	... 5 common frames omitted
[2018-03-14 12:07:04.948]  WARN AllocateMappedFileService service has exception. 
java.io.IOException: Map failed
	at sun.nio.ch.FileChannelImpl.map(FileChannelImpl.java:888)
	at org.apache.rocketmq.store.MappedFile.init(MappedFile.java:160)
	at org.apache.rocketmq.store.MappedFile.<init>(MappedFile.java:71)
	at org.apache.rocketmq.store.AllocateMappedFileService.mmapOperation(AllocateMappedFileService.java:182)
	at org.apache.rocketmq.store.AllocateMappedFileService.run(AllocateMappedFileService.java:143)
	at java.lang.Thread.run(Thread.java:745)
Caused by: java.lang.OutOfMemoryError: Map failed
	at sun.nio.ch.FileChannelImpl.map0(Native Method)
	at sun.nio.ch.FileChannelImpl.map(FileChannelImpl.java:885)
	... 5 common frames omitted
[2018-03-14 12:07:05.175] ERROR map file C:\Users\Administrator\rocketmq-console-test\20180314120653\commitlog\00000000000000000000 Failed. 
java.io.IOException: Map failed
	at sun.nio.ch.FileChannelImpl.map(FileChannelImpl.java:888)
	at org.apache.rocketmq.store.MappedFile.init(MappedFile.java:160)
	at org.apache.rocketmq.store.MappedFile.<init>(MappedFile.java:71)
	at org.apache.rocketmq.store.AllocateMappedFileService.mmapOperation(AllocateMappedFileService.java:182)
	at org.apache.rocketmq.store.AllocateMappedFileService.run(AllocateMappedFileService.java:143)
	at java.lang.Thread.run(Thread.java:745)
Caused by: java.lang.OutOfMemoryError: Map failed
	at sun.nio.ch.FileChannelImpl.map0(Native Method)
	at sun.nio.ch.FileChannelImpl.map(FileChannelImpl.java:885)
	... 5 common frames omitted
[2018-03-14 12:07:05.175]  WARN AllocateMappedFileService service has exception. 
java.io.IOException: Map failed
	at sun.nio.ch.FileChannelImpl.map(FileChannelImpl.java:888)
	at org.apache.rocketmq.store.MappedFile.init(MappedFile.java:160)
	at org.apache.rocketmq.store.MappedFile.<init>(MappedFile.java:71)
	at org.apache.rocketmq.store.AllocateMappedFileService.mmapOperation(AllocateMappedFileService.java:182)
	at org.apache.rocketmq.store.AllocateMappedFileService.run(AllocateMappedFileService.java:143)
	at java.lang.Thread.run(Thread.java:745)
Caused by: java.lang.OutOfMemoryError: Map failed
	at sun.nio.ch.FileChannelImpl.map0(Native Method)
	at sun.nio.ch.FileChannelImpl.map(FileChannelImpl.java:885)
	... 5 common frames omitted
[2018-03-14 12:07:05.388] ERROR map file C:\Users\Administrator\rocketmq-console-test\20180314120653\commitlog\00000000000000000000 Failed. 
java.io.IOException: Map failed
	at sun.nio.ch.FileChannelImpl.map(FileChannelImpl.java:888)
	at org.apache.rocketmq.store.MappedFile.init(MappedFile.java:160)
	at org.apache.rocketmq.store.MappedFile.<init>(MappedFile.java:71)
	at org.apache.rocketmq.store.AllocateMappedFileService.mmapOperation(AllocateMappedFileService.java:182)
	at org.apache.rocketmq.store.AllocateMappedFileService.run(AllocateMappedFileService.java:143)
	at java.lang.Thread.run(Thread.java:745)
Caused by: java.lang.OutOfMemoryError: Map failed
	at sun.nio.ch.FileChannelImpl.map0(Native Method)
	at sun.nio.ch.FileChannelImpl.map(FileChannelImpl.java:885)
	... 5 common frames omitted
[2018-03-14 12:07:05.388]  WARN AllocateMappedFileService service has exception. 
java.io.IOException: Map failed
	at sun.nio.ch.FileChannelImpl.map(FileChannelImpl.java:888)
	at org.apache.rocketmq.store.MappedFile.init(MappedFile.java:160)
	at org.apache.rocketmq.store.MappedFile.<init>(MappedFile.java:71)
	at org.apache.rocketmq.store.AllocateMappedFileService.mmapOperation(AllocateMappedFileService.java:182)
	at org.apache.rocketmq.store.AllocateMappedFileService.run(AllocateMappedFileService.java:143)
	at java.lang.Thread.run(Thread.java:745)
Caused by: java.lang.OutOfMemoryError: Map failed
	at sun.nio.ch.FileChannelImpl.map0(Native Method)
	at sun.nio.ch.FileChannelImpl.map(FileChannelImpl.java:885)
	... 5 common frames omitted
[2018-03-14 12:07:05.600] ERROR map file C:\Users\Administrator\rocketmq-console-test\20180314120653\commitlog\00000000000000000000 Failed. 
java.io.IOException: Map failed
	at sun.nio.ch.FileChannelImpl.map(FileChannelImpl.java:888)
	at org.apache.rocketmq.store.MappedFile.init(MappedFile.java:160)
	at org.apache.rocketmq.store.MappedFile.<init>(MappedFile.java:71)
	at org.apache.rocketmq.store.AllocateMappedFileService.mmapOperation(AllocateMappedFileService.java:182)
	at org.apache.rocketmq.store.AllocateMappedFileService.run(AllocateMappedFileService.java:143)
	at java.lang.Thread.run(Thread.java:745)
Caused by: java.lang.OutOfMemoryError: Map failed
	at sun.nio.ch.FileChannelImpl.map0(Native Method)
	at sun.nio.ch.FileChannelImpl.map(FileChannelImpl.java:885)
	... 5 common frames omitted
[2018-03-14 12:07:05.601]  WARN AllocateMappedFileService service has exception. 
java.io.IOException: Map failed
	at sun.nio.ch.FileChannelImpl.map(FileChannelImpl.java:888)
	at org.apache.rocketmq.store.MappedFile.init(MappedFile.java:160)
	at org.apache.rocketmq.store.MappedFile.<init>(MappedFile.java:71)
	at org.apache.rocketmq.store.AllocateMappedFileService.mmapOperation(AllocateMappedFileService.java:182)
	at org.apache.rocketmq.store.AllocateMappedFileService.run(AllocateMappedFileService.java:143)
	at java.lang.Thread.run(Thread.java:745)
Caused by: java.lang.OutOfMemoryError: Map failed
	at sun.nio.ch.FileChannelImpl.map0(Native Method)
	at sun.nio.ch.FileChannelImpl.map(FileChannelImpl.java:885)
	... 5 common frames omitted
[2018-03-14 12:07:05.819] ERROR map file C:\Users\Administrator\rocketmq-console-test\20180314120653\commitlog\00000000000000000000 Failed. 
java.io.IOException: Map failed
	at sun.nio.ch.FileChannelImpl.map(FileChannelImpl.java:888)
	at org.apache.rocketmq.store.MappedFile.init(MappedFile.java:160)
	at org.apache.rocketmq.store.MappedFile.<init>(MappedFile.java:71)
	at org.apache.rocketmq.store.AllocateMappedFileService.mmapOperation(AllocateMappedFileService.java:182)
	at org.apache.rocketmq.store.AllocateMappedFileService.run(AllocateMappedFileService.java:143)
	at java.lang.Thread.run(Thread.java:745)
Caused by: java.lang.OutOfMemoryError: Map failed
	at sun.nio.ch.FileChannelImpl.map0(Native Method)
	at sun.nio.ch.FileChannelImpl.map(FileChannelImpl.java:885)
	... 5 common frames omitted
[2018-03-14 12:07:05.819]  WARN AllocateMappedFileService service has exception. 
java.io.IOException: Map failed
	at sun.nio.ch.FileChannelImpl.map(FileChannelImpl.java:888)
	at org.apache.rocketmq.store.MappedFile.init(MappedFile.java:160)
	at org.apache.rocketmq.store.MappedFile.<init>(MappedFile.java:71)
	at org.apache.rocketmq.store.AllocateMappedFileService.mmapOperation(AllocateMappedFileService.java:182)
	at org.apache.rocketmq.store.AllocateMappedFileService.run(AllocateMappedFileService.java:143)
	at java.lang.Thread.run(Thread.java:745)
Caused by: java.lang.OutOfMemoryError: Map failed
	at sun.nio.ch.FileChannelImpl.map0(Native Method)
	at sun.nio.ch.FileChannelImpl.map(FileChannelImpl.java:885)
	... 5 common frames omitted
[2018-03-14 12:07:06.040] ERROR map file C:\Users\Administrator\rocketmq-console-test\20180314120653\commitlog\00000000000000000000 Failed. 
java.io.IOException: Map failed
	at sun.nio.ch.FileChannelImpl.map(FileChannelImpl.java:888)
	at org.apache.rocketmq.store.MappedFile.init(MappedFile.java:160)
	at org.apache.rocketmq.store.MappedFile.<init>(MappedFile.java:71)
	at org.apache.rocketmq.store.AllocateMappedFileService.mmapOperation(AllocateMappedFileService.java:182)
	at org.apache.rocketmq.store.AllocateMappedFileService.run(AllocateMappedFileService.java:143)
	at java.lang.Thread.run(Thread.java:745)
Caused by: java.lang.OutOfMemoryError: Map failed
	at sun.nio.ch.FileChannelImpl.map0(Native Method)
	at sun.nio.ch.FileChannelImpl.map(FileChannelImpl.java:885)
	... 5 common frames omitted
[2018-03-14 12:07:06.040]  WARN AllocateMappedFileService service has exception. 
java.io.IOException: Map failed
	at sun.nio.ch.FileChannelImpl.map(FileChannelImpl.java:888)
	at org.apache.rocketmq.store.MappedFile.init(MappedFile.java:160)
	at org.apache.rocketmq.store.MappedFile.<init>(MappedFile.java:71)
	at org.apache.rocketmq.store.AllocateMappedFileService.mmapOperation(AllocateMappedFileService.java:182)
	at org.apache.rocketmq.store.AllocateMappedFileService.run(AllocateMappedFileService.java:143)
	at java.lang.Thread.run(Thread.java:745)
Caused by: java.lang.OutOfMemoryError: Map failed
	at sun.nio.ch.FileChannelImpl.map0(Native Method)
	at sun.nio.ch.FileChannelImpl.map(FileChannelImpl.java:885)
	... 5 common frames omitted
[2018-03-14 12:07:06.254] ERROR map file C:\Users\Administrator\rocketmq-console-test\20180314120653\commitlog\00000000000000000000 Failed. 
java.io.IOException: Map failed
	at sun.nio.ch.FileChannelImpl.map(FileChannelImpl.java:888)
	at org.apache.rocketmq.store.MappedFile.init(MappedFile.java:160)
	at org.apache.rocketmq.store.MappedFile.<init>(MappedFile.java:71)
	at org.apache.rocketmq.store.AllocateMappedFileService.mmapOperation(AllocateMappedFileService.java:182)
	at org.apache.rocketmq.store.AllocateMappedFileService.run(AllocateMappedFileService.java:143)
	at java.lang.Thread.run(Thread.java:745)
Caused by: java.lang.OutOfMemoryError: Map failed
	at sun.nio.ch.FileChannelImpl.map0(Native Method)
	at sun.nio.ch.FileChannelImpl.map(FileChannelImpl.java:885)
	... 5 common frames omitted
[2018-03-14 12:07:06.258]  WARN AllocateMappedFileService service has exception. 
java.io.IOException: Map failed
	at sun.nio.ch.FileChannelImpl.map(FileChannelImpl.java:888)
	at org.apache.rocketmq.store.MappedFile.init(MappedFile.java:160)
	at org.apache.rocketmq.store.MappedFile.<init>(MappedFile.java:71)
	at org.apache.rocketmq.store.AllocateMappedFileService.mmapOperation(AllocateMappedFileService.java:182)
	at org.apache.rocketmq.store.AllocateMappedFileService.run(AllocateMappedFileService.java:143)
	at java.lang.Thread.run(Thread.java:745)
Caused by: java.lang.OutOfMemoryError: Map failed
	at sun.nio.ch.FileChannelImpl.map0(Native Method)
	at sun.nio.ch.FileChannelImpl.map(FileChannelImpl.java:885)
	... 5 common frames omitted
[2018-03-14 12:07:06.469] ERROR map file C:\Users\Administrator\rocketmq-console-test\20180314120653\commitlog\00000000000000000000 Failed. 
java.io.IOException: Map failed
	at sun.nio.ch.FileChannelImpl.map(FileChannelImpl.java:888)
	at org.apache.rocketmq.store.MappedFile.init(MappedFile.java:160)
	at org.apache.rocketmq.store.MappedFile.<init>(MappedFile.java:71)
	at org.apache.rocketmq.store.AllocateMappedFileService.mmapOperation(AllocateMappedFileService.java:182)
	at org.apache.rocketmq.store.AllocateMappedFileService.run(AllocateMappedFileService.java:143)
	at java.lang.Thread.run(Thread.java:745)
Caused by: java.lang.OutOfMemoryError: Map failed
	at sun.nio.ch.FileChannelImpl.map0(Native Method)
	at sun.nio.ch.FileChannelImpl.map(FileChannelImpl.java:885)
	... 5 common frames omitted
[2018-03-14 12:07:06.469]  WARN AllocateMappedFileService service has exception. 
java.io.IOException: Map failed
	at sun.nio.ch.FileChannelImpl.map(FileChannelImpl.java:888)
	at org.apache.rocketmq.store.MappedFile.init(MappedFile.java:160)
	at org.apache.rocketmq.store.MappedFile.<init>(MappedFile.java:71)
	at org.apache.rocketmq.store.AllocateMappedFileService.mmapOperation(AllocateMappedFileService.java:182)
	at org.apache.rocketmq.store.AllocateMappedFileService.run(AllocateMappedFileService.java:143)
	at java.lang.Thread.run(Thread.java:745)
Caused by: java.lang.OutOfMemoryError: Map failed
	at sun.nio.ch.FileChannelImpl.map0(Native Method)
	at sun.nio.ch.FileChannelImpl.map(FileChannelImpl.java:885)
	... 5 common frames omitted
[2018-03-14 12:07:06.681] ERROR map file C:\Users\Administrator\rocketmq-console-test\20180314120653\commitlog\00000000000000000000 Failed. 
java.io.IOException: Map failed
	at sun.nio.ch.FileChannelImpl.map(FileChannelImpl.java:888)
	at org.apache.rocketmq.store.MappedFile.init(MappedFile.java:160)
	at org.apache.rocketmq.store.MappedFile.<init>(MappedFile.java:71)
	at org.apache.rocketmq.store.AllocateMappedFileService.mmapOperation(AllocateMappedFileService.java:182)
	at org.apache.rocketmq.store.AllocateMappedFileService.run(AllocateMappedFileService.java:143)
	at java.lang.Thread.run(Thread.java:745)
Caused by: java.lang.OutOfMemoryError: Map failed
	at sun.nio.ch.FileChannelImpl.map0(Native Method)
	at sun.nio.ch.FileChannelImpl.map(FileChannelImpl.java:885)
	... 5 common frames omitted
[2018-03-14 12:07:06.682]  WARN AllocateMappedFileService service has exception. 
java.io.IOException: Map failed
	at sun.nio.ch.FileChannelImpl.map(FileChannelImpl.java:888)
	at org.apache.rocketmq.store.MappedFile.init(MappedFile.java:160)
	at org.apache.rocketmq.store.MappedFile.<init>(MappedFile.java:71)
	at org.apache.rocketmq.store.AllocateMappedFileService.mmapOperation(AllocateMappedFileService.java:182)
	at org.apache.rocketmq.store.AllocateMappedFileService.run(AllocateMappedFileService.java:143)
	at java.lang.Thread.run(Thread.java:745)
Caused by: java.lang.OutOfMemoryError: Map failed
	at sun.nio.ch.FileChannelImpl.map0(Native Method)
	at sun.nio.ch.FileChannelImpl.map(FileChannelImpl.java:885)
	... 5 common frames omitted
[2018-03-14 12:07:06.802]  WARN AllocateMappedFileService service has exception. so return null
[2018-03-14 12:07:06.802] ERROR create maped file1 error, topic: TEST_CONSOLE_TOPIC clientAddr: 127.0.0.1
[2018-03-14 12:07:06.803]  WARN sendKernelImpl exception, resend at once, InvokeID: 5332279821848079097, RT: 4ms, Broker: MessageQueue [topic=TEST_CONSOLE_TOPIC, brokerName=ConsoleTestBroker, queueId=2]
org.apache.rocketmq.client.exception.MQBrokerException: CODE: 1  DESC: create mapped file failed, server is busy or broken.
For more information, please visit the url, http://rocketmq.apache.org/docs/faq/
	at org.apache.rocketmq.client.impl.MQClientAPIImpl.processSendResponse(MQClientAPIImpl.java:531)
	at org.apache.rocketmq.client.impl.MQClientAPIImpl.sendMessageSync(MQClientAPIImpl.java:345)
	at org.apache.rocketmq.client.impl.MQClientAPIImpl.sendMessage(MQClientAPIImpl.java:327)
	at org.apache.rocketmq.client.impl.MQClientAPIImpl.sendMessage(MQClientAPIImpl.java:290)
	at org.apache.rocketmq.client.impl.producer.DefaultMQProducerImpl.sendKernelImpl(DefaultMQProducerImpl.java:688)
	at org.apache.rocketmq.client.impl.producer.DefaultMQProducerImpl.sendDefaultImpl(DefaultMQProducerImpl.java:458)
	at org.apache.rocketmq.client.impl.producer.DefaultMQProducerImpl.send(DefaultMQProducerImpl.java:1049)
	at org.apache.rocketmq.client.impl.producer.DefaultMQProducerImpl.send(DefaultMQProducerImpl.java:1008)
	at org.apache.rocketmq.client.producer.DefaultMQProducer.send(DefaultMQProducer.java:204)
	at org.apache.rocketmq.console.testbase.RocketMQConsoleTestBase.sendTestTopicMessage(RocketMQConsoleTestBase.java:107)
	at org.apache.rocketmq.console.service.impl.TopicServiceImplTest.setUp(TopicServiceImplTest.java:57)
	at sun.reflect.NativeMethodAccessorImpl.invoke0(Native Method)
	at sun.reflect.NativeMethodAccessorImpl.invoke(NativeMethodAccessorImpl.java:57)
	at sun.reflect.DelegatingMethodAccessorImpl.invoke(DelegatingMethodAccessorImpl.java:43)
	at java.lang.reflect.Method.invoke(Method.java:606)
	at org.junit.runners.model.FrameworkMethod$1.runReflectiveCall(FrameworkMethod.java:50)
	at org.junit.internal.runners.model.ReflectiveCallable.run(ReflectiveCallable.java:12)
	at org.junit.runners.model.FrameworkMethod.invokeExplosively(FrameworkMethod.java:47)
	at org.junit.internal.runners.statements.RunBefores.evaluate(RunBefores.java:24)
	at org.springframework.test.context.junit4.statements.RunBeforeTestMethodCallbacks.evaluate(RunBeforeTestMethodCallbacks.java:75)
	at org.junit.internal.runners.statements.RunAfters.evaluate(RunAfters.java:27)
	at org.springframework.test.context.junit4.statements.RunAfterTestMethodCallbacks.evaluate(RunAfterTestMethodCallbacks.java:86)
	at org.springframework.test.context.junit4.statements.SpringRepeat.evaluate(SpringRepeat.java:84)
	at org.junit.runners.ParentRunner.runLeaf(ParentRunner.java:325)
	at org.springframework.test.context.junit4.SpringJUnit4ClassRunner.runChild(SpringJUnit4ClassRunner.java:252)
	at org.springframework.test.context.junit4.SpringJUnit4ClassRunner.runChild(SpringJUnit4ClassRunner.java:94)
	at org.junit.runners.ParentRunner$3.run(ParentRunner.java:290)
	at org.junit.runners.ParentRunner$1.schedule(ParentRunner.java:71)
	at org.junit.runners.ParentRunner.runChildren(ParentRunner.java:288)
	at org.junit.runners.ParentRunner.access$000(ParentRunner.java:58)
	at org.junit.runners.ParentRunner$2.evaluate(ParentRunner.java:268)
	at org.springframework.test.context.junit4.statements.RunBeforeTestClassCallbacks.evaluate(RunBeforeTestClassCallbacks.java:61)
	at org.springframework.test.context.junit4.statements.RunAfterTestClassCallbacks.evaluate(RunAfterTestClassCallbacks.java:70)
	at org.junit.runners.ParentRunner.run(ParentRunner.java:363)
	at org.springframework.test.context.junit4.SpringJUnit4ClassRunner.run(SpringJUnit4ClassRunner.java:191)
	at org.apache.maven.surefire.junit4.JUnit4Provider.execute(JUnit4Provider.java:367)
	at org.apache.maven.surefire.junit4.JUnit4Provider.executeWithRerun(JUnit4Provider.java:274)
	at org.apache.maven.surefire.junit4.JUnit4Provider.executeTestSet(JUnit4Provider.java:238)
	at org.apache.maven.surefire.junit4.JUnit4Provider.invoke(JUnit4Provider.java:161)
	at org.apache.maven.surefire.booter.ForkedBooter.invokeProviderInSameClassLoader(ForkedBooter.java:290)
	at org.apache.maven.surefire.booter.ForkedBooter.runSuitesInProcess(ForkedBooter.java:242)
	at org.apache.maven.surefire.booter.ForkedBooter.main(ForkedBooter.java:121)
[2018-03-14 12:07:06.803]  WARN Message [topic=TEST_CONSOLE_TOPIC, flag=0, properties={KEYS=TEST_TOPIC_KEY, WAIT=true, UNIQ_KEY=C0A859EB30A4011E1E6742F92F2F0012}, body=11]
[2018-03-14 12:07:06.804]  WARN AllocateMappedFileService service has exception. so return null
[2018-03-14 12:07:06.804] ERROR create maped file1 error, topic: TEST_CONSOLE_TOPIC clientAddr: 127.0.0.1
[2018-03-14 12:07:06.805]  WARN sendKernelImpl exception, resend at once, InvokeID: 5332279821848079097, RT: 1ms, Broker: MessageQueue [topic=TEST_CONSOLE_TOPIC, brokerName=ConsoleTestBroker, queueId=4]
org.apache.rocketmq.client.exception.MQBrokerException: CODE: 1  DESC: create mapped file failed, server is busy or broken.
For more information, please visit the url, http://rocketmq.apache.org/docs/faq/
	at org.apache.rocketmq.client.impl.MQClientAPIImpl.processSendResponse(MQClientAPIImpl.java:531)
	at org.apache.rocketmq.client.impl.MQClientAPIImpl.sendMessageSync(MQClientAPIImpl.java:345)
	at org.apache.rocketmq.client.impl.MQClientAPIImpl.sendMessage(MQClientAPIImpl.java:327)
	at org.apache.rocketmq.client.impl.MQClientAPIImpl.sendMessage(MQClientAPIImpl.java:290)
	at org.apache.rocketmq.client.impl.producer.DefaultMQProducerImpl.sendKernelImpl(DefaultMQProducerImpl.java:688)
	at org.apache.rocketmq.client.impl.producer.DefaultMQProducerImpl.sendDefaultImpl(DefaultMQProducerImpl.java:458)
	at org.apache.rocketmq.client.impl.producer.DefaultMQProducerImpl.send(DefaultMQProducerImpl.java:1049)
	at org.apache.rocketmq.client.impl.producer.DefaultMQProducerImpl.send(DefaultMQProducerImpl.java:1008)
	at org.apache.rocketmq.client.producer.DefaultMQProducer.send(DefaultMQProducer.java:204)
	at org.apache.rocketmq.console.testbase.RocketMQConsoleTestBase.sendTestTopicMessage(RocketMQConsoleTestBase.java:107)
	at org.apache.rocketmq.console.service.impl.TopicServiceImplTest.setUp(TopicServiceImplTest.java:57)
	at sun.reflect.NativeMethodAccessorImpl.invoke0(Native Method)
	at sun.reflect.NativeMethodAccessorImpl.invoke(NativeMethodAccessorImpl.java:57)
	at sun.reflect.DelegatingMethodAccessorImpl.invoke(DelegatingMethodAccessorImpl.java:43)
	at java.lang.reflect.Method.invoke(Method.java:606)
	at org.junit.runners.model.FrameworkMethod$1.runReflectiveCall(FrameworkMethod.java:50)
	at org.junit.internal.runners.model.ReflectiveCallable.run(ReflectiveCallable.java:12)
	at org.junit.runners.model.FrameworkMethod.invokeExplosively(FrameworkMethod.java:47)
	at org.junit.internal.runners.statements.RunBefores.evaluate(RunBefores.java:24)
	at org.springframework.test.context.junit4.statements.RunBeforeTestMethodCallbacks.evaluate(RunBeforeTestMethodCallbacks.java:75)
	at org.junit.internal.runners.statements.RunAfters.evaluate(RunAfters.java:27)
	at org.springframework.test.context.junit4.statements.RunAfterTestMethodCallbacks.evaluate(RunAfterTestMethodCallbacks.java:86)
	at org.springframework.test.context.junit4.statements.SpringRepeat.evaluate(SpringRepeat.java:84)
	at org.junit.runners.ParentRunner.runLeaf(ParentRunner.java:325)
	at org.springframework.test.context.junit4.SpringJUnit4ClassRunner.runChild(SpringJUnit4ClassRunner.java:252)
	at org.springframework.test.context.junit4.SpringJUnit4ClassRunner.runChild(SpringJUnit4ClassRunner.java:94)
	at org.junit.runners.ParentRunner$3.run(ParentRunner.java:290)
	at org.junit.runners.ParentRunner$1.schedule(ParentRunner.java:71)
	at org.junit.runners.ParentRunner.runChildren(ParentRunner.java:288)
	at org.junit.runners.ParentRunner.access$000(ParentRunner.java:58)
	at org.junit.runners.ParentRunner$2.evaluate(ParentRunner.java:268)
	at org.springframework.test.context.junit4.statements.RunBeforeTestClassCallbacks.evaluate(RunBeforeTestClassCallbacks.java:61)
	at org.springframework.test.context.junit4.statements.RunAfterTestClassCallbacks.evaluate(RunAfterTestClassCallbacks.java:70)
	at org.junit.runners.ParentRunner.run(ParentRunner.java:363)
	at org.springframework.test.context.junit4.SpringJUnit4ClassRunner.run(SpringJUnit4ClassRunner.java:191)
	at org.apache.maven.surefire.junit4.JUnit4Provider.execute(JUnit4Provider.java:367)
	at org.apache.maven.surefire.junit4.JUnit4Provider.executeWithRerun(JUnit4Provider.java:274)
	at org.apache.maven.surefire.junit4.JUnit4Provider.executeTestSet(JUnit4Provider.java:238)
	at org.apache.maven.surefire.junit4.JUnit4Provider.invoke(JUnit4Provider.java:161)
	at org.apache.maven.surefire.booter.ForkedBooter.invokeProviderInSameClassLoader(ForkedBooter.java:290)
	at org.apache.maven.surefire.booter.ForkedBooter.runSuitesInProcess(ForkedBooter.java:242)
	at org.apache.maven.surefire.booter.ForkedBooter.main(ForkedBooter.java:121)
[2018-03-14 12:07:06.805]  WARN Message [topic=TEST_CONSOLE_TOPIC, flag=0, properties={KEYS=TEST_TOPIC_KEY, WAIT=true, UNIQ_KEY=C0A859EB30A4011E1E6742F92F2F0012}, body=11]
[2018-03-14 12:07:06.806]  WARN AllocateMappedFileService service has exception. so return null
[2018-03-14 12:07:06.806] ERROR create maped file1 error, topic: TEST_CONSOLE_TOPIC clientAddr: 127.0.0.1
[2018-03-14 12:07:06.807]  WARN sendKernelImpl exception, resend at once, InvokeID: 5332279821848079097, RT: 1ms, Broker: MessageQueue [topic=TEST_CONSOLE_TOPIC, brokerName=ConsoleTestBroker, queueId=6]
org.apache.rocketmq.client.exception.MQBrokerException: CODE: 1  DESC: create mapped file failed, server is busy or broken.
For more information, please visit the url, http://rocketmq.apache.org/docs/faq/
	at org.apache.rocketmq.client.impl.MQClientAPIImpl.processSendResponse(MQClientAPIImpl.java:531)
	at org.apache.rocketmq.client.impl.MQClientAPIImpl.sendMessageSync(MQClientAPIImpl.java:345)
	at org.apache.rocketmq.client.impl.MQClientAPIImpl.sendMessage(MQClientAPIImpl.java:327)
	at org.apache.rocketmq.client.impl.MQClientAPIImpl.sendMessage(MQClientAPIImpl.java:290)
	at org.apache.rocketmq.client.impl.producer.DefaultMQProducerImpl.sendKernelImpl(DefaultMQProducerImpl.java:688)
	at org.apache.rocketmq.client.impl.producer.DefaultMQProducerImpl.sendDefaultImpl(DefaultMQProducerImpl.java:458)
	at org.apache.rocketmq.client.impl.producer.DefaultMQProducerImpl.send(DefaultMQProducerImpl.java:1049)
	at org.apache.rocketmq.client.impl.producer.DefaultMQProducerImpl.send(DefaultMQProducerImpl.java:1008)
	at org.apache.rocketmq.client.producer.DefaultMQProducer.send(DefaultMQProducer.java:204)
	at org.apache.rocketmq.console.testbase.RocketMQConsoleTestBase.sendTestTopicMessage(RocketMQConsoleTestBase.java:107)
	at org.apache.rocketmq.console.service.impl.TopicServiceImplTest.setUp(TopicServiceImplTest.java:57)
	at sun.reflect.NativeMethodAccessorImpl.invoke0(Native Method)
	at sun.reflect.NativeMethodAccessorImpl.invoke(NativeMethodAccessorImpl.java:57)
	at sun.reflect.DelegatingMethodAccessorImpl.invoke(DelegatingMethodAccessorImpl.java:43)
	at java.lang.reflect.Method.invoke(Method.java:606)
	at org.junit.runners.model.FrameworkMethod$1.runReflectiveCall(FrameworkMethod.java:50)
	at org.junit.internal.runners.model.ReflectiveCallable.run(ReflectiveCallable.java:12)
	at org.junit.runners.model.FrameworkMethod.invokeExplosively(FrameworkMethod.java:47)
	at org.junit.internal.runners.statements.RunBefores.evaluate(RunBefores.java:24)
	at org.springframework.test.context.junit4.statements.RunBeforeTestMethodCallbacks.evaluate(RunBeforeTestMethodCallbacks.java:75)
	at org.junit.internal.runners.statements.RunAfters.evaluate(RunAfters.java:27)
	at org.springframework.test.context.junit4.statements.RunAfterTestMethodCallbacks.evaluate(RunAfterTestMethodCallbacks.java:86)
	at org.springframework.test.context.junit4.statements.SpringRepeat.evaluate(SpringRepeat.java:84)
	at org.junit.runners.ParentRunner.runLeaf(ParentRunner.java:325)
	at org.springframework.test.context.junit4.SpringJUnit4ClassRunner.runChild(SpringJUnit4ClassRunner.java:252)
	at org.springframework.test.context.junit4.SpringJUnit4ClassRunner.runChild(SpringJUnit4ClassRunner.java:94)
	at org.junit.runners.ParentRunner$3.run(ParentRunner.java:290)
	at org.junit.runners.ParentRunner$1.schedule(ParentRunner.java:71)
	at org.junit.runners.ParentRunner.runChildren(ParentRunner.java:288)
	at org.junit.runners.ParentRunner.access$000(ParentRunner.java:58)
	at org.junit.runners.ParentRunner$2.evaluate(ParentRunner.java:268)
	at org.springframework.test.context.junit4.statements.RunBeforeTestClassCallbacks.evaluate(RunBeforeTestClassCallbacks.java:61)
	at org.springframework.test.context.junit4.statements.RunAfterTestClassCallbacks.evaluate(RunAfterTestClassCallbacks.java:70)
	at org.junit.runners.ParentRunner.run(ParentRunner.java:363)
	at org.springframework.test.context.junit4.SpringJUnit4ClassRunner.run(SpringJUnit4ClassRunner.java:191)
	at org.apache.maven.surefire.junit4.JUnit4Provider.execute(JUnit4Provider.java:367)
	at org.apache.maven.surefire.junit4.JUnit4Provider.executeWithRerun(JUnit4Provider.java:274)
	at org.apache.maven.surefire.junit4.JUnit4Provider.executeTestSet(JUnit4Provider.java:238)
	at org.apache.maven.surefire.junit4.JUnit4Provider.invoke(JUnit4Provider.java:161)
	at org.apache.maven.surefire.booter.ForkedBooter.invokeProviderInSameClassLoader(ForkedBooter.java:290)
	at org.apache.maven.surefire.booter.ForkedBooter.runSuitesInProcess(ForkedBooter.java:242)
	at org.apache.maven.surefire.booter.ForkedBooter.main(ForkedBooter.java:121)
[2018-03-14 12:07:06.807]  WARN Message [topic=TEST_CONSOLE_TOPIC, flag=0, properties={KEYS=TEST_TOPIC_KEY, WAIT=true, UNIQ_KEY=C0A859EB30A4011E1E6742F92F2F0012}, body=11]
[2018-03-14 12:07:06.895] ERROR map file C:\Users\Administrator\rocketmq-console-test\20180314120653\commitlog\00000000000000000000 Failed. 
java.io.IOException: Map failed
	at sun.nio.ch.FileChannelImpl.map(FileChannelImpl.java:888)
	at org.apache.rocketmq.store.MappedFile.init(MappedFile.java:160)
	at org.apache.rocketmq.store.MappedFile.<init>(MappedFile.java:71)
	at org.apache.rocketmq.store.AllocateMappedFileService.mmapOperation(AllocateMappedFileService.java:182)
	at org.apache.rocketmq.store.AllocateMappedFileService.run(AllocateMappedFileService.java:143)
	at java.lang.Thread.run(Thread.java:745)
Caused by: java.lang.OutOfMemoryError: Map failed
	at sun.nio.ch.FileChannelImpl.map0(Native Method)
	at sun.nio.ch.FileChannelImpl.map(FileChannelImpl.java:885)
	... 5 common frames omitted
[2018-03-14 12:07:06.895]  WARN AllocateMappedFileService service has exception. 
java.io.IOException: Map failed
	at sun.nio.ch.FileChannelImpl.map(FileChannelImpl.java:888)
	at org.apache.rocketmq.store.MappedFile.init(MappedFile.java:160)
	at org.apache.rocketmq.store.MappedFile.<init>(MappedFile.java:71)
	at org.apache.rocketmq.store.AllocateMappedFileService.mmapOperation(AllocateMappedFileService.java:182)
	at org.apache.rocketmq.store.AllocateMappedFileService.run(AllocateMappedFileService.java:143)
	at java.lang.Thread.run(Thread.java:745)
Caused by: java.lang.OutOfMemoryError: Map failed
	at sun.nio.ch.FileChannelImpl.map0(Native Method)
	at sun.nio.ch.FileChannelImpl.map(FileChannelImpl.java:885)
	... 5 common frames omitted
[2018-03-14 12:07:07.105] ERROR map file C:\Users\Administrator\rocketmq-console-test\20180314120653\commitlog\00000000000000000000 Failed. 
java.io.IOException: Map failed
	at sun.nio.ch.FileChannelImpl.map(FileChannelImpl.java:888)
	at org.apache.rocketmq.store.MappedFile.init(MappedFile.java:160)
	at org.apache.rocketmq.store.MappedFile.<init>(MappedFile.java:71)
	at org.apache.rocketmq.store.AllocateMappedFileService.mmapOperation(AllocateMappedFileService.java:182)
	at org.apache.rocketmq.store.AllocateMappedFileService.run(AllocateMappedFileService.java:143)
	at java.lang.Thread.run(Thread.java:745)
Caused by: java.lang.OutOfMemoryError: Map failed
	at sun.nio.ch.FileChannelImpl.map0(Native Method)
	at sun.nio.ch.FileChannelImpl.map(FileChannelImpl.java:885)
	... 5 common frames omitted
[2018-03-14 12:07:07.105]  WARN AllocateMappedFileService service has exception. 
java.io.IOException: Map failed
	at sun.nio.ch.FileChannelImpl.map(FileChannelImpl.java:888)
	at org.apache.rocketmq.store.MappedFile.init(MappedFile.java:160)
	at org.apache.rocketmq.store.MappedFile.<init>(MappedFile.java:71)
	at org.apache.rocketmq.store.AllocateMappedFileService.mmapOperation(AllocateMappedFileService.java:182)
	at org.apache.rocketmq.store.AllocateMappedFileService.run(AllocateMappedFileService.java:143)
	at java.lang.Thread.run(Thread.java:745)
Caused by: java.lang.OutOfMemoryError: Map failed
	at sun.nio.ch.FileChannelImpl.map0(Native Method)
	at sun.nio.ch.FileChannelImpl.map(FileChannelImpl.java:885)
	... 5 common frames omitted
[2018-03-14 12:07:07.308]  WARN AllocateMappedFileService service has exception. so return null
[2018-03-14 12:07:07.308] ERROR create maped file1 error, topic: TEST_CONSOLE_TOPIC clientAddr: 127.0.0.1
[2018-03-14 12:07:07.309]  WARN sendKernelImpl exception, resend at once, InvokeID: -3934828814443825693, RT: 1ms, Broker: MessageQueue [topic=TEST_CONSOLE_TOPIC, brokerName=ConsoleTestBroker, queueId=7]
org.apache.rocketmq.client.exception.MQBrokerException: CODE: 1  DESC: create mapped file failed, server is busy or broken.
For more information, please visit the url, http://rocketmq.apache.org/docs/faq/
	at org.apache.rocketmq.client.impl.MQClientAPIImpl.processSendResponse(MQClientAPIImpl.java:531)
	at org.apache.rocketmq.client.impl.MQClientAPIImpl.sendMessageSync(MQClientAPIImpl.java:345)
	at org.apache.rocketmq.client.impl.MQClientAPIImpl.sendMessage(MQClientAPIImpl.java:327)
	at org.apache.rocketmq.client.impl.MQClientAPIImpl.sendMessage(MQClientAPIImpl.java:290)
	at org.apache.rocketmq.client.impl.producer.DefaultMQProducerImpl.sendKernelImpl(DefaultMQProducerImpl.java:688)
	at org.apache.rocketmq.client.impl.producer.DefaultMQProducerImpl.sendDefaultImpl(DefaultMQProducerImpl.java:458)
	at org.apache.rocketmq.client.impl.producer.DefaultMQProducerImpl.send(DefaultMQProducerImpl.java:1049)
	at org.apache.rocketmq.client.impl.producer.DefaultMQProducerImpl.send(DefaultMQProducerImpl.java:1008)
	at org.apache.rocketmq.client.producer.DefaultMQProducer.send(DefaultMQProducer.java:204)
	at org.apache.rocketmq.console.testbase.RocketMQConsoleTestBase.sendTestTopicMessage(RocketMQConsoleTestBase.java:107)
	at org.apache.rocketmq.console.service.impl.TopicServiceImplTest.setUp(TopicServiceImplTest.java:57)
	at sun.reflect.NativeMethodAccessorImpl.invoke0(Native Method)
	at sun.reflect.NativeMethodAccessorImpl.invoke(NativeMethodAccessorImpl.java:57)
	at sun.reflect.DelegatingMethodAccessorImpl.invoke(DelegatingMethodAccessorImpl.java:43)
	at java.lang.reflect.Method.invoke(Method.java:606)
	at org.junit.runners.model.FrameworkMethod$1.runReflectiveCall(FrameworkMethod.java:50)
	at org.junit.internal.runners.model.ReflectiveCallable.run(ReflectiveCallable.java:12)
	at org.junit.runners.model.FrameworkMethod.invokeExplosively(FrameworkMethod.java:47)
	at org.junit.internal.runners.statements.RunBefores.evaluate(RunBefores.java:24)
	at org.springframework.test.context.junit4.statements.RunBeforeTestMethodCallbacks.evaluate(RunBeforeTestMethodCallbacks.java:75)
	at org.junit.internal.runners.statements.RunAfters.evaluate(RunAfters.java:27)
	at org.springframework.test.context.junit4.statements.RunAfterTestMethodCallbacks.evaluate(RunAfterTestMethodCallbacks.java:86)
	at org.springframework.test.context.junit4.statements.SpringRepeat.evaluate(SpringRepeat.java:84)
	at org.junit.runners.ParentRunner.runLeaf(ParentRunner.java:325)
	at org.springframework.test.context.junit4.SpringJUnit4ClassRunner.runChild(SpringJUnit4ClassRunner.java:252)
	at org.springframework.test.context.junit4.SpringJUnit4ClassRunner.runChild(SpringJUnit4ClassRunner.java:94)
	at org.junit.runners.ParentRunner$3.run(ParentRunner.java:290)
	at org.junit.runners.ParentRunner$1.schedule(ParentRunner.java:71)
	at org.junit.runners.ParentRunner.runChildren(ParentRunner.java:288)
	at org.junit.runners.ParentRunner.access$000(ParentRunner.java:58)
	at org.junit.runners.ParentRunner$2.evaluate(ParentRunner.java:268)
	at org.springframework.test.context.junit4.statements.RunBeforeTestClassCallbacks.evaluate(RunBeforeTestClassCallbacks.java:61)
	at org.springframework.test.context.junit4.statements.RunAfterTestClassCallbacks.evaluate(RunAfterTestClassCallbacks.java:70)
	at org.junit.runners.ParentRunner.run(ParentRunner.java:363)
	at org.springframework.test.context.junit4.SpringJUnit4ClassRunner.run(SpringJUnit4ClassRunner.java:191)
	at org.apache.maven.surefire.junit4.JUnit4Provider.execute(JUnit4Provider.java:367)
	at org.apache.maven.surefire.junit4.JUnit4Provider.executeWithRerun(JUnit4Provider.java:274)
	at org.apache.maven.surefire.junit4.JUnit4Provider.executeTestSet(JUnit4Provider.java:238)
	at org.apache.maven.surefire.junit4.JUnit4Provider.invoke(JUnit4Provider.java:161)
	at org.apache.maven.surefire.booter.ForkedBooter.invokeProviderInSameClassLoader(ForkedBooter.java:290)
	at org.apache.maven.surefire.booter.ForkedBooter.runSuitesInProcess(ForkedBooter.java:242)
	at org.apache.maven.surefire.booter.ForkedBooter.main(ForkedBooter.java:121)
[2018-03-14 12:07:07.309]  WARN Message [topic=TEST_CONSOLE_TOPIC, flag=0, properties={KEYS=TEST_TOPIC_KEY, WAIT=true, UNIQ_KEY=C0A859EB30A4011E1E6742F92F2F0012}, body=11]
[2018-03-14 12:07:07.310]  WARN AllocateMappedFileService service has exception. so return null
[2018-03-14 12:07:07.310] ERROR create maped file1 error, topic: TEST_CONSOLE_TOPIC clientAddr: 127.0.0.1
[2018-03-14 12:07:07.311]  WARN sendKernelImpl exception, resend at once, InvokeID: -3934828814443825693, RT: 2ms, Broker: MessageQueue [topic=TEST_CONSOLE_TOPIC, brokerName=ConsoleTestBroker, queueId=9]
org.apache.rocketmq.client.exception.MQBrokerException: CODE: 1  DESC: create mapped file failed, server is busy or broken.
For more information, please visit the url, http://rocketmq.apache.org/docs/faq/
	at org.apache.rocketmq.client.impl.MQClientAPIImpl.processSendResponse(MQClientAPIImpl.java:531)
	at org.apache.rocketmq.client.impl.MQClientAPIImpl.sendMessageSync(MQClientAPIImpl.java:345)
	at org.apache.rocketmq.client.impl.MQClientAPIImpl.sendMessage(MQClientAPIImpl.java:327)
	at org.apache.rocketmq.client.impl.MQClientAPIImpl.sendMessage(MQClientAPIImpl.java:290)
	at org.apache.rocketmq.client.impl.producer.DefaultMQProducerImpl.sendKernelImpl(DefaultMQProducerImpl.java:688)
	at org.apache.rocketmq.client.impl.producer.DefaultMQProducerImpl.sendDefaultImpl(DefaultMQProducerImpl.java:458)
	at org.apache.rocketmq.client.impl.producer.DefaultMQProducerImpl.send(DefaultMQProducerImpl.java:1049)
	at org.apache.rocketmq.client.impl.producer.DefaultMQProducerImpl.send(DefaultMQProducerImpl.java:1008)
	at org.apache.rocketmq.client.producer.DefaultMQProducer.send(DefaultMQProducer.java:204)
	at org.apache.rocketmq.console.testbase.RocketMQConsoleTestBase.sendTestTopicMessage(RocketMQConsoleTestBase.java:107)
	at org.apache.rocketmq.console.service.impl.TopicServiceImplTest.setUp(TopicServiceImplTest.java:57)
	at sun.reflect.NativeMethodAccessorImpl.invoke0(Native Method)
	at sun.reflect.NativeMethodAccessorImpl.invoke(NativeMethodAccessorImpl.java:57)
	at sun.reflect.DelegatingMethodAccessorImpl.invoke(DelegatingMethodAccessorImpl.java:43)
	at java.lang.reflect.Method.invoke(Method.java:606)
	at org.junit.runners.model.FrameworkMethod$1.runReflectiveCall(FrameworkMethod.java:50)
	at org.junit.internal.runners.model.ReflectiveCallable.run(ReflectiveCallable.java:12)
	at org.junit.runners.model.FrameworkMethod.invokeExplosively(FrameworkMethod.java:47)
	at org.junit.internal.runners.statements.RunBefores.evaluate(RunBefores.java:24)
	at org.springframework.test.context.junit4.statements.RunBeforeTestMethodCallbacks.evaluate(RunBeforeTestMethodCallbacks.java:75)
	at org.junit.internal.runners.statements.RunAfters.evaluate(RunAfters.java:27)
	at org.springframework.test.context.junit4.statements.RunAfterTestMethodCallbacks.evaluate(RunAfterTestMethodCallbacks.java:86)
	at org.springframework.test.context.junit4.statements.SpringRepeat.evaluate(SpringRepeat.java:84)
	at org.junit.runners.ParentRunner.runLeaf(ParentRunner.java:325)
	at org.springframework.test.context.junit4.SpringJUnit4ClassRunner.runChild(SpringJUnit4ClassRunner.java:252)
	at org.springframework.test.context.junit4.SpringJUnit4ClassRunner.runChild(SpringJUnit4ClassRunner.java:94)
	at org.junit.runners.ParentRunner$3.run(ParentRunner.java:290)
	at org.junit.runners.ParentRunner$1.schedule(ParentRunner.java:71)
	at org.junit.runners.ParentRunner.runChildren(ParentRunner.java:288)
	at org.junit.runners.ParentRunner.access$000(ParentRunner.java:58)
	at org.junit.runners.ParentRunner$2.evaluate(ParentRunner.java:268)
	at org.springframework.test.context.junit4.statements.RunBeforeTestClassCallbacks.evaluate(RunBeforeTestClassCallbacks.java:61)
	at org.springframework.test.context.junit4.statements.RunAfterTestClassCallbacks.evaluate(RunAfterTestClassCallbacks.java:70)
	at org.junit.runners.ParentRunner.run(ParentRunner.java:363)
	at org.springframework.test.context.junit4.SpringJUnit4ClassRunner.run(SpringJUnit4ClassRunner.java:191)
	at org.apache.maven.surefire.junit4.JUnit4Provider.execute(JUnit4Provider.java:367)
	at org.apache.maven.surefire.junit4.JUnit4Provider.executeWithRerun(JUnit4Provider.java:274)
	at org.apache.maven.surefire.junit4.JUnit4Provider.executeTestSet(JUnit4Provider.java:238)
	at org.apache.maven.surefire.junit4.JUnit4Provider.invoke(JUnit4Provider.java:161)
	at org.apache.maven.surefire.booter.ForkedBooter.invokeProviderInSameClassLoader(ForkedBooter.java:290)
	at org.apache.maven.surefire.booter.ForkedBooter.runSuitesInProcess(ForkedBooter.java:242)
	at org.apache.maven.surefire.booter.ForkedBooter.main(ForkedBooter.java:121)
[2018-03-14 12:07:07.311]  WARN Message [topic=TEST_CONSOLE_TOPIC, flag=0, properties={KEYS=TEST_TOPIC_KEY, WAIT=true, UNIQ_KEY=C0A859EB30A4011E1E6742F92F2F0012}, body=11]
[2018-03-14 12:07:07.312]  WARN AllocateMappedFileService service has exception. so return null
[2018-03-14 12:07:07.312] ERROR create maped file1 error, topic: TEST_CONSOLE_TOPIC clientAddr: 127.0.0.1
[2018-03-14 12:07:07.314]  WARN sendKernelImpl exception, resend at once, InvokeID: -3934828814443825693, RT: 3ms, Broker: MessageQueue [topic=TEST_CONSOLE_TOPIC, brokerName=ConsoleTestBroker, queueId=11]
org.apache.rocketmq.client.exception.MQBrokerException: CODE: 1  DESC: create mapped file failed, server is busy or broken.
For more information, please visit the url, http://rocketmq.apache.org/docs/faq/
	at org.apache.rocketmq.client.impl.MQClientAPIImpl.processSendResponse(MQClientAPIImpl.java:531)
	at org.apache.rocketmq.client.impl.MQClientAPIImpl.sendMessageSync(MQClientAPIImpl.java:345)
	at org.apache.rocketmq.client.impl.MQClientAPIImpl.sendMessage(MQClientAPIImpl.java:327)
	at org.apache.rocketmq.client.impl.MQClientAPIImpl.sendMessage(MQClientAPIImpl.java:290)
	at org.apache.rocketmq.client.impl.producer.DefaultMQProducerImpl.sendKernelImpl(DefaultMQProducerImpl.java:688)
	at org.apache.rocketmq.client.impl.producer.DefaultMQProducerImpl.sendDefaultImpl(DefaultMQProducerImpl.java:458)
	at org.apache.rocketmq.client.impl.producer.DefaultMQProducerImpl.send(DefaultMQProducerImpl.java:1049)
	at org.apache.rocketmq.client.impl.producer.DefaultMQProducerImpl.send(DefaultMQProducerImpl.java:1008)
	at org.apache.rocketmq.client.producer.DefaultMQProducer.send(DefaultMQProducer.java:204)
	at org.apache.rocketmq.console.testbase.RocketMQConsoleTestBase.sendTestTopicMessage(RocketMQConsoleTestBase.java:107)
	at org.apache.rocketmq.console.service.impl.TopicServiceImplTest.setUp(TopicServiceImplTest.java:57)
	at sun.reflect.NativeMethodAccessorImpl.invoke0(Native Method)
	at sun.reflect.NativeMethodAccessorImpl.invoke(NativeMethodAccessorImpl.java:57)
	at sun.reflect.DelegatingMethodAccessorImpl.invoke(DelegatingMethodAccessorImpl.java:43)
	at java.lang.reflect.Method.invoke(Method.java:606)
	at org.junit.runners.model.FrameworkMethod$1.runReflectiveCall(FrameworkMethod.java:50)
	at org.junit.internal.runners.model.ReflectiveCallable.run(ReflectiveCallable.java:12)
	at org.junit.runners.model.FrameworkMethod.invokeExplosively(FrameworkMethod.java:47)
	at org.junit.internal.runners.statements.RunBefores.evaluate(RunBefores.java:24)
	at org.springframework.test.context.junit4.statements.RunBeforeTestMethodCallbacks.evaluate(RunBeforeTestMethodCallbacks.java:75)
	at org.junit.internal.runners.statements.RunAfters.evaluate(RunAfters.java:27)
	at org.springframework.test.context.junit4.statements.RunAfterTestMethodCallbacks.evaluate(RunAfterTestMethodCallbacks.java:86)
	at org.springframework.test.context.junit4.statements.SpringRepeat.evaluate(SpringRepeat.java:84)
	at org.junit.runners.ParentRunner.runLeaf(ParentRunner.java:325)
	at org.springframework.test.context.junit4.SpringJUnit4ClassRunner.runChild(SpringJUnit4ClassRunner.java:252)
	at org.springframework.test.context.junit4.SpringJUnit4ClassRunner.runChild(SpringJUnit4ClassRunner.java:94)
	at org.junit.runners.ParentRunner$3.run(ParentRunner.java:290)
	at org.junit.runners.ParentRunner$1.schedule(ParentRunner.java:71)
	at org.junit.runners.ParentRunner.runChildren(ParentRunner.java:288)
	at org.junit.runners.ParentRunner.access$000(ParentRunner.java:58)
	at org.junit.runners.ParentRunner$2.evaluate(ParentRunner.java:268)
	at org.springframework.test.context.junit4.statements.RunBeforeTestClassCallbacks.evaluate(RunBeforeTestClassCallbacks.java:61)
	at org.springframework.test.context.junit4.statements.RunAfterTestClassCallbacks.evaluate(RunAfterTestClassCallbacks.java:70)
	at org.junit.runners.ParentRunner.run(ParentRunner.java:363)
	at org.springframework.test.context.junit4.SpringJUnit4ClassRunner.run(SpringJUnit4ClassRunner.java:191)
	at org.apache.maven.surefire.junit4.JUnit4Provider.execute(JUnit4Provider.java:367)
	at org.apache.maven.surefire.junit4.JUnit4Provider.executeWithRerun(JUnit4Provider.java:274)
	at org.apache.maven.surefire.junit4.JUnit4Provider.executeTestSet(JUnit4Provider.java:238)
	at org.apache.maven.surefire.junit4.JUnit4Provider.invoke(JUnit4Provider.java:161)
	at org.apache.maven.surefire.booter.ForkedBooter.invokeProviderInSameClassLoader(ForkedBooter.java:290)
	at org.apache.maven.surefire.booter.ForkedBooter.runSuitesInProcess(ForkedBooter.java:242)
	at org.apache.maven.surefire.booter.ForkedBooter.main(ForkedBooter.java:121)
[2018-03-14 12:07:07.314]  WARN Message [topic=TEST_CONSOLE_TOPIC, flag=0, properties={KEYS=TEST_TOPIC_KEY, WAIT=true, UNIQ_KEY=C0A859EB30A4011E1E6742F92F2F0012}, body=11]
[2018-03-14 12:07:07.321] ERROR map file C:\Users\Administrator\rocketmq-console-test\20180314120653\commitlog\00000000000000000000 Failed. 
java.io.IOException: Map failed
	at sun.nio.ch.FileChannelImpl.map(FileChannelImpl.java:888)
	at org.apache.rocketmq.store.MappedFile.init(MappedFile.java:160)
	at org.apache.rocketmq.store.MappedFile.<init>(MappedFile.java:71)
	at org.apache.rocketmq.store.AllocateMappedFileService.mmapOperation(AllocateMappedFileService.java:182)
	at org.apache.rocketmq.store.AllocateMappedFileService.run(AllocateMappedFileService.java:143)
	at java.lang.Thread.run(Thread.java:745)
Caused by: java.lang.OutOfMemoryError: Map failed
	at sun.nio.ch.FileChannelImpl.map0(Native Method)
	at sun.nio.ch.FileChannelImpl.map(FileChannelImpl.java:885)
	... 5 common frames omitted
[2018-03-14 12:07:07.321]  WARN AllocateMappedFileService service has exception. 
java.io.IOException: Map failed
	at sun.nio.ch.FileChannelImpl.map(FileChannelImpl.java:888)
	at org.apache.rocketmq.store.MappedFile.init(MappedFile.java:160)
	at org.apache.rocketmq.store.MappedFile.<init>(MappedFile.java:71)
	at org.apache.rocketmq.store.AllocateMappedFileService.mmapOperation(AllocateMappedFileService.java:182)
	at org.apache.rocketmq.store.AllocateMappedFileService.run(AllocateMappedFileService.java:143)
	at java.lang.Thread.run(Thread.java:745)
Caused by: java.lang.OutOfMemoryError: Map failed
	at sun.nio.ch.FileChannelImpl.map0(Native Method)
	at sun.nio.ch.FileChannelImpl.map(FileChannelImpl.java:885)
	... 5 common frames omitted
[2018-03-14 12:07:07.543] ERROR map file C:\Users\Administrator\rocketmq-console-test\20180314120653\commitlog\00000000000000000000 Failed. 
java.io.IOException: Map failed
	at sun.nio.ch.FileChannelImpl.map(FileChannelImpl.java:888)
	at org.apache.rocketmq.store.MappedFile.init(MappedFile.java:160)
	at org.apache.rocketmq.store.MappedFile.<init>(MappedFile.java:71)
	at org.apache.rocketmq.store.AllocateMappedFileService.mmapOperation(AllocateMappedFileService.java:182)
	at org.apache.rocketmq.store.AllocateMappedFileService.run(AllocateMappedFileService.java:143)
	at java.lang.Thread.run(Thread.java:745)
Caused by: java.lang.OutOfMemoryError: Map failed
	at sun.nio.ch.FileChannelImpl.map0(Native Method)
	at sun.nio.ch.FileChannelImpl.map(FileChannelImpl.java:885)
	... 5 common frames omitted
[2018-03-14 12:07:07.544]  WARN AllocateMappedFileService service has exception. 
java.io.IOException: Map failed
	at sun.nio.ch.FileChannelImpl.map(FileChannelImpl.java:888)
	at org.apache.rocketmq.store.MappedFile.init(MappedFile.java:160)
	at org.apache.rocketmq.store.MappedFile.<init>(MappedFile.java:71)
	at org.apache.rocketmq.store.AllocateMappedFileService.mmapOperation(AllocateMappedFileService.java:182)
	at org.apache.rocketmq.store.AllocateMappedFileService.run(AllocateMappedFileService.java:143)
	at java.lang.Thread.run(Thread.java:745)
Caused by: java.lang.OutOfMemoryError: Map failed
	at sun.nio.ch.FileChannelImpl.map0(Native Method)
	at sun.nio.ch.FileChannelImpl.map(FileChannelImpl.java:885)
	... 5 common frames omitted
[2018-03-14 12:07:07.760] ERROR map file C:\Users\Administrator\rocketmq-console-test\20180314120653\commitlog\00000000000000000000 Failed. 
java.io.IOException: Map failed
	at sun.nio.ch.FileChannelImpl.map(FileChannelImpl.java:888)
	at org.apache.rocketmq.store.MappedFile.init(MappedFile.java:160)
	at org.apache.rocketmq.store.MappedFile.<init>(MappedFile.java:71)
	at org.apache.rocketmq.store.AllocateMappedFileService.mmapOperation(AllocateMappedFileService.java:182)
	at org.apache.rocketmq.store.AllocateMappedFileService.run(AllocateMappedFileService.java:143)
	at java.lang.Thread.run(Thread.java:745)
Caused by: java.lang.OutOfMemoryError: Map failed
	at sun.nio.ch.FileChannelImpl.map0(Native Method)
	at sun.nio.ch.FileChannelImpl.map(FileChannelImpl.java:885)
	... 5 common frames omitted
[2018-03-14 12:07:07.761]  WARN AllocateMappedFileService service has exception. 
java.io.IOException: Map failed
	at sun.nio.ch.FileChannelImpl.map(FileChannelImpl.java:888)
	at org.apache.rocketmq.store.MappedFile.init(MappedFile.java:160)
	at org.apache.rocketmq.store.MappedFile.<init>(MappedFile.java:71)
	at org.apache.rocketmq.store.AllocateMappedFileService.mmapOperation(AllocateMappedFileService.java:182)
	at org.apache.rocketmq.store.AllocateMappedFileService.run(AllocateMappedFileService.java:143)
	at java.lang.Thread.run(Thread.java:745)
Caused by: java.lang.OutOfMemoryError: Map failed
	at sun.nio.ch.FileChannelImpl.map0(Native Method)
	at sun.nio.ch.FileChannelImpl.map(FileChannelImpl.java:885)
	... 5 common frames omitted
[2018-03-14 12:07:07.874]  WARN AllocateMappedFileService service has exception. so return null
[2018-03-14 12:07:07.874] ERROR create maped file1 error, topic: TEST_CONSOLE_TOPIC clientAddr: 127.0.0.1
[2018-03-14 12:07:07.875]  WARN sendKernelImpl exception, resend at once, InvokeID: -2308479433307925247, RT: 2ms, Broker: MessageQueue [topic=TEST_CONSOLE_TOPIC, brokerName=ConsoleTestBroker, queueId=12]
org.apache.rocketmq.client.exception.MQBrokerException: CODE: 1  DESC: create mapped file failed, server is busy or broken.
For more information, please visit the url, http://rocketmq.apache.org/docs/faq/
	at org.apache.rocketmq.client.impl.MQClientAPIImpl.processSendResponse(MQClientAPIImpl.java:531)
	at org.apache.rocketmq.client.impl.MQClientAPIImpl.sendMessageSync(MQClientAPIImpl.java:345)
	at org.apache.rocketmq.client.impl.MQClientAPIImpl.sendMessage(MQClientAPIImpl.java:327)
	at org.apache.rocketmq.client.impl.MQClientAPIImpl.sendMessage(MQClientAPIImpl.java:290)
	at org.apache.rocketmq.client.impl.producer.DefaultMQProducerImpl.sendKernelImpl(DefaultMQProducerImpl.java:688)
	at org.apache.rocketmq.client.impl.producer.DefaultMQProducerImpl.sendDefaultImpl(DefaultMQProducerImpl.java:458)
	at org.apache.rocketmq.client.impl.producer.DefaultMQProducerImpl.send(DefaultMQProducerImpl.java:1049)
	at org.apache.rocketmq.client.impl.producer.DefaultMQProducerImpl.send(DefaultMQProducerImpl.java:1008)
	at org.apache.rocketmq.client.producer.DefaultMQProducer.send(DefaultMQProducer.java:204)
	at org.apache.rocketmq.console.testbase.RocketMQConsoleTestBase.sendTestTopicMessage(RocketMQConsoleTestBase.java:107)
	at org.apache.rocketmq.console.service.impl.TopicServiceImplTest.setUp(TopicServiceImplTest.java:57)
	at sun.reflect.NativeMethodAccessorImpl.invoke0(Native Method)
	at sun.reflect.NativeMethodAccessorImpl.invoke(NativeMethodAccessorImpl.java:57)
	at sun.reflect.DelegatingMethodAccessorImpl.invoke(DelegatingMethodAccessorImpl.java:43)
	at java.lang.reflect.Method.invoke(Method.java:606)
	at org.junit.runners.model.FrameworkMethod$1.runReflectiveCall(FrameworkMethod.java:50)
	at org.junit.internal.runners.model.ReflectiveCallable.run(ReflectiveCallable.java:12)
	at org.junit.runners.model.FrameworkMethod.invokeExplosively(FrameworkMethod.java:47)
	at org.junit.internal.runners.statements.RunBefores.evaluate(RunBefores.java:24)
	at org.springframework.test.context.junit4.statements.RunBeforeTestMethodCallbacks.evaluate(RunBeforeTestMethodCallbacks.java:75)
	at org.junit.internal.runners.statements.RunAfters.evaluate(RunAfters.java:27)
	at org.springframework.test.context.junit4.statements.RunAfterTestMethodCallbacks.evaluate(RunAfterTestMethodCallbacks.java:86)
	at org.springframework.test.context.junit4.statements.SpringRepeat.evaluate(SpringRepeat.java:84)
	at org.junit.runners.ParentRunner.runLeaf(ParentRunner.java:325)
	at org.springframework.test.context.junit4.SpringJUnit4ClassRunner.runChild(SpringJUnit4ClassRunner.java:252)
	at org.springframework.test.context.junit4.SpringJUnit4ClassRunner.runChild(SpringJUnit4ClassRunner.java:94)
	at org.junit.runners.ParentRunner$3.run(ParentRunner.java:290)
	at org.junit.runners.ParentRunner$1.schedule(ParentRunner.java:71)
	at org.junit.runners.ParentRunner.runChildren(ParentRunner.java:288)
	at org.junit.runners.ParentRunner.access$000(ParentRunner.java:58)
	at org.junit.runners.ParentRunner$2.evaluate(ParentRunner.java:268)
	at org.springframework.test.context.junit4.statements.RunBeforeTestClassCallbacks.evaluate(RunBeforeTestClassCallbacks.java:61)
	at org.springframework.test.context.junit4.statements.RunAfterTestClassCallbacks.evaluate(RunAfterTestClassCallbacks.java:70)
	at org.junit.runners.ParentRunner.run(ParentRunner.java:363)
	at org.springframework.test.context.junit4.SpringJUnit4ClassRunner.run(SpringJUnit4ClassRunner.java:191)
	at org.apache.maven.surefire.junit4.JUnit4Provider.execute(JUnit4Provider.java:367)
	at org.apache.maven.surefire.junit4.JUnit4Provider.executeWithRerun(JUnit4Provider.java:274)
	at org.apache.maven.surefire.junit4.JUnit4Provider.executeTestSet(JUnit4Provider.java:238)
	at org.apache.maven.surefire.junit4.JUnit4Provider.invoke(JUnit4Provider.java:161)
	at org.apache.maven.surefire.booter.ForkedBooter.invokeProviderInSameClassLoader(ForkedBooter.java:290)
	at org.apache.maven.surefire.booter.ForkedBooter.runSuitesInProcess(ForkedBooter.java:242)
	at org.apache.maven.surefire.booter.ForkedBooter.main(ForkedBooter.java:121)
[2018-03-14 12:07:07.875]  WARN Message [topic=TEST_CONSOLE_TOPIC, flag=0, properties={KEYS=TEST_TOPIC_KEY, WAIT=true, UNIQ_KEY=C0A859EB30A4011E1E6742F92F2F0012}, body=11]
[2018-03-14 12:07:07.876]  WARN AllocateMappedFileService service has exception. so return null
[2018-03-14 12:07:07.876] ERROR create maped file1 error, topic: TEST_CONSOLE_TOPIC clientAddr: 127.0.0.1
[2018-03-14 12:07:07.877]  WARN sendKernelImpl exception, resend at once, InvokeID: -2308479433307925247, RT: 2ms, Broker: MessageQueue [topic=TEST_CONSOLE_TOPIC, brokerName=ConsoleTestBroker, queueId=14]
org.apache.rocketmq.client.exception.MQBrokerException: CODE: 1  DESC: create mapped file failed, server is busy or broken.
For more information, please visit the url, http://rocketmq.apache.org/docs/faq/
	at org.apache.rocketmq.client.impl.MQClientAPIImpl.processSendResponse(MQClientAPIImpl.java:531)
	at org.apache.rocketmq.client.impl.MQClientAPIImpl.sendMessageSync(MQClientAPIImpl.java:345)
	at org.apache.rocketmq.client.impl.MQClientAPIImpl.sendMessage(MQClientAPIImpl.java:327)
	at org.apache.rocketmq.client.impl.MQClientAPIImpl.sendMessage(MQClientAPIImpl.java:290)
	at org.apache.rocketmq.client.impl.producer.DefaultMQProducerImpl.sendKernelImpl(DefaultMQProducerImpl.java:688)
	at org.apache.rocketmq.client.impl.producer.DefaultMQProducerImpl.sendDefaultImpl(DefaultMQProducerImpl.java:458)
	at org.apache.rocketmq.client.impl.producer.DefaultMQProducerImpl.send(DefaultMQProducerImpl.java:1049)
	at org.apache.rocketmq.client.impl.producer.DefaultMQProducerImpl.send(DefaultMQProducerImpl.java:1008)
	at org.apache.rocketmq.client.producer.DefaultMQProducer.send(DefaultMQProducer.java:204)
	at org.apache.rocketmq.console.testbase.RocketMQConsoleTestBase.sendTestTopicMessage(RocketMQConsoleTestBase.java:107)
	at org.apache.rocketmq.console.service.impl.TopicServiceImplTest.setUp(TopicServiceImplTest.java:57)
	at sun.reflect.NativeMethodAccessorImpl.invoke0(Native Method)
	at sun.reflect.NativeMethodAccessorImpl.invoke(NativeMethodAccessorImpl.java:57)
	at sun.reflect.DelegatingMethodAccessorImpl.invoke(DelegatingMethodAccessorImpl.java:43)
	at java.lang.reflect.Method.invoke(Method.java:606)
	at org.junit.runners.model.FrameworkMethod$1.runReflectiveCall(FrameworkMethod.java:50)
	at org.junit.internal.runners.model.ReflectiveCallable.run(ReflectiveCallable.java:12)
	at org.junit.runners.model.FrameworkMethod.invokeExplosively(FrameworkMethod.java:47)
	at org.junit.internal.runners.statements.RunBefores.evaluate(RunBefores.java:24)
	at org.springframework.test.context.junit4.statements.RunBeforeTestMethodCallbacks.evaluate(RunBeforeTestMethodCallbacks.java:75)
	at org.junit.internal.runners.statements.RunAfters.evaluate(RunAfters.java:27)
	at org.springframework.test.context.junit4.statements.RunAfterTestMethodCallbacks.evaluate(RunAfterTestMethodCallbacks.java:86)
	at org.springframework.test.context.junit4.statements.SpringRepeat.evaluate(SpringRepeat.java:84)
	at org.junit.runners.ParentRunner.runLeaf(ParentRunner.java:325)
	at org.springframework.test.context.junit4.SpringJUnit4ClassRunner.runChild(SpringJUnit4ClassRunner.java:252)
	at org.springframework.test.context.junit4.SpringJUnit4ClassRunner.runChild(SpringJUnit4ClassRunner.java:94)
	at org.junit.runners.ParentRunner$3.run(ParentRunner.java:290)
	at org.junit.runners.ParentRunner$1.schedule(ParentRunner.java:71)
	at org.junit.runners.ParentRunner.runChildren(ParentRunner.java:288)
	at org.junit.runners.ParentRunner.access$000(ParentRunner.java:58)
	at org.junit.runners.ParentRunner$2.evaluate(ParentRunner.java:268)
	at org.springframework.test.context.junit4.statements.RunBeforeTestClassCallbacks.evaluate(RunBeforeTestClassCallbacks.java:61)
	at org.springframework.test.context.junit4.statements.RunAfterTestClassCallbacks.evaluate(RunAfterTestClassCallbacks.java:70)
	at org.junit.runners.ParentRunner.run(ParentRunner.java:363)
	at org.springframework.test.context.junit4.SpringJUnit4ClassRunner.run(SpringJUnit4ClassRunner.java:191)
	at org.apache.maven.surefire.junit4.JUnit4Provider.execute(JUnit4Provider.java:367)
	at org.apache.maven.surefire.junit4.JUnit4Provider.executeWithRerun(JUnit4Provider.java:274)
	at org.apache.maven.surefire.junit4.JUnit4Provider.executeTestSet(JUnit4Provider.java:238)
	at org.apache.maven.surefire.junit4.JUnit4Provider.invoke(JUnit4Provider.java:161)
	at org.apache.maven.surefire.booter.ForkedBooter.invokeProviderInSameClassLoader(ForkedBooter.java:290)
	at org.apache.maven.surefire.booter.ForkedBooter.runSuitesInProcess(ForkedBooter.java:242)
	at org.apache.maven.surefire.booter.ForkedBooter.main(ForkedBooter.java:121)
[2018-03-14 12:07:07.877]  WARN Message [topic=TEST_CONSOLE_TOPIC, flag=0, properties={KEYS=TEST_TOPIC_KEY, WAIT=true, UNIQ_KEY=C0A859EB30A4011E1E6742F92F2F0012}, body=11]
[2018-03-14 12:07:07.878]  WARN AllocateMappedFileService service has exception. so return null
[2018-03-14 12:07:07.879] ERROR create maped file1 error, topic: TEST_CONSOLE_TOPIC clientAddr: 127.0.0.1
[2018-03-14 12:07:07.879]  WARN sendKernelImpl exception, resend at once, InvokeID: -2308479433307925247, RT: 2ms, Broker: MessageQueue [topic=TEST_CONSOLE_TOPIC, brokerName=ConsoleTestBroker, queueId=0]
org.apache.rocketmq.client.exception.MQBrokerException: CODE: 1  DESC: create mapped file failed, server is busy or broken.
For more information, please visit the url, http://rocketmq.apache.org/docs/faq/
	at org.apache.rocketmq.client.impl.MQClientAPIImpl.processSendResponse(MQClientAPIImpl.java:531)
	at org.apache.rocketmq.client.impl.MQClientAPIImpl.sendMessageSync(MQClientAPIImpl.java:345)
	at org.apache.rocketmq.client.impl.MQClientAPIImpl.sendMessage(MQClientAPIImpl.java:327)
	at org.apache.rocketmq.client.impl.MQClientAPIImpl.sendMessage(MQClientAPIImpl.java:290)
	at org.apache.rocketmq.client.impl.producer.DefaultMQProducerImpl.sendKernelImpl(DefaultMQProducerImpl.java:688)
	at org.apache.rocketmq.client.impl.producer.DefaultMQProducerImpl.sendDefaultImpl(DefaultMQProducerImpl.java:458)
	at org.apache.rocketmq.client.impl.producer.DefaultMQProducerImpl.send(DefaultMQProducerImpl.java:1049)
	at org.apache.rocketmq.client.impl.producer.DefaultMQProducerImpl.send(DefaultMQProducerImpl.java:1008)
	at org.apache.rocketmq.client.producer.DefaultMQProducer.send(DefaultMQProducer.java:204)
	at org.apache.rocketmq.console.testbase.RocketMQConsoleTestBase.sendTestTopicMessage(RocketMQConsoleTestBase.java:107)
	at org.apache.rocketmq.console.service.impl.TopicServiceImplTest.setUp(TopicServiceImplTest.java:57)
	at sun.reflect.NativeMethodAccessorImpl.invoke0(Native Method)
	at sun.reflect.NativeMethodAccessorImpl.invoke(NativeMethodAccessorImpl.java:57)
	at sun.reflect.DelegatingMethodAccessorImpl.invoke(DelegatingMethodAccessorImpl.java:43)
	at java.lang.reflect.Method.invoke(Method.java:606)
	at org.junit.runners.model.FrameworkMethod$1.runReflectiveCall(FrameworkMethod.java:50)
	at org.junit.internal.runners.model.ReflectiveCallable.run(ReflectiveCallable.java:12)
	at org.junit.runners.model.FrameworkMethod.invokeExplosively(FrameworkMethod.java:47)
	at org.junit.internal.runners.statements.RunBefores.evaluate(RunBefores.java:24)
	at org.springframework.test.context.junit4.statements.RunBeforeTestMethodCallbacks.evaluate(RunBeforeTestMethodCallbacks.java:75)
	at org.junit.internal.runners.statements.RunAfters.evaluate(RunAfters.java:27)
	at org.springframework.test.context.junit4.statements.RunAfterTestMethodCallbacks.evaluate(RunAfterTestMethodCallbacks.java:86)
	at org.springframework.test.context.junit4.statements.SpringRepeat.evaluate(SpringRepeat.java:84)
	at org.junit.runners.ParentRunner.runLeaf(ParentRunner.java:325)
	at org.springframework.test.context.junit4.SpringJUnit4ClassRunner.runChild(SpringJUnit4ClassRunner.java:252)
	at org.springframework.test.context.junit4.SpringJUnit4ClassRunner.runChild(SpringJUnit4ClassRunner.java:94)
	at org.junit.runners.ParentRunner$3.run(ParentRunner.java:290)
	at org.junit.runners.ParentRunner$1.schedule(ParentRunner.java:71)
	at org.junit.runners.ParentRunner.runChildren(ParentRunner.java:288)
	at org.junit.runners.ParentRunner.access$000(ParentRunner.java:58)
	at org.junit.runners.ParentRunner$2.evaluate(ParentRunner.java:268)
	at org.springframework.test.context.junit4.statements.RunBeforeTestClassCallbacks.evaluate(RunBeforeTestClassCallbacks.java:61)
	at org.springframework.test.context.junit4.statements.RunAfterTestClassCallbacks.evaluate(RunAfterTestClassCallbacks.java:70)
	at org.junit.runners.ParentRunner.run(ParentRunner.java:363)
	at org.springframework.test.context.junit4.SpringJUnit4ClassRunner.run(SpringJUnit4ClassRunner.java:191)
	at org.apache.maven.surefire.junit4.JUnit4Provider.execute(JUnit4Provider.java:367)
	at org.apache.maven.surefire.junit4.JUnit4Provider.executeWithRerun(JUnit4Provider.java:274)
	at org.apache.maven.surefire.junit4.JUnit4Provider.executeTestSet(JUnit4Provider.java:238)
	at org.apache.maven.surefire.junit4.JUnit4Provider.invoke(JUnit4Provider.java:161)
	at org.apache.maven.surefire.booter.ForkedBooter.invokeProviderInSameClassLoader(ForkedBooter.java:290)
	at org.apache.maven.surefire.booter.ForkedBooter.runSuitesInProcess(ForkedBooter.java:242)
	at org.apache.maven.surefire.booter.ForkedBooter.main(ForkedBooter.java:121)
[2018-03-14 12:07:07.880]  WARN Message [topic=TEST_CONSOLE_TOPIC, flag=0, properties={KEYS=TEST_TOPIC_KEY, WAIT=true, UNIQ_KEY=C0A859EB30A4011E1E6742F92F2F0012}, body=11]
[2018-03-14 12:07:07.976] ERROR map file C:\Users\Administrator\rocketmq-console-test\20180314120653\commitlog\00000000000000000000 Failed. 
java.io.IOException: Map failed
	at sun.nio.ch.FileChannelImpl.map(FileChannelImpl.java:888)
	at org.apache.rocketmq.store.MappedFile.init(MappedFile.java:160)
	at org.apache.rocketmq.store.MappedFile.<init>(MappedFile.java:71)
	at org.apache.rocketmq.store.AllocateMappedFileService.mmapOperation(AllocateMappedFileService.java:182)
	at org.apache.rocketmq.store.AllocateMappedFileService.run(AllocateMappedFileService.java:143)
	at java.lang.Thread.run(Thread.java:745)
Caused by: java.lang.OutOfMemoryError: Map failed
	at sun.nio.ch.FileChannelImpl.map0(Native Method)
	at sun.nio.ch.FileChannelImpl.map(FileChannelImpl.java:885)
	... 5 common frames omitted
[2018-03-14 12:07:07.976]  WARN AllocateMappedFileService service has exception. 
java.io.IOException: Map failed
	at sun.nio.ch.FileChannelImpl.map(FileChannelImpl.java:888)
	at org.apache.rocketmq.store.MappedFile.init(MappedFile.java:160)
	at org.apache.rocketmq.store.MappedFile.<init>(MappedFile.java:71)
	at org.apache.rocketmq.store.AllocateMappedFileService.mmapOperation(AllocateMappedFileService.java:182)
	at org.apache.rocketmq.store.AllocateMappedFileService.run(AllocateMappedFileService.java:143)
	at java.lang.Thread.run(Thread.java:745)
Caused by: java.lang.OutOfMemoryError: Map failed
	at sun.nio.ch.FileChannelImpl.map0(Native Method)
	at sun.nio.ch.FileChannelImpl.map(FileChannelImpl.java:885)
	... 5 common frames omitted
[2018-03-14 12:07:08.190] ERROR map file C:\Users\Administrator\rocketmq-console-test\20180314120653\commitlog\00000000000000000000 Failed. 
java.io.IOException: Map failed
	at sun.nio.ch.FileChannelImpl.map(FileChannelImpl.java:888)
	at org.apache.rocketmq.store.MappedFile.init(MappedFile.java:160)
	at org.apache.rocketmq.store.MappedFile.<init>(MappedFile.java:71)
	at org.apache.rocketmq.store.AllocateMappedFileService.mmapOperation(AllocateMappedFileService.java:182)
	at org.apache.rocketmq.store.AllocateMappedFileService.run(AllocateMappedFileService.java:143)
	at java.lang.Thread.run(Thread.java:745)
Caused by: java.lang.OutOfMemoryError: Map failed
	at sun.nio.ch.FileChannelImpl.map0(Native Method)
	at sun.nio.ch.FileChannelImpl.map(FileChannelImpl.java:885)
	... 5 common frames omitted
[2018-03-14 12:07:08.190]  WARN AllocateMappedFileService service has exception. 
java.io.IOException: Map failed
	at sun.nio.ch.FileChannelImpl.map(FileChannelImpl.java:888)
	at org.apache.rocketmq.store.MappedFile.init(MappedFile.java:160)
	at org.apache.rocketmq.store.MappedFile.<init>(MappedFile.java:71)
	at org.apache.rocketmq.store.AllocateMappedFileService.mmapOperation(AllocateMappedFileService.java:182)
	at org.apache.rocketmq.store.AllocateMappedFileService.run(AllocateMappedFileService.java:143)
	at java.lang.Thread.run(Thread.java:745)
Caused by: java.lang.OutOfMemoryError: Map failed
	at sun.nio.ch.FileChannelImpl.map0(Native Method)
	at sun.nio.ch.FileChannelImpl.map(FileChannelImpl.java:885)
	... 5 common frames omitted
]]></system-out>
  </testcase>
  <testcase name="sendTopicMessageRequest" classname="org.apache.rocketmq.console.service.impl.TopicServiceImplTest" time="5.46">
    <error message="send message error" type="java.lang.RuntimeException">java.lang.RuntimeException: send message error
	at org.apache.rocketmq.console.service.impl.TopicServiceImplTest.setUp(TopicServiceImplTest.java:57)
</error>
    <system-out><![CDATA[[2018-03-14 12:07:08.404] ERROR map file C:\Users\Administrator\rocketmq-console-test\20180314120653\commitlog\00000000000000000000 Failed. 
java.io.IOException: Map failed
	at sun.nio.ch.FileChannelImpl.map(FileChannelImpl.java:888)
	at org.apache.rocketmq.store.MappedFile.init(MappedFile.java:160)
	at org.apache.rocketmq.store.MappedFile.<init>(MappedFile.java:71)
	at org.apache.rocketmq.store.AllocateMappedFileService.mmapOperation(AllocateMappedFileService.java:182)
	at org.apache.rocketmq.store.AllocateMappedFileService.run(AllocateMappedFileService.java:143)
	at java.lang.Thread.run(Thread.java:745)
Caused by: java.lang.OutOfMemoryError: Map failed
	at sun.nio.ch.FileChannelImpl.map0(Native Method)
	at sun.nio.ch.FileChannelImpl.map(FileChannelImpl.java:885)
	... 5 common frames omitted
[2018-03-14 12:07:08.405]  WARN AllocateMappedFileService service has exception. 
java.io.IOException: Map failed
	at sun.nio.ch.FileChannelImpl.map(FileChannelImpl.java:888)
	at org.apache.rocketmq.store.MappedFile.init(MappedFile.java:160)
	at org.apache.rocketmq.store.MappedFile.<init>(MappedFile.java:71)
	at org.apache.rocketmq.store.AllocateMappedFileService.mmapOperation(AllocateMappedFileService.java:182)
	at org.apache.rocketmq.store.AllocateMappedFileService.run(AllocateMappedFileService.java:143)
	at java.lang.Thread.run(Thread.java:745)
Caused by: java.lang.OutOfMemoryError: Map failed
	at sun.nio.ch.FileChannelImpl.map0(Native Method)
	at sun.nio.ch.FileChannelImpl.map(FileChannelImpl.java:885)
	... 5 common frames omitted
[2018-03-14 12:07:08.621] ERROR map file C:\Users\Administrator\rocketmq-console-test\20180314120653\commitlog\00000000000000000000 Failed. 
java.io.IOException: Map failed
	at sun.nio.ch.FileChannelImpl.map(FileChannelImpl.java:888)
	at org.apache.rocketmq.store.MappedFile.init(MappedFile.java:160)
	at org.apache.rocketmq.store.MappedFile.<init>(MappedFile.java:71)
	at org.apache.rocketmq.store.AllocateMappedFileService.mmapOperation(AllocateMappedFileService.java:182)
	at org.apache.rocketmq.store.AllocateMappedFileService.run(AllocateMappedFileService.java:143)
	at java.lang.Thread.run(Thread.java:745)
Caused by: java.lang.OutOfMemoryError: Map failed
	at sun.nio.ch.FileChannelImpl.map0(Native Method)
	at sun.nio.ch.FileChannelImpl.map(FileChannelImpl.java:885)
	... 5 common frames omitted
[2018-03-14 12:07:08.621]  WARN AllocateMappedFileService service has exception. 
java.io.IOException: Map failed
	at sun.nio.ch.FileChannelImpl.map(FileChannelImpl.java:888)
	at org.apache.rocketmq.store.MappedFile.init(MappedFile.java:160)
	at org.apache.rocketmq.store.MappedFile.<init>(MappedFile.java:71)
	at org.apache.rocketmq.store.AllocateMappedFileService.mmapOperation(AllocateMappedFileService.java:182)
	at org.apache.rocketmq.store.AllocateMappedFileService.run(AllocateMappedFileService.java:143)
	at java.lang.Thread.run(Thread.java:745)
Caused by: java.lang.OutOfMemoryError: Map failed
	at sun.nio.ch.FileChannelImpl.map0(Native Method)
	at sun.nio.ch.FileChannelImpl.map(FileChannelImpl.java:885)
	... 5 common frames omitted
[2018-03-14 12:07:08.836] ERROR map file C:\Users\Administrator\rocketmq-console-test\20180314120653\commitlog\00000000000000000000 Failed. 
java.io.IOException: Map failed
	at sun.nio.ch.FileChannelImpl.map(FileChannelImpl.java:888)
	at org.apache.rocketmq.store.MappedFile.init(MappedFile.java:160)
	at org.apache.rocketmq.store.MappedFile.<init>(MappedFile.java:71)
	at org.apache.rocketmq.store.AllocateMappedFileService.mmapOperation(AllocateMappedFileService.java:182)
	at org.apache.rocketmq.store.AllocateMappedFileService.run(AllocateMappedFileService.java:143)
	at java.lang.Thread.run(Thread.java:745)
Caused by: java.lang.OutOfMemoryError: Map failed
	at sun.nio.ch.FileChannelImpl.map0(Native Method)
	at sun.nio.ch.FileChannelImpl.map(FileChannelImpl.java:885)
	... 5 common frames omitted
[2018-03-14 12:07:08.836]  WARN AllocateMappedFileService service has exception. 
java.io.IOException: Map failed
	at sun.nio.ch.FileChannelImpl.map(FileChannelImpl.java:888)
	at org.apache.rocketmq.store.MappedFile.init(MappedFile.java:160)
	at org.apache.rocketmq.store.MappedFile.<init>(MappedFile.java:71)
	at org.apache.rocketmq.store.AllocateMappedFileService.mmapOperation(AllocateMappedFileService.java:182)
	at org.apache.rocketmq.store.AllocateMappedFileService.run(AllocateMappedFileService.java:143)
	at java.lang.Thread.run(Thread.java:745)
Caused by: java.lang.OutOfMemoryError: Map failed
	at sun.nio.ch.FileChannelImpl.map0(Native Method)
	at sun.nio.ch.FileChannelImpl.map(FileChannelImpl.java:885)
	... 5 common frames omitted
[2018-03-14 12:07:09.045] ERROR map file C:\Users\Administrator\rocketmq-console-test\20180314120653\commitlog\00000000000000000000 Failed. 
java.io.IOException: Map failed
	at sun.nio.ch.FileChannelImpl.map(FileChannelImpl.java:888)
	at org.apache.rocketmq.store.MappedFile.init(MappedFile.java:160)
	at org.apache.rocketmq.store.MappedFile.<init>(MappedFile.java:71)
	at org.apache.rocketmq.store.AllocateMappedFileService.mmapOperation(AllocateMappedFileService.java:182)
	at org.apache.rocketmq.store.AllocateMappedFileService.run(AllocateMappedFileService.java:143)
	at java.lang.Thread.run(Thread.java:745)
Caused by: java.lang.OutOfMemoryError: Map failed
	at sun.nio.ch.FileChannelImpl.map0(Native Method)
	at sun.nio.ch.FileChannelImpl.map(FileChannelImpl.java:885)
	... 5 common frames omitted
[2018-03-14 12:07:09.045]  WARN AllocateMappedFileService service has exception. 
java.io.IOException: Map failed
	at sun.nio.ch.FileChannelImpl.map(FileChannelImpl.java:888)
	at org.apache.rocketmq.store.MappedFile.init(MappedFile.java:160)
	at org.apache.rocketmq.store.MappedFile.<init>(MappedFile.java:71)
	at org.apache.rocketmq.store.AllocateMappedFileService.mmapOperation(AllocateMappedFileService.java:182)
	at org.apache.rocketmq.store.AllocateMappedFileService.run(AllocateMappedFileService.java:143)
	at java.lang.Thread.run(Thread.java:745)
Caused by: java.lang.OutOfMemoryError: Map failed
	at sun.nio.ch.FileChannelImpl.map0(Native Method)
	at sun.nio.ch.FileChannelImpl.map(FileChannelImpl.java:885)
	... 5 common frames omitted
[2018-03-14 12:07:09.259] ERROR map file C:\Users\Administrator\rocketmq-console-test\20180314120653\commitlog\00000000000000000000 Failed. 
java.io.IOException: Map failed
	at sun.nio.ch.FileChannelImpl.map(FileChannelImpl.java:888)
	at org.apache.rocketmq.store.MappedFile.init(MappedFile.java:160)
	at org.apache.rocketmq.store.MappedFile.<init>(MappedFile.java:71)
	at org.apache.rocketmq.store.AllocateMappedFileService.mmapOperation(AllocateMappedFileService.java:182)
	at org.apache.rocketmq.store.AllocateMappedFileService.run(AllocateMappedFileService.java:143)
	at java.lang.Thread.run(Thread.java:745)
Caused by: java.lang.OutOfMemoryError: Map failed
	at sun.nio.ch.FileChannelImpl.map0(Native Method)
	at sun.nio.ch.FileChannelImpl.map(FileChannelImpl.java:885)
	... 5 common frames omitted
[2018-03-14 12:07:09.259]  WARN AllocateMappedFileService service has exception. 
java.io.IOException: Map failed
	at sun.nio.ch.FileChannelImpl.map(FileChannelImpl.java:888)
	at org.apache.rocketmq.store.MappedFile.init(MappedFile.java:160)
	at org.apache.rocketmq.store.MappedFile.<init>(MappedFile.java:71)
	at org.apache.rocketmq.store.AllocateMappedFileService.mmapOperation(AllocateMappedFileService.java:182)
	at org.apache.rocketmq.store.AllocateMappedFileService.run(AllocateMappedFileService.java:143)
	at java.lang.Thread.run(Thread.java:745)
Caused by: java.lang.OutOfMemoryError: Map failed
	at sun.nio.ch.FileChannelImpl.map0(Native Method)
	at sun.nio.ch.FileChannelImpl.map(FileChannelImpl.java:885)
	... 5 common frames omitted
[2018-03-14 12:07:09.484] ERROR map file C:\Users\Administrator\rocketmq-console-test\20180314120653\commitlog\00000000000000000000 Failed. 
java.io.IOException: Map failed
	at sun.nio.ch.FileChannelImpl.map(FileChannelImpl.java:888)
	at org.apache.rocketmq.store.MappedFile.init(MappedFile.java:160)
	at org.apache.rocketmq.store.MappedFile.<init>(MappedFile.java:71)
	at org.apache.rocketmq.store.AllocateMappedFileService.mmapOperation(AllocateMappedFileService.java:182)
	at org.apache.rocketmq.store.AllocateMappedFileService.run(AllocateMappedFileService.java:143)
	at java.lang.Thread.run(Thread.java:745)
Caused by: java.lang.OutOfMemoryError: Map failed
	at sun.nio.ch.FileChannelImpl.map0(Native Method)
	at sun.nio.ch.FileChannelImpl.map(FileChannelImpl.java:885)
	... 5 common frames omitted
[2018-03-14 12:07:09.484]  WARN AllocateMappedFileService service has exception. 
java.io.IOException: Map failed
	at sun.nio.ch.FileChannelImpl.map(FileChannelImpl.java:888)
	at org.apache.rocketmq.store.MappedFile.init(MappedFile.java:160)
	at org.apache.rocketmq.store.MappedFile.<init>(MappedFile.java:71)
	at org.apache.rocketmq.store.AllocateMappedFileService.mmapOperation(AllocateMappedFileService.java:182)
	at org.apache.rocketmq.store.AllocateMappedFileService.run(AllocateMappedFileService.java:143)
	at java.lang.Thread.run(Thread.java:745)
Caused by: java.lang.OutOfMemoryError: Map failed
	at sun.nio.ch.FileChannelImpl.map0(Native Method)
	at sun.nio.ch.FileChannelImpl.map(FileChannelImpl.java:885)
	... 5 common frames omitted
[2018-03-14 12:07:09.703] ERROR map file C:\Users\Administrator\rocketmq-console-test\20180314120653\commitlog\00000000000000000000 Failed. 
java.io.IOException: Map failed
	at sun.nio.ch.FileChannelImpl.map(FileChannelImpl.java:888)
	at org.apache.rocketmq.store.MappedFile.init(MappedFile.java:160)
	at org.apache.rocketmq.store.MappedFile.<init>(MappedFile.java:71)
	at org.apache.rocketmq.store.AllocateMappedFileService.mmapOperation(AllocateMappedFileService.java:182)
	at org.apache.rocketmq.store.AllocateMappedFileService.run(AllocateMappedFileService.java:143)
	at java.lang.Thread.run(Thread.java:745)
Caused by: java.lang.OutOfMemoryError: Map failed
	at sun.nio.ch.FileChannelImpl.map0(Native Method)
	at sun.nio.ch.FileChannelImpl.map(FileChannelImpl.java:885)
	... 5 common frames omitted
[2018-03-14 12:07:09.703]  WARN AllocateMappedFileService service has exception. 
java.io.IOException: Map failed
	at sun.nio.ch.FileChannelImpl.map(FileChannelImpl.java:888)
	at org.apache.rocketmq.store.MappedFile.init(MappedFile.java:160)
	at org.apache.rocketmq.store.MappedFile.<init>(MappedFile.java:71)
	at org.apache.rocketmq.store.AllocateMappedFileService.mmapOperation(AllocateMappedFileService.java:182)
	at org.apache.rocketmq.store.AllocateMappedFileService.run(AllocateMappedFileService.java:143)
	at java.lang.Thread.run(Thread.java:745)
Caused by: java.lang.OutOfMemoryError: Map failed
	at sun.nio.ch.FileChannelImpl.map0(Native Method)
	at sun.nio.ch.FileChannelImpl.map(FileChannelImpl.java:885)
	... 5 common frames omitted
[2018-03-14 12:07:09.918] ERROR map file C:\Users\Administrator\rocketmq-console-test\20180314120653\commitlog\00000000000000000000 Failed. 
java.io.IOException: Map failed
	at sun.nio.ch.FileChannelImpl.map(FileChannelImpl.java:888)
	at org.apache.rocketmq.store.MappedFile.init(MappedFile.java:160)
	at org.apache.rocketmq.store.MappedFile.<init>(MappedFile.java:71)
	at org.apache.rocketmq.store.AllocateMappedFileService.mmapOperation(AllocateMappedFileService.java:182)
	at org.apache.rocketmq.store.AllocateMappedFileService.run(AllocateMappedFileService.java:143)
	at java.lang.Thread.run(Thread.java:745)
Caused by: java.lang.OutOfMemoryError: Map failed
	at sun.nio.ch.FileChannelImpl.map0(Native Method)
	at sun.nio.ch.FileChannelImpl.map(FileChannelImpl.java:885)
	... 5 common frames omitted
[2018-03-14 12:07:09.918]  WARN AllocateMappedFileService service has exception. 
java.io.IOException: Map failed
	at sun.nio.ch.FileChannelImpl.map(FileChannelImpl.java:888)
	at org.apache.rocketmq.store.MappedFile.init(MappedFile.java:160)
	at org.apache.rocketmq.store.MappedFile.<init>(MappedFile.java:71)
	at org.apache.rocketmq.store.AllocateMappedFileService.mmapOperation(AllocateMappedFileService.java:182)
	at org.apache.rocketmq.store.AllocateMappedFileService.run(AllocateMappedFileService.java:143)
	at java.lang.Thread.run(Thread.java:745)
Caused by: java.lang.OutOfMemoryError: Map failed
	at sun.nio.ch.FileChannelImpl.map0(Native Method)
	at sun.nio.ch.FileChannelImpl.map(FileChannelImpl.java:885)
	... 5 common frames omitted
[2018-03-14 12:07:10.139] ERROR map file C:\Users\Administrator\rocketmq-console-test\20180314120653\commitlog\00000000000000000000 Failed. 
java.io.IOException: Map failed
	at sun.nio.ch.FileChannelImpl.map(FileChannelImpl.java:888)
	at org.apache.rocketmq.store.MappedFile.init(MappedFile.java:160)
	at org.apache.rocketmq.store.MappedFile.<init>(MappedFile.java:71)
	at org.apache.rocketmq.store.AllocateMappedFileService.mmapOperation(AllocateMappedFileService.java:182)
	at org.apache.rocketmq.store.AllocateMappedFileService.run(AllocateMappedFileService.java:143)
	at java.lang.Thread.run(Thread.java:745)
Caused by: java.lang.OutOfMemoryError: Map failed
	at sun.nio.ch.FileChannelImpl.map0(Native Method)
	at sun.nio.ch.FileChannelImpl.map(FileChannelImpl.java:885)
	... 5 common frames omitted
[2018-03-14 12:07:10.140]  WARN AllocateMappedFileService service has exception. 
java.io.IOException: Map failed
	at sun.nio.ch.FileChannelImpl.map(FileChannelImpl.java:888)
	at org.apache.rocketmq.store.MappedFile.init(MappedFile.java:160)
	at org.apache.rocketmq.store.MappedFile.<init>(MappedFile.java:71)
	at org.apache.rocketmq.store.AllocateMappedFileService.mmapOperation(AllocateMappedFileService.java:182)
	at org.apache.rocketmq.store.AllocateMappedFileService.run(AllocateMappedFileService.java:143)
	at java.lang.Thread.run(Thread.java:745)
Caused by: java.lang.OutOfMemoryError: Map failed
	at sun.nio.ch.FileChannelImpl.map0(Native Method)
	at sun.nio.ch.FileChannelImpl.map(FileChannelImpl.java:885)
	... 5 common frames omitted
[2018-03-14 12:07:10.355] ERROR map file C:\Users\Administrator\rocketmq-console-test\20180314120653\commitlog\00000000000000000000 Failed. 
java.io.IOException: Map failed
	at sun.nio.ch.FileChannelImpl.map(FileChannelImpl.java:888)
	at org.apache.rocketmq.store.MappedFile.init(MappedFile.java:160)
	at org.apache.rocketmq.store.MappedFile.<init>(MappedFile.java:71)
	at org.apache.rocketmq.store.AllocateMappedFileService.mmapOperation(AllocateMappedFileService.java:182)
	at org.apache.rocketmq.store.AllocateMappedFileService.run(AllocateMappedFileService.java:143)
	at java.lang.Thread.run(Thread.java:745)
Caused by: java.lang.OutOfMemoryError: Map failed
	at sun.nio.ch.FileChannelImpl.map0(Native Method)
	at sun.nio.ch.FileChannelImpl.map(FileChannelImpl.java:885)
	... 5 common frames omitted
[2018-03-14 12:07:10.355]  WARN AllocateMappedFileService service has exception. 
java.io.IOException: Map failed
	at sun.nio.ch.FileChannelImpl.map(FileChannelImpl.java:888)
	at org.apache.rocketmq.store.MappedFile.init(MappedFile.java:160)
	at org.apache.rocketmq.store.MappedFile.<init>(MappedFile.java:71)
	at org.apache.rocketmq.store.AllocateMappedFileService.mmapOperation(AllocateMappedFileService.java:182)
	at org.apache.rocketmq.store.AllocateMappedFileService.run(AllocateMappedFileService.java:143)
	at java.lang.Thread.run(Thread.java:745)
Caused by: java.lang.OutOfMemoryError: Map failed
	at sun.nio.ch.FileChannelImpl.map0(Native Method)
	at sun.nio.ch.FileChannelImpl.map(FileChannelImpl.java:885)
	... 5 common frames omitted
[2018-03-14 12:07:10.575] ERROR map file C:\Users\Administrator\rocketmq-console-test\20180314120653\commitlog\00000000000000000000 Failed. 
java.io.IOException: Map failed
	at sun.nio.ch.FileChannelImpl.map(FileChannelImpl.java:888)
	at org.apache.rocketmq.store.MappedFile.init(MappedFile.java:160)
	at org.apache.rocketmq.store.MappedFile.<init>(MappedFile.java:71)
	at org.apache.rocketmq.store.AllocateMappedFileService.mmapOperation(AllocateMappedFileService.java:182)
	at org.apache.rocketmq.store.AllocateMappedFileService.run(AllocateMappedFileService.java:143)
	at java.lang.Thread.run(Thread.java:745)
Caused by: java.lang.OutOfMemoryError: Map failed
	at sun.nio.ch.FileChannelImpl.map0(Native Method)
	at sun.nio.ch.FileChannelImpl.map(FileChannelImpl.java:885)
	... 5 common frames omitted
[2018-03-14 12:07:10.575]  WARN AllocateMappedFileService service has exception. 
java.io.IOException: Map failed
	at sun.nio.ch.FileChannelImpl.map(FileChannelImpl.java:888)
	at org.apache.rocketmq.store.MappedFile.init(MappedFile.java:160)
	at org.apache.rocketmq.store.MappedFile.<init>(MappedFile.java:71)
	at org.apache.rocketmq.store.AllocateMappedFileService.mmapOperation(AllocateMappedFileService.java:182)
	at org.apache.rocketmq.store.AllocateMappedFileService.run(AllocateMappedFileService.java:143)
	at java.lang.Thread.run(Thread.java:745)
Caused by: java.lang.OutOfMemoryError: Map failed
	at sun.nio.ch.FileChannelImpl.map0(Native Method)
	at sun.nio.ch.FileChannelImpl.map(FileChannelImpl.java:885)
	... 5 common frames omitted
[2018-03-14 12:07:10.795] ERROR map file C:\Users\Administrator\rocketmq-console-test\20180314120653\commitlog\00000000000000000000 Failed. 
java.io.IOException: Map failed
	at sun.nio.ch.FileChannelImpl.map(FileChannelImpl.java:888)
	at org.apache.rocketmq.store.MappedFile.init(MappedFile.java:160)
	at org.apache.rocketmq.store.MappedFile.<init>(MappedFile.java:71)
	at org.apache.rocketmq.store.AllocateMappedFileService.mmapOperation(AllocateMappedFileService.java:182)
	at org.apache.rocketmq.store.AllocateMappedFileService.run(AllocateMappedFileService.java:143)
	at java.lang.Thread.run(Thread.java:745)
Caused by: java.lang.OutOfMemoryError: Map failed
	at sun.nio.ch.FileChannelImpl.map0(Native Method)
	at sun.nio.ch.FileChannelImpl.map(FileChannelImpl.java:885)
	... 5 common frames omitted
[2018-03-14 12:07:10.796]  WARN AllocateMappedFileService service has exception. 
java.io.IOException: Map failed
	at sun.nio.ch.FileChannelImpl.map(FileChannelImpl.java:888)
	at org.apache.rocketmq.store.MappedFile.init(MappedFile.java:160)
	at org.apache.rocketmq.store.MappedFile.<init>(MappedFile.java:71)
	at org.apache.rocketmq.store.AllocateMappedFileService.mmapOperation(AllocateMappedFileService.java:182)
	at org.apache.rocketmq.store.AllocateMappedFileService.run(AllocateMappedFileService.java:143)
	at java.lang.Thread.run(Thread.java:745)
Caused by: java.lang.OutOfMemoryError: Map failed
	at sun.nio.ch.FileChannelImpl.map0(Native Method)
	at sun.nio.ch.FileChannelImpl.map(FileChannelImpl.java:885)
	... 5 common frames omitted
[2018-03-14 12:07:11.017] ERROR map file C:\Users\Administrator\rocketmq-console-test\20180314120653\commitlog\00000000000000000000 Failed. 
java.io.IOException: Map failed
	at sun.nio.ch.FileChannelImpl.map(FileChannelImpl.java:888)
	at org.apache.rocketmq.store.MappedFile.init(MappedFile.java:160)
	at org.apache.rocketmq.store.MappedFile.<init>(MappedFile.java:71)
	at org.apache.rocketmq.store.AllocateMappedFileService.mmapOperation(AllocateMappedFileService.java:182)
	at org.apache.rocketmq.store.AllocateMappedFileService.run(AllocateMappedFileService.java:143)
	at java.lang.Thread.run(Thread.java:745)
Caused by: java.lang.OutOfMemoryError: Map failed
	at sun.nio.ch.FileChannelImpl.map0(Native Method)
	at sun.nio.ch.FileChannelImpl.map(FileChannelImpl.java:885)
	... 5 common frames omitted
[2018-03-14 12:07:11.017]  WARN AllocateMappedFileService service has exception. 
java.io.IOException: Map failed
	at sun.nio.ch.FileChannelImpl.map(FileChannelImpl.java:888)
	at org.apache.rocketmq.store.MappedFile.init(MappedFile.java:160)
	at org.apache.rocketmq.store.MappedFile.<init>(MappedFile.java:71)
	at org.apache.rocketmq.store.AllocateMappedFileService.mmapOperation(AllocateMappedFileService.java:182)
	at org.apache.rocketmq.store.AllocateMappedFileService.run(AllocateMappedFileService.java:143)
	at java.lang.Thread.run(Thread.java:745)
Caused by: java.lang.OutOfMemoryError: Map failed
	at sun.nio.ch.FileChannelImpl.map0(Native Method)
	at sun.nio.ch.FileChannelImpl.map(FileChannelImpl.java:885)
	... 5 common frames omitted
[2018-03-14 12:07:11.237] ERROR map file C:\Users\Administrator\rocketmq-console-test\20180314120653\commitlog\00000000000000000000 Failed. 
java.io.IOException: Map failed
	at sun.nio.ch.FileChannelImpl.map(FileChannelImpl.java:888)
	at org.apache.rocketmq.store.MappedFile.init(MappedFile.java:160)
	at org.apache.rocketmq.store.MappedFile.<init>(MappedFile.java:71)
	at org.apache.rocketmq.store.AllocateMappedFileService.mmapOperation(AllocateMappedFileService.java:182)
	at org.apache.rocketmq.store.AllocateMappedFileService.run(AllocateMappedFileService.java:143)
	at java.lang.Thread.run(Thread.java:745)
Caused by: java.lang.OutOfMemoryError: Map failed
	at sun.nio.ch.FileChannelImpl.map0(Native Method)
	at sun.nio.ch.FileChannelImpl.map(FileChannelImpl.java:885)
	... 5 common frames omitted
[2018-03-14 12:07:11.238]  WARN AllocateMappedFileService service has exception. 
java.io.IOException: Map failed
	at sun.nio.ch.FileChannelImpl.map(FileChannelImpl.java:888)
	at org.apache.rocketmq.store.MappedFile.init(MappedFile.java:160)
	at org.apache.rocketmq.store.MappedFile.<init>(MappedFile.java:71)
	at org.apache.rocketmq.store.AllocateMappedFileService.mmapOperation(AllocateMappedFileService.java:182)
	at org.apache.rocketmq.store.AllocateMappedFileService.run(AllocateMappedFileService.java:143)
	at java.lang.Thread.run(Thread.java:745)
Caused by: java.lang.OutOfMemoryError: Map failed
	at sun.nio.ch.FileChannelImpl.map0(Native Method)
	at sun.nio.ch.FileChannelImpl.map(FileChannelImpl.java:885)
	... 5 common frames omitted
[2018-03-14 12:07:11.451] ERROR map file C:\Users\Administrator\rocketmq-console-test\20180314120653\commitlog\00000000000000000000 Failed. 
java.io.IOException: Map failed
	at sun.nio.ch.FileChannelImpl.map(FileChannelImpl.java:888)
	at org.apache.rocketmq.store.MappedFile.init(MappedFile.java:160)
	at org.apache.rocketmq.store.MappedFile.<init>(MappedFile.java:71)
	at org.apache.rocketmq.store.AllocateMappedFileService.mmapOperation(AllocateMappedFileService.java:182)
	at org.apache.rocketmq.store.AllocateMappedFileService.run(AllocateMappedFileService.java:143)
	at java.lang.Thread.run(Thread.java:745)
Caused by: java.lang.OutOfMemoryError: Map failed
	at sun.nio.ch.FileChannelImpl.map0(Native Method)
	at sun.nio.ch.FileChannelImpl.map(FileChannelImpl.java:885)
	... 5 common frames omitted
[2018-03-14 12:07:11.451]  WARN AllocateMappedFileService service has exception. 
java.io.IOException: Map failed
	at sun.nio.ch.FileChannelImpl.map(FileChannelImpl.java:888)
	at org.apache.rocketmq.store.MappedFile.init(MappedFile.java:160)
	at org.apache.rocketmq.store.MappedFile.<init>(MappedFile.java:71)
	at org.apache.rocketmq.store.AllocateMappedFileService.mmapOperation(AllocateMappedFileService.java:182)
	at org.apache.rocketmq.store.AllocateMappedFileService.run(AllocateMappedFileService.java:143)
	at java.lang.Thread.run(Thread.java:745)
Caused by: java.lang.OutOfMemoryError: Map failed
	at sun.nio.ch.FileChannelImpl.map0(Native Method)
	at sun.nio.ch.FileChannelImpl.map(FileChannelImpl.java:885)
	... 5 common frames omitted
[2018-03-14 12:07:11.666] ERROR map file C:\Users\Administrator\rocketmq-console-test\20180314120653\commitlog\00000000000000000000 Failed. 
java.io.IOException: Map failed
	at sun.nio.ch.FileChannelImpl.map(FileChannelImpl.java:888)
	at org.apache.rocketmq.store.MappedFile.init(MappedFile.java:160)
	at org.apache.rocketmq.store.MappedFile.<init>(MappedFile.java:71)
	at org.apache.rocketmq.store.AllocateMappedFileService.mmapOperation(AllocateMappedFileService.java:182)
	at org.apache.rocketmq.store.AllocateMappedFileService.run(AllocateMappedFileService.java:143)
	at java.lang.Thread.run(Thread.java:745)
Caused by: java.lang.OutOfMemoryError: Map failed
	at sun.nio.ch.FileChannelImpl.map0(Native Method)
	at sun.nio.ch.FileChannelImpl.map(FileChannelImpl.java:885)
	... 5 common frames omitted
[2018-03-14 12:07:11.666]  WARN AllocateMappedFileService service has exception. 
java.io.IOException: Map failed
	at sun.nio.ch.FileChannelImpl.map(FileChannelImpl.java:888)
	at org.apache.rocketmq.store.MappedFile.init(MappedFile.java:160)
	at org.apache.rocketmq.store.MappedFile.<init>(MappedFile.java:71)
	at org.apache.rocketmq.store.AllocateMappedFileService.mmapOperation(AllocateMappedFileService.java:182)
	at org.apache.rocketmq.store.AllocateMappedFileService.run(AllocateMappedFileService.java:143)
	at java.lang.Thread.run(Thread.java:745)
Caused by: java.lang.OutOfMemoryError: Map failed
	at sun.nio.ch.FileChannelImpl.map0(Native Method)
	at sun.nio.ch.FileChannelImpl.map(FileChannelImpl.java:885)
	... 5 common frames omitted
[2018-03-14 12:07:11.889] ERROR map file C:\Users\Administrator\rocketmq-console-test\20180314120653\commitlog\00000000000000000000 Failed. 
java.io.IOException: Map failed
	at sun.nio.ch.FileChannelImpl.map(FileChannelImpl.java:888)
	at org.apache.rocketmq.store.MappedFile.init(MappedFile.java:160)
	at org.apache.rocketmq.store.MappedFile.<init>(MappedFile.java:71)
	at org.apache.rocketmq.store.AllocateMappedFileService.mmapOperation(AllocateMappedFileService.java:182)
	at org.apache.rocketmq.store.AllocateMappedFileService.run(AllocateMappedFileService.java:143)
	at java.lang.Thread.run(Thread.java:745)
Caused by: java.lang.OutOfMemoryError: Map failed
	at sun.nio.ch.FileChannelImpl.map0(Native Method)
	at sun.nio.ch.FileChannelImpl.map(FileChannelImpl.java:885)
	... 5 common frames omitted
[2018-03-14 12:07:11.889]  WARN AllocateMappedFileService service has exception. 
java.io.IOException: Map failed
	at sun.nio.ch.FileChannelImpl.map(FileChannelImpl.java:888)
	at org.apache.rocketmq.store.MappedFile.init(MappedFile.java:160)
	at org.apache.rocketmq.store.MappedFile.<init>(MappedFile.java:71)
	at org.apache.rocketmq.store.AllocateMappedFileService.mmapOperation(AllocateMappedFileService.java:182)
	at org.apache.rocketmq.store.AllocateMappedFileService.run(AllocateMappedFileService.java:143)
	at java.lang.Thread.run(Thread.java:745)
Caused by: java.lang.OutOfMemoryError: Map failed
	at sun.nio.ch.FileChannelImpl.map0(Native Method)
	at sun.nio.ch.FileChannelImpl.map(FileChannelImpl.java:885)
	... 5 common frames omitted
[2018-03-14 12:07:12.110] ERROR map file C:\Users\Administrator\rocketmq-console-test\20180314120653\commitlog\00000000000000000000 Failed. 
java.io.IOException: Map failed
	at sun.nio.ch.FileChannelImpl.map(FileChannelImpl.java:888)
	at org.apache.rocketmq.store.MappedFile.init(MappedFile.java:160)
	at org.apache.rocketmq.store.MappedFile.<init>(MappedFile.java:71)
	at org.apache.rocketmq.store.AllocateMappedFileService.mmapOperation(AllocateMappedFileService.java:182)
	at org.apache.rocketmq.store.AllocateMappedFileService.run(AllocateMappedFileService.java:143)
	at java.lang.Thread.run(Thread.java:745)
Caused by: java.lang.OutOfMemoryError: Map failed
	at sun.nio.ch.FileChannelImpl.map0(Native Method)
	at sun.nio.ch.FileChannelImpl.map(FileChannelImpl.java:885)
	... 5 common frames omitted
[2018-03-14 12:07:12.111]  WARN AllocateMappedFileService service has exception. 
java.io.IOException: Map failed
	at sun.nio.ch.FileChannelImpl.map(FileChannelImpl.java:888)
	at org.apache.rocketmq.store.MappedFile.init(MappedFile.java:160)
	at org.apache.rocketmq.store.MappedFile.<init>(MappedFile.java:71)
	at org.apache.rocketmq.store.AllocateMappedFileService.mmapOperation(AllocateMappedFileService.java:182)
	at org.apache.rocketmq.store.AllocateMappedFileService.run(AllocateMappedFileService.java:143)
	at java.lang.Thread.run(Thread.java:745)
Caused by: java.lang.OutOfMemoryError: Map failed
	at sun.nio.ch.FileChannelImpl.map0(Native Method)
	at sun.nio.ch.FileChannelImpl.map(FileChannelImpl.java:885)
	... 5 common frames omitted
[2018-03-14 12:07:12.237]  WARN AllocateMappedFileService service has exception. so return null
[2018-03-14 12:07:12.237] ERROR create maped file1 error, topic: TEST_CONSOLE_TOPIC clientAddr: 127.0.0.1
[2018-03-14 12:07:12.238]  WARN sendKernelImpl exception, resend at once, InvokeID: 98905297643849483, RT: 4ms, Broker: MessageQueue [topic=TEST_CONSOLE_TOPIC, brokerName=ConsoleTestBroker, queueId=6]
org.apache.rocketmq.client.exception.MQBrokerException: CODE: 1  DESC: create mapped file failed, server is busy or broken.
For more information, please visit the url, http://rocketmq.apache.org/docs/faq/
	at org.apache.rocketmq.client.impl.MQClientAPIImpl.processSendResponse(MQClientAPIImpl.java:531)
	at org.apache.rocketmq.client.impl.MQClientAPIImpl.sendMessageSync(MQClientAPIImpl.java:345)
	at org.apache.rocketmq.client.impl.MQClientAPIImpl.sendMessage(MQClientAPIImpl.java:327)
	at org.apache.rocketmq.client.impl.MQClientAPIImpl.sendMessage(MQClientAPIImpl.java:290)
	at org.apache.rocketmq.client.impl.producer.DefaultMQProducerImpl.sendKernelImpl(DefaultMQProducerImpl.java:688)
	at org.apache.rocketmq.client.impl.producer.DefaultMQProducerImpl.sendDefaultImpl(DefaultMQProducerImpl.java:458)
	at org.apache.rocketmq.client.impl.producer.DefaultMQProducerImpl.send(DefaultMQProducerImpl.java:1049)
	at org.apache.rocketmq.client.impl.producer.DefaultMQProducerImpl.send(DefaultMQProducerImpl.java:1008)
	at org.apache.rocketmq.client.producer.DefaultMQProducer.send(DefaultMQProducer.java:204)
	at org.apache.rocketmq.console.testbase.RocketMQConsoleTestBase.sendTestTopicMessage(RocketMQConsoleTestBase.java:107)
	at org.apache.rocketmq.console.service.impl.TopicServiceImplTest.setUp(TopicServiceImplTest.java:57)
	at sun.reflect.NativeMethodAccessorImpl.invoke0(Native Method)
	at sun.reflect.NativeMethodAccessorImpl.invoke(NativeMethodAccessorImpl.java:57)
	at sun.reflect.DelegatingMethodAccessorImpl.invoke(DelegatingMethodAccessorImpl.java:43)
	at java.lang.reflect.Method.invoke(Method.java:606)
	at org.junit.runners.model.FrameworkMethod$1.runReflectiveCall(FrameworkMethod.java:50)
	at org.junit.internal.runners.model.ReflectiveCallable.run(ReflectiveCallable.java:12)
	at org.junit.runners.model.FrameworkMethod.invokeExplosively(FrameworkMethod.java:47)
	at org.junit.internal.runners.statements.RunBefores.evaluate(RunBefores.java:24)
	at org.springframework.test.context.junit4.statements.RunBeforeTestMethodCallbacks.evaluate(RunBeforeTestMethodCallbacks.java:75)
	at org.junit.internal.runners.statements.RunAfters.evaluate(RunAfters.java:27)
	at org.springframework.test.context.junit4.statements.RunAfterTestMethodCallbacks.evaluate(RunAfterTestMethodCallbacks.java:86)
	at org.springframework.test.context.junit4.statements.SpringRepeat.evaluate(SpringRepeat.java:84)
	at org.junit.runners.ParentRunner.runLeaf(ParentRunner.java:325)
	at org.springframework.test.context.junit4.SpringJUnit4ClassRunner.runChild(SpringJUnit4ClassRunner.java:252)
	at org.springframework.test.context.junit4.SpringJUnit4ClassRunner.runChild(SpringJUnit4ClassRunner.java:94)
	at org.junit.runners.ParentRunner$3.run(ParentRunner.java:290)
	at org.junit.runners.ParentRunner$1.schedule(ParentRunner.java:71)
	at org.junit.runners.ParentRunner.runChildren(ParentRunner.java:288)
	at org.junit.runners.ParentRunner.access$000(ParentRunner.java:58)
	at org.junit.runners.ParentRunner$2.evaluate(ParentRunner.java:268)
	at org.springframework.test.context.junit4.statements.RunBeforeTestClassCallbacks.evaluate(RunBeforeTestClassCallbacks.java:61)
	at org.springframework.test.context.junit4.statements.RunAfterTestClassCallbacks.evaluate(RunAfterTestClassCallbacks.java:70)
	at org.junit.runners.ParentRunner.run(ParentRunner.java:363)
	at org.springframework.test.context.junit4.SpringJUnit4ClassRunner.run(SpringJUnit4ClassRunner.java:191)
	at org.apache.maven.surefire.junit4.JUnit4Provider.execute(JUnit4Provider.java:367)
	at org.apache.maven.surefire.junit4.JUnit4Provider.executeWithRerun(JUnit4Provider.java:274)
	at org.apache.maven.surefire.junit4.JUnit4Provider.executeTestSet(JUnit4Provider.java:238)
	at org.apache.maven.surefire.junit4.JUnit4Provider.invoke(JUnit4Provider.java:161)
	at org.apache.maven.surefire.booter.ForkedBooter.invokeProviderInSameClassLoader(ForkedBooter.java:290)
	at org.apache.maven.surefire.booter.ForkedBooter.runSuitesInProcess(ForkedBooter.java:242)
	at org.apache.maven.surefire.booter.ForkedBooter.main(ForkedBooter.java:121)
[2018-03-14 12:07:12.238]  WARN Message [topic=TEST_CONSOLE_TOPIC, flag=0, properties={KEYS=TEST_TOPIC_KEY, WAIT=true, UNIQ_KEY=C0A859EB30A4011E1E6742F9446A0013}, body=11]
[2018-03-14 12:07:12.239]  WARN AllocateMappedFileService service has exception. so return null
[2018-03-14 12:07:12.239] ERROR create maped file1 error, topic: TEST_CONSOLE_TOPIC clientAddr: 127.0.0.1
[2018-03-14 12:07:12.240]  WARN sendKernelImpl exception, resend at once, InvokeID: 98905297643849483, RT: 2ms, Broker: MessageQueue [topic=TEST_CONSOLE_TOPIC, brokerName=ConsoleTestBroker, queueId=8]
org.apache.rocketmq.client.exception.MQBrokerException: CODE: 1  DESC: create mapped file failed, server is busy or broken.
For more information, please visit the url, http://rocketmq.apache.org/docs/faq/
	at org.apache.rocketmq.client.impl.MQClientAPIImpl.processSendResponse(MQClientAPIImpl.java:531)
	at org.apache.rocketmq.client.impl.MQClientAPIImpl.sendMessageSync(MQClientAPIImpl.java:345)
	at org.apache.rocketmq.client.impl.MQClientAPIImpl.sendMessage(MQClientAPIImpl.java:327)
	at org.apache.rocketmq.client.impl.MQClientAPIImpl.sendMessage(MQClientAPIImpl.java:290)
	at org.apache.rocketmq.client.impl.producer.DefaultMQProducerImpl.sendKernelImpl(DefaultMQProducerImpl.java:688)
	at org.apache.rocketmq.client.impl.producer.DefaultMQProducerImpl.sendDefaultImpl(DefaultMQProducerImpl.java:458)
	at org.apache.rocketmq.client.impl.producer.DefaultMQProducerImpl.send(DefaultMQProducerImpl.java:1049)
	at org.apache.rocketmq.client.impl.producer.DefaultMQProducerImpl.send(DefaultMQProducerImpl.java:1008)
	at org.apache.rocketmq.client.producer.DefaultMQProducer.send(DefaultMQProducer.java:204)
	at org.apache.rocketmq.console.testbase.RocketMQConsoleTestBase.sendTestTopicMessage(RocketMQConsoleTestBase.java:107)
	at org.apache.rocketmq.console.service.impl.TopicServiceImplTest.setUp(TopicServiceImplTest.java:57)
	at sun.reflect.NativeMethodAccessorImpl.invoke0(Native Method)
	at sun.reflect.NativeMethodAccessorImpl.invoke(NativeMethodAccessorImpl.java:57)
	at sun.reflect.DelegatingMethodAccessorImpl.invoke(DelegatingMethodAccessorImpl.java:43)
	at java.lang.reflect.Method.invoke(Method.java:606)
	at org.junit.runners.model.FrameworkMethod$1.runReflectiveCall(FrameworkMethod.java:50)
	at org.junit.internal.runners.model.ReflectiveCallable.run(ReflectiveCallable.java:12)
	at org.junit.runners.model.FrameworkMethod.invokeExplosively(FrameworkMethod.java:47)
	at org.junit.internal.runners.statements.RunBefores.evaluate(RunBefores.java:24)
	at org.springframework.test.context.junit4.statements.RunBeforeTestMethodCallbacks.evaluate(RunBeforeTestMethodCallbacks.java:75)
	at org.junit.internal.runners.statements.RunAfters.evaluate(RunAfters.java:27)
	at org.springframework.test.context.junit4.statements.RunAfterTestMethodCallbacks.evaluate(RunAfterTestMethodCallbacks.java:86)
	at org.springframework.test.context.junit4.statements.SpringRepeat.evaluate(SpringRepeat.java:84)
	at org.junit.runners.ParentRunner.runLeaf(ParentRunner.java:325)
	at org.springframework.test.context.junit4.SpringJUnit4ClassRunner.runChild(SpringJUnit4ClassRunner.java:252)
	at org.springframework.test.context.junit4.SpringJUnit4ClassRunner.runChild(SpringJUnit4ClassRunner.java:94)
	at org.junit.runners.ParentRunner$3.run(ParentRunner.java:290)
	at org.junit.runners.ParentRunner$1.schedule(ParentRunner.java:71)
	at org.junit.runners.ParentRunner.runChildren(ParentRunner.java:288)
	at org.junit.runners.ParentRunner.access$000(ParentRunner.java:58)
	at org.junit.runners.ParentRunner$2.evaluate(ParentRunner.java:268)
	at org.springframework.test.context.junit4.statements.RunBeforeTestClassCallbacks.evaluate(RunBeforeTestClassCallbacks.java:61)
	at org.springframework.test.context.junit4.statements.RunAfterTestClassCallbacks.evaluate(RunAfterTestClassCallbacks.java:70)
	at org.junit.runners.ParentRunner.run(ParentRunner.java:363)
	at org.springframework.test.context.junit4.SpringJUnit4ClassRunner.run(SpringJUnit4ClassRunner.java:191)
	at org.apache.maven.surefire.junit4.JUnit4Provider.execute(JUnit4Provider.java:367)
	at org.apache.maven.surefire.junit4.JUnit4Provider.executeWithRerun(JUnit4Provider.java:274)
	at org.apache.maven.surefire.junit4.JUnit4Provider.executeTestSet(JUnit4Provider.java:238)
	at org.apache.maven.surefire.junit4.JUnit4Provider.invoke(JUnit4Provider.java:161)
	at org.apache.maven.surefire.booter.ForkedBooter.invokeProviderInSameClassLoader(ForkedBooter.java:290)
	at org.apache.maven.surefire.booter.ForkedBooter.runSuitesInProcess(ForkedBooter.java:242)
	at org.apache.maven.surefire.booter.ForkedBooter.main(ForkedBooter.java:121)
[2018-03-14 12:07:12.240]  WARN Message [topic=TEST_CONSOLE_TOPIC, flag=0, properties={KEYS=TEST_TOPIC_KEY, WAIT=true, UNIQ_KEY=C0A859EB30A4011E1E6742F9446A0013}, body=11]
[2018-03-14 12:07:12.241]  WARN AllocateMappedFileService service has exception. so return null
[2018-03-14 12:07:12.241] ERROR create maped file1 error, topic: TEST_CONSOLE_TOPIC clientAddr: 127.0.0.1
[2018-03-14 12:07:12.242]  WARN sendKernelImpl exception, resend at once, InvokeID: 98905297643849483, RT: 2ms, Broker: MessageQueue [topic=TEST_CONSOLE_TOPIC, brokerName=ConsoleTestBroker, queueId=10]
org.apache.rocketmq.client.exception.MQBrokerException: CODE: 1  DESC: create mapped file failed, server is busy or broken.
For more information, please visit the url, http://rocketmq.apache.org/docs/faq/
	at org.apache.rocketmq.client.impl.MQClientAPIImpl.processSendResponse(MQClientAPIImpl.java:531)
	at org.apache.rocketmq.client.impl.MQClientAPIImpl.sendMessageSync(MQClientAPIImpl.java:345)
	at org.apache.rocketmq.client.impl.MQClientAPIImpl.sendMessage(MQClientAPIImpl.java:327)
	at org.apache.rocketmq.client.impl.MQClientAPIImpl.sendMessage(MQClientAPIImpl.java:290)
	at org.apache.rocketmq.client.impl.producer.DefaultMQProducerImpl.sendKernelImpl(DefaultMQProducerImpl.java:688)
	at org.apache.rocketmq.client.impl.producer.DefaultMQProducerImpl.sendDefaultImpl(DefaultMQProducerImpl.java:458)
	at org.apache.rocketmq.client.impl.producer.DefaultMQProducerImpl.send(DefaultMQProducerImpl.java:1049)
	at org.apache.rocketmq.client.impl.producer.DefaultMQProducerImpl.send(DefaultMQProducerImpl.java:1008)
	at org.apache.rocketmq.client.producer.DefaultMQProducer.send(DefaultMQProducer.java:204)
	at org.apache.rocketmq.console.testbase.RocketMQConsoleTestBase.sendTestTopicMessage(RocketMQConsoleTestBase.java:107)
	at org.apache.rocketmq.console.service.impl.TopicServiceImplTest.setUp(TopicServiceImplTest.java:57)
	at sun.reflect.NativeMethodAccessorImpl.invoke0(Native Method)
	at sun.reflect.NativeMethodAccessorImpl.invoke(NativeMethodAccessorImpl.java:57)
	at sun.reflect.DelegatingMethodAccessorImpl.invoke(DelegatingMethodAccessorImpl.java:43)
	at java.lang.reflect.Method.invoke(Method.java:606)
	at org.junit.runners.model.FrameworkMethod$1.runReflectiveCall(FrameworkMethod.java:50)
	at org.junit.internal.runners.model.ReflectiveCallable.run(ReflectiveCallable.java:12)
	at org.junit.runners.model.FrameworkMethod.invokeExplosively(FrameworkMethod.java:47)
	at org.junit.internal.runners.statements.RunBefores.evaluate(RunBefores.java:24)
	at org.springframework.test.context.junit4.statements.RunBeforeTestMethodCallbacks.evaluate(RunBeforeTestMethodCallbacks.java:75)
	at org.junit.internal.runners.statements.RunAfters.evaluate(RunAfters.java:27)
	at org.springframework.test.context.junit4.statements.RunAfterTestMethodCallbacks.evaluate(RunAfterTestMethodCallbacks.java:86)
	at org.springframework.test.context.junit4.statements.SpringRepeat.evaluate(SpringRepeat.java:84)
	at org.junit.runners.ParentRunner.runLeaf(ParentRunner.java:325)
	at org.springframework.test.context.junit4.SpringJUnit4ClassRunner.runChild(SpringJUnit4ClassRunner.java:252)
	at org.springframework.test.context.junit4.SpringJUnit4ClassRunner.runChild(SpringJUnit4ClassRunner.java:94)
	at org.junit.runners.ParentRunner$3.run(ParentRunner.java:290)
	at org.junit.runners.ParentRunner$1.schedule(ParentRunner.java:71)
	at org.junit.runners.ParentRunner.runChildren(ParentRunner.java:288)
	at org.junit.runners.ParentRunner.access$000(ParentRunner.java:58)
	at org.junit.runners.ParentRunner$2.evaluate(ParentRunner.java:268)
	at org.springframework.test.context.junit4.statements.RunBeforeTestClassCallbacks.evaluate(RunBeforeTestClassCallbacks.java:61)
	at org.springframework.test.context.junit4.statements.RunAfterTestClassCallbacks.evaluate(RunAfterTestClassCallbacks.java:70)
	at org.junit.runners.ParentRunner.run(ParentRunner.java:363)
	at org.springframework.test.context.junit4.SpringJUnit4ClassRunner.run(SpringJUnit4ClassRunner.java:191)
	at org.apache.maven.surefire.junit4.JUnit4Provider.execute(JUnit4Provider.java:367)
	at org.apache.maven.surefire.junit4.JUnit4Provider.executeWithRerun(JUnit4Provider.java:274)
	at org.apache.maven.surefire.junit4.JUnit4Provider.executeTestSet(JUnit4Provider.java:238)
	at org.apache.maven.surefire.junit4.JUnit4Provider.invoke(JUnit4Provider.java:161)
	at org.apache.maven.surefire.booter.ForkedBooter.invokeProviderInSameClassLoader(ForkedBooter.java:290)
	at org.apache.maven.surefire.booter.ForkedBooter.runSuitesInProcess(ForkedBooter.java:242)
	at org.apache.maven.surefire.booter.ForkedBooter.main(ForkedBooter.java:121)
[2018-03-14 12:07:12.242]  WARN Message [topic=TEST_CONSOLE_TOPIC, flag=0, properties={KEYS=TEST_TOPIC_KEY, WAIT=true, UNIQ_KEY=C0A859EB30A4011E1E6742F9446A0013}, body=11]
[2018-03-14 12:07:12.327] ERROR map file C:\Users\Administrator\rocketmq-console-test\20180314120653\commitlog\00000000000000000000 Failed. 
java.io.IOException: Map failed
	at sun.nio.ch.FileChannelImpl.map(FileChannelImpl.java:888)
	at org.apache.rocketmq.store.MappedFile.init(MappedFile.java:160)
	at org.apache.rocketmq.store.MappedFile.<init>(MappedFile.java:71)
	at org.apache.rocketmq.store.AllocateMappedFileService.mmapOperation(AllocateMappedFileService.java:182)
	at org.apache.rocketmq.store.AllocateMappedFileService.run(AllocateMappedFileService.java:143)
	at java.lang.Thread.run(Thread.java:745)
Caused by: java.lang.OutOfMemoryError: Map failed
	at sun.nio.ch.FileChannelImpl.map0(Native Method)
	at sun.nio.ch.FileChannelImpl.map(FileChannelImpl.java:885)
	... 5 common frames omitted
[2018-03-14 12:07:12.327]  WARN AllocateMappedFileService service has exception. 
java.io.IOException: Map failed
	at sun.nio.ch.FileChannelImpl.map(FileChannelImpl.java:888)
	at org.apache.rocketmq.store.MappedFile.init(MappedFile.java:160)
	at org.apache.rocketmq.store.MappedFile.<init>(MappedFile.java:71)
	at org.apache.rocketmq.store.AllocateMappedFileService.mmapOperation(AllocateMappedFileService.java:182)
	at org.apache.rocketmq.store.AllocateMappedFileService.run(AllocateMappedFileService.java:143)
	at java.lang.Thread.run(Thread.java:745)
Caused by: java.lang.OutOfMemoryError: Map failed
	at sun.nio.ch.FileChannelImpl.map0(Native Method)
	at sun.nio.ch.FileChannelImpl.map(FileChannelImpl.java:885)
	... 5 common frames omitted
[2018-03-14 12:07:12.550] ERROR map file C:\Users\Administrator\rocketmq-console-test\20180314120653\commitlog\00000000000000000000 Failed. 
java.io.IOException: Map failed
	at sun.nio.ch.FileChannelImpl.map(FileChannelImpl.java:888)
	at org.apache.rocketmq.store.MappedFile.init(MappedFile.java:160)
	at org.apache.rocketmq.store.MappedFile.<init>(MappedFile.java:71)
	at org.apache.rocketmq.store.AllocateMappedFileService.mmapOperation(AllocateMappedFileService.java:182)
	at org.apache.rocketmq.store.AllocateMappedFileService.run(AllocateMappedFileService.java:143)
	at java.lang.Thread.run(Thread.java:745)
Caused by: java.lang.OutOfMemoryError: Map failed
	at sun.nio.ch.FileChannelImpl.map0(Native Method)
	at sun.nio.ch.FileChannelImpl.map(FileChannelImpl.java:885)
	... 5 common frames omitted
[2018-03-14 12:07:12.551]  WARN AllocateMappedFileService service has exception. 
java.io.IOException: Map failed
	at sun.nio.ch.FileChannelImpl.map(FileChannelImpl.java:888)
	at org.apache.rocketmq.store.MappedFile.init(MappedFile.java:160)
	at org.apache.rocketmq.store.MappedFile.<init>(MappedFile.java:71)
	at org.apache.rocketmq.store.AllocateMappedFileService.mmapOperation(AllocateMappedFileService.java:182)
	at org.apache.rocketmq.store.AllocateMappedFileService.run(AllocateMappedFileService.java:143)
	at java.lang.Thread.run(Thread.java:745)
Caused by: java.lang.OutOfMemoryError: Map failed
	at sun.nio.ch.FileChannelImpl.map0(Native Method)
	at sun.nio.ch.FileChannelImpl.map(FileChannelImpl.java:885)
	... 5 common frames omitted
[2018-03-14 12:07:12.745]  WARN AllocateMappedFileService service has exception. so return null
[2018-03-14 12:07:12.745] ERROR create maped file1 error, topic: TEST_CONSOLE_TOPIC clientAddr: 127.0.0.1
[2018-03-14 12:07:12.749]  WARN sendKernelImpl exception, resend at once, InvokeID: -8559425196691082950, RT: 7ms, Broker: MessageQueue [topic=TEST_CONSOLE_TOPIC, brokerName=ConsoleTestBroker, queueId=11]
org.apache.rocketmq.client.exception.MQBrokerException: CODE: 1  DESC: create mapped file failed, server is busy or broken.
For more information, please visit the url, http://rocketmq.apache.org/docs/faq/
	at org.apache.rocketmq.client.impl.MQClientAPIImpl.processSendResponse(MQClientAPIImpl.java:531)
	at org.apache.rocketmq.client.impl.MQClientAPIImpl.sendMessageSync(MQClientAPIImpl.java:345)
	at org.apache.rocketmq.client.impl.MQClientAPIImpl.sendMessage(MQClientAPIImpl.java:327)
	at org.apache.rocketmq.client.impl.MQClientAPIImpl.sendMessage(MQClientAPIImpl.java:290)
	at org.apache.rocketmq.client.impl.producer.DefaultMQProducerImpl.sendKernelImpl(DefaultMQProducerImpl.java:688)
	at org.apache.rocketmq.client.impl.producer.DefaultMQProducerImpl.sendDefaultImpl(DefaultMQProducerImpl.java:458)
	at org.apache.rocketmq.client.impl.producer.DefaultMQProducerImpl.send(DefaultMQProducerImpl.java:1049)
	at org.apache.rocketmq.client.impl.producer.DefaultMQProducerImpl.send(DefaultMQProducerImpl.java:1008)
	at org.apache.rocketmq.client.producer.DefaultMQProducer.send(DefaultMQProducer.java:204)
	at org.apache.rocketmq.console.testbase.RocketMQConsoleTestBase.sendTestTopicMessage(RocketMQConsoleTestBase.java:107)
	at org.apache.rocketmq.console.service.impl.TopicServiceImplTest.setUp(TopicServiceImplTest.java:57)
	at sun.reflect.NativeMethodAccessorImpl.invoke0(Native Method)
	at sun.reflect.NativeMethodAccessorImpl.invoke(NativeMethodAccessorImpl.java:57)
	at sun.reflect.DelegatingMethodAccessorImpl.invoke(DelegatingMethodAccessorImpl.java:43)
	at java.lang.reflect.Method.invoke(Method.java:606)
	at org.junit.runners.model.FrameworkMethod$1.runReflectiveCall(FrameworkMethod.java:50)
	at org.junit.internal.runners.model.ReflectiveCallable.run(ReflectiveCallable.java:12)
	at org.junit.runners.model.FrameworkMethod.invokeExplosively(FrameworkMethod.java:47)
	at org.junit.internal.runners.statements.RunBefores.evaluate(RunBefores.java:24)
	at org.springframework.test.context.junit4.statements.RunBeforeTestMethodCallbacks.evaluate(RunBeforeTestMethodCallbacks.java:75)
	at org.junit.internal.runners.statements.RunAfters.evaluate(RunAfters.java:27)
	at org.springframework.test.context.junit4.statements.RunAfterTestMethodCallbacks.evaluate(RunAfterTestMethodCallbacks.java:86)
	at org.springframework.test.context.junit4.statements.SpringRepeat.evaluate(SpringRepeat.java:84)
	at org.junit.runners.ParentRunner.runLeaf(ParentRunner.java:325)
	at org.springframework.test.context.junit4.SpringJUnit4ClassRunner.runChild(SpringJUnit4ClassRunner.java:252)
	at org.springframework.test.context.junit4.SpringJUnit4ClassRunner.runChild(SpringJUnit4ClassRunner.java:94)
	at org.junit.runners.ParentRunner$3.run(ParentRunner.java:290)
	at org.junit.runners.ParentRunner$1.schedule(ParentRunner.java:71)
	at org.junit.runners.ParentRunner.runChildren(ParentRunner.java:288)
	at org.junit.runners.ParentRunner.access$000(ParentRunner.java:58)
	at org.junit.runners.ParentRunner$2.evaluate(ParentRunner.java:268)
	at org.springframework.test.context.junit4.statements.RunBeforeTestClassCallbacks.evaluate(RunBeforeTestClassCallbacks.java:61)
	at org.springframework.test.context.junit4.statements.RunAfterTestClassCallbacks.evaluate(RunAfterTestClassCallbacks.java:70)
	at org.junit.runners.ParentRunner.run(ParentRunner.java:363)
	at org.springframework.test.context.junit4.SpringJUnit4ClassRunner.run(SpringJUnit4ClassRunner.java:191)
	at org.apache.maven.surefire.junit4.JUnit4Provider.execute(JUnit4Provider.java:367)
	at org.apache.maven.surefire.junit4.JUnit4Provider.executeWithRerun(JUnit4Provider.java:274)
	at org.apache.maven.surefire.junit4.JUnit4Provider.executeTestSet(JUnit4Provider.java:238)
	at org.apache.maven.surefire.junit4.JUnit4Provider.invoke(JUnit4Provider.java:161)
	at org.apache.maven.surefire.booter.ForkedBooter.invokeProviderInSameClassLoader(ForkedBooter.java:290)
	at org.apache.maven.surefire.booter.ForkedBooter.runSuitesInProcess(ForkedBooter.java:242)
	at org.apache.maven.surefire.booter.ForkedBooter.main(ForkedBooter.java:121)
[2018-03-14 12:07:12.750]  WARN Message [topic=TEST_CONSOLE_TOPIC, flag=0, properties={KEYS=TEST_TOPIC_KEY, WAIT=true, UNIQ_KEY=C0A859EB30A4011E1E6742F9446A0013}, body=11]
[2018-03-14 12:07:12.756]  WARN AllocateMappedFileService service has exception. so return null
[2018-03-14 12:07:12.756] ERROR create maped file1 error, topic: TEST_CONSOLE_TOPIC clientAddr: 127.0.0.1
[2018-03-14 12:07:12.759]  WARN sendKernelImpl exception, resend at once, InvokeID: -8559425196691082950, RT: 8ms, Broker: MessageQueue [topic=TEST_CONSOLE_TOPIC, brokerName=ConsoleTestBroker, queueId=13]
org.apache.rocketmq.client.exception.MQBrokerException: CODE: 1  DESC: create mapped file failed, server is busy or broken.
For more information, please visit the url, http://rocketmq.apache.org/docs/faq/
	at org.apache.rocketmq.client.impl.MQClientAPIImpl.processSendResponse(MQClientAPIImpl.java:531)
	at org.apache.rocketmq.client.impl.MQClientAPIImpl.sendMessageSync(MQClientAPIImpl.java:345)
	at org.apache.rocketmq.client.impl.MQClientAPIImpl.sendMessage(MQClientAPIImpl.java:327)
	at org.apache.rocketmq.client.impl.MQClientAPIImpl.sendMessage(MQClientAPIImpl.java:290)
	at org.apache.rocketmq.client.impl.producer.DefaultMQProducerImpl.sendKernelImpl(DefaultMQProducerImpl.java:688)
	at org.apache.rocketmq.client.impl.producer.DefaultMQProducerImpl.sendDefaultImpl(DefaultMQProducerImpl.java:458)
	at org.apache.rocketmq.client.impl.producer.DefaultMQProducerImpl.send(DefaultMQProducerImpl.java:1049)
	at org.apache.rocketmq.client.impl.producer.DefaultMQProducerImpl.send(DefaultMQProducerImpl.java:1008)
	at org.apache.rocketmq.client.producer.DefaultMQProducer.send(DefaultMQProducer.java:204)
	at org.apache.rocketmq.console.testbase.RocketMQConsoleTestBase.sendTestTopicMessage(RocketMQConsoleTestBase.java:107)
	at org.apache.rocketmq.console.service.impl.TopicServiceImplTest.setUp(TopicServiceImplTest.java:57)
	at sun.reflect.NativeMethodAccessorImpl.invoke0(Native Method)
	at sun.reflect.NativeMethodAccessorImpl.invoke(NativeMethodAccessorImpl.java:57)
	at sun.reflect.DelegatingMethodAccessorImpl.invoke(DelegatingMethodAccessorImpl.java:43)
	at java.lang.reflect.Method.invoke(Method.java:606)
	at org.junit.runners.model.FrameworkMethod$1.runReflectiveCall(FrameworkMethod.java:50)
	at org.junit.internal.runners.model.ReflectiveCallable.run(ReflectiveCallable.java:12)
	at org.junit.runners.model.FrameworkMethod.invokeExplosively(FrameworkMethod.java:47)
	at org.junit.internal.runners.statements.RunBefores.evaluate(RunBefores.java:24)
	at org.springframework.test.context.junit4.statements.RunBeforeTestMethodCallbacks.evaluate(RunBeforeTestMethodCallbacks.java:75)
	at org.junit.internal.runners.statements.RunAfters.evaluate(RunAfters.java:27)
	at org.springframework.test.context.junit4.statements.RunAfterTestMethodCallbacks.evaluate(RunAfterTestMethodCallbacks.java:86)
	at org.springframework.test.context.junit4.statements.SpringRepeat.evaluate(SpringRepeat.java:84)
	at org.junit.runners.ParentRunner.runLeaf(ParentRunner.java:325)
	at org.springframework.test.context.junit4.SpringJUnit4ClassRunner.runChild(SpringJUnit4ClassRunner.java:252)
	at org.springframework.test.context.junit4.SpringJUnit4ClassRunner.runChild(SpringJUnit4ClassRunner.java:94)
	at org.junit.runners.ParentRunner$3.run(ParentRunner.java:290)
	at org.junit.runners.ParentRunner$1.schedule(ParentRunner.java:71)
	at org.junit.runners.ParentRunner.runChildren(ParentRunner.java:288)
	at org.junit.runners.ParentRunner.access$000(ParentRunner.java:58)
	at org.junit.runners.ParentRunner$2.evaluate(ParentRunner.java:268)
	at org.springframework.test.context.junit4.statements.RunBeforeTestClassCallbacks.evaluate(RunBeforeTestClassCallbacks.java:61)
	at org.springframework.test.context.junit4.statements.RunAfterTestClassCallbacks.evaluate(RunAfterTestClassCallbacks.java:70)
	at org.junit.runners.ParentRunner.run(ParentRunner.java:363)
	at org.springframework.test.context.junit4.SpringJUnit4ClassRunner.run(SpringJUnit4ClassRunner.java:191)
	at org.apache.maven.surefire.junit4.JUnit4Provider.execute(JUnit4Provider.java:367)
	at org.apache.maven.surefire.junit4.JUnit4Provider.executeWithRerun(JUnit4Provider.java:274)
	at org.apache.maven.surefire.junit4.JUnit4Provider.executeTestSet(JUnit4Provider.java:238)
	at org.apache.maven.surefire.junit4.JUnit4Provider.invoke(JUnit4Provider.java:161)
	at org.apache.maven.surefire.booter.ForkedBooter.invokeProviderInSameClassLoader(ForkedBooter.java:290)
	at org.apache.maven.surefire.booter.ForkedBooter.runSuitesInProcess(ForkedBooter.java:242)
	at org.apache.maven.surefire.booter.ForkedBooter.main(ForkedBooter.java:121)
[2018-03-14 12:07:12.760]  WARN Message [topic=TEST_CONSOLE_TOPIC, flag=0, properties={KEYS=TEST_TOPIC_KEY, WAIT=true, UNIQ_KEY=C0A859EB30A4011E1E6742F9446A0013}, body=11]
[2018-03-14 12:07:12.764]  WARN AllocateMappedFileService service has exception. so return null
[2018-03-14 12:07:12.764] ERROR create maped file1 error, topic: TEST_CONSOLE_TOPIC clientAddr: 127.0.0.1
[2018-03-14 12:07:12.767]  WARN sendKernelImpl exception, resend at once, InvokeID: -8559425196691082950, RT: 7ms, Broker: MessageQueue [topic=TEST_CONSOLE_TOPIC, brokerName=ConsoleTestBroker, queueId=15]
org.apache.rocketmq.client.exception.MQBrokerException: CODE: 1  DESC: create mapped file failed, server is busy or broken.
For more information, please visit the url, http://rocketmq.apache.org/docs/faq/
	at org.apache.rocketmq.client.impl.MQClientAPIImpl.processSendResponse(MQClientAPIImpl.java:531)
	at org.apache.rocketmq.client.impl.MQClientAPIImpl.sendMessageSync(MQClientAPIImpl.java:345)
	at org.apache.rocketmq.client.impl.MQClientAPIImpl.sendMessage(MQClientAPIImpl.java:327)
	at org.apache.rocketmq.client.impl.MQClientAPIImpl.sendMessage(MQClientAPIImpl.java:290)
	at org.apache.rocketmq.client.impl.producer.DefaultMQProducerImpl.sendKernelImpl(DefaultMQProducerImpl.java:688)
	at org.apache.rocketmq.client.impl.producer.DefaultMQProducerImpl.sendDefaultImpl(DefaultMQProducerImpl.java:458)
	at org.apache.rocketmq.client.impl.producer.DefaultMQProducerImpl.send(DefaultMQProducerImpl.java:1049)
	at org.apache.rocketmq.client.impl.producer.DefaultMQProducerImpl.send(DefaultMQProducerImpl.java:1008)
	at org.apache.rocketmq.client.producer.DefaultMQProducer.send(DefaultMQProducer.java:204)
	at org.apache.rocketmq.console.testbase.RocketMQConsoleTestBase.sendTestTopicMessage(RocketMQConsoleTestBase.java:107)
	at org.apache.rocketmq.console.service.impl.TopicServiceImplTest.setUp(TopicServiceImplTest.java:57)
	at sun.reflect.NativeMethodAccessorImpl.invoke0(Native Method)
	at sun.reflect.NativeMethodAccessorImpl.invoke(NativeMethodAccessorImpl.java:57)
	at sun.reflect.DelegatingMethodAccessorImpl.invoke(DelegatingMethodAccessorImpl.java:43)
	at java.lang.reflect.Method.invoke(Method.java:606)
	at org.junit.runners.model.FrameworkMethod$1.runReflectiveCall(FrameworkMethod.java:50)
	at org.junit.internal.runners.model.ReflectiveCallable.run(ReflectiveCallable.java:12)
	at org.junit.runners.model.FrameworkMethod.invokeExplosively(FrameworkMethod.java:47)
	at org.junit.internal.runners.statements.RunBefores.evaluate(RunBefores.java:24)
	at org.springframework.test.context.junit4.statements.RunBeforeTestMethodCallbacks.evaluate(RunBeforeTestMethodCallbacks.java:75)
	at org.junit.internal.runners.statements.RunAfters.evaluate(RunAfters.java:27)
	at org.springframework.test.context.junit4.statements.RunAfterTestMethodCallbacks.evaluate(RunAfterTestMethodCallbacks.java:86)
	at org.springframework.test.context.junit4.statements.SpringRepeat.evaluate(SpringRepeat.java:84)
	at org.junit.runners.ParentRunner.runLeaf(ParentRunner.java:325)
	at org.springframework.test.context.junit4.SpringJUnit4ClassRunner.runChild(SpringJUnit4ClassRunner.java:252)
	at org.springframework.test.context.junit4.SpringJUnit4ClassRunner.runChild(SpringJUnit4ClassRunner.java:94)
	at org.junit.runners.ParentRunner$3.run(ParentRunner.java:290)
	at org.junit.runners.ParentRunner$1.schedule(ParentRunner.java:71)
	at org.junit.runners.ParentRunner.runChildren(ParentRunner.java:288)
	at org.junit.runners.ParentRunner.access$000(ParentRunner.java:58)
	at org.junit.runners.ParentRunner$2.evaluate(ParentRunner.java:268)
	at org.springframework.test.context.junit4.statements.RunBeforeTestClassCallbacks.evaluate(RunBeforeTestClassCallbacks.java:61)
	at org.springframework.test.context.junit4.statements.RunAfterTestClassCallbacks.evaluate(RunAfterTestClassCallbacks.java:70)
	at org.junit.runners.ParentRunner.run(ParentRunner.java:363)
	at org.springframework.test.context.junit4.SpringJUnit4ClassRunner.run(SpringJUnit4ClassRunner.java:191)
	at org.apache.maven.surefire.junit4.JUnit4Provider.execute(JUnit4Provider.java:367)
	at org.apache.maven.surefire.junit4.JUnit4Provider.executeWithRerun(JUnit4Provider.java:274)
	at org.apache.maven.surefire.junit4.JUnit4Provider.executeTestSet(JUnit4Provider.java:238)
	at org.apache.maven.surefire.junit4.JUnit4Provider.invoke(JUnit4Provider.java:161)
	at org.apache.maven.surefire.booter.ForkedBooter.invokeProviderInSameClassLoader(ForkedBooter.java:290)
	at org.apache.maven.surefire.booter.ForkedBooter.runSuitesInProcess(ForkedBooter.java:242)
	at org.apache.maven.surefire.booter.ForkedBooter.main(ForkedBooter.java:121)
[2018-03-14 12:07:12.768]  WARN Message [topic=TEST_CONSOLE_TOPIC, flag=0, properties={KEYS=TEST_TOPIC_KEY, WAIT=true, UNIQ_KEY=C0A859EB30A4011E1E6742F9446A0013}, body=11]
[2018-03-14 12:07:12.786] ERROR map file C:\Users\Administrator\rocketmq-console-test\20180314120653\commitlog\00000000000000000000 Failed. 
java.io.IOException: Map failed
	at sun.nio.ch.FileChannelImpl.map(FileChannelImpl.java:888)
	at org.apache.rocketmq.store.MappedFile.init(MappedFile.java:160)
	at org.apache.rocketmq.store.MappedFile.<init>(MappedFile.java:71)
	at org.apache.rocketmq.store.AllocateMappedFileService.mmapOperation(AllocateMappedFileService.java:182)
	at org.apache.rocketmq.store.AllocateMappedFileService.run(AllocateMappedFileService.java:143)
	at java.lang.Thread.run(Thread.java:745)
Caused by: java.lang.OutOfMemoryError: Map failed
	at sun.nio.ch.FileChannelImpl.map0(Native Method)
	at sun.nio.ch.FileChannelImpl.map(FileChannelImpl.java:885)
	... 5 common frames omitted
[2018-03-14 12:07:12.786]  WARN AllocateMappedFileService service has exception. 
java.io.IOException: Map failed
	at sun.nio.ch.FileChannelImpl.map(FileChannelImpl.java:888)
	at org.apache.rocketmq.store.MappedFile.init(MappedFile.java:160)
	at org.apache.rocketmq.store.MappedFile.<init>(MappedFile.java:71)
	at org.apache.rocketmq.store.AllocateMappedFileService.mmapOperation(AllocateMappedFileService.java:182)
	at org.apache.rocketmq.store.AllocateMappedFileService.run(AllocateMappedFileService.java:143)
	at java.lang.Thread.run(Thread.java:745)
Caused by: java.lang.OutOfMemoryError: Map failed
	at sun.nio.ch.FileChannelImpl.map0(Native Method)
	at sun.nio.ch.FileChannelImpl.map(FileChannelImpl.java:885)
	... 5 common frames omitted
[2018-03-14 12:07:13.007] ERROR map file C:\Users\Administrator\rocketmq-console-test\20180314120653\commitlog\00000000000000000000 Failed. 
java.io.IOException: Map failed
	at sun.nio.ch.FileChannelImpl.map(FileChannelImpl.java:888)
	at org.apache.rocketmq.store.MappedFile.init(MappedFile.java:160)
	at org.apache.rocketmq.store.MappedFile.<init>(MappedFile.java:71)
	at org.apache.rocketmq.store.AllocateMappedFileService.mmapOperation(AllocateMappedFileService.java:182)
	at org.apache.rocketmq.store.AllocateMappedFileService.run(AllocateMappedFileService.java:143)
	at java.lang.Thread.run(Thread.java:745)
Caused by: java.lang.OutOfMemoryError: Map failed
	at sun.nio.ch.FileChannelImpl.map0(Native Method)
	at sun.nio.ch.FileChannelImpl.map(FileChannelImpl.java:885)
	... 5 common frames omitted
[2018-03-14 12:07:13.007]  WARN AllocateMappedFileService service has exception. 
java.io.IOException: Map failed
	at sun.nio.ch.FileChannelImpl.map(FileChannelImpl.java:888)
	at org.apache.rocketmq.store.MappedFile.init(MappedFile.java:160)
	at org.apache.rocketmq.store.MappedFile.<init>(MappedFile.java:71)
	at org.apache.rocketmq.store.AllocateMappedFileService.mmapOperation(AllocateMappedFileService.java:182)
	at org.apache.rocketmq.store.AllocateMappedFileService.run(AllocateMappedFileService.java:143)
	at java.lang.Thread.run(Thread.java:745)
Caused by: java.lang.OutOfMemoryError: Map failed
	at sun.nio.ch.FileChannelImpl.map0(Native Method)
	at sun.nio.ch.FileChannelImpl.map(FileChannelImpl.java:885)
	... 5 common frames omitted
[2018-03-14 12:07:13.218] ERROR map file C:\Users\Administrator\rocketmq-console-test\20180314120653\commitlog\00000000000000000000 Failed. 
java.io.IOException: Map failed
	at sun.nio.ch.FileChannelImpl.map(FileChannelImpl.java:888)
	at org.apache.rocketmq.store.MappedFile.init(MappedFile.java:160)
	at org.apache.rocketmq.store.MappedFile.<init>(MappedFile.java:71)
	at org.apache.rocketmq.store.AllocateMappedFileService.mmapOperation(AllocateMappedFileService.java:182)
	at org.apache.rocketmq.store.AllocateMappedFileService.run(AllocateMappedFileService.java:143)
	at java.lang.Thread.run(Thread.java:745)
Caused by: java.lang.OutOfMemoryError: Map failed
	at sun.nio.ch.FileChannelImpl.map0(Native Method)
	at sun.nio.ch.FileChannelImpl.map(FileChannelImpl.java:885)
	... 5 common frames omitted
[2018-03-14 12:07:13.219]  WARN AllocateMappedFileService service has exception. 
java.io.IOException: Map failed
	at sun.nio.ch.FileChannelImpl.map(FileChannelImpl.java:888)
	at org.apache.rocketmq.store.MappedFile.init(MappedFile.java:160)
	at org.apache.rocketmq.store.MappedFile.<init>(MappedFile.java:71)
	at org.apache.rocketmq.store.AllocateMappedFileService.mmapOperation(AllocateMappedFileService.java:182)
	at org.apache.rocketmq.store.AllocateMappedFileService.run(AllocateMappedFileService.java:143)
	at java.lang.Thread.run(Thread.java:745)
Caused by: java.lang.OutOfMemoryError: Map failed
	at sun.nio.ch.FileChannelImpl.map0(Native Method)
	at sun.nio.ch.FileChannelImpl.map(FileChannelImpl.java:885)
	... 5 common frames omitted
[2018-03-14 12:07:13.331]  WARN AllocateMappedFileService service has exception. so return null
[2018-03-14 12:07:13.331] ERROR create maped file1 error, topic: TEST_CONSOLE_TOPIC clientAddr: 127.0.0.1
[2018-03-14 12:07:13.333]  WARN sendKernelImpl exception, resend at once, InvokeID: 6338056935211727119, RT: 3ms, Broker: MessageQueue [topic=TEST_CONSOLE_TOPIC, brokerName=ConsoleTestBroker, queueId=0]
org.apache.rocketmq.client.exception.MQBrokerException: CODE: 1  DESC: create mapped file failed, server is busy or broken.
For more information, please visit the url, http://rocketmq.apache.org/docs/faq/
	at org.apache.rocketmq.client.impl.MQClientAPIImpl.processSendResponse(MQClientAPIImpl.java:531)
	at org.apache.rocketmq.client.impl.MQClientAPIImpl.sendMessageSync(MQClientAPIImpl.java:345)
	at org.apache.rocketmq.client.impl.MQClientAPIImpl.sendMessage(MQClientAPIImpl.java:327)
	at org.apache.rocketmq.client.impl.MQClientAPIImpl.sendMessage(MQClientAPIImpl.java:290)
	at org.apache.rocketmq.client.impl.producer.DefaultMQProducerImpl.sendKernelImpl(DefaultMQProducerImpl.java:688)
	at org.apache.rocketmq.client.impl.producer.DefaultMQProducerImpl.sendDefaultImpl(DefaultMQProducerImpl.java:458)
	at org.apache.rocketmq.client.impl.producer.DefaultMQProducerImpl.send(DefaultMQProducerImpl.java:1049)
	at org.apache.rocketmq.client.impl.producer.DefaultMQProducerImpl.send(DefaultMQProducerImpl.java:1008)
	at org.apache.rocketmq.client.producer.DefaultMQProducer.send(DefaultMQProducer.java:204)
	at org.apache.rocketmq.console.testbase.RocketMQConsoleTestBase.sendTestTopicMessage(RocketMQConsoleTestBase.java:107)
	at org.apache.rocketmq.console.service.impl.TopicServiceImplTest.setUp(TopicServiceImplTest.java:57)
	at sun.reflect.NativeMethodAccessorImpl.invoke0(Native Method)
	at sun.reflect.NativeMethodAccessorImpl.invoke(NativeMethodAccessorImpl.java:57)
	at sun.reflect.DelegatingMethodAccessorImpl.invoke(DelegatingMethodAccessorImpl.java:43)
	at java.lang.reflect.Method.invoke(Method.java:606)
	at org.junit.runners.model.FrameworkMethod$1.runReflectiveCall(FrameworkMethod.java:50)
	at org.junit.internal.runners.model.ReflectiveCallable.run(ReflectiveCallable.java:12)
	at org.junit.runners.model.FrameworkMethod.invokeExplosively(FrameworkMethod.java:47)
	at org.junit.internal.runners.statements.RunBefores.evaluate(RunBefores.java:24)
	at org.springframework.test.context.junit4.statements.RunBeforeTestMethodCallbacks.evaluate(RunBeforeTestMethodCallbacks.java:75)
	at org.junit.internal.runners.statements.RunAfters.evaluate(RunAfters.java:27)
	at org.springframework.test.context.junit4.statements.RunAfterTestMethodCallbacks.evaluate(RunAfterTestMethodCallbacks.java:86)
	at org.springframework.test.context.junit4.statements.SpringRepeat.evaluate(SpringRepeat.java:84)
	at org.junit.runners.ParentRunner.runLeaf(ParentRunner.java:325)
	at org.springframework.test.context.junit4.SpringJUnit4ClassRunner.runChild(SpringJUnit4ClassRunner.java:252)
	at org.springframework.test.context.junit4.SpringJUnit4ClassRunner.runChild(SpringJUnit4ClassRunner.java:94)
	at org.junit.runners.ParentRunner$3.run(ParentRunner.java:290)
	at org.junit.runners.ParentRunner$1.schedule(ParentRunner.java:71)
	at org.junit.runners.ParentRunner.runChildren(ParentRunner.java:288)
	at org.junit.runners.ParentRunner.access$000(ParentRunner.java:58)
	at org.junit.runners.ParentRunner$2.evaluate(ParentRunner.java:268)
	at org.springframework.test.context.junit4.statements.RunBeforeTestClassCallbacks.evaluate(RunBeforeTestClassCallbacks.java:61)
	at org.springframework.test.context.junit4.statements.RunAfterTestClassCallbacks.evaluate(RunAfterTestClassCallbacks.java:70)
	at org.junit.runners.ParentRunner.run(ParentRunner.java:363)
	at org.springframework.test.context.junit4.SpringJUnit4ClassRunner.run(SpringJUnit4ClassRunner.java:191)
	at org.apache.maven.surefire.junit4.JUnit4Provider.execute(JUnit4Provider.java:367)
	at org.apache.maven.surefire.junit4.JUnit4Provider.executeWithRerun(JUnit4Provider.java:274)
	at org.apache.maven.surefire.junit4.JUnit4Provider.executeTestSet(JUnit4Provider.java:238)
	at org.apache.maven.surefire.junit4.JUnit4Provider.invoke(JUnit4Provider.java:161)
	at org.apache.maven.surefire.booter.ForkedBooter.invokeProviderInSameClassLoader(ForkedBooter.java:290)
	at org.apache.maven.surefire.booter.ForkedBooter.runSuitesInProcess(ForkedBooter.java:242)
	at org.apache.maven.surefire.booter.ForkedBooter.main(ForkedBooter.java:121)
[2018-03-14 12:07:13.334]  WARN Message [topic=TEST_CONSOLE_TOPIC, flag=0, properties={KEYS=TEST_TOPIC_KEY, WAIT=true, UNIQ_KEY=C0A859EB30A4011E1E6742F9446A0013}, body=11]
[2018-03-14 12:07:13.335]  WARN AllocateMappedFileService service has exception. so return null
[2018-03-14 12:07:13.335] ERROR create maped file1 error, topic: TEST_CONSOLE_TOPIC clientAddr: 127.0.0.1
[2018-03-14 12:07:13.335]  WARN sendKernelImpl exception, resend at once, InvokeID: 6338056935211727119, RT: 1ms, Broker: MessageQueue [topic=TEST_CONSOLE_TOPIC, brokerName=ConsoleTestBroker, queueId=2]
org.apache.rocketmq.client.exception.MQBrokerException: CODE: 1  DESC: create mapped file failed, server is busy or broken.
For more information, please visit the url, http://rocketmq.apache.org/docs/faq/
	at org.apache.rocketmq.client.impl.MQClientAPIImpl.processSendResponse(MQClientAPIImpl.java:531)
	at org.apache.rocketmq.client.impl.MQClientAPIImpl.sendMessageSync(MQClientAPIImpl.java:345)
	at org.apache.rocketmq.client.impl.MQClientAPIImpl.sendMessage(MQClientAPIImpl.java:327)
	at org.apache.rocketmq.client.impl.MQClientAPIImpl.sendMessage(MQClientAPIImpl.java:290)
	at org.apache.rocketmq.client.impl.producer.DefaultMQProducerImpl.sendKernelImpl(DefaultMQProducerImpl.java:688)
	at org.apache.rocketmq.client.impl.producer.DefaultMQProducerImpl.sendDefaultImpl(DefaultMQProducerImpl.java:458)
	at org.apache.rocketmq.client.impl.producer.DefaultMQProducerImpl.send(DefaultMQProducerImpl.java:1049)
	at org.apache.rocketmq.client.impl.producer.DefaultMQProducerImpl.send(DefaultMQProducerImpl.java:1008)
	at org.apache.rocketmq.client.producer.DefaultMQProducer.send(DefaultMQProducer.java:204)
	at org.apache.rocketmq.console.testbase.RocketMQConsoleTestBase.sendTestTopicMessage(RocketMQConsoleTestBase.java:107)
	at org.apache.rocketmq.console.service.impl.TopicServiceImplTest.setUp(TopicServiceImplTest.java:57)
	at sun.reflect.NativeMethodAccessorImpl.invoke0(Native Method)
	at sun.reflect.NativeMethodAccessorImpl.invoke(NativeMethodAccessorImpl.java:57)
	at sun.reflect.DelegatingMethodAccessorImpl.invoke(DelegatingMethodAccessorImpl.java:43)
	at java.lang.reflect.Method.invoke(Method.java:606)
	at org.junit.runners.model.FrameworkMethod$1.runReflectiveCall(FrameworkMethod.java:50)
	at org.junit.internal.runners.model.ReflectiveCallable.run(ReflectiveCallable.java:12)
	at org.junit.runners.model.FrameworkMethod.invokeExplosively(FrameworkMethod.java:47)
	at org.junit.internal.runners.statements.RunBefores.evaluate(RunBefores.java:24)
	at org.springframework.test.context.junit4.statements.RunBeforeTestMethodCallbacks.evaluate(RunBeforeTestMethodCallbacks.java:75)
	at org.junit.internal.runners.statements.RunAfters.evaluate(RunAfters.java:27)
	at org.springframework.test.context.junit4.statements.RunAfterTestMethodCallbacks.evaluate(RunAfterTestMethodCallbacks.java:86)
	at org.springframework.test.context.junit4.statements.SpringRepeat.evaluate(SpringRepeat.java:84)
	at org.junit.runners.ParentRunner.runLeaf(ParentRunner.java:325)
	at org.springframework.test.context.junit4.SpringJUnit4ClassRunner.runChild(SpringJUnit4ClassRunner.java:252)
	at org.springframework.test.context.junit4.SpringJUnit4ClassRunner.runChild(SpringJUnit4ClassRunner.java:94)
	at org.junit.runners.ParentRunner$3.run(ParentRunner.java:290)
	at org.junit.runners.ParentRunner$1.schedule(ParentRunner.java:71)
	at org.junit.runners.ParentRunner.runChildren(ParentRunner.java:288)
	at org.junit.runners.ParentRunner.access$000(ParentRunner.java:58)
	at org.junit.runners.ParentRunner$2.evaluate(ParentRunner.java:268)
	at org.springframework.test.context.junit4.statements.RunBeforeTestClassCallbacks.evaluate(RunBeforeTestClassCallbacks.java:61)
	at org.springframework.test.context.junit4.statements.RunAfterTestClassCallbacks.evaluate(RunAfterTestClassCallbacks.java:70)
	at org.junit.runners.ParentRunner.run(ParentRunner.java:363)
	at org.springframework.test.context.junit4.SpringJUnit4ClassRunner.run(SpringJUnit4ClassRunner.java:191)
	at org.apache.maven.surefire.junit4.JUnit4Provider.execute(JUnit4Provider.java:367)
	at org.apache.maven.surefire.junit4.JUnit4Provider.executeWithRerun(JUnit4Provider.java:274)
	at org.apache.maven.surefire.junit4.JUnit4Provider.executeTestSet(JUnit4Provider.java:238)
	at org.apache.maven.surefire.junit4.JUnit4Provider.invoke(JUnit4Provider.java:161)
	at org.apache.maven.surefire.booter.ForkedBooter.invokeProviderInSameClassLoader(ForkedBooter.java:290)
	at org.apache.maven.surefire.booter.ForkedBooter.runSuitesInProcess(ForkedBooter.java:242)
	at org.apache.maven.surefire.booter.ForkedBooter.main(ForkedBooter.java:121)
[2018-03-14 12:07:13.336]  WARN Message [topic=TEST_CONSOLE_TOPIC, flag=0, properties={KEYS=TEST_TOPIC_KEY, WAIT=true, UNIQ_KEY=C0A859EB30A4011E1E6742F9446A0013}, body=11]
[2018-03-14 12:07:13.339]  WARN AllocateMappedFileService service has exception. so return null
[2018-03-14 12:07:13.339] ERROR create maped file1 error, topic: TEST_CONSOLE_TOPIC clientAddr: 127.0.0.1
[2018-03-14 12:07:13.340]  WARN sendKernelImpl exception, resend at once, InvokeID: 6338056935211727119, RT: 4ms, Broker: MessageQueue [topic=TEST_CONSOLE_TOPIC, brokerName=ConsoleTestBroker, queueId=4]
org.apache.rocketmq.client.exception.MQBrokerException: CODE: 1  DESC: create mapped file failed, server is busy or broken.
For more information, please visit the url, http://rocketmq.apache.org/docs/faq/
	at org.apache.rocketmq.client.impl.MQClientAPIImpl.processSendResponse(MQClientAPIImpl.java:531)
	at org.apache.rocketmq.client.impl.MQClientAPIImpl.sendMessageSync(MQClientAPIImpl.java:345)
	at org.apache.rocketmq.client.impl.MQClientAPIImpl.sendMessage(MQClientAPIImpl.java:327)
	at org.apache.rocketmq.client.impl.MQClientAPIImpl.sendMessage(MQClientAPIImpl.java:290)
	at org.apache.rocketmq.client.impl.producer.DefaultMQProducerImpl.sendKernelImpl(DefaultMQProducerImpl.java:688)
	at org.apache.rocketmq.client.impl.producer.DefaultMQProducerImpl.sendDefaultImpl(DefaultMQProducerImpl.java:458)
	at org.apache.rocketmq.client.impl.producer.DefaultMQProducerImpl.send(DefaultMQProducerImpl.java:1049)
	at org.apache.rocketmq.client.impl.producer.DefaultMQProducerImpl.send(DefaultMQProducerImpl.java:1008)
	at org.apache.rocketmq.client.producer.DefaultMQProducer.send(DefaultMQProducer.java:204)
	at org.apache.rocketmq.console.testbase.RocketMQConsoleTestBase.sendTestTopicMessage(RocketMQConsoleTestBase.java:107)
	at org.apache.rocketmq.console.service.impl.TopicServiceImplTest.setUp(TopicServiceImplTest.java:57)
	at sun.reflect.NativeMethodAccessorImpl.invoke0(Native Method)
	at sun.reflect.NativeMethodAccessorImpl.invoke(NativeMethodAccessorImpl.java:57)
	at sun.reflect.DelegatingMethodAccessorImpl.invoke(DelegatingMethodAccessorImpl.java:43)
	at java.lang.reflect.Method.invoke(Method.java:606)
	at org.junit.runners.model.FrameworkMethod$1.runReflectiveCall(FrameworkMethod.java:50)
	at org.junit.internal.runners.model.ReflectiveCallable.run(ReflectiveCallable.java:12)
	at org.junit.runners.model.FrameworkMethod.invokeExplosively(FrameworkMethod.java:47)
	at org.junit.internal.runners.statements.RunBefores.evaluate(RunBefores.java:24)
	at org.springframework.test.context.junit4.statements.RunBeforeTestMethodCallbacks.evaluate(RunBeforeTestMethodCallbacks.java:75)
	at org.junit.internal.runners.statements.RunAfters.evaluate(RunAfters.java:27)
	at org.springframework.test.context.junit4.statements.RunAfterTestMethodCallbacks.evaluate(RunAfterTestMethodCallbacks.java:86)
	at org.springframework.test.context.junit4.statements.SpringRepeat.evaluate(SpringRepeat.java:84)
	at org.junit.runners.ParentRunner.runLeaf(ParentRunner.java:325)
	at org.springframework.test.context.junit4.SpringJUnit4ClassRunner.runChild(SpringJUnit4ClassRunner.java:252)
	at org.springframework.test.context.junit4.SpringJUnit4ClassRunner.runChild(SpringJUnit4ClassRunner.java:94)
	at org.junit.runners.ParentRunner$3.run(ParentRunner.java:290)
	at org.junit.runners.ParentRunner$1.schedule(ParentRunner.java:71)
	at org.junit.runners.ParentRunner.runChildren(ParentRunner.java:288)
	at org.junit.runners.ParentRunner.access$000(ParentRunner.java:58)
	at org.junit.runners.ParentRunner$2.evaluate(ParentRunner.java:268)
	at org.springframework.test.context.junit4.statements.RunBeforeTestClassCallbacks.evaluate(RunBeforeTestClassCallbacks.java:61)
	at org.springframework.test.context.junit4.statements.RunAfterTestClassCallbacks.evaluate(RunAfterTestClassCallbacks.java:70)
	at org.junit.runners.ParentRunner.run(ParentRunner.java:363)
	at org.springframework.test.context.junit4.SpringJUnit4ClassRunner.run(SpringJUnit4ClassRunner.java:191)
	at org.apache.maven.surefire.junit4.JUnit4Provider.execute(JUnit4Provider.java:367)
	at org.apache.maven.surefire.junit4.JUnit4Provider.executeWithRerun(JUnit4Provider.java:274)
	at org.apache.maven.surefire.junit4.JUnit4Provider.executeTestSet(JUnit4Provider.java:238)
	at org.apache.maven.surefire.junit4.JUnit4Provider.invoke(JUnit4Provider.java:161)
	at org.apache.maven.surefire.booter.ForkedBooter.invokeProviderInSameClassLoader(ForkedBooter.java:290)
	at org.apache.maven.surefire.booter.ForkedBooter.runSuitesInProcess(ForkedBooter.java:242)
	at org.apache.maven.surefire.booter.ForkedBooter.main(ForkedBooter.java:121)
[2018-03-14 12:07:13.340]  WARN Message [topic=TEST_CONSOLE_TOPIC, flag=0, properties={KEYS=TEST_TOPIC_KEY, WAIT=true, UNIQ_KEY=C0A859EB30A4011E1E6742F9446A0013}, body=11]
[2018-03-14 12:07:13.433] ERROR map file C:\Users\Administrator\rocketmq-console-test\20180314120653\commitlog\00000000000000000000 Failed. 
java.io.IOException: Map failed
	at sun.nio.ch.FileChannelImpl.map(FileChannelImpl.java:888)
	at org.apache.rocketmq.store.MappedFile.init(MappedFile.java:160)
	at org.apache.rocketmq.store.MappedFile.<init>(MappedFile.java:71)
	at org.apache.rocketmq.store.AllocateMappedFileService.mmapOperation(AllocateMappedFileService.java:182)
	at org.apache.rocketmq.store.AllocateMappedFileService.run(AllocateMappedFileService.java:143)
	at java.lang.Thread.run(Thread.java:745)
Caused by: java.lang.OutOfMemoryError: Map failed
	at sun.nio.ch.FileChannelImpl.map0(Native Method)
	at sun.nio.ch.FileChannelImpl.map(FileChannelImpl.java:885)
	... 5 common frames omitted
[2018-03-14 12:07:13.433]  WARN AllocateMappedFileService service has exception. 
java.io.IOException: Map failed
	at sun.nio.ch.FileChannelImpl.map(FileChannelImpl.java:888)
	at org.apache.rocketmq.store.MappedFile.init(MappedFile.java:160)
	at org.apache.rocketmq.store.MappedFile.<init>(MappedFile.java:71)
	at org.apache.rocketmq.store.AllocateMappedFileService.mmapOperation(AllocateMappedFileService.java:182)
	at org.apache.rocketmq.store.AllocateMappedFileService.run(AllocateMappedFileService.java:143)
	at java.lang.Thread.run(Thread.java:745)
Caused by: java.lang.OutOfMemoryError: Map failed
	at sun.nio.ch.FileChannelImpl.map0(Native Method)
	at sun.nio.ch.FileChannelImpl.map(FileChannelImpl.java:885)
	... 5 common frames omitted
[2018-03-14 12:07:13.651] ERROR map file C:\Users\Administrator\rocketmq-console-test\20180314120653\commitlog\00000000000000000000 Failed. 
java.io.IOException: Map failed
	at sun.nio.ch.FileChannelImpl.map(FileChannelImpl.java:888)
	at org.apache.rocketmq.store.MappedFile.init(MappedFile.java:160)
	at org.apache.rocketmq.store.MappedFile.<init>(MappedFile.java:71)
	at org.apache.rocketmq.store.AllocateMappedFileService.mmapOperation(AllocateMappedFileService.java:182)
	at org.apache.rocketmq.store.AllocateMappedFileService.run(AllocateMappedFileService.java:143)
	at java.lang.Thread.run(Thread.java:745)
Caused by: java.lang.OutOfMemoryError: Map failed
	at sun.nio.ch.FileChannelImpl.map0(Native Method)
	at sun.nio.ch.FileChannelImpl.map(FileChannelImpl.java:885)
	... 5 common frames omitted
[2018-03-14 12:07:13.651]  WARN AllocateMappedFileService service has exception. 
java.io.IOException: Map failed
	at sun.nio.ch.FileChannelImpl.map(FileChannelImpl.java:888)
	at org.apache.rocketmq.store.MappedFile.init(MappedFile.java:160)
	at org.apache.rocketmq.store.MappedFile.<init>(MappedFile.java:71)
	at org.apache.rocketmq.store.AllocateMappedFileService.mmapOperation(AllocateMappedFileService.java:182)
	at org.apache.rocketmq.store.AllocateMappedFileService.run(AllocateMappedFileService.java:143)
	at java.lang.Thread.run(Thread.java:745)
Caused by: java.lang.OutOfMemoryError: Map failed
	at sun.nio.ch.FileChannelImpl.map0(Native Method)
	at sun.nio.ch.FileChannelImpl.map(FileChannelImpl.java:885)
	... 5 common frames omitted
]]></system-out>
  </testcase>
  <testcase name="deleteTopic1" classname="org.apache.rocketmq.console.service.impl.TopicServiceImplTest" time="5.493">
    <error message="send message error" type="java.lang.RuntimeException">java.lang.RuntimeException: send message error
	at org.apache.rocketmq.console.service.impl.TopicServiceImplTest.setUp(TopicServiceImplTest.java:57)
</error>
    <system-out><![CDATA[[2018-03-14 12:07:13.869] ERROR map file C:\Users\Administrator\rocketmq-console-test\20180314120653\commitlog\00000000000000000000 Failed. 
java.io.IOException: Map failed
	at sun.nio.ch.FileChannelImpl.map(FileChannelImpl.java:888)
	at org.apache.rocketmq.store.MappedFile.init(MappedFile.java:160)
	at org.apache.rocketmq.store.MappedFile.<init>(MappedFile.java:71)
	at org.apache.rocketmq.store.AllocateMappedFileService.mmapOperation(AllocateMappedFileService.java:182)
	at org.apache.rocketmq.store.AllocateMappedFileService.run(AllocateMappedFileService.java:143)
	at java.lang.Thread.run(Thread.java:745)
Caused by: java.lang.OutOfMemoryError: Map failed
	at sun.nio.ch.FileChannelImpl.map0(Native Method)
	at sun.nio.ch.FileChannelImpl.map(FileChannelImpl.java:885)
	... 5 common frames omitted
[2018-03-14 12:07:13.869]  WARN AllocateMappedFileService service has exception. 
java.io.IOException: Map failed
	at sun.nio.ch.FileChannelImpl.map(FileChannelImpl.java:888)
	at org.apache.rocketmq.store.MappedFile.init(MappedFile.java:160)
	at org.apache.rocketmq.store.MappedFile.<init>(MappedFile.java:71)
	at org.apache.rocketmq.store.AllocateMappedFileService.mmapOperation(AllocateMappedFileService.java:182)
	at org.apache.rocketmq.store.AllocateMappedFileService.run(AllocateMappedFileService.java:143)
	at java.lang.Thread.run(Thread.java:745)
Caused by: java.lang.OutOfMemoryError: Map failed
	at sun.nio.ch.FileChannelImpl.map0(Native Method)
	at sun.nio.ch.FileChannelImpl.map(FileChannelImpl.java:885)
	... 5 common frames omitted
[2018-03-14 12:07:14.090] ERROR map file C:\Users\Administrator\rocketmq-console-test\20180314120653\commitlog\00000000000000000000 Failed. 
java.io.IOException: Map failed
	at sun.nio.ch.FileChannelImpl.map(FileChannelImpl.java:888)
	at org.apache.rocketmq.store.MappedFile.init(MappedFile.java:160)
	at org.apache.rocketmq.store.MappedFile.<init>(MappedFile.java:71)
	at org.apache.rocketmq.store.AllocateMappedFileService.mmapOperation(AllocateMappedFileService.java:182)
	at org.apache.rocketmq.store.AllocateMappedFileService.run(AllocateMappedFileService.java:143)
	at java.lang.Thread.run(Thread.java:745)
Caused by: java.lang.OutOfMemoryError: Map failed
	at sun.nio.ch.FileChannelImpl.map0(Native Method)
	at sun.nio.ch.FileChannelImpl.map(FileChannelImpl.java:885)
	... 5 common frames omitted
[2018-03-14 12:07:14.090]  WARN AllocateMappedFileService service has exception. 
java.io.IOException: Map failed
	at sun.nio.ch.FileChannelImpl.map(FileChannelImpl.java:888)
	at org.apache.rocketmq.store.MappedFile.init(MappedFile.java:160)
	at org.apache.rocketmq.store.MappedFile.<init>(MappedFile.java:71)
	at org.apache.rocketmq.store.AllocateMappedFileService.mmapOperation(AllocateMappedFileService.java:182)
	at org.apache.rocketmq.store.AllocateMappedFileService.run(AllocateMappedFileService.java:143)
	at java.lang.Thread.run(Thread.java:745)
Caused by: java.lang.OutOfMemoryError: Map failed
	at sun.nio.ch.FileChannelImpl.map0(Native Method)
	at sun.nio.ch.FileChannelImpl.map(FileChannelImpl.java:885)
	... 5 common frames omitted
[2018-03-14 12:07:14.317] ERROR map file C:\Users\Administrator\rocketmq-console-test\20180314120653\commitlog\00000000000000000000 Failed. 
java.io.IOException: Map failed
	at sun.nio.ch.FileChannelImpl.map(FileChannelImpl.java:888)
	at org.apache.rocketmq.store.MappedFile.init(MappedFile.java:160)
	at org.apache.rocketmq.store.MappedFile.<init>(MappedFile.java:71)
	at org.apache.rocketmq.store.AllocateMappedFileService.mmapOperation(AllocateMappedFileService.java:182)
	at org.apache.rocketmq.store.AllocateMappedFileService.run(AllocateMappedFileService.java:143)
	at java.lang.Thread.run(Thread.java:745)
Caused by: java.lang.OutOfMemoryError: Map failed
	at sun.nio.ch.FileChannelImpl.map0(Native Method)
	at sun.nio.ch.FileChannelImpl.map(FileChannelImpl.java:885)
	... 5 common frames omitted
[2018-03-14 12:07:14.317]  WARN AllocateMappedFileService service has exception. 
java.io.IOException: Map failed
	at sun.nio.ch.FileChannelImpl.map(FileChannelImpl.java:888)
	at org.apache.rocketmq.store.MappedFile.init(MappedFile.java:160)
	at org.apache.rocketmq.store.MappedFile.<init>(MappedFile.java:71)
	at org.apache.rocketmq.store.AllocateMappedFileService.mmapOperation(AllocateMappedFileService.java:182)
	at org.apache.rocketmq.store.AllocateMappedFileService.run(AllocateMappedFileService.java:143)
	at java.lang.Thread.run(Thread.java:745)
Caused by: java.lang.OutOfMemoryError: Map failed
	at sun.nio.ch.FileChannelImpl.map0(Native Method)
	at sun.nio.ch.FileChannelImpl.map(FileChannelImpl.java:885)
	... 5 common frames omitted
[2018-03-14 12:07:14.527] ERROR map file C:\Users\Administrator\rocketmq-console-test\20180314120653\commitlog\00000000000000000000 Failed. 
java.io.IOException: Map failed
	at sun.nio.ch.FileChannelImpl.map(FileChannelImpl.java:888)
	at org.apache.rocketmq.store.MappedFile.init(MappedFile.java:160)
	at org.apache.rocketmq.store.MappedFile.<init>(MappedFile.java:71)
	at org.apache.rocketmq.store.AllocateMappedFileService.mmapOperation(AllocateMappedFileService.java:182)
	at org.apache.rocketmq.store.AllocateMappedFileService.run(AllocateMappedFileService.java:143)
	at java.lang.Thread.run(Thread.java:745)
Caused by: java.lang.OutOfMemoryError: Map failed
	at sun.nio.ch.FileChannelImpl.map0(Native Method)
	at sun.nio.ch.FileChannelImpl.map(FileChannelImpl.java:885)
	... 5 common frames omitted
[2018-03-14 12:07:14.528]  WARN AllocateMappedFileService service has exception. 
java.io.IOException: Map failed
	at sun.nio.ch.FileChannelImpl.map(FileChannelImpl.java:888)
	at org.apache.rocketmq.store.MappedFile.init(MappedFile.java:160)
	at org.apache.rocketmq.store.MappedFile.<init>(MappedFile.java:71)
	at org.apache.rocketmq.store.AllocateMappedFileService.mmapOperation(AllocateMappedFileService.java:182)
	at org.apache.rocketmq.store.AllocateMappedFileService.run(AllocateMappedFileService.java:143)
	at java.lang.Thread.run(Thread.java:745)
Caused by: java.lang.OutOfMemoryError: Map failed
	at sun.nio.ch.FileChannelImpl.map0(Native Method)
	at sun.nio.ch.FileChannelImpl.map(FileChannelImpl.java:885)
	... 5 common frames omitted
[2018-03-14 12:07:14.746] ERROR map file C:\Users\Administrator\rocketmq-console-test\20180314120653\commitlog\00000000000000000000 Failed. 
java.io.IOException: Map failed
	at sun.nio.ch.FileChannelImpl.map(FileChannelImpl.java:888)
	at org.apache.rocketmq.store.MappedFile.init(MappedFile.java:160)
	at org.apache.rocketmq.store.MappedFile.<init>(MappedFile.java:71)
	at org.apache.rocketmq.store.AllocateMappedFileService.mmapOperation(AllocateMappedFileService.java:182)
	at org.apache.rocketmq.store.AllocateMappedFileService.run(AllocateMappedFileService.java:143)
	at java.lang.Thread.run(Thread.java:745)
Caused by: java.lang.OutOfMemoryError: Map failed
	at sun.nio.ch.FileChannelImpl.map0(Native Method)
	at sun.nio.ch.FileChannelImpl.map(FileChannelImpl.java:885)
	... 5 common frames omitted
[2018-03-14 12:07:14.746]  WARN AllocateMappedFileService service has exception. 
java.io.IOException: Map failed
	at sun.nio.ch.FileChannelImpl.map(FileChannelImpl.java:888)
	at org.apache.rocketmq.store.MappedFile.init(MappedFile.java:160)
	at org.apache.rocketmq.store.MappedFile.<init>(MappedFile.java:71)
	at org.apache.rocketmq.store.AllocateMappedFileService.mmapOperation(AllocateMappedFileService.java:182)
	at org.apache.rocketmq.store.AllocateMappedFileService.run(AllocateMappedFileService.java:143)
	at java.lang.Thread.run(Thread.java:745)
Caused by: java.lang.OutOfMemoryError: Map failed
	at sun.nio.ch.FileChannelImpl.map0(Native Method)
	at sun.nio.ch.FileChannelImpl.map(FileChannelImpl.java:885)
	... 5 common frames omitted
[2018-03-14 12:07:14.961] ERROR map file C:\Users\Administrator\rocketmq-console-test\20180314120653\commitlog\00000000000000000000 Failed. 
java.io.IOException: Map failed
	at sun.nio.ch.FileChannelImpl.map(FileChannelImpl.java:888)
	at org.apache.rocketmq.store.MappedFile.init(MappedFile.java:160)
	at org.apache.rocketmq.store.MappedFile.<init>(MappedFile.java:71)
	at org.apache.rocketmq.store.AllocateMappedFileService.mmapOperation(AllocateMappedFileService.java:182)
	at org.apache.rocketmq.store.AllocateMappedFileService.run(AllocateMappedFileService.java:143)
	at java.lang.Thread.run(Thread.java:745)
Caused by: java.lang.OutOfMemoryError: Map failed
	at sun.nio.ch.FileChannelImpl.map0(Native Method)
	at sun.nio.ch.FileChannelImpl.map(FileChannelImpl.java:885)
	... 5 common frames omitted
[2018-03-14 12:07:14.961]  WARN AllocateMappedFileService service has exception. 
java.io.IOException: Map failed
	at sun.nio.ch.FileChannelImpl.map(FileChannelImpl.java:888)
	at org.apache.rocketmq.store.MappedFile.init(MappedFile.java:160)
	at org.apache.rocketmq.store.MappedFile.<init>(MappedFile.java:71)
	at org.apache.rocketmq.store.AllocateMappedFileService.mmapOperation(AllocateMappedFileService.java:182)
	at org.apache.rocketmq.store.AllocateMappedFileService.run(AllocateMappedFileService.java:143)
	at java.lang.Thread.run(Thread.java:745)
Caused by: java.lang.OutOfMemoryError: Map failed
	at sun.nio.ch.FileChannelImpl.map0(Native Method)
	at sun.nio.ch.FileChannelImpl.map(FileChannelImpl.java:885)
	... 5 common frames omitted
[2018-03-14 12:07:15.179] ERROR map file C:\Users\Administrator\rocketmq-console-test\20180314120653\commitlog\00000000000000000000 Failed. 
java.io.IOException: Map failed
	at sun.nio.ch.FileChannelImpl.map(FileChannelImpl.java:888)
	at org.apache.rocketmq.store.MappedFile.init(MappedFile.java:160)
	at org.apache.rocketmq.store.MappedFile.<init>(MappedFile.java:71)
	at org.apache.rocketmq.store.AllocateMappedFileService.mmapOperation(AllocateMappedFileService.java:182)
	at org.apache.rocketmq.store.AllocateMappedFileService.run(AllocateMappedFileService.java:143)
	at java.lang.Thread.run(Thread.java:745)
Caused by: java.lang.OutOfMemoryError: Map failed
	at sun.nio.ch.FileChannelImpl.map0(Native Method)
	at sun.nio.ch.FileChannelImpl.map(FileChannelImpl.java:885)
	... 5 common frames omitted
[2018-03-14 12:07:15.179]  WARN AllocateMappedFileService service has exception. 
java.io.IOException: Map failed
	at sun.nio.ch.FileChannelImpl.map(FileChannelImpl.java:888)
	at org.apache.rocketmq.store.MappedFile.init(MappedFile.java:160)
	at org.apache.rocketmq.store.MappedFile.<init>(MappedFile.java:71)
	at org.apache.rocketmq.store.AllocateMappedFileService.mmapOperation(AllocateMappedFileService.java:182)
	at org.apache.rocketmq.store.AllocateMappedFileService.run(AllocateMappedFileService.java:143)
	at java.lang.Thread.run(Thread.java:745)
Caused by: java.lang.OutOfMemoryError: Map failed
	at sun.nio.ch.FileChannelImpl.map0(Native Method)
	at sun.nio.ch.FileChannelImpl.map(FileChannelImpl.java:885)
	... 5 common frames omitted
[2018-03-14 12:07:15.394] ERROR map file C:\Users\Administrator\rocketmq-console-test\20180314120653\commitlog\00000000000000000000 Failed. 
java.io.IOException: Map failed
	at sun.nio.ch.FileChannelImpl.map(FileChannelImpl.java:888)
	at org.apache.rocketmq.store.MappedFile.init(MappedFile.java:160)
	at org.apache.rocketmq.store.MappedFile.<init>(MappedFile.java:71)
	at org.apache.rocketmq.store.AllocateMappedFileService.mmapOperation(AllocateMappedFileService.java:182)
	at org.apache.rocketmq.store.AllocateMappedFileService.run(AllocateMappedFileService.java:143)
	at java.lang.Thread.run(Thread.java:745)
Caused by: java.lang.OutOfMemoryError: Map failed
	at sun.nio.ch.FileChannelImpl.map0(Native Method)
	at sun.nio.ch.FileChannelImpl.map(FileChannelImpl.java:885)
	... 5 common frames omitted
[2018-03-14 12:07:15.394]  WARN AllocateMappedFileService service has exception. 
java.io.IOException: Map failed
	at sun.nio.ch.FileChannelImpl.map(FileChannelImpl.java:888)
	at org.apache.rocketmq.store.MappedFile.init(MappedFile.java:160)
	at org.apache.rocketmq.store.MappedFile.<init>(MappedFile.java:71)
	at org.apache.rocketmq.store.AllocateMappedFileService.mmapOperation(AllocateMappedFileService.java:182)
	at org.apache.rocketmq.store.AllocateMappedFileService.run(AllocateMappedFileService.java:143)
	at java.lang.Thread.run(Thread.java:745)
Caused by: java.lang.OutOfMemoryError: Map failed
	at sun.nio.ch.FileChannelImpl.map0(Native Method)
	at sun.nio.ch.FileChannelImpl.map(FileChannelImpl.java:885)
	... 5 common frames omitted
[2018-03-14 12:07:15.608] ERROR map file C:\Users\Administrator\rocketmq-console-test\20180314120653\commitlog\00000000000000000000 Failed. 
java.io.IOException: Map failed
	at sun.nio.ch.FileChannelImpl.map(FileChannelImpl.java:888)
	at org.apache.rocketmq.store.MappedFile.init(MappedFile.java:160)
	at org.apache.rocketmq.store.MappedFile.<init>(MappedFile.java:71)
	at org.apache.rocketmq.store.AllocateMappedFileService.mmapOperation(AllocateMappedFileService.java:182)
	at org.apache.rocketmq.store.AllocateMappedFileService.run(AllocateMappedFileService.java:143)
	at java.lang.Thread.run(Thread.java:745)
Caused by: java.lang.OutOfMemoryError: Map failed
	at sun.nio.ch.FileChannelImpl.map0(Native Method)
	at sun.nio.ch.FileChannelImpl.map(FileChannelImpl.java:885)
	... 5 common frames omitted
[2018-03-14 12:07:15.608]  WARN AllocateMappedFileService service has exception. 
java.io.IOException: Map failed
	at sun.nio.ch.FileChannelImpl.map(FileChannelImpl.java:888)
	at org.apache.rocketmq.store.MappedFile.init(MappedFile.java:160)
	at org.apache.rocketmq.store.MappedFile.<init>(MappedFile.java:71)
	at org.apache.rocketmq.store.AllocateMappedFileService.mmapOperation(AllocateMappedFileService.java:182)
	at org.apache.rocketmq.store.AllocateMappedFileService.run(AllocateMappedFileService.java:143)
	at java.lang.Thread.run(Thread.java:745)
Caused by: java.lang.OutOfMemoryError: Map failed
	at sun.nio.ch.FileChannelImpl.map0(Native Method)
	at sun.nio.ch.FileChannelImpl.map(FileChannelImpl.java:885)
	... 5 common frames omitted
[2018-03-14 12:07:15.823] ERROR map file C:\Users\Administrator\rocketmq-console-test\20180314120653\commitlog\00000000000000000000 Failed. 
java.io.IOException: Map failed
	at sun.nio.ch.FileChannelImpl.map(FileChannelImpl.java:888)
	at org.apache.rocketmq.store.MappedFile.init(MappedFile.java:160)
	at org.apache.rocketmq.store.MappedFile.<init>(MappedFile.java:71)
	at org.apache.rocketmq.store.AllocateMappedFileService.mmapOperation(AllocateMappedFileService.java:182)
	at org.apache.rocketmq.store.AllocateMappedFileService.run(AllocateMappedFileService.java:143)
	at java.lang.Thread.run(Thread.java:745)
Caused by: java.lang.OutOfMemoryError: Map failed
	at sun.nio.ch.FileChannelImpl.map0(Native Method)
	at sun.nio.ch.FileChannelImpl.map(FileChannelImpl.java:885)
	... 5 common frames omitted
[2018-03-14 12:07:15.827]  WARN AllocateMappedFileService service has exception. 
java.io.IOException: Map failed
	at sun.nio.ch.FileChannelImpl.map(FileChannelImpl.java:888)
	at org.apache.rocketmq.store.MappedFile.init(MappedFile.java:160)
	at org.apache.rocketmq.store.MappedFile.<init>(MappedFile.java:71)
	at org.apache.rocketmq.store.AllocateMappedFileService.mmapOperation(AllocateMappedFileService.java:182)
	at org.apache.rocketmq.store.AllocateMappedFileService.run(AllocateMappedFileService.java:143)
	at java.lang.Thread.run(Thread.java:745)
Caused by: java.lang.OutOfMemoryError: Map failed
	at sun.nio.ch.FileChannelImpl.map0(Native Method)
	at sun.nio.ch.FileChannelImpl.map(FileChannelImpl.java:885)
	... 5 common frames omitted
[2018-03-14 12:07:16.038] ERROR map file C:\Users\Administrator\rocketmq-console-test\20180314120653\commitlog\00000000000000000000 Failed. 
java.io.IOException: Map failed
	at sun.nio.ch.FileChannelImpl.map(FileChannelImpl.java:888)
	at org.apache.rocketmq.store.MappedFile.init(MappedFile.java:160)
	at org.apache.rocketmq.store.MappedFile.<init>(MappedFile.java:71)
	at org.apache.rocketmq.store.AllocateMappedFileService.mmapOperation(AllocateMappedFileService.java:182)
	at org.apache.rocketmq.store.AllocateMappedFileService.run(AllocateMappedFileService.java:143)
	at java.lang.Thread.run(Thread.java:745)
Caused by: java.lang.OutOfMemoryError: Map failed
	at sun.nio.ch.FileChannelImpl.map0(Native Method)
	at sun.nio.ch.FileChannelImpl.map(FileChannelImpl.java:885)
	... 5 common frames omitted
[2018-03-14 12:07:16.038]  WARN AllocateMappedFileService service has exception. 
java.io.IOException: Map failed
	at sun.nio.ch.FileChannelImpl.map(FileChannelImpl.java:888)
	at org.apache.rocketmq.store.MappedFile.init(MappedFile.java:160)
	at org.apache.rocketmq.store.MappedFile.<init>(MappedFile.java:71)
	at org.apache.rocketmq.store.AllocateMappedFileService.mmapOperation(AllocateMappedFileService.java:182)
	at org.apache.rocketmq.store.AllocateMappedFileService.run(AllocateMappedFileService.java:143)
	at java.lang.Thread.run(Thread.java:745)
Caused by: java.lang.OutOfMemoryError: Map failed
	at sun.nio.ch.FileChannelImpl.map0(Native Method)
	at sun.nio.ch.FileChannelImpl.map(FileChannelImpl.java:885)
	... 5 common frames omitted
[2018-03-14 12:07:16.253] ERROR map file C:\Users\Administrator\rocketmq-console-test\20180314120653\commitlog\00000000000000000000 Failed. 
java.io.IOException: Map failed
	at sun.nio.ch.FileChannelImpl.map(FileChannelImpl.java:888)
	at org.apache.rocketmq.store.MappedFile.init(MappedFile.java:160)
	at org.apache.rocketmq.store.MappedFile.<init>(MappedFile.java:71)
	at org.apache.rocketmq.store.AllocateMappedFileService.mmapOperation(AllocateMappedFileService.java:182)
	at org.apache.rocketmq.store.AllocateMappedFileService.run(AllocateMappedFileService.java:143)
	at java.lang.Thread.run(Thread.java:745)
Caused by: java.lang.OutOfMemoryError: Map failed
	at sun.nio.ch.FileChannelImpl.map0(Native Method)
	at sun.nio.ch.FileChannelImpl.map(FileChannelImpl.java:885)
	... 5 common frames omitted
[2018-03-14 12:07:16.253]  WARN AllocateMappedFileService service has exception. 
java.io.IOException: Map failed
	at sun.nio.ch.FileChannelImpl.map(FileChannelImpl.java:888)
	at org.apache.rocketmq.store.MappedFile.init(MappedFile.java:160)
	at org.apache.rocketmq.store.MappedFile.<init>(MappedFile.java:71)
	at org.apache.rocketmq.store.AllocateMappedFileService.mmapOperation(AllocateMappedFileService.java:182)
	at org.apache.rocketmq.store.AllocateMappedFileService.run(AllocateMappedFileService.java:143)
	at java.lang.Thread.run(Thread.java:745)
Caused by: java.lang.OutOfMemoryError: Map failed
	at sun.nio.ch.FileChannelImpl.map0(Native Method)
	at sun.nio.ch.FileChannelImpl.map(FileChannelImpl.java:885)
	... 5 common frames omitted
[2018-03-14 12:07:16.475] ERROR map file C:\Users\Administrator\rocketmq-console-test\20180314120653\commitlog\00000000000000000000 Failed. 
java.io.IOException: Map failed
	at sun.nio.ch.FileChannelImpl.map(FileChannelImpl.java:888)
	at org.apache.rocketmq.store.MappedFile.init(MappedFile.java:160)
	at org.apache.rocketmq.store.MappedFile.<init>(MappedFile.java:71)
	at org.apache.rocketmq.store.AllocateMappedFileService.mmapOperation(AllocateMappedFileService.java:182)
	at org.apache.rocketmq.store.AllocateMappedFileService.run(AllocateMappedFileService.java:143)
	at java.lang.Thread.run(Thread.java:745)
Caused by: java.lang.OutOfMemoryError: Map failed
	at sun.nio.ch.FileChannelImpl.map0(Native Method)
	at sun.nio.ch.FileChannelImpl.map(FileChannelImpl.java:885)
	... 5 common frames omitted
[2018-03-14 12:07:16.475]  WARN AllocateMappedFileService service has exception. 
java.io.IOException: Map failed
	at sun.nio.ch.FileChannelImpl.map(FileChannelImpl.java:888)
	at org.apache.rocketmq.store.MappedFile.init(MappedFile.java:160)
	at org.apache.rocketmq.store.MappedFile.<init>(MappedFile.java:71)
	at org.apache.rocketmq.store.AllocateMappedFileService.mmapOperation(AllocateMappedFileService.java:182)
	at org.apache.rocketmq.store.AllocateMappedFileService.run(AllocateMappedFileService.java:143)
	at java.lang.Thread.run(Thread.java:745)
Caused by: java.lang.OutOfMemoryError: Map failed
	at sun.nio.ch.FileChannelImpl.map0(Native Method)
	at sun.nio.ch.FileChannelImpl.map(FileChannelImpl.java:885)
	... 5 common frames omitted
[2018-03-14 12:07:16.699] ERROR map file C:\Users\Administrator\rocketmq-console-test\20180314120653\commitlog\00000000000000000000 Failed. 
java.io.IOException: Map failed
	at sun.nio.ch.FileChannelImpl.map(FileChannelImpl.java:888)
	at org.apache.rocketmq.store.MappedFile.init(MappedFile.java:160)
	at org.apache.rocketmq.store.MappedFile.<init>(MappedFile.java:71)
	at org.apache.rocketmq.store.AllocateMappedFileService.mmapOperation(AllocateMappedFileService.java:182)
	at org.apache.rocketmq.store.AllocateMappedFileService.run(AllocateMappedFileService.java:143)
	at java.lang.Thread.run(Thread.java:745)
Caused by: java.lang.OutOfMemoryError: Map failed
	at sun.nio.ch.FileChannelImpl.map0(Native Method)
	at sun.nio.ch.FileChannelImpl.map(FileChannelImpl.java:885)
	... 5 common frames omitted
[2018-03-14 12:07:16.699]  WARN AllocateMappedFileService service has exception. 
java.io.IOException: Map failed
	at sun.nio.ch.FileChannelImpl.map(FileChannelImpl.java:888)
	at org.apache.rocketmq.store.MappedFile.init(MappedFile.java:160)
	at org.apache.rocketmq.store.MappedFile.<init>(MappedFile.java:71)
	at org.apache.rocketmq.store.AllocateMappedFileService.mmapOperation(AllocateMappedFileService.java:182)
	at org.apache.rocketmq.store.AllocateMappedFileService.run(AllocateMappedFileService.java:143)
	at java.lang.Thread.run(Thread.java:745)
Caused by: java.lang.OutOfMemoryError: Map failed
	at sun.nio.ch.FileChannelImpl.map0(Native Method)
	at sun.nio.ch.FileChannelImpl.map(FileChannelImpl.java:885)
	... 5 common frames omitted
[2018-03-14 12:07:16.915] ERROR map file C:\Users\Administrator\rocketmq-console-test\20180314120653\commitlog\00000000000000000000 Failed. 
java.io.IOException: Map failed
	at sun.nio.ch.FileChannelImpl.map(FileChannelImpl.java:888)
	at org.apache.rocketmq.store.MappedFile.init(MappedFile.java:160)
	at org.apache.rocketmq.store.MappedFile.<init>(MappedFile.java:71)
	at org.apache.rocketmq.store.AllocateMappedFileService.mmapOperation(AllocateMappedFileService.java:182)
	at org.apache.rocketmq.store.AllocateMappedFileService.run(AllocateMappedFileService.java:143)
	at java.lang.Thread.run(Thread.java:745)
Caused by: java.lang.OutOfMemoryError: Map failed
	at sun.nio.ch.FileChannelImpl.map0(Native Method)
	at sun.nio.ch.FileChannelImpl.map(FileChannelImpl.java:885)
	... 5 common frames omitted
[2018-03-14 12:07:16.915]  WARN AllocateMappedFileService service has exception. 
java.io.IOException: Map failed
	at sun.nio.ch.FileChannelImpl.map(FileChannelImpl.java:888)
	at org.apache.rocketmq.store.MappedFile.init(MappedFile.java:160)
	at org.apache.rocketmq.store.MappedFile.<init>(MappedFile.java:71)
	at org.apache.rocketmq.store.AllocateMappedFileService.mmapOperation(AllocateMappedFileService.java:182)
	at org.apache.rocketmq.store.AllocateMappedFileService.run(AllocateMappedFileService.java:143)
	at java.lang.Thread.run(Thread.java:745)
Caused by: java.lang.OutOfMemoryError: Map failed
	at sun.nio.ch.FileChannelImpl.map0(Native Method)
	at sun.nio.ch.FileChannelImpl.map(FileChannelImpl.java:885)
	... 5 common frames omitted
[2018-03-14 12:07:17.135] ERROR map file C:\Users\Administrator\rocketmq-console-test\20180314120653\commitlog\00000000000000000000 Failed. 
java.io.IOException: Map failed
	at sun.nio.ch.FileChannelImpl.map(FileChannelImpl.java:888)
	at org.apache.rocketmq.store.MappedFile.init(MappedFile.java:160)
	at org.apache.rocketmq.store.MappedFile.<init>(MappedFile.java:71)
	at org.apache.rocketmq.store.AllocateMappedFileService.mmapOperation(AllocateMappedFileService.java:182)
	at org.apache.rocketmq.store.AllocateMappedFileService.run(AllocateMappedFileService.java:143)
	at java.lang.Thread.run(Thread.java:745)
Caused by: java.lang.OutOfMemoryError: Map failed
	at sun.nio.ch.FileChannelImpl.map0(Native Method)
	at sun.nio.ch.FileChannelImpl.map(FileChannelImpl.java:885)
	... 5 common frames omitted
[2018-03-14 12:07:17.135]  WARN AllocateMappedFileService service has exception. 
java.io.IOException: Map failed
	at sun.nio.ch.FileChannelImpl.map(FileChannelImpl.java:888)
	at org.apache.rocketmq.store.MappedFile.init(MappedFile.java:160)
	at org.apache.rocketmq.store.MappedFile.<init>(MappedFile.java:71)
	at org.apache.rocketmq.store.AllocateMappedFileService.mmapOperation(AllocateMappedFileService.java:182)
	at org.apache.rocketmq.store.AllocateMappedFileService.run(AllocateMappedFileService.java:143)
	at java.lang.Thread.run(Thread.java:745)
Caused by: java.lang.OutOfMemoryError: Map failed
	at sun.nio.ch.FileChannelImpl.map0(Native Method)
	at sun.nio.ch.FileChannelImpl.map(FileChannelImpl.java:885)
	... 5 common frames omitted
[2018-03-14 12:07:17.363] ERROR map file C:\Users\Administrator\rocketmq-console-test\20180314120653\commitlog\00000000000000000000 Failed. 
java.io.IOException: Map failed
	at sun.nio.ch.FileChannelImpl.map(FileChannelImpl.java:888)
	at org.apache.rocketmq.store.MappedFile.init(MappedFile.java:160)
	at org.apache.rocketmq.store.MappedFile.<init>(MappedFile.java:71)
	at org.apache.rocketmq.store.AllocateMappedFileService.mmapOperation(AllocateMappedFileService.java:182)
	at org.apache.rocketmq.store.AllocateMappedFileService.run(AllocateMappedFileService.java:143)
	at java.lang.Thread.run(Thread.java:745)
Caused by: java.lang.OutOfMemoryError: Map failed
	at sun.nio.ch.FileChannelImpl.map0(Native Method)
	at sun.nio.ch.FileChannelImpl.map(FileChannelImpl.java:885)
	... 5 common frames omitted
[2018-03-14 12:07:17.363]  WARN AllocateMappedFileService service has exception. 
java.io.IOException: Map failed
	at sun.nio.ch.FileChannelImpl.map(FileChannelImpl.java:888)
	at org.apache.rocketmq.store.MappedFile.init(MappedFile.java:160)
	at org.apache.rocketmq.store.MappedFile.<init>(MappedFile.java:71)
	at org.apache.rocketmq.store.AllocateMappedFileService.mmapOperation(AllocateMappedFileService.java:182)
	at org.apache.rocketmq.store.AllocateMappedFileService.run(AllocateMappedFileService.java:143)
	at java.lang.Thread.run(Thread.java:745)
Caused by: java.lang.OutOfMemoryError: Map failed
	at sun.nio.ch.FileChannelImpl.map0(Native Method)
	at sun.nio.ch.FileChannelImpl.map(FileChannelImpl.java:885)
	... 5 common frames omitted
[2018-03-14 12:07:17.587] ERROR map file C:\Users\Administrator\rocketmq-console-test\20180314120653\commitlog\00000000000000000000 Failed. 
java.io.IOException: Map failed
	at sun.nio.ch.FileChannelImpl.map(FileChannelImpl.java:888)
	at org.apache.rocketmq.store.MappedFile.init(MappedFile.java:160)
	at org.apache.rocketmq.store.MappedFile.<init>(MappedFile.java:71)
	at org.apache.rocketmq.store.AllocateMappedFileService.mmapOperation(AllocateMappedFileService.java:182)
	at org.apache.rocketmq.store.AllocateMappedFileService.run(AllocateMappedFileService.java:143)
	at java.lang.Thread.run(Thread.java:745)
Caused by: java.lang.OutOfMemoryError: Map failed
	at sun.nio.ch.FileChannelImpl.map0(Native Method)
	at sun.nio.ch.FileChannelImpl.map(FileChannelImpl.java:885)
	... 5 common frames omitted
[2018-03-14 12:07:17.588]  WARN AllocateMappedFileService service has exception. 
java.io.IOException: Map failed
	at sun.nio.ch.FileChannelImpl.map(FileChannelImpl.java:888)
	at org.apache.rocketmq.store.MappedFile.init(MappedFile.java:160)
	at org.apache.rocketmq.store.MappedFile.<init>(MappedFile.java:71)
	at org.apache.rocketmq.store.AllocateMappedFileService.mmapOperation(AllocateMappedFileService.java:182)
	at org.apache.rocketmq.store.AllocateMappedFileService.run(AllocateMappedFileService.java:143)
	at java.lang.Thread.run(Thread.java:745)
Caused by: java.lang.OutOfMemoryError: Map failed
	at sun.nio.ch.FileChannelImpl.map0(Native Method)
	at sun.nio.ch.FileChannelImpl.map(FileChannelImpl.java:885)
	... 5 common frames omitted
[2018-03-14 12:07:17.707]  WARN AllocateMappedFileService service has exception. so return null
[2018-03-14 12:07:17.707] ERROR create maped file1 error, topic: TEST_CONSOLE_TOPIC clientAddr: 127.0.0.1
[2018-03-14 12:07:17.708]  WARN sendKernelImpl exception, resend at once, InvokeID: 3606514481623586074, RT: 4ms, Broker: MessageQueue [topic=TEST_CONSOLE_TOPIC, brokerName=ConsoleTestBroker, queueId=8]
org.apache.rocketmq.client.exception.MQBrokerException: CODE: 1  DESC: create mapped file failed, server is busy or broken.
For more information, please visit the url, http://rocketmq.apache.org/docs/faq/
	at org.apache.rocketmq.client.impl.MQClientAPIImpl.processSendResponse(MQClientAPIImpl.java:531)
	at org.apache.rocketmq.client.impl.MQClientAPIImpl.sendMessageSync(MQClientAPIImpl.java:345)
	at org.apache.rocketmq.client.impl.MQClientAPIImpl.sendMessage(MQClientAPIImpl.java:327)
	at org.apache.rocketmq.client.impl.MQClientAPIImpl.sendMessage(MQClientAPIImpl.java:290)
	at org.apache.rocketmq.client.impl.producer.DefaultMQProducerImpl.sendKernelImpl(DefaultMQProducerImpl.java:688)
	at org.apache.rocketmq.client.impl.producer.DefaultMQProducerImpl.sendDefaultImpl(DefaultMQProducerImpl.java:458)
	at org.apache.rocketmq.client.impl.producer.DefaultMQProducerImpl.send(DefaultMQProducerImpl.java:1049)
	at org.apache.rocketmq.client.impl.producer.DefaultMQProducerImpl.send(DefaultMQProducerImpl.java:1008)
	at org.apache.rocketmq.client.producer.DefaultMQProducer.send(DefaultMQProducer.java:204)
	at org.apache.rocketmq.console.testbase.RocketMQConsoleTestBase.sendTestTopicMessage(RocketMQConsoleTestBase.java:107)
	at org.apache.rocketmq.console.service.impl.TopicServiceImplTest.setUp(TopicServiceImplTest.java:57)
	at sun.reflect.NativeMethodAccessorImpl.invoke0(Native Method)
	at sun.reflect.NativeMethodAccessorImpl.invoke(NativeMethodAccessorImpl.java:57)
	at sun.reflect.DelegatingMethodAccessorImpl.invoke(DelegatingMethodAccessorImpl.java:43)
	at java.lang.reflect.Method.invoke(Method.java:606)
	at org.junit.runners.model.FrameworkMethod$1.runReflectiveCall(FrameworkMethod.java:50)
	at org.junit.internal.runners.model.ReflectiveCallable.run(ReflectiveCallable.java:12)
	at org.junit.runners.model.FrameworkMethod.invokeExplosively(FrameworkMethod.java:47)
	at org.junit.internal.runners.statements.RunBefores.evaluate(RunBefores.java:24)
	at org.springframework.test.context.junit4.statements.RunBeforeTestMethodCallbacks.evaluate(RunBeforeTestMethodCallbacks.java:75)
	at org.junit.internal.runners.statements.RunAfters.evaluate(RunAfters.java:27)
	at org.springframework.test.context.junit4.statements.RunAfterTestMethodCallbacks.evaluate(RunAfterTestMethodCallbacks.java:86)
	at org.springframework.test.context.junit4.statements.SpringRepeat.evaluate(SpringRepeat.java:84)
	at org.junit.runners.ParentRunner.runLeaf(ParentRunner.java:325)
	at org.springframework.test.context.junit4.SpringJUnit4ClassRunner.runChild(SpringJUnit4ClassRunner.java:252)
	at org.springframework.test.context.junit4.SpringJUnit4ClassRunner.runChild(SpringJUnit4ClassRunner.java:94)
	at org.junit.runners.ParentRunner$3.run(ParentRunner.java:290)
	at org.junit.runners.ParentRunner$1.schedule(ParentRunner.java:71)
	at org.junit.runners.ParentRunner.runChildren(ParentRunner.java:288)
	at org.junit.runners.ParentRunner.access$000(ParentRunner.java:58)
	at org.junit.runners.ParentRunner$2.evaluate(ParentRunner.java:268)
	at org.springframework.test.context.junit4.statements.RunBeforeTestClassCallbacks.evaluate(RunBeforeTestClassCallbacks.java:61)
	at org.springframework.test.context.junit4.statements.RunAfterTestClassCallbacks.evaluate(RunAfterTestClassCallbacks.java:70)
	at org.junit.runners.ParentRunner.run(ParentRunner.java:363)
	at org.springframework.test.context.junit4.SpringJUnit4ClassRunner.run(SpringJUnit4ClassRunner.java:191)
	at org.apache.maven.surefire.junit4.JUnit4Provider.execute(JUnit4Provider.java:367)
	at org.apache.maven.surefire.junit4.JUnit4Provider.executeWithRerun(JUnit4Provider.java:274)
	at org.apache.maven.surefire.junit4.JUnit4Provider.executeTestSet(JUnit4Provider.java:238)
	at org.apache.maven.surefire.junit4.JUnit4Provider.invoke(JUnit4Provider.java:161)
	at org.apache.maven.surefire.booter.ForkedBooter.invokeProviderInSameClassLoader(ForkedBooter.java:290)
	at org.apache.maven.surefire.booter.ForkedBooter.runSuitesInProcess(ForkedBooter.java:242)
	at org.apache.maven.surefire.booter.ForkedBooter.main(ForkedBooter.java:121)
[2018-03-14 12:07:17.708]  WARN Message [topic=TEST_CONSOLE_TOPIC, flag=0, properties={KEYS=TEST_TOPIC_KEY, WAIT=true, UNIQ_KEY=C0A859EB30A4011E1E6742F959C80014}, body=11]
[2018-03-14 12:07:17.709]  WARN AllocateMappedFileService service has exception. so return null
[2018-03-14 12:07:17.709] ERROR create maped file1 error, topic: TEST_CONSOLE_TOPIC clientAddr: 127.0.0.1
[2018-03-14 12:07:17.710]  WARN sendKernelImpl exception, resend at once, InvokeID: 3606514481623586074, RT: 2ms, Broker: MessageQueue [topic=TEST_CONSOLE_TOPIC, brokerName=ConsoleTestBroker, queueId=10]
org.apache.rocketmq.client.exception.MQBrokerException: CODE: 1  DESC: create mapped file failed, server is busy or broken.
For more information, please visit the url, http://rocketmq.apache.org/docs/faq/
	at org.apache.rocketmq.client.impl.MQClientAPIImpl.processSendResponse(MQClientAPIImpl.java:531)
	at org.apache.rocketmq.client.impl.MQClientAPIImpl.sendMessageSync(MQClientAPIImpl.java:345)
	at org.apache.rocketmq.client.impl.MQClientAPIImpl.sendMessage(MQClientAPIImpl.java:327)
	at org.apache.rocketmq.client.impl.MQClientAPIImpl.sendMessage(MQClientAPIImpl.java:290)
	at org.apache.rocketmq.client.impl.producer.DefaultMQProducerImpl.sendKernelImpl(DefaultMQProducerImpl.java:688)
	at org.apache.rocketmq.client.impl.producer.DefaultMQProducerImpl.sendDefaultImpl(DefaultMQProducerImpl.java:458)
	at org.apache.rocketmq.client.impl.producer.DefaultMQProducerImpl.send(DefaultMQProducerImpl.java:1049)
	at org.apache.rocketmq.client.impl.producer.DefaultMQProducerImpl.send(DefaultMQProducerImpl.java:1008)
	at org.apache.rocketmq.client.producer.DefaultMQProducer.send(DefaultMQProducer.java:204)
	at org.apache.rocketmq.console.testbase.RocketMQConsoleTestBase.sendTestTopicMessage(RocketMQConsoleTestBase.java:107)
	at org.apache.rocketmq.console.service.impl.TopicServiceImplTest.setUp(TopicServiceImplTest.java:57)
	at sun.reflect.NativeMethodAccessorImpl.invoke0(Native Method)
	at sun.reflect.NativeMethodAccessorImpl.invoke(NativeMethodAccessorImpl.java:57)
	at sun.reflect.DelegatingMethodAccessorImpl.invoke(DelegatingMethodAccessorImpl.java:43)
	at java.lang.reflect.Method.invoke(Method.java:606)
	at org.junit.runners.model.FrameworkMethod$1.runReflectiveCall(FrameworkMethod.java:50)
	at org.junit.internal.runners.model.ReflectiveCallable.run(ReflectiveCallable.java:12)
	at org.junit.runners.model.FrameworkMethod.invokeExplosively(FrameworkMethod.java:47)
	at org.junit.internal.runners.statements.RunBefores.evaluate(RunBefores.java:24)
	at org.springframework.test.context.junit4.statements.RunBeforeTestMethodCallbacks.evaluate(RunBeforeTestMethodCallbacks.java:75)
	at org.junit.internal.runners.statements.RunAfters.evaluate(RunAfters.java:27)
	at org.springframework.test.context.junit4.statements.RunAfterTestMethodCallbacks.evaluate(RunAfterTestMethodCallbacks.java:86)
	at org.springframework.test.context.junit4.statements.SpringRepeat.evaluate(SpringRepeat.java:84)
	at org.junit.runners.ParentRunner.runLeaf(ParentRunner.java:325)
	at org.springframework.test.context.junit4.SpringJUnit4ClassRunner.runChild(SpringJUnit4ClassRunner.java:252)
	at org.springframework.test.context.junit4.SpringJUnit4ClassRunner.runChild(SpringJUnit4ClassRunner.java:94)
	at org.junit.runners.ParentRunner$3.run(ParentRunner.java:290)
	at org.junit.runners.ParentRunner$1.schedule(ParentRunner.java:71)
	at org.junit.runners.ParentRunner.runChildren(ParentRunner.java:288)
	at org.junit.runners.ParentRunner.access$000(ParentRunner.java:58)
	at org.junit.runners.ParentRunner$2.evaluate(ParentRunner.java:268)
	at org.springframework.test.context.junit4.statements.RunBeforeTestClassCallbacks.evaluate(RunBeforeTestClassCallbacks.java:61)
	at org.springframework.test.context.junit4.statements.RunAfterTestClassCallbacks.evaluate(RunAfterTestClassCallbacks.java:70)
	at org.junit.runners.ParentRunner.run(ParentRunner.java:363)
	at org.springframework.test.context.junit4.SpringJUnit4ClassRunner.run(SpringJUnit4ClassRunner.java:191)
	at org.apache.maven.surefire.junit4.JUnit4Provider.execute(JUnit4Provider.java:367)
	at org.apache.maven.surefire.junit4.JUnit4Provider.executeWithRerun(JUnit4Provider.java:274)
	at org.apache.maven.surefire.junit4.JUnit4Provider.executeTestSet(JUnit4Provider.java:238)
	at org.apache.maven.surefire.junit4.JUnit4Provider.invoke(JUnit4Provider.java:161)
	at org.apache.maven.surefire.booter.ForkedBooter.invokeProviderInSameClassLoader(ForkedBooter.java:290)
	at org.apache.maven.surefire.booter.ForkedBooter.runSuitesInProcess(ForkedBooter.java:242)
	at org.apache.maven.surefire.booter.ForkedBooter.main(ForkedBooter.java:121)
[2018-03-14 12:07:17.710]  WARN Message [topic=TEST_CONSOLE_TOPIC, flag=0, properties={KEYS=TEST_TOPIC_KEY, WAIT=true, UNIQ_KEY=C0A859EB30A4011E1E6742F959C80014}, body=11]
[2018-03-14 12:07:17.711]  WARN AllocateMappedFileService service has exception. so return null
[2018-03-14 12:07:17.711] ERROR create maped file1 error, topic: TEST_CONSOLE_TOPIC clientAddr: 127.0.0.1
[2018-03-14 12:07:17.712]  WARN sendKernelImpl exception, resend at once, InvokeID: 3606514481623586074, RT: 1ms, Broker: MessageQueue [topic=TEST_CONSOLE_TOPIC, brokerName=ConsoleTestBroker, queueId=12]
org.apache.rocketmq.client.exception.MQBrokerException: CODE: 1  DESC: create mapped file failed, server is busy or broken.
For more information, please visit the url, http://rocketmq.apache.org/docs/faq/
	at org.apache.rocketmq.client.impl.MQClientAPIImpl.processSendResponse(MQClientAPIImpl.java:531)
	at org.apache.rocketmq.client.impl.MQClientAPIImpl.sendMessageSync(MQClientAPIImpl.java:345)
	at org.apache.rocketmq.client.impl.MQClientAPIImpl.sendMessage(MQClientAPIImpl.java:327)
	at org.apache.rocketmq.client.impl.MQClientAPIImpl.sendMessage(MQClientAPIImpl.java:290)
	at org.apache.rocketmq.client.impl.producer.DefaultMQProducerImpl.sendKernelImpl(DefaultMQProducerImpl.java:688)
	at org.apache.rocketmq.client.impl.producer.DefaultMQProducerImpl.sendDefaultImpl(DefaultMQProducerImpl.java:458)
	at org.apache.rocketmq.client.impl.producer.DefaultMQProducerImpl.send(DefaultMQProducerImpl.java:1049)
	at org.apache.rocketmq.client.impl.producer.DefaultMQProducerImpl.send(DefaultMQProducerImpl.java:1008)
	at org.apache.rocketmq.client.producer.DefaultMQProducer.send(DefaultMQProducer.java:204)
	at org.apache.rocketmq.console.testbase.RocketMQConsoleTestBase.sendTestTopicMessage(RocketMQConsoleTestBase.java:107)
	at org.apache.rocketmq.console.service.impl.TopicServiceImplTest.setUp(TopicServiceImplTest.java:57)
	at sun.reflect.NativeMethodAccessorImpl.invoke0(Native Method)
	at sun.reflect.NativeMethodAccessorImpl.invoke(NativeMethodAccessorImpl.java:57)
	at sun.reflect.DelegatingMethodAccessorImpl.invoke(DelegatingMethodAccessorImpl.java:43)
	at java.lang.reflect.Method.invoke(Method.java:606)
	at org.junit.runners.model.FrameworkMethod$1.runReflectiveCall(FrameworkMethod.java:50)
	at org.junit.internal.runners.model.ReflectiveCallable.run(ReflectiveCallable.java:12)
	at org.junit.runners.model.FrameworkMethod.invokeExplosively(FrameworkMethod.java:47)
	at org.junit.internal.runners.statements.RunBefores.evaluate(RunBefores.java:24)
	at org.springframework.test.context.junit4.statements.RunBeforeTestMethodCallbacks.evaluate(RunBeforeTestMethodCallbacks.java:75)
	at org.junit.internal.runners.statements.RunAfters.evaluate(RunAfters.java:27)
	at org.springframework.test.context.junit4.statements.RunAfterTestMethodCallbacks.evaluate(RunAfterTestMethodCallbacks.java:86)
	at org.springframework.test.context.junit4.statements.SpringRepeat.evaluate(SpringRepeat.java:84)
	at org.junit.runners.ParentRunner.runLeaf(ParentRunner.java:325)
	at org.springframework.test.context.junit4.SpringJUnit4ClassRunner.runChild(SpringJUnit4ClassRunner.java:252)
	at org.springframework.test.context.junit4.SpringJUnit4ClassRunner.runChild(SpringJUnit4ClassRunner.java:94)
	at org.junit.runners.ParentRunner$3.run(ParentRunner.java:290)
	at org.junit.runners.ParentRunner$1.schedule(ParentRunner.java:71)
	at org.junit.runners.ParentRunner.runChildren(ParentRunner.java:288)
	at org.junit.runners.ParentRunner.access$000(ParentRunner.java:58)
	at org.junit.runners.ParentRunner$2.evaluate(ParentRunner.java:268)
	at org.springframework.test.context.junit4.statements.RunBeforeTestClassCallbacks.evaluate(RunBeforeTestClassCallbacks.java:61)
	at org.springframework.test.context.junit4.statements.RunAfterTestClassCallbacks.evaluate(RunAfterTestClassCallbacks.java:70)
	at org.junit.runners.ParentRunner.run(ParentRunner.java:363)
	at org.springframework.test.context.junit4.SpringJUnit4ClassRunner.run(SpringJUnit4ClassRunner.java:191)
	at org.apache.maven.surefire.junit4.JUnit4Provider.execute(JUnit4Provider.java:367)
	at org.apache.maven.surefire.junit4.JUnit4Provider.executeWithRerun(JUnit4Provider.java:274)
	at org.apache.maven.surefire.junit4.JUnit4Provider.executeTestSet(JUnit4Provider.java:238)
	at org.apache.maven.surefire.junit4.JUnit4Provider.invoke(JUnit4Provider.java:161)
	at org.apache.maven.surefire.booter.ForkedBooter.invokeProviderInSameClassLoader(ForkedBooter.java:290)
	at org.apache.maven.surefire.booter.ForkedBooter.runSuitesInProcess(ForkedBooter.java:242)
	at org.apache.maven.surefire.booter.ForkedBooter.main(ForkedBooter.java:121)
[2018-03-14 12:07:17.712]  WARN Message [topic=TEST_CONSOLE_TOPIC, flag=0, properties={KEYS=TEST_TOPIC_KEY, WAIT=true, UNIQ_KEY=C0A859EB30A4011E1E6742F959C80014}, body=11]
[2018-03-14 12:07:17.799] ERROR map file C:\Users\Administrator\rocketmq-console-test\20180314120653\commitlog\00000000000000000000 Failed. 
java.io.IOException: Map failed
	at sun.nio.ch.FileChannelImpl.map(FileChannelImpl.java:888)
	at org.apache.rocketmq.store.MappedFile.init(MappedFile.java:160)
	at org.apache.rocketmq.store.MappedFile.<init>(MappedFile.java:71)
	at org.apache.rocketmq.store.AllocateMappedFileService.mmapOperation(AllocateMappedFileService.java:182)
	at org.apache.rocketmq.store.AllocateMappedFileService.run(AllocateMappedFileService.java:143)
	at java.lang.Thread.run(Thread.java:745)
Caused by: java.lang.OutOfMemoryError: Map failed
	at sun.nio.ch.FileChannelImpl.map0(Native Method)
	at sun.nio.ch.FileChannelImpl.map(FileChannelImpl.java:885)
	... 5 common frames omitted
[2018-03-14 12:07:17.799]  WARN AllocateMappedFileService service has exception. 
java.io.IOException: Map failed
	at sun.nio.ch.FileChannelImpl.map(FileChannelImpl.java:888)
	at org.apache.rocketmq.store.MappedFile.init(MappedFile.java:160)
	at org.apache.rocketmq.store.MappedFile.<init>(MappedFile.java:71)
	at org.apache.rocketmq.store.AllocateMappedFileService.mmapOperation(AllocateMappedFileService.java:182)
	at org.apache.rocketmq.store.AllocateMappedFileService.run(AllocateMappedFileService.java:143)
	at java.lang.Thread.run(Thread.java:745)
Caused by: java.lang.OutOfMemoryError: Map failed
	at sun.nio.ch.FileChannelImpl.map0(Native Method)
	at sun.nio.ch.FileChannelImpl.map(FileChannelImpl.java:885)
	... 5 common frames omitted
[2018-03-14 12:07:18.025] ERROR map file C:\Users\Administrator\rocketmq-console-test\20180314120653\commitlog\00000000000000000000 Failed. 
java.io.IOException: Map failed
	at sun.nio.ch.FileChannelImpl.map(FileChannelImpl.java:888)
	at org.apache.rocketmq.store.MappedFile.init(MappedFile.java:160)
	at org.apache.rocketmq.store.MappedFile.<init>(MappedFile.java:71)
	at org.apache.rocketmq.store.AllocateMappedFileService.mmapOperation(AllocateMappedFileService.java:182)
	at org.apache.rocketmq.store.AllocateMappedFileService.run(AllocateMappedFileService.java:143)
	at java.lang.Thread.run(Thread.java:745)
Caused by: java.lang.OutOfMemoryError: Map failed
	at sun.nio.ch.FileChannelImpl.map0(Native Method)
	at sun.nio.ch.FileChannelImpl.map(FileChannelImpl.java:885)
	... 5 common frames omitted
[2018-03-14 12:07:18.026]  WARN AllocateMappedFileService service has exception. 
java.io.IOException: Map failed
	at sun.nio.ch.FileChannelImpl.map(FileChannelImpl.java:888)
	at org.apache.rocketmq.store.MappedFile.init(MappedFile.java:160)
	at org.apache.rocketmq.store.MappedFile.<init>(MappedFile.java:71)
	at org.apache.rocketmq.store.AllocateMappedFileService.mmapOperation(AllocateMappedFileService.java:182)
	at org.apache.rocketmq.store.AllocateMappedFileService.run(AllocateMappedFileService.java:143)
	at java.lang.Thread.run(Thread.java:745)
Caused by: java.lang.OutOfMemoryError: Map failed
	at sun.nio.ch.FileChannelImpl.map0(Native Method)
	at sun.nio.ch.FileChannelImpl.map(FileChannelImpl.java:885)
	... 5 common frames omitted
[2018-03-14 12:07:18.214]  WARN AllocateMappedFileService service has exception. so return null
[2018-03-14 12:07:18.214] ERROR create maped file1 error, topic: TEST_CONSOLE_TOPIC clientAddr: 127.0.0.1
[2018-03-14 12:07:18.215]  WARN sendKernelImpl exception, resend at once, InvokeID: -4872607205078262407, RT: 3ms, Broker: MessageQueue [topic=TEST_CONSOLE_TOPIC, brokerName=ConsoleTestBroker, queueId=13]
org.apache.rocketmq.client.exception.MQBrokerException: CODE: 1  DESC: create mapped file failed, server is busy or broken.
For more information, please visit the url, http://rocketmq.apache.org/docs/faq/
	at org.apache.rocketmq.client.impl.MQClientAPIImpl.processSendResponse(MQClientAPIImpl.java:531)
	at org.apache.rocketmq.client.impl.MQClientAPIImpl.sendMessageSync(MQClientAPIImpl.java:345)
	at org.apache.rocketmq.client.impl.MQClientAPIImpl.sendMessage(MQClientAPIImpl.java:327)
	at org.apache.rocketmq.client.impl.MQClientAPIImpl.sendMessage(MQClientAPIImpl.java:290)
	at org.apache.rocketmq.client.impl.producer.DefaultMQProducerImpl.sendKernelImpl(DefaultMQProducerImpl.java:688)
	at org.apache.rocketmq.client.impl.producer.DefaultMQProducerImpl.sendDefaultImpl(DefaultMQProducerImpl.java:458)
	at org.apache.rocketmq.client.impl.producer.DefaultMQProducerImpl.send(DefaultMQProducerImpl.java:1049)
	at org.apache.rocketmq.client.impl.producer.DefaultMQProducerImpl.send(DefaultMQProducerImpl.java:1008)
	at org.apache.rocketmq.client.producer.DefaultMQProducer.send(DefaultMQProducer.java:204)
	at org.apache.rocketmq.console.testbase.RocketMQConsoleTestBase.sendTestTopicMessage(RocketMQConsoleTestBase.java:107)
	at org.apache.rocketmq.console.service.impl.TopicServiceImplTest.setUp(TopicServiceImplTest.java:57)
	at sun.reflect.NativeMethodAccessorImpl.invoke0(Native Method)
	at sun.reflect.NativeMethodAccessorImpl.invoke(NativeMethodAccessorImpl.java:57)
	at sun.reflect.DelegatingMethodAccessorImpl.invoke(DelegatingMethodAccessorImpl.java:43)
	at java.lang.reflect.Method.invoke(Method.java:606)
	at org.junit.runners.model.FrameworkMethod$1.runReflectiveCall(FrameworkMethod.java:50)
	at org.junit.internal.runners.model.ReflectiveCallable.run(ReflectiveCallable.java:12)
	at org.junit.runners.model.FrameworkMethod.invokeExplosively(FrameworkMethod.java:47)
	at org.junit.internal.runners.statements.RunBefores.evaluate(RunBefores.java:24)
	at org.springframework.test.context.junit4.statements.RunBeforeTestMethodCallbacks.evaluate(RunBeforeTestMethodCallbacks.java:75)
	at org.junit.internal.runners.statements.RunAfters.evaluate(RunAfters.java:27)
	at org.springframework.test.context.junit4.statements.RunAfterTestMethodCallbacks.evaluate(RunAfterTestMethodCallbacks.java:86)
	at org.springframework.test.context.junit4.statements.SpringRepeat.evaluate(SpringRepeat.java:84)
	at org.junit.runners.ParentRunner.runLeaf(ParentRunner.java:325)
	at org.springframework.test.context.junit4.SpringJUnit4ClassRunner.runChild(SpringJUnit4ClassRunner.java:252)
	at org.springframework.test.context.junit4.SpringJUnit4ClassRunner.runChild(SpringJUnit4ClassRunner.java:94)
	at org.junit.runners.ParentRunner$3.run(ParentRunner.java:290)
	at org.junit.runners.ParentRunner$1.schedule(ParentRunner.java:71)
	at org.junit.runners.ParentRunner.runChildren(ParentRunner.java:288)
	at org.junit.runners.ParentRunner.access$000(ParentRunner.java:58)
	at org.junit.runners.ParentRunner$2.evaluate(ParentRunner.java:268)
	at org.springframework.test.context.junit4.statements.RunBeforeTestClassCallbacks.evaluate(RunBeforeTestClassCallbacks.java:61)
	at org.springframework.test.context.junit4.statements.RunAfterTestClassCallbacks.evaluate(RunAfterTestClassCallbacks.java:70)
	at org.junit.runners.ParentRunner.run(ParentRunner.java:363)
	at org.springframework.test.context.junit4.SpringJUnit4ClassRunner.run(SpringJUnit4ClassRunner.java:191)
	at org.apache.maven.surefire.junit4.JUnit4Provider.execute(JUnit4Provider.java:367)
	at org.apache.maven.surefire.junit4.JUnit4Provider.executeWithRerun(JUnit4Provider.java:274)
	at org.apache.maven.surefire.junit4.JUnit4Provider.executeTestSet(JUnit4Provider.java:238)
	at org.apache.maven.surefire.junit4.JUnit4Provider.invoke(JUnit4Provider.java:161)
	at org.apache.maven.surefire.booter.ForkedBooter.invokeProviderInSameClassLoader(ForkedBooter.java:290)
	at org.apache.maven.surefire.booter.ForkedBooter.runSuitesInProcess(ForkedBooter.java:242)
	at org.apache.maven.surefire.booter.ForkedBooter.main(ForkedBooter.java:121)
[2018-03-14 12:07:18.215]  WARN Message [topic=TEST_CONSOLE_TOPIC, flag=0, properties={KEYS=TEST_TOPIC_KEY, WAIT=true, UNIQ_KEY=C0A859EB30A4011E1E6742F959C80014}, body=11]
[2018-03-14 12:07:18.217]  WARN AllocateMappedFileService service has exception. so return null
[2018-03-14 12:07:18.217] ERROR create maped file1 error, topic: TEST_CONSOLE_TOPIC clientAddr: 127.0.0.1
[2018-03-14 12:07:18.218]  WARN sendKernelImpl exception, resend at once, InvokeID: -4872607205078262407, RT: 2ms, Broker: MessageQueue [topic=TEST_CONSOLE_TOPIC, brokerName=ConsoleTestBroker, queueId=15]
org.apache.rocketmq.client.exception.MQBrokerException: CODE: 1  DESC: create mapped file failed, server is busy or broken.
For more information, please visit the url, http://rocketmq.apache.org/docs/faq/
	at org.apache.rocketmq.client.impl.MQClientAPIImpl.processSendResponse(MQClientAPIImpl.java:531)
	at org.apache.rocketmq.client.impl.MQClientAPIImpl.sendMessageSync(MQClientAPIImpl.java:345)
	at org.apache.rocketmq.client.impl.MQClientAPIImpl.sendMessage(MQClientAPIImpl.java:327)
	at org.apache.rocketmq.client.impl.MQClientAPIImpl.sendMessage(MQClientAPIImpl.java:290)
	at org.apache.rocketmq.client.impl.producer.DefaultMQProducerImpl.sendKernelImpl(DefaultMQProducerImpl.java:688)
	at org.apache.rocketmq.client.impl.producer.DefaultMQProducerImpl.sendDefaultImpl(DefaultMQProducerImpl.java:458)
	at org.apache.rocketmq.client.impl.producer.DefaultMQProducerImpl.send(DefaultMQProducerImpl.java:1049)
	at org.apache.rocketmq.client.impl.producer.DefaultMQProducerImpl.send(DefaultMQProducerImpl.java:1008)
	at org.apache.rocketmq.client.producer.DefaultMQProducer.send(DefaultMQProducer.java:204)
	at org.apache.rocketmq.console.testbase.RocketMQConsoleTestBase.sendTestTopicMessage(RocketMQConsoleTestBase.java:107)
	at org.apache.rocketmq.console.service.impl.TopicServiceImplTest.setUp(TopicServiceImplTest.java:57)
	at sun.reflect.NativeMethodAccessorImpl.invoke0(Native Method)
	at sun.reflect.NativeMethodAccessorImpl.invoke(NativeMethodAccessorImpl.java:57)
	at sun.reflect.DelegatingMethodAccessorImpl.invoke(DelegatingMethodAccessorImpl.java:43)
	at java.lang.reflect.Method.invoke(Method.java:606)
	at org.junit.runners.model.FrameworkMethod$1.runReflectiveCall(FrameworkMethod.java:50)
	at org.junit.internal.runners.model.ReflectiveCallable.run(ReflectiveCallable.java:12)
	at org.junit.runners.model.FrameworkMethod.invokeExplosively(FrameworkMethod.java:47)
	at org.junit.internal.runners.statements.RunBefores.evaluate(RunBefores.java:24)
	at org.springframework.test.context.junit4.statements.RunBeforeTestMethodCallbacks.evaluate(RunBeforeTestMethodCallbacks.java:75)
	at org.junit.internal.runners.statements.RunAfters.evaluate(RunAfters.java:27)
	at org.springframework.test.context.junit4.statements.RunAfterTestMethodCallbacks.evaluate(RunAfterTestMethodCallbacks.java:86)
	at org.springframework.test.context.junit4.statements.SpringRepeat.evaluate(SpringRepeat.java:84)
	at org.junit.runners.ParentRunner.runLeaf(ParentRunner.java:325)
	at org.springframework.test.context.junit4.SpringJUnit4ClassRunner.runChild(SpringJUnit4ClassRunner.java:252)
	at org.springframework.test.context.junit4.SpringJUnit4ClassRunner.runChild(SpringJUnit4ClassRunner.java:94)
	at org.junit.runners.ParentRunner$3.run(ParentRunner.java:290)
	at org.junit.runners.ParentRunner$1.schedule(ParentRunner.java:71)
	at org.junit.runners.ParentRunner.runChildren(ParentRunner.java:288)
	at org.junit.runners.ParentRunner.access$000(ParentRunner.java:58)
	at org.junit.runners.ParentRunner$2.evaluate(ParentRunner.java:268)
	at org.springframework.test.context.junit4.statements.RunBeforeTestClassCallbacks.evaluate(RunBeforeTestClassCallbacks.java:61)
	at org.springframework.test.context.junit4.statements.RunAfterTestClassCallbacks.evaluate(RunAfterTestClassCallbacks.java:70)
	at org.junit.runners.ParentRunner.run(ParentRunner.java:363)
	at org.springframework.test.context.junit4.SpringJUnit4ClassRunner.run(SpringJUnit4ClassRunner.java:191)
	at org.apache.maven.surefire.junit4.JUnit4Provider.execute(JUnit4Provider.java:367)
	at org.apache.maven.surefire.junit4.JUnit4Provider.executeWithRerun(JUnit4Provider.java:274)
	at org.apache.maven.surefire.junit4.JUnit4Provider.executeTestSet(JUnit4Provider.java:238)
	at org.apache.maven.surefire.junit4.JUnit4Provider.invoke(JUnit4Provider.java:161)
	at org.apache.maven.surefire.booter.ForkedBooter.invokeProviderInSameClassLoader(ForkedBooter.java:290)
	at org.apache.maven.surefire.booter.ForkedBooter.runSuitesInProcess(ForkedBooter.java:242)
	at org.apache.maven.surefire.booter.ForkedBooter.main(ForkedBooter.java:121)
[2018-03-14 12:07:18.219]  WARN Message [topic=TEST_CONSOLE_TOPIC, flag=0, properties={KEYS=TEST_TOPIC_KEY, WAIT=true, UNIQ_KEY=C0A859EB30A4011E1E6742F959C80014}, body=11]
[2018-03-14 12:07:18.221]  WARN AllocateMappedFileService service has exception. so return null
[2018-03-14 12:07:18.221] ERROR create maped file1 error, topic: TEST_CONSOLE_TOPIC clientAddr: 127.0.0.1
[2018-03-14 12:07:18.222]  WARN sendKernelImpl exception, resend at once, InvokeID: -4872607205078262407, RT: 3ms, Broker: MessageQueue [topic=TEST_CONSOLE_TOPIC, brokerName=ConsoleTestBroker, queueId=1]
org.apache.rocketmq.client.exception.MQBrokerException: CODE: 1  DESC: create mapped file failed, server is busy or broken.
For more information, please visit the url, http://rocketmq.apache.org/docs/faq/
	at org.apache.rocketmq.client.impl.MQClientAPIImpl.processSendResponse(MQClientAPIImpl.java:531)
	at org.apache.rocketmq.client.impl.MQClientAPIImpl.sendMessageSync(MQClientAPIImpl.java:345)
	at org.apache.rocketmq.client.impl.MQClientAPIImpl.sendMessage(MQClientAPIImpl.java:327)
	at org.apache.rocketmq.client.impl.MQClientAPIImpl.sendMessage(MQClientAPIImpl.java:290)
	at org.apache.rocketmq.client.impl.producer.DefaultMQProducerImpl.sendKernelImpl(DefaultMQProducerImpl.java:688)
	at org.apache.rocketmq.client.impl.producer.DefaultMQProducerImpl.sendDefaultImpl(DefaultMQProducerImpl.java:458)
	at org.apache.rocketmq.client.impl.producer.DefaultMQProducerImpl.send(DefaultMQProducerImpl.java:1049)
	at org.apache.rocketmq.client.impl.producer.DefaultMQProducerImpl.send(DefaultMQProducerImpl.java:1008)
	at org.apache.rocketmq.client.producer.DefaultMQProducer.send(DefaultMQProducer.java:204)
	at org.apache.rocketmq.console.testbase.RocketMQConsoleTestBase.sendTestTopicMessage(RocketMQConsoleTestBase.java:107)
	at org.apache.rocketmq.console.service.impl.TopicServiceImplTest.setUp(TopicServiceImplTest.java:57)
	at sun.reflect.NativeMethodAccessorImpl.invoke0(Native Method)
	at sun.reflect.NativeMethodAccessorImpl.invoke(NativeMethodAccessorImpl.java:57)
	at sun.reflect.DelegatingMethodAccessorImpl.invoke(DelegatingMethodAccessorImpl.java:43)
	at java.lang.reflect.Method.invoke(Method.java:606)
	at org.junit.runners.model.FrameworkMethod$1.runReflectiveCall(FrameworkMethod.java:50)
	at org.junit.internal.runners.model.ReflectiveCallable.run(ReflectiveCallable.java:12)
	at org.junit.runners.model.FrameworkMethod.invokeExplosively(FrameworkMethod.java:47)
	at org.junit.internal.runners.statements.RunBefores.evaluate(RunBefores.java:24)
	at org.springframework.test.context.junit4.statements.RunBeforeTestMethodCallbacks.evaluate(RunBeforeTestMethodCallbacks.java:75)
	at org.junit.internal.runners.statements.RunAfters.evaluate(RunAfters.java:27)
	at org.springframework.test.context.junit4.statements.RunAfterTestMethodCallbacks.evaluate(RunAfterTestMethodCallbacks.java:86)
	at org.springframework.test.context.junit4.statements.SpringRepeat.evaluate(SpringRepeat.java:84)
	at org.junit.runners.ParentRunner.runLeaf(ParentRunner.java:325)
	at org.springframework.test.context.junit4.SpringJUnit4ClassRunner.runChild(SpringJUnit4ClassRunner.java:252)
	at org.springframework.test.context.junit4.SpringJUnit4ClassRunner.runChild(SpringJUnit4ClassRunner.java:94)
	at org.junit.runners.ParentRunner$3.run(ParentRunner.java:290)
	at org.junit.runners.ParentRunner$1.schedule(ParentRunner.java:71)
	at org.junit.runners.ParentRunner.runChildren(ParentRunner.java:288)
	at org.junit.runners.ParentRunner.access$000(ParentRunner.java:58)
	at org.junit.runners.ParentRunner$2.evaluate(ParentRunner.java:268)
	at org.springframework.test.context.junit4.statements.RunBeforeTestClassCallbacks.evaluate(RunBeforeTestClassCallbacks.java:61)
	at org.springframework.test.context.junit4.statements.RunAfterTestClassCallbacks.evaluate(RunAfterTestClassCallbacks.java:70)
	at org.junit.runners.ParentRunner.run(ParentRunner.java:363)
	at org.springframework.test.context.junit4.SpringJUnit4ClassRunner.run(SpringJUnit4ClassRunner.java:191)
	at org.apache.maven.surefire.junit4.JUnit4Provider.execute(JUnit4Provider.java:367)
	at org.apache.maven.surefire.junit4.JUnit4Provider.executeWithRerun(JUnit4Provider.java:274)
	at org.apache.maven.surefire.junit4.JUnit4Provider.executeTestSet(JUnit4Provider.java:238)
	at org.apache.maven.surefire.junit4.JUnit4Provider.invoke(JUnit4Provider.java:161)
	at org.apache.maven.surefire.booter.ForkedBooter.invokeProviderInSameClassLoader(ForkedBooter.java:290)
	at org.apache.maven.surefire.booter.ForkedBooter.runSuitesInProcess(ForkedBooter.java:242)
	at org.apache.maven.surefire.booter.ForkedBooter.main(ForkedBooter.java:121)
[2018-03-14 12:07:18.222]  WARN Message [topic=TEST_CONSOLE_TOPIC, flag=0, properties={KEYS=TEST_TOPIC_KEY, WAIT=true, UNIQ_KEY=C0A859EB30A4011E1E6742F959C80014}, body=11]
[2018-03-14 12:07:18.255] ERROR map file C:\Users\Administrator\rocketmq-console-test\20180314120653\commitlog\00000000000000000000 Failed. 
java.io.IOException: Map failed
	at sun.nio.ch.FileChannelImpl.map(FileChannelImpl.java:888)
	at org.apache.rocketmq.store.MappedFile.init(MappedFile.java:160)
	at org.apache.rocketmq.store.MappedFile.<init>(MappedFile.java:71)
	at org.apache.rocketmq.store.AllocateMappedFileService.mmapOperation(AllocateMappedFileService.java:182)
	at org.apache.rocketmq.store.AllocateMappedFileService.run(AllocateMappedFileService.java:143)
	at java.lang.Thread.run(Thread.java:745)
Caused by: java.lang.OutOfMemoryError: Map failed
	at sun.nio.ch.FileChannelImpl.map0(Native Method)
	at sun.nio.ch.FileChannelImpl.map(FileChannelImpl.java:885)
	... 5 common frames omitted
[2018-03-14 12:07:18.255]  WARN AllocateMappedFileService service has exception. 
java.io.IOException: Map failed
	at sun.nio.ch.FileChannelImpl.map(FileChannelImpl.java:888)
	at org.apache.rocketmq.store.MappedFile.init(MappedFile.java:160)
	at org.apache.rocketmq.store.MappedFile.<init>(MappedFile.java:71)
	at org.apache.rocketmq.store.AllocateMappedFileService.mmapOperation(AllocateMappedFileService.java:182)
	at org.apache.rocketmq.store.AllocateMappedFileService.run(AllocateMappedFileService.java:143)
	at java.lang.Thread.run(Thread.java:745)
Caused by: java.lang.OutOfMemoryError: Map failed
	at sun.nio.ch.FileChannelImpl.map0(Native Method)
	at sun.nio.ch.FileChannelImpl.map(FileChannelImpl.java:885)
	... 5 common frames omitted
[2018-03-14 12:07:18.477] ERROR map file C:\Users\Administrator\rocketmq-console-test\20180314120653\commitlog\00000000000000000000 Failed. 
java.io.IOException: Map failed
	at sun.nio.ch.FileChannelImpl.map(FileChannelImpl.java:888)
	at org.apache.rocketmq.store.MappedFile.init(MappedFile.java:160)
	at org.apache.rocketmq.store.MappedFile.<init>(MappedFile.java:71)
	at org.apache.rocketmq.store.AllocateMappedFileService.mmapOperation(AllocateMappedFileService.java:182)
	at org.apache.rocketmq.store.AllocateMappedFileService.run(AllocateMappedFileService.java:143)
	at java.lang.Thread.run(Thread.java:745)
Caused by: java.lang.OutOfMemoryError: Map failed
	at sun.nio.ch.FileChannelImpl.map0(Native Method)
	at sun.nio.ch.FileChannelImpl.map(FileChannelImpl.java:885)
	... 5 common frames omitted
[2018-03-14 12:07:18.477]  WARN AllocateMappedFileService service has exception. 
java.io.IOException: Map failed
	at sun.nio.ch.FileChannelImpl.map(FileChannelImpl.java:888)
	at org.apache.rocketmq.store.MappedFile.init(MappedFile.java:160)
	at org.apache.rocketmq.store.MappedFile.<init>(MappedFile.java:71)
	at org.apache.rocketmq.store.AllocateMappedFileService.mmapOperation(AllocateMappedFileService.java:182)
	at org.apache.rocketmq.store.AllocateMappedFileService.run(AllocateMappedFileService.java:143)
	at java.lang.Thread.run(Thread.java:745)
Caused by: java.lang.OutOfMemoryError: Map failed
	at sun.nio.ch.FileChannelImpl.map0(Native Method)
	at sun.nio.ch.FileChannelImpl.map(FileChannelImpl.java:885)
	... 5 common frames omitted
[2018-03-14 12:07:18.706] ERROR map file C:\Users\Administrator\rocketmq-console-test\20180314120653\commitlog\00000000000000000000 Failed. 
java.io.IOException: Map failed
	at sun.nio.ch.FileChannelImpl.map(FileChannelImpl.java:888)
	at org.apache.rocketmq.store.MappedFile.init(MappedFile.java:160)
	at org.apache.rocketmq.store.MappedFile.<init>(MappedFile.java:71)
	at org.apache.rocketmq.store.AllocateMappedFileService.mmapOperation(AllocateMappedFileService.java:182)
	at org.apache.rocketmq.store.AllocateMappedFileService.run(AllocateMappedFileService.java:143)
	at java.lang.Thread.run(Thread.java:745)
Caused by: java.lang.OutOfMemoryError: Map failed
	at sun.nio.ch.FileChannelImpl.map0(Native Method)
	at sun.nio.ch.FileChannelImpl.map(FileChannelImpl.java:885)
	... 5 common frames omitted
[2018-03-14 12:07:18.706]  WARN AllocateMappedFileService service has exception. 
java.io.IOException: Map failed
	at sun.nio.ch.FileChannelImpl.map(FileChannelImpl.java:888)
	at org.apache.rocketmq.store.MappedFile.init(MappedFile.java:160)
	at org.apache.rocketmq.store.MappedFile.<init>(MappedFile.java:71)
	at org.apache.rocketmq.store.AllocateMappedFileService.mmapOperation(AllocateMappedFileService.java:182)
	at org.apache.rocketmq.store.AllocateMappedFileService.run(AllocateMappedFileService.java:143)
	at java.lang.Thread.run(Thread.java:745)
Caused by: java.lang.OutOfMemoryError: Map failed
	at sun.nio.ch.FileChannelImpl.map0(Native Method)
	at sun.nio.ch.FileChannelImpl.map(FileChannelImpl.java:885)
	... 5 common frames omitted
[2018-03-14 12:07:18.820]  WARN AllocateMappedFileService service has exception. so return null
[2018-03-14 12:07:18.820] ERROR create maped file1 error, topic: TEST_CONSOLE_TOPIC clientAddr: 127.0.0.1
[2018-03-14 12:07:18.821]  WARN sendKernelImpl exception, resend at once, InvokeID: -7565312169179930204, RT: 2ms, Broker: MessageQueue [topic=TEST_CONSOLE_TOPIC, brokerName=ConsoleTestBroker, queueId=2]
org.apache.rocketmq.client.exception.MQBrokerException: CODE: 1  DESC: create mapped file failed, server is busy or broken.
For more information, please visit the url, http://rocketmq.apache.org/docs/faq/
	at org.apache.rocketmq.client.impl.MQClientAPIImpl.processSendResponse(MQClientAPIImpl.java:531)
	at org.apache.rocketmq.client.impl.MQClientAPIImpl.sendMessageSync(MQClientAPIImpl.java:345)
	at org.apache.rocketmq.client.impl.MQClientAPIImpl.sendMessage(MQClientAPIImpl.java:327)
	at org.apache.rocketmq.client.impl.MQClientAPIImpl.sendMessage(MQClientAPIImpl.java:290)
	at org.apache.rocketmq.client.impl.producer.DefaultMQProducerImpl.sendKernelImpl(DefaultMQProducerImpl.java:688)
	at org.apache.rocketmq.client.impl.producer.DefaultMQProducerImpl.sendDefaultImpl(DefaultMQProducerImpl.java:458)
	at org.apache.rocketmq.client.impl.producer.DefaultMQProducerImpl.send(DefaultMQProducerImpl.java:1049)
	at org.apache.rocketmq.client.impl.producer.DefaultMQProducerImpl.send(DefaultMQProducerImpl.java:1008)
	at org.apache.rocketmq.client.producer.DefaultMQProducer.send(DefaultMQProducer.java:204)
	at org.apache.rocketmq.console.testbase.RocketMQConsoleTestBase.sendTestTopicMessage(RocketMQConsoleTestBase.java:107)
	at org.apache.rocketmq.console.service.impl.TopicServiceImplTest.setUp(TopicServiceImplTest.java:57)
	at sun.reflect.NativeMethodAccessorImpl.invoke0(Native Method)
	at sun.reflect.NativeMethodAccessorImpl.invoke(NativeMethodAccessorImpl.java:57)
	at sun.reflect.DelegatingMethodAccessorImpl.invoke(DelegatingMethodAccessorImpl.java:43)
	at java.lang.reflect.Method.invoke(Method.java:606)
	at org.junit.runners.model.FrameworkMethod$1.runReflectiveCall(FrameworkMethod.java:50)
	at org.junit.internal.runners.model.ReflectiveCallable.run(ReflectiveCallable.java:12)
	at org.junit.runners.model.FrameworkMethod.invokeExplosively(FrameworkMethod.java:47)
	at org.junit.internal.runners.statements.RunBefores.evaluate(RunBefores.java:24)
	at org.springframework.test.context.junit4.statements.RunBeforeTestMethodCallbacks.evaluate(RunBeforeTestMethodCallbacks.java:75)
	at org.junit.internal.runners.statements.RunAfters.evaluate(RunAfters.java:27)
	at org.springframework.test.context.junit4.statements.RunAfterTestMethodCallbacks.evaluate(RunAfterTestMethodCallbacks.java:86)
	at org.springframework.test.context.junit4.statements.SpringRepeat.evaluate(SpringRepeat.java:84)
	at org.junit.runners.ParentRunner.runLeaf(ParentRunner.java:325)
	at org.springframework.test.context.junit4.SpringJUnit4ClassRunner.runChild(SpringJUnit4ClassRunner.java:252)
	at org.springframework.test.context.junit4.SpringJUnit4ClassRunner.runChild(SpringJUnit4ClassRunner.java:94)
	at org.junit.runners.ParentRunner$3.run(ParentRunner.java:290)
	at org.junit.runners.ParentRunner$1.schedule(ParentRunner.java:71)
	at org.junit.runners.ParentRunner.runChildren(ParentRunner.java:288)
	at org.junit.runners.ParentRunner.access$000(ParentRunner.java:58)
	at org.junit.runners.ParentRunner$2.evaluate(ParentRunner.java:268)
	at org.springframework.test.context.junit4.statements.RunBeforeTestClassCallbacks.evaluate(RunBeforeTestClassCallbacks.java:61)
	at org.springframework.test.context.junit4.statements.RunAfterTestClassCallbacks.evaluate(RunAfterTestClassCallbacks.java:70)
	at org.junit.runners.ParentRunner.run(ParentRunner.java:363)
	at org.springframework.test.context.junit4.SpringJUnit4ClassRunner.run(SpringJUnit4ClassRunner.java:191)
	at org.apache.maven.surefire.junit4.JUnit4Provider.execute(JUnit4Provider.java:367)
	at org.apache.maven.surefire.junit4.JUnit4Provider.executeWithRerun(JUnit4Provider.java:274)
	at org.apache.maven.surefire.junit4.JUnit4Provider.executeTestSet(JUnit4Provider.java:238)
	at org.apache.maven.surefire.junit4.JUnit4Provider.invoke(JUnit4Provider.java:161)
	at org.apache.maven.surefire.booter.ForkedBooter.invokeProviderInSameClassLoader(ForkedBooter.java:290)
	at org.apache.maven.surefire.booter.ForkedBooter.runSuitesInProcess(ForkedBooter.java:242)
	at org.apache.maven.surefire.booter.ForkedBooter.main(ForkedBooter.java:121)
[2018-03-14 12:07:18.822]  WARN Message [topic=TEST_CONSOLE_TOPIC, flag=0, properties={KEYS=TEST_TOPIC_KEY, WAIT=true, UNIQ_KEY=C0A859EB30A4011E1E6742F959C80014}, body=11]
[2018-03-14 12:07:18.823]  WARN AllocateMappedFileService service has exception. so return null
[2018-03-14 12:07:18.823] ERROR create maped file1 error, topic: TEST_CONSOLE_TOPIC clientAddr: 127.0.0.1
[2018-03-14 12:07:18.824]  WARN sendKernelImpl exception, resend at once, InvokeID: -7565312169179930204, RT: 2ms, Broker: MessageQueue [topic=TEST_CONSOLE_TOPIC, brokerName=ConsoleTestBroker, queueId=4]
org.apache.rocketmq.client.exception.MQBrokerException: CODE: 1  DESC: create mapped file failed, server is busy or broken.
For more information, please visit the url, http://rocketmq.apache.org/docs/faq/
	at org.apache.rocketmq.client.impl.MQClientAPIImpl.processSendResponse(MQClientAPIImpl.java:531)
	at org.apache.rocketmq.client.impl.MQClientAPIImpl.sendMessageSync(MQClientAPIImpl.java:345)
	at org.apache.rocketmq.client.impl.MQClientAPIImpl.sendMessage(MQClientAPIImpl.java:327)
	at org.apache.rocketmq.client.impl.MQClientAPIImpl.sendMessage(MQClientAPIImpl.java:290)
	at org.apache.rocketmq.client.impl.producer.DefaultMQProducerImpl.sendKernelImpl(DefaultMQProducerImpl.java:688)
	at org.apache.rocketmq.client.impl.producer.DefaultMQProducerImpl.sendDefaultImpl(DefaultMQProducerImpl.java:458)
	at org.apache.rocketmq.client.impl.producer.DefaultMQProducerImpl.send(DefaultMQProducerImpl.java:1049)
	at org.apache.rocketmq.client.impl.producer.DefaultMQProducerImpl.send(DefaultMQProducerImpl.java:1008)
	at org.apache.rocketmq.client.producer.DefaultMQProducer.send(DefaultMQProducer.java:204)
	at org.apache.rocketmq.console.testbase.RocketMQConsoleTestBase.sendTestTopicMessage(RocketMQConsoleTestBase.java:107)
	at org.apache.rocketmq.console.service.impl.TopicServiceImplTest.setUp(TopicServiceImplTest.java:57)
	at sun.reflect.NativeMethodAccessorImpl.invoke0(Native Method)
	at sun.reflect.NativeMethodAccessorImpl.invoke(NativeMethodAccessorImpl.java:57)
	at sun.reflect.DelegatingMethodAccessorImpl.invoke(DelegatingMethodAccessorImpl.java:43)
	at java.lang.reflect.Method.invoke(Method.java:606)
	at org.junit.runners.model.FrameworkMethod$1.runReflectiveCall(FrameworkMethod.java:50)
	at org.junit.internal.runners.model.ReflectiveCallable.run(ReflectiveCallable.java:12)
	at org.junit.runners.model.FrameworkMethod.invokeExplosively(FrameworkMethod.java:47)
	at org.junit.internal.runners.statements.RunBefores.evaluate(RunBefores.java:24)
	at org.springframework.test.context.junit4.statements.RunBeforeTestMethodCallbacks.evaluate(RunBeforeTestMethodCallbacks.java:75)
	at org.junit.internal.runners.statements.RunAfters.evaluate(RunAfters.java:27)
	at org.springframework.test.context.junit4.statements.RunAfterTestMethodCallbacks.evaluate(RunAfterTestMethodCallbacks.java:86)
	at org.springframework.test.context.junit4.statements.SpringRepeat.evaluate(SpringRepeat.java:84)
	at org.junit.runners.ParentRunner.runLeaf(ParentRunner.java:325)
	at org.springframework.test.context.junit4.SpringJUnit4ClassRunner.runChild(SpringJUnit4ClassRunner.java:252)
	at org.springframework.test.context.junit4.SpringJUnit4ClassRunner.runChild(SpringJUnit4ClassRunner.java:94)
	at org.junit.runners.ParentRunner$3.run(ParentRunner.java:290)
	at org.junit.runners.ParentRunner$1.schedule(ParentRunner.java:71)
	at org.junit.runners.ParentRunner.runChildren(ParentRunner.java:288)
	at org.junit.runners.ParentRunner.access$000(ParentRunner.java:58)
	at org.junit.runners.ParentRunner$2.evaluate(ParentRunner.java:268)
	at org.springframework.test.context.junit4.statements.RunBeforeTestClassCallbacks.evaluate(RunBeforeTestClassCallbacks.java:61)
	at org.springframework.test.context.junit4.statements.RunAfterTestClassCallbacks.evaluate(RunAfterTestClassCallbacks.java:70)
	at org.junit.runners.ParentRunner.run(ParentRunner.java:363)
	at org.springframework.test.context.junit4.SpringJUnit4ClassRunner.run(SpringJUnit4ClassRunner.java:191)
	at org.apache.maven.surefire.junit4.JUnit4Provider.execute(JUnit4Provider.java:367)
	at org.apache.maven.surefire.junit4.JUnit4Provider.executeWithRerun(JUnit4Provider.java:274)
	at org.apache.maven.surefire.junit4.JUnit4Provider.executeTestSet(JUnit4Provider.java:238)
	at org.apache.maven.surefire.junit4.JUnit4Provider.invoke(JUnit4Provider.java:161)
	at org.apache.maven.surefire.booter.ForkedBooter.invokeProviderInSameClassLoader(ForkedBooter.java:290)
	at org.apache.maven.surefire.booter.ForkedBooter.runSuitesInProcess(ForkedBooter.java:242)
	at org.apache.maven.surefire.booter.ForkedBooter.main(ForkedBooter.java:121)
[2018-03-14 12:07:18.824]  WARN Message [topic=TEST_CONSOLE_TOPIC, flag=0, properties={KEYS=TEST_TOPIC_KEY, WAIT=true, UNIQ_KEY=C0A859EB30A4011E1E6742F959C80014}, body=11]
[2018-03-14 12:07:18.825]  WARN AllocateMappedFileService service has exception. so return null
[2018-03-14 12:07:18.825] ERROR create maped file1 error, topic: TEST_CONSOLE_TOPIC clientAddr: 127.0.0.1
[2018-03-14 12:07:18.826]  WARN sendKernelImpl exception, resend at once, InvokeID: -7565312169179930204, RT: 2ms, Broker: MessageQueue [topic=TEST_CONSOLE_TOPIC, brokerName=ConsoleTestBroker, queueId=6]
org.apache.rocketmq.client.exception.MQBrokerException: CODE: 1  DESC: create mapped file failed, server is busy or broken.
For more information, please visit the url, http://rocketmq.apache.org/docs/faq/
	at org.apache.rocketmq.client.impl.MQClientAPIImpl.processSendResponse(MQClientAPIImpl.java:531)
	at org.apache.rocketmq.client.impl.MQClientAPIImpl.sendMessageSync(MQClientAPIImpl.java:345)
	at org.apache.rocketmq.client.impl.MQClientAPIImpl.sendMessage(MQClientAPIImpl.java:327)
	at org.apache.rocketmq.client.impl.MQClientAPIImpl.sendMessage(MQClientAPIImpl.java:290)
	at org.apache.rocketmq.client.impl.producer.DefaultMQProducerImpl.sendKernelImpl(DefaultMQProducerImpl.java:688)
	at org.apache.rocketmq.client.impl.producer.DefaultMQProducerImpl.sendDefaultImpl(DefaultMQProducerImpl.java:458)
	at org.apache.rocketmq.client.impl.producer.DefaultMQProducerImpl.send(DefaultMQProducerImpl.java:1049)
	at org.apache.rocketmq.client.impl.producer.DefaultMQProducerImpl.send(DefaultMQProducerImpl.java:1008)
	at org.apache.rocketmq.client.producer.DefaultMQProducer.send(DefaultMQProducer.java:204)
	at org.apache.rocketmq.console.testbase.RocketMQConsoleTestBase.sendTestTopicMessage(RocketMQConsoleTestBase.java:107)
	at org.apache.rocketmq.console.service.impl.TopicServiceImplTest.setUp(TopicServiceImplTest.java:57)
	at sun.reflect.NativeMethodAccessorImpl.invoke0(Native Method)
	at sun.reflect.NativeMethodAccessorImpl.invoke(NativeMethodAccessorImpl.java:57)
	at sun.reflect.DelegatingMethodAccessorImpl.invoke(DelegatingMethodAccessorImpl.java:43)
	at java.lang.reflect.Method.invoke(Method.java:606)
	at org.junit.runners.model.FrameworkMethod$1.runReflectiveCall(FrameworkMethod.java:50)
	at org.junit.internal.runners.model.ReflectiveCallable.run(ReflectiveCallable.java:12)
	at org.junit.runners.model.FrameworkMethod.invokeExplosively(FrameworkMethod.java:47)
	at org.junit.internal.runners.statements.RunBefores.evaluate(RunBefores.java:24)
	at org.springframework.test.context.junit4.statements.RunBeforeTestMethodCallbacks.evaluate(RunBeforeTestMethodCallbacks.java:75)
	at org.junit.internal.runners.statements.RunAfters.evaluate(RunAfters.java:27)
	at org.springframework.test.context.junit4.statements.RunAfterTestMethodCallbacks.evaluate(RunAfterTestMethodCallbacks.java:86)
	at org.springframework.test.context.junit4.statements.SpringRepeat.evaluate(SpringRepeat.java:84)
	at org.junit.runners.ParentRunner.runLeaf(ParentRunner.java:325)
	at org.springframework.test.context.junit4.SpringJUnit4ClassRunner.runChild(SpringJUnit4ClassRunner.java:252)
	at org.springframework.test.context.junit4.SpringJUnit4ClassRunner.runChild(SpringJUnit4ClassRunner.java:94)
	at org.junit.runners.ParentRunner$3.run(ParentRunner.java:290)
	at org.junit.runners.ParentRunner$1.schedule(ParentRunner.java:71)
	at org.junit.runners.ParentRunner.runChildren(ParentRunner.java:288)
	at org.junit.runners.ParentRunner.access$000(ParentRunner.java:58)
	at org.junit.runners.ParentRunner$2.evaluate(ParentRunner.java:268)
	at org.springframework.test.context.junit4.statements.RunBeforeTestClassCallbacks.evaluate(RunBeforeTestClassCallbacks.java:61)
	at org.springframework.test.context.junit4.statements.RunAfterTestClassCallbacks.evaluate(RunAfterTestClassCallbacks.java:70)
	at org.junit.runners.ParentRunner.run(ParentRunner.java:363)
	at org.springframework.test.context.junit4.SpringJUnit4ClassRunner.run(SpringJUnit4ClassRunner.java:191)
	at org.apache.maven.surefire.junit4.JUnit4Provider.execute(JUnit4Provider.java:367)
	at org.apache.maven.surefire.junit4.JUnit4Provider.executeWithRerun(JUnit4Provider.java:274)
	at org.apache.maven.surefire.junit4.JUnit4Provider.executeTestSet(JUnit4Provider.java:238)
	at org.apache.maven.surefire.junit4.JUnit4Provider.invoke(JUnit4Provider.java:161)
	at org.apache.maven.surefire.booter.ForkedBooter.invokeProviderInSameClassLoader(ForkedBooter.java:290)
	at org.apache.maven.surefire.booter.ForkedBooter.runSuitesInProcess(ForkedBooter.java:242)
	at org.apache.maven.surefire.booter.ForkedBooter.main(ForkedBooter.java:121)
[2018-03-14 12:07:18.826]  WARN Message [topic=TEST_CONSOLE_TOPIC, flag=0, properties={KEYS=TEST_TOPIC_KEY, WAIT=true, UNIQ_KEY=C0A859EB30A4011E1E6742F959C80014}, body=11]
[2018-03-14 12:07:18.922] ERROR map file C:\Users\Administrator\rocketmq-console-test\20180314120653\commitlog\00000000000000000000 Failed. 
java.io.IOException: Map failed
	at sun.nio.ch.FileChannelImpl.map(FileChannelImpl.java:888)
	at org.apache.rocketmq.store.MappedFile.init(MappedFile.java:160)
	at org.apache.rocketmq.store.MappedFile.<init>(MappedFile.java:71)
	at org.apache.rocketmq.store.AllocateMappedFileService.mmapOperation(AllocateMappedFileService.java:182)
	at org.apache.rocketmq.store.AllocateMappedFileService.run(AllocateMappedFileService.java:143)
	at java.lang.Thread.run(Thread.java:745)
Caused by: java.lang.OutOfMemoryError: Map failed
	at sun.nio.ch.FileChannelImpl.map0(Native Method)
	at sun.nio.ch.FileChannelImpl.map(FileChannelImpl.java:885)
	... 5 common frames omitted
[2018-03-14 12:07:18.923]  WARN AllocateMappedFileService service has exception. 
java.io.IOException: Map failed
	at sun.nio.ch.FileChannelImpl.map(FileChannelImpl.java:888)
	at org.apache.rocketmq.store.MappedFile.init(MappedFile.java:160)
	at org.apache.rocketmq.store.MappedFile.<init>(MappedFile.java:71)
	at org.apache.rocketmq.store.AllocateMappedFileService.mmapOperation(AllocateMappedFileService.java:182)
	at org.apache.rocketmq.store.AllocateMappedFileService.run(AllocateMappedFileService.java:143)
	at java.lang.Thread.run(Thread.java:745)
Caused by: java.lang.OutOfMemoryError: Map failed
	at sun.nio.ch.FileChannelImpl.map0(Native Method)
	at sun.nio.ch.FileChannelImpl.map(FileChannelImpl.java:885)
	... 5 common frames omitted
[2018-03-14 12:07:19.139] ERROR map file C:\Users\Administrator\rocketmq-console-test\20180314120653\commitlog\00000000000000000000 Failed. 
java.io.IOException: Map failed
	at sun.nio.ch.FileChannelImpl.map(FileChannelImpl.java:888)
	at org.apache.rocketmq.store.MappedFile.init(MappedFile.java:160)
	at org.apache.rocketmq.store.MappedFile.<init>(MappedFile.java:71)
	at org.apache.rocketmq.store.AllocateMappedFileService.mmapOperation(AllocateMappedFileService.java:182)
	at org.apache.rocketmq.store.AllocateMappedFileService.run(AllocateMappedFileService.java:143)
	at java.lang.Thread.run(Thread.java:745)
Caused by: java.lang.OutOfMemoryError: Map failed
	at sun.nio.ch.FileChannelImpl.map0(Native Method)
	at sun.nio.ch.FileChannelImpl.map(FileChannelImpl.java:885)
	... 5 common frames omitted
[2018-03-14 12:07:19.139]  WARN AllocateMappedFileService service has exception. 
java.io.IOException: Map failed
	at sun.nio.ch.FileChannelImpl.map(FileChannelImpl.java:888)
	at org.apache.rocketmq.store.MappedFile.init(MappedFile.java:160)
	at org.apache.rocketmq.store.MappedFile.<init>(MappedFile.java:71)
	at org.apache.rocketmq.store.AllocateMappedFileService.mmapOperation(AllocateMappedFileService.java:182)
	at org.apache.rocketmq.store.AllocateMappedFileService.run(AllocateMappedFileService.java:143)
	at java.lang.Thread.run(Thread.java:745)
Caused by: java.lang.OutOfMemoryError: Map failed
	at sun.nio.ch.FileChannelImpl.map0(Native Method)
	at sun.nio.ch.FileChannelImpl.map(FileChannelImpl.java:885)
	... 5 common frames omitted
]]></system-out>
  </testcase>
  <testcase name="deleteTopicInBroker" classname="org.apache.rocketmq.console.service.impl.TopicServiceImplTest" time="5.497">
    <error message="send message error" type="java.lang.RuntimeException">java.lang.RuntimeException: send message error
	at org.apache.rocketmq.console.service.impl.TopicServiceImplTest.setUp(TopicServiceImplTest.java:57)
</error>
    <system-out><![CDATA[[2018-03-14 12:07:19.358] ERROR map file C:\Users\Administrator\rocketmq-console-test\20180314120653\commitlog\00000000000000000000 Failed. 
java.io.IOException: Map failed
	at sun.nio.ch.FileChannelImpl.map(FileChannelImpl.java:888)
	at org.apache.rocketmq.store.MappedFile.init(MappedFile.java:160)
	at org.apache.rocketmq.store.MappedFile.<init>(MappedFile.java:71)
	at org.apache.rocketmq.store.AllocateMappedFileService.mmapOperation(AllocateMappedFileService.java:182)
	at org.apache.rocketmq.store.AllocateMappedFileService.run(AllocateMappedFileService.java:143)
	at java.lang.Thread.run(Thread.java:745)
Caused by: java.lang.OutOfMemoryError: Map failed
	at sun.nio.ch.FileChannelImpl.map0(Native Method)
	at sun.nio.ch.FileChannelImpl.map(FileChannelImpl.java:885)
	... 5 common frames omitted
[2018-03-14 12:07:19.359]  WARN AllocateMappedFileService service has exception. 
java.io.IOException: Map failed
	at sun.nio.ch.FileChannelImpl.map(FileChannelImpl.java:888)
	at org.apache.rocketmq.store.MappedFile.init(MappedFile.java:160)
	at org.apache.rocketmq.store.MappedFile.<init>(MappedFile.java:71)
	at org.apache.rocketmq.store.AllocateMappedFileService.mmapOperation(AllocateMappedFileService.java:182)
	at org.apache.rocketmq.store.AllocateMappedFileService.run(AllocateMappedFileService.java:143)
	at java.lang.Thread.run(Thread.java:745)
Caused by: java.lang.OutOfMemoryError: Map failed
	at sun.nio.ch.FileChannelImpl.map0(Native Method)
	at sun.nio.ch.FileChannelImpl.map(FileChannelImpl.java:885)
	... 5 common frames omitted
[2018-03-14 12:07:19.590] ERROR map file C:\Users\Administrator\rocketmq-console-test\20180314120653\commitlog\00000000000000000000 Failed. 
java.io.IOException: Map failed
	at sun.nio.ch.FileChannelImpl.map(FileChannelImpl.java:888)
	at org.apache.rocketmq.store.MappedFile.init(MappedFile.java:160)
	at org.apache.rocketmq.store.MappedFile.<init>(MappedFile.java:71)
	at org.apache.rocketmq.store.AllocateMappedFileService.mmapOperation(AllocateMappedFileService.java:182)
	at org.apache.rocketmq.store.AllocateMappedFileService.run(AllocateMappedFileService.java:143)
	at java.lang.Thread.run(Thread.java:745)
Caused by: java.lang.OutOfMemoryError: Map failed
	at sun.nio.ch.FileChannelImpl.map0(Native Method)
	at sun.nio.ch.FileChannelImpl.map(FileChannelImpl.java:885)
	... 5 common frames omitted
[2018-03-14 12:07:19.591]  WARN AllocateMappedFileService service has exception. 
java.io.IOException: Map failed
	at sun.nio.ch.FileChannelImpl.map(FileChannelImpl.java:888)
	at org.apache.rocketmq.store.MappedFile.init(MappedFile.java:160)
	at org.apache.rocketmq.store.MappedFile.<init>(MappedFile.java:71)
	at org.apache.rocketmq.store.AllocateMappedFileService.mmapOperation(AllocateMappedFileService.java:182)
	at org.apache.rocketmq.store.AllocateMappedFileService.run(AllocateMappedFileService.java:143)
	at java.lang.Thread.run(Thread.java:745)
Caused by: java.lang.OutOfMemoryError: Map failed
	at sun.nio.ch.FileChannelImpl.map0(Native Method)
	at sun.nio.ch.FileChannelImpl.map(FileChannelImpl.java:885)
	... 5 common frames omitted
[2018-03-14 12:07:19.809] ERROR map file C:\Users\Administrator\rocketmq-console-test\20180314120653\commitlog\00000000000000000000 Failed. 
java.io.IOException: Map failed
	at sun.nio.ch.FileChannelImpl.map(FileChannelImpl.java:888)
	at org.apache.rocketmq.store.MappedFile.init(MappedFile.java:160)
	at org.apache.rocketmq.store.MappedFile.<init>(MappedFile.java:71)
	at org.apache.rocketmq.store.AllocateMappedFileService.mmapOperation(AllocateMappedFileService.java:182)
	at org.apache.rocketmq.store.AllocateMappedFileService.run(AllocateMappedFileService.java:143)
	at java.lang.Thread.run(Thread.java:745)
Caused by: java.lang.OutOfMemoryError: Map failed
	at sun.nio.ch.FileChannelImpl.map0(Native Method)
	at sun.nio.ch.FileChannelImpl.map(FileChannelImpl.java:885)
	... 5 common frames omitted
[2018-03-14 12:07:19.810]  WARN AllocateMappedFileService service has exception. 
java.io.IOException: Map failed
	at sun.nio.ch.FileChannelImpl.map(FileChannelImpl.java:888)
	at org.apache.rocketmq.store.MappedFile.init(MappedFile.java:160)
	at org.apache.rocketmq.store.MappedFile.<init>(MappedFile.java:71)
	at org.apache.rocketmq.store.AllocateMappedFileService.mmapOperation(AllocateMappedFileService.java:182)
	at org.apache.rocketmq.store.AllocateMappedFileService.run(AllocateMappedFileService.java:143)
	at java.lang.Thread.run(Thread.java:745)
Caused by: java.lang.OutOfMemoryError: Map failed
	at sun.nio.ch.FileChannelImpl.map0(Native Method)
	at sun.nio.ch.FileChannelImpl.map(FileChannelImpl.java:885)
	... 5 common frames omitted
[2018-03-14 12:07:20.037] ERROR map file C:\Users\Administrator\rocketmq-console-test\20180314120653\commitlog\00000000000000000000 Failed. 
java.io.IOException: Map failed
	at sun.nio.ch.FileChannelImpl.map(FileChannelImpl.java:888)
	at org.apache.rocketmq.store.MappedFile.init(MappedFile.java:160)
	at org.apache.rocketmq.store.MappedFile.<init>(MappedFile.java:71)
	at org.apache.rocketmq.store.AllocateMappedFileService.mmapOperation(AllocateMappedFileService.java:182)
	at org.apache.rocketmq.store.AllocateMappedFileService.run(AllocateMappedFileService.java:143)
	at java.lang.Thread.run(Thread.java:745)
Caused by: java.lang.OutOfMemoryError: Map failed
	at sun.nio.ch.FileChannelImpl.map0(Native Method)
	at sun.nio.ch.FileChannelImpl.map(FileChannelImpl.java:885)
	... 5 common frames omitted
[2018-03-14 12:07:20.037]  WARN AllocateMappedFileService service has exception. 
java.io.IOException: Map failed
	at sun.nio.ch.FileChannelImpl.map(FileChannelImpl.java:888)
	at org.apache.rocketmq.store.MappedFile.init(MappedFile.java:160)
	at org.apache.rocketmq.store.MappedFile.<init>(MappedFile.java:71)
	at org.apache.rocketmq.store.AllocateMappedFileService.mmapOperation(AllocateMappedFileService.java:182)
	at org.apache.rocketmq.store.AllocateMappedFileService.run(AllocateMappedFileService.java:143)
	at java.lang.Thread.run(Thread.java:745)
Caused by: java.lang.OutOfMemoryError: Map failed
	at sun.nio.ch.FileChannelImpl.map0(Native Method)
	at sun.nio.ch.FileChannelImpl.map(FileChannelImpl.java:885)
	... 5 common frames omitted
[2018-03-14 12:07:20.253] ERROR map file C:\Users\Administrator\rocketmq-console-test\20180314120653\commitlog\00000000000000000000 Failed. 
java.io.IOException: Map failed
	at sun.nio.ch.FileChannelImpl.map(FileChannelImpl.java:888)
	at org.apache.rocketmq.store.MappedFile.init(MappedFile.java:160)
	at org.apache.rocketmq.store.MappedFile.<init>(MappedFile.java:71)
	at org.apache.rocketmq.store.AllocateMappedFileService.mmapOperation(AllocateMappedFileService.java:182)
	at org.apache.rocketmq.store.AllocateMappedFileService.run(AllocateMappedFileService.java:143)
	at java.lang.Thread.run(Thread.java:745)
Caused by: java.lang.OutOfMemoryError: Map failed
	at sun.nio.ch.FileChannelImpl.map0(Native Method)
	at sun.nio.ch.FileChannelImpl.map(FileChannelImpl.java:885)
	... 5 common frames omitted
[2018-03-14 12:07:20.253]  WARN AllocateMappedFileService service has exception. 
java.io.IOException: Map failed
	at sun.nio.ch.FileChannelImpl.map(FileChannelImpl.java:888)
	at org.apache.rocketmq.store.MappedFile.init(MappedFile.java:160)
	at org.apache.rocketmq.store.MappedFile.<init>(MappedFile.java:71)
	at org.apache.rocketmq.store.AllocateMappedFileService.mmapOperation(AllocateMappedFileService.java:182)
	at org.apache.rocketmq.store.AllocateMappedFileService.run(AllocateMappedFileService.java:143)
	at java.lang.Thread.run(Thread.java:745)
Caused by: java.lang.OutOfMemoryError: Map failed
	at sun.nio.ch.FileChannelImpl.map0(Native Method)
	at sun.nio.ch.FileChannelImpl.map(FileChannelImpl.java:885)
	... 5 common frames omitted
[2018-03-14 12:07:20.470] ERROR map file C:\Users\Administrator\rocketmq-console-test\20180314120653\commitlog\00000000000000000000 Failed. 
java.io.IOException: Map failed
	at sun.nio.ch.FileChannelImpl.map(FileChannelImpl.java:888)
	at org.apache.rocketmq.store.MappedFile.init(MappedFile.java:160)
	at org.apache.rocketmq.store.MappedFile.<init>(MappedFile.java:71)
	at org.apache.rocketmq.store.AllocateMappedFileService.mmapOperation(AllocateMappedFileService.java:182)
	at org.apache.rocketmq.store.AllocateMappedFileService.run(AllocateMappedFileService.java:143)
	at java.lang.Thread.run(Thread.java:745)
Caused by: java.lang.OutOfMemoryError: Map failed
	at sun.nio.ch.FileChannelImpl.map0(Native Method)
	at sun.nio.ch.FileChannelImpl.map(FileChannelImpl.java:885)
	... 5 common frames omitted
[2018-03-14 12:07:20.471]  WARN AllocateMappedFileService service has exception. 
java.io.IOException: Map failed
	at sun.nio.ch.FileChannelImpl.map(FileChannelImpl.java:888)
	at org.apache.rocketmq.store.MappedFile.init(MappedFile.java:160)
	at org.apache.rocketmq.store.MappedFile.<init>(MappedFile.java:71)
	at org.apache.rocketmq.store.AllocateMappedFileService.mmapOperation(AllocateMappedFileService.java:182)
	at org.apache.rocketmq.store.AllocateMappedFileService.run(AllocateMappedFileService.java:143)
	at java.lang.Thread.run(Thread.java:745)
Caused by: java.lang.OutOfMemoryError: Map failed
	at sun.nio.ch.FileChannelImpl.map0(Native Method)
	at sun.nio.ch.FileChannelImpl.map(FileChannelImpl.java:885)
	... 5 common frames omitted
[2018-03-14 12:07:20.695] ERROR map file C:\Users\Administrator\rocketmq-console-test\20180314120653\commitlog\00000000000000000000 Failed. 
java.io.IOException: Map failed
	at sun.nio.ch.FileChannelImpl.map(FileChannelImpl.java:888)
	at org.apache.rocketmq.store.MappedFile.init(MappedFile.java:160)
	at org.apache.rocketmq.store.MappedFile.<init>(MappedFile.java:71)
	at org.apache.rocketmq.store.AllocateMappedFileService.mmapOperation(AllocateMappedFileService.java:182)
	at org.apache.rocketmq.store.AllocateMappedFileService.run(AllocateMappedFileService.java:143)
	at java.lang.Thread.run(Thread.java:745)
Caused by: java.lang.OutOfMemoryError: Map failed
	at sun.nio.ch.FileChannelImpl.map0(Native Method)
	at sun.nio.ch.FileChannelImpl.map(FileChannelImpl.java:885)
	... 5 common frames omitted
[2018-03-14 12:07:20.695]  WARN AllocateMappedFileService service has exception. 
java.io.IOException: Map failed
	at sun.nio.ch.FileChannelImpl.map(FileChannelImpl.java:888)
	at org.apache.rocketmq.store.MappedFile.init(MappedFile.java:160)
	at org.apache.rocketmq.store.MappedFile.<init>(MappedFile.java:71)
	at org.apache.rocketmq.store.AllocateMappedFileService.mmapOperation(AllocateMappedFileService.java:182)
	at org.apache.rocketmq.store.AllocateMappedFileService.run(AllocateMappedFileService.java:143)
	at java.lang.Thread.run(Thread.java:745)
Caused by: java.lang.OutOfMemoryError: Map failed
	at sun.nio.ch.FileChannelImpl.map0(Native Method)
	at sun.nio.ch.FileChannelImpl.map(FileChannelImpl.java:885)
	... 5 common frames omitted
[2018-03-14 12:07:20.915] ERROR map file C:\Users\Administrator\rocketmq-console-test\20180314120653\commitlog\00000000000000000000 Failed. 
java.io.IOException: Map failed
	at sun.nio.ch.FileChannelImpl.map(FileChannelImpl.java:888)
	at org.apache.rocketmq.store.MappedFile.init(MappedFile.java:160)
	at org.apache.rocketmq.store.MappedFile.<init>(MappedFile.java:71)
	at org.apache.rocketmq.store.AllocateMappedFileService.mmapOperation(AllocateMappedFileService.java:182)
	at org.apache.rocketmq.store.AllocateMappedFileService.run(AllocateMappedFileService.java:143)
	at java.lang.Thread.run(Thread.java:745)
Caused by: java.lang.OutOfMemoryError: Map failed
	at sun.nio.ch.FileChannelImpl.map0(Native Method)
	at sun.nio.ch.FileChannelImpl.map(FileChannelImpl.java:885)
	... 5 common frames omitted
[2018-03-14 12:07:20.915]  WARN AllocateMappedFileService service has exception. 
java.io.IOException: Map failed
	at sun.nio.ch.FileChannelImpl.map(FileChannelImpl.java:888)
	at org.apache.rocketmq.store.MappedFile.init(MappedFile.java:160)
	at org.apache.rocketmq.store.MappedFile.<init>(MappedFile.java:71)
	at org.apache.rocketmq.store.AllocateMappedFileService.mmapOperation(AllocateMappedFileService.java:182)
	at org.apache.rocketmq.store.AllocateMappedFileService.run(AllocateMappedFileService.java:143)
	at java.lang.Thread.run(Thread.java:745)
Caused by: java.lang.OutOfMemoryError: Map failed
	at sun.nio.ch.FileChannelImpl.map0(Native Method)
	at sun.nio.ch.FileChannelImpl.map(FileChannelImpl.java:885)
	... 5 common frames omitted
[2018-03-14 12:07:21.129] ERROR map file C:\Users\Administrator\rocketmq-console-test\20180314120653\commitlog\00000000000000000000 Failed. 
java.io.IOException: Map failed
	at sun.nio.ch.FileChannelImpl.map(FileChannelImpl.java:888)
	at org.apache.rocketmq.store.MappedFile.init(MappedFile.java:160)
	at org.apache.rocketmq.store.MappedFile.<init>(MappedFile.java:71)
	at org.apache.rocketmq.store.AllocateMappedFileService.mmapOperation(AllocateMappedFileService.java:182)
	at org.apache.rocketmq.store.AllocateMappedFileService.run(AllocateMappedFileService.java:143)
	at java.lang.Thread.run(Thread.java:745)
Caused by: java.lang.OutOfMemoryError: Map failed
	at sun.nio.ch.FileChannelImpl.map0(Native Method)
	at sun.nio.ch.FileChannelImpl.map(FileChannelImpl.java:885)
	... 5 common frames omitted
[2018-03-14 12:07:21.129]  WARN AllocateMappedFileService service has exception. 
java.io.IOException: Map failed
	at sun.nio.ch.FileChannelImpl.map(FileChannelImpl.java:888)
	at org.apache.rocketmq.store.MappedFile.init(MappedFile.java:160)
	at org.apache.rocketmq.store.MappedFile.<init>(MappedFile.java:71)
	at org.apache.rocketmq.store.AllocateMappedFileService.mmapOperation(AllocateMappedFileService.java:182)
	at org.apache.rocketmq.store.AllocateMappedFileService.run(AllocateMappedFileService.java:143)
	at java.lang.Thread.run(Thread.java:745)
Caused by: java.lang.OutOfMemoryError: Map failed
	at sun.nio.ch.FileChannelImpl.map0(Native Method)
	at sun.nio.ch.FileChannelImpl.map(FileChannelImpl.java:885)
	... 5 common frames omitted
[2018-03-14 12:07:21.348] ERROR map file C:\Users\Administrator\rocketmq-console-test\20180314120653\commitlog\00000000000000000000 Failed. 
java.io.IOException: Map failed
	at sun.nio.ch.FileChannelImpl.map(FileChannelImpl.java:888)
	at org.apache.rocketmq.store.MappedFile.init(MappedFile.java:160)
	at org.apache.rocketmq.store.MappedFile.<init>(MappedFile.java:71)
	at org.apache.rocketmq.store.AllocateMappedFileService.mmapOperation(AllocateMappedFileService.java:182)
	at org.apache.rocketmq.store.AllocateMappedFileService.run(AllocateMappedFileService.java:143)
	at java.lang.Thread.run(Thread.java:745)
Caused by: java.lang.OutOfMemoryError: Map failed
	at sun.nio.ch.FileChannelImpl.map0(Native Method)
	at sun.nio.ch.FileChannelImpl.map(FileChannelImpl.java:885)
	... 5 common frames omitted
[2018-03-14 12:07:21.349]  WARN AllocateMappedFileService service has exception. 
java.io.IOException: Map failed
	at sun.nio.ch.FileChannelImpl.map(FileChannelImpl.java:888)
	at org.apache.rocketmq.store.MappedFile.init(MappedFile.java:160)
	at org.apache.rocketmq.store.MappedFile.<init>(MappedFile.java:71)
	at org.apache.rocketmq.store.AllocateMappedFileService.mmapOperation(AllocateMappedFileService.java:182)
	at org.apache.rocketmq.store.AllocateMappedFileService.run(AllocateMappedFileService.java:143)
	at java.lang.Thread.run(Thread.java:745)
Caused by: java.lang.OutOfMemoryError: Map failed
	at sun.nio.ch.FileChannelImpl.map0(Native Method)
	at sun.nio.ch.FileChannelImpl.map(FileChannelImpl.java:885)
	... 5 common frames omitted
[2018-03-14 12:07:21.562] ERROR map file C:\Users\Administrator\rocketmq-console-test\20180314120653\commitlog\00000000000000000000 Failed. 
java.io.IOException: Map failed
	at sun.nio.ch.FileChannelImpl.map(FileChannelImpl.java:888)
	at org.apache.rocketmq.store.MappedFile.init(MappedFile.java:160)
	at org.apache.rocketmq.store.MappedFile.<init>(MappedFile.java:71)
	at org.apache.rocketmq.store.AllocateMappedFileService.mmapOperation(AllocateMappedFileService.java:182)
	at org.apache.rocketmq.store.AllocateMappedFileService.run(AllocateMappedFileService.java:143)
	at java.lang.Thread.run(Thread.java:745)
Caused by: java.lang.OutOfMemoryError: Map failed
	at sun.nio.ch.FileChannelImpl.map0(Native Method)
	at sun.nio.ch.FileChannelImpl.map(FileChannelImpl.java:885)
	... 5 common frames omitted
[2018-03-14 12:07:21.567]  WARN AllocateMappedFileService service has exception. 
java.io.IOException: Map failed
	at sun.nio.ch.FileChannelImpl.map(FileChannelImpl.java:888)
	at org.apache.rocketmq.store.MappedFile.init(MappedFile.java:160)
	at org.apache.rocketmq.store.MappedFile.<init>(MappedFile.java:71)
	at org.apache.rocketmq.store.AllocateMappedFileService.mmapOperation(AllocateMappedFileService.java:182)
	at org.apache.rocketmq.store.AllocateMappedFileService.run(AllocateMappedFileService.java:143)
	at java.lang.Thread.run(Thread.java:745)
Caused by: java.lang.OutOfMemoryError: Map failed
	at sun.nio.ch.FileChannelImpl.map0(Native Method)
	at sun.nio.ch.FileChannelImpl.map(FileChannelImpl.java:885)
	... 5 common frames omitted
[2018-03-14 12:07:21.779] ERROR map file C:\Users\Administrator\rocketmq-console-test\20180314120653\commitlog\00000000000000000000 Failed. 
java.io.IOException: Map failed
	at sun.nio.ch.FileChannelImpl.map(FileChannelImpl.java:888)
	at org.apache.rocketmq.store.MappedFile.init(MappedFile.java:160)
	at org.apache.rocketmq.store.MappedFile.<init>(MappedFile.java:71)
	at org.apache.rocketmq.store.AllocateMappedFileService.mmapOperation(AllocateMappedFileService.java:182)
	at org.apache.rocketmq.store.AllocateMappedFileService.run(AllocateMappedFileService.java:143)
	at java.lang.Thread.run(Thread.java:745)
Caused by: java.lang.OutOfMemoryError: Map failed
	at sun.nio.ch.FileChannelImpl.map0(Native Method)
	at sun.nio.ch.FileChannelImpl.map(FileChannelImpl.java:885)
	... 5 common frames omitted
[2018-03-14 12:07:21.780]  WARN AllocateMappedFileService service has exception. 
java.io.IOException: Map failed
	at sun.nio.ch.FileChannelImpl.map(FileChannelImpl.java:888)
	at org.apache.rocketmq.store.MappedFile.init(MappedFile.java:160)
	at org.apache.rocketmq.store.MappedFile.<init>(MappedFile.java:71)
	at org.apache.rocketmq.store.AllocateMappedFileService.mmapOperation(AllocateMappedFileService.java:182)
	at org.apache.rocketmq.store.AllocateMappedFileService.run(AllocateMappedFileService.java:143)
	at java.lang.Thread.run(Thread.java:745)
Caused by: java.lang.OutOfMemoryError: Map failed
	at sun.nio.ch.FileChannelImpl.map0(Native Method)
	at sun.nio.ch.FileChannelImpl.map(FileChannelImpl.java:885)
	... 5 common frames omitted
[2018-03-14 12:07:21.994] ERROR map file C:\Users\Administrator\rocketmq-console-test\20180314120653\commitlog\00000000000000000000 Failed. 
java.io.IOException: Map failed
	at sun.nio.ch.FileChannelImpl.map(FileChannelImpl.java:888)
	at org.apache.rocketmq.store.MappedFile.init(MappedFile.java:160)
	at org.apache.rocketmq.store.MappedFile.<init>(MappedFile.java:71)
	at org.apache.rocketmq.store.AllocateMappedFileService.mmapOperation(AllocateMappedFileService.java:182)
	at org.apache.rocketmq.store.AllocateMappedFileService.run(AllocateMappedFileService.java:143)
	at java.lang.Thread.run(Thread.java:745)
Caused by: java.lang.OutOfMemoryError: Map failed
	at sun.nio.ch.FileChannelImpl.map0(Native Method)
	at sun.nio.ch.FileChannelImpl.map(FileChannelImpl.java:885)
	... 5 common frames omitted
[2018-03-14 12:07:21.994]  WARN AllocateMappedFileService service has exception. 
java.io.IOException: Map failed
	at sun.nio.ch.FileChannelImpl.map(FileChannelImpl.java:888)
	at org.apache.rocketmq.store.MappedFile.init(MappedFile.java:160)
	at org.apache.rocketmq.store.MappedFile.<init>(MappedFile.java:71)
	at org.apache.rocketmq.store.AllocateMappedFileService.mmapOperation(AllocateMappedFileService.java:182)
	at org.apache.rocketmq.store.AllocateMappedFileService.run(AllocateMappedFileService.java:143)
	at java.lang.Thread.run(Thread.java:745)
Caused by: java.lang.OutOfMemoryError: Map failed
	at sun.nio.ch.FileChannelImpl.map0(Native Method)
	at sun.nio.ch.FileChannelImpl.map(FileChannelImpl.java:885)
	... 5 common frames omitted
[2018-03-14 12:07:22.220] ERROR map file C:\Users\Administrator\rocketmq-console-test\20180314120653\commitlog\00000000000000000000 Failed. 
java.io.IOException: Map failed
	at sun.nio.ch.FileChannelImpl.map(FileChannelImpl.java:888)
	at org.apache.rocketmq.store.MappedFile.init(MappedFile.java:160)
	at org.apache.rocketmq.store.MappedFile.<init>(MappedFile.java:71)
	at org.apache.rocketmq.store.AllocateMappedFileService.mmapOperation(AllocateMappedFileService.java:182)
	at org.apache.rocketmq.store.AllocateMappedFileService.run(AllocateMappedFileService.java:143)
	at java.lang.Thread.run(Thread.java:745)
Caused by: java.lang.OutOfMemoryError: Map failed
	at sun.nio.ch.FileChannelImpl.map0(Native Method)
	at sun.nio.ch.FileChannelImpl.map(FileChannelImpl.java:885)
	... 5 common frames omitted
[2018-03-14 12:07:22.220]  WARN AllocateMappedFileService service has exception. 
java.io.IOException: Map failed
	at sun.nio.ch.FileChannelImpl.map(FileChannelImpl.java:888)
	at org.apache.rocketmq.store.MappedFile.init(MappedFile.java:160)
	at org.apache.rocketmq.store.MappedFile.<init>(MappedFile.java:71)
	at org.apache.rocketmq.store.AllocateMappedFileService.mmapOperation(AllocateMappedFileService.java:182)
	at org.apache.rocketmq.store.AllocateMappedFileService.run(AllocateMappedFileService.java:143)
	at java.lang.Thread.run(Thread.java:745)
Caused by: java.lang.OutOfMemoryError: Map failed
	at sun.nio.ch.FileChannelImpl.map0(Native Method)
	at sun.nio.ch.FileChannelImpl.map(FileChannelImpl.java:885)
	... 5 common frames omitted
[2018-03-14 12:07:22.435] ERROR map file C:\Users\Administrator\rocketmq-console-test\20180314120653\commitlog\00000000000000000000 Failed. 
java.io.IOException: Map failed
	at sun.nio.ch.FileChannelImpl.map(FileChannelImpl.java:888)
	at org.apache.rocketmq.store.MappedFile.init(MappedFile.java:160)
	at org.apache.rocketmq.store.MappedFile.<init>(MappedFile.java:71)
	at org.apache.rocketmq.store.AllocateMappedFileService.mmapOperation(AllocateMappedFileService.java:182)
	at org.apache.rocketmq.store.AllocateMappedFileService.run(AllocateMappedFileService.java:143)
	at java.lang.Thread.run(Thread.java:745)
Caused by: java.lang.OutOfMemoryError: Map failed
	at sun.nio.ch.FileChannelImpl.map0(Native Method)
	at sun.nio.ch.FileChannelImpl.map(FileChannelImpl.java:885)
	... 5 common frames omitted
[2018-03-14 12:07:22.435]  WARN AllocateMappedFileService service has exception. 
java.io.IOException: Map failed
	at sun.nio.ch.FileChannelImpl.map(FileChannelImpl.java:888)
	at org.apache.rocketmq.store.MappedFile.init(MappedFile.java:160)
	at org.apache.rocketmq.store.MappedFile.<init>(MappedFile.java:71)
	at org.apache.rocketmq.store.AllocateMappedFileService.mmapOperation(AllocateMappedFileService.java:182)
	at org.apache.rocketmq.store.AllocateMappedFileService.run(AllocateMappedFileService.java:143)
	at java.lang.Thread.run(Thread.java:745)
Caused by: java.lang.OutOfMemoryError: Map failed
	at sun.nio.ch.FileChannelImpl.map0(Native Method)
	at sun.nio.ch.FileChannelImpl.map(FileChannelImpl.java:885)
	... 5 common frames omitted
[2018-03-14 12:07:22.654] ERROR map file C:\Users\Administrator\rocketmq-console-test\20180314120653\commitlog\00000000000000000000 Failed. 
java.io.IOException: Map failed
	at sun.nio.ch.FileChannelImpl.map(FileChannelImpl.java:888)
	at org.apache.rocketmq.store.MappedFile.init(MappedFile.java:160)
	at org.apache.rocketmq.store.MappedFile.<init>(MappedFile.java:71)
	at org.apache.rocketmq.store.AllocateMappedFileService.mmapOperation(AllocateMappedFileService.java:182)
	at org.apache.rocketmq.store.AllocateMappedFileService.run(AllocateMappedFileService.java:143)
	at java.lang.Thread.run(Thread.java:745)
Caused by: java.lang.OutOfMemoryError: Map failed
	at sun.nio.ch.FileChannelImpl.map0(Native Method)
	at sun.nio.ch.FileChannelImpl.map(FileChannelImpl.java:885)
	... 5 common frames omitted
[2018-03-14 12:07:22.654]  WARN AllocateMappedFileService service has exception. 
java.io.IOException: Map failed
	at sun.nio.ch.FileChannelImpl.map(FileChannelImpl.java:888)
	at org.apache.rocketmq.store.MappedFile.init(MappedFile.java:160)
	at org.apache.rocketmq.store.MappedFile.<init>(MappedFile.java:71)
	at org.apache.rocketmq.store.AllocateMappedFileService.mmapOperation(AllocateMappedFileService.java:182)
	at org.apache.rocketmq.store.AllocateMappedFileService.run(AllocateMappedFileService.java:143)
	at java.lang.Thread.run(Thread.java:745)
Caused by: java.lang.OutOfMemoryError: Map failed
	at sun.nio.ch.FileChannelImpl.map0(Native Method)
	at sun.nio.ch.FileChannelImpl.map(FileChannelImpl.java:885)
	... 5 common frames omitted
[2018-03-14 12:07:22.879] ERROR map file C:\Users\Administrator\rocketmq-console-test\20180314120653\commitlog\00000000000000000000 Failed. 
java.io.IOException: Map failed
	at sun.nio.ch.FileChannelImpl.map(FileChannelImpl.java:888)
	at org.apache.rocketmq.store.MappedFile.init(MappedFile.java:160)
	at org.apache.rocketmq.store.MappedFile.<init>(MappedFile.java:71)
	at org.apache.rocketmq.store.AllocateMappedFileService.mmapOperation(AllocateMappedFileService.java:182)
	at org.apache.rocketmq.store.AllocateMappedFileService.run(AllocateMappedFileService.java:143)
	at java.lang.Thread.run(Thread.java:745)
Caused by: java.lang.OutOfMemoryError: Map failed
	at sun.nio.ch.FileChannelImpl.map0(Native Method)
	at sun.nio.ch.FileChannelImpl.map(FileChannelImpl.java:885)
	... 5 common frames omitted
[2018-03-14 12:07:22.880]  WARN AllocateMappedFileService service has exception. 
java.io.IOException: Map failed
	at sun.nio.ch.FileChannelImpl.map(FileChannelImpl.java:888)
	at org.apache.rocketmq.store.MappedFile.init(MappedFile.java:160)
	at org.apache.rocketmq.store.MappedFile.<init>(MappedFile.java:71)
	at org.apache.rocketmq.store.AllocateMappedFileService.mmapOperation(AllocateMappedFileService.java:182)
	at org.apache.rocketmq.store.AllocateMappedFileService.run(AllocateMappedFileService.java:143)
	at java.lang.Thread.run(Thread.java:745)
Caused by: java.lang.OutOfMemoryError: Map failed
	at sun.nio.ch.FileChannelImpl.map0(Native Method)
	at sun.nio.ch.FileChannelImpl.map(FileChannelImpl.java:885)
	... 5 common frames omitted
[2018-03-14 12:07:23.106] ERROR map file C:\Users\Administrator\rocketmq-console-test\20180314120653\commitlog\00000000000000000000 Failed. 
java.io.IOException: Map failed
	at sun.nio.ch.FileChannelImpl.map(FileChannelImpl.java:888)
	at org.apache.rocketmq.store.MappedFile.init(MappedFile.java:160)
	at org.apache.rocketmq.store.MappedFile.<init>(MappedFile.java:71)
	at org.apache.rocketmq.store.AllocateMappedFileService.mmapOperation(AllocateMappedFileService.java:182)
	at org.apache.rocketmq.store.AllocateMappedFileService.run(AllocateMappedFileService.java:143)
	at java.lang.Thread.run(Thread.java:745)
Caused by: java.lang.OutOfMemoryError: Map failed
	at sun.nio.ch.FileChannelImpl.map0(Native Method)
	at sun.nio.ch.FileChannelImpl.map(FileChannelImpl.java:885)
	... 5 common frames omitted
[2018-03-14 12:07:23.106]  WARN AllocateMappedFileService service has exception. 
java.io.IOException: Map failed
	at sun.nio.ch.FileChannelImpl.map(FileChannelImpl.java:888)
	at org.apache.rocketmq.store.MappedFile.init(MappedFile.java:160)
	at org.apache.rocketmq.store.MappedFile.<init>(MappedFile.java:71)
	at org.apache.rocketmq.store.AllocateMappedFileService.mmapOperation(AllocateMappedFileService.java:182)
	at org.apache.rocketmq.store.AllocateMappedFileService.run(AllocateMappedFileService.java:143)
	at java.lang.Thread.run(Thread.java:745)
Caused by: java.lang.OutOfMemoryError: Map failed
	at sun.nio.ch.FileChannelImpl.map0(Native Method)
	at sun.nio.ch.FileChannelImpl.map(FileChannelImpl.java:885)
	... 5 common frames omitted
[2018-03-14 12:07:23.238]  WARN AllocateMappedFileService service has exception. so return null
[2018-03-14 12:07:23.238] ERROR create maped file1 error, topic: TEST_CONSOLE_TOPIC clientAddr: 127.0.0.1
[2018-03-14 12:07:23.239]  WARN sendKernelImpl exception, resend at once, InvokeID: 2144141382279811616, RT: 3ms, Broker: MessageQueue [topic=TEST_CONSOLE_TOPIC, brokerName=ConsoleTestBroker, queueId=11]
org.apache.rocketmq.client.exception.MQBrokerException: CODE: 1  DESC: create mapped file failed, server is busy or broken.
For more information, please visit the url, http://rocketmq.apache.org/docs/faq/
	at org.apache.rocketmq.client.impl.MQClientAPIImpl.processSendResponse(MQClientAPIImpl.java:531)
	at org.apache.rocketmq.client.impl.MQClientAPIImpl.sendMessageSync(MQClientAPIImpl.java:345)
	at org.apache.rocketmq.client.impl.MQClientAPIImpl.sendMessage(MQClientAPIImpl.java:327)
	at org.apache.rocketmq.client.impl.MQClientAPIImpl.sendMessage(MQClientAPIImpl.java:290)
	at org.apache.rocketmq.client.impl.producer.DefaultMQProducerImpl.sendKernelImpl(DefaultMQProducerImpl.java:688)
	at org.apache.rocketmq.client.impl.producer.DefaultMQProducerImpl.sendDefaultImpl(DefaultMQProducerImpl.java:458)
	at org.apache.rocketmq.client.impl.producer.DefaultMQProducerImpl.send(DefaultMQProducerImpl.java:1049)
	at org.apache.rocketmq.client.impl.producer.DefaultMQProducerImpl.send(DefaultMQProducerImpl.java:1008)
	at org.apache.rocketmq.client.producer.DefaultMQProducer.send(DefaultMQProducer.java:204)
	at org.apache.rocketmq.console.testbase.RocketMQConsoleTestBase.sendTestTopicMessage(RocketMQConsoleTestBase.java:107)
	at org.apache.rocketmq.console.service.impl.TopicServiceImplTest.setUp(TopicServiceImplTest.java:57)
	at sun.reflect.NativeMethodAccessorImpl.invoke0(Native Method)
	at sun.reflect.NativeMethodAccessorImpl.invoke(NativeMethodAccessorImpl.java:57)
	at sun.reflect.DelegatingMethodAccessorImpl.invoke(DelegatingMethodAccessorImpl.java:43)
	at java.lang.reflect.Method.invoke(Method.java:606)
	at org.junit.runners.model.FrameworkMethod$1.runReflectiveCall(FrameworkMethod.java:50)
	at org.junit.internal.runners.model.ReflectiveCallable.run(ReflectiveCallable.java:12)
	at org.junit.runners.model.FrameworkMethod.invokeExplosively(FrameworkMethod.java:47)
	at org.junit.internal.runners.statements.RunBefores.evaluate(RunBefores.java:24)
	at org.springframework.test.context.junit4.statements.RunBeforeTestMethodCallbacks.evaluate(RunBeforeTestMethodCallbacks.java:75)
	at org.junit.internal.runners.statements.RunAfters.evaluate(RunAfters.java:27)
	at org.springframework.test.context.junit4.statements.RunAfterTestMethodCallbacks.evaluate(RunAfterTestMethodCallbacks.java:86)
	at org.springframework.test.context.junit4.statements.SpringRepeat.evaluate(SpringRepeat.java:84)
	at org.junit.runners.ParentRunner.runLeaf(ParentRunner.java:325)
	at org.springframework.test.context.junit4.SpringJUnit4ClassRunner.runChild(SpringJUnit4ClassRunner.java:252)
	at org.springframework.test.context.junit4.SpringJUnit4ClassRunner.runChild(SpringJUnit4ClassRunner.java:94)
	at org.junit.runners.ParentRunner$3.run(ParentRunner.java:290)
	at org.junit.runners.ParentRunner$1.schedule(ParentRunner.java:71)
	at org.junit.runners.ParentRunner.runChildren(ParentRunner.java:288)
	at org.junit.runners.ParentRunner.access$000(ParentRunner.java:58)
	at org.junit.runners.ParentRunner$2.evaluate(ParentRunner.java:268)
	at org.springframework.test.context.junit4.statements.RunBeforeTestClassCallbacks.evaluate(RunBeforeTestClassCallbacks.java:61)
	at org.springframework.test.context.junit4.statements.RunAfterTestClassCallbacks.evaluate(RunAfterTestClassCallbacks.java:70)
	at org.junit.runners.ParentRunner.run(ParentRunner.java:363)
	at org.springframework.test.context.junit4.SpringJUnit4ClassRunner.run(SpringJUnit4ClassRunner.java:191)
	at org.apache.maven.surefire.junit4.JUnit4Provider.execute(JUnit4Provider.java:367)
	at org.apache.maven.surefire.junit4.JUnit4Provider.executeWithRerun(JUnit4Provider.java:274)
	at org.apache.maven.surefire.junit4.JUnit4Provider.executeTestSet(JUnit4Provider.java:238)
	at org.apache.maven.surefire.junit4.JUnit4Provider.invoke(JUnit4Provider.java:161)
	at org.apache.maven.surefire.booter.ForkedBooter.invokeProviderInSameClassLoader(ForkedBooter.java:290)
	at org.apache.maven.surefire.booter.ForkedBooter.runSuitesInProcess(ForkedBooter.java:242)
	at org.apache.maven.surefire.booter.ForkedBooter.main(ForkedBooter.java:121)
[2018-03-14 12:07:23.239]  WARN Message [topic=TEST_CONSOLE_TOPIC, flag=0, properties={KEYS=TEST_TOPIC_KEY, WAIT=true, UNIQ_KEY=C0A859EB30A4011E1E6742F96F630015}, body=11]
[2018-03-14 12:07:23.240]  WARN AllocateMappedFileService service has exception. so return null
[2018-03-14 12:07:23.240] ERROR create maped file1 error, topic: TEST_CONSOLE_TOPIC clientAddr: 127.0.0.1
[2018-03-14 12:07:23.241]  WARN sendKernelImpl exception, resend at once, InvokeID: 2144141382279811616, RT: 1ms, Broker: MessageQueue [topic=TEST_CONSOLE_TOPIC, brokerName=ConsoleTestBroker, queueId=13]
org.apache.rocketmq.client.exception.MQBrokerException: CODE: 1  DESC: create mapped file failed, server is busy or broken.
For more information, please visit the url, http://rocketmq.apache.org/docs/faq/
	at org.apache.rocketmq.client.impl.MQClientAPIImpl.processSendResponse(MQClientAPIImpl.java:531)
	at org.apache.rocketmq.client.impl.MQClientAPIImpl.sendMessageSync(MQClientAPIImpl.java:345)
	at org.apache.rocketmq.client.impl.MQClientAPIImpl.sendMessage(MQClientAPIImpl.java:327)
	at org.apache.rocketmq.client.impl.MQClientAPIImpl.sendMessage(MQClientAPIImpl.java:290)
	at org.apache.rocketmq.client.impl.producer.DefaultMQProducerImpl.sendKernelImpl(DefaultMQProducerImpl.java:688)
	at org.apache.rocketmq.client.impl.producer.DefaultMQProducerImpl.sendDefaultImpl(DefaultMQProducerImpl.java:458)
	at org.apache.rocketmq.client.impl.producer.DefaultMQProducerImpl.send(DefaultMQProducerImpl.java:1049)
	at org.apache.rocketmq.client.impl.producer.DefaultMQProducerImpl.send(DefaultMQProducerImpl.java:1008)
	at org.apache.rocketmq.client.producer.DefaultMQProducer.send(DefaultMQProducer.java:204)
	at org.apache.rocketmq.console.testbase.RocketMQConsoleTestBase.sendTestTopicMessage(RocketMQConsoleTestBase.java:107)
	at org.apache.rocketmq.console.service.impl.TopicServiceImplTest.setUp(TopicServiceImplTest.java:57)
	at sun.reflect.NativeMethodAccessorImpl.invoke0(Native Method)
	at sun.reflect.NativeMethodAccessorImpl.invoke(NativeMethodAccessorImpl.java:57)
	at sun.reflect.DelegatingMethodAccessorImpl.invoke(DelegatingMethodAccessorImpl.java:43)
	at java.lang.reflect.Method.invoke(Method.java:606)
	at org.junit.runners.model.FrameworkMethod$1.runReflectiveCall(FrameworkMethod.java:50)
	at org.junit.internal.runners.model.ReflectiveCallable.run(ReflectiveCallable.java:12)
	at org.junit.runners.model.FrameworkMethod.invokeExplosively(FrameworkMethod.java:47)
	at org.junit.internal.runners.statements.RunBefores.evaluate(RunBefores.java:24)
	at org.springframework.test.context.junit4.statements.RunBeforeTestMethodCallbacks.evaluate(RunBeforeTestMethodCallbacks.java:75)
	at org.junit.internal.runners.statements.RunAfters.evaluate(RunAfters.java:27)
	at org.springframework.test.context.junit4.statements.RunAfterTestMethodCallbacks.evaluate(RunAfterTestMethodCallbacks.java:86)
	at org.springframework.test.context.junit4.statements.SpringRepeat.evaluate(SpringRepeat.java:84)
	at org.junit.runners.ParentRunner.runLeaf(ParentRunner.java:325)
	at org.springframework.test.context.junit4.SpringJUnit4ClassRunner.runChild(SpringJUnit4ClassRunner.java:252)
	at org.springframework.test.context.junit4.SpringJUnit4ClassRunner.runChild(SpringJUnit4ClassRunner.java:94)
	at org.junit.runners.ParentRunner$3.run(ParentRunner.java:290)
	at org.junit.runners.ParentRunner$1.schedule(ParentRunner.java:71)
	at org.junit.runners.ParentRunner.runChildren(ParentRunner.java:288)
	at org.junit.runners.ParentRunner.access$000(ParentRunner.java:58)
	at org.junit.runners.ParentRunner$2.evaluate(ParentRunner.java:268)
	at org.springframework.test.context.junit4.statements.RunBeforeTestClassCallbacks.evaluate(RunBeforeTestClassCallbacks.java:61)
	at org.springframework.test.context.junit4.statements.RunAfterTestClassCallbacks.evaluate(RunAfterTestClassCallbacks.java:70)
	at org.junit.runners.ParentRunner.run(ParentRunner.java:363)
	at org.springframework.test.context.junit4.SpringJUnit4ClassRunner.run(SpringJUnit4ClassRunner.java:191)
	at org.apache.maven.surefire.junit4.JUnit4Provider.execute(JUnit4Provider.java:367)
	at org.apache.maven.surefire.junit4.JUnit4Provider.executeWithRerun(JUnit4Provider.java:274)
	at org.apache.maven.surefire.junit4.JUnit4Provider.executeTestSet(JUnit4Provider.java:238)
	at org.apache.maven.surefire.junit4.JUnit4Provider.invoke(JUnit4Provider.java:161)
	at org.apache.maven.surefire.booter.ForkedBooter.invokeProviderInSameClassLoader(ForkedBooter.java:290)
	at org.apache.maven.surefire.booter.ForkedBooter.runSuitesInProcess(ForkedBooter.java:242)
	at org.apache.maven.surefire.booter.ForkedBooter.main(ForkedBooter.java:121)
[2018-03-14 12:07:23.241]  WARN Message [topic=TEST_CONSOLE_TOPIC, flag=0, properties={KEYS=TEST_TOPIC_KEY, WAIT=true, UNIQ_KEY=C0A859EB30A4011E1E6742F96F630015}, body=11]
[2018-03-14 12:07:23.242]  WARN AllocateMappedFileService service has exception. so return null
[2018-03-14 12:07:23.242] ERROR create maped file1 error, topic: TEST_CONSOLE_TOPIC clientAddr: 127.0.0.1
[2018-03-14 12:07:23.243]  WARN sendKernelImpl exception, resend at once, InvokeID: 2144141382279811616, RT: 2ms, Broker: MessageQueue [topic=TEST_CONSOLE_TOPIC, brokerName=ConsoleTestBroker, queueId=15]
org.apache.rocketmq.client.exception.MQBrokerException: CODE: 1  DESC: create mapped file failed, server is busy or broken.
For more information, please visit the url, http://rocketmq.apache.org/docs/faq/
	at org.apache.rocketmq.client.impl.MQClientAPIImpl.processSendResponse(MQClientAPIImpl.java:531)
	at org.apache.rocketmq.client.impl.MQClientAPIImpl.sendMessageSync(MQClientAPIImpl.java:345)
	at org.apache.rocketmq.client.impl.MQClientAPIImpl.sendMessage(MQClientAPIImpl.java:327)
	at org.apache.rocketmq.client.impl.MQClientAPIImpl.sendMessage(MQClientAPIImpl.java:290)
	at org.apache.rocketmq.client.impl.producer.DefaultMQProducerImpl.sendKernelImpl(DefaultMQProducerImpl.java:688)
	at org.apache.rocketmq.client.impl.producer.DefaultMQProducerImpl.sendDefaultImpl(DefaultMQProducerImpl.java:458)
	at org.apache.rocketmq.client.impl.producer.DefaultMQProducerImpl.send(DefaultMQProducerImpl.java:1049)
	at org.apache.rocketmq.client.impl.producer.DefaultMQProducerImpl.send(DefaultMQProducerImpl.java:1008)
	at org.apache.rocketmq.client.producer.DefaultMQProducer.send(DefaultMQProducer.java:204)
	at org.apache.rocketmq.console.testbase.RocketMQConsoleTestBase.sendTestTopicMessage(RocketMQConsoleTestBase.java:107)
	at org.apache.rocketmq.console.service.impl.TopicServiceImplTest.setUp(TopicServiceImplTest.java:57)
	at sun.reflect.NativeMethodAccessorImpl.invoke0(Native Method)
	at sun.reflect.NativeMethodAccessorImpl.invoke(NativeMethodAccessorImpl.java:57)
	at sun.reflect.DelegatingMethodAccessorImpl.invoke(DelegatingMethodAccessorImpl.java:43)
	at java.lang.reflect.Method.invoke(Method.java:606)
	at org.junit.runners.model.FrameworkMethod$1.runReflectiveCall(FrameworkMethod.java:50)
	at org.junit.internal.runners.model.ReflectiveCallable.run(ReflectiveCallable.java:12)
	at org.junit.runners.model.FrameworkMethod.invokeExplosively(FrameworkMethod.java:47)
	at org.junit.internal.runners.statements.RunBefores.evaluate(RunBefores.java:24)
	at org.springframework.test.context.junit4.statements.RunBeforeTestMethodCallbacks.evaluate(RunBeforeTestMethodCallbacks.java:75)
	at org.junit.internal.runners.statements.RunAfters.evaluate(RunAfters.java:27)
	at org.springframework.test.context.junit4.statements.RunAfterTestMethodCallbacks.evaluate(RunAfterTestMethodCallbacks.java:86)
	at org.springframework.test.context.junit4.statements.SpringRepeat.evaluate(SpringRepeat.java:84)
	at org.junit.runners.ParentRunner.runLeaf(ParentRunner.java:325)
	at org.springframework.test.context.junit4.SpringJUnit4ClassRunner.runChild(SpringJUnit4ClassRunner.java:252)
	at org.springframework.test.context.junit4.SpringJUnit4ClassRunner.runChild(SpringJUnit4ClassRunner.java:94)
	at org.junit.runners.ParentRunner$3.run(ParentRunner.java:290)
	at org.junit.runners.ParentRunner$1.schedule(ParentRunner.java:71)
	at org.junit.runners.ParentRunner.runChildren(ParentRunner.java:288)
	at org.junit.runners.ParentRunner.access$000(ParentRunner.java:58)
	at org.junit.runners.ParentRunner$2.evaluate(ParentRunner.java:268)
	at org.springframework.test.context.junit4.statements.RunBeforeTestClassCallbacks.evaluate(RunBeforeTestClassCallbacks.java:61)
	at org.springframework.test.context.junit4.statements.RunAfterTestClassCallbacks.evaluate(RunAfterTestClassCallbacks.java:70)
	at org.junit.runners.ParentRunner.run(ParentRunner.java:363)
	at org.springframework.test.context.junit4.SpringJUnit4ClassRunner.run(SpringJUnit4ClassRunner.java:191)
	at org.apache.maven.surefire.junit4.JUnit4Provider.execute(JUnit4Provider.java:367)
	at org.apache.maven.surefire.junit4.JUnit4Provider.executeWithRerun(JUnit4Provider.java:274)
	at org.apache.maven.surefire.junit4.JUnit4Provider.executeTestSet(JUnit4Provider.java:238)
	at org.apache.maven.surefire.junit4.JUnit4Provider.invoke(JUnit4Provider.java:161)
	at org.apache.maven.surefire.booter.ForkedBooter.invokeProviderInSameClassLoader(ForkedBooter.java:290)
	at org.apache.maven.surefire.booter.ForkedBooter.runSuitesInProcess(ForkedBooter.java:242)
	at org.apache.maven.surefire.booter.ForkedBooter.main(ForkedBooter.java:121)
[2018-03-14 12:07:23.243]  WARN Message [topic=TEST_CONSOLE_TOPIC, flag=0, properties={KEYS=TEST_TOPIC_KEY, WAIT=true, UNIQ_KEY=C0A859EB30A4011E1E6742F96F630015}, body=11]
[2018-03-14 12:07:23.329] ERROR map file C:\Users\Administrator\rocketmq-console-test\20180314120653\commitlog\00000000000000000000 Failed. 
java.io.IOException: Map failed
	at sun.nio.ch.FileChannelImpl.map(FileChannelImpl.java:888)
	at org.apache.rocketmq.store.MappedFile.init(MappedFile.java:160)
	at org.apache.rocketmq.store.MappedFile.<init>(MappedFile.java:71)
	at org.apache.rocketmq.store.AllocateMappedFileService.mmapOperation(AllocateMappedFileService.java:182)
	at org.apache.rocketmq.store.AllocateMappedFileService.run(AllocateMappedFileService.java:143)
	at java.lang.Thread.run(Thread.java:745)
Caused by: java.lang.OutOfMemoryError: Map failed
	at sun.nio.ch.FileChannelImpl.map0(Native Method)
	at sun.nio.ch.FileChannelImpl.map(FileChannelImpl.java:885)
	... 5 common frames omitted
[2018-03-14 12:07:23.329]  WARN AllocateMappedFileService service has exception. 
java.io.IOException: Map failed
	at sun.nio.ch.FileChannelImpl.map(FileChannelImpl.java:888)
	at org.apache.rocketmq.store.MappedFile.init(MappedFile.java:160)
	at org.apache.rocketmq.store.MappedFile.<init>(MappedFile.java:71)
	at org.apache.rocketmq.store.AllocateMappedFileService.mmapOperation(AllocateMappedFileService.java:182)
	at org.apache.rocketmq.store.AllocateMappedFileService.run(AllocateMappedFileService.java:143)
	at java.lang.Thread.run(Thread.java:745)
Caused by: java.lang.OutOfMemoryError: Map failed
	at sun.nio.ch.FileChannelImpl.map0(Native Method)
	at sun.nio.ch.FileChannelImpl.map(FileChannelImpl.java:885)
	... 5 common frames omitted
[2018-03-14 12:07:23.545] ERROR map file C:\Users\Administrator\rocketmq-console-test\20180314120653\commitlog\00000000000000000000 Failed. 
java.io.IOException: Map failed
	at sun.nio.ch.FileChannelImpl.map(FileChannelImpl.java:888)
	at org.apache.rocketmq.store.MappedFile.init(MappedFile.java:160)
	at org.apache.rocketmq.store.MappedFile.<init>(MappedFile.java:71)
	at org.apache.rocketmq.store.AllocateMappedFileService.mmapOperation(AllocateMappedFileService.java:182)
	at org.apache.rocketmq.store.AllocateMappedFileService.run(AllocateMappedFileService.java:143)
	at java.lang.Thread.run(Thread.java:745)
Caused by: java.lang.OutOfMemoryError: Map failed
	at sun.nio.ch.FileChannelImpl.map0(Native Method)
	at sun.nio.ch.FileChannelImpl.map(FileChannelImpl.java:885)
	... 5 common frames omitted
[2018-03-14 12:07:23.545]  WARN AllocateMappedFileService service has exception. 
java.io.IOException: Map failed
	at sun.nio.ch.FileChannelImpl.map(FileChannelImpl.java:888)
	at org.apache.rocketmq.store.MappedFile.init(MappedFile.java:160)
	at org.apache.rocketmq.store.MappedFile.<init>(MappedFile.java:71)
	at org.apache.rocketmq.store.AllocateMappedFileService.mmapOperation(AllocateMappedFileService.java:182)
	at org.apache.rocketmq.store.AllocateMappedFileService.run(AllocateMappedFileService.java:143)
	at java.lang.Thread.run(Thread.java:745)
Caused by: java.lang.OutOfMemoryError: Map failed
	at sun.nio.ch.FileChannelImpl.map0(Native Method)
	at sun.nio.ch.FileChannelImpl.map(FileChannelImpl.java:885)
	... 5 common frames omitted
[2018-03-14 12:07:23.668] ERROR ProcessRequestWrapper response to /127.0.0.1:56309 failed
java.nio.channels.ClosedChannelException: null
[2018-03-14 12:07:23.668] ERROR RemotingCommand [code=11, language=JAVA, version=212, opaque=5173, flag(B)=0, remark=null, extFields={topic=TEST_CONSOLE_TOPIC, suspendTimeoutMillis=15000, queueId=2, subVersion=1521000425079, consumerGroup=CONSOLE_TEST_CONSUMER_GROUP, maxMsgNums=32, sysFlag=2, commitOffset=0, queueOffset=0}, serializeTypeCurrentRPC=JSON]
[2018-03-14 12:07:23.669] ERROR RemotingCommand [code=19, language=JAVA, version=212, opaque=5173, flag(B)=1, remark=NO_MESSAGE_IN_QUEUE, extFields=null, serializeTypeCurrentRPC=JSON]
[2018-03-14 12:07:23.669] ERROR ProcessRequestWrapper response to /127.0.0.1:56309 failed
java.nio.channels.ClosedChannelException: null
[2018-03-14 12:07:23.669] ERROR RemotingCommand [code=11, language=JAVA, version=212, opaque=5179, flag(B)=0, remark=null, extFields={topic=TEST_CONSOLE_TOPIC, suspendTimeoutMillis=15000, queueId=14, subVersion=1521000425079, consumerGroup=CONSOLE_TEST_CONSUMER_GROUP, maxMsgNums=32, sysFlag=2, commitOffset=0, queueOffset=0}, serializeTypeCurrentRPC=JSON]
[2018-03-14 12:07:23.669] ERROR RemotingCommand [code=19, language=JAVA, version=212, opaque=5179, flag(B)=1, remark=NO_MESSAGE_IN_QUEUE, extFields=null, serializeTypeCurrentRPC=JSON]
[2018-03-14 12:07:23.669] ERROR ProcessRequestWrapper response to /127.0.0.1:56309 failed
java.nio.channels.ClosedChannelException: null
[2018-03-14 12:07:23.669] ERROR RemotingCommand [code=11, language=JAVA, version=212, opaque=5177, flag(B)=0, remark=null, extFields={topic=TEST_CONSOLE_TOPIC, suspendTimeoutMillis=15000, queueId=12, subVersion=1521000425079, consumerGroup=CONSOLE_TEST_CONSUMER_GROUP, maxMsgNums=32, sysFlag=2, commitOffset=0, queueOffset=0}, serializeTypeCurrentRPC=JSON]
[2018-03-14 12:07:23.669] ERROR RemotingCommand [code=19, language=JAVA, version=212, opaque=5177, flag(B)=1, remark=NO_MESSAGE_IN_QUEUE, extFields=null, serializeTypeCurrentRPC=JSON]
[2018-03-14 12:07:23.669] ERROR ProcessRequestWrapper response to /127.0.0.1:56309 failed
java.nio.channels.ClosedChannelException: null
[2018-03-14 12:07:23.669] ERROR RemotingCommand [code=11, language=JAVA, version=212, opaque=5186, flag(B)=0, remark=null, extFields={topic=TEST_CONSOLE_TOPIC, suspendTimeoutMillis=15000, queueId=11, subVersion=1521000425079, consumerGroup=CONSOLE_TEST_CONSUMER_GROUP, maxMsgNums=32, sysFlag=2, commitOffset=0, queueOffset=0}, serializeTypeCurrentRPC=JSON]
[2018-03-14 12:07:23.669] ERROR RemotingCommand [code=19, language=JAVA, version=212, opaque=5186, flag(B)=1, remark=NO_MESSAGE_IN_QUEUE, extFields=null, serializeTypeCurrentRPC=JSON]
[2018-03-14 12:07:23.669] ERROR ProcessRequestWrapper response to /127.0.0.1:56309 failed
java.nio.channels.ClosedChannelException: null
[2018-03-14 12:07:23.669] ERROR RemotingCommand [code=11, language=JAVA, version=212, opaque=5181, flag(B)=0, remark=null, extFields={topic=TEST_CONSOLE_TOPIC, suspendTimeoutMillis=15000, queueId=5, subVersion=1521000425079, consumerGroup=CONSOLE_TEST_CONSUMER_GROUP, maxMsgNums=32, sysFlag=2, commitOffset=0, queueOffset=0}, serializeTypeCurrentRPC=JSON]
[2018-03-14 12:07:23.669] ERROR RemotingCommand [code=19, language=JAVA, version=212, opaque=5181, flag(B)=1, remark=NO_MESSAGE_IN_QUEUE, extFields=null, serializeTypeCurrentRPC=JSON]
[2018-03-14 12:07:23.669] ERROR ProcessRequestWrapper response to /127.0.0.1:56309 failed
java.nio.channels.ClosedChannelException: null
[2018-03-14 12:07:23.669] ERROR RemotingCommand [code=11, language=JAVA, version=212, opaque=5187, flag(B)=0, remark=null, extFields={topic=TEST_CONSOLE_TOPIC, suspendTimeoutMillis=15000, queueId=10, subVersion=1521000425079, consumerGroup=CONSOLE_TEST_CONSUMER_GROUP, maxMsgNums=32, sysFlag=2, commitOffset=0, queueOffset=0}, serializeTypeCurrentRPC=JSON]
[2018-03-14 12:07:23.669] ERROR RemotingCommand [code=19, language=JAVA, version=212, opaque=5187, flag(B)=1, remark=NO_MESSAGE_IN_QUEUE, extFields=null, serializeTypeCurrentRPC=JSON]
[2018-03-14 12:07:23.669] ERROR ProcessRequestWrapper response to /127.0.0.1:56309 failed
java.nio.channels.ClosedChannelException: null
[2018-03-14 12:07:23.669] ERROR RemotingCommand [code=11, language=JAVA, version=212, opaque=5221, flag(B)=0, remark=null, extFields={topic=%RETRY%CONSOLE_TEST_CONSUMER_GROUP, suspendTimeoutMillis=15000, queueId=1, subVersion=1521000425080, consumerGroup=CONSOLE_TEST_CONSUMER_GROUP, maxMsgNums=32, sysFlag=2, commitOffset=0, queueOffset=0}, serializeTypeCurrentRPC=JSON]
[2018-03-14 12:07:23.669] ERROR RemotingCommand [code=19, language=JAVA, version=212, opaque=5221, flag(B)=1, remark=NO_MESSAGE_IN_QUEUE, extFields=null, serializeTypeCurrentRPC=JSON]
[2018-03-14 12:07:23.669] ERROR ProcessRequestWrapper response to /127.0.0.1:56309 failed
java.nio.channels.ClosedChannelException: null
[2018-03-14 12:07:23.669] ERROR RemotingCommand [code=11, language=JAVA, version=212, opaque=5180, flag(B)=0, remark=null, extFields={topic=TEST_CONSOLE_TOPIC, suspendTimeoutMillis=15000, queueId=4, subVersion=1521000425079, consumerGroup=CONSOLE_TEST_CONSUMER_GROUP, maxMsgNums=32, sysFlag=2, commitOffset=0, queueOffset=0}, serializeTypeCurrentRPC=JSON]
[2018-03-14 12:07:23.669] ERROR RemotingCommand [code=19, language=JAVA, version=212, opaque=5180, flag(B)=1, remark=NO_MESSAGE_IN_QUEUE, extFields=null, serializeTypeCurrentRPC=JSON]
[2018-03-14 12:07:23.669] ERROR ProcessRequestWrapper response to /127.0.0.1:56309 failed
java.nio.channels.ClosedChannelException: null
[2018-03-14 12:07:23.669] ERROR RemotingCommand [code=11, language=JAVA, version=212, opaque=5175, flag(B)=0, remark=null, extFields={topic=TEST_CONSOLE_TOPIC, suspendTimeoutMillis=15000, queueId=7, subVersion=1521000425079, consumerGroup=CONSOLE_TEST_CONSUMER_GROUP, maxMsgNums=32, sysFlag=2, commitOffset=0, queueOffset=0}, serializeTypeCurrentRPC=JSON]
[2018-03-14 12:07:23.669] ERROR RemotingCommand [code=19, language=JAVA, version=212, opaque=5175, flag(B)=1, remark=NO_MESSAGE_IN_QUEUE, extFields=null, serializeTypeCurrentRPC=JSON]
[2018-03-14 12:07:23.669] ERROR ProcessRequestWrapper response to /127.0.0.1:56309 failed
java.nio.channels.ClosedChannelException: null
[2018-03-14 12:07:23.669] ERROR RemotingCommand [code=11, language=JAVA, version=212, opaque=5222, flag(B)=0, remark=null, extFields={topic=%RETRY%CONSOLE_TEST_CONSUMER_GROUP, suspendTimeoutMillis=15000, queueId=0, subVersion=1521000425080, consumerGroup=CONSOLE_TEST_CONSUMER_GROUP, maxMsgNums=32, sysFlag=2, commitOffset=0, queueOffset=0}, serializeTypeCurrentRPC=JSON]
[2018-03-14 12:07:23.669] ERROR RemotingCommand [code=19, language=JAVA, version=212, opaque=5222, flag(B)=1, remark=NO_MESSAGE_IN_QUEUE, extFields=null, serializeTypeCurrentRPC=JSON]
[2018-03-14 12:07:23.669] ERROR ProcessRequestWrapper response to /127.0.0.1:56309 failed
java.nio.channels.ClosedChannelException: null
[2018-03-14 12:07:23.669] ERROR RemotingCommand [code=11, language=JAVA, version=212, opaque=5178, flag(B)=0, remark=null, extFields={topic=TEST_CONSOLE_TOPIC, suspendTimeoutMillis=15000, queueId=6, subVersion=1521000425079, consumerGroup=CONSOLE_TEST_CONSUMER_GROUP, maxMsgNums=32, sysFlag=2, commitOffset=0, queueOffset=0}, serializeTypeCurrentRPC=JSON]
[2018-03-14 12:07:23.669] ERROR RemotingCommand [code=19, language=JAVA, version=212, opaque=5178, flag(B)=1, remark=NO_MESSAGE_IN_QUEUE, extFields=null, serializeTypeCurrentRPC=JSON]
[2018-03-14 12:07:23.669] ERROR ProcessRequestWrapper response to /127.0.0.1:56309 failed
java.nio.channels.ClosedChannelException: null
[2018-03-14 12:07:23.669] ERROR RemotingCommand [code=11, language=JAVA, version=212, opaque=5183, flag(B)=0, remark=null, extFields={topic=TEST_CONSOLE_TOPIC, suspendTimeoutMillis=15000, queueId=8, subVersion=1521000425079, consumerGroup=CONSOLE_TEST_CONSUMER_GROUP, maxMsgNums=32, sysFlag=2, commitOffset=0, queueOffset=0}, serializeTypeCurrentRPC=JSON]
[2018-03-14 12:07:23.669] ERROR RemotingCommand [code=19, language=JAVA, version=212, opaque=5183, flag(B)=1, remark=NO_MESSAGE_IN_QUEUE, extFields=null, serializeTypeCurrentRPC=JSON]
[2018-03-14 12:07:23.669] ERROR ProcessRequestWrapper response to /127.0.0.1:56309 failed
java.nio.channels.ClosedChannelException: null
[2018-03-14 12:07:23.669] ERROR RemotingCommand [code=11, language=JAVA, version=212, opaque=5171, flag(B)=0, remark=null, extFields={topic=TEST_CONSOLE_TOPIC, suspendTimeoutMillis=15000, queueId=1, subVersion=1521000425079, consumerGroup=CONSOLE_TEST_CONSUMER_GROUP, maxMsgNums=32, sysFlag=2, commitOffset=0, queueOffset=0}, serializeTypeCurrentRPC=JSON]
[2018-03-14 12:07:23.670] ERROR RemotingCommand [code=19, language=JAVA, version=212, opaque=5171, flag(B)=1, remark=NO_MESSAGE_IN_QUEUE, extFields=null, serializeTypeCurrentRPC=JSON]
[2018-03-14 12:07:23.670] ERROR ProcessRequestWrapper response to /127.0.0.1:56309 failed
java.nio.channels.ClosedChannelException: null
[2018-03-14 12:07:23.670] ERROR RemotingCommand [code=11, language=JAVA, version=212, opaque=5185, flag(B)=0, remark=null, extFields={topic=TEST_CONSOLE_TOPIC, suspendTimeoutMillis=15000, queueId=9, subVersion=1521000425079, consumerGroup=CONSOLE_TEST_CONSUMER_GROUP, maxMsgNums=32, sysFlag=2, commitOffset=0, queueOffset=0}, serializeTypeCurrentRPC=JSON]
[2018-03-14 12:07:23.670] ERROR RemotingCommand [code=19, language=JAVA, version=212, opaque=5185, flag(B)=1, remark=NO_MESSAGE_IN_QUEUE, extFields=null, serializeTypeCurrentRPC=JSON]
[2018-03-14 12:07:23.670] ERROR ProcessRequestWrapper response to /127.0.0.1:56309 failed
java.nio.channels.ClosedChannelException: null
[2018-03-14 12:07:23.670] ERROR RemotingCommand [code=11, language=JAVA, version=212, opaque=5172, flag(B)=0, remark=null, extFields={topic=TEST_CONSOLE_TOPIC, suspendTimeoutMillis=15000, queueId=0, subVersion=1521000425079, consumerGroup=CONSOLE_TEST_CONSUMER_GROUP, maxMsgNums=32, sysFlag=2, commitOffset=0, queueOffset=0}, serializeTypeCurrentRPC=JSON]
[2018-03-14 12:07:23.670] ERROR RemotingCommand [code=19, language=JAVA, version=212, opaque=5172, flag(B)=1, remark=NO_MESSAGE_IN_QUEUE, extFields=null, serializeTypeCurrentRPC=JSON]
[2018-03-14 12:07:23.670] ERROR ProcessRequestWrapper response to /127.0.0.1:56309 failed
java.nio.channels.ClosedChannelException: null
[2018-03-14 12:07:23.670] ERROR RemotingCommand [code=11, language=JAVA, version=212, opaque=5176, flag(B)=0, remark=null, extFields={topic=TEST_CONSOLE_TOPIC, suspendTimeoutMillis=15000, queueId=13, subVersion=1521000425079, consumerGroup=CONSOLE_TEST_CONSUMER_GROUP, maxMsgNums=32, sysFlag=2, commitOffset=0, queueOffset=0}, serializeTypeCurrentRPC=JSON]
[2018-03-14 12:07:23.670] ERROR RemotingCommand [code=19, language=JAVA, version=212, opaque=5176, flag(B)=1, remark=NO_MESSAGE_IN_QUEUE, extFields=null, serializeTypeCurrentRPC=JSON]
[2018-03-14 12:07:23.670] ERROR ProcessRequestWrapper response to /127.0.0.1:56309 failed
java.nio.channels.ClosedChannelException: null
[2018-03-14 12:07:23.670] ERROR RemotingCommand [code=11, language=JAVA, version=212, opaque=5174, flag(B)=0, remark=null, extFields={topic=TEST_CONSOLE_TOPIC, suspendTimeoutMillis=15000, queueId=3, subVersion=1521000425079, consumerGroup=CONSOLE_TEST_CONSUMER_GROUP, maxMsgNums=32, sysFlag=2, commitOffset=0, queueOffset=0}, serializeTypeCurrentRPC=JSON]
[2018-03-14 12:07:23.670] ERROR RemotingCommand [code=19, language=JAVA, version=212, opaque=5174, flag(B)=1, remark=NO_MESSAGE_IN_QUEUE, extFields=null, serializeTypeCurrentRPC=JSON]
[2018-03-14 12:07:23.670] ERROR ProcessRequestWrapper response to /127.0.0.1:56309 failed
java.nio.channels.ClosedChannelException: null
[2018-03-14 12:07:23.670] ERROR RemotingCommand [code=11, language=JAVA, version=212, opaque=5182, flag(B)=0, remark=null, extFields={topic=TEST_CONSOLE_TOPIC, suspendTimeoutMillis=15000, queueId=15, subVersion=1521000425079, consumerGroup=CONSOLE_TEST_CONSUMER_GROUP, maxMsgNums=32, sysFlag=2, commitOffset=0, queueOffset=0}, serializeTypeCurrentRPC=JSON]
[2018-03-14 12:07:23.670] ERROR RemotingCommand [code=19, language=JAVA, version=212, opaque=5182, flag(B)=1, remark=NO_MESSAGE_IN_QUEUE, extFields=null, serializeTypeCurrentRPC=JSON]
[2018-03-14 12:07:23.744]  WARN AllocateMappedFileService service has exception. so return null
[2018-03-14 12:07:23.745] ERROR create maped file1 error, topic: TEST_CONSOLE_TOPIC clientAddr: 127.0.0.1
[2018-03-14 12:07:23.745]  WARN sendKernelImpl exception, resend at once, InvokeID: 2502786538010363994, RT: 1ms, Broker: MessageQueue [topic=TEST_CONSOLE_TOPIC, brokerName=ConsoleTestBroker, queueId=0]
org.apache.rocketmq.client.exception.MQBrokerException: CODE: 1  DESC: create mapped file failed, server is busy or broken.
For more information, please visit the url, http://rocketmq.apache.org/docs/faq/
	at org.apache.rocketmq.client.impl.MQClientAPIImpl.processSendResponse(MQClientAPIImpl.java:531)
	at org.apache.rocketmq.client.impl.MQClientAPIImpl.sendMessageSync(MQClientAPIImpl.java:345)
	at org.apache.rocketmq.client.impl.MQClientAPIImpl.sendMessage(MQClientAPIImpl.java:327)
	at org.apache.rocketmq.client.impl.MQClientAPIImpl.sendMessage(MQClientAPIImpl.java:290)
	at org.apache.rocketmq.client.impl.producer.DefaultMQProducerImpl.sendKernelImpl(DefaultMQProducerImpl.java:688)
	at org.apache.rocketmq.client.impl.producer.DefaultMQProducerImpl.sendDefaultImpl(DefaultMQProducerImpl.java:458)
	at org.apache.rocketmq.client.impl.producer.DefaultMQProducerImpl.send(DefaultMQProducerImpl.java:1049)
	at org.apache.rocketmq.client.impl.producer.DefaultMQProducerImpl.send(DefaultMQProducerImpl.java:1008)
	at org.apache.rocketmq.client.producer.DefaultMQProducer.send(DefaultMQProducer.java:204)
	at org.apache.rocketmq.console.testbase.RocketMQConsoleTestBase.sendTestTopicMessage(RocketMQConsoleTestBase.java:107)
	at org.apache.rocketmq.console.service.impl.TopicServiceImplTest.setUp(TopicServiceImplTest.java:57)
	at sun.reflect.NativeMethodAccessorImpl.invoke0(Native Method)
	at sun.reflect.NativeMethodAccessorImpl.invoke(NativeMethodAccessorImpl.java:57)
	at sun.reflect.DelegatingMethodAccessorImpl.invoke(DelegatingMethodAccessorImpl.java:43)
	at java.lang.reflect.Method.invoke(Method.java:606)
	at org.junit.runners.model.FrameworkMethod$1.runReflectiveCall(FrameworkMethod.java:50)
	at org.junit.internal.runners.model.ReflectiveCallable.run(ReflectiveCallable.java:12)
	at org.junit.runners.model.FrameworkMethod.invokeExplosively(FrameworkMethod.java:47)
	at org.junit.internal.runners.statements.RunBefores.evaluate(RunBefores.java:24)
	at org.springframework.test.context.junit4.statements.RunBeforeTestMethodCallbacks.evaluate(RunBeforeTestMethodCallbacks.java:75)
	at org.junit.internal.runners.statements.RunAfters.evaluate(RunAfters.java:27)
	at org.springframework.test.context.junit4.statements.RunAfterTestMethodCallbacks.evaluate(RunAfterTestMethodCallbacks.java:86)
	at org.springframework.test.context.junit4.statements.SpringRepeat.evaluate(SpringRepeat.java:84)
	at org.junit.runners.ParentRunner.runLeaf(ParentRunner.java:325)
	at org.springframework.test.context.junit4.SpringJUnit4ClassRunner.runChild(SpringJUnit4ClassRunner.java:252)
	at org.springframework.test.context.junit4.SpringJUnit4ClassRunner.runChild(SpringJUnit4ClassRunner.java:94)
	at org.junit.runners.ParentRunner$3.run(ParentRunner.java:290)
	at org.junit.runners.ParentRunner$1.schedule(ParentRunner.java:71)
	at org.junit.runners.ParentRunner.runChildren(ParentRunner.java:288)
	at org.junit.runners.ParentRunner.access$000(ParentRunner.java:58)
	at org.junit.runners.ParentRunner$2.evaluate(ParentRunner.java:268)
	at org.springframework.test.context.junit4.statements.RunBeforeTestClassCallbacks.evaluate(RunBeforeTestClassCallbacks.java:61)
	at org.springframework.test.context.junit4.statements.RunAfterTestClassCallbacks.evaluate(RunAfterTestClassCallbacks.java:70)
	at org.junit.runners.ParentRunner.run(ParentRunner.java:363)
	at org.springframework.test.context.junit4.SpringJUnit4ClassRunner.run(SpringJUnit4ClassRunner.java:191)
	at org.apache.maven.surefire.junit4.JUnit4Provider.execute(JUnit4Provider.java:367)
	at org.apache.maven.surefire.junit4.JUnit4Provider.executeWithRerun(JUnit4Provider.java:274)
	at org.apache.maven.surefire.junit4.JUnit4Provider.executeTestSet(JUnit4Provider.java:238)
	at org.apache.maven.surefire.junit4.JUnit4Provider.invoke(JUnit4Provider.java:161)
	at org.apache.maven.surefire.booter.ForkedBooter.invokeProviderInSameClassLoader(ForkedBooter.java:290)
	at org.apache.maven.surefire.booter.ForkedBooter.runSuitesInProcess(ForkedBooter.java:242)
	at org.apache.maven.surefire.booter.ForkedBooter.main(ForkedBooter.java:121)
[2018-03-14 12:07:23.746]  WARN Message [topic=TEST_CONSOLE_TOPIC, flag=0, properties={KEYS=TEST_TOPIC_KEY, WAIT=true, UNIQ_KEY=C0A859EB30A4011E1E6742F96F630015}, body=11]
[2018-03-14 12:07:23.746]  WARN AllocateMappedFileService service has exception. so return null
[2018-03-14 12:07:23.746] ERROR create maped file1 error, topic: TEST_CONSOLE_TOPIC clientAddr: 127.0.0.1
[2018-03-14 12:07:23.747]  WARN sendKernelImpl exception, resend at once, InvokeID: 2502786538010363994, RT: 1ms, Broker: MessageQueue [topic=TEST_CONSOLE_TOPIC, brokerName=ConsoleTestBroker, queueId=2]
org.apache.rocketmq.client.exception.MQBrokerException: CODE: 1  DESC: create mapped file failed, server is busy or broken.
For more information, please visit the url, http://rocketmq.apache.org/docs/faq/
	at org.apache.rocketmq.client.impl.MQClientAPIImpl.processSendResponse(MQClientAPIImpl.java:531)
	at org.apache.rocketmq.client.impl.MQClientAPIImpl.sendMessageSync(MQClientAPIImpl.java:345)
	at org.apache.rocketmq.client.impl.MQClientAPIImpl.sendMessage(MQClientAPIImpl.java:327)
	at org.apache.rocketmq.client.impl.MQClientAPIImpl.sendMessage(MQClientAPIImpl.java:290)
	at org.apache.rocketmq.client.impl.producer.DefaultMQProducerImpl.sendKernelImpl(DefaultMQProducerImpl.java:688)
	at org.apache.rocketmq.client.impl.producer.DefaultMQProducerImpl.sendDefaultImpl(DefaultMQProducerImpl.java:458)
	at org.apache.rocketmq.client.impl.producer.DefaultMQProducerImpl.send(DefaultMQProducerImpl.java:1049)
	at org.apache.rocketmq.client.impl.producer.DefaultMQProducerImpl.send(DefaultMQProducerImpl.java:1008)
	at org.apache.rocketmq.client.producer.DefaultMQProducer.send(DefaultMQProducer.java:204)
	at org.apache.rocketmq.console.testbase.RocketMQConsoleTestBase.sendTestTopicMessage(RocketMQConsoleTestBase.java:107)
	at org.apache.rocketmq.console.service.impl.TopicServiceImplTest.setUp(TopicServiceImplTest.java:57)
	at sun.reflect.NativeMethodAccessorImpl.invoke0(Native Method)
	at sun.reflect.NativeMethodAccessorImpl.invoke(NativeMethodAccessorImpl.java:57)
	at sun.reflect.DelegatingMethodAccessorImpl.invoke(DelegatingMethodAccessorImpl.java:43)
	at java.lang.reflect.Method.invoke(Method.java:606)
	at org.junit.runners.model.FrameworkMethod$1.runReflectiveCall(FrameworkMethod.java:50)
	at org.junit.internal.runners.model.ReflectiveCallable.run(ReflectiveCallable.java:12)
	at org.junit.runners.model.FrameworkMethod.invokeExplosively(FrameworkMethod.java:47)
	at org.junit.internal.runners.statements.RunBefores.evaluate(RunBefores.java:24)
	at org.springframework.test.context.junit4.statements.RunBeforeTestMethodCallbacks.evaluate(RunBeforeTestMethodCallbacks.java:75)
	at org.junit.internal.runners.statements.RunAfters.evaluate(RunAfters.java:27)
	at org.springframework.test.context.junit4.statements.RunAfterTestMethodCallbacks.evaluate(RunAfterTestMethodCallbacks.java:86)
	at org.springframework.test.context.junit4.statements.SpringRepeat.evaluate(SpringRepeat.java:84)
	at org.junit.runners.ParentRunner.runLeaf(ParentRunner.java:325)
	at org.springframework.test.context.junit4.SpringJUnit4ClassRunner.runChild(SpringJUnit4ClassRunner.java:252)
	at org.springframework.test.context.junit4.SpringJUnit4ClassRunner.runChild(SpringJUnit4ClassRunner.java:94)
	at org.junit.runners.ParentRunner$3.run(ParentRunner.java:290)
	at org.junit.runners.ParentRunner$1.schedule(ParentRunner.java:71)
	at org.junit.runners.ParentRunner.runChildren(ParentRunner.java:288)
	at org.junit.runners.ParentRunner.access$000(ParentRunner.java:58)
	at org.junit.runners.ParentRunner$2.evaluate(ParentRunner.java:268)
	at org.springframework.test.context.junit4.statements.RunBeforeTestClassCallbacks.evaluate(RunBeforeTestClassCallbacks.java:61)
	at org.springframework.test.context.junit4.statements.RunAfterTestClassCallbacks.evaluate(RunAfterTestClassCallbacks.java:70)
	at org.junit.runners.ParentRunner.run(ParentRunner.java:363)
	at org.springframework.test.context.junit4.SpringJUnit4ClassRunner.run(SpringJUnit4ClassRunner.java:191)
	at org.apache.maven.surefire.junit4.JUnit4Provider.execute(JUnit4Provider.java:367)
	at org.apache.maven.surefire.junit4.JUnit4Provider.executeWithRerun(JUnit4Provider.java:274)
	at org.apache.maven.surefire.junit4.JUnit4Provider.executeTestSet(JUnit4Provider.java:238)
	at org.apache.maven.surefire.junit4.JUnit4Provider.invoke(JUnit4Provider.java:161)
	at org.apache.maven.surefire.booter.ForkedBooter.invokeProviderInSameClassLoader(ForkedBooter.java:290)
	at org.apache.maven.surefire.booter.ForkedBooter.runSuitesInProcess(ForkedBooter.java:242)
	at org.apache.maven.surefire.booter.ForkedBooter.main(ForkedBooter.java:121)
[2018-03-14 12:07:23.747]  WARN Message [topic=TEST_CONSOLE_TOPIC, flag=0, properties={KEYS=TEST_TOPIC_KEY, WAIT=true, UNIQ_KEY=C0A859EB30A4011E1E6742F96F630015}, body=11]
[2018-03-14 12:07:23.749]  WARN AllocateMappedFileService service has exception. so return null
[2018-03-14 12:07:23.749] ERROR create maped file1 error, topic: TEST_CONSOLE_TOPIC clientAddr: 127.0.0.1
[2018-03-14 12:07:23.750]  WARN sendKernelImpl exception, resend at once, InvokeID: 2502786538010363994, RT: 3ms, Broker: MessageQueue [topic=TEST_CONSOLE_TOPIC, brokerName=ConsoleTestBroker, queueId=4]
org.apache.rocketmq.client.exception.MQBrokerException: CODE: 1  DESC: create mapped file failed, server is busy or broken.
For more information, please visit the url, http://rocketmq.apache.org/docs/faq/
	at org.apache.rocketmq.client.impl.MQClientAPIImpl.processSendResponse(MQClientAPIImpl.java:531)
	at org.apache.rocketmq.client.impl.MQClientAPIImpl.sendMessageSync(MQClientAPIImpl.java:345)
	at org.apache.rocketmq.client.impl.MQClientAPIImpl.sendMessage(MQClientAPIImpl.java:327)
	at org.apache.rocketmq.client.impl.MQClientAPIImpl.sendMessage(MQClientAPIImpl.java:290)
	at org.apache.rocketmq.client.impl.producer.DefaultMQProducerImpl.sendKernelImpl(DefaultMQProducerImpl.java:688)
	at org.apache.rocketmq.client.impl.producer.DefaultMQProducerImpl.sendDefaultImpl(DefaultMQProducerImpl.java:458)
	at org.apache.rocketmq.client.impl.producer.DefaultMQProducerImpl.send(DefaultMQProducerImpl.java:1049)
	at org.apache.rocketmq.client.impl.producer.DefaultMQProducerImpl.send(DefaultMQProducerImpl.java:1008)
	at org.apache.rocketmq.client.producer.DefaultMQProducer.send(DefaultMQProducer.java:204)
	at org.apache.rocketmq.console.testbase.RocketMQConsoleTestBase.sendTestTopicMessage(RocketMQConsoleTestBase.java:107)
	at org.apache.rocketmq.console.service.impl.TopicServiceImplTest.setUp(TopicServiceImplTest.java:57)
	at sun.reflect.NativeMethodAccessorImpl.invoke0(Native Method)
	at sun.reflect.NativeMethodAccessorImpl.invoke(NativeMethodAccessorImpl.java:57)
	at sun.reflect.DelegatingMethodAccessorImpl.invoke(DelegatingMethodAccessorImpl.java:43)
	at java.lang.reflect.Method.invoke(Method.java:606)
	at org.junit.runners.model.FrameworkMethod$1.runReflectiveCall(FrameworkMethod.java:50)
	at org.junit.internal.runners.model.ReflectiveCallable.run(ReflectiveCallable.java:12)
	at org.junit.runners.model.FrameworkMethod.invokeExplosively(FrameworkMethod.java:47)
	at org.junit.internal.runners.statements.RunBefores.evaluate(RunBefores.java:24)
	at org.springframework.test.context.junit4.statements.RunBeforeTestMethodCallbacks.evaluate(RunBeforeTestMethodCallbacks.java:75)
	at org.junit.internal.runners.statements.RunAfters.evaluate(RunAfters.java:27)
	at org.springframework.test.context.junit4.statements.RunAfterTestMethodCallbacks.evaluate(RunAfterTestMethodCallbacks.java:86)
	at org.springframework.test.context.junit4.statements.SpringRepeat.evaluate(SpringRepeat.java:84)
	at org.junit.runners.ParentRunner.runLeaf(ParentRunner.java:325)
	at org.springframework.test.context.junit4.SpringJUnit4ClassRunner.runChild(SpringJUnit4ClassRunner.java:252)
	at org.springframework.test.context.junit4.SpringJUnit4ClassRunner.runChild(SpringJUnit4ClassRunner.java:94)
	at org.junit.runners.ParentRunner$3.run(ParentRunner.java:290)
	at org.junit.runners.ParentRunner$1.schedule(ParentRunner.java:71)
	at org.junit.runners.ParentRunner.runChildren(ParentRunner.java:288)
	at org.junit.runners.ParentRunner.access$000(ParentRunner.java:58)
	at org.junit.runners.ParentRunner$2.evaluate(ParentRunner.java:268)
	at org.springframework.test.context.junit4.statements.RunBeforeTestClassCallbacks.evaluate(RunBeforeTestClassCallbacks.java:61)
	at org.springframework.test.context.junit4.statements.RunAfterTestClassCallbacks.evaluate(RunAfterTestClassCallbacks.java:70)
	at org.junit.runners.ParentRunner.run(ParentRunner.java:363)
	at org.springframework.test.context.junit4.SpringJUnit4ClassRunner.run(SpringJUnit4ClassRunner.java:191)
	at org.apache.maven.surefire.junit4.JUnit4Provider.execute(JUnit4Provider.java:367)
	at org.apache.maven.surefire.junit4.JUnit4Provider.executeWithRerun(JUnit4Provider.java:274)
	at org.apache.maven.surefire.junit4.JUnit4Provider.executeTestSet(JUnit4Provider.java:238)
	at org.apache.maven.surefire.junit4.JUnit4Provider.invoke(JUnit4Provider.java:161)
	at org.apache.maven.surefire.booter.ForkedBooter.invokeProviderInSameClassLoader(ForkedBooter.java:290)
	at org.apache.maven.surefire.booter.ForkedBooter.runSuitesInProcess(ForkedBooter.java:242)
	at org.apache.maven.surefire.booter.ForkedBooter.main(ForkedBooter.java:121)
[2018-03-14 12:07:23.750]  WARN Message [topic=TEST_CONSOLE_TOPIC, flag=0, properties={KEYS=TEST_TOPIC_KEY, WAIT=true, UNIQ_KEY=C0A859EB30A4011E1E6742F96F630015}, body=11]
[2018-03-14 12:07:23.775] ERROR map file C:\Users\Administrator\rocketmq-console-test\20180314120653\commitlog\00000000000000000000 Failed. 
java.io.IOException: Map failed
	at sun.nio.ch.FileChannelImpl.map(FileChannelImpl.java:888)
	at org.apache.rocketmq.store.MappedFile.init(MappedFile.java:160)
	at org.apache.rocketmq.store.MappedFile.<init>(MappedFile.java:71)
	at org.apache.rocketmq.store.AllocateMappedFileService.mmapOperation(AllocateMappedFileService.java:182)
	at org.apache.rocketmq.store.AllocateMappedFileService.run(AllocateMappedFileService.java:143)
	at java.lang.Thread.run(Thread.java:745)
Caused by: java.lang.OutOfMemoryError: Map failed
	at sun.nio.ch.FileChannelImpl.map0(Native Method)
	at sun.nio.ch.FileChannelImpl.map(FileChannelImpl.java:885)
	... 5 common frames omitted
[2018-03-14 12:07:23.775]  WARN AllocateMappedFileService service has exception. 
java.io.IOException: Map failed
	at sun.nio.ch.FileChannelImpl.map(FileChannelImpl.java:888)
	at org.apache.rocketmq.store.MappedFile.init(MappedFile.java:160)
	at org.apache.rocketmq.store.MappedFile.<init>(MappedFile.java:71)
	at org.apache.rocketmq.store.AllocateMappedFileService.mmapOperation(AllocateMappedFileService.java:182)
	at org.apache.rocketmq.store.AllocateMappedFileService.run(AllocateMappedFileService.java:143)
	at java.lang.Thread.run(Thread.java:745)
Caused by: java.lang.OutOfMemoryError: Map failed
	at sun.nio.ch.FileChannelImpl.map0(Native Method)
	at sun.nio.ch.FileChannelImpl.map(FileChannelImpl.java:885)
	... 5 common frames omitted
[2018-03-14 12:07:23.997] ERROR map file C:\Users\Administrator\rocketmq-console-test\20180314120653\commitlog\00000000000000000000 Failed. 
java.io.IOException: Map failed
	at sun.nio.ch.FileChannelImpl.map(FileChannelImpl.java:888)
	at org.apache.rocketmq.store.MappedFile.init(MappedFile.java:160)
	at org.apache.rocketmq.store.MappedFile.<init>(MappedFile.java:71)
	at org.apache.rocketmq.store.AllocateMappedFileService.mmapOperation(AllocateMappedFileService.java:182)
	at org.apache.rocketmq.store.AllocateMappedFileService.run(AllocateMappedFileService.java:143)
	at java.lang.Thread.run(Thread.java:745)
Caused by: java.lang.OutOfMemoryError: Map failed
	at sun.nio.ch.FileChannelImpl.map0(Native Method)
	at sun.nio.ch.FileChannelImpl.map(FileChannelImpl.java:885)
	... 5 common frames omitted
[2018-03-14 12:07:23.997]  WARN AllocateMappedFileService service has exception. 
java.io.IOException: Map failed
	at sun.nio.ch.FileChannelImpl.map(FileChannelImpl.java:888)
	at org.apache.rocketmq.store.MappedFile.init(MappedFile.java:160)
	at org.apache.rocketmq.store.MappedFile.<init>(MappedFile.java:71)
	at org.apache.rocketmq.store.AllocateMappedFileService.mmapOperation(AllocateMappedFileService.java:182)
	at org.apache.rocketmq.store.AllocateMappedFileService.run(AllocateMappedFileService.java:143)
	at java.lang.Thread.run(Thread.java:745)
Caused by: java.lang.OutOfMemoryError: Map failed
	at sun.nio.ch.FileChannelImpl.map0(Native Method)
	at sun.nio.ch.FileChannelImpl.map(FileChannelImpl.java:885)
	... 5 common frames omitted
[2018-03-14 12:07:24.218] ERROR map file C:\Users\Administrator\rocketmq-console-test\20180314120653\commitlog\00000000000000000000 Failed. 
java.io.IOException: Map failed
	at sun.nio.ch.FileChannelImpl.map(FileChannelImpl.java:888)
	at org.apache.rocketmq.store.MappedFile.init(MappedFile.java:160)
	at org.apache.rocketmq.store.MappedFile.<init>(MappedFile.java:71)
	at org.apache.rocketmq.store.AllocateMappedFileService.mmapOperation(AllocateMappedFileService.java:182)
	at org.apache.rocketmq.store.AllocateMappedFileService.run(AllocateMappedFileService.java:143)
	at java.lang.Thread.run(Thread.java:745)
Caused by: java.lang.OutOfMemoryError: Map failed
	at sun.nio.ch.FileChannelImpl.map0(Native Method)
	at sun.nio.ch.FileChannelImpl.map(FileChannelImpl.java:885)
	... 5 common frames omitted
[2018-03-14 12:07:24.219]  WARN AllocateMappedFileService service has exception. 
java.io.IOException: Map failed
	at sun.nio.ch.FileChannelImpl.map(FileChannelImpl.java:888)
	at org.apache.rocketmq.store.MappedFile.init(MappedFile.java:160)
	at org.apache.rocketmq.store.MappedFile.<init>(MappedFile.java:71)
	at org.apache.rocketmq.store.AllocateMappedFileService.mmapOperation(AllocateMappedFileService.java:182)
	at org.apache.rocketmq.store.AllocateMappedFileService.run(AllocateMappedFileService.java:143)
	at java.lang.Thread.run(Thread.java:745)
Caused by: java.lang.OutOfMemoryError: Map failed
	at sun.nio.ch.FileChannelImpl.map0(Native Method)
	at sun.nio.ch.FileChannelImpl.map(FileChannelImpl.java:885)
	... 5 common frames omitted
[2018-03-14 12:07:24.334]  WARN AllocateMappedFileService service has exception. so return null
[2018-03-14 12:07:24.335] ERROR create maped file1 error, topic: TEST_CONSOLE_TOPIC clientAddr: 127.0.0.1
[2018-03-14 12:07:24.336]  WARN sendKernelImpl exception, resend at once, InvokeID: 4422240811827921486, RT: 1ms, Broker: MessageQueue [topic=TEST_CONSOLE_TOPIC, brokerName=ConsoleTestBroker, queueId=5]
org.apache.rocketmq.client.exception.MQBrokerException: CODE: 1  DESC: create mapped file failed, server is busy or broken.
For more information, please visit the url, http://rocketmq.apache.org/docs/faq/
	at org.apache.rocketmq.client.impl.MQClientAPIImpl.processSendResponse(MQClientAPIImpl.java:531)
	at org.apache.rocketmq.client.impl.MQClientAPIImpl.sendMessageSync(MQClientAPIImpl.java:345)
	at org.apache.rocketmq.client.impl.MQClientAPIImpl.sendMessage(MQClientAPIImpl.java:327)
	at org.apache.rocketmq.client.impl.MQClientAPIImpl.sendMessage(MQClientAPIImpl.java:290)
	at org.apache.rocketmq.client.impl.producer.DefaultMQProducerImpl.sendKernelImpl(DefaultMQProducerImpl.java:688)
	at org.apache.rocketmq.client.impl.producer.DefaultMQProducerImpl.sendDefaultImpl(DefaultMQProducerImpl.java:458)
	at org.apache.rocketmq.client.impl.producer.DefaultMQProducerImpl.send(DefaultMQProducerImpl.java:1049)
	at org.apache.rocketmq.client.impl.producer.DefaultMQProducerImpl.send(DefaultMQProducerImpl.java:1008)
	at org.apache.rocketmq.client.producer.DefaultMQProducer.send(DefaultMQProducer.java:204)
	at org.apache.rocketmq.console.testbase.RocketMQConsoleTestBase.sendTestTopicMessage(RocketMQConsoleTestBase.java:107)
	at org.apache.rocketmq.console.service.impl.TopicServiceImplTest.setUp(TopicServiceImplTest.java:57)
	at sun.reflect.NativeMethodAccessorImpl.invoke0(Native Method)
	at sun.reflect.NativeMethodAccessorImpl.invoke(NativeMethodAccessorImpl.java:57)
	at sun.reflect.DelegatingMethodAccessorImpl.invoke(DelegatingMethodAccessorImpl.java:43)
	at java.lang.reflect.Method.invoke(Method.java:606)
	at org.junit.runners.model.FrameworkMethod$1.runReflectiveCall(FrameworkMethod.java:50)
	at org.junit.internal.runners.model.ReflectiveCallable.run(ReflectiveCallable.java:12)
	at org.junit.runners.model.FrameworkMethod.invokeExplosively(FrameworkMethod.java:47)
	at org.junit.internal.runners.statements.RunBefores.evaluate(RunBefores.java:24)
	at org.springframework.test.context.junit4.statements.RunBeforeTestMethodCallbacks.evaluate(RunBeforeTestMethodCallbacks.java:75)
	at org.junit.internal.runners.statements.RunAfters.evaluate(RunAfters.java:27)
	at org.springframework.test.context.junit4.statements.RunAfterTestMethodCallbacks.evaluate(RunAfterTestMethodCallbacks.java:86)
	at org.springframework.test.context.junit4.statements.SpringRepeat.evaluate(SpringRepeat.java:84)
	at org.junit.runners.ParentRunner.runLeaf(ParentRunner.java:325)
	at org.springframework.test.context.junit4.SpringJUnit4ClassRunner.runChild(SpringJUnit4ClassRunner.java:252)
	at org.springframework.test.context.junit4.SpringJUnit4ClassRunner.runChild(SpringJUnit4ClassRunner.java:94)
	at org.junit.runners.ParentRunner$3.run(ParentRunner.java:290)
	at org.junit.runners.ParentRunner$1.schedule(ParentRunner.java:71)
	at org.junit.runners.ParentRunner.runChildren(ParentRunner.java:288)
	at org.junit.runners.ParentRunner.access$000(ParentRunner.java:58)
	at org.junit.runners.ParentRunner$2.evaluate(ParentRunner.java:268)
	at org.springframework.test.context.junit4.statements.RunBeforeTestClassCallbacks.evaluate(RunBeforeTestClassCallbacks.java:61)
	at org.springframework.test.context.junit4.statements.RunAfterTestClassCallbacks.evaluate(RunAfterTestClassCallbacks.java:70)
	at org.junit.runners.ParentRunner.run(ParentRunner.java:363)
	at org.springframework.test.context.junit4.SpringJUnit4ClassRunner.run(SpringJUnit4ClassRunner.java:191)
	at org.apache.maven.surefire.junit4.JUnit4Provider.execute(JUnit4Provider.java:367)
	at org.apache.maven.surefire.junit4.JUnit4Provider.executeWithRerun(JUnit4Provider.java:274)
	at org.apache.maven.surefire.junit4.JUnit4Provider.executeTestSet(JUnit4Provider.java:238)
	at org.apache.maven.surefire.junit4.JUnit4Provider.invoke(JUnit4Provider.java:161)
	at org.apache.maven.surefire.booter.ForkedBooter.invokeProviderInSameClassLoader(ForkedBooter.java:290)
	at org.apache.maven.surefire.booter.ForkedBooter.runSuitesInProcess(ForkedBooter.java:242)
	at org.apache.maven.surefire.booter.ForkedBooter.main(ForkedBooter.java:121)
[2018-03-14 12:07:24.336]  WARN Message [topic=TEST_CONSOLE_TOPIC, flag=0, properties={KEYS=TEST_TOPIC_KEY, WAIT=true, UNIQ_KEY=C0A859EB30A4011E1E6742F96F630015}, body=11]
[2018-03-14 12:07:24.337]  WARN AllocateMappedFileService service has exception. so return null
[2018-03-14 12:07:24.337] ERROR create maped file1 error, topic: TEST_CONSOLE_TOPIC clientAddr: 127.0.0.1
[2018-03-14 12:07:24.338]  WARN sendKernelImpl exception, resend at once, InvokeID: 4422240811827921486, RT: 2ms, Broker: MessageQueue [topic=TEST_CONSOLE_TOPIC, brokerName=ConsoleTestBroker, queueId=7]
org.apache.rocketmq.client.exception.MQBrokerException: CODE: 1  DESC: create mapped file failed, server is busy or broken.
For more information, please visit the url, http://rocketmq.apache.org/docs/faq/
	at org.apache.rocketmq.client.impl.MQClientAPIImpl.processSendResponse(MQClientAPIImpl.java:531)
	at org.apache.rocketmq.client.impl.MQClientAPIImpl.sendMessageSync(MQClientAPIImpl.java:345)
	at org.apache.rocketmq.client.impl.MQClientAPIImpl.sendMessage(MQClientAPIImpl.java:327)
	at org.apache.rocketmq.client.impl.MQClientAPIImpl.sendMessage(MQClientAPIImpl.java:290)
	at org.apache.rocketmq.client.impl.producer.DefaultMQProducerImpl.sendKernelImpl(DefaultMQProducerImpl.java:688)
	at org.apache.rocketmq.client.impl.producer.DefaultMQProducerImpl.sendDefaultImpl(DefaultMQProducerImpl.java:458)
	at org.apache.rocketmq.client.impl.producer.DefaultMQProducerImpl.send(DefaultMQProducerImpl.java:1049)
	at org.apache.rocketmq.client.impl.producer.DefaultMQProducerImpl.send(DefaultMQProducerImpl.java:1008)
	at org.apache.rocketmq.client.producer.DefaultMQProducer.send(DefaultMQProducer.java:204)
	at org.apache.rocketmq.console.testbase.RocketMQConsoleTestBase.sendTestTopicMessage(RocketMQConsoleTestBase.java:107)
	at org.apache.rocketmq.console.service.impl.TopicServiceImplTest.setUp(TopicServiceImplTest.java:57)
	at sun.reflect.NativeMethodAccessorImpl.invoke0(Native Method)
	at sun.reflect.NativeMethodAccessorImpl.invoke(NativeMethodAccessorImpl.java:57)
	at sun.reflect.DelegatingMethodAccessorImpl.invoke(DelegatingMethodAccessorImpl.java:43)
	at java.lang.reflect.Method.invoke(Method.java:606)
	at org.junit.runners.model.FrameworkMethod$1.runReflectiveCall(FrameworkMethod.java:50)
	at org.junit.internal.runners.model.ReflectiveCallable.run(ReflectiveCallable.java:12)
	at org.junit.runners.model.FrameworkMethod.invokeExplosively(FrameworkMethod.java:47)
	at org.junit.internal.runners.statements.RunBefores.evaluate(RunBefores.java:24)
	at org.springframework.test.context.junit4.statements.RunBeforeTestMethodCallbacks.evaluate(RunBeforeTestMethodCallbacks.java:75)
	at org.junit.internal.runners.statements.RunAfters.evaluate(RunAfters.java:27)
	at org.springframework.test.context.junit4.statements.RunAfterTestMethodCallbacks.evaluate(RunAfterTestMethodCallbacks.java:86)
	at org.springframework.test.context.junit4.statements.SpringRepeat.evaluate(SpringRepeat.java:84)
	at org.junit.runners.ParentRunner.runLeaf(ParentRunner.java:325)
	at org.springframework.test.context.junit4.SpringJUnit4ClassRunner.runChild(SpringJUnit4ClassRunner.java:252)
	at org.springframework.test.context.junit4.SpringJUnit4ClassRunner.runChild(SpringJUnit4ClassRunner.java:94)
	at org.junit.runners.ParentRunner$3.run(ParentRunner.java:290)
	at org.junit.runners.ParentRunner$1.schedule(ParentRunner.java:71)
	at org.junit.runners.ParentRunner.runChildren(ParentRunner.java:288)
	at org.junit.runners.ParentRunner.access$000(ParentRunner.java:58)
	at org.junit.runners.ParentRunner$2.evaluate(ParentRunner.java:268)
	at org.springframework.test.context.junit4.statements.RunBeforeTestClassCallbacks.evaluate(RunBeforeTestClassCallbacks.java:61)
	at org.springframework.test.context.junit4.statements.RunAfterTestClassCallbacks.evaluate(RunAfterTestClassCallbacks.java:70)
	at org.junit.runners.ParentRunner.run(ParentRunner.java:363)
	at org.springframework.test.context.junit4.SpringJUnit4ClassRunner.run(SpringJUnit4ClassRunner.java:191)
	at org.apache.maven.surefire.junit4.JUnit4Provider.execute(JUnit4Provider.java:367)
	at org.apache.maven.surefire.junit4.JUnit4Provider.executeWithRerun(JUnit4Provider.java:274)
	at org.apache.maven.surefire.junit4.JUnit4Provider.executeTestSet(JUnit4Provider.java:238)
	at org.apache.maven.surefire.junit4.JUnit4Provider.invoke(JUnit4Provider.java:161)
	at org.apache.maven.surefire.booter.ForkedBooter.invokeProviderInSameClassLoader(ForkedBooter.java:290)
	at org.apache.maven.surefire.booter.ForkedBooter.runSuitesInProcess(ForkedBooter.java:242)
	at org.apache.maven.surefire.booter.ForkedBooter.main(ForkedBooter.java:121)
[2018-03-14 12:07:24.339]  WARN Message [topic=TEST_CONSOLE_TOPIC, flag=0, properties={KEYS=TEST_TOPIC_KEY, WAIT=true, UNIQ_KEY=C0A859EB30A4011E1E6742F96F630015}, body=11]
[2018-03-14 12:07:24.340]  WARN AllocateMappedFileService service has exception. so return null
[2018-03-14 12:07:24.340] ERROR create maped file1 error, topic: TEST_CONSOLE_TOPIC clientAddr: 127.0.0.1
[2018-03-14 12:07:24.341]  WARN sendKernelImpl exception, resend at once, InvokeID: 4422240811827921486, RT: 2ms, Broker: MessageQueue [topic=TEST_CONSOLE_TOPIC, brokerName=ConsoleTestBroker, queueId=9]
org.apache.rocketmq.client.exception.MQBrokerException: CODE: 1  DESC: create mapped file failed, server is busy or broken.
For more information, please visit the url, http://rocketmq.apache.org/docs/faq/
	at org.apache.rocketmq.client.impl.MQClientAPIImpl.processSendResponse(MQClientAPIImpl.java:531)
	at org.apache.rocketmq.client.impl.MQClientAPIImpl.sendMessageSync(MQClientAPIImpl.java:345)
	at org.apache.rocketmq.client.impl.MQClientAPIImpl.sendMessage(MQClientAPIImpl.java:327)
	at org.apache.rocketmq.client.impl.MQClientAPIImpl.sendMessage(MQClientAPIImpl.java:290)
	at org.apache.rocketmq.client.impl.producer.DefaultMQProducerImpl.sendKernelImpl(DefaultMQProducerImpl.java:688)
	at org.apache.rocketmq.client.impl.producer.DefaultMQProducerImpl.sendDefaultImpl(DefaultMQProducerImpl.java:458)
	at org.apache.rocketmq.client.impl.producer.DefaultMQProducerImpl.send(DefaultMQProducerImpl.java:1049)
	at org.apache.rocketmq.client.impl.producer.DefaultMQProducerImpl.send(DefaultMQProducerImpl.java:1008)
	at org.apache.rocketmq.client.producer.DefaultMQProducer.send(DefaultMQProducer.java:204)
	at org.apache.rocketmq.console.testbase.RocketMQConsoleTestBase.sendTestTopicMessage(RocketMQConsoleTestBase.java:107)
	at org.apache.rocketmq.console.service.impl.TopicServiceImplTest.setUp(TopicServiceImplTest.java:57)
	at sun.reflect.NativeMethodAccessorImpl.invoke0(Native Method)
	at sun.reflect.NativeMethodAccessorImpl.invoke(NativeMethodAccessorImpl.java:57)
	at sun.reflect.DelegatingMethodAccessorImpl.invoke(DelegatingMethodAccessorImpl.java:43)
	at java.lang.reflect.Method.invoke(Method.java:606)
	at org.junit.runners.model.FrameworkMethod$1.runReflectiveCall(FrameworkMethod.java:50)
	at org.junit.internal.runners.model.ReflectiveCallable.run(ReflectiveCallable.java:12)
	at org.junit.runners.model.FrameworkMethod.invokeExplosively(FrameworkMethod.java:47)
	at org.junit.internal.runners.statements.RunBefores.evaluate(RunBefores.java:24)
	at org.springframework.test.context.junit4.statements.RunBeforeTestMethodCallbacks.evaluate(RunBeforeTestMethodCallbacks.java:75)
	at org.junit.internal.runners.statements.RunAfters.evaluate(RunAfters.java:27)
	at org.springframework.test.context.junit4.statements.RunAfterTestMethodCallbacks.evaluate(RunAfterTestMethodCallbacks.java:86)
	at org.springframework.test.context.junit4.statements.SpringRepeat.evaluate(SpringRepeat.java:84)
	at org.junit.runners.ParentRunner.runLeaf(ParentRunner.java:325)
	at org.springframework.test.context.junit4.SpringJUnit4ClassRunner.runChild(SpringJUnit4ClassRunner.java:252)
	at org.springframework.test.context.junit4.SpringJUnit4ClassRunner.runChild(SpringJUnit4ClassRunner.java:94)
	at org.junit.runners.ParentRunner$3.run(ParentRunner.java:290)
	at org.junit.runners.ParentRunner$1.schedule(ParentRunner.java:71)
	at org.junit.runners.ParentRunner.runChildren(ParentRunner.java:288)
	at org.junit.runners.ParentRunner.access$000(ParentRunner.java:58)
	at org.junit.runners.ParentRunner$2.evaluate(ParentRunner.java:268)
	at org.springframework.test.context.junit4.statements.RunBeforeTestClassCallbacks.evaluate(RunBeforeTestClassCallbacks.java:61)
	at org.springframework.test.context.junit4.statements.RunAfterTestClassCallbacks.evaluate(RunAfterTestClassCallbacks.java:70)
	at org.junit.runners.ParentRunner.run(ParentRunner.java:363)
	at org.springframework.test.context.junit4.SpringJUnit4ClassRunner.run(SpringJUnit4ClassRunner.java:191)
	at org.apache.maven.surefire.junit4.JUnit4Provider.execute(JUnit4Provider.java:367)
	at org.apache.maven.surefire.junit4.JUnit4Provider.executeWithRerun(JUnit4Provider.java:274)
	at org.apache.maven.surefire.junit4.JUnit4Provider.executeTestSet(JUnit4Provider.java:238)
	at org.apache.maven.surefire.junit4.JUnit4Provider.invoke(JUnit4Provider.java:161)
	at org.apache.maven.surefire.booter.ForkedBooter.invokeProviderInSameClassLoader(ForkedBooter.java:290)
	at org.apache.maven.surefire.booter.ForkedBooter.runSuitesInProcess(ForkedBooter.java:242)
	at org.apache.maven.surefire.booter.ForkedBooter.main(ForkedBooter.java:121)
[2018-03-14 12:07:24.342]  WARN Message [topic=TEST_CONSOLE_TOPIC, flag=0, properties={KEYS=TEST_TOPIC_KEY, WAIT=true, UNIQ_KEY=C0A859EB30A4011E1E6742F96F630015}, body=11]
[2018-03-14 12:07:24.437] ERROR map file C:\Users\Administrator\rocketmq-console-test\20180314120653\commitlog\00000000000000000000 Failed. 
java.io.IOException: Map failed
	at sun.nio.ch.FileChannelImpl.map(FileChannelImpl.java:888)
	at org.apache.rocketmq.store.MappedFile.init(MappedFile.java:160)
	at org.apache.rocketmq.store.MappedFile.<init>(MappedFile.java:71)
	at org.apache.rocketmq.store.AllocateMappedFileService.mmapOperation(AllocateMappedFileService.java:182)
	at org.apache.rocketmq.store.AllocateMappedFileService.run(AllocateMappedFileService.java:143)
	at java.lang.Thread.run(Thread.java:745)
Caused by: java.lang.OutOfMemoryError: Map failed
	at sun.nio.ch.FileChannelImpl.map0(Native Method)
	at sun.nio.ch.FileChannelImpl.map(FileChannelImpl.java:885)
	... 5 common frames omitted
[2018-03-14 12:07:24.437]  WARN AllocateMappedFileService service has exception. 
java.io.IOException: Map failed
	at sun.nio.ch.FileChannelImpl.map(FileChannelImpl.java:888)
	at org.apache.rocketmq.store.MappedFile.init(MappedFile.java:160)
	at org.apache.rocketmq.store.MappedFile.<init>(MappedFile.java:71)
	at org.apache.rocketmq.store.AllocateMappedFileService.mmapOperation(AllocateMappedFileService.java:182)
	at org.apache.rocketmq.store.AllocateMappedFileService.run(AllocateMappedFileService.java:143)
	at java.lang.Thread.run(Thread.java:745)
Caused by: java.lang.OutOfMemoryError: Map failed
	at sun.nio.ch.FileChannelImpl.map0(Native Method)
	at sun.nio.ch.FileChannelImpl.map(FileChannelImpl.java:885)
	... 5 common frames omitted
[2018-03-14 12:07:24.656] ERROR map file C:\Users\Administrator\rocketmq-console-test\20180314120653\commitlog\00000000000000000000 Failed. 
java.io.IOException: Map failed
	at sun.nio.ch.FileChannelImpl.map(FileChannelImpl.java:888)
	at org.apache.rocketmq.store.MappedFile.init(MappedFile.java:160)
	at org.apache.rocketmq.store.MappedFile.<init>(MappedFile.java:71)
	at org.apache.rocketmq.store.AllocateMappedFileService.mmapOperation(AllocateMappedFileService.java:182)
	at org.apache.rocketmq.store.AllocateMappedFileService.run(AllocateMappedFileService.java:143)
	at java.lang.Thread.run(Thread.java:745)
Caused by: java.lang.OutOfMemoryError: Map failed
	at sun.nio.ch.FileChannelImpl.map0(Native Method)
	at sun.nio.ch.FileChannelImpl.map(FileChannelImpl.java:885)
	... 5 common frames omitted
[2018-03-14 12:07:24.656]  WARN AllocateMappedFileService service has exception. 
java.io.IOException: Map failed
	at sun.nio.ch.FileChannelImpl.map(FileChannelImpl.java:888)
	at org.apache.rocketmq.store.MappedFile.init(MappedFile.java:160)
	at org.apache.rocketmq.store.MappedFile.<init>(MappedFile.java:71)
	at org.apache.rocketmq.store.AllocateMappedFileService.mmapOperation(AllocateMappedFileService.java:182)
	at org.apache.rocketmq.store.AllocateMappedFileService.run(AllocateMappedFileService.java:143)
	at java.lang.Thread.run(Thread.java:745)
Caused by: java.lang.OutOfMemoryError: Map failed
	at sun.nio.ch.FileChannelImpl.map0(Native Method)
	at sun.nio.ch.FileChannelImpl.map(FileChannelImpl.java:885)
	... 5 common frames omitted
]]></system-out>
  </testcase>
  <testcase name="route" classname="org.apache.rocketmq.console.service.impl.TopicServiceImplTest" time="5.541">
    <error message="send message error" type="java.lang.RuntimeException">java.lang.RuntimeException: send message error
	at org.apache.rocketmq.console.service.impl.TopicServiceImplTest.setUp(TopicServiceImplTest.java:57)
</error>
    <system-out><![CDATA[[2018-03-14 12:07:24.883] ERROR map file C:\Users\Administrator\rocketmq-console-test\20180314120653\commitlog\00000000000000000000 Failed. 
java.io.IOException: Map failed
	at sun.nio.ch.FileChannelImpl.map(FileChannelImpl.java:888)
	at org.apache.rocketmq.store.MappedFile.init(MappedFile.java:160)
	at org.apache.rocketmq.store.MappedFile.<init>(MappedFile.java:71)
	at org.apache.rocketmq.store.AllocateMappedFileService.mmapOperation(AllocateMappedFileService.java:182)
	at org.apache.rocketmq.store.AllocateMappedFileService.run(AllocateMappedFileService.java:143)
	at java.lang.Thread.run(Thread.java:745)
Caused by: java.lang.OutOfMemoryError: Map failed
	at sun.nio.ch.FileChannelImpl.map0(Native Method)
	at sun.nio.ch.FileChannelImpl.map(FileChannelImpl.java:885)
	... 5 common frames omitted
[2018-03-14 12:07:24.886]  WARN AllocateMappedFileService service has exception. 
java.io.IOException: Map failed
	at sun.nio.ch.FileChannelImpl.map(FileChannelImpl.java:888)
	at org.apache.rocketmq.store.MappedFile.init(MappedFile.java:160)
	at org.apache.rocketmq.store.MappedFile.<init>(MappedFile.java:71)
	at org.apache.rocketmq.store.AllocateMappedFileService.mmapOperation(AllocateMappedFileService.java:182)
	at org.apache.rocketmq.store.AllocateMappedFileService.run(AllocateMappedFileService.java:143)
	at java.lang.Thread.run(Thread.java:745)
Caused by: java.lang.OutOfMemoryError: Map failed
	at sun.nio.ch.FileChannelImpl.map0(Native Method)
	at sun.nio.ch.FileChannelImpl.map(FileChannelImpl.java:885)
	... 5 common frames omitted
[2018-03-14 12:07:25.099] ERROR map file C:\Users\Administrator\rocketmq-console-test\20180314120653\commitlog\00000000000000000000 Failed. 
java.io.IOException: Map failed
	at sun.nio.ch.FileChannelImpl.map(FileChannelImpl.java:888)
	at org.apache.rocketmq.store.MappedFile.init(MappedFile.java:160)
	at org.apache.rocketmq.store.MappedFile.<init>(MappedFile.java:71)
	at org.apache.rocketmq.store.AllocateMappedFileService.mmapOperation(AllocateMappedFileService.java:182)
	at org.apache.rocketmq.store.AllocateMappedFileService.run(AllocateMappedFileService.java:143)
	at java.lang.Thread.run(Thread.java:745)
Caused by: java.lang.OutOfMemoryError: Map failed
	at sun.nio.ch.FileChannelImpl.map0(Native Method)
	at sun.nio.ch.FileChannelImpl.map(FileChannelImpl.java:885)
	... 5 common frames omitted
[2018-03-14 12:07:25.099]  WARN AllocateMappedFileService service has exception. 
java.io.IOException: Map failed
	at sun.nio.ch.FileChannelImpl.map(FileChannelImpl.java:888)
	at org.apache.rocketmq.store.MappedFile.init(MappedFile.java:160)
	at org.apache.rocketmq.store.MappedFile.<init>(MappedFile.java:71)
	at org.apache.rocketmq.store.AllocateMappedFileService.mmapOperation(AllocateMappedFileService.java:182)
	at org.apache.rocketmq.store.AllocateMappedFileService.run(AllocateMappedFileService.java:143)
	at java.lang.Thread.run(Thread.java:745)
Caused by: java.lang.OutOfMemoryError: Map failed
	at sun.nio.ch.FileChannelImpl.map0(Native Method)
	at sun.nio.ch.FileChannelImpl.map(FileChannelImpl.java:885)
	... 5 common frames omitted
[2018-03-14 12:07:25.327] ERROR map file C:\Users\Administrator\rocketmq-console-test\20180314120653\commitlog\00000000000000000000 Failed. 
java.io.IOException: Map failed
	at sun.nio.ch.FileChannelImpl.map(FileChannelImpl.java:888)
	at org.apache.rocketmq.store.MappedFile.init(MappedFile.java:160)
	at org.apache.rocketmq.store.MappedFile.<init>(MappedFile.java:71)
	at org.apache.rocketmq.store.AllocateMappedFileService.mmapOperation(AllocateMappedFileService.java:182)
	at org.apache.rocketmq.store.AllocateMappedFileService.run(AllocateMappedFileService.java:143)
	at java.lang.Thread.run(Thread.java:745)
Caused by: java.lang.OutOfMemoryError: Map failed
	at sun.nio.ch.FileChannelImpl.map0(Native Method)
	at sun.nio.ch.FileChannelImpl.map(FileChannelImpl.java:885)
	... 5 common frames omitted
[2018-03-14 12:07:25.327]  WARN AllocateMappedFileService service has exception. 
java.io.IOException: Map failed
	at sun.nio.ch.FileChannelImpl.map(FileChannelImpl.java:888)
	at org.apache.rocketmq.store.MappedFile.init(MappedFile.java:160)
	at org.apache.rocketmq.store.MappedFile.<init>(MappedFile.java:71)
	at org.apache.rocketmq.store.AllocateMappedFileService.mmapOperation(AllocateMappedFileService.java:182)
	at org.apache.rocketmq.store.AllocateMappedFileService.run(AllocateMappedFileService.java:143)
	at java.lang.Thread.run(Thread.java:745)
Caused by: java.lang.OutOfMemoryError: Map failed
	at sun.nio.ch.FileChannelImpl.map0(Native Method)
	at sun.nio.ch.FileChannelImpl.map(FileChannelImpl.java:885)
	... 5 common frames omitted
[2018-03-14 12:07:25.541] ERROR map file C:\Users\Administrator\rocketmq-console-test\20180314120653\commitlog\00000000000000000000 Failed. 
java.io.IOException: Map failed
	at sun.nio.ch.FileChannelImpl.map(FileChannelImpl.java:888)
	at org.apache.rocketmq.store.MappedFile.init(MappedFile.java:160)
	at org.apache.rocketmq.store.MappedFile.<init>(MappedFile.java:71)
	at org.apache.rocketmq.store.AllocateMappedFileService.mmapOperation(AllocateMappedFileService.java:182)
	at org.apache.rocketmq.store.AllocateMappedFileService.run(AllocateMappedFileService.java:143)
	at java.lang.Thread.run(Thread.java:745)
Caused by: java.lang.OutOfMemoryError: Map failed
	at sun.nio.ch.FileChannelImpl.map0(Native Method)
	at sun.nio.ch.FileChannelImpl.map(FileChannelImpl.java:885)
	... 5 common frames omitted
[2018-03-14 12:07:25.546]  WARN AllocateMappedFileService service has exception. 
java.io.IOException: Map failed
	at sun.nio.ch.FileChannelImpl.map(FileChannelImpl.java:888)
	at org.apache.rocketmq.store.MappedFile.init(MappedFile.java:160)
	at org.apache.rocketmq.store.MappedFile.<init>(MappedFile.java:71)
	at org.apache.rocketmq.store.AllocateMappedFileService.mmapOperation(AllocateMappedFileService.java:182)
	at org.apache.rocketmq.store.AllocateMappedFileService.run(AllocateMappedFileService.java:143)
	at java.lang.Thread.run(Thread.java:745)
Caused by: java.lang.OutOfMemoryError: Map failed
	at sun.nio.ch.FileChannelImpl.map0(Native Method)
	at sun.nio.ch.FileChannelImpl.map(FileChannelImpl.java:885)
	... 5 common frames omitted
[2018-03-14 12:07:25.768] ERROR map file C:\Users\Administrator\rocketmq-console-test\20180314120653\commitlog\00000000000000000000 Failed. 
java.io.IOException: Map failed
	at sun.nio.ch.FileChannelImpl.map(FileChannelImpl.java:888)
	at org.apache.rocketmq.store.MappedFile.init(MappedFile.java:160)
	at org.apache.rocketmq.store.MappedFile.<init>(MappedFile.java:71)
	at org.apache.rocketmq.store.AllocateMappedFileService.mmapOperation(AllocateMappedFileService.java:182)
	at org.apache.rocketmq.store.AllocateMappedFileService.run(AllocateMappedFileService.java:143)
	at java.lang.Thread.run(Thread.java:745)
Caused by: java.lang.OutOfMemoryError: Map failed
	at sun.nio.ch.FileChannelImpl.map0(Native Method)
	at sun.nio.ch.FileChannelImpl.map(FileChannelImpl.java:885)
	... 5 common frames omitted
[2018-03-14 12:07:25.768]  WARN AllocateMappedFileService service has exception. 
java.io.IOException: Map failed
	at sun.nio.ch.FileChannelImpl.map(FileChannelImpl.java:888)
	at org.apache.rocketmq.store.MappedFile.init(MappedFile.java:160)
	at org.apache.rocketmq.store.MappedFile.<init>(MappedFile.java:71)
	at org.apache.rocketmq.store.AllocateMappedFileService.mmapOperation(AllocateMappedFileService.java:182)
	at org.apache.rocketmq.store.AllocateMappedFileService.run(AllocateMappedFileService.java:143)
	at java.lang.Thread.run(Thread.java:745)
Caused by: java.lang.OutOfMemoryError: Map failed
	at sun.nio.ch.FileChannelImpl.map0(Native Method)
	at sun.nio.ch.FileChannelImpl.map(FileChannelImpl.java:885)
	... 5 common frames omitted
[2018-03-14 12:07:25.993] ERROR map file C:\Users\Administrator\rocketmq-console-test\20180314120653\commitlog\00000000000000000000 Failed. 
java.io.IOException: Map failed
	at sun.nio.ch.FileChannelImpl.map(FileChannelImpl.java:888)
	at org.apache.rocketmq.store.MappedFile.init(MappedFile.java:160)
	at org.apache.rocketmq.store.MappedFile.<init>(MappedFile.java:71)
	at org.apache.rocketmq.store.AllocateMappedFileService.mmapOperation(AllocateMappedFileService.java:182)
	at org.apache.rocketmq.store.AllocateMappedFileService.run(AllocateMappedFileService.java:143)
	at java.lang.Thread.run(Thread.java:745)
Caused by: java.lang.OutOfMemoryError: Map failed
	at sun.nio.ch.FileChannelImpl.map0(Native Method)
	at sun.nio.ch.FileChannelImpl.map(FileChannelImpl.java:885)
	... 5 common frames omitted
[2018-03-14 12:07:25.993]  WARN AllocateMappedFileService service has exception. 
java.io.IOException: Map failed
	at sun.nio.ch.FileChannelImpl.map(FileChannelImpl.java:888)
	at org.apache.rocketmq.store.MappedFile.init(MappedFile.java:160)
	at org.apache.rocketmq.store.MappedFile.<init>(MappedFile.java:71)
	at org.apache.rocketmq.store.AllocateMappedFileService.mmapOperation(AllocateMappedFileService.java:182)
	at org.apache.rocketmq.store.AllocateMappedFileService.run(AllocateMappedFileService.java:143)
	at java.lang.Thread.run(Thread.java:745)
Caused by: java.lang.OutOfMemoryError: Map failed
	at sun.nio.ch.FileChannelImpl.map0(Native Method)
	at sun.nio.ch.FileChannelImpl.map(FileChannelImpl.java:885)
	... 5 common frames omitted
[2018-03-14 12:07:26.217] ERROR map file C:\Users\Administrator\rocketmq-console-test\20180314120653\commitlog\00000000000000000000 Failed. 
java.io.IOException: Map failed
	at sun.nio.ch.FileChannelImpl.map(FileChannelImpl.java:888)
	at org.apache.rocketmq.store.MappedFile.init(MappedFile.java:160)
	at org.apache.rocketmq.store.MappedFile.<init>(MappedFile.java:71)
	at org.apache.rocketmq.store.AllocateMappedFileService.mmapOperation(AllocateMappedFileService.java:182)
	at org.apache.rocketmq.store.AllocateMappedFileService.run(AllocateMappedFileService.java:143)
	at java.lang.Thread.run(Thread.java:745)
Caused by: java.lang.OutOfMemoryError: Map failed
	at sun.nio.ch.FileChannelImpl.map0(Native Method)
	at sun.nio.ch.FileChannelImpl.map(FileChannelImpl.java:885)
	... 5 common frames omitted
[2018-03-14 12:07:26.217]  WARN AllocateMappedFileService service has exception. 
java.io.IOException: Map failed
	at sun.nio.ch.FileChannelImpl.map(FileChannelImpl.java:888)
	at org.apache.rocketmq.store.MappedFile.init(MappedFile.java:160)
	at org.apache.rocketmq.store.MappedFile.<init>(MappedFile.java:71)
	at org.apache.rocketmq.store.AllocateMappedFileService.mmapOperation(AllocateMappedFileService.java:182)
	at org.apache.rocketmq.store.AllocateMappedFileService.run(AllocateMappedFileService.java:143)
	at java.lang.Thread.run(Thread.java:745)
Caused by: java.lang.OutOfMemoryError: Map failed
	at sun.nio.ch.FileChannelImpl.map0(Native Method)
	at sun.nio.ch.FileChannelImpl.map(FileChannelImpl.java:885)
	... 5 common frames omitted
[2018-03-14 12:07:26.436] ERROR map file C:\Users\Administrator\rocketmq-console-test\20180314120653\commitlog\00000000000000000000 Failed. 
java.io.IOException: Map failed
	at sun.nio.ch.FileChannelImpl.map(FileChannelImpl.java:888)
	at org.apache.rocketmq.store.MappedFile.init(MappedFile.java:160)
	at org.apache.rocketmq.store.MappedFile.<init>(MappedFile.java:71)
	at org.apache.rocketmq.store.AllocateMappedFileService.mmapOperation(AllocateMappedFileService.java:182)
	at org.apache.rocketmq.store.AllocateMappedFileService.run(AllocateMappedFileService.java:143)
	at java.lang.Thread.run(Thread.java:745)
Caused by: java.lang.OutOfMemoryError: Map failed
	at sun.nio.ch.FileChannelImpl.map0(Native Method)
	at sun.nio.ch.FileChannelImpl.map(FileChannelImpl.java:885)
	... 5 common frames omitted
[2018-03-14 12:07:26.436]  WARN AllocateMappedFileService service has exception. 
java.io.IOException: Map failed
	at sun.nio.ch.FileChannelImpl.map(FileChannelImpl.java:888)
	at org.apache.rocketmq.store.MappedFile.init(MappedFile.java:160)
	at org.apache.rocketmq.store.MappedFile.<init>(MappedFile.java:71)
	at org.apache.rocketmq.store.AllocateMappedFileService.mmapOperation(AllocateMappedFileService.java:182)
	at org.apache.rocketmq.store.AllocateMappedFileService.run(AllocateMappedFileService.java:143)
	at java.lang.Thread.run(Thread.java:745)
Caused by: java.lang.OutOfMemoryError: Map failed
	at sun.nio.ch.FileChannelImpl.map0(Native Method)
	at sun.nio.ch.FileChannelImpl.map(FileChannelImpl.java:885)
	... 5 common frames omitted
[2018-03-14 12:07:26.650] ERROR map file C:\Users\Administrator\rocketmq-console-test\20180314120653\commitlog\00000000000000000000 Failed. 
java.io.IOException: Map failed
	at sun.nio.ch.FileChannelImpl.map(FileChannelImpl.java:888)
	at org.apache.rocketmq.store.MappedFile.init(MappedFile.java:160)
	at org.apache.rocketmq.store.MappedFile.<init>(MappedFile.java:71)
	at org.apache.rocketmq.store.AllocateMappedFileService.mmapOperation(AllocateMappedFileService.java:182)
	at org.apache.rocketmq.store.AllocateMappedFileService.run(AllocateMappedFileService.java:143)
	at java.lang.Thread.run(Thread.java:745)
Caused by: java.lang.OutOfMemoryError: Map failed
	at sun.nio.ch.FileChannelImpl.map0(Native Method)
	at sun.nio.ch.FileChannelImpl.map(FileChannelImpl.java:885)
	... 5 common frames omitted
[2018-03-14 12:07:26.654]  WARN AllocateMappedFileService service has exception. 
java.io.IOException: Map failed
	at sun.nio.ch.FileChannelImpl.map(FileChannelImpl.java:888)
	at org.apache.rocketmq.store.MappedFile.init(MappedFile.java:160)
	at org.apache.rocketmq.store.MappedFile.<init>(MappedFile.java:71)
	at org.apache.rocketmq.store.AllocateMappedFileService.mmapOperation(AllocateMappedFileService.java:182)
	at org.apache.rocketmq.store.AllocateMappedFileService.run(AllocateMappedFileService.java:143)
	at java.lang.Thread.run(Thread.java:745)
Caused by: java.lang.OutOfMemoryError: Map failed
	at sun.nio.ch.FileChannelImpl.map0(Native Method)
	at sun.nio.ch.FileChannelImpl.map(FileChannelImpl.java:885)
	... 5 common frames omitted
[2018-03-14 12:07:26.867] ERROR map file C:\Users\Administrator\rocketmq-console-test\20180314120653\commitlog\00000000000000000000 Failed. 
java.io.IOException: Map failed
	at sun.nio.ch.FileChannelImpl.map(FileChannelImpl.java:888)
	at org.apache.rocketmq.store.MappedFile.init(MappedFile.java:160)
	at org.apache.rocketmq.store.MappedFile.<init>(MappedFile.java:71)
	at org.apache.rocketmq.store.AllocateMappedFileService.mmapOperation(AllocateMappedFileService.java:182)
	at org.apache.rocketmq.store.AllocateMappedFileService.run(AllocateMappedFileService.java:143)
	at java.lang.Thread.run(Thread.java:745)
Caused by: java.lang.OutOfMemoryError: Map failed
	at sun.nio.ch.FileChannelImpl.map0(Native Method)
	at sun.nio.ch.FileChannelImpl.map(FileChannelImpl.java:885)
	... 5 common frames omitted
[2018-03-14 12:07:26.868]  WARN AllocateMappedFileService service has exception. 
java.io.IOException: Map failed
	at sun.nio.ch.FileChannelImpl.map(FileChannelImpl.java:888)
	at org.apache.rocketmq.store.MappedFile.init(MappedFile.java:160)
	at org.apache.rocketmq.store.MappedFile.<init>(MappedFile.java:71)
	at org.apache.rocketmq.store.AllocateMappedFileService.mmapOperation(AllocateMappedFileService.java:182)
	at org.apache.rocketmq.store.AllocateMappedFileService.run(AllocateMappedFileService.java:143)
	at java.lang.Thread.run(Thread.java:745)
Caused by: java.lang.OutOfMemoryError: Map failed
	at sun.nio.ch.FileChannelImpl.map0(Native Method)
	at sun.nio.ch.FileChannelImpl.map(FileChannelImpl.java:885)
	... 5 common frames omitted
[2018-03-14 12:07:27.084] ERROR map file C:\Users\Administrator\rocketmq-console-test\20180314120653\commitlog\00000000000000000000 Failed. 
java.io.IOException: Map failed
	at sun.nio.ch.FileChannelImpl.map(FileChannelImpl.java:888)
	at org.apache.rocketmq.store.MappedFile.init(MappedFile.java:160)
	at org.apache.rocketmq.store.MappedFile.<init>(MappedFile.java:71)
	at org.apache.rocketmq.store.AllocateMappedFileService.mmapOperation(AllocateMappedFileService.java:182)
	at org.apache.rocketmq.store.AllocateMappedFileService.run(AllocateMappedFileService.java:143)
	at java.lang.Thread.run(Thread.java:745)
Caused by: java.lang.OutOfMemoryError: Map failed
	at sun.nio.ch.FileChannelImpl.map0(Native Method)
	at sun.nio.ch.FileChannelImpl.map(FileChannelImpl.java:885)
	... 5 common frames omitted
[2018-03-14 12:07:27.084]  WARN AllocateMappedFileService service has exception. 
java.io.IOException: Map failed
	at sun.nio.ch.FileChannelImpl.map(FileChannelImpl.java:888)
	at org.apache.rocketmq.store.MappedFile.init(MappedFile.java:160)
	at org.apache.rocketmq.store.MappedFile.<init>(MappedFile.java:71)
	at org.apache.rocketmq.store.AllocateMappedFileService.mmapOperation(AllocateMappedFileService.java:182)
	at org.apache.rocketmq.store.AllocateMappedFileService.run(AllocateMappedFileService.java:143)
	at java.lang.Thread.run(Thread.java:745)
Caused by: java.lang.OutOfMemoryError: Map failed
	at sun.nio.ch.FileChannelImpl.map0(Native Method)
	at sun.nio.ch.FileChannelImpl.map(FileChannelImpl.java:885)
	... 5 common frames omitted
[2018-03-14 12:07:27.302] ERROR map file C:\Users\Administrator\rocketmq-console-test\20180314120653\commitlog\00000000000000000000 Failed. 
java.io.IOException: Map failed
	at sun.nio.ch.FileChannelImpl.map(FileChannelImpl.java:888)
	at org.apache.rocketmq.store.MappedFile.init(MappedFile.java:160)
	at org.apache.rocketmq.store.MappedFile.<init>(MappedFile.java:71)
	at org.apache.rocketmq.store.AllocateMappedFileService.mmapOperation(AllocateMappedFileService.java:182)
	at org.apache.rocketmq.store.AllocateMappedFileService.run(AllocateMappedFileService.java:143)
	at java.lang.Thread.run(Thread.java:745)
Caused by: java.lang.OutOfMemoryError: Map failed
	at sun.nio.ch.FileChannelImpl.map0(Native Method)
	at sun.nio.ch.FileChannelImpl.map(FileChannelImpl.java:885)
	... 5 common frames omitted
[2018-03-14 12:07:27.303]  WARN AllocateMappedFileService service has exception. 
java.io.IOException: Map failed
	at sun.nio.ch.FileChannelImpl.map(FileChannelImpl.java:888)
	at org.apache.rocketmq.store.MappedFile.init(MappedFile.java:160)
	at org.apache.rocketmq.store.MappedFile.<init>(MappedFile.java:71)
	at org.apache.rocketmq.store.AllocateMappedFileService.mmapOperation(AllocateMappedFileService.java:182)
	at org.apache.rocketmq.store.AllocateMappedFileService.run(AllocateMappedFileService.java:143)
	at java.lang.Thread.run(Thread.java:745)
Caused by: java.lang.OutOfMemoryError: Map failed
	at sun.nio.ch.FileChannelImpl.map0(Native Method)
	at sun.nio.ch.FileChannelImpl.map(FileChannelImpl.java:885)
	... 5 common frames omitted
[2018-03-14 12:07:27.522] ERROR map file C:\Users\Administrator\rocketmq-console-test\20180314120653\commitlog\00000000000000000000 Failed. 
java.io.IOException: Map failed
	at sun.nio.ch.FileChannelImpl.map(FileChannelImpl.java:888)
	at org.apache.rocketmq.store.MappedFile.init(MappedFile.java:160)
	at org.apache.rocketmq.store.MappedFile.<init>(MappedFile.java:71)
	at org.apache.rocketmq.store.AllocateMappedFileService.mmapOperation(AllocateMappedFileService.java:182)
	at org.apache.rocketmq.store.AllocateMappedFileService.run(AllocateMappedFileService.java:143)
	at java.lang.Thread.run(Thread.java:745)
Caused by: java.lang.OutOfMemoryError: Map failed
	at sun.nio.ch.FileChannelImpl.map0(Native Method)
	at sun.nio.ch.FileChannelImpl.map(FileChannelImpl.java:885)
	... 5 common frames omitted
[2018-03-14 12:07:27.522]  WARN AllocateMappedFileService service has exception. 
java.io.IOException: Map failed
	at sun.nio.ch.FileChannelImpl.map(FileChannelImpl.java:888)
	at org.apache.rocketmq.store.MappedFile.init(MappedFile.java:160)
	at org.apache.rocketmq.store.MappedFile.<init>(MappedFile.java:71)
	at org.apache.rocketmq.store.AllocateMappedFileService.mmapOperation(AllocateMappedFileService.java:182)
	at org.apache.rocketmq.store.AllocateMappedFileService.run(AllocateMappedFileService.java:143)
	at java.lang.Thread.run(Thread.java:745)
Caused by: java.lang.OutOfMemoryError: Map failed
	at sun.nio.ch.FileChannelImpl.map0(Native Method)
	at sun.nio.ch.FileChannelImpl.map(FileChannelImpl.java:885)
	... 5 common frames omitted
[2018-03-14 12:07:27.744] ERROR map file C:\Users\Administrator\rocketmq-console-test\20180314120653\commitlog\00000000000000000000 Failed. 
java.io.IOException: Map failed
	at sun.nio.ch.FileChannelImpl.map(FileChannelImpl.java:888)
	at org.apache.rocketmq.store.MappedFile.init(MappedFile.java:160)
	at org.apache.rocketmq.store.MappedFile.<init>(MappedFile.java:71)
	at org.apache.rocketmq.store.AllocateMappedFileService.mmapOperation(AllocateMappedFileService.java:182)
	at org.apache.rocketmq.store.AllocateMappedFileService.run(AllocateMappedFileService.java:143)
	at java.lang.Thread.run(Thread.java:745)
Caused by: java.lang.OutOfMemoryError: Map failed
	at sun.nio.ch.FileChannelImpl.map0(Native Method)
	at sun.nio.ch.FileChannelImpl.map(FileChannelImpl.java:885)
	... 5 common frames omitted
[2018-03-14 12:07:27.744]  WARN AllocateMappedFileService service has exception. 
java.io.IOException: Map failed
	at sun.nio.ch.FileChannelImpl.map(FileChannelImpl.java:888)
	at org.apache.rocketmq.store.MappedFile.init(MappedFile.java:160)
	at org.apache.rocketmq.store.MappedFile.<init>(MappedFile.java:71)
	at org.apache.rocketmq.store.AllocateMappedFileService.mmapOperation(AllocateMappedFileService.java:182)
	at org.apache.rocketmq.store.AllocateMappedFileService.run(AllocateMappedFileService.java:143)
	at java.lang.Thread.run(Thread.java:745)
Caused by: java.lang.OutOfMemoryError: Map failed
	at sun.nio.ch.FileChannelImpl.map0(Native Method)
	at sun.nio.ch.FileChannelImpl.map(FileChannelImpl.java:885)
	... 5 common frames omitted
[2018-03-14 12:07:27.958] ERROR map file C:\Users\Administrator\rocketmq-console-test\20180314120653\commitlog\00000000000000000000 Failed. 
java.io.IOException: Map failed
	at sun.nio.ch.FileChannelImpl.map(FileChannelImpl.java:888)
	at org.apache.rocketmq.store.MappedFile.init(MappedFile.java:160)
	at org.apache.rocketmq.store.MappedFile.<init>(MappedFile.java:71)
	at org.apache.rocketmq.store.AllocateMappedFileService.mmapOperation(AllocateMappedFileService.java:182)
	at org.apache.rocketmq.store.AllocateMappedFileService.run(AllocateMappedFileService.java:143)
	at java.lang.Thread.run(Thread.java:745)
Caused by: java.lang.OutOfMemoryError: Map failed
	at sun.nio.ch.FileChannelImpl.map0(Native Method)
	at sun.nio.ch.FileChannelImpl.map(FileChannelImpl.java:885)
	... 5 common frames omitted
[2018-03-14 12:07:27.959]  WARN AllocateMappedFileService service has exception. 
java.io.IOException: Map failed
	at sun.nio.ch.FileChannelImpl.map(FileChannelImpl.java:888)
	at org.apache.rocketmq.store.MappedFile.init(MappedFile.java:160)
	at org.apache.rocketmq.store.MappedFile.<init>(MappedFile.java:71)
	at org.apache.rocketmq.store.AllocateMappedFileService.mmapOperation(AllocateMappedFileService.java:182)
	at org.apache.rocketmq.store.AllocateMappedFileService.run(AllocateMappedFileService.java:143)
	at java.lang.Thread.run(Thread.java:745)
Caused by: java.lang.OutOfMemoryError: Map failed
	at sun.nio.ch.FileChannelImpl.map0(Native Method)
	at sun.nio.ch.FileChannelImpl.map(FileChannelImpl.java:885)
	... 5 common frames omitted
[2018-03-14 12:07:28.184] ERROR map file C:\Users\Administrator\rocketmq-console-test\20180314120653\commitlog\00000000000000000000 Failed. 
java.io.IOException: Map failed
	at sun.nio.ch.FileChannelImpl.map(FileChannelImpl.java:888)
	at org.apache.rocketmq.store.MappedFile.init(MappedFile.java:160)
	at org.apache.rocketmq.store.MappedFile.<init>(MappedFile.java:71)
	at org.apache.rocketmq.store.AllocateMappedFileService.mmapOperation(AllocateMappedFileService.java:182)
	at org.apache.rocketmq.store.AllocateMappedFileService.run(AllocateMappedFileService.java:143)
	at java.lang.Thread.run(Thread.java:745)
Caused by: java.lang.OutOfMemoryError: Map failed
	at sun.nio.ch.FileChannelImpl.map0(Native Method)
	at sun.nio.ch.FileChannelImpl.map(FileChannelImpl.java:885)
	... 5 common frames omitted
[2018-03-14 12:07:28.184]  WARN AllocateMappedFileService service has exception. 
java.io.IOException: Map failed
	at sun.nio.ch.FileChannelImpl.map(FileChannelImpl.java:888)
	at org.apache.rocketmq.store.MappedFile.init(MappedFile.java:160)
	at org.apache.rocketmq.store.MappedFile.<init>(MappedFile.java:71)
	at org.apache.rocketmq.store.AllocateMappedFileService.mmapOperation(AllocateMappedFileService.java:182)
	at org.apache.rocketmq.store.AllocateMappedFileService.run(AllocateMappedFileService.java:143)
	at java.lang.Thread.run(Thread.java:745)
Caused by: java.lang.OutOfMemoryError: Map failed
	at sun.nio.ch.FileChannelImpl.map0(Native Method)
	at sun.nio.ch.FileChannelImpl.map(FileChannelImpl.java:885)
	... 5 common frames omitted
[2018-03-14 12:07:28.406] ERROR map file C:\Users\Administrator\rocketmq-console-test\20180314120653\commitlog\00000000000000000000 Failed. 
java.io.IOException: Map failed
	at sun.nio.ch.FileChannelImpl.map(FileChannelImpl.java:888)
	at org.apache.rocketmq.store.MappedFile.init(MappedFile.java:160)
	at org.apache.rocketmq.store.MappedFile.<init>(MappedFile.java:71)
	at org.apache.rocketmq.store.AllocateMappedFileService.mmapOperation(AllocateMappedFileService.java:182)
	at org.apache.rocketmq.store.AllocateMappedFileService.run(AllocateMappedFileService.java:143)
	at java.lang.Thread.run(Thread.java:745)
Caused by: java.lang.OutOfMemoryError: Map failed
	at sun.nio.ch.FileChannelImpl.map0(Native Method)
	at sun.nio.ch.FileChannelImpl.map(FileChannelImpl.java:885)
	... 5 common frames omitted
[2018-03-14 12:07:28.406]  WARN AllocateMappedFileService service has exception. 
java.io.IOException: Map failed
	at sun.nio.ch.FileChannelImpl.map(FileChannelImpl.java:888)
	at org.apache.rocketmq.store.MappedFile.init(MappedFile.java:160)
	at org.apache.rocketmq.store.MappedFile.<init>(MappedFile.java:71)
	at org.apache.rocketmq.store.AllocateMappedFileService.mmapOperation(AllocateMappedFileService.java:182)
	at org.apache.rocketmq.store.AllocateMappedFileService.run(AllocateMappedFileService.java:143)
	at java.lang.Thread.run(Thread.java:745)
Caused by: java.lang.OutOfMemoryError: Map failed
	at sun.nio.ch.FileChannelImpl.map0(Native Method)
	at sun.nio.ch.FileChannelImpl.map(FileChannelImpl.java:885)
	... 5 common frames omitted
[2018-03-14 12:07:28.623] ERROR map file C:\Users\Administrator\rocketmq-console-test\20180314120653\commitlog\00000000000000000000 Failed. 
java.io.IOException: Map failed
	at sun.nio.ch.FileChannelImpl.map(FileChannelImpl.java:888)
	at org.apache.rocketmq.store.MappedFile.init(MappedFile.java:160)
	at org.apache.rocketmq.store.MappedFile.<init>(MappedFile.java:71)
	at org.apache.rocketmq.store.AllocateMappedFileService.mmapOperation(AllocateMappedFileService.java:182)
	at org.apache.rocketmq.store.AllocateMappedFileService.run(AllocateMappedFileService.java:143)
	at java.lang.Thread.run(Thread.java:745)
Caused by: java.lang.OutOfMemoryError: Map failed
	at sun.nio.ch.FileChannelImpl.map0(Native Method)
	at sun.nio.ch.FileChannelImpl.map(FileChannelImpl.java:885)
	... 5 common frames omitted
[2018-03-14 12:07:28.623]  WARN AllocateMappedFileService service has exception. 
java.io.IOException: Map failed
	at sun.nio.ch.FileChannelImpl.map(FileChannelImpl.java:888)
	at org.apache.rocketmq.store.MappedFile.init(MappedFile.java:160)
	at org.apache.rocketmq.store.MappedFile.<init>(MappedFile.java:71)
	at org.apache.rocketmq.store.AllocateMappedFileService.mmapOperation(AllocateMappedFileService.java:182)
	at org.apache.rocketmq.store.AllocateMappedFileService.run(AllocateMappedFileService.java:143)
	at java.lang.Thread.run(Thread.java:745)
Caused by: java.lang.OutOfMemoryError: Map failed
	at sun.nio.ch.FileChannelImpl.map0(Native Method)
	at sun.nio.ch.FileChannelImpl.map(FileChannelImpl.java:885)
	... 5 common frames omitted
[2018-03-14 12:07:28.745] ERROR ProcessRequestWrapper response to /127.0.0.1:56331 failed
java.nio.channels.ClosedChannelException: null
[2018-03-14 12:07:28.745] ERROR RemotingCommand [code=11, language=JAVA, version=212, opaque=5481, flag(B)=0, remark=null, extFields={topic=TEST_CONSOLE_TOPIC, suspendTimeoutMillis=15000, queueId=14, subVersion=1521000430483, consumerGroup=CONSOLE_TEST_CONSUMER_GROUP, maxMsgNums=32, sysFlag=2, commitOffset=0, queueOffset=0}, serializeTypeCurrentRPC=JSON]
[2018-03-14 12:07:28.745] ERROR RemotingCommand [code=19, language=JAVA, version=212, opaque=5481, flag(B)=1, remark=NO_MESSAGE_IN_QUEUE, extFields=null, serializeTypeCurrentRPC=JSON]
[2018-03-14 12:07:28.745] ERROR ProcessRequestWrapper response to /127.0.0.1:56331 failed
java.nio.channels.ClosedChannelException: null
[2018-03-14 12:07:28.746] ERROR RemotingCommand [code=11, language=JAVA, version=212, opaque=5474, flag(B)=0, remark=null, extFields={topic=TEST_CONSOLE_TOPIC, suspendTimeoutMillis=15000, queueId=2, subVersion=1521000430483, consumerGroup=CONSOLE_TEST_CONSUMER_GROUP, maxMsgNums=32, sysFlag=2, commitOffset=0, queueOffset=0}, serializeTypeCurrentRPC=JSON]
[2018-03-14 12:07:28.746] ERROR RemotingCommand [code=19, language=JAVA, version=212, opaque=5474, flag(B)=1, remark=NO_MESSAGE_IN_QUEUE, extFields=null, serializeTypeCurrentRPC=JSON]
[2018-03-14 12:07:28.746] ERROR ProcessRequestWrapper response to /127.0.0.1:56331 failed
java.nio.channels.ClosedChannelException: null
[2018-03-14 12:07:28.746] ERROR RemotingCommand [code=11, language=JAVA, version=212, opaque=5487, flag(B)=0, remark=null, extFields={topic=TEST_CONSOLE_TOPIC, suspendTimeoutMillis=15000, queueId=11, subVersion=1521000430483, consumerGroup=CONSOLE_TEST_CONSUMER_GROUP, maxMsgNums=32, sysFlag=2, commitOffset=0, queueOffset=0}, serializeTypeCurrentRPC=JSON]
[2018-03-14 12:07:28.746] ERROR RemotingCommand [code=19, language=JAVA, version=212, opaque=5487, flag(B)=1, remark=NO_MESSAGE_IN_QUEUE, extFields=null, serializeTypeCurrentRPC=JSON]
[2018-03-14 12:07:28.746] ERROR ProcessRequestWrapper response to /127.0.0.1:56331 failed
java.nio.channels.ClosedChannelException: null
[2018-03-14 12:07:28.746] ERROR RemotingCommand [code=11, language=JAVA, version=212, opaque=5489, flag(B)=0, remark=null, extFields={topic=TEST_CONSOLE_TOPIC, suspendTimeoutMillis=15000, queueId=10, subVersion=1521000430483, consumerGroup=CONSOLE_TEST_CONSUMER_GROUP, maxMsgNums=32, sysFlag=2, commitOffset=0, queueOffset=0}, serializeTypeCurrentRPC=JSON]
[2018-03-14 12:07:28.746] ERROR RemotingCommand [code=19, language=JAVA, version=212, opaque=5489, flag(B)=1, remark=NO_MESSAGE_IN_QUEUE, extFields=null, serializeTypeCurrentRPC=JSON]
[2018-03-14 12:07:28.746] ERROR ProcessRequestWrapper response to /127.0.0.1:56331 failed
java.nio.channels.ClosedChannelException: null
[2018-03-14 12:07:28.746] ERROR RemotingCommand [code=11, language=JAVA, version=212, opaque=5483, flag(B)=0, remark=null, extFields={topic=TEST_CONSOLE_TOPIC, suspendTimeoutMillis=15000, queueId=5, subVersion=1521000430483, consumerGroup=CONSOLE_TEST_CONSUMER_GROUP, maxMsgNums=32, sysFlag=2, commitOffset=0, queueOffset=0}, serializeTypeCurrentRPC=JSON]
[2018-03-14 12:07:28.746] ERROR RemotingCommand [code=19, language=JAVA, version=212, opaque=5483, flag(B)=1, remark=NO_MESSAGE_IN_QUEUE, extFields=null, serializeTypeCurrentRPC=JSON]
[2018-03-14 12:07:28.746] ERROR ProcessRequestWrapper response to /127.0.0.1:56331 failed
java.nio.channels.ClosedChannelException: null
[2018-03-14 12:07:28.746] ERROR RemotingCommand [code=11, language=JAVA, version=212, opaque=5531, flag(B)=0, remark=null, extFields={topic=%RETRY%CONSOLE_TEST_CONSUMER_GROUP, suspendTimeoutMillis=15000, queueId=1, subVersion=1521000430483, consumerGroup=CONSOLE_TEST_CONSUMER_GROUP, maxMsgNums=32, sysFlag=2, commitOffset=0, queueOffset=0}, serializeTypeCurrentRPC=JSON]
[2018-03-14 12:07:28.746] ERROR RemotingCommand [code=19, language=JAVA, version=212, opaque=5531, flag(B)=1, remark=NO_MESSAGE_IN_QUEUE, extFields=null, serializeTypeCurrentRPC=JSON]
[2018-03-14 12:07:28.746] ERROR ProcessRequestWrapper response to /127.0.0.1:56331 failed
java.nio.channels.ClosedChannelException: null
[2018-03-14 12:07:28.746] ERROR RemotingCommand [code=11, language=JAVA, version=212, opaque=5476, flag(B)=0, remark=null, extFields={topic=TEST_CONSOLE_TOPIC, suspendTimeoutMillis=15000, queueId=7, subVersion=1521000430483, consumerGroup=CONSOLE_TEST_CONSUMER_GROUP, maxMsgNums=32, sysFlag=2, commitOffset=0, queueOffset=0}, serializeTypeCurrentRPC=JSON]
[2018-03-14 12:07:28.746] ERROR RemotingCommand [code=19, language=JAVA, version=212, opaque=5476, flag(B)=1, remark=NO_MESSAGE_IN_QUEUE, extFields=null, serializeTypeCurrentRPC=JSON]
[2018-03-14 12:07:28.746] ERROR ProcessRequestWrapper response to /127.0.0.1:56331 failed
java.nio.channels.ClosedChannelException: null
[2018-03-14 12:07:28.746] ERROR RemotingCommand [code=11, language=JAVA, version=212, opaque=5482, flag(B)=0, remark=null, extFields={topic=TEST_CONSOLE_TOPIC, suspendTimeoutMillis=15000, queueId=4, subVersion=1521000430483, consumerGroup=CONSOLE_TEST_CONSUMER_GROUP, maxMsgNums=32, sysFlag=2, commitOffset=0, queueOffset=0}, serializeTypeCurrentRPC=JSON]
[2018-03-14 12:07:28.746] ERROR RemotingCommand [code=19, language=JAVA, version=212, opaque=5482, flag(B)=1, remark=NO_MESSAGE_IN_QUEUE, extFields=null, serializeTypeCurrentRPC=JSON]
[2018-03-14 12:07:28.746] ERROR ProcessRequestWrapper response to /127.0.0.1:56331 failed
java.nio.channels.ClosedChannelException: null
[2018-03-14 12:07:28.746] ERROR RemotingCommand [code=11, language=JAVA, version=212, opaque=5533, flag(B)=0, remark=null, extFields={topic=%RETRY%CONSOLE_TEST_CONSUMER_GROUP, suspendTimeoutMillis=15000, queueId=0, subVersion=1521000430483, consumerGroup=CONSOLE_TEST_CONSUMER_GROUP, maxMsgNums=32, sysFlag=2, commitOffset=0, queueOffset=0}, serializeTypeCurrentRPC=JSON]
[2018-03-14 12:07:28.746] ERROR RemotingCommand [code=19, language=JAVA, version=212, opaque=5533, flag(B)=1, remark=NO_MESSAGE_IN_QUEUE, extFields=null, serializeTypeCurrentRPC=JSON]
[2018-03-14 12:07:28.746] ERROR ProcessRequestWrapper response to /127.0.0.1:56331 failed
java.nio.channels.ClosedChannelException: null
[2018-03-14 12:07:28.746] ERROR RemotingCommand [code=11, language=JAVA, version=212, opaque=5485, flag(B)=0, remark=null, extFields={topic=TEST_CONSOLE_TOPIC, suspendTimeoutMillis=15000, queueId=8, subVersion=1521000430483, consumerGroup=CONSOLE_TEST_CONSUMER_GROUP, maxMsgNums=32, sysFlag=2, commitOffset=0, queueOffset=0}, serializeTypeCurrentRPC=JSON]
[2018-03-14 12:07:28.746] ERROR RemotingCommand [code=19, language=JAVA, version=212, opaque=5485, flag(B)=1, remark=NO_MESSAGE_IN_QUEUE, extFields=null, serializeTypeCurrentRPC=JSON]
[2018-03-14 12:07:28.747] ERROR ProcessRequestWrapper response to /127.0.0.1:56331 failed
java.nio.channels.ClosedChannelException: null
[2018-03-14 12:07:28.747] ERROR RemotingCommand [code=11, language=JAVA, version=212, opaque=5480, flag(B)=0, remark=null, extFields={topic=TEST_CONSOLE_TOPIC, suspendTimeoutMillis=15000, queueId=6, subVersion=1521000430483, consumerGroup=CONSOLE_TEST_CONSUMER_GROUP, maxMsgNums=32, sysFlag=2, commitOffset=0, queueOffset=0}, serializeTypeCurrentRPC=JSON]
[2018-03-14 12:07:28.747] ERROR RemotingCommand [code=19, language=JAVA, version=212, opaque=5480, flag(B)=1, remark=NO_MESSAGE_IN_QUEUE, extFields=null, serializeTypeCurrentRPC=JSON]
[2018-03-14 12:07:28.747] ERROR ProcessRequestWrapper response to /127.0.0.1:56331 failed
java.nio.channels.ClosedChannelException: null
[2018-03-14 12:07:28.747] ERROR RemotingCommand [code=11, language=JAVA, version=212, opaque=5478, flag(B)=0, remark=null, extFields={topic=TEST_CONSOLE_TOPIC, suspendTimeoutMillis=15000, queueId=12, subVersion=1521000430483, consumerGroup=CONSOLE_TEST_CONSUMER_GROUP, maxMsgNums=32, sysFlag=2, commitOffset=0, queueOffset=0}, serializeTypeCurrentRPC=JSON]
[2018-03-14 12:07:28.747] ERROR RemotingCommand [code=19, language=JAVA, version=212, opaque=5478, flag(B)=1, remark=NO_MESSAGE_IN_QUEUE, extFields=null, serializeTypeCurrentRPC=JSON]
[2018-03-14 12:07:28.747] ERROR ProcessRequestWrapper response to /127.0.0.1:56331 failed
java.nio.channels.ClosedChannelException: null
[2018-03-14 12:07:28.747] ERROR RemotingCommand [code=11, language=JAVA, version=212, opaque=5472, flag(B)=0, remark=null, extFields={topic=TEST_CONSOLE_TOPIC, suspendTimeoutMillis=15000, queueId=1, subVersion=1521000430483, consumerGroup=CONSOLE_TEST_CONSUMER_GROUP, maxMsgNums=32, sysFlag=2, commitOffset=0, queueOffset=0}, serializeTypeCurrentRPC=JSON]
[2018-03-14 12:07:28.747] ERROR RemotingCommand [code=19, language=JAVA, version=212, opaque=5472, flag(B)=1, remark=NO_MESSAGE_IN_QUEUE, extFields=null, serializeTypeCurrentRPC=JSON]
[2018-03-14 12:07:28.747] ERROR ProcessRequestWrapper response to /127.0.0.1:56331 failed
java.nio.channels.ClosedChannelException: null
[2018-03-14 12:07:28.747] ERROR RemotingCommand [code=11, language=JAVA, version=212, opaque=5486, flag(B)=0, remark=null, extFields={topic=TEST_CONSOLE_TOPIC, suspendTimeoutMillis=15000, queueId=9, subVersion=1521000430483, consumerGroup=CONSOLE_TEST_CONSUMER_GROUP, maxMsgNums=32, sysFlag=2, commitOffset=0, queueOffset=0}, serializeTypeCurrentRPC=JSON]
[2018-03-14 12:07:28.747] ERROR RemotingCommand [code=19, language=JAVA, version=212, opaque=5486, flag(B)=1, remark=NO_MESSAGE_IN_QUEUE, extFields=null, serializeTypeCurrentRPC=JSON]
[2018-03-14 12:07:28.747] ERROR ProcessRequestWrapper response to /127.0.0.1:56331 failed
java.nio.channels.ClosedChannelException: null
[2018-03-14 12:07:28.747] ERROR RemotingCommand [code=11, language=JAVA, version=212, opaque=5473, flag(B)=0, remark=null, extFields={topic=TEST_CONSOLE_TOPIC, suspendTimeoutMillis=15000, queueId=0, subVersion=1521000430483, consumerGroup=CONSOLE_TEST_CONSUMER_GROUP, maxMsgNums=32, sysFlag=2, commitOffset=0, queueOffset=0}, serializeTypeCurrentRPC=JSON]
[2018-03-14 12:07:28.747] ERROR RemotingCommand [code=19, language=JAVA, version=212, opaque=5473, flag(B)=1, remark=NO_MESSAGE_IN_QUEUE, extFields=null, serializeTypeCurrentRPC=JSON]
[2018-03-14 12:07:28.747] ERROR ProcessRequestWrapper response to /127.0.0.1:56331 failed
java.nio.channels.ClosedChannelException: null
[2018-03-14 12:07:28.747] ERROR RemotingCommand [code=11, language=JAVA, version=212, opaque=5475, flag(B)=0, remark=null, extFields={topic=TEST_CONSOLE_TOPIC, suspendTimeoutMillis=15000, queueId=3, subVersion=1521000430483, consumerGroup=CONSOLE_TEST_CONSUMER_GROUP, maxMsgNums=32, sysFlag=2, commitOffset=0, queueOffset=0}, serializeTypeCurrentRPC=JSON]
[2018-03-14 12:07:28.747] ERROR RemotingCommand [code=19, language=JAVA, version=212, opaque=5475, flag(B)=1, remark=NO_MESSAGE_IN_QUEUE, extFields=null, serializeTypeCurrentRPC=JSON]
[2018-03-14 12:07:28.747] ERROR ProcessRequestWrapper response to /127.0.0.1:56331 failed
java.nio.channels.ClosedChannelException: null
[2018-03-14 12:07:28.747] ERROR RemotingCommand [code=11, language=JAVA, version=212, opaque=5477, flag(B)=0, remark=null, extFields={topic=TEST_CONSOLE_TOPIC, suspendTimeoutMillis=15000, queueId=13, subVersion=1521000430483, consumerGroup=CONSOLE_TEST_CONSUMER_GROUP, maxMsgNums=32, sysFlag=2, commitOffset=0, queueOffset=0}, serializeTypeCurrentRPC=JSON]
[2018-03-14 12:07:28.747] ERROR RemotingCommand [code=19, language=JAVA, version=212, opaque=5477, flag(B)=1, remark=NO_MESSAGE_IN_QUEUE, extFields=null, serializeTypeCurrentRPC=JSON]
[2018-03-14 12:07:28.748] ERROR ProcessRequestWrapper response to /127.0.0.1:56331 failed
java.nio.channels.ClosedChannelException: null
[2018-03-14 12:07:28.748] ERROR RemotingCommand [code=11, language=JAVA, version=212, opaque=5484, flag(B)=0, remark=null, extFields={topic=TEST_CONSOLE_TOPIC, suspendTimeoutMillis=15000, queueId=15, subVersion=1521000430483, consumerGroup=CONSOLE_TEST_CONSUMER_GROUP, maxMsgNums=32, sysFlag=2, commitOffset=0, queueOffset=0}, serializeTypeCurrentRPC=JSON]
[2018-03-14 12:07:28.748] ERROR RemotingCommand [code=19, language=JAVA, version=212, opaque=5484, flag(B)=1, remark=NO_MESSAGE_IN_QUEUE, extFields=null, serializeTypeCurrentRPC=JSON]
[2018-03-14 12:07:28.766]  WARN AllocateMappedFileService service has exception. so return null
[2018-03-14 12:07:28.766] ERROR create maped file1 error, topic: TEST_CONSOLE_TOPIC clientAddr: 127.0.0.1
[2018-03-14 12:07:28.767]  WARN sendKernelImpl exception, resend at once, InvokeID: 4341087742832675894, RT: 5ms, Broker: MessageQueue [topic=TEST_CONSOLE_TOPIC, brokerName=ConsoleTestBroker, queueId=7]
org.apache.rocketmq.client.exception.MQBrokerException: CODE: 1  DESC: create mapped file failed, server is busy or broken.
For more information, please visit the url, http://rocketmq.apache.org/docs/faq/
	at org.apache.rocketmq.client.impl.MQClientAPIImpl.processSendResponse(MQClientAPIImpl.java:531)
	at org.apache.rocketmq.client.impl.MQClientAPIImpl.sendMessageSync(MQClientAPIImpl.java:345)
	at org.apache.rocketmq.client.impl.MQClientAPIImpl.sendMessage(MQClientAPIImpl.java:327)
	at org.apache.rocketmq.client.impl.MQClientAPIImpl.sendMessage(MQClientAPIImpl.java:290)
	at org.apache.rocketmq.client.impl.producer.DefaultMQProducerImpl.sendKernelImpl(DefaultMQProducerImpl.java:688)
	at org.apache.rocketmq.client.impl.producer.DefaultMQProducerImpl.sendDefaultImpl(DefaultMQProducerImpl.java:458)
	at org.apache.rocketmq.client.impl.producer.DefaultMQProducerImpl.send(DefaultMQProducerImpl.java:1049)
	at org.apache.rocketmq.client.impl.producer.DefaultMQProducerImpl.send(DefaultMQProducerImpl.java:1008)
	at org.apache.rocketmq.client.producer.DefaultMQProducer.send(DefaultMQProducer.java:204)
	at org.apache.rocketmq.console.testbase.RocketMQConsoleTestBase.sendTestTopicMessage(RocketMQConsoleTestBase.java:107)
	at org.apache.rocketmq.console.service.impl.TopicServiceImplTest.setUp(TopicServiceImplTest.java:57)
	at sun.reflect.NativeMethodAccessorImpl.invoke0(Native Method)
	at sun.reflect.NativeMethodAccessorImpl.invoke(NativeMethodAccessorImpl.java:57)
	at sun.reflect.DelegatingMethodAccessorImpl.invoke(DelegatingMethodAccessorImpl.java:43)
	at java.lang.reflect.Method.invoke(Method.java:606)
	at org.junit.runners.model.FrameworkMethod$1.runReflectiveCall(FrameworkMethod.java:50)
	at org.junit.internal.runners.model.ReflectiveCallable.run(ReflectiveCallable.java:12)
	at org.junit.runners.model.FrameworkMethod.invokeExplosively(FrameworkMethod.java:47)
	at org.junit.internal.runners.statements.RunBefores.evaluate(RunBefores.java:24)
	at org.springframework.test.context.junit4.statements.RunBeforeTestMethodCallbacks.evaluate(RunBeforeTestMethodCallbacks.java:75)
	at org.junit.internal.runners.statements.RunAfters.evaluate(RunAfters.java:27)
	at org.springframework.test.context.junit4.statements.RunAfterTestMethodCallbacks.evaluate(RunAfterTestMethodCallbacks.java:86)
	at org.springframework.test.context.junit4.statements.SpringRepeat.evaluate(SpringRepeat.java:84)
	at org.junit.runners.ParentRunner.runLeaf(ParentRunner.java:325)
	at org.springframework.test.context.junit4.SpringJUnit4ClassRunner.runChild(SpringJUnit4ClassRunner.java:252)
	at org.springframework.test.context.junit4.SpringJUnit4ClassRunner.runChild(SpringJUnit4ClassRunner.java:94)
	at org.junit.runners.ParentRunner$3.run(ParentRunner.java:290)
	at org.junit.runners.ParentRunner$1.schedule(ParentRunner.java:71)
	at org.junit.runners.ParentRunner.runChildren(ParentRunner.java:288)
	at org.junit.runners.ParentRunner.access$000(ParentRunner.java:58)
	at org.junit.runners.ParentRunner$2.evaluate(ParentRunner.java:268)
	at org.springframework.test.context.junit4.statements.RunBeforeTestClassCallbacks.evaluate(RunBeforeTestClassCallbacks.java:61)
	at org.springframework.test.context.junit4.statements.RunAfterTestClassCallbacks.evaluate(RunAfterTestClassCallbacks.java:70)
	at org.junit.runners.ParentRunner.run(ParentRunner.java:363)
	at org.springframework.test.context.junit4.SpringJUnit4ClassRunner.run(SpringJUnit4ClassRunner.java:191)
	at org.apache.maven.surefire.junit4.JUnit4Provider.execute(JUnit4Provider.java:367)
	at org.apache.maven.surefire.junit4.JUnit4Provider.executeWithRerun(JUnit4Provider.java:274)
	at org.apache.maven.surefire.junit4.JUnit4Provider.executeTestSet(JUnit4Provider.java:238)
	at org.apache.maven.surefire.junit4.JUnit4Provider.invoke(JUnit4Provider.java:161)
	at org.apache.maven.surefire.booter.ForkedBooter.invokeProviderInSameClassLoader(ForkedBooter.java:290)
	at org.apache.maven.surefire.booter.ForkedBooter.runSuitesInProcess(ForkedBooter.java:242)
	at org.apache.maven.surefire.booter.ForkedBooter.main(ForkedBooter.java:121)
[2018-03-14 12:07:28.767]  WARN Message [topic=TEST_CONSOLE_TOPIC, flag=0, properties={KEYS=TEST_TOPIC_KEY, WAIT=true, UNIQ_KEY=C0A859EB30A4011E1E6742F984FA0016}, body=11]
[2018-03-14 12:07:28.769]  WARN AllocateMappedFileService service has exception. so return null
[2018-03-14 12:07:28.769] ERROR create maped file1 error, topic: TEST_CONSOLE_TOPIC clientAddr: 127.0.0.1
[2018-03-14 12:07:28.770]  WARN sendKernelImpl exception, resend at once, InvokeID: 4341087742832675894, RT: 3ms, Broker: MessageQueue [topic=TEST_CONSOLE_TOPIC, brokerName=ConsoleTestBroker, queueId=9]
org.apache.rocketmq.client.exception.MQBrokerException: CODE: 1  DESC: create mapped file failed, server is busy or broken.
For more information, please visit the url, http://rocketmq.apache.org/docs/faq/
	at org.apache.rocketmq.client.impl.MQClientAPIImpl.processSendResponse(MQClientAPIImpl.java:531)
	at org.apache.rocketmq.client.impl.MQClientAPIImpl.sendMessageSync(MQClientAPIImpl.java:345)
	at org.apache.rocketmq.client.impl.MQClientAPIImpl.sendMessage(MQClientAPIImpl.java:327)
	at org.apache.rocketmq.client.impl.MQClientAPIImpl.sendMessage(MQClientAPIImpl.java:290)
	at org.apache.rocketmq.client.impl.producer.DefaultMQProducerImpl.sendKernelImpl(DefaultMQProducerImpl.java:688)
	at org.apache.rocketmq.client.impl.producer.DefaultMQProducerImpl.sendDefaultImpl(DefaultMQProducerImpl.java:458)
	at org.apache.rocketmq.client.impl.producer.DefaultMQProducerImpl.send(DefaultMQProducerImpl.java:1049)
	at org.apache.rocketmq.client.impl.producer.DefaultMQProducerImpl.send(DefaultMQProducerImpl.java:1008)
	at org.apache.rocketmq.client.producer.DefaultMQProducer.send(DefaultMQProducer.java:204)
	at org.apache.rocketmq.console.testbase.RocketMQConsoleTestBase.sendTestTopicMessage(RocketMQConsoleTestBase.java:107)
	at org.apache.rocketmq.console.service.impl.TopicServiceImplTest.setUp(TopicServiceImplTest.java:57)
	at sun.reflect.NativeMethodAccessorImpl.invoke0(Native Method)
	at sun.reflect.NativeMethodAccessorImpl.invoke(NativeMethodAccessorImpl.java:57)
	at sun.reflect.DelegatingMethodAccessorImpl.invoke(DelegatingMethodAccessorImpl.java:43)
	at java.lang.reflect.Method.invoke(Method.java:606)
	at org.junit.runners.model.FrameworkMethod$1.runReflectiveCall(FrameworkMethod.java:50)
	at org.junit.internal.runners.model.ReflectiveCallable.run(ReflectiveCallable.java:12)
	at org.junit.runners.model.FrameworkMethod.invokeExplosively(FrameworkMethod.java:47)
	at org.junit.internal.runners.statements.RunBefores.evaluate(RunBefores.java:24)
	at org.springframework.test.context.junit4.statements.RunBeforeTestMethodCallbacks.evaluate(RunBeforeTestMethodCallbacks.java:75)
	at org.junit.internal.runners.statements.RunAfters.evaluate(RunAfters.java:27)
	at org.springframework.test.context.junit4.statements.RunAfterTestMethodCallbacks.evaluate(RunAfterTestMethodCallbacks.java:86)
	at org.springframework.test.context.junit4.statements.SpringRepeat.evaluate(SpringRepeat.java:84)
	at org.junit.runners.ParentRunner.runLeaf(ParentRunner.java:325)
	at org.springframework.test.context.junit4.SpringJUnit4ClassRunner.runChild(SpringJUnit4ClassRunner.java:252)
	at org.springframework.test.context.junit4.SpringJUnit4ClassRunner.runChild(SpringJUnit4ClassRunner.java:94)
	at org.junit.runners.ParentRunner$3.run(ParentRunner.java:290)
	at org.junit.runners.ParentRunner$1.schedule(ParentRunner.java:71)
	at org.junit.runners.ParentRunner.runChildren(ParentRunner.java:288)
	at org.junit.runners.ParentRunner.access$000(ParentRunner.java:58)
	at org.junit.runners.ParentRunner$2.evaluate(ParentRunner.java:268)
	at org.springframework.test.context.junit4.statements.RunBeforeTestClassCallbacks.evaluate(RunBeforeTestClassCallbacks.java:61)
	at org.springframework.test.context.junit4.statements.RunAfterTestClassCallbacks.evaluate(RunAfterTestClassCallbacks.java:70)
	at org.junit.runners.ParentRunner.run(ParentRunner.java:363)
	at org.springframework.test.context.junit4.SpringJUnit4ClassRunner.run(SpringJUnit4ClassRunner.java:191)
	at org.apache.maven.surefire.junit4.JUnit4Provider.execute(JUnit4Provider.java:367)
	at org.apache.maven.surefire.junit4.JUnit4Provider.executeWithRerun(JUnit4Provider.java:274)
	at org.apache.maven.surefire.junit4.JUnit4Provider.executeTestSet(JUnit4Provider.java:238)
	at org.apache.maven.surefire.junit4.JUnit4Provider.invoke(JUnit4Provider.java:161)
	at org.apache.maven.surefire.booter.ForkedBooter.invokeProviderInSameClassLoader(ForkedBooter.java:290)
	at org.apache.maven.surefire.booter.ForkedBooter.runSuitesInProcess(ForkedBooter.java:242)
	at org.apache.maven.surefire.booter.ForkedBooter.main(ForkedBooter.java:121)
[2018-03-14 12:07:28.771]  WARN Message [topic=TEST_CONSOLE_TOPIC, flag=0, properties={KEYS=TEST_TOPIC_KEY, WAIT=true, UNIQ_KEY=C0A859EB30A4011E1E6742F984FA0016}, body=11]
[2018-03-14 12:07:28.771]  WARN AllocateMappedFileService service has exception. so return null
[2018-03-14 12:07:28.771] ERROR create maped file1 error, topic: TEST_CONSOLE_TOPIC clientAddr: 127.0.0.1
[2018-03-14 12:07:28.772]  WARN sendKernelImpl exception, resend at once, InvokeID: 4341087742832675894, RT: 1ms, Broker: MessageQueue [topic=TEST_CONSOLE_TOPIC, brokerName=ConsoleTestBroker, queueId=11]
org.apache.rocketmq.client.exception.MQBrokerException: CODE: 1  DESC: create mapped file failed, server is busy or broken.
For more information, please visit the url, http://rocketmq.apache.org/docs/faq/
	at org.apache.rocketmq.client.impl.MQClientAPIImpl.processSendResponse(MQClientAPIImpl.java:531)
	at org.apache.rocketmq.client.impl.MQClientAPIImpl.sendMessageSync(MQClientAPIImpl.java:345)
	at org.apache.rocketmq.client.impl.MQClientAPIImpl.sendMessage(MQClientAPIImpl.java:327)
	at org.apache.rocketmq.client.impl.MQClientAPIImpl.sendMessage(MQClientAPIImpl.java:290)
	at org.apache.rocketmq.client.impl.producer.DefaultMQProducerImpl.sendKernelImpl(DefaultMQProducerImpl.java:688)
	at org.apache.rocketmq.client.impl.producer.DefaultMQProducerImpl.sendDefaultImpl(DefaultMQProducerImpl.java:458)
	at org.apache.rocketmq.client.impl.producer.DefaultMQProducerImpl.send(DefaultMQProducerImpl.java:1049)
	at org.apache.rocketmq.client.impl.producer.DefaultMQProducerImpl.send(DefaultMQProducerImpl.java:1008)
	at org.apache.rocketmq.client.producer.DefaultMQProducer.send(DefaultMQProducer.java:204)
	at org.apache.rocketmq.console.testbase.RocketMQConsoleTestBase.sendTestTopicMessage(RocketMQConsoleTestBase.java:107)
	at org.apache.rocketmq.console.service.impl.TopicServiceImplTest.setUp(TopicServiceImplTest.java:57)
	at sun.reflect.NativeMethodAccessorImpl.invoke0(Native Method)
	at sun.reflect.NativeMethodAccessorImpl.invoke(NativeMethodAccessorImpl.java:57)
	at sun.reflect.DelegatingMethodAccessorImpl.invoke(DelegatingMethodAccessorImpl.java:43)
	at java.lang.reflect.Method.invoke(Method.java:606)
	at org.junit.runners.model.FrameworkMethod$1.runReflectiveCall(FrameworkMethod.java:50)
	at org.junit.internal.runners.model.ReflectiveCallable.run(ReflectiveCallable.java:12)
	at org.junit.runners.model.FrameworkMethod.invokeExplosively(FrameworkMethod.java:47)
	at org.junit.internal.runners.statements.RunBefores.evaluate(RunBefores.java:24)
	at org.springframework.test.context.junit4.statements.RunBeforeTestMethodCallbacks.evaluate(RunBeforeTestMethodCallbacks.java:75)
	at org.junit.internal.runners.statements.RunAfters.evaluate(RunAfters.java:27)
	at org.springframework.test.context.junit4.statements.RunAfterTestMethodCallbacks.evaluate(RunAfterTestMethodCallbacks.java:86)
	at org.springframework.test.context.junit4.statements.SpringRepeat.evaluate(SpringRepeat.java:84)
	at org.junit.runners.ParentRunner.runLeaf(ParentRunner.java:325)
	at org.springframework.test.context.junit4.SpringJUnit4ClassRunner.runChild(SpringJUnit4ClassRunner.java:252)
	at org.springframework.test.context.junit4.SpringJUnit4ClassRunner.runChild(SpringJUnit4ClassRunner.java:94)
	at org.junit.runners.ParentRunner$3.run(ParentRunner.java:290)
	at org.junit.runners.ParentRunner$1.schedule(ParentRunner.java:71)
	at org.junit.runners.ParentRunner.runChildren(ParentRunner.java:288)
	at org.junit.runners.ParentRunner.access$000(ParentRunner.java:58)
	at org.junit.runners.ParentRunner$2.evaluate(ParentRunner.java:268)
	at org.springframework.test.context.junit4.statements.RunBeforeTestClassCallbacks.evaluate(RunBeforeTestClassCallbacks.java:61)
	at org.springframework.test.context.junit4.statements.RunAfterTestClassCallbacks.evaluate(RunAfterTestClassCallbacks.java:70)
	at org.junit.runners.ParentRunner.run(ParentRunner.java:363)
	at org.springframework.test.context.junit4.SpringJUnit4ClassRunner.run(SpringJUnit4ClassRunner.java:191)
	at org.apache.maven.surefire.junit4.JUnit4Provider.execute(JUnit4Provider.java:367)
	at org.apache.maven.surefire.junit4.JUnit4Provider.executeWithRerun(JUnit4Provider.java:274)
	at org.apache.maven.surefire.junit4.JUnit4Provider.executeTestSet(JUnit4Provider.java:238)
	at org.apache.maven.surefire.junit4.JUnit4Provider.invoke(JUnit4Provider.java:161)
	at org.apache.maven.surefire.booter.ForkedBooter.invokeProviderInSameClassLoader(ForkedBooter.java:290)
	at org.apache.maven.surefire.booter.ForkedBooter.runSuitesInProcess(ForkedBooter.java:242)
	at org.apache.maven.surefire.booter.ForkedBooter.main(ForkedBooter.java:121)
[2018-03-14 12:07:28.772]  WARN Message [topic=TEST_CONSOLE_TOPIC, flag=0, properties={KEYS=TEST_TOPIC_KEY, WAIT=true, UNIQ_KEY=C0A859EB30A4011E1E6742F984FA0016}, body=11]
[2018-03-14 12:07:28.849] ERROR map file C:\Users\Administrator\rocketmq-console-test\20180314120653\commitlog\00000000000000000000 Failed. 
java.io.IOException: Map failed
	at sun.nio.ch.FileChannelImpl.map(FileChannelImpl.java:888)
	at org.apache.rocketmq.store.MappedFile.init(MappedFile.java:160)
	at org.apache.rocketmq.store.MappedFile.<init>(MappedFile.java:71)
	at org.apache.rocketmq.store.AllocateMappedFileService.mmapOperation(AllocateMappedFileService.java:182)
	at org.apache.rocketmq.store.AllocateMappedFileService.run(AllocateMappedFileService.java:143)
	at java.lang.Thread.run(Thread.java:745)
Caused by: java.lang.OutOfMemoryError: Map failed
	at sun.nio.ch.FileChannelImpl.map0(Native Method)
	at sun.nio.ch.FileChannelImpl.map(FileChannelImpl.java:885)
	... 5 common frames omitted
[2018-03-14 12:07:28.850]  WARN AllocateMappedFileService service has exception. 
java.io.IOException: Map failed
	at sun.nio.ch.FileChannelImpl.map(FileChannelImpl.java:888)
	at org.apache.rocketmq.store.MappedFile.init(MappedFile.java:160)
	at org.apache.rocketmq.store.MappedFile.<init>(MappedFile.java:71)
	at org.apache.rocketmq.store.AllocateMappedFileService.mmapOperation(AllocateMappedFileService.java:182)
	at org.apache.rocketmq.store.AllocateMappedFileService.run(AllocateMappedFileService.java:143)
	at java.lang.Thread.run(Thread.java:745)
Caused by: java.lang.OutOfMemoryError: Map failed
	at sun.nio.ch.FileChannelImpl.map0(Native Method)
	at sun.nio.ch.FileChannelImpl.map(FileChannelImpl.java:885)
	... 5 common frames omitted
[2018-03-14 12:07:29.069] ERROR map file C:\Users\Administrator\rocketmq-console-test\20180314120653\commitlog\00000000000000000000 Failed. 
java.io.IOException: Map failed
	at sun.nio.ch.FileChannelImpl.map(FileChannelImpl.java:888)
	at org.apache.rocketmq.store.MappedFile.init(MappedFile.java:160)
	at org.apache.rocketmq.store.MappedFile.<init>(MappedFile.java:71)
	at org.apache.rocketmq.store.AllocateMappedFileService.mmapOperation(AllocateMappedFileService.java:182)
	at org.apache.rocketmq.store.AllocateMappedFileService.run(AllocateMappedFileService.java:143)
	at java.lang.Thread.run(Thread.java:745)
Caused by: java.lang.OutOfMemoryError: Map failed
	at sun.nio.ch.FileChannelImpl.map0(Native Method)
	at sun.nio.ch.FileChannelImpl.map(FileChannelImpl.java:885)
	... 5 common frames omitted
[2018-03-14 12:07:29.069]  WARN AllocateMappedFileService service has exception. 
java.io.IOException: Map failed
	at sun.nio.ch.FileChannelImpl.map(FileChannelImpl.java:888)
	at org.apache.rocketmq.store.MappedFile.init(MappedFile.java:160)
	at org.apache.rocketmq.store.MappedFile.<init>(MappedFile.java:71)
	at org.apache.rocketmq.store.AllocateMappedFileService.mmapOperation(AllocateMappedFileService.java:182)
	at org.apache.rocketmq.store.AllocateMappedFileService.run(AllocateMappedFileService.java:143)
	at java.lang.Thread.run(Thread.java:745)
Caused by: java.lang.OutOfMemoryError: Map failed
	at sun.nio.ch.FileChannelImpl.map0(Native Method)
	at sun.nio.ch.FileChannelImpl.map(FileChannelImpl.java:885)
	... 5 common frames omitted
[2018-03-14 12:07:29.274]  WARN AllocateMappedFileService service has exception. so return null
[2018-03-14 12:07:29.274] ERROR create maped file1 error, topic: TEST_CONSOLE_TOPIC clientAddr: 127.0.0.1
[2018-03-14 12:07:29.274]  WARN sendKernelImpl exception, resend at once, InvokeID: -6389771557516421974, RT: 2ms, Broker: MessageQueue [topic=TEST_CONSOLE_TOPIC, brokerName=ConsoleTestBroker, queueId=12]
org.apache.rocketmq.client.exception.MQBrokerException: CODE: 1  DESC: create mapped file failed, server is busy or broken.
For more information, please visit the url, http://rocketmq.apache.org/docs/faq/
	at org.apache.rocketmq.client.impl.MQClientAPIImpl.processSendResponse(MQClientAPIImpl.java:531)
	at org.apache.rocketmq.client.impl.MQClientAPIImpl.sendMessageSync(MQClientAPIImpl.java:345)
	at org.apache.rocketmq.client.impl.MQClientAPIImpl.sendMessage(MQClientAPIImpl.java:327)
	at org.apache.rocketmq.client.impl.MQClientAPIImpl.sendMessage(MQClientAPIImpl.java:290)
	at org.apache.rocketmq.client.impl.producer.DefaultMQProducerImpl.sendKernelImpl(DefaultMQProducerImpl.java:688)
	at org.apache.rocketmq.client.impl.producer.DefaultMQProducerImpl.sendDefaultImpl(DefaultMQProducerImpl.java:458)
	at org.apache.rocketmq.client.impl.producer.DefaultMQProducerImpl.send(DefaultMQProducerImpl.java:1049)
	at org.apache.rocketmq.client.impl.producer.DefaultMQProducerImpl.send(DefaultMQProducerImpl.java:1008)
	at org.apache.rocketmq.client.producer.DefaultMQProducer.send(DefaultMQProducer.java:204)
	at org.apache.rocketmq.console.testbase.RocketMQConsoleTestBase.sendTestTopicMessage(RocketMQConsoleTestBase.java:107)
	at org.apache.rocketmq.console.service.impl.TopicServiceImplTest.setUp(TopicServiceImplTest.java:57)
	at sun.reflect.NativeMethodAccessorImpl.invoke0(Native Method)
	at sun.reflect.NativeMethodAccessorImpl.invoke(NativeMethodAccessorImpl.java:57)
	at sun.reflect.DelegatingMethodAccessorImpl.invoke(DelegatingMethodAccessorImpl.java:43)
	at java.lang.reflect.Method.invoke(Method.java:606)
	at org.junit.runners.model.FrameworkMethod$1.runReflectiveCall(FrameworkMethod.java:50)
	at org.junit.internal.runners.model.ReflectiveCallable.run(ReflectiveCallable.java:12)
	at org.junit.runners.model.FrameworkMethod.invokeExplosively(FrameworkMethod.java:47)
	at org.junit.internal.runners.statements.RunBefores.evaluate(RunBefores.java:24)
	at org.springframework.test.context.junit4.statements.RunBeforeTestMethodCallbacks.evaluate(RunBeforeTestMethodCallbacks.java:75)
	at org.junit.internal.runners.statements.RunAfters.evaluate(RunAfters.java:27)
	at org.springframework.test.context.junit4.statements.RunAfterTestMethodCallbacks.evaluate(RunAfterTestMethodCallbacks.java:86)
	at org.springframework.test.context.junit4.statements.SpringRepeat.evaluate(SpringRepeat.java:84)
	at org.junit.runners.ParentRunner.runLeaf(ParentRunner.java:325)
	at org.springframework.test.context.junit4.SpringJUnit4ClassRunner.runChild(SpringJUnit4ClassRunner.java:252)
	at org.springframework.test.context.junit4.SpringJUnit4ClassRunner.runChild(SpringJUnit4ClassRunner.java:94)
	at org.junit.runners.ParentRunner$3.run(ParentRunner.java:290)
	at org.junit.runners.ParentRunner$1.schedule(ParentRunner.java:71)
	at org.junit.runners.ParentRunner.runChildren(ParentRunner.java:288)
	at org.junit.runners.ParentRunner.access$000(ParentRunner.java:58)
	at org.junit.runners.ParentRunner$2.evaluate(ParentRunner.java:268)
	at org.springframework.test.context.junit4.statements.RunBeforeTestClassCallbacks.evaluate(RunBeforeTestClassCallbacks.java:61)
	at org.springframework.test.context.junit4.statements.RunAfterTestClassCallbacks.evaluate(RunAfterTestClassCallbacks.java:70)
	at org.junit.runners.ParentRunner.run(ParentRunner.java:363)
	at org.springframework.test.context.junit4.SpringJUnit4ClassRunner.run(SpringJUnit4ClassRunner.java:191)
	at org.apache.maven.surefire.junit4.JUnit4Provider.execute(JUnit4Provider.java:367)
	at org.apache.maven.surefire.junit4.JUnit4Provider.executeWithRerun(JUnit4Provider.java:274)
	at org.apache.maven.surefire.junit4.JUnit4Provider.executeTestSet(JUnit4Provider.java:238)
	at org.apache.maven.surefire.junit4.JUnit4Provider.invoke(JUnit4Provider.java:161)
	at org.apache.maven.surefire.booter.ForkedBooter.invokeProviderInSameClassLoader(ForkedBooter.java:290)
	at org.apache.maven.surefire.booter.ForkedBooter.runSuitesInProcess(ForkedBooter.java:242)
	at org.apache.maven.surefire.booter.ForkedBooter.main(ForkedBooter.java:121)
[2018-03-14 12:07:29.275]  WARN Message [topic=TEST_CONSOLE_TOPIC, flag=0, properties={KEYS=TEST_TOPIC_KEY, WAIT=true, UNIQ_KEY=C0A859EB30A4011E1E6742F984FA0016}, body=11]
[2018-03-14 12:07:29.276]  WARN AllocateMappedFileService service has exception. so return null
[2018-03-14 12:07:29.276] ERROR create maped file1 error, topic: TEST_CONSOLE_TOPIC clientAddr: 127.0.0.1
[2018-03-14 12:07:29.277]  WARN sendKernelImpl exception, resend at once, InvokeID: -6389771557516421974, RT: 2ms, Broker: MessageQueue [topic=TEST_CONSOLE_TOPIC, brokerName=ConsoleTestBroker, queueId=14]
org.apache.rocketmq.client.exception.MQBrokerException: CODE: 1  DESC: create mapped file failed, server is busy or broken.
For more information, please visit the url, http://rocketmq.apache.org/docs/faq/
	at org.apache.rocketmq.client.impl.MQClientAPIImpl.processSendResponse(MQClientAPIImpl.java:531)
	at org.apache.rocketmq.client.impl.MQClientAPIImpl.sendMessageSync(MQClientAPIImpl.java:345)
	at org.apache.rocketmq.client.impl.MQClientAPIImpl.sendMessage(MQClientAPIImpl.java:327)
	at org.apache.rocketmq.client.impl.MQClientAPIImpl.sendMessage(MQClientAPIImpl.java:290)
	at org.apache.rocketmq.client.impl.producer.DefaultMQProducerImpl.sendKernelImpl(DefaultMQProducerImpl.java:688)
	at org.apache.rocketmq.client.impl.producer.DefaultMQProducerImpl.sendDefaultImpl(DefaultMQProducerImpl.java:458)
	at org.apache.rocketmq.client.impl.producer.DefaultMQProducerImpl.send(DefaultMQProducerImpl.java:1049)
	at org.apache.rocketmq.client.impl.producer.DefaultMQProducerImpl.send(DefaultMQProducerImpl.java:1008)
	at org.apache.rocketmq.client.producer.DefaultMQProducer.send(DefaultMQProducer.java:204)
	at org.apache.rocketmq.console.testbase.RocketMQConsoleTestBase.sendTestTopicMessage(RocketMQConsoleTestBase.java:107)
	at org.apache.rocketmq.console.service.impl.TopicServiceImplTest.setUp(TopicServiceImplTest.java:57)
	at sun.reflect.NativeMethodAccessorImpl.invoke0(Native Method)
	at sun.reflect.NativeMethodAccessorImpl.invoke(NativeMethodAccessorImpl.java:57)
	at sun.reflect.DelegatingMethodAccessorImpl.invoke(DelegatingMethodAccessorImpl.java:43)
	at java.lang.reflect.Method.invoke(Method.java:606)
	at org.junit.runners.model.FrameworkMethod$1.runReflectiveCall(FrameworkMethod.java:50)
	at org.junit.internal.runners.model.ReflectiveCallable.run(ReflectiveCallable.java:12)
	at org.junit.runners.model.FrameworkMethod.invokeExplosively(FrameworkMethod.java:47)
	at org.junit.internal.runners.statements.RunBefores.evaluate(RunBefores.java:24)
	at org.springframework.test.context.junit4.statements.RunBeforeTestMethodCallbacks.evaluate(RunBeforeTestMethodCallbacks.java:75)
	at org.junit.internal.runners.statements.RunAfters.evaluate(RunAfters.java:27)
	at org.springframework.test.context.junit4.statements.RunAfterTestMethodCallbacks.evaluate(RunAfterTestMethodCallbacks.java:86)
	at org.springframework.test.context.junit4.statements.SpringRepeat.evaluate(SpringRepeat.java:84)
	at org.junit.runners.ParentRunner.runLeaf(ParentRunner.java:325)
	at org.springframework.test.context.junit4.SpringJUnit4ClassRunner.runChild(SpringJUnit4ClassRunner.java:252)
	at org.springframework.test.context.junit4.SpringJUnit4ClassRunner.runChild(SpringJUnit4ClassRunner.java:94)
	at org.junit.runners.ParentRunner$3.run(ParentRunner.java:290)
	at org.junit.runners.ParentRunner$1.schedule(ParentRunner.java:71)
	at org.junit.runners.ParentRunner.runChildren(ParentRunner.java:288)
	at org.junit.runners.ParentRunner.access$000(ParentRunner.java:58)
	at org.junit.runners.ParentRunner$2.evaluate(ParentRunner.java:268)
	at org.springframework.test.context.junit4.statements.RunBeforeTestClassCallbacks.evaluate(RunBeforeTestClassCallbacks.java:61)
	at org.springframework.test.context.junit4.statements.RunAfterTestClassCallbacks.evaluate(RunAfterTestClassCallbacks.java:70)
	at org.junit.runners.ParentRunner.run(ParentRunner.java:363)
	at org.springframework.test.context.junit4.SpringJUnit4ClassRunner.run(SpringJUnit4ClassRunner.java:191)
	at org.apache.maven.surefire.junit4.JUnit4Provider.execute(JUnit4Provider.java:367)
	at org.apache.maven.surefire.junit4.JUnit4Provider.executeWithRerun(JUnit4Provider.java:274)
	at org.apache.maven.surefire.junit4.JUnit4Provider.executeTestSet(JUnit4Provider.java:238)
	at org.apache.maven.surefire.junit4.JUnit4Provider.invoke(JUnit4Provider.java:161)
	at org.apache.maven.surefire.booter.ForkedBooter.invokeProviderInSameClassLoader(ForkedBooter.java:290)
	at org.apache.maven.surefire.booter.ForkedBooter.runSuitesInProcess(ForkedBooter.java:242)
	at org.apache.maven.surefire.booter.ForkedBooter.main(ForkedBooter.java:121)
[2018-03-14 12:07:29.277]  WARN Message [topic=TEST_CONSOLE_TOPIC, flag=0, properties={KEYS=TEST_TOPIC_KEY, WAIT=true, UNIQ_KEY=C0A859EB30A4011E1E6742F984FA0016}, body=11]
[2018-03-14 12:07:29.278]  WARN AllocateMappedFileService service has exception. so return null
[2018-03-14 12:07:29.278] ERROR create maped file1 error, topic: TEST_CONSOLE_TOPIC clientAddr: 127.0.0.1
[2018-03-14 12:07:29.279]  WARN sendKernelImpl exception, resend at once, InvokeID: -6389771557516421974, RT: 1ms, Broker: MessageQueue [topic=TEST_CONSOLE_TOPIC, brokerName=ConsoleTestBroker, queueId=0]
org.apache.rocketmq.client.exception.MQBrokerException: CODE: 1  DESC: create mapped file failed, server is busy or broken.
For more information, please visit the url, http://rocketmq.apache.org/docs/faq/
	at org.apache.rocketmq.client.impl.MQClientAPIImpl.processSendResponse(MQClientAPIImpl.java:531)
	at org.apache.rocketmq.client.impl.MQClientAPIImpl.sendMessageSync(MQClientAPIImpl.java:345)
	at org.apache.rocketmq.client.impl.MQClientAPIImpl.sendMessage(MQClientAPIImpl.java:327)
	at org.apache.rocketmq.client.impl.MQClientAPIImpl.sendMessage(MQClientAPIImpl.java:290)
	at org.apache.rocketmq.client.impl.producer.DefaultMQProducerImpl.sendKernelImpl(DefaultMQProducerImpl.java:688)
	at org.apache.rocketmq.client.impl.producer.DefaultMQProducerImpl.sendDefaultImpl(DefaultMQProducerImpl.java:458)
	at org.apache.rocketmq.client.impl.producer.DefaultMQProducerImpl.send(DefaultMQProducerImpl.java:1049)
	at org.apache.rocketmq.client.impl.producer.DefaultMQProducerImpl.send(DefaultMQProducerImpl.java:1008)
	at org.apache.rocketmq.client.producer.DefaultMQProducer.send(DefaultMQProducer.java:204)
	at org.apache.rocketmq.console.testbase.RocketMQConsoleTestBase.sendTestTopicMessage(RocketMQConsoleTestBase.java:107)
	at org.apache.rocketmq.console.service.impl.TopicServiceImplTest.setUp(TopicServiceImplTest.java:57)
	at sun.reflect.NativeMethodAccessorImpl.invoke0(Native Method)
	at sun.reflect.NativeMethodAccessorImpl.invoke(NativeMethodAccessorImpl.java:57)
	at sun.reflect.DelegatingMethodAccessorImpl.invoke(DelegatingMethodAccessorImpl.java:43)
	at java.lang.reflect.Method.invoke(Method.java:606)
	at org.junit.runners.model.FrameworkMethod$1.runReflectiveCall(FrameworkMethod.java:50)
	at org.junit.internal.runners.model.ReflectiveCallable.run(ReflectiveCallable.java:12)
	at org.junit.runners.model.FrameworkMethod.invokeExplosively(FrameworkMethod.java:47)
	at org.junit.internal.runners.statements.RunBefores.evaluate(RunBefores.java:24)
	at org.springframework.test.context.junit4.statements.RunBeforeTestMethodCallbacks.evaluate(RunBeforeTestMethodCallbacks.java:75)
	at org.junit.internal.runners.statements.RunAfters.evaluate(RunAfters.java:27)
	at org.springframework.test.context.junit4.statements.RunAfterTestMethodCallbacks.evaluate(RunAfterTestMethodCallbacks.java:86)
	at org.springframework.test.context.junit4.statements.SpringRepeat.evaluate(SpringRepeat.java:84)
	at org.junit.runners.ParentRunner.runLeaf(ParentRunner.java:325)
	at org.springframework.test.context.junit4.SpringJUnit4ClassRunner.runChild(SpringJUnit4ClassRunner.java:252)
	at org.springframework.test.context.junit4.SpringJUnit4ClassRunner.runChild(SpringJUnit4ClassRunner.java:94)
	at org.junit.runners.ParentRunner$3.run(ParentRunner.java:290)
	at org.junit.runners.ParentRunner$1.schedule(ParentRunner.java:71)
	at org.junit.runners.ParentRunner.runChildren(ParentRunner.java:288)
	at org.junit.runners.ParentRunner.access$000(ParentRunner.java:58)
	at org.junit.runners.ParentRunner$2.evaluate(ParentRunner.java:268)
	at org.springframework.test.context.junit4.statements.RunBeforeTestClassCallbacks.evaluate(RunBeforeTestClassCallbacks.java:61)
	at org.springframework.test.context.junit4.statements.RunAfterTestClassCallbacks.evaluate(RunAfterTestClassCallbacks.java:70)
	at org.junit.runners.ParentRunner.run(ParentRunner.java:363)
	at org.springframework.test.context.junit4.SpringJUnit4ClassRunner.run(SpringJUnit4ClassRunner.java:191)
	at org.apache.maven.surefire.junit4.JUnit4Provider.execute(JUnit4Provider.java:367)
	at org.apache.maven.surefire.junit4.JUnit4Provider.executeWithRerun(JUnit4Provider.java:274)
	at org.apache.maven.surefire.junit4.JUnit4Provider.executeTestSet(JUnit4Provider.java:238)
	at org.apache.maven.surefire.junit4.JUnit4Provider.invoke(JUnit4Provider.java:161)
	at org.apache.maven.surefire.booter.ForkedBooter.invokeProviderInSameClassLoader(ForkedBooter.java:290)
	at org.apache.maven.surefire.booter.ForkedBooter.runSuitesInProcess(ForkedBooter.java:242)
	at org.apache.maven.surefire.booter.ForkedBooter.main(ForkedBooter.java:121)
[2018-03-14 12:07:29.279]  WARN Message [topic=TEST_CONSOLE_TOPIC, flag=0, properties={KEYS=TEST_TOPIC_KEY, WAIT=true, UNIQ_KEY=C0A859EB30A4011E1E6742F984FA0016}, body=11]
[2018-03-14 12:07:29.289] ERROR map file C:\Users\Administrator\rocketmq-console-test\20180314120653\commitlog\00000000000000000000 Failed. 
java.io.IOException: Map failed
	at sun.nio.ch.FileChannelImpl.map(FileChannelImpl.java:888)
	at org.apache.rocketmq.store.MappedFile.init(MappedFile.java:160)
	at org.apache.rocketmq.store.MappedFile.<init>(MappedFile.java:71)
	at org.apache.rocketmq.store.AllocateMappedFileService.mmapOperation(AllocateMappedFileService.java:182)
	at org.apache.rocketmq.store.AllocateMappedFileService.run(AllocateMappedFileService.java:143)
	at java.lang.Thread.run(Thread.java:745)
Caused by: java.lang.OutOfMemoryError: Map failed
	at sun.nio.ch.FileChannelImpl.map0(Native Method)
	at sun.nio.ch.FileChannelImpl.map(FileChannelImpl.java:885)
	... 5 common frames omitted
[2018-03-14 12:07:29.289]  WARN AllocateMappedFileService service has exception. 
java.io.IOException: Map failed
	at sun.nio.ch.FileChannelImpl.map(FileChannelImpl.java:888)
	at org.apache.rocketmq.store.MappedFile.init(MappedFile.java:160)
	at org.apache.rocketmq.store.MappedFile.<init>(MappedFile.java:71)
	at org.apache.rocketmq.store.AllocateMappedFileService.mmapOperation(AllocateMappedFileService.java:182)
	at org.apache.rocketmq.store.AllocateMappedFileService.run(AllocateMappedFileService.java:143)
	at java.lang.Thread.run(Thread.java:745)
Caused by: java.lang.OutOfMemoryError: Map failed
	at sun.nio.ch.FileChannelImpl.map0(Native Method)
	at sun.nio.ch.FileChannelImpl.map(FileChannelImpl.java:885)
	... 5 common frames omitted
[2018-03-14 12:07:29.515] ERROR map file C:\Users\Administrator\rocketmq-console-test\20180314120653\commitlog\00000000000000000000 Failed. 
java.io.IOException: Map failed
	at sun.nio.ch.FileChannelImpl.map(FileChannelImpl.java:888)
	at org.apache.rocketmq.store.MappedFile.init(MappedFile.java:160)
	at org.apache.rocketmq.store.MappedFile.<init>(MappedFile.java:71)
	at org.apache.rocketmq.store.AllocateMappedFileService.mmapOperation(AllocateMappedFileService.java:182)
	at org.apache.rocketmq.store.AllocateMappedFileService.run(AllocateMappedFileService.java:143)
	at java.lang.Thread.run(Thread.java:745)
Caused by: java.lang.OutOfMemoryError: Map failed
	at sun.nio.ch.FileChannelImpl.map0(Native Method)
	at sun.nio.ch.FileChannelImpl.map(FileChannelImpl.java:885)
	... 5 common frames omitted
[2018-03-14 12:07:29.515]  WARN AllocateMappedFileService service has exception. 
java.io.IOException: Map failed
	at sun.nio.ch.FileChannelImpl.map(FileChannelImpl.java:888)
	at org.apache.rocketmq.store.MappedFile.init(MappedFile.java:160)
	at org.apache.rocketmq.store.MappedFile.<init>(MappedFile.java:71)
	at org.apache.rocketmq.store.AllocateMappedFileService.mmapOperation(AllocateMappedFileService.java:182)
	at org.apache.rocketmq.store.AllocateMappedFileService.run(AllocateMappedFileService.java:143)
	at java.lang.Thread.run(Thread.java:745)
Caused by: java.lang.OutOfMemoryError: Map failed
	at sun.nio.ch.FileChannelImpl.map0(Native Method)
	at sun.nio.ch.FileChannelImpl.map(FileChannelImpl.java:885)
	... 5 common frames omitted
[2018-03-14 12:07:29.753] ERROR map file C:\Users\Administrator\rocketmq-console-test\20180314120653\commitlog\00000000000000000000 Failed. 
java.io.IOException: Map failed
	at sun.nio.ch.FileChannelImpl.map(FileChannelImpl.java:888)
	at org.apache.rocketmq.store.MappedFile.init(MappedFile.java:160)
	at org.apache.rocketmq.store.MappedFile.<init>(MappedFile.java:71)
	at org.apache.rocketmq.store.AllocateMappedFileService.mmapOperation(AllocateMappedFileService.java:182)
	at org.apache.rocketmq.store.AllocateMappedFileService.run(AllocateMappedFileService.java:143)
	at java.lang.Thread.run(Thread.java:745)
Caused by: java.lang.OutOfMemoryError: Map failed
	at sun.nio.ch.FileChannelImpl.map0(Native Method)
	at sun.nio.ch.FileChannelImpl.map(FileChannelImpl.java:885)
	... 5 common frames omitted
[2018-03-14 12:07:29.753]  WARN AllocateMappedFileService service has exception. 
java.io.IOException: Map failed
	at sun.nio.ch.FileChannelImpl.map(FileChannelImpl.java:888)
	at org.apache.rocketmq.store.MappedFile.init(MappedFile.java:160)
	at org.apache.rocketmq.store.MappedFile.<init>(MappedFile.java:71)
	at org.apache.rocketmq.store.AllocateMappedFileService.mmapOperation(AllocateMappedFileService.java:182)
	at org.apache.rocketmq.store.AllocateMappedFileService.run(AllocateMappedFileService.java:143)
	at java.lang.Thread.run(Thread.java:745)
Caused by: java.lang.OutOfMemoryError: Map failed
	at sun.nio.ch.FileChannelImpl.map0(Native Method)
	at sun.nio.ch.FileChannelImpl.map(FileChannelImpl.java:885)
	... 5 common frames omitted
[2018-03-14 12:07:29.878]  WARN AllocateMappedFileService service has exception. so return null
[2018-03-14 12:07:29.878] ERROR create maped file1 error, topic: TEST_CONSOLE_TOPIC clientAddr: 127.0.0.1
[2018-03-14 12:07:29.879]  WARN sendKernelImpl exception, resend at once, InvokeID: -1567922755665211020, RT: 2ms, Broker: MessageQueue [topic=TEST_CONSOLE_TOPIC, brokerName=ConsoleTestBroker, queueId=1]
org.apache.rocketmq.client.exception.MQBrokerException: CODE: 1  DESC: create mapped file failed, server is busy or broken.
For more information, please visit the url, http://rocketmq.apache.org/docs/faq/
	at org.apache.rocketmq.client.impl.MQClientAPIImpl.processSendResponse(MQClientAPIImpl.java:531)
	at org.apache.rocketmq.client.impl.MQClientAPIImpl.sendMessageSync(MQClientAPIImpl.java:345)
	at org.apache.rocketmq.client.impl.MQClientAPIImpl.sendMessage(MQClientAPIImpl.java:327)
	at org.apache.rocketmq.client.impl.MQClientAPIImpl.sendMessage(MQClientAPIImpl.java:290)
	at org.apache.rocketmq.client.impl.producer.DefaultMQProducerImpl.sendKernelImpl(DefaultMQProducerImpl.java:688)
	at org.apache.rocketmq.client.impl.producer.DefaultMQProducerImpl.sendDefaultImpl(DefaultMQProducerImpl.java:458)
	at org.apache.rocketmq.client.impl.producer.DefaultMQProducerImpl.send(DefaultMQProducerImpl.java:1049)
	at org.apache.rocketmq.client.impl.producer.DefaultMQProducerImpl.send(DefaultMQProducerImpl.java:1008)
	at org.apache.rocketmq.client.producer.DefaultMQProducer.send(DefaultMQProducer.java:204)
	at org.apache.rocketmq.console.testbase.RocketMQConsoleTestBase.sendTestTopicMessage(RocketMQConsoleTestBase.java:107)
	at org.apache.rocketmq.console.service.impl.TopicServiceImplTest.setUp(TopicServiceImplTest.java:57)
	at sun.reflect.NativeMethodAccessorImpl.invoke0(Native Method)
	at sun.reflect.NativeMethodAccessorImpl.invoke(NativeMethodAccessorImpl.java:57)
	at sun.reflect.DelegatingMethodAccessorImpl.invoke(DelegatingMethodAccessorImpl.java:43)
	at java.lang.reflect.Method.invoke(Method.java:606)
	at org.junit.runners.model.FrameworkMethod$1.runReflectiveCall(FrameworkMethod.java:50)
	at org.junit.internal.runners.model.ReflectiveCallable.run(ReflectiveCallable.java:12)
	at org.junit.runners.model.FrameworkMethod.invokeExplosively(FrameworkMethod.java:47)
	at org.junit.internal.runners.statements.RunBefores.evaluate(RunBefores.java:24)
	at org.springframework.test.context.junit4.statements.RunBeforeTestMethodCallbacks.evaluate(RunBeforeTestMethodCallbacks.java:75)
	at org.junit.internal.runners.statements.RunAfters.evaluate(RunAfters.java:27)
	at org.springframework.test.context.junit4.statements.RunAfterTestMethodCallbacks.evaluate(RunAfterTestMethodCallbacks.java:86)
	at org.springframework.test.context.junit4.statements.SpringRepeat.evaluate(SpringRepeat.java:84)
	at org.junit.runners.ParentRunner.runLeaf(ParentRunner.java:325)
	at org.springframework.test.context.junit4.SpringJUnit4ClassRunner.runChild(SpringJUnit4ClassRunner.java:252)
	at org.springframework.test.context.junit4.SpringJUnit4ClassRunner.runChild(SpringJUnit4ClassRunner.java:94)
	at org.junit.runners.ParentRunner$3.run(ParentRunner.java:290)
	at org.junit.runners.ParentRunner$1.schedule(ParentRunner.java:71)
	at org.junit.runners.ParentRunner.runChildren(ParentRunner.java:288)
	at org.junit.runners.ParentRunner.access$000(ParentRunner.java:58)
	at org.junit.runners.ParentRunner$2.evaluate(ParentRunner.java:268)
	at org.springframework.test.context.junit4.statements.RunBeforeTestClassCallbacks.evaluate(RunBeforeTestClassCallbacks.java:61)
	at org.springframework.test.context.junit4.statements.RunAfterTestClassCallbacks.evaluate(RunAfterTestClassCallbacks.java:70)
	at org.junit.runners.ParentRunner.run(ParentRunner.java:363)
	at org.springframework.test.context.junit4.SpringJUnit4ClassRunner.run(SpringJUnit4ClassRunner.java:191)
	at org.apache.maven.surefire.junit4.JUnit4Provider.execute(JUnit4Provider.java:367)
	at org.apache.maven.surefire.junit4.JUnit4Provider.executeWithRerun(JUnit4Provider.java:274)
	at org.apache.maven.surefire.junit4.JUnit4Provider.executeTestSet(JUnit4Provider.java:238)
	at org.apache.maven.surefire.junit4.JUnit4Provider.invoke(JUnit4Provider.java:161)
	at org.apache.maven.surefire.booter.ForkedBooter.invokeProviderInSameClassLoader(ForkedBooter.java:290)
	at org.apache.maven.surefire.booter.ForkedBooter.runSuitesInProcess(ForkedBooter.java:242)
	at org.apache.maven.surefire.booter.ForkedBooter.main(ForkedBooter.java:121)
[2018-03-14 12:07:29.879]  WARN Message [topic=TEST_CONSOLE_TOPIC, flag=0, properties={KEYS=TEST_TOPIC_KEY, WAIT=true, UNIQ_KEY=C0A859EB30A4011E1E6742F984FA0016}, body=11]
[2018-03-14 12:07:29.880]  WARN AllocateMappedFileService service has exception. so return null
[2018-03-14 12:07:29.881] ERROR create maped file1 error, topic: TEST_CONSOLE_TOPIC clientAddr: 127.0.0.1
[2018-03-14 12:07:29.882]  WARN sendKernelImpl exception, resend at once, InvokeID: -1567922755665211020, RT: 2ms, Broker: MessageQueue [topic=TEST_CONSOLE_TOPIC, brokerName=ConsoleTestBroker, queueId=3]
org.apache.rocketmq.client.exception.MQBrokerException: CODE: 1  DESC: create mapped file failed, server is busy or broken.
For more information, please visit the url, http://rocketmq.apache.org/docs/faq/
	at org.apache.rocketmq.client.impl.MQClientAPIImpl.processSendResponse(MQClientAPIImpl.java:531)
	at org.apache.rocketmq.client.impl.MQClientAPIImpl.sendMessageSync(MQClientAPIImpl.java:345)
	at org.apache.rocketmq.client.impl.MQClientAPIImpl.sendMessage(MQClientAPIImpl.java:327)
	at org.apache.rocketmq.client.impl.MQClientAPIImpl.sendMessage(MQClientAPIImpl.java:290)
	at org.apache.rocketmq.client.impl.producer.DefaultMQProducerImpl.sendKernelImpl(DefaultMQProducerImpl.java:688)
	at org.apache.rocketmq.client.impl.producer.DefaultMQProducerImpl.sendDefaultImpl(DefaultMQProducerImpl.java:458)
	at org.apache.rocketmq.client.impl.producer.DefaultMQProducerImpl.send(DefaultMQProducerImpl.java:1049)
	at org.apache.rocketmq.client.impl.producer.DefaultMQProducerImpl.send(DefaultMQProducerImpl.java:1008)
	at org.apache.rocketmq.client.producer.DefaultMQProducer.send(DefaultMQProducer.java:204)
	at org.apache.rocketmq.console.testbase.RocketMQConsoleTestBase.sendTestTopicMessage(RocketMQConsoleTestBase.java:107)
	at org.apache.rocketmq.console.service.impl.TopicServiceImplTest.setUp(TopicServiceImplTest.java:57)
	at sun.reflect.NativeMethodAccessorImpl.invoke0(Native Method)
	at sun.reflect.NativeMethodAccessorImpl.invoke(NativeMethodAccessorImpl.java:57)
	at sun.reflect.DelegatingMethodAccessorImpl.invoke(DelegatingMethodAccessorImpl.java:43)
	at java.lang.reflect.Method.invoke(Method.java:606)
	at org.junit.runners.model.FrameworkMethod$1.runReflectiveCall(FrameworkMethod.java:50)
	at org.junit.internal.runners.model.ReflectiveCallable.run(ReflectiveCallable.java:12)
	at org.junit.runners.model.FrameworkMethod.invokeExplosively(FrameworkMethod.java:47)
	at org.junit.internal.runners.statements.RunBefores.evaluate(RunBefores.java:24)
	at org.springframework.test.context.junit4.statements.RunBeforeTestMethodCallbacks.evaluate(RunBeforeTestMethodCallbacks.java:75)
	at org.junit.internal.runners.statements.RunAfters.evaluate(RunAfters.java:27)
	at org.springframework.test.context.junit4.statements.RunAfterTestMethodCallbacks.evaluate(RunAfterTestMethodCallbacks.java:86)
	at org.springframework.test.context.junit4.statements.SpringRepeat.evaluate(SpringRepeat.java:84)
	at org.junit.runners.ParentRunner.runLeaf(ParentRunner.java:325)
	at org.springframework.test.context.junit4.SpringJUnit4ClassRunner.runChild(SpringJUnit4ClassRunner.java:252)
	at org.springframework.test.context.junit4.SpringJUnit4ClassRunner.runChild(SpringJUnit4ClassRunner.java:94)
	at org.junit.runners.ParentRunner$3.run(ParentRunner.java:290)
	at org.junit.runners.ParentRunner$1.schedule(ParentRunner.java:71)
	at org.junit.runners.ParentRunner.runChildren(ParentRunner.java:288)
	at org.junit.runners.ParentRunner.access$000(ParentRunner.java:58)
	at org.junit.runners.ParentRunner$2.evaluate(ParentRunner.java:268)
	at org.springframework.test.context.junit4.statements.RunBeforeTestClassCallbacks.evaluate(RunBeforeTestClassCallbacks.java:61)
	at org.springframework.test.context.junit4.statements.RunAfterTestClassCallbacks.evaluate(RunAfterTestClassCallbacks.java:70)
	at org.junit.runners.ParentRunner.run(ParentRunner.java:363)
	at org.springframework.test.context.junit4.SpringJUnit4ClassRunner.run(SpringJUnit4ClassRunner.java:191)
	at org.apache.maven.surefire.junit4.JUnit4Provider.execute(JUnit4Provider.java:367)
	at org.apache.maven.surefire.junit4.JUnit4Provider.executeWithRerun(JUnit4Provider.java:274)
	at org.apache.maven.surefire.junit4.JUnit4Provider.executeTestSet(JUnit4Provider.java:238)
	at org.apache.maven.surefire.junit4.JUnit4Provider.invoke(JUnit4Provider.java:161)
	at org.apache.maven.surefire.booter.ForkedBooter.invokeProviderInSameClassLoader(ForkedBooter.java:290)
	at org.apache.maven.surefire.booter.ForkedBooter.runSuitesInProcess(ForkedBooter.java:242)
	at org.apache.maven.surefire.booter.ForkedBooter.main(ForkedBooter.java:121)
[2018-03-14 12:07:29.882]  WARN Message [topic=TEST_CONSOLE_TOPIC, flag=0, properties={KEYS=TEST_TOPIC_KEY, WAIT=true, UNIQ_KEY=C0A859EB30A4011E1E6742F984FA0016}, body=11]
[2018-03-14 12:07:29.883]  WARN AllocateMappedFileService service has exception. so return null
[2018-03-14 12:07:29.883] ERROR create maped file1 error, topic: TEST_CONSOLE_TOPIC clientAddr: 127.0.0.1
[2018-03-14 12:07:29.884]  WARN sendKernelImpl exception, resend at once, InvokeID: -1567922755665211020, RT: 2ms, Broker: MessageQueue [topic=TEST_CONSOLE_TOPIC, brokerName=ConsoleTestBroker, queueId=5]
org.apache.rocketmq.client.exception.MQBrokerException: CODE: 1  DESC: create mapped file failed, server is busy or broken.
For more information, please visit the url, http://rocketmq.apache.org/docs/faq/
	at org.apache.rocketmq.client.impl.MQClientAPIImpl.processSendResponse(MQClientAPIImpl.java:531)
	at org.apache.rocketmq.client.impl.MQClientAPIImpl.sendMessageSync(MQClientAPIImpl.java:345)
	at org.apache.rocketmq.client.impl.MQClientAPIImpl.sendMessage(MQClientAPIImpl.java:327)
	at org.apache.rocketmq.client.impl.MQClientAPIImpl.sendMessage(MQClientAPIImpl.java:290)
	at org.apache.rocketmq.client.impl.producer.DefaultMQProducerImpl.sendKernelImpl(DefaultMQProducerImpl.java:688)
	at org.apache.rocketmq.client.impl.producer.DefaultMQProducerImpl.sendDefaultImpl(DefaultMQProducerImpl.java:458)
	at org.apache.rocketmq.client.impl.producer.DefaultMQProducerImpl.send(DefaultMQProducerImpl.java:1049)
	at org.apache.rocketmq.client.impl.producer.DefaultMQProducerImpl.send(DefaultMQProducerImpl.java:1008)
	at org.apache.rocketmq.client.producer.DefaultMQProducer.send(DefaultMQProducer.java:204)
	at org.apache.rocketmq.console.testbase.RocketMQConsoleTestBase.sendTestTopicMessage(RocketMQConsoleTestBase.java:107)
	at org.apache.rocketmq.console.service.impl.TopicServiceImplTest.setUp(TopicServiceImplTest.java:57)
	at sun.reflect.NativeMethodAccessorImpl.invoke0(Native Method)
	at sun.reflect.NativeMethodAccessorImpl.invoke(NativeMethodAccessorImpl.java:57)
	at sun.reflect.DelegatingMethodAccessorImpl.invoke(DelegatingMethodAccessorImpl.java:43)
	at java.lang.reflect.Method.invoke(Method.java:606)
	at org.junit.runners.model.FrameworkMethod$1.runReflectiveCall(FrameworkMethod.java:50)
	at org.junit.internal.runners.model.ReflectiveCallable.run(ReflectiveCallable.java:12)
	at org.junit.runners.model.FrameworkMethod.invokeExplosively(FrameworkMethod.java:47)
	at org.junit.internal.runners.statements.RunBefores.evaluate(RunBefores.java:24)
	at org.springframework.test.context.junit4.statements.RunBeforeTestMethodCallbacks.evaluate(RunBeforeTestMethodCallbacks.java:75)
	at org.junit.internal.runners.statements.RunAfters.evaluate(RunAfters.java:27)
	at org.springframework.test.context.junit4.statements.RunAfterTestMethodCallbacks.evaluate(RunAfterTestMethodCallbacks.java:86)
	at org.springframework.test.context.junit4.statements.SpringRepeat.evaluate(SpringRepeat.java:84)
	at org.junit.runners.ParentRunner.runLeaf(ParentRunner.java:325)
	at org.springframework.test.context.junit4.SpringJUnit4ClassRunner.runChild(SpringJUnit4ClassRunner.java:252)
	at org.springframework.test.context.junit4.SpringJUnit4ClassRunner.runChild(SpringJUnit4ClassRunner.java:94)
	at org.junit.runners.ParentRunner$3.run(ParentRunner.java:290)
	at org.junit.runners.ParentRunner$1.schedule(ParentRunner.java:71)
	at org.junit.runners.ParentRunner.runChildren(ParentRunner.java:288)
	at org.junit.runners.ParentRunner.access$000(ParentRunner.java:58)
	at org.junit.runners.ParentRunner$2.evaluate(ParentRunner.java:268)
	at org.springframework.test.context.junit4.statements.RunBeforeTestClassCallbacks.evaluate(RunBeforeTestClassCallbacks.java:61)
	at org.springframework.test.context.junit4.statements.RunAfterTestClassCallbacks.evaluate(RunAfterTestClassCallbacks.java:70)
	at org.junit.runners.ParentRunner.run(ParentRunner.java:363)
	at org.springframework.test.context.junit4.SpringJUnit4ClassRunner.run(SpringJUnit4ClassRunner.java:191)
	at org.apache.maven.surefire.junit4.JUnit4Provider.execute(JUnit4Provider.java:367)
	at org.apache.maven.surefire.junit4.JUnit4Provider.executeWithRerun(JUnit4Provider.java:274)
	at org.apache.maven.surefire.junit4.JUnit4Provider.executeTestSet(JUnit4Provider.java:238)
	at org.apache.maven.surefire.junit4.JUnit4Provider.invoke(JUnit4Provider.java:161)
	at org.apache.maven.surefire.booter.ForkedBooter.invokeProviderInSameClassLoader(ForkedBooter.java:290)
	at org.apache.maven.surefire.booter.ForkedBooter.runSuitesInProcess(ForkedBooter.java:242)
	at org.apache.maven.surefire.booter.ForkedBooter.main(ForkedBooter.java:121)
[2018-03-14 12:07:29.884]  WARN Message [topic=TEST_CONSOLE_TOPIC, flag=0, properties={KEYS=TEST_TOPIC_KEY, WAIT=true, UNIQ_KEY=C0A859EB30A4011E1E6742F984FA0016}, body=11]
[2018-03-14 12:07:29.980] ERROR map file C:\Users\Administrator\rocketmq-console-test\20180314120653\commitlog\00000000000000000000 Failed. 
java.io.IOException: Map failed
	at sun.nio.ch.FileChannelImpl.map(FileChannelImpl.java:888)
	at org.apache.rocketmq.store.MappedFile.init(MappedFile.java:160)
	at org.apache.rocketmq.store.MappedFile.<init>(MappedFile.java:71)
	at org.apache.rocketmq.store.AllocateMappedFileService.mmapOperation(AllocateMappedFileService.java:182)
	at org.apache.rocketmq.store.AllocateMappedFileService.run(AllocateMappedFileService.java:143)
	at java.lang.Thread.run(Thread.java:745)
Caused by: java.lang.OutOfMemoryError: Map failed
	at sun.nio.ch.FileChannelImpl.map0(Native Method)
	at sun.nio.ch.FileChannelImpl.map(FileChannelImpl.java:885)
	... 5 common frames omitted
[2018-03-14 12:07:29.980]  WARN AllocateMappedFileService service has exception. 
java.io.IOException: Map failed
	at sun.nio.ch.FileChannelImpl.map(FileChannelImpl.java:888)
	at org.apache.rocketmq.store.MappedFile.init(MappedFile.java:160)
	at org.apache.rocketmq.store.MappedFile.<init>(MappedFile.java:71)
	at org.apache.rocketmq.store.AllocateMappedFileService.mmapOperation(AllocateMappedFileService.java:182)
	at org.apache.rocketmq.store.AllocateMappedFileService.run(AllocateMappedFileService.java:143)
	at java.lang.Thread.run(Thread.java:745)
Caused by: java.lang.OutOfMemoryError: Map failed
	at sun.nio.ch.FileChannelImpl.map0(Native Method)
	at sun.nio.ch.FileChannelImpl.map(FileChannelImpl.java:885)
	... 5 common frames omitted
[2018-03-14 12:07:30.193] ERROR map file C:\Users\Administrator\rocketmq-console-test\20180314120653\commitlog\00000000000000000000 Failed. 
java.io.IOException: Map failed
	at sun.nio.ch.FileChannelImpl.map(FileChannelImpl.java:888)
	at org.apache.rocketmq.store.MappedFile.init(MappedFile.java:160)
	at org.apache.rocketmq.store.MappedFile.<init>(MappedFile.java:71)
	at org.apache.rocketmq.store.AllocateMappedFileService.mmapOperation(AllocateMappedFileService.java:182)
	at org.apache.rocketmq.store.AllocateMappedFileService.run(AllocateMappedFileService.java:143)
	at java.lang.Thread.run(Thread.java:745)
Caused by: java.lang.OutOfMemoryError: Map failed
	at sun.nio.ch.FileChannelImpl.map0(Native Method)
	at sun.nio.ch.FileChannelImpl.map(FileChannelImpl.java:885)
	... 5 common frames omitted
[2018-03-14 12:07:30.193]  WARN AllocateMappedFileService service has exception. 
java.io.IOException: Map failed
	at sun.nio.ch.FileChannelImpl.map(FileChannelImpl.java:888)
	at org.apache.rocketmq.store.MappedFile.init(MappedFile.java:160)
	at org.apache.rocketmq.store.MappedFile.<init>(MappedFile.java:71)
	at org.apache.rocketmq.store.AllocateMappedFileService.mmapOperation(AllocateMappedFileService.java:182)
	at org.apache.rocketmq.store.AllocateMappedFileService.run(AllocateMappedFileService.java:143)
	at java.lang.Thread.run(Thread.java:745)
Caused by: java.lang.OutOfMemoryError: Map failed
	at sun.nio.ch.FileChannelImpl.map0(Native Method)
	at sun.nio.ch.FileChannelImpl.map(FileChannelImpl.java:885)
	... 5 common frames omitted
]]></system-out>
  </testcase>
  <testcase name="stats" classname="org.apache.rocketmq.console.service.impl.TopicServiceImplTest" time="5.531">
    <error message="send message error" type="java.lang.RuntimeException">java.lang.RuntimeException: send message error
	at org.apache.rocketmq.console.service.impl.TopicServiceImplTest.setUp(TopicServiceImplTest.java:57)
</error>
    <system-out><![CDATA[[2018-03-14 12:07:30.409] ERROR map file C:\Users\Administrator\rocketmq-console-test\20180314120653\commitlog\00000000000000000000 Failed. 
java.io.IOException: Map failed
	at sun.nio.ch.FileChannelImpl.map(FileChannelImpl.java:888)
	at org.apache.rocketmq.store.MappedFile.init(MappedFile.java:160)
	at org.apache.rocketmq.store.MappedFile.<init>(MappedFile.java:71)
	at org.apache.rocketmq.store.AllocateMappedFileService.mmapOperation(AllocateMappedFileService.java:182)
	at org.apache.rocketmq.store.AllocateMappedFileService.run(AllocateMappedFileService.java:143)
	at java.lang.Thread.run(Thread.java:745)
Caused by: java.lang.OutOfMemoryError: Map failed
	at sun.nio.ch.FileChannelImpl.map0(Native Method)
	at sun.nio.ch.FileChannelImpl.map(FileChannelImpl.java:885)
	... 5 common frames omitted
[2018-03-14 12:07:30.414]  WARN AllocateMappedFileService service has exception. 
java.io.IOException: Map failed
	at sun.nio.ch.FileChannelImpl.map(FileChannelImpl.java:888)
	at org.apache.rocketmq.store.MappedFile.init(MappedFile.java:160)
	at org.apache.rocketmq.store.MappedFile.<init>(MappedFile.java:71)
	at org.apache.rocketmq.store.AllocateMappedFileService.mmapOperation(AllocateMappedFileService.java:182)
	at org.apache.rocketmq.store.AllocateMappedFileService.run(AllocateMappedFileService.java:143)
	at java.lang.Thread.run(Thread.java:745)
Caused by: java.lang.OutOfMemoryError: Map failed
	at sun.nio.ch.FileChannelImpl.map0(Native Method)
	at sun.nio.ch.FileChannelImpl.map(FileChannelImpl.java:885)
	... 5 common frames omitted
[2018-03-14 12:07:30.654] ERROR map file C:\Users\Administrator\rocketmq-console-test\20180314120653\commitlog\00000000000000000000 Failed. 
java.io.IOException: Map failed
	at sun.nio.ch.FileChannelImpl.map(FileChannelImpl.java:888)
	at org.apache.rocketmq.store.MappedFile.init(MappedFile.java:160)
	at org.apache.rocketmq.store.MappedFile.<init>(MappedFile.java:71)
	at org.apache.rocketmq.store.AllocateMappedFileService.mmapOperation(AllocateMappedFileService.java:182)
	at org.apache.rocketmq.store.AllocateMappedFileService.run(AllocateMappedFileService.java:143)
	at java.lang.Thread.run(Thread.java:745)
Caused by: java.lang.OutOfMemoryError: Map failed
	at sun.nio.ch.FileChannelImpl.map0(Native Method)
	at sun.nio.ch.FileChannelImpl.map(FileChannelImpl.java:885)
	... 5 common frames omitted
[2018-03-14 12:07:30.654]  WARN AllocateMappedFileService service has exception. 
java.io.IOException: Map failed
	at sun.nio.ch.FileChannelImpl.map(FileChannelImpl.java:888)
	at org.apache.rocketmq.store.MappedFile.init(MappedFile.java:160)
	at org.apache.rocketmq.store.MappedFile.<init>(MappedFile.java:71)
	at org.apache.rocketmq.store.AllocateMappedFileService.mmapOperation(AllocateMappedFileService.java:182)
	at org.apache.rocketmq.store.AllocateMappedFileService.run(AllocateMappedFileService.java:143)
	at java.lang.Thread.run(Thread.java:745)
Caused by: java.lang.OutOfMemoryError: Map failed
	at sun.nio.ch.FileChannelImpl.map0(Native Method)
	at sun.nio.ch.FileChannelImpl.map(FileChannelImpl.java:885)
	... 5 common frames omitted
[2018-03-14 12:07:30.876] ERROR map file C:\Users\Administrator\rocketmq-console-test\20180314120653\commitlog\00000000000000000000 Failed. 
java.io.IOException: Map failed
	at sun.nio.ch.FileChannelImpl.map(FileChannelImpl.java:888)
	at org.apache.rocketmq.store.MappedFile.init(MappedFile.java:160)
	at org.apache.rocketmq.store.MappedFile.<init>(MappedFile.java:71)
	at org.apache.rocketmq.store.AllocateMappedFileService.mmapOperation(AllocateMappedFileService.java:182)
	at org.apache.rocketmq.store.AllocateMappedFileService.run(AllocateMappedFileService.java:143)
	at java.lang.Thread.run(Thread.java:745)
Caused by: java.lang.OutOfMemoryError: Map failed
	at sun.nio.ch.FileChannelImpl.map0(Native Method)
	at sun.nio.ch.FileChannelImpl.map(FileChannelImpl.java:885)
	... 5 common frames omitted
[2018-03-14 12:07:30.876]  WARN AllocateMappedFileService service has exception. 
java.io.IOException: Map failed
	at sun.nio.ch.FileChannelImpl.map(FileChannelImpl.java:888)
	at org.apache.rocketmq.store.MappedFile.init(MappedFile.java:160)
	at org.apache.rocketmq.store.MappedFile.<init>(MappedFile.java:71)
	at org.apache.rocketmq.store.AllocateMappedFileService.mmapOperation(AllocateMappedFileService.java:182)
	at org.apache.rocketmq.store.AllocateMappedFileService.run(AllocateMappedFileService.java:143)
	at java.lang.Thread.run(Thread.java:745)
Caused by: java.lang.OutOfMemoryError: Map failed
	at sun.nio.ch.FileChannelImpl.map0(Native Method)
	at sun.nio.ch.FileChannelImpl.map(FileChannelImpl.java:885)
	... 5 common frames omitted
[2018-03-14 12:07:31.091] ERROR map file C:\Users\Administrator\rocketmq-console-test\20180314120653\commitlog\00000000000000000000 Failed. 
java.io.IOException: Map failed
	at sun.nio.ch.FileChannelImpl.map(FileChannelImpl.java:888)
	at org.apache.rocketmq.store.MappedFile.init(MappedFile.java:160)
	at org.apache.rocketmq.store.MappedFile.<init>(MappedFile.java:71)
	at org.apache.rocketmq.store.AllocateMappedFileService.mmapOperation(AllocateMappedFileService.java:182)
	at org.apache.rocketmq.store.AllocateMappedFileService.run(AllocateMappedFileService.java:143)
	at java.lang.Thread.run(Thread.java:745)
Caused by: java.lang.OutOfMemoryError: Map failed
	at sun.nio.ch.FileChannelImpl.map0(Native Method)
	at sun.nio.ch.FileChannelImpl.map(FileChannelImpl.java:885)
	... 5 common frames omitted
[2018-03-14 12:07:31.092]  WARN AllocateMappedFileService service has exception. 
java.io.IOException: Map failed
	at sun.nio.ch.FileChannelImpl.map(FileChannelImpl.java:888)
	at org.apache.rocketmq.store.MappedFile.init(MappedFile.java:160)
	at org.apache.rocketmq.store.MappedFile.<init>(MappedFile.java:71)
	at org.apache.rocketmq.store.AllocateMappedFileService.mmapOperation(AllocateMappedFileService.java:182)
	at org.apache.rocketmq.store.AllocateMappedFileService.run(AllocateMappedFileService.java:143)
	at java.lang.Thread.run(Thread.java:745)
Caused by: java.lang.OutOfMemoryError: Map failed
	at sun.nio.ch.FileChannelImpl.map0(Native Method)
	at sun.nio.ch.FileChannelImpl.map(FileChannelImpl.java:885)
	... 5 common frames omitted
[2018-03-14 12:07:31.303] ERROR map file C:\Users\Administrator\rocketmq-console-test\20180314120653\commitlog\00000000000000000000 Failed. 
java.io.IOException: Map failed
	at sun.nio.ch.FileChannelImpl.map(FileChannelImpl.java:888)
	at org.apache.rocketmq.store.MappedFile.init(MappedFile.java:160)
	at org.apache.rocketmq.store.MappedFile.<init>(MappedFile.java:71)
	at org.apache.rocketmq.store.AllocateMappedFileService.mmapOperation(AllocateMappedFileService.java:182)
	at org.apache.rocketmq.store.AllocateMappedFileService.run(AllocateMappedFileService.java:143)
	at java.lang.Thread.run(Thread.java:745)
Caused by: java.lang.OutOfMemoryError: Map failed
	at sun.nio.ch.FileChannelImpl.map0(Native Method)
	at sun.nio.ch.FileChannelImpl.map(FileChannelImpl.java:885)
	... 5 common frames omitted
[2018-03-14 12:07:31.304]  WARN AllocateMappedFileService service has exception. 
java.io.IOException: Map failed
	at sun.nio.ch.FileChannelImpl.map(FileChannelImpl.java:888)
	at org.apache.rocketmq.store.MappedFile.init(MappedFile.java:160)
	at org.apache.rocketmq.store.MappedFile.<init>(MappedFile.java:71)
	at org.apache.rocketmq.store.AllocateMappedFileService.mmapOperation(AllocateMappedFileService.java:182)
	at org.apache.rocketmq.store.AllocateMappedFileService.run(AllocateMappedFileService.java:143)
	at java.lang.Thread.run(Thread.java:745)
Caused by: java.lang.OutOfMemoryError: Map failed
	at sun.nio.ch.FileChannelImpl.map0(Native Method)
	at sun.nio.ch.FileChannelImpl.map(FileChannelImpl.java:885)
	... 5 common frames omitted
[2018-03-14 12:07:31.525] ERROR map file C:\Users\Administrator\rocketmq-console-test\20180314120653\commitlog\00000000000000000000 Failed. 
java.io.IOException: Map failed
	at sun.nio.ch.FileChannelImpl.map(FileChannelImpl.java:888)
	at org.apache.rocketmq.store.MappedFile.init(MappedFile.java:160)
	at org.apache.rocketmq.store.MappedFile.<init>(MappedFile.java:71)
	at org.apache.rocketmq.store.AllocateMappedFileService.mmapOperation(AllocateMappedFileService.java:182)
	at org.apache.rocketmq.store.AllocateMappedFileService.run(AllocateMappedFileService.java:143)
	at java.lang.Thread.run(Thread.java:745)
Caused by: java.lang.OutOfMemoryError: Map failed
	at sun.nio.ch.FileChannelImpl.map0(Native Method)
	at sun.nio.ch.FileChannelImpl.map(FileChannelImpl.java:885)
	... 5 common frames omitted
[2018-03-14 12:07:31.529]  WARN AllocateMappedFileService service has exception. 
java.io.IOException: Map failed
	at sun.nio.ch.FileChannelImpl.map(FileChannelImpl.java:888)
	at org.apache.rocketmq.store.MappedFile.init(MappedFile.java:160)
	at org.apache.rocketmq.store.MappedFile.<init>(MappedFile.java:71)
	at org.apache.rocketmq.store.AllocateMappedFileService.mmapOperation(AllocateMappedFileService.java:182)
	at org.apache.rocketmq.store.AllocateMappedFileService.run(AllocateMappedFileService.java:143)
	at java.lang.Thread.run(Thread.java:745)
Caused by: java.lang.OutOfMemoryError: Map failed
	at sun.nio.ch.FileChannelImpl.map0(Native Method)
	at sun.nio.ch.FileChannelImpl.map(FileChannelImpl.java:885)
	... 5 common frames omitted
[2018-03-14 12:07:31.738] ERROR map file C:\Users\Administrator\rocketmq-console-test\20180314120653\commitlog\00000000000000000000 Failed. 
java.io.IOException: Map failed
	at sun.nio.ch.FileChannelImpl.map(FileChannelImpl.java:888)
	at org.apache.rocketmq.store.MappedFile.init(MappedFile.java:160)
	at org.apache.rocketmq.store.MappedFile.<init>(MappedFile.java:71)
	at org.apache.rocketmq.store.AllocateMappedFileService.mmapOperation(AllocateMappedFileService.java:182)
	at org.apache.rocketmq.store.AllocateMappedFileService.run(AllocateMappedFileService.java:143)
	at java.lang.Thread.run(Thread.java:745)
Caused by: java.lang.OutOfMemoryError: Map failed
	at sun.nio.ch.FileChannelImpl.map0(Native Method)
	at sun.nio.ch.FileChannelImpl.map(FileChannelImpl.java:885)
	... 5 common frames omitted
[2018-03-14 12:07:31.739]  WARN AllocateMappedFileService service has exception. 
java.io.IOException: Map failed
	at sun.nio.ch.FileChannelImpl.map(FileChannelImpl.java:888)
	at org.apache.rocketmq.store.MappedFile.init(MappedFile.java:160)
	at org.apache.rocketmq.store.MappedFile.<init>(MappedFile.java:71)
	at org.apache.rocketmq.store.AllocateMappedFileService.mmapOperation(AllocateMappedFileService.java:182)
	at org.apache.rocketmq.store.AllocateMappedFileService.run(AllocateMappedFileService.java:143)
	at java.lang.Thread.run(Thread.java:745)
Caused by: java.lang.OutOfMemoryError: Map failed
	at sun.nio.ch.FileChannelImpl.map0(Native Method)
	at sun.nio.ch.FileChannelImpl.map(FileChannelImpl.java:885)
	... 5 common frames omitted
[2018-03-14 12:07:31.857]  WARN invokeSync: wait response timeout exception, the channel[null]
[2018-03-14 12:07:31.961] ERROR map file C:\Users\Administrator\rocketmq-console-test\20180314120653\commitlog\00000000000000000000 Failed. 
java.io.IOException: Map failed
	at sun.nio.ch.FileChannelImpl.map(FileChannelImpl.java:888)
	at org.apache.rocketmq.store.MappedFile.init(MappedFile.java:160)
	at org.apache.rocketmq.store.MappedFile.<init>(MappedFile.java:71)
	at org.apache.rocketmq.store.AllocateMappedFileService.mmapOperation(AllocateMappedFileService.java:182)
	at org.apache.rocketmq.store.AllocateMappedFileService.run(AllocateMappedFileService.java:143)
	at java.lang.Thread.run(Thread.java:745)
Caused by: java.lang.OutOfMemoryError: Map failed
	at sun.nio.ch.FileChannelImpl.map0(Native Method)
	at sun.nio.ch.FileChannelImpl.map(FileChannelImpl.java:885)
	... 5 common frames omitted
[2018-03-14 12:07:31.961]  WARN AllocateMappedFileService service has exception. 
java.io.IOException: Map failed
	at sun.nio.ch.FileChannelImpl.map(FileChannelImpl.java:888)
	at org.apache.rocketmq.store.MappedFile.init(MappedFile.java:160)
	at org.apache.rocketmq.store.MappedFile.<init>(MappedFile.java:71)
	at org.apache.rocketmq.store.AllocateMappedFileService.mmapOperation(AllocateMappedFileService.java:182)
	at org.apache.rocketmq.store.AllocateMappedFileService.run(AllocateMappedFileService.java:143)
	at java.lang.Thread.run(Thread.java:745)
Caused by: java.lang.OutOfMemoryError: Map failed
	at sun.nio.ch.FileChannelImpl.map0(Native Method)
	at sun.nio.ch.FileChannelImpl.map(FileChannelImpl.java:885)
	... 5 common frames omitted
[2018-03-14 12:07:32.181] ERROR map file C:\Users\Administrator\rocketmq-console-test\20180314120653\commitlog\00000000000000000000 Failed. 
java.io.IOException: Map failed
	at sun.nio.ch.FileChannelImpl.map(FileChannelImpl.java:888)
	at org.apache.rocketmq.store.MappedFile.init(MappedFile.java:160)
	at org.apache.rocketmq.store.MappedFile.<init>(MappedFile.java:71)
	at org.apache.rocketmq.store.AllocateMappedFileService.mmapOperation(AllocateMappedFileService.java:182)
	at org.apache.rocketmq.store.AllocateMappedFileService.run(AllocateMappedFileService.java:143)
	at java.lang.Thread.run(Thread.java:745)
Caused by: java.lang.OutOfMemoryError: Map failed
	at sun.nio.ch.FileChannelImpl.map0(Native Method)
	at sun.nio.ch.FileChannelImpl.map(FileChannelImpl.java:885)
	... 5 common frames omitted
[2018-03-14 12:07:32.181]  WARN AllocateMappedFileService service has exception. 
java.io.IOException: Map failed
	at sun.nio.ch.FileChannelImpl.map(FileChannelImpl.java:888)
	at org.apache.rocketmq.store.MappedFile.init(MappedFile.java:160)
	at org.apache.rocketmq.store.MappedFile.<init>(MappedFile.java:71)
	at org.apache.rocketmq.store.AllocateMappedFileService.mmapOperation(AllocateMappedFileService.java:182)
	at org.apache.rocketmq.store.AllocateMappedFileService.run(AllocateMappedFileService.java:143)
	at java.lang.Thread.run(Thread.java:745)
Caused by: java.lang.OutOfMemoryError: Map failed
	at sun.nio.ch.FileChannelImpl.map0(Native Method)
	at sun.nio.ch.FileChannelImpl.map(FileChannelImpl.java:885)
	... 5 common frames omitted
[2018-03-14 12:07:32.400] ERROR map file C:\Users\Administrator\rocketmq-console-test\20180314120653\commitlog\00000000000000000000 Failed. 
java.io.IOException: Map failed
	at sun.nio.ch.FileChannelImpl.map(FileChannelImpl.java:888)
	at org.apache.rocketmq.store.MappedFile.init(MappedFile.java:160)
	at org.apache.rocketmq.store.MappedFile.<init>(MappedFile.java:71)
	at org.apache.rocketmq.store.AllocateMappedFileService.mmapOperation(AllocateMappedFileService.java:182)
	at org.apache.rocketmq.store.AllocateMappedFileService.run(AllocateMappedFileService.java:143)
	at java.lang.Thread.run(Thread.java:745)
Caused by: java.lang.OutOfMemoryError: Map failed
	at sun.nio.ch.FileChannelImpl.map0(Native Method)
	at sun.nio.ch.FileChannelImpl.map(FileChannelImpl.java:885)
	... 5 common frames omitted
[2018-03-14 12:07:32.400]  WARN AllocateMappedFileService service has exception. 
java.io.IOException: Map failed
	at sun.nio.ch.FileChannelImpl.map(FileChannelImpl.java:888)
	at org.apache.rocketmq.store.MappedFile.init(MappedFile.java:160)
	at org.apache.rocketmq.store.MappedFile.<init>(MappedFile.java:71)
	at org.apache.rocketmq.store.AllocateMappedFileService.mmapOperation(AllocateMappedFileService.java:182)
	at org.apache.rocketmq.store.AllocateMappedFileService.run(AllocateMappedFileService.java:143)
	at java.lang.Thread.run(Thread.java:745)
Caused by: java.lang.OutOfMemoryError: Map failed
	at sun.nio.ch.FileChannelImpl.map0(Native Method)
	at sun.nio.ch.FileChannelImpl.map(FileChannelImpl.java:885)
	... 5 common frames omitted
[2018-03-14 12:07:32.618] ERROR map file C:\Users\Administrator\rocketmq-console-test\20180314120653\commitlog\00000000000000000000 Failed. 
java.io.IOException: Map failed
	at sun.nio.ch.FileChannelImpl.map(FileChannelImpl.java:888)
	at org.apache.rocketmq.store.MappedFile.init(MappedFile.java:160)
	at org.apache.rocketmq.store.MappedFile.<init>(MappedFile.java:71)
	at org.apache.rocketmq.store.AllocateMappedFileService.mmapOperation(AllocateMappedFileService.java:182)
	at org.apache.rocketmq.store.AllocateMappedFileService.run(AllocateMappedFileService.java:143)
	at java.lang.Thread.run(Thread.java:745)
Caused by: java.lang.OutOfMemoryError: Map failed
	at sun.nio.ch.FileChannelImpl.map0(Native Method)
	at sun.nio.ch.FileChannelImpl.map(FileChannelImpl.java:885)
	... 5 common frames omitted
[2018-03-14 12:07:32.618]  WARN AllocateMappedFileService service has exception. 
java.io.IOException: Map failed
	at sun.nio.ch.FileChannelImpl.map(FileChannelImpl.java:888)
	at org.apache.rocketmq.store.MappedFile.init(MappedFile.java:160)
	at org.apache.rocketmq.store.MappedFile.<init>(MappedFile.java:71)
	at org.apache.rocketmq.store.AllocateMappedFileService.mmapOperation(AllocateMappedFileService.java:182)
	at org.apache.rocketmq.store.AllocateMappedFileService.run(AllocateMappedFileService.java:143)
	at java.lang.Thread.run(Thread.java:745)
Caused by: java.lang.OutOfMemoryError: Map failed
	at sun.nio.ch.FileChannelImpl.map0(Native Method)
	at sun.nio.ch.FileChannelImpl.map(FileChannelImpl.java:885)
	... 5 common frames omitted
[2018-03-14 12:07:32.838] ERROR map file C:\Users\Administrator\rocketmq-console-test\20180314120653\commitlog\00000000000000000000 Failed. 
java.io.IOException: Map failed
	at sun.nio.ch.FileChannelImpl.map(FileChannelImpl.java:888)
	at org.apache.rocketmq.store.MappedFile.init(MappedFile.java:160)
	at org.apache.rocketmq.store.MappedFile.<init>(MappedFile.java:71)
	at org.apache.rocketmq.store.AllocateMappedFileService.mmapOperation(AllocateMappedFileService.java:182)
	at org.apache.rocketmq.store.AllocateMappedFileService.run(AllocateMappedFileService.java:143)
	at java.lang.Thread.run(Thread.java:745)
Caused by: java.lang.OutOfMemoryError: Map failed
	at sun.nio.ch.FileChannelImpl.map0(Native Method)
	at sun.nio.ch.FileChannelImpl.map(FileChannelImpl.java:885)
	... 5 common frames omitted
[2018-03-14 12:07:32.838]  WARN AllocateMappedFileService service has exception. 
java.io.IOException: Map failed
	at sun.nio.ch.FileChannelImpl.map(FileChannelImpl.java:888)
	at org.apache.rocketmq.store.MappedFile.init(MappedFile.java:160)
	at org.apache.rocketmq.store.MappedFile.<init>(MappedFile.java:71)
	at org.apache.rocketmq.store.AllocateMappedFileService.mmapOperation(AllocateMappedFileService.java:182)
	at org.apache.rocketmq.store.AllocateMappedFileService.run(AllocateMappedFileService.java:143)
	at java.lang.Thread.run(Thread.java:745)
Caused by: java.lang.OutOfMemoryError: Map failed
	at sun.nio.ch.FileChannelImpl.map0(Native Method)
	at sun.nio.ch.FileChannelImpl.map(FileChannelImpl.java:885)
	... 5 common frames omitted
[2018-03-14 12:07:33.057] ERROR map file C:\Users\Administrator\rocketmq-console-test\20180314120653\commitlog\00000000000000000000 Failed. 
java.io.IOException: Map failed
	at sun.nio.ch.FileChannelImpl.map(FileChannelImpl.java:888)
	at org.apache.rocketmq.store.MappedFile.init(MappedFile.java:160)
	at org.apache.rocketmq.store.MappedFile.<init>(MappedFile.java:71)
	at org.apache.rocketmq.store.AllocateMappedFileService.mmapOperation(AllocateMappedFileService.java:182)
	at org.apache.rocketmq.store.AllocateMappedFileService.run(AllocateMappedFileService.java:143)
	at java.lang.Thread.run(Thread.java:745)
Caused by: java.lang.OutOfMemoryError: Map failed
	at sun.nio.ch.FileChannelImpl.map0(Native Method)
	at sun.nio.ch.FileChannelImpl.map(FileChannelImpl.java:885)
	... 5 common frames omitted
[2018-03-14 12:07:33.057]  WARN AllocateMappedFileService service has exception. 
java.io.IOException: Map failed
	at sun.nio.ch.FileChannelImpl.map(FileChannelImpl.java:888)
	at org.apache.rocketmq.store.MappedFile.init(MappedFile.java:160)
	at org.apache.rocketmq.store.MappedFile.<init>(MappedFile.java:71)
	at org.apache.rocketmq.store.AllocateMappedFileService.mmapOperation(AllocateMappedFileService.java:182)
	at org.apache.rocketmq.store.AllocateMappedFileService.run(AllocateMappedFileService.java:143)
	at java.lang.Thread.run(Thread.java:745)
Caused by: java.lang.OutOfMemoryError: Map failed
	at sun.nio.ch.FileChannelImpl.map0(Native Method)
	at sun.nio.ch.FileChannelImpl.map(FileChannelImpl.java:885)
	... 5 common frames omitted
[2018-03-14 12:07:33.280] ERROR map file C:\Users\Administrator\rocketmq-console-test\20180314120653\commitlog\00000000000000000000 Failed. 
java.io.IOException: Map failed
	at sun.nio.ch.FileChannelImpl.map(FileChannelImpl.java:888)
	at org.apache.rocketmq.store.MappedFile.init(MappedFile.java:160)
	at org.apache.rocketmq.store.MappedFile.<init>(MappedFile.java:71)
	at org.apache.rocketmq.store.AllocateMappedFileService.mmapOperation(AllocateMappedFileService.java:182)
	at org.apache.rocketmq.store.AllocateMappedFileService.run(AllocateMappedFileService.java:143)
	at java.lang.Thread.run(Thread.java:745)
Caused by: java.lang.OutOfMemoryError: Map failed
	at sun.nio.ch.FileChannelImpl.map0(Native Method)
	at sun.nio.ch.FileChannelImpl.map(FileChannelImpl.java:885)
	... 5 common frames omitted
[2018-03-14 12:07:33.280]  WARN AllocateMappedFileService service has exception. 
java.io.IOException: Map failed
	at sun.nio.ch.FileChannelImpl.map(FileChannelImpl.java:888)
	at org.apache.rocketmq.store.MappedFile.init(MappedFile.java:160)
	at org.apache.rocketmq.store.MappedFile.<init>(MappedFile.java:71)
	at org.apache.rocketmq.store.AllocateMappedFileService.mmapOperation(AllocateMappedFileService.java:182)
	at org.apache.rocketmq.store.AllocateMappedFileService.run(AllocateMappedFileService.java:143)
	at java.lang.Thread.run(Thread.java:745)
Caused by: java.lang.OutOfMemoryError: Map failed
	at sun.nio.ch.FileChannelImpl.map0(Native Method)
	at sun.nio.ch.FileChannelImpl.map(FileChannelImpl.java:885)
	... 5 common frames omitted
[2018-03-14 12:07:33.494] ERROR map file C:\Users\Administrator\rocketmq-console-test\20180314120653\commitlog\00000000000000000000 Failed. 
java.io.IOException: Map failed
	at sun.nio.ch.FileChannelImpl.map(FileChannelImpl.java:888)
	at org.apache.rocketmq.store.MappedFile.init(MappedFile.java:160)
	at org.apache.rocketmq.store.MappedFile.<init>(MappedFile.java:71)
	at org.apache.rocketmq.store.AllocateMappedFileService.mmapOperation(AllocateMappedFileService.java:182)
	at org.apache.rocketmq.store.AllocateMappedFileService.run(AllocateMappedFileService.java:143)
	at java.lang.Thread.run(Thread.java:745)
Caused by: java.lang.OutOfMemoryError: Map failed
	at sun.nio.ch.FileChannelImpl.map0(Native Method)
	at sun.nio.ch.FileChannelImpl.map(FileChannelImpl.java:885)
	... 5 common frames omitted
[2018-03-14 12:07:33.494]  WARN AllocateMappedFileService service has exception. 
java.io.IOException: Map failed
	at sun.nio.ch.FileChannelImpl.map(FileChannelImpl.java:888)
	at org.apache.rocketmq.store.MappedFile.init(MappedFile.java:160)
	at org.apache.rocketmq.store.MappedFile.<init>(MappedFile.java:71)
	at org.apache.rocketmq.store.AllocateMappedFileService.mmapOperation(AllocateMappedFileService.java:182)
	at org.apache.rocketmq.store.AllocateMappedFileService.run(AllocateMappedFileService.java:143)
	at java.lang.Thread.run(Thread.java:745)
Caused by: java.lang.OutOfMemoryError: Map failed
	at sun.nio.ch.FileChannelImpl.map0(Native Method)
	at sun.nio.ch.FileChannelImpl.map(FileChannelImpl.java:885)
	... 5 common frames omitted
[2018-03-14 12:07:33.709] ERROR map file C:\Users\Administrator\rocketmq-console-test\20180314120653\commitlog\00000000000000000000 Failed. 
java.io.IOException: Map failed
	at sun.nio.ch.FileChannelImpl.map(FileChannelImpl.java:888)
	at org.apache.rocketmq.store.MappedFile.init(MappedFile.java:160)
	at org.apache.rocketmq.store.MappedFile.<init>(MappedFile.java:71)
	at org.apache.rocketmq.store.AllocateMappedFileService.mmapOperation(AllocateMappedFileService.java:182)
	at org.apache.rocketmq.store.AllocateMappedFileService.run(AllocateMappedFileService.java:143)
	at java.lang.Thread.run(Thread.java:745)
Caused by: java.lang.OutOfMemoryError: Map failed
	at sun.nio.ch.FileChannelImpl.map0(Native Method)
	at sun.nio.ch.FileChannelImpl.map(FileChannelImpl.java:885)
	... 5 common frames omitted
[2018-03-14 12:07:33.709]  WARN AllocateMappedFileService service has exception. 
java.io.IOException: Map failed
	at sun.nio.ch.FileChannelImpl.map(FileChannelImpl.java:888)
	at org.apache.rocketmq.store.MappedFile.init(MappedFile.java:160)
	at org.apache.rocketmq.store.MappedFile.<init>(MappedFile.java:71)
	at org.apache.rocketmq.store.AllocateMappedFileService.mmapOperation(AllocateMappedFileService.java:182)
	at org.apache.rocketmq.store.AllocateMappedFileService.run(AllocateMappedFileService.java:143)
	at java.lang.Thread.run(Thread.java:745)
Caused by: java.lang.OutOfMemoryError: Map failed
	at sun.nio.ch.FileChannelImpl.map0(Native Method)
	at sun.nio.ch.FileChannelImpl.map(FileChannelImpl.java:885)
	... 5 common frames omitted
[2018-03-14 12:07:33.826] ERROR ProcessRequestWrapper response to /127.0.0.1:56354 failed
java.nio.channels.ClosedChannelException: null
[2018-03-14 12:07:33.826] ERROR RemotingCommand [code=11, language=JAVA, version=212, opaque=5796, flag(B)=0, remark=null, extFields={topic=TEST_CONSOLE_TOPIC, suspendTimeoutMillis=15000, queueId=15, subVersion=1521000435943, consumerGroup=CONSOLE_TEST_CONSUMER_GROUP, maxMsgNums=32, sysFlag=2, commitOffset=0, queueOffset=0}, serializeTypeCurrentRPC=JSON]
[2018-03-14 12:07:33.826] ERROR RemotingCommand [code=19, language=JAVA, version=212, opaque=5796, flag(B)=1, remark=NO_MESSAGE_IN_QUEUE, extFields=null, serializeTypeCurrentRPC=JSON]
[2018-03-14 12:07:33.826] ERROR ProcessRequestWrapper response to /127.0.0.1:56354 failed
java.nio.channels.ClosedChannelException: null
[2018-03-14 12:07:33.826] ERROR RemotingCommand [code=11, language=JAVA, version=212, opaque=5783, flag(B)=0, remark=null, extFields={topic=TEST_CONSOLE_TOPIC, suspendTimeoutMillis=15000, queueId=2, subVersion=1521000435943, consumerGroup=CONSOLE_TEST_CONSUMER_GROUP, maxMsgNums=32, sysFlag=2, commitOffset=0, queueOffset=0}, serializeTypeCurrentRPC=JSON]
[2018-03-14 12:07:33.826] ERROR RemotingCommand [code=19, language=JAVA, version=212, opaque=5783, flag(B)=1, remark=NO_MESSAGE_IN_QUEUE, extFields=null, serializeTypeCurrentRPC=JSON]
[2018-03-14 12:07:33.826] ERROR ProcessRequestWrapper response to /127.0.0.1:56354 failed
java.nio.channels.ClosedChannelException: null
[2018-03-14 12:07:33.826] ERROR RemotingCommand [code=11, language=JAVA, version=212, opaque=5789, flag(B)=0, remark=null, extFields={topic=TEST_CONSOLE_TOPIC, suspendTimeoutMillis=15000, queueId=14, subVersion=1521000435943, consumerGroup=CONSOLE_TEST_CONSUMER_GROUP, maxMsgNums=32, sysFlag=2, commitOffset=0, queueOffset=0}, serializeTypeCurrentRPC=JSON]
[2018-03-14 12:07:33.826] ERROR RemotingCommand [code=19, language=JAVA, version=212, opaque=5789, flag(B)=1, remark=NO_MESSAGE_IN_QUEUE, extFields=null, serializeTypeCurrentRPC=JSON]
[2018-03-14 12:07:33.826] ERROR ProcessRequestWrapper response to /127.0.0.1:56354 failed
java.nio.channels.ClosedChannelException: null
[2018-03-14 12:07:33.826] ERROR RemotingCommand [code=11, language=JAVA, version=212, opaque=5787, flag(B)=0, remark=null, extFields={topic=TEST_CONSOLE_TOPIC, suspendTimeoutMillis=15000, queueId=12, subVersion=1521000435943, consumerGroup=CONSOLE_TEST_CONSUMER_GROUP, maxMsgNums=32, sysFlag=2, commitOffset=0, queueOffset=0}, serializeTypeCurrentRPC=JSON]
[2018-03-14 12:07:33.826] ERROR RemotingCommand [code=19, language=JAVA, version=212, opaque=5787, flag(B)=1, remark=NO_MESSAGE_IN_QUEUE, extFields=null, serializeTypeCurrentRPC=JSON]
[2018-03-14 12:07:33.826] ERROR ProcessRequestWrapper response to /127.0.0.1:56354 failed
java.nio.channels.ClosedChannelException: null
[2018-03-14 12:07:33.826] ERROR RemotingCommand [code=11, language=JAVA, version=212, opaque=5804, flag(B)=0, remark=null, extFields={topic=TEST_CONSOLE_TOPIC, suspendTimeoutMillis=15000, queueId=11, subVersion=1521000435943, consumerGroup=CONSOLE_TEST_CONSUMER_GROUP, maxMsgNums=32, sysFlag=2, commitOffset=0, queueOffset=0}, serializeTypeCurrentRPC=JSON]
[2018-03-14 12:07:33.826] ERROR RemotingCommand [code=19, language=JAVA, version=212, opaque=5804, flag(B)=1, remark=NO_MESSAGE_IN_QUEUE, extFields=null, serializeTypeCurrentRPC=JSON]
[2018-03-14 12:07:33.826] ERROR ProcessRequestWrapper response to /127.0.0.1:56354 failed
java.nio.channels.ClosedChannelException: null
[2018-03-14 12:07:33.826] ERROR RemotingCommand [code=11, language=JAVA, version=212, opaque=5805, flag(B)=0, remark=null, extFields={topic=TEST_CONSOLE_TOPIC, suspendTimeoutMillis=15000, queueId=10, subVersion=1521000435943, consumerGroup=CONSOLE_TEST_CONSUMER_GROUP, maxMsgNums=32, sysFlag=2, commitOffset=0, queueOffset=0}, serializeTypeCurrentRPC=JSON]
[2018-03-14 12:07:33.826] ERROR RemotingCommand [code=19, language=JAVA, version=212, opaque=5805, flag(B)=1, remark=NO_MESSAGE_IN_QUEUE, extFields=null, serializeTypeCurrentRPC=JSON]
[2018-03-14 12:07:33.827] ERROR ProcessRequestWrapper response to /127.0.0.1:56354 failed
java.nio.channels.ClosedChannelException: null
[2018-03-14 12:07:33.827] ERROR RemotingCommand [code=11, language=JAVA, version=212, opaque=5840, flag(B)=0, remark=null, extFields={topic=%RETRY%CONSOLE_TEST_CONSUMER_GROUP, suspendTimeoutMillis=15000, queueId=1, subVersion=1521000435943, consumerGroup=CONSOLE_TEST_CONSUMER_GROUP, maxMsgNums=32, sysFlag=2, commitOffset=0, queueOffset=0}, serializeTypeCurrentRPC=JSON]
[2018-03-14 12:07:33.827] ERROR RemotingCommand [code=19, language=JAVA, version=212, opaque=5840, flag(B)=1, remark=NO_MESSAGE_IN_QUEUE, extFields=null, serializeTypeCurrentRPC=JSON]
[2018-03-14 12:07:33.827] ERROR ProcessRequestWrapper response to /127.0.0.1:56354 failed
java.nio.channels.ClosedChannelException: null
[2018-03-14 12:07:33.827] ERROR RemotingCommand [code=11, language=JAVA, version=212, opaque=5792, flag(B)=0, remark=null, extFields={topic=TEST_CONSOLE_TOPIC, suspendTimeoutMillis=15000, queueId=4, subVersion=1521000435943, consumerGroup=CONSOLE_TEST_CONSUMER_GROUP, maxMsgNums=32, sysFlag=2, commitOffset=0, queueOffset=0}, serializeTypeCurrentRPC=JSON]
[2018-03-14 12:07:33.827] ERROR RemotingCommand [code=19, language=JAVA, version=212, opaque=5792, flag(B)=1, remark=NO_MESSAGE_IN_QUEUE, extFields=null, serializeTypeCurrentRPC=JSON]
[2018-03-14 12:07:33.827] ERROR ProcessRequestWrapper response to /127.0.0.1:56354 failed
java.nio.channels.ClosedChannelException: null
[2018-03-14 12:07:33.827] ERROR RemotingCommand [code=11, language=JAVA, version=212, opaque=5785, flag(B)=0, remark=null, extFields={topic=TEST_CONSOLE_TOPIC, suspendTimeoutMillis=15000, queueId=7, subVersion=1521000435943, consumerGroup=CONSOLE_TEST_CONSUMER_GROUP, maxMsgNums=32, sysFlag=2, commitOffset=0, queueOffset=0}, serializeTypeCurrentRPC=JSON]
[2018-03-14 12:07:33.827] ERROR RemotingCommand [code=19, language=JAVA, version=212, opaque=5785, flag(B)=1, remark=NO_MESSAGE_IN_QUEUE, extFields=null, serializeTypeCurrentRPC=JSON]
[2018-03-14 12:07:33.827] ERROR ProcessRequestWrapper response to /127.0.0.1:56354 failed
java.nio.channels.ClosedChannelException: null
[2018-03-14 12:07:33.827] ERROR RemotingCommand [code=11, language=JAVA, version=212, opaque=5841, flag(B)=0, remark=null, extFields={topic=%RETRY%CONSOLE_TEST_CONSUMER_GROUP, suspendTimeoutMillis=15000, queueId=0, subVersion=1521000435943, consumerGroup=CONSOLE_TEST_CONSUMER_GROUP, maxMsgNums=32, sysFlag=2, commitOffset=0, queueOffset=0}, serializeTypeCurrentRPC=JSON]
[2018-03-14 12:07:33.827] ERROR RemotingCommand [code=19, language=JAVA, version=212, opaque=5841, flag(B)=1, remark=NO_MESSAGE_IN_QUEUE, extFields=null, serializeTypeCurrentRPC=JSON]
[2018-03-14 12:07:33.827] ERROR ProcessRequestWrapper response to /127.0.0.1:56354 failed
java.nio.channels.ClosedChannelException: null
[2018-03-14 12:07:33.827] ERROR RemotingCommand [code=11, language=JAVA, version=212, opaque=5788, flag(B)=0, remark=null, extFields={topic=TEST_CONSOLE_TOPIC, suspendTimeoutMillis=15000, queueId=6, subVersion=1521000435943, consumerGroup=CONSOLE_TEST_CONSUMER_GROUP, maxMsgNums=32, sysFlag=2, commitOffset=0, queueOffset=0}, serializeTypeCurrentRPC=JSON]
[2018-03-14 12:07:33.827] ERROR RemotingCommand [code=19, language=JAVA, version=212, opaque=5788, flag(B)=1, remark=NO_MESSAGE_IN_QUEUE, extFields=null, serializeTypeCurrentRPC=JSON]
[2018-03-14 12:07:33.827] ERROR ProcessRequestWrapper response to /127.0.0.1:56354 failed
java.nio.channels.ClosedChannelException: null
[2018-03-14 12:07:33.827] ERROR RemotingCommand [code=11, language=JAVA, version=212, opaque=5798, flag(B)=0, remark=null, extFields={topic=TEST_CONSOLE_TOPIC, suspendTimeoutMillis=15000, queueId=8, subVersion=1521000435943, consumerGroup=CONSOLE_TEST_CONSUMER_GROUP, maxMsgNums=32, sysFlag=2, commitOffset=0, queueOffset=0}, serializeTypeCurrentRPC=JSON]
[2018-03-14 12:07:33.827] ERROR RemotingCommand [code=19, language=JAVA, version=212, opaque=5798, flag(B)=1, remark=NO_MESSAGE_IN_QUEUE, extFields=null, serializeTypeCurrentRPC=JSON]
[2018-03-14 12:07:33.827] ERROR ProcessRequestWrapper response to /127.0.0.1:56354 failed
java.nio.channels.ClosedChannelException: null
[2018-03-14 12:07:33.827] ERROR RemotingCommand [code=11, language=JAVA, version=212, opaque=5781, flag(B)=0, remark=null, extFields={topic=TEST_CONSOLE_TOPIC, suspendTimeoutMillis=15000, queueId=1, subVersion=1521000435943, consumerGroup=CONSOLE_TEST_CONSUMER_GROUP, maxMsgNums=32, sysFlag=2, commitOffset=0, queueOffset=0}, serializeTypeCurrentRPC=JSON]
[2018-03-14 12:07:33.827] ERROR RemotingCommand [code=19, language=JAVA, version=212, opaque=5781, flag(B)=1, remark=NO_MESSAGE_IN_QUEUE, extFields=null, serializeTypeCurrentRPC=JSON]
[2018-03-14 12:07:33.827] ERROR ProcessRequestWrapper response to /127.0.0.1:56354 failed
java.nio.channels.ClosedChannelException: null
[2018-03-14 12:07:33.827] ERROR RemotingCommand [code=11, language=JAVA, version=212, opaque=5801, flag(B)=0, remark=null, extFields={topic=TEST_CONSOLE_TOPIC, suspendTimeoutMillis=15000, queueId=9, subVersion=1521000435943, consumerGroup=CONSOLE_TEST_CONSUMER_GROUP, maxMsgNums=32, sysFlag=2, commitOffset=0, queueOffset=0}, serializeTypeCurrentRPC=JSON]
[2018-03-14 12:07:33.827] ERROR RemotingCommand [code=19, language=JAVA, version=212, opaque=5801, flag(B)=1, remark=NO_MESSAGE_IN_QUEUE, extFields=null, serializeTypeCurrentRPC=JSON]
[2018-03-14 12:07:33.827] ERROR ProcessRequestWrapper response to /127.0.0.1:56354 failed
java.nio.channels.ClosedChannelException: null
[2018-03-14 12:07:33.827] ERROR RemotingCommand [code=11, language=JAVA, version=212, opaque=5782, flag(B)=0, remark=null, extFields={topic=TEST_CONSOLE_TOPIC, suspendTimeoutMillis=15000, queueId=0, subVersion=1521000435943, consumerGroup=CONSOLE_TEST_CONSUMER_GROUP, maxMsgNums=32, sysFlag=2, commitOffset=0, queueOffset=0}, serializeTypeCurrentRPC=JSON]
[2018-03-14 12:07:33.827] ERROR RemotingCommand [code=19, language=JAVA, version=212, opaque=5782, flag(B)=1, remark=NO_MESSAGE_IN_QUEUE, extFields=null, serializeTypeCurrentRPC=JSON]
[2018-03-14 12:07:33.828] ERROR ProcessRequestWrapper response to /127.0.0.1:56354 failed
java.nio.channels.ClosedChannelException: null
[2018-03-14 12:07:33.828] ERROR RemotingCommand [code=11, language=JAVA, version=212, opaque=5786, flag(B)=0, remark=null, extFields={topic=TEST_CONSOLE_TOPIC, suspendTimeoutMillis=15000, queueId=13, subVersion=1521000435943, consumerGroup=CONSOLE_TEST_CONSUMER_GROUP, maxMsgNums=32, sysFlag=2, commitOffset=0, queueOffset=0}, serializeTypeCurrentRPC=JSON]
[2018-03-14 12:07:33.828] ERROR RemotingCommand [code=19, language=JAVA, version=212, opaque=5786, flag(B)=1, remark=NO_MESSAGE_IN_QUEUE, extFields=null, serializeTypeCurrentRPC=JSON]
[2018-03-14 12:07:33.828] ERROR ProcessRequestWrapper response to /127.0.0.1:56354 failed
java.nio.channels.ClosedChannelException: null
[2018-03-14 12:07:33.828] ERROR RemotingCommand [code=11, language=JAVA, version=212, opaque=5784, flag(B)=0, remark=null, extFields={topic=TEST_CONSOLE_TOPIC, suspendTimeoutMillis=15000, queueId=3, subVersion=1521000435943, consumerGroup=CONSOLE_TEST_CONSUMER_GROUP, maxMsgNums=32, sysFlag=2, commitOffset=0, queueOffset=0}, serializeTypeCurrentRPC=JSON]
[2018-03-14 12:07:33.828] ERROR RemotingCommand [code=19, language=JAVA, version=212, opaque=5784, flag(B)=1, remark=NO_MESSAGE_IN_QUEUE, extFields=null, serializeTypeCurrentRPC=JSON]
[2018-03-14 12:07:33.828] ERROR ProcessRequestWrapper response to /127.0.0.1:56354 failed
java.nio.channels.ClosedChannelException: null
[2018-03-14 12:07:33.828] ERROR RemotingCommand [code=11, language=JAVA, version=212, opaque=5794, flag(B)=0, remark=null, extFields={topic=TEST_CONSOLE_TOPIC, suspendTimeoutMillis=15000, queueId=5, subVersion=1521000435943, consumerGroup=CONSOLE_TEST_CONSUMER_GROUP, maxMsgNums=32, sysFlag=2, commitOffset=0, queueOffset=0}, serializeTypeCurrentRPC=JSON]
[2018-03-14 12:07:33.828] ERROR RemotingCommand [code=19, language=JAVA, version=212, opaque=5794, flag(B)=1, remark=NO_MESSAGE_IN_QUEUE, extFields=null, serializeTypeCurrentRPC=JSON]
[2018-03-14 12:07:33.929] ERROR map file C:\Users\Administrator\rocketmq-console-test\20180314120653\commitlog\00000000000000000000 Failed. 
java.io.IOException: Map failed
	at sun.nio.ch.FileChannelImpl.map(FileChannelImpl.java:888)
	at org.apache.rocketmq.store.MappedFile.init(MappedFile.java:160)
	at org.apache.rocketmq.store.MappedFile.<init>(MappedFile.java:71)
	at org.apache.rocketmq.store.AllocateMappedFileService.mmapOperation(AllocateMappedFileService.java:182)
	at org.apache.rocketmq.store.AllocateMappedFileService.run(AllocateMappedFileService.java:143)
	at java.lang.Thread.run(Thread.java:745)
Caused by: java.lang.OutOfMemoryError: Map failed
	at sun.nio.ch.FileChannelImpl.map0(Native Method)
	at sun.nio.ch.FileChannelImpl.map(FileChannelImpl.java:885)
	... 5 common frames omitted
[2018-03-14 12:07:33.930]  WARN AllocateMappedFileService service has exception. 
java.io.IOException: Map failed
	at sun.nio.ch.FileChannelImpl.map(FileChannelImpl.java:888)
	at org.apache.rocketmq.store.MappedFile.init(MappedFile.java:160)
	at org.apache.rocketmq.store.MappedFile.<init>(MappedFile.java:71)
	at org.apache.rocketmq.store.AllocateMappedFileService.mmapOperation(AllocateMappedFileService.java:182)
	at org.apache.rocketmq.store.AllocateMappedFileService.run(AllocateMappedFileService.java:143)
	at java.lang.Thread.run(Thread.java:745)
Caused by: java.lang.OutOfMemoryError: Map failed
	at sun.nio.ch.FileChannelImpl.map0(Native Method)
	at sun.nio.ch.FileChannelImpl.map(FileChannelImpl.java:885)
	... 5 common frames omitted
[2018-03-14 12:07:34.156] ERROR map file C:\Users\Administrator\rocketmq-console-test\20180314120653\commitlog\00000000000000000000 Failed. 
java.io.IOException: Map failed
	at sun.nio.ch.FileChannelImpl.map(FileChannelImpl.java:888)
	at org.apache.rocketmq.store.MappedFile.init(MappedFile.java:160)
	at org.apache.rocketmq.store.MappedFile.<init>(MappedFile.java:71)
	at org.apache.rocketmq.store.AllocateMappedFileService.mmapOperation(AllocateMappedFileService.java:182)
	at org.apache.rocketmq.store.AllocateMappedFileService.run(AllocateMappedFileService.java:143)
	at java.lang.Thread.run(Thread.java:745)
Caused by: java.lang.OutOfMemoryError: Map failed
	at sun.nio.ch.FileChannelImpl.map0(Native Method)
	at sun.nio.ch.FileChannelImpl.map(FileChannelImpl.java:885)
	... 5 common frames omitted
[2018-03-14 12:07:34.156]  WARN AllocateMappedFileService service has exception. 
java.io.IOException: Map failed
	at sun.nio.ch.FileChannelImpl.map(FileChannelImpl.java:888)
	at org.apache.rocketmq.store.MappedFile.init(MappedFile.java:160)
	at org.apache.rocketmq.store.MappedFile.<init>(MappedFile.java:71)
	at org.apache.rocketmq.store.AllocateMappedFileService.mmapOperation(AllocateMappedFileService.java:182)
	at org.apache.rocketmq.store.AllocateMappedFileService.run(AllocateMappedFileService.java:143)
	at java.lang.Thread.run(Thread.java:745)
Caused by: java.lang.OutOfMemoryError: Map failed
	at sun.nio.ch.FileChannelImpl.map0(Native Method)
	at sun.nio.ch.FileChannelImpl.map(FileChannelImpl.java:885)
	... 5 common frames omitted
[2018-03-14 12:07:34.281]  WARN AllocateMappedFileService service has exception. so return null
[2018-03-14 12:07:34.281] ERROR create maped file1 error, topic: TEST_CONSOLE_TOPIC clientAddr: 127.0.0.1
[2018-03-14 12:07:34.282]  WARN sendKernelImpl exception, resend at once, InvokeID: -8970422212946437718, RT: 3ms, Broker: MessageQueue [topic=TEST_CONSOLE_TOPIC, brokerName=ConsoleTestBroker, queueId=9]
org.apache.rocketmq.client.exception.MQBrokerException: CODE: 1  DESC: create mapped file failed, server is busy or broken.
For more information, please visit the url, http://rocketmq.apache.org/docs/faq/
	at org.apache.rocketmq.client.impl.MQClientAPIImpl.processSendResponse(MQClientAPIImpl.java:531)
	at org.apache.rocketmq.client.impl.MQClientAPIImpl.sendMessageSync(MQClientAPIImpl.java:345)
	at org.apache.rocketmq.client.impl.MQClientAPIImpl.sendMessage(MQClientAPIImpl.java:327)
	at org.apache.rocketmq.client.impl.MQClientAPIImpl.sendMessage(MQClientAPIImpl.java:290)
	at org.apache.rocketmq.client.impl.producer.DefaultMQProducerImpl.sendKernelImpl(DefaultMQProducerImpl.java:688)
	at org.apache.rocketmq.client.impl.producer.DefaultMQProducerImpl.sendDefaultImpl(DefaultMQProducerImpl.java:458)
	at org.apache.rocketmq.client.impl.producer.DefaultMQProducerImpl.send(DefaultMQProducerImpl.java:1049)
	at org.apache.rocketmq.client.impl.producer.DefaultMQProducerImpl.send(DefaultMQProducerImpl.java:1008)
	at org.apache.rocketmq.client.producer.DefaultMQProducer.send(DefaultMQProducer.java:204)
	at org.apache.rocketmq.console.testbase.RocketMQConsoleTestBase.sendTestTopicMessage(RocketMQConsoleTestBase.java:107)
	at org.apache.rocketmq.console.service.impl.TopicServiceImplTest.setUp(TopicServiceImplTest.java:57)
	at sun.reflect.NativeMethodAccessorImpl.invoke0(Native Method)
	at sun.reflect.NativeMethodAccessorImpl.invoke(NativeMethodAccessorImpl.java:57)
	at sun.reflect.DelegatingMethodAccessorImpl.invoke(DelegatingMethodAccessorImpl.java:43)
	at java.lang.reflect.Method.invoke(Method.java:606)
	at org.junit.runners.model.FrameworkMethod$1.runReflectiveCall(FrameworkMethod.java:50)
	at org.junit.internal.runners.model.ReflectiveCallable.run(ReflectiveCallable.java:12)
	at org.junit.runners.model.FrameworkMethod.invokeExplosively(FrameworkMethod.java:47)
	at org.junit.internal.runners.statements.RunBefores.evaluate(RunBefores.java:24)
	at org.springframework.test.context.junit4.statements.RunBeforeTestMethodCallbacks.evaluate(RunBeforeTestMethodCallbacks.java:75)
	at org.junit.internal.runners.statements.RunAfters.evaluate(RunAfters.java:27)
	at org.springframework.test.context.junit4.statements.RunAfterTestMethodCallbacks.evaluate(RunAfterTestMethodCallbacks.java:86)
	at org.springframework.test.context.junit4.statements.SpringRepeat.evaluate(SpringRepeat.java:84)
	at org.junit.runners.ParentRunner.runLeaf(ParentRunner.java:325)
	at org.springframework.test.context.junit4.SpringJUnit4ClassRunner.runChild(SpringJUnit4ClassRunner.java:252)
	at org.springframework.test.context.junit4.SpringJUnit4ClassRunner.runChild(SpringJUnit4ClassRunner.java:94)
	at org.junit.runners.ParentRunner$3.run(ParentRunner.java:290)
	at org.junit.runners.ParentRunner$1.schedule(ParentRunner.java:71)
	at org.junit.runners.ParentRunner.runChildren(ParentRunner.java:288)
	at org.junit.runners.ParentRunner.access$000(ParentRunner.java:58)
	at org.junit.runners.ParentRunner$2.evaluate(ParentRunner.java:268)
	at org.springframework.test.context.junit4.statements.RunBeforeTestClassCallbacks.evaluate(RunBeforeTestClassCallbacks.java:61)
	at org.springframework.test.context.junit4.statements.RunAfterTestClassCallbacks.evaluate(RunAfterTestClassCallbacks.java:70)
	at org.junit.runners.ParentRunner.run(ParentRunner.java:363)
	at org.springframework.test.context.junit4.SpringJUnit4ClassRunner.run(SpringJUnit4ClassRunner.java:191)
	at org.apache.maven.surefire.junit4.JUnit4Provider.execute(JUnit4Provider.java:367)
	at org.apache.maven.surefire.junit4.JUnit4Provider.executeWithRerun(JUnit4Provider.java:274)
	at org.apache.maven.surefire.junit4.JUnit4Provider.executeTestSet(JUnit4Provider.java:238)
	at org.apache.maven.surefire.junit4.JUnit4Provider.invoke(JUnit4Provider.java:161)
	at org.apache.maven.surefire.booter.ForkedBooter.invokeProviderInSameClassLoader(ForkedBooter.java:290)
	at org.apache.maven.surefire.booter.ForkedBooter.runSuitesInProcess(ForkedBooter.java:242)
	at org.apache.maven.surefire.booter.ForkedBooter.main(ForkedBooter.java:121)
[2018-03-14 12:07:34.282]  WARN Message [topic=TEST_CONSOLE_TOPIC, flag=0, properties={KEYS=TEST_TOPIC_KEY, WAIT=true, UNIQ_KEY=C0A859EB30A4011E1E6742F99A860017}, body=11]
[2018-03-14 12:07:34.283]  WARN AllocateMappedFileService service has exception. so return null
[2018-03-14 12:07:34.283] ERROR create maped file1 error, topic: TEST_CONSOLE_TOPIC clientAddr: 127.0.0.1
[2018-03-14 12:07:34.284]  WARN sendKernelImpl exception, resend at once, InvokeID: -8970422212946437718, RT: 2ms, Broker: MessageQueue [topic=TEST_CONSOLE_TOPIC, brokerName=ConsoleTestBroker, queueId=11]
org.apache.rocketmq.client.exception.MQBrokerException: CODE: 1  DESC: create mapped file failed, server is busy or broken.
For more information, please visit the url, http://rocketmq.apache.org/docs/faq/
	at org.apache.rocketmq.client.impl.MQClientAPIImpl.processSendResponse(MQClientAPIImpl.java:531)
	at org.apache.rocketmq.client.impl.MQClientAPIImpl.sendMessageSync(MQClientAPIImpl.java:345)
	at org.apache.rocketmq.client.impl.MQClientAPIImpl.sendMessage(MQClientAPIImpl.java:327)
	at org.apache.rocketmq.client.impl.MQClientAPIImpl.sendMessage(MQClientAPIImpl.java:290)
	at org.apache.rocketmq.client.impl.producer.DefaultMQProducerImpl.sendKernelImpl(DefaultMQProducerImpl.java:688)
	at org.apache.rocketmq.client.impl.producer.DefaultMQProducerImpl.sendDefaultImpl(DefaultMQProducerImpl.java:458)
	at org.apache.rocketmq.client.impl.producer.DefaultMQProducerImpl.send(DefaultMQProducerImpl.java:1049)
	at org.apache.rocketmq.client.impl.producer.DefaultMQProducerImpl.send(DefaultMQProducerImpl.java:1008)
	at org.apache.rocketmq.client.producer.DefaultMQProducer.send(DefaultMQProducer.java:204)
	at org.apache.rocketmq.console.testbase.RocketMQConsoleTestBase.sendTestTopicMessage(RocketMQConsoleTestBase.java:107)
	at org.apache.rocketmq.console.service.impl.TopicServiceImplTest.setUp(TopicServiceImplTest.java:57)
	at sun.reflect.NativeMethodAccessorImpl.invoke0(Native Method)
	at sun.reflect.NativeMethodAccessorImpl.invoke(NativeMethodAccessorImpl.java:57)
	at sun.reflect.DelegatingMethodAccessorImpl.invoke(DelegatingMethodAccessorImpl.java:43)
	at java.lang.reflect.Method.invoke(Method.java:606)
	at org.junit.runners.model.FrameworkMethod$1.runReflectiveCall(FrameworkMethod.java:50)
	at org.junit.internal.runners.model.ReflectiveCallable.run(ReflectiveCallable.java:12)
	at org.junit.runners.model.FrameworkMethod.invokeExplosively(FrameworkMethod.java:47)
	at org.junit.internal.runners.statements.RunBefores.evaluate(RunBefores.java:24)
	at org.springframework.test.context.junit4.statements.RunBeforeTestMethodCallbacks.evaluate(RunBeforeTestMethodCallbacks.java:75)
	at org.junit.internal.runners.statements.RunAfters.evaluate(RunAfters.java:27)
	at org.springframework.test.context.junit4.statements.RunAfterTestMethodCallbacks.evaluate(RunAfterTestMethodCallbacks.java:86)
	at org.springframework.test.context.junit4.statements.SpringRepeat.evaluate(SpringRepeat.java:84)
	at org.junit.runners.ParentRunner.runLeaf(ParentRunner.java:325)
	at org.springframework.test.context.junit4.SpringJUnit4ClassRunner.runChild(SpringJUnit4ClassRunner.java:252)
	at org.springframework.test.context.junit4.SpringJUnit4ClassRunner.runChild(SpringJUnit4ClassRunner.java:94)
	at org.junit.runners.ParentRunner$3.run(ParentRunner.java:290)
	at org.junit.runners.ParentRunner$1.schedule(ParentRunner.java:71)
	at org.junit.runners.ParentRunner.runChildren(ParentRunner.java:288)
	at org.junit.runners.ParentRunner.access$000(ParentRunner.java:58)
	at org.junit.runners.ParentRunner$2.evaluate(ParentRunner.java:268)
	at org.springframework.test.context.junit4.statements.RunBeforeTestClassCallbacks.evaluate(RunBeforeTestClassCallbacks.java:61)
	at org.springframework.test.context.junit4.statements.RunAfterTestClassCallbacks.evaluate(RunAfterTestClassCallbacks.java:70)
	at org.junit.runners.ParentRunner.run(ParentRunner.java:363)
	at org.springframework.test.context.junit4.SpringJUnit4ClassRunner.run(SpringJUnit4ClassRunner.java:191)
	at org.apache.maven.surefire.junit4.JUnit4Provider.execute(JUnit4Provider.java:367)
	at org.apache.maven.surefire.junit4.JUnit4Provider.executeWithRerun(JUnit4Provider.java:274)
	at org.apache.maven.surefire.junit4.JUnit4Provider.executeTestSet(JUnit4Provider.java:238)
	at org.apache.maven.surefire.junit4.JUnit4Provider.invoke(JUnit4Provider.java:161)
	at org.apache.maven.surefire.booter.ForkedBooter.invokeProviderInSameClassLoader(ForkedBooter.java:290)
	at org.apache.maven.surefire.booter.ForkedBooter.runSuitesInProcess(ForkedBooter.java:242)
	at org.apache.maven.surefire.booter.ForkedBooter.main(ForkedBooter.java:121)
[2018-03-14 12:07:34.284]  WARN Message [topic=TEST_CONSOLE_TOPIC, flag=0, properties={KEYS=TEST_TOPIC_KEY, WAIT=true, UNIQ_KEY=C0A859EB30A4011E1E6742F99A860017}, body=11]
[2018-03-14 12:07:34.286]  WARN AllocateMappedFileService service has exception. so return null
[2018-03-14 12:07:34.286] ERROR create maped file1 error, topic: TEST_CONSOLE_TOPIC clientAddr: 127.0.0.1
[2018-03-14 12:07:34.287]  WARN sendKernelImpl exception, resend at once, InvokeID: -8970422212946437718, RT: 3ms, Broker: MessageQueue [topic=TEST_CONSOLE_TOPIC, brokerName=ConsoleTestBroker, queueId=13]
org.apache.rocketmq.client.exception.MQBrokerException: CODE: 1  DESC: create mapped file failed, server is busy or broken.
For more information, please visit the url, http://rocketmq.apache.org/docs/faq/
	at org.apache.rocketmq.client.impl.MQClientAPIImpl.processSendResponse(MQClientAPIImpl.java:531)
	at org.apache.rocketmq.client.impl.MQClientAPIImpl.sendMessageSync(MQClientAPIImpl.java:345)
	at org.apache.rocketmq.client.impl.MQClientAPIImpl.sendMessage(MQClientAPIImpl.java:327)
	at org.apache.rocketmq.client.impl.MQClientAPIImpl.sendMessage(MQClientAPIImpl.java:290)
	at org.apache.rocketmq.client.impl.producer.DefaultMQProducerImpl.sendKernelImpl(DefaultMQProducerImpl.java:688)
	at org.apache.rocketmq.client.impl.producer.DefaultMQProducerImpl.sendDefaultImpl(DefaultMQProducerImpl.java:458)
	at org.apache.rocketmq.client.impl.producer.DefaultMQProducerImpl.send(DefaultMQProducerImpl.java:1049)
	at org.apache.rocketmq.client.impl.producer.DefaultMQProducerImpl.send(DefaultMQProducerImpl.java:1008)
	at org.apache.rocketmq.client.producer.DefaultMQProducer.send(DefaultMQProducer.java:204)
	at org.apache.rocketmq.console.testbase.RocketMQConsoleTestBase.sendTestTopicMessage(RocketMQConsoleTestBase.java:107)
	at org.apache.rocketmq.console.service.impl.TopicServiceImplTest.setUp(TopicServiceImplTest.java:57)
	at sun.reflect.NativeMethodAccessorImpl.invoke0(Native Method)
	at sun.reflect.NativeMethodAccessorImpl.invoke(NativeMethodAccessorImpl.java:57)
	at sun.reflect.DelegatingMethodAccessorImpl.invoke(DelegatingMethodAccessorImpl.java:43)
	at java.lang.reflect.Method.invoke(Method.java:606)
	at org.junit.runners.model.FrameworkMethod$1.runReflectiveCall(FrameworkMethod.java:50)
	at org.junit.internal.runners.model.ReflectiveCallable.run(ReflectiveCallable.java:12)
	at org.junit.runners.model.FrameworkMethod.invokeExplosively(FrameworkMethod.java:47)
	at org.junit.internal.runners.statements.RunBefores.evaluate(RunBefores.java:24)
	at org.springframework.test.context.junit4.statements.RunBeforeTestMethodCallbacks.evaluate(RunBeforeTestMethodCallbacks.java:75)
	at org.junit.internal.runners.statements.RunAfters.evaluate(RunAfters.java:27)
	at org.springframework.test.context.junit4.statements.RunAfterTestMethodCallbacks.evaluate(RunAfterTestMethodCallbacks.java:86)
	at org.springframework.test.context.junit4.statements.SpringRepeat.evaluate(SpringRepeat.java:84)
	at org.junit.runners.ParentRunner.runLeaf(ParentRunner.java:325)
	at org.springframework.test.context.junit4.SpringJUnit4ClassRunner.runChild(SpringJUnit4ClassRunner.java:252)
	at org.springframework.test.context.junit4.SpringJUnit4ClassRunner.runChild(SpringJUnit4ClassRunner.java:94)
	at org.junit.runners.ParentRunner$3.run(ParentRunner.java:290)
	at org.junit.runners.ParentRunner$1.schedule(ParentRunner.java:71)
	at org.junit.runners.ParentRunner.runChildren(ParentRunner.java:288)
	at org.junit.runners.ParentRunner.access$000(ParentRunner.java:58)
	at org.junit.runners.ParentRunner$2.evaluate(ParentRunner.java:268)
	at org.springframework.test.context.junit4.statements.RunBeforeTestClassCallbacks.evaluate(RunBeforeTestClassCallbacks.java:61)
	at org.springframework.test.context.junit4.statements.RunAfterTestClassCallbacks.evaluate(RunAfterTestClassCallbacks.java:70)
	at org.junit.runners.ParentRunner.run(ParentRunner.java:363)
	at org.springframework.test.context.junit4.SpringJUnit4ClassRunner.run(SpringJUnit4ClassRunner.java:191)
	at org.apache.maven.surefire.junit4.JUnit4Provider.execute(JUnit4Provider.java:367)
	at org.apache.maven.surefire.junit4.JUnit4Provider.executeWithRerun(JUnit4Provider.java:274)
	at org.apache.maven.surefire.junit4.JUnit4Provider.executeTestSet(JUnit4Provider.java:238)
	at org.apache.maven.surefire.junit4.JUnit4Provider.invoke(JUnit4Provider.java:161)
	at org.apache.maven.surefire.booter.ForkedBooter.invokeProviderInSameClassLoader(ForkedBooter.java:290)
	at org.apache.maven.surefire.booter.ForkedBooter.runSuitesInProcess(ForkedBooter.java:242)
	at org.apache.maven.surefire.booter.ForkedBooter.main(ForkedBooter.java:121)
[2018-03-14 12:07:34.287]  WARN Message [topic=TEST_CONSOLE_TOPIC, flag=0, properties={KEYS=TEST_TOPIC_KEY, WAIT=true, UNIQ_KEY=C0A859EB30A4011E1E6742F99A860017}, body=11]
[2018-03-14 12:07:34.373] ERROR map file C:\Users\Administrator\rocketmq-console-test\20180314120653\commitlog\00000000000000000000 Failed. 
java.io.IOException: Map failed
	at sun.nio.ch.FileChannelImpl.map(FileChannelImpl.java:888)
	at org.apache.rocketmq.store.MappedFile.init(MappedFile.java:160)
	at org.apache.rocketmq.store.MappedFile.<init>(MappedFile.java:71)
	at org.apache.rocketmq.store.AllocateMappedFileService.mmapOperation(AllocateMappedFileService.java:182)
	at org.apache.rocketmq.store.AllocateMappedFileService.run(AllocateMappedFileService.java:143)
	at java.lang.Thread.run(Thread.java:745)
Caused by: java.lang.OutOfMemoryError: Map failed
	at sun.nio.ch.FileChannelImpl.map0(Native Method)
	at sun.nio.ch.FileChannelImpl.map(FileChannelImpl.java:885)
	... 5 common frames omitted
[2018-03-14 12:07:34.373]  WARN AllocateMappedFileService service has exception. 
java.io.IOException: Map failed
	at sun.nio.ch.FileChannelImpl.map(FileChannelImpl.java:888)
	at org.apache.rocketmq.store.MappedFile.init(MappedFile.java:160)
	at org.apache.rocketmq.store.MappedFile.<init>(MappedFile.java:71)
	at org.apache.rocketmq.store.AllocateMappedFileService.mmapOperation(AllocateMappedFileService.java:182)
	at org.apache.rocketmq.store.AllocateMappedFileService.run(AllocateMappedFileService.java:143)
	at java.lang.Thread.run(Thread.java:745)
Caused by: java.lang.OutOfMemoryError: Map failed
	at sun.nio.ch.FileChannelImpl.map0(Native Method)
	at sun.nio.ch.FileChannelImpl.map(FileChannelImpl.java:885)
	... 5 common frames omitted
[2018-03-14 12:07:34.587] ERROR map file C:\Users\Administrator\rocketmq-console-test\20180314120653\commitlog\00000000000000000000 Failed. 
java.io.IOException: Map failed
	at sun.nio.ch.FileChannelImpl.map(FileChannelImpl.java:888)
	at org.apache.rocketmq.store.MappedFile.init(MappedFile.java:160)
	at org.apache.rocketmq.store.MappedFile.<init>(MappedFile.java:71)
	at org.apache.rocketmq.store.AllocateMappedFileService.mmapOperation(AllocateMappedFileService.java:182)
	at org.apache.rocketmq.store.AllocateMappedFileService.run(AllocateMappedFileService.java:143)
	at java.lang.Thread.run(Thread.java:745)
Caused by: java.lang.OutOfMemoryError: Map failed
	at sun.nio.ch.FileChannelImpl.map0(Native Method)
	at sun.nio.ch.FileChannelImpl.map(FileChannelImpl.java:885)
	... 5 common frames omitted
[2018-03-14 12:07:34.588]  WARN AllocateMappedFileService service has exception. 
java.io.IOException: Map failed
	at sun.nio.ch.FileChannelImpl.map(FileChannelImpl.java:888)
	at org.apache.rocketmq.store.MappedFile.init(MappedFile.java:160)
	at org.apache.rocketmq.store.MappedFile.<init>(MappedFile.java:71)
	at org.apache.rocketmq.store.AllocateMappedFileService.mmapOperation(AllocateMappedFileService.java:182)
	at org.apache.rocketmq.store.AllocateMappedFileService.run(AllocateMappedFileService.java:143)
	at java.lang.Thread.run(Thread.java:745)
Caused by: java.lang.OutOfMemoryError: Map failed
	at sun.nio.ch.FileChannelImpl.map0(Native Method)
	at sun.nio.ch.FileChannelImpl.map(FileChannelImpl.java:885)
	... 5 common frames omitted
[2018-03-14 12:07:34.788]  WARN AllocateMappedFileService service has exception. so return null
[2018-03-14 12:07:34.788] ERROR create maped file1 error, topic: TEST_CONSOLE_TOPIC clientAddr: 127.0.0.1
[2018-03-14 12:07:34.790]  WARN sendKernelImpl exception, resend at once, InvokeID: 865773919983794266, RT: 3ms, Broker: MessageQueue [topic=TEST_CONSOLE_TOPIC, brokerName=ConsoleTestBroker, queueId=14]
org.apache.rocketmq.client.exception.MQBrokerException: CODE: 1  DESC: create mapped file failed, server is busy or broken.
For more information, please visit the url, http://rocketmq.apache.org/docs/faq/
	at org.apache.rocketmq.client.impl.MQClientAPIImpl.processSendResponse(MQClientAPIImpl.java:531)
	at org.apache.rocketmq.client.impl.MQClientAPIImpl.sendMessageSync(MQClientAPIImpl.java:345)
	at org.apache.rocketmq.client.impl.MQClientAPIImpl.sendMessage(MQClientAPIImpl.java:327)
	at org.apache.rocketmq.client.impl.MQClientAPIImpl.sendMessage(MQClientAPIImpl.java:290)
	at org.apache.rocketmq.client.impl.producer.DefaultMQProducerImpl.sendKernelImpl(DefaultMQProducerImpl.java:688)
	at org.apache.rocketmq.client.impl.producer.DefaultMQProducerImpl.sendDefaultImpl(DefaultMQProducerImpl.java:458)
	at org.apache.rocketmq.client.impl.producer.DefaultMQProducerImpl.send(DefaultMQProducerImpl.java:1049)
	at org.apache.rocketmq.client.impl.producer.DefaultMQProducerImpl.send(DefaultMQProducerImpl.java:1008)
	at org.apache.rocketmq.client.producer.DefaultMQProducer.send(DefaultMQProducer.java:204)
	at org.apache.rocketmq.console.testbase.RocketMQConsoleTestBase.sendTestTopicMessage(RocketMQConsoleTestBase.java:107)
	at org.apache.rocketmq.console.service.impl.TopicServiceImplTest.setUp(TopicServiceImplTest.java:57)
	at sun.reflect.NativeMethodAccessorImpl.invoke0(Native Method)
	at sun.reflect.NativeMethodAccessorImpl.invoke(NativeMethodAccessorImpl.java:57)
	at sun.reflect.DelegatingMethodAccessorImpl.invoke(DelegatingMethodAccessorImpl.java:43)
	at java.lang.reflect.Method.invoke(Method.java:606)
	at org.junit.runners.model.FrameworkMethod$1.runReflectiveCall(FrameworkMethod.java:50)
	at org.junit.internal.runners.model.ReflectiveCallable.run(ReflectiveCallable.java:12)
	at org.junit.runners.model.FrameworkMethod.invokeExplosively(FrameworkMethod.java:47)
	at org.junit.internal.runners.statements.RunBefores.evaluate(RunBefores.java:24)
	at org.springframework.test.context.junit4.statements.RunBeforeTestMethodCallbacks.evaluate(RunBeforeTestMethodCallbacks.java:75)
	at org.junit.internal.runners.statements.RunAfters.evaluate(RunAfters.java:27)
	at org.springframework.test.context.junit4.statements.RunAfterTestMethodCallbacks.evaluate(RunAfterTestMethodCallbacks.java:86)
	at org.springframework.test.context.junit4.statements.SpringRepeat.evaluate(SpringRepeat.java:84)
	at org.junit.runners.ParentRunner.runLeaf(ParentRunner.java:325)
	at org.springframework.test.context.junit4.SpringJUnit4ClassRunner.runChild(SpringJUnit4ClassRunner.java:252)
	at org.springframework.test.context.junit4.SpringJUnit4ClassRunner.runChild(SpringJUnit4ClassRunner.java:94)
	at org.junit.runners.ParentRunner$3.run(ParentRunner.java:290)
	at org.junit.runners.ParentRunner$1.schedule(ParentRunner.java:71)
	at org.junit.runners.ParentRunner.runChildren(ParentRunner.java:288)
	at org.junit.runners.ParentRunner.access$000(ParentRunner.java:58)
	at org.junit.runners.ParentRunner$2.evaluate(ParentRunner.java:268)
	at org.springframework.test.context.junit4.statements.RunBeforeTestClassCallbacks.evaluate(RunBeforeTestClassCallbacks.java:61)
	at org.springframework.test.context.junit4.statements.RunAfterTestClassCallbacks.evaluate(RunAfterTestClassCallbacks.java:70)
	at org.junit.runners.ParentRunner.run(ParentRunner.java:363)
	at org.springframework.test.context.junit4.SpringJUnit4ClassRunner.run(SpringJUnit4ClassRunner.java:191)
	at org.apache.maven.surefire.junit4.JUnit4Provider.execute(JUnit4Provider.java:367)
	at org.apache.maven.surefire.junit4.JUnit4Provider.executeWithRerun(JUnit4Provider.java:274)
	at org.apache.maven.surefire.junit4.JUnit4Provider.executeTestSet(JUnit4Provider.java:238)
	at org.apache.maven.surefire.junit4.JUnit4Provider.invoke(JUnit4Provider.java:161)
	at org.apache.maven.surefire.booter.ForkedBooter.invokeProviderInSameClassLoader(ForkedBooter.java:290)
	at org.apache.maven.surefire.booter.ForkedBooter.runSuitesInProcess(ForkedBooter.java:242)
	at org.apache.maven.surefire.booter.ForkedBooter.main(ForkedBooter.java:121)
[2018-03-14 12:07:34.790]  WARN Message [topic=TEST_CONSOLE_TOPIC, flag=0, properties={KEYS=TEST_TOPIC_KEY, WAIT=true, UNIQ_KEY=C0A859EB30A4011E1E6742F99A860017}, body=11]
[2018-03-14 12:07:34.792]  WARN AllocateMappedFileService service has exception. so return null
[2018-03-14 12:07:34.792] ERROR create maped file1 error, topic: TEST_CONSOLE_TOPIC clientAddr: 127.0.0.1
[2018-03-14 12:07:34.793]  WARN sendKernelImpl exception, resend at once, InvokeID: 865773919983794266, RT: 3ms, Broker: MessageQueue [topic=TEST_CONSOLE_TOPIC, brokerName=ConsoleTestBroker, queueId=0]
org.apache.rocketmq.client.exception.MQBrokerException: CODE: 1  DESC: create mapped file failed, server is busy or broken.
For more information, please visit the url, http://rocketmq.apache.org/docs/faq/
	at org.apache.rocketmq.client.impl.MQClientAPIImpl.processSendResponse(MQClientAPIImpl.java:531)
	at org.apache.rocketmq.client.impl.MQClientAPIImpl.sendMessageSync(MQClientAPIImpl.java:345)
	at org.apache.rocketmq.client.impl.MQClientAPIImpl.sendMessage(MQClientAPIImpl.java:327)
	at org.apache.rocketmq.client.impl.MQClientAPIImpl.sendMessage(MQClientAPIImpl.java:290)
	at org.apache.rocketmq.client.impl.producer.DefaultMQProducerImpl.sendKernelImpl(DefaultMQProducerImpl.java:688)
	at org.apache.rocketmq.client.impl.producer.DefaultMQProducerImpl.sendDefaultImpl(DefaultMQProducerImpl.java:458)
	at org.apache.rocketmq.client.impl.producer.DefaultMQProducerImpl.send(DefaultMQProducerImpl.java:1049)
	at org.apache.rocketmq.client.impl.producer.DefaultMQProducerImpl.send(DefaultMQProducerImpl.java:1008)
	at org.apache.rocketmq.client.producer.DefaultMQProducer.send(DefaultMQProducer.java:204)
	at org.apache.rocketmq.console.testbase.RocketMQConsoleTestBase.sendTestTopicMessage(RocketMQConsoleTestBase.java:107)
	at org.apache.rocketmq.console.service.impl.TopicServiceImplTest.setUp(TopicServiceImplTest.java:57)
	at sun.reflect.NativeMethodAccessorImpl.invoke0(Native Method)
	at sun.reflect.NativeMethodAccessorImpl.invoke(NativeMethodAccessorImpl.java:57)
	at sun.reflect.DelegatingMethodAccessorImpl.invoke(DelegatingMethodAccessorImpl.java:43)
	at java.lang.reflect.Method.invoke(Method.java:606)
	at org.junit.runners.model.FrameworkMethod$1.runReflectiveCall(FrameworkMethod.java:50)
	at org.junit.internal.runners.model.ReflectiveCallable.run(ReflectiveCallable.java:12)
	at org.junit.runners.model.FrameworkMethod.invokeExplosively(FrameworkMethod.java:47)
	at org.junit.internal.runners.statements.RunBefores.evaluate(RunBefores.java:24)
	at org.springframework.test.context.junit4.statements.RunBeforeTestMethodCallbacks.evaluate(RunBeforeTestMethodCallbacks.java:75)
	at org.junit.internal.runners.statements.RunAfters.evaluate(RunAfters.java:27)
	at org.springframework.test.context.junit4.statements.RunAfterTestMethodCallbacks.evaluate(RunAfterTestMethodCallbacks.java:86)
	at org.springframework.test.context.junit4.statements.SpringRepeat.evaluate(SpringRepeat.java:84)
	at org.junit.runners.ParentRunner.runLeaf(ParentRunner.java:325)
	at org.springframework.test.context.junit4.SpringJUnit4ClassRunner.runChild(SpringJUnit4ClassRunner.java:252)
	at org.springframework.test.context.junit4.SpringJUnit4ClassRunner.runChild(SpringJUnit4ClassRunner.java:94)
	at org.junit.runners.ParentRunner$3.run(ParentRunner.java:290)
	at org.junit.runners.ParentRunner$1.schedule(ParentRunner.java:71)
	at org.junit.runners.ParentRunner.runChildren(ParentRunner.java:288)
	at org.junit.runners.ParentRunner.access$000(ParentRunner.java:58)
	at org.junit.runners.ParentRunner$2.evaluate(ParentRunner.java:268)
	at org.springframework.test.context.junit4.statements.RunBeforeTestClassCallbacks.evaluate(RunBeforeTestClassCallbacks.java:61)
	at org.springframework.test.context.junit4.statements.RunAfterTestClassCallbacks.evaluate(RunAfterTestClassCallbacks.java:70)
	at org.junit.runners.ParentRunner.run(ParentRunner.java:363)
	at org.springframework.test.context.junit4.SpringJUnit4ClassRunner.run(SpringJUnit4ClassRunner.java:191)
	at org.apache.maven.surefire.junit4.JUnit4Provider.execute(JUnit4Provider.java:367)
	at org.apache.maven.surefire.junit4.JUnit4Provider.executeWithRerun(JUnit4Provider.java:274)
	at org.apache.maven.surefire.junit4.JUnit4Provider.executeTestSet(JUnit4Provider.java:238)
	at org.apache.maven.surefire.junit4.JUnit4Provider.invoke(JUnit4Provider.java:161)
	at org.apache.maven.surefire.booter.ForkedBooter.invokeProviderInSameClassLoader(ForkedBooter.java:290)
	at org.apache.maven.surefire.booter.ForkedBooter.runSuitesInProcess(ForkedBooter.java:242)
	at org.apache.maven.surefire.booter.ForkedBooter.main(ForkedBooter.java:121)
[2018-03-14 12:07:34.793]  WARN Message [topic=TEST_CONSOLE_TOPIC, flag=0, properties={KEYS=TEST_TOPIC_KEY, WAIT=true, UNIQ_KEY=C0A859EB30A4011E1E6742F99A860017}, body=11]
[2018-03-14 12:07:34.797]  WARN AllocateMappedFileService service has exception. so return null
[2018-03-14 12:07:34.797] ERROR create maped file1 error, topic: TEST_CONSOLE_TOPIC clientAddr: 127.0.0.1
[2018-03-14 12:07:34.800]  WARN sendKernelImpl exception, resend at once, InvokeID: 865773919983794266, RT: 7ms, Broker: MessageQueue [topic=TEST_CONSOLE_TOPIC, brokerName=ConsoleTestBroker, queueId=2]
org.apache.rocketmq.client.exception.MQBrokerException: CODE: 1  DESC: create mapped file failed, server is busy or broken.
For more information, please visit the url, http://rocketmq.apache.org/docs/faq/
	at org.apache.rocketmq.client.impl.MQClientAPIImpl.processSendResponse(MQClientAPIImpl.java:531)
	at org.apache.rocketmq.client.impl.MQClientAPIImpl.sendMessageSync(MQClientAPIImpl.java:345)
	at org.apache.rocketmq.client.impl.MQClientAPIImpl.sendMessage(MQClientAPIImpl.java:327)
	at org.apache.rocketmq.client.impl.MQClientAPIImpl.sendMessage(MQClientAPIImpl.java:290)
	at org.apache.rocketmq.client.impl.producer.DefaultMQProducerImpl.sendKernelImpl(DefaultMQProducerImpl.java:688)
	at org.apache.rocketmq.client.impl.producer.DefaultMQProducerImpl.sendDefaultImpl(DefaultMQProducerImpl.java:458)
	at org.apache.rocketmq.client.impl.producer.DefaultMQProducerImpl.send(DefaultMQProducerImpl.java:1049)
	at org.apache.rocketmq.client.impl.producer.DefaultMQProducerImpl.send(DefaultMQProducerImpl.java:1008)
	at org.apache.rocketmq.client.producer.DefaultMQProducer.send(DefaultMQProducer.java:204)
	at org.apache.rocketmq.console.testbase.RocketMQConsoleTestBase.sendTestTopicMessage(RocketMQConsoleTestBase.java:107)
	at org.apache.rocketmq.console.service.impl.TopicServiceImplTest.setUp(TopicServiceImplTest.java:57)
	at sun.reflect.NativeMethodAccessorImpl.invoke0(Native Method)
	at sun.reflect.NativeMethodAccessorImpl.invoke(NativeMethodAccessorImpl.java:57)
	at sun.reflect.DelegatingMethodAccessorImpl.invoke(DelegatingMethodAccessorImpl.java:43)
	at java.lang.reflect.Method.invoke(Method.java:606)
	at org.junit.runners.model.FrameworkMethod$1.runReflectiveCall(FrameworkMethod.java:50)
	at org.junit.internal.runners.model.ReflectiveCallable.run(ReflectiveCallable.java:12)
	at org.junit.runners.model.FrameworkMethod.invokeExplosively(FrameworkMethod.java:47)
	at org.junit.internal.runners.statements.RunBefores.evaluate(RunBefores.java:24)
	at org.springframework.test.context.junit4.statements.RunBeforeTestMethodCallbacks.evaluate(RunBeforeTestMethodCallbacks.java:75)
	at org.junit.internal.runners.statements.RunAfters.evaluate(RunAfters.java:27)
	at org.springframework.test.context.junit4.statements.RunAfterTestMethodCallbacks.evaluate(RunAfterTestMethodCallbacks.java:86)
	at org.springframework.test.context.junit4.statements.SpringRepeat.evaluate(SpringRepeat.java:84)
	at org.junit.runners.ParentRunner.runLeaf(ParentRunner.java:325)
	at org.springframework.test.context.junit4.SpringJUnit4ClassRunner.runChild(SpringJUnit4ClassRunner.java:252)
	at org.springframework.test.context.junit4.SpringJUnit4ClassRunner.runChild(SpringJUnit4ClassRunner.java:94)
	at org.junit.runners.ParentRunner$3.run(ParentRunner.java:290)
	at org.junit.runners.ParentRunner$1.schedule(ParentRunner.java:71)
	at org.junit.runners.ParentRunner.runChildren(ParentRunner.java:288)
	at org.junit.runners.ParentRunner.access$000(ParentRunner.java:58)
	at org.junit.runners.ParentRunner$2.evaluate(ParentRunner.java:268)
	at org.springframework.test.context.junit4.statements.RunBeforeTestClassCallbacks.evaluate(RunBeforeTestClassCallbacks.java:61)
	at org.springframework.test.context.junit4.statements.RunAfterTestClassCallbacks.evaluate(RunAfterTestClassCallbacks.java:70)
	at org.junit.runners.ParentRunner.run(ParentRunner.java:363)
	at org.springframework.test.context.junit4.SpringJUnit4ClassRunner.run(SpringJUnit4ClassRunner.java:191)
	at org.apache.maven.surefire.junit4.JUnit4Provider.execute(JUnit4Provider.java:367)
	at org.apache.maven.surefire.junit4.JUnit4Provider.executeWithRerun(JUnit4Provider.java:274)
	at org.apache.maven.surefire.junit4.JUnit4Provider.executeTestSet(JUnit4Provider.java:238)
	at org.apache.maven.surefire.junit4.JUnit4Provider.invoke(JUnit4Provider.java:161)
	at org.apache.maven.surefire.booter.ForkedBooter.invokeProviderInSameClassLoader(ForkedBooter.java:290)
	at org.apache.maven.surefire.booter.ForkedBooter.runSuitesInProcess(ForkedBooter.java:242)
	at org.apache.maven.surefire.booter.ForkedBooter.main(ForkedBooter.java:121)
[2018-03-14 12:07:34.800]  WARN Message [topic=TEST_CONSOLE_TOPIC, flag=0, properties={KEYS=TEST_TOPIC_KEY, WAIT=true, UNIQ_KEY=C0A859EB30A4011E1E6742F99A860017}, body=11]
[2018-03-14 12:07:34.808] ERROR map file C:\Users\Administrator\rocketmq-console-test\20180314120653\commitlog\00000000000000000000 Failed. 
java.io.IOException: Map failed
	at sun.nio.ch.FileChannelImpl.map(FileChannelImpl.java:888)
	at org.apache.rocketmq.store.MappedFile.init(MappedFile.java:160)
	at org.apache.rocketmq.store.MappedFile.<init>(MappedFile.java:71)
	at org.apache.rocketmq.store.AllocateMappedFileService.mmapOperation(AllocateMappedFileService.java:182)
	at org.apache.rocketmq.store.AllocateMappedFileService.run(AllocateMappedFileService.java:143)
	at java.lang.Thread.run(Thread.java:745)
Caused by: java.lang.OutOfMemoryError: Map failed
	at sun.nio.ch.FileChannelImpl.map0(Native Method)
	at sun.nio.ch.FileChannelImpl.map(FileChannelImpl.java:885)
	... 5 common frames omitted
[2018-03-14 12:07:34.808]  WARN AllocateMappedFileService service has exception. 
java.io.IOException: Map failed
	at sun.nio.ch.FileChannelImpl.map(FileChannelImpl.java:888)
	at org.apache.rocketmq.store.MappedFile.init(MappedFile.java:160)
	at org.apache.rocketmq.store.MappedFile.<init>(MappedFile.java:71)
	at org.apache.rocketmq.store.AllocateMappedFileService.mmapOperation(AllocateMappedFileService.java:182)
	at org.apache.rocketmq.store.AllocateMappedFileService.run(AllocateMappedFileService.java:143)
	at java.lang.Thread.run(Thread.java:745)
Caused by: java.lang.OutOfMemoryError: Map failed
	at sun.nio.ch.FileChannelImpl.map0(Native Method)
	at sun.nio.ch.FileChannelImpl.map(FileChannelImpl.java:885)
	... 5 common frames omitted
[2018-03-14 12:07:35.052] ERROR map file C:\Users\Administrator\rocketmq-console-test\20180314120653\commitlog\00000000000000000000 Failed. 
java.io.IOException: Map failed
	at sun.nio.ch.FileChannelImpl.map(FileChannelImpl.java:888)
	at org.apache.rocketmq.store.MappedFile.init(MappedFile.java:160)
	at org.apache.rocketmq.store.MappedFile.<init>(MappedFile.java:71)
	at org.apache.rocketmq.store.AllocateMappedFileService.mmapOperation(AllocateMappedFileService.java:182)
	at org.apache.rocketmq.store.AllocateMappedFileService.run(AllocateMappedFileService.java:143)
	at java.lang.Thread.run(Thread.java:745)
Caused by: java.lang.OutOfMemoryError: Map failed
	at sun.nio.ch.FileChannelImpl.map0(Native Method)
	at sun.nio.ch.FileChannelImpl.map(FileChannelImpl.java:885)
	... 5 common frames omitted
[2018-03-14 12:07:35.052]  WARN AllocateMappedFileService service has exception. 
java.io.IOException: Map failed
	at sun.nio.ch.FileChannelImpl.map(FileChannelImpl.java:888)
	at org.apache.rocketmq.store.MappedFile.init(MappedFile.java:160)
	at org.apache.rocketmq.store.MappedFile.<init>(MappedFile.java:71)
	at org.apache.rocketmq.store.AllocateMappedFileService.mmapOperation(AllocateMappedFileService.java:182)
	at org.apache.rocketmq.store.AllocateMappedFileService.run(AllocateMappedFileService.java:143)
	at java.lang.Thread.run(Thread.java:745)
Caused by: java.lang.OutOfMemoryError: Map failed
	at sun.nio.ch.FileChannelImpl.map0(Native Method)
	at sun.nio.ch.FileChannelImpl.map(FileChannelImpl.java:885)
	... 5 common frames omitted
[2018-03-14 12:07:35.273] ERROR map file C:\Users\Administrator\rocketmq-console-test\20180314120653\commitlog\00000000000000000000 Failed. 
java.io.IOException: Map failed
	at sun.nio.ch.FileChannelImpl.map(FileChannelImpl.java:888)
	at org.apache.rocketmq.store.MappedFile.init(MappedFile.java:160)
	at org.apache.rocketmq.store.MappedFile.<init>(MappedFile.java:71)
	at org.apache.rocketmq.store.AllocateMappedFileService.mmapOperation(AllocateMappedFileService.java:182)
	at org.apache.rocketmq.store.AllocateMappedFileService.run(AllocateMappedFileService.java:143)
	at java.lang.Thread.run(Thread.java:745)
Caused by: java.lang.OutOfMemoryError: Map failed
	at sun.nio.ch.FileChannelImpl.map0(Native Method)
	at sun.nio.ch.FileChannelImpl.map(FileChannelImpl.java:885)
	... 5 common frames omitted
[2018-03-14 12:07:35.273]  WARN AllocateMappedFileService service has exception. 
java.io.IOException: Map failed
	at sun.nio.ch.FileChannelImpl.map(FileChannelImpl.java:888)
	at org.apache.rocketmq.store.MappedFile.init(MappedFile.java:160)
	at org.apache.rocketmq.store.MappedFile.<init>(MappedFile.java:71)
	at org.apache.rocketmq.store.AllocateMappedFileService.mmapOperation(AllocateMappedFileService.java:182)
	at org.apache.rocketmq.store.AllocateMappedFileService.run(AllocateMappedFileService.java:143)
	at java.lang.Thread.run(Thread.java:745)
Caused by: java.lang.OutOfMemoryError: Map failed
	at sun.nio.ch.FileChannelImpl.map0(Native Method)
	at sun.nio.ch.FileChannelImpl.map(FileChannelImpl.java:885)
	... 5 common frames omitted
[2018-03-14 12:07:35.402]  WARN AllocateMappedFileService service has exception. so return null
[2018-03-14 12:07:35.402] ERROR create maped file1 error, topic: TEST_CONSOLE_TOPIC clientAddr: 127.0.0.1
[2018-03-14 12:07:35.403]  WARN sendKernelImpl exception, resend at once, InvokeID: 2593317762711064072, RT: 2ms, Broker: MessageQueue [topic=TEST_CONSOLE_TOPIC, brokerName=ConsoleTestBroker, queueId=3]
org.apache.rocketmq.client.exception.MQBrokerException: CODE: 1  DESC: create mapped file failed, server is busy or broken.
For more information, please visit the url, http://rocketmq.apache.org/docs/faq/
	at org.apache.rocketmq.client.impl.MQClientAPIImpl.processSendResponse(MQClientAPIImpl.java:531)
	at org.apache.rocketmq.client.impl.MQClientAPIImpl.sendMessageSync(MQClientAPIImpl.java:345)
	at org.apache.rocketmq.client.impl.MQClientAPIImpl.sendMessage(MQClientAPIImpl.java:327)
	at org.apache.rocketmq.client.impl.MQClientAPIImpl.sendMessage(MQClientAPIImpl.java:290)
	at org.apache.rocketmq.client.impl.producer.DefaultMQProducerImpl.sendKernelImpl(DefaultMQProducerImpl.java:688)
	at org.apache.rocketmq.client.impl.producer.DefaultMQProducerImpl.sendDefaultImpl(DefaultMQProducerImpl.java:458)
	at org.apache.rocketmq.client.impl.producer.DefaultMQProducerImpl.send(DefaultMQProducerImpl.java:1049)
	at org.apache.rocketmq.client.impl.producer.DefaultMQProducerImpl.send(DefaultMQProducerImpl.java:1008)
	at org.apache.rocketmq.client.producer.DefaultMQProducer.send(DefaultMQProducer.java:204)
	at org.apache.rocketmq.console.testbase.RocketMQConsoleTestBase.sendTestTopicMessage(RocketMQConsoleTestBase.java:107)
	at org.apache.rocketmq.console.service.impl.TopicServiceImplTest.setUp(TopicServiceImplTest.java:57)
	at sun.reflect.NativeMethodAccessorImpl.invoke0(Native Method)
	at sun.reflect.NativeMethodAccessorImpl.invoke(NativeMethodAccessorImpl.java:57)
	at sun.reflect.DelegatingMethodAccessorImpl.invoke(DelegatingMethodAccessorImpl.java:43)
	at java.lang.reflect.Method.invoke(Method.java:606)
	at org.junit.runners.model.FrameworkMethod$1.runReflectiveCall(FrameworkMethod.java:50)
	at org.junit.internal.runners.model.ReflectiveCallable.run(ReflectiveCallable.java:12)
	at org.junit.runners.model.FrameworkMethod.invokeExplosively(FrameworkMethod.java:47)
	at org.junit.internal.runners.statements.RunBefores.evaluate(RunBefores.java:24)
	at org.springframework.test.context.junit4.statements.RunBeforeTestMethodCallbacks.evaluate(RunBeforeTestMethodCallbacks.java:75)
	at org.junit.internal.runners.statements.RunAfters.evaluate(RunAfters.java:27)
	at org.springframework.test.context.junit4.statements.RunAfterTestMethodCallbacks.evaluate(RunAfterTestMethodCallbacks.java:86)
	at org.springframework.test.context.junit4.statements.SpringRepeat.evaluate(SpringRepeat.java:84)
	at org.junit.runners.ParentRunner.runLeaf(ParentRunner.java:325)
	at org.springframework.test.context.junit4.SpringJUnit4ClassRunner.runChild(SpringJUnit4ClassRunner.java:252)
	at org.springframework.test.context.junit4.SpringJUnit4ClassRunner.runChild(SpringJUnit4ClassRunner.java:94)
	at org.junit.runners.ParentRunner$3.run(ParentRunner.java:290)
	at org.junit.runners.ParentRunner$1.schedule(ParentRunner.java:71)
	at org.junit.runners.ParentRunner.runChildren(ParentRunner.java:288)
	at org.junit.runners.ParentRunner.access$000(ParentRunner.java:58)
	at org.junit.runners.ParentRunner$2.evaluate(ParentRunner.java:268)
	at org.springframework.test.context.junit4.statements.RunBeforeTestClassCallbacks.evaluate(RunBeforeTestClassCallbacks.java:61)
	at org.springframework.test.context.junit4.statements.RunAfterTestClassCallbacks.evaluate(RunAfterTestClassCallbacks.java:70)
	at org.junit.runners.ParentRunner.run(ParentRunner.java:363)
	at org.springframework.test.context.junit4.SpringJUnit4ClassRunner.run(SpringJUnit4ClassRunner.java:191)
	at org.apache.maven.surefire.junit4.JUnit4Provider.execute(JUnit4Provider.java:367)
	at org.apache.maven.surefire.junit4.JUnit4Provider.executeWithRerun(JUnit4Provider.java:274)
	at org.apache.maven.surefire.junit4.JUnit4Provider.executeTestSet(JUnit4Provider.java:238)
	at org.apache.maven.surefire.junit4.JUnit4Provider.invoke(JUnit4Provider.java:161)
	at org.apache.maven.surefire.booter.ForkedBooter.invokeProviderInSameClassLoader(ForkedBooter.java:290)
	at org.apache.maven.surefire.booter.ForkedBooter.runSuitesInProcess(ForkedBooter.java:242)
	at org.apache.maven.surefire.booter.ForkedBooter.main(ForkedBooter.java:121)
[2018-03-14 12:07:35.403]  WARN Message [topic=TEST_CONSOLE_TOPIC, flag=0, properties={KEYS=TEST_TOPIC_KEY, WAIT=true, UNIQ_KEY=C0A859EB30A4011E1E6742F99A860017}, body=11]
[2018-03-14 12:07:35.404]  WARN AllocateMappedFileService service has exception. so return null
[2018-03-14 12:07:35.404] ERROR create maped file1 error, topic: TEST_CONSOLE_TOPIC clientAddr: 127.0.0.1
[2018-03-14 12:07:35.405]  WARN sendKernelImpl exception, resend at once, InvokeID: 2593317762711064072, RT: 2ms, Broker: MessageQueue [topic=TEST_CONSOLE_TOPIC, brokerName=ConsoleTestBroker, queueId=5]
org.apache.rocketmq.client.exception.MQBrokerException: CODE: 1  DESC: create mapped file failed, server is busy or broken.
For more information, please visit the url, http://rocketmq.apache.org/docs/faq/
	at org.apache.rocketmq.client.impl.MQClientAPIImpl.processSendResponse(MQClientAPIImpl.java:531)
	at org.apache.rocketmq.client.impl.MQClientAPIImpl.sendMessageSync(MQClientAPIImpl.java:345)
	at org.apache.rocketmq.client.impl.MQClientAPIImpl.sendMessage(MQClientAPIImpl.java:327)
	at org.apache.rocketmq.client.impl.MQClientAPIImpl.sendMessage(MQClientAPIImpl.java:290)
	at org.apache.rocketmq.client.impl.producer.DefaultMQProducerImpl.sendKernelImpl(DefaultMQProducerImpl.java:688)
	at org.apache.rocketmq.client.impl.producer.DefaultMQProducerImpl.sendDefaultImpl(DefaultMQProducerImpl.java:458)
	at org.apache.rocketmq.client.impl.producer.DefaultMQProducerImpl.send(DefaultMQProducerImpl.java:1049)
	at org.apache.rocketmq.client.impl.producer.DefaultMQProducerImpl.send(DefaultMQProducerImpl.java:1008)
	at org.apache.rocketmq.client.producer.DefaultMQProducer.send(DefaultMQProducer.java:204)
	at org.apache.rocketmq.console.testbase.RocketMQConsoleTestBase.sendTestTopicMessage(RocketMQConsoleTestBase.java:107)
	at org.apache.rocketmq.console.service.impl.TopicServiceImplTest.setUp(TopicServiceImplTest.java:57)
	at sun.reflect.NativeMethodAccessorImpl.invoke0(Native Method)
	at sun.reflect.NativeMethodAccessorImpl.invoke(NativeMethodAccessorImpl.java:57)
	at sun.reflect.DelegatingMethodAccessorImpl.invoke(DelegatingMethodAccessorImpl.java:43)
	at java.lang.reflect.Method.invoke(Method.java:606)
	at org.junit.runners.model.FrameworkMethod$1.runReflectiveCall(FrameworkMethod.java:50)
	at org.junit.internal.runners.model.ReflectiveCallable.run(ReflectiveCallable.java:12)
	at org.junit.runners.model.FrameworkMethod.invokeExplosively(FrameworkMethod.java:47)
	at org.junit.internal.runners.statements.RunBefores.evaluate(RunBefores.java:24)
	at org.springframework.test.context.junit4.statements.RunBeforeTestMethodCallbacks.evaluate(RunBeforeTestMethodCallbacks.java:75)
	at org.junit.internal.runners.statements.RunAfters.evaluate(RunAfters.java:27)
	at org.springframework.test.context.junit4.statements.RunAfterTestMethodCallbacks.evaluate(RunAfterTestMethodCallbacks.java:86)
	at org.springframework.test.context.junit4.statements.SpringRepeat.evaluate(SpringRepeat.java:84)
	at org.junit.runners.ParentRunner.runLeaf(ParentRunner.java:325)
	at org.springframework.test.context.junit4.SpringJUnit4ClassRunner.runChild(SpringJUnit4ClassRunner.java:252)
	at org.springframework.test.context.junit4.SpringJUnit4ClassRunner.runChild(SpringJUnit4ClassRunner.java:94)
	at org.junit.runners.ParentRunner$3.run(ParentRunner.java:290)
	at org.junit.runners.ParentRunner$1.schedule(ParentRunner.java:71)
	at org.junit.runners.ParentRunner.runChildren(ParentRunner.java:288)
	at org.junit.runners.ParentRunner.access$000(ParentRunner.java:58)
	at org.junit.runners.ParentRunner$2.evaluate(ParentRunner.java:268)
	at org.springframework.test.context.junit4.statements.RunBeforeTestClassCallbacks.evaluate(RunBeforeTestClassCallbacks.java:61)
	at org.springframework.test.context.junit4.statements.RunAfterTestClassCallbacks.evaluate(RunAfterTestClassCallbacks.java:70)
	at org.junit.runners.ParentRunner.run(ParentRunner.java:363)
	at org.springframework.test.context.junit4.SpringJUnit4ClassRunner.run(SpringJUnit4ClassRunner.java:191)
	at org.apache.maven.surefire.junit4.JUnit4Provider.execute(JUnit4Provider.java:367)
	at org.apache.maven.surefire.junit4.JUnit4Provider.executeWithRerun(JUnit4Provider.java:274)
	at org.apache.maven.surefire.junit4.JUnit4Provider.executeTestSet(JUnit4Provider.java:238)
	at org.apache.maven.surefire.junit4.JUnit4Provider.invoke(JUnit4Provider.java:161)
	at org.apache.maven.surefire.booter.ForkedBooter.invokeProviderInSameClassLoader(ForkedBooter.java:290)
	at org.apache.maven.surefire.booter.ForkedBooter.runSuitesInProcess(ForkedBooter.java:242)
	at org.apache.maven.surefire.booter.ForkedBooter.main(ForkedBooter.java:121)
[2018-03-14 12:07:35.405]  WARN Message [topic=TEST_CONSOLE_TOPIC, flag=0, properties={KEYS=TEST_TOPIC_KEY, WAIT=true, UNIQ_KEY=C0A859EB30A4011E1E6742F99A860017}, body=11]
[2018-03-14 12:07:35.406]  WARN AllocateMappedFileService service has exception. so return null
[2018-03-14 12:07:35.406] ERROR create maped file1 error, topic: TEST_CONSOLE_TOPIC clientAddr: 127.0.0.1
[2018-03-14 12:07:35.407]  WARN sendKernelImpl exception, resend at once, InvokeID: 2593317762711064072, RT: 2ms, Broker: MessageQueue [topic=TEST_CONSOLE_TOPIC, brokerName=ConsoleTestBroker, queueId=7]
org.apache.rocketmq.client.exception.MQBrokerException: CODE: 1  DESC: create mapped file failed, server is busy or broken.
For more information, please visit the url, http://rocketmq.apache.org/docs/faq/
	at org.apache.rocketmq.client.impl.MQClientAPIImpl.processSendResponse(MQClientAPIImpl.java:531)
	at org.apache.rocketmq.client.impl.MQClientAPIImpl.sendMessageSync(MQClientAPIImpl.java:345)
	at org.apache.rocketmq.client.impl.MQClientAPIImpl.sendMessage(MQClientAPIImpl.java:327)
	at org.apache.rocketmq.client.impl.MQClientAPIImpl.sendMessage(MQClientAPIImpl.java:290)
	at org.apache.rocketmq.client.impl.producer.DefaultMQProducerImpl.sendKernelImpl(DefaultMQProducerImpl.java:688)
	at org.apache.rocketmq.client.impl.producer.DefaultMQProducerImpl.sendDefaultImpl(DefaultMQProducerImpl.java:458)
	at org.apache.rocketmq.client.impl.producer.DefaultMQProducerImpl.send(DefaultMQProducerImpl.java:1049)
	at org.apache.rocketmq.client.impl.producer.DefaultMQProducerImpl.send(DefaultMQProducerImpl.java:1008)
	at org.apache.rocketmq.client.producer.DefaultMQProducer.send(DefaultMQProducer.java:204)
	at org.apache.rocketmq.console.testbase.RocketMQConsoleTestBase.sendTestTopicMessage(RocketMQConsoleTestBase.java:107)
	at org.apache.rocketmq.console.service.impl.TopicServiceImplTest.setUp(TopicServiceImplTest.java:57)
	at sun.reflect.NativeMethodAccessorImpl.invoke0(Native Method)
	at sun.reflect.NativeMethodAccessorImpl.invoke(NativeMethodAccessorImpl.java:57)
	at sun.reflect.DelegatingMethodAccessorImpl.invoke(DelegatingMethodAccessorImpl.java:43)
	at java.lang.reflect.Method.invoke(Method.java:606)
	at org.junit.runners.model.FrameworkMethod$1.runReflectiveCall(FrameworkMethod.java:50)
	at org.junit.internal.runners.model.ReflectiveCallable.run(ReflectiveCallable.java:12)
	at org.junit.runners.model.FrameworkMethod.invokeExplosively(FrameworkMethod.java:47)
	at org.junit.internal.runners.statements.RunBefores.evaluate(RunBefores.java:24)
	at org.springframework.test.context.junit4.statements.RunBeforeTestMethodCallbacks.evaluate(RunBeforeTestMethodCallbacks.java:75)
	at org.junit.internal.runners.statements.RunAfters.evaluate(RunAfters.java:27)
	at org.springframework.test.context.junit4.statements.RunAfterTestMethodCallbacks.evaluate(RunAfterTestMethodCallbacks.java:86)
	at org.springframework.test.context.junit4.statements.SpringRepeat.evaluate(SpringRepeat.java:84)
	at org.junit.runners.ParentRunner.runLeaf(ParentRunner.java:325)
	at org.springframework.test.context.junit4.SpringJUnit4ClassRunner.runChild(SpringJUnit4ClassRunner.java:252)
	at org.springframework.test.context.junit4.SpringJUnit4ClassRunner.runChild(SpringJUnit4ClassRunner.java:94)
	at org.junit.runners.ParentRunner$3.run(ParentRunner.java:290)
	at org.junit.runners.ParentRunner$1.schedule(ParentRunner.java:71)
	at org.junit.runners.ParentRunner.runChildren(ParentRunner.java:288)
	at org.junit.runners.ParentRunner.access$000(ParentRunner.java:58)
	at org.junit.runners.ParentRunner$2.evaluate(ParentRunner.java:268)
	at org.springframework.test.context.junit4.statements.RunBeforeTestClassCallbacks.evaluate(RunBeforeTestClassCallbacks.java:61)
	at org.springframework.test.context.junit4.statements.RunAfterTestClassCallbacks.evaluate(RunAfterTestClassCallbacks.java:70)
	at org.junit.runners.ParentRunner.run(ParentRunner.java:363)
	at org.springframework.test.context.junit4.SpringJUnit4ClassRunner.run(SpringJUnit4ClassRunner.java:191)
	at org.apache.maven.surefire.junit4.JUnit4Provider.execute(JUnit4Provider.java:367)
	at org.apache.maven.surefire.junit4.JUnit4Provider.executeWithRerun(JUnit4Provider.java:274)
	at org.apache.maven.surefire.junit4.JUnit4Provider.executeTestSet(JUnit4Provider.java:238)
	at org.apache.maven.surefire.junit4.JUnit4Provider.invoke(JUnit4Provider.java:161)
	at org.apache.maven.surefire.booter.ForkedBooter.invokeProviderInSameClassLoader(ForkedBooter.java:290)
	at org.apache.maven.surefire.booter.ForkedBooter.runSuitesInProcess(ForkedBooter.java:242)
	at org.apache.maven.surefire.booter.ForkedBooter.main(ForkedBooter.java:121)
[2018-03-14 12:07:35.407]  WARN Message [topic=TEST_CONSOLE_TOPIC, flag=0, properties={KEYS=TEST_TOPIC_KEY, WAIT=true, UNIQ_KEY=C0A859EB30A4011E1E6742F99A860017}, body=11]
[2018-03-14 12:07:35.504] ERROR map file C:\Users\Administrator\rocketmq-console-test\20180314120653\commitlog\00000000000000000000 Failed. 
java.io.IOException: Map failed
	at sun.nio.ch.FileChannelImpl.map(FileChannelImpl.java:888)
	at org.apache.rocketmq.store.MappedFile.init(MappedFile.java:160)
	at org.apache.rocketmq.store.MappedFile.<init>(MappedFile.java:71)
	at org.apache.rocketmq.store.AllocateMappedFileService.mmapOperation(AllocateMappedFileService.java:182)
	at org.apache.rocketmq.store.AllocateMappedFileService.run(AllocateMappedFileService.java:143)
	at java.lang.Thread.run(Thread.java:745)
Caused by: java.lang.OutOfMemoryError: Map failed
	at sun.nio.ch.FileChannelImpl.map0(Native Method)
	at sun.nio.ch.FileChannelImpl.map(FileChannelImpl.java:885)
	... 5 common frames omitted
[2018-03-14 12:07:35.504]  WARN AllocateMappedFileService service has exception. 
java.io.IOException: Map failed
	at sun.nio.ch.FileChannelImpl.map(FileChannelImpl.java:888)
	at org.apache.rocketmq.store.MappedFile.init(MappedFile.java:160)
	at org.apache.rocketmq.store.MappedFile.<init>(MappedFile.java:71)
	at org.apache.rocketmq.store.AllocateMappedFileService.mmapOperation(AllocateMappedFileService.java:182)
	at org.apache.rocketmq.store.AllocateMappedFileService.run(AllocateMappedFileService.java:143)
	at java.lang.Thread.run(Thread.java:745)
Caused by: java.lang.OutOfMemoryError: Map failed
	at sun.nio.ch.FileChannelImpl.map0(Native Method)
	at sun.nio.ch.FileChannelImpl.map(FileChannelImpl.java:885)
	... 5 common frames omitted
[2018-03-14 12:07:35.719] ERROR map file C:\Users\Administrator\rocketmq-console-test\20180314120653\commitlog\00000000000000000000 Failed. 
java.io.IOException: Map failed
	at sun.nio.ch.FileChannelImpl.map(FileChannelImpl.java:888)
	at org.apache.rocketmq.store.MappedFile.init(MappedFile.java:160)
	at org.apache.rocketmq.store.MappedFile.<init>(MappedFile.java:71)
	at org.apache.rocketmq.store.AllocateMappedFileService.mmapOperation(AllocateMappedFileService.java:182)
	at org.apache.rocketmq.store.AllocateMappedFileService.run(AllocateMappedFileService.java:143)
	at java.lang.Thread.run(Thread.java:745)
Caused by: java.lang.OutOfMemoryError: Map failed
	at sun.nio.ch.FileChannelImpl.map0(Native Method)
	at sun.nio.ch.FileChannelImpl.map(FileChannelImpl.java:885)
	... 5 common frames omitted
[2018-03-14 12:07:35.719]  WARN AllocateMappedFileService service has exception. 
java.io.IOException: Map failed
	at sun.nio.ch.FileChannelImpl.map(FileChannelImpl.java:888)
	at org.apache.rocketmq.store.MappedFile.init(MappedFile.java:160)
	at org.apache.rocketmq.store.MappedFile.<init>(MappedFile.java:71)
	at org.apache.rocketmq.store.AllocateMappedFileService.mmapOperation(AllocateMappedFileService.java:182)
	at org.apache.rocketmq.store.AllocateMappedFileService.run(AllocateMappedFileService.java:143)
	at java.lang.Thread.run(Thread.java:745)
Caused by: java.lang.OutOfMemoryError: Map failed
	at sun.nio.ch.FileChannelImpl.map0(Native Method)
	at sun.nio.ch.FileChannelImpl.map(FileChannelImpl.java:885)
	... 5 common frames omitted
]]></system-out>
  </testcase>
  <testcase name="queryTopicConsumerInfo" classname="org.apache.rocketmq.console.service.impl.TopicServiceImplTest" time="5.513">
    <error message="send message error" type="java.lang.RuntimeException">java.lang.RuntimeException: send message error
	at org.apache.rocketmq.console.service.impl.TopicServiceImplTest.setUp(TopicServiceImplTest.java:57)
</error>
    <system-out><![CDATA[[2018-03-14 12:07:35.935] ERROR map file C:\Users\Administrator\rocketmq-console-test\20180314120653\commitlog\00000000000000000000 Failed. 
java.io.IOException: Map failed
	at sun.nio.ch.FileChannelImpl.map(FileChannelImpl.java:888)
	at org.apache.rocketmq.store.MappedFile.init(MappedFile.java:160)
	at org.apache.rocketmq.store.MappedFile.<init>(MappedFile.java:71)
	at org.apache.rocketmq.store.AllocateMappedFileService.mmapOperation(AllocateMappedFileService.java:182)
	at org.apache.rocketmq.store.AllocateMappedFileService.run(AllocateMappedFileService.java:143)
	at java.lang.Thread.run(Thread.java:745)
Caused by: java.lang.OutOfMemoryError: Map failed
	at sun.nio.ch.FileChannelImpl.map0(Native Method)
	at sun.nio.ch.FileChannelImpl.map(FileChannelImpl.java:885)
	... 5 common frames omitted
[2018-03-14 12:07:35.935]  WARN AllocateMappedFileService service has exception. 
java.io.IOException: Map failed
	at sun.nio.ch.FileChannelImpl.map(FileChannelImpl.java:888)
	at org.apache.rocketmq.store.MappedFile.init(MappedFile.java:160)
	at org.apache.rocketmq.store.MappedFile.<init>(MappedFile.java:71)
	at org.apache.rocketmq.store.AllocateMappedFileService.mmapOperation(AllocateMappedFileService.java:182)
	at org.apache.rocketmq.store.AllocateMappedFileService.run(AllocateMappedFileService.java:143)
	at java.lang.Thread.run(Thread.java:745)
Caused by: java.lang.OutOfMemoryError: Map failed
	at sun.nio.ch.FileChannelImpl.map0(Native Method)
	at sun.nio.ch.FileChannelImpl.map(FileChannelImpl.java:885)
	... 5 common frames omitted
[2018-03-14 12:07:36.156] ERROR map file C:\Users\Administrator\rocketmq-console-test\20180314120653\commitlog\00000000000000000000 Failed. 
java.io.IOException: Map failed
	at sun.nio.ch.FileChannelImpl.map(FileChannelImpl.java:888)
	at org.apache.rocketmq.store.MappedFile.init(MappedFile.java:160)
	at org.apache.rocketmq.store.MappedFile.<init>(MappedFile.java:71)
	at org.apache.rocketmq.store.AllocateMappedFileService.mmapOperation(AllocateMappedFileService.java:182)
	at org.apache.rocketmq.store.AllocateMappedFileService.run(AllocateMappedFileService.java:143)
	at java.lang.Thread.run(Thread.java:745)
Caused by: java.lang.OutOfMemoryError: Map failed
	at sun.nio.ch.FileChannelImpl.map0(Native Method)
	at sun.nio.ch.FileChannelImpl.map(FileChannelImpl.java:885)
	... 5 common frames omitted
[2018-03-14 12:07:36.156]  WARN AllocateMappedFileService service has exception. 
java.io.IOException: Map failed
	at sun.nio.ch.FileChannelImpl.map(FileChannelImpl.java:888)
	at org.apache.rocketmq.store.MappedFile.init(MappedFile.java:160)
	at org.apache.rocketmq.store.MappedFile.<init>(MappedFile.java:71)
	at org.apache.rocketmq.store.AllocateMappedFileService.mmapOperation(AllocateMappedFileService.java:182)
	at org.apache.rocketmq.store.AllocateMappedFileService.run(AllocateMappedFileService.java:143)
	at java.lang.Thread.run(Thread.java:745)
Caused by: java.lang.OutOfMemoryError: Map failed
	at sun.nio.ch.FileChannelImpl.map0(Native Method)
	at sun.nio.ch.FileChannelImpl.map(FileChannelImpl.java:885)
	... 5 common frames omitted
[2018-03-14 12:07:36.381] ERROR map file C:\Users\Administrator\rocketmq-console-test\20180314120653\commitlog\00000000000000000000 Failed. 
java.io.IOException: Map failed
	at sun.nio.ch.FileChannelImpl.map(FileChannelImpl.java:888)
	at org.apache.rocketmq.store.MappedFile.init(MappedFile.java:160)
	at org.apache.rocketmq.store.MappedFile.<init>(MappedFile.java:71)
	at org.apache.rocketmq.store.AllocateMappedFileService.mmapOperation(AllocateMappedFileService.java:182)
	at org.apache.rocketmq.store.AllocateMappedFileService.run(AllocateMappedFileService.java:143)
	at java.lang.Thread.run(Thread.java:745)
Caused by: java.lang.OutOfMemoryError: Map failed
	at sun.nio.ch.FileChannelImpl.map0(Native Method)
	at sun.nio.ch.FileChannelImpl.map(FileChannelImpl.java:885)
	... 5 common frames omitted
[2018-03-14 12:07:36.381]  WARN AllocateMappedFileService service has exception. 
java.io.IOException: Map failed
	at sun.nio.ch.FileChannelImpl.map(FileChannelImpl.java:888)
	at org.apache.rocketmq.store.MappedFile.init(MappedFile.java:160)
	at org.apache.rocketmq.store.MappedFile.<init>(MappedFile.java:71)
	at org.apache.rocketmq.store.AllocateMappedFileService.mmapOperation(AllocateMappedFileService.java:182)
	at org.apache.rocketmq.store.AllocateMappedFileService.run(AllocateMappedFileService.java:143)
	at java.lang.Thread.run(Thread.java:745)
Caused by: java.lang.OutOfMemoryError: Map failed
	at sun.nio.ch.FileChannelImpl.map0(Native Method)
	at sun.nio.ch.FileChannelImpl.map(FileChannelImpl.java:885)
	... 5 common frames omitted
[2018-03-14 12:07:36.600] ERROR map file C:\Users\Administrator\rocketmq-console-test\20180314120653\commitlog\00000000000000000000 Failed. 
java.io.IOException: Map failed
	at sun.nio.ch.FileChannelImpl.map(FileChannelImpl.java:888)
	at org.apache.rocketmq.store.MappedFile.init(MappedFile.java:160)
	at org.apache.rocketmq.store.MappedFile.<init>(MappedFile.java:71)
	at org.apache.rocketmq.store.AllocateMappedFileService.mmapOperation(AllocateMappedFileService.java:182)
	at org.apache.rocketmq.store.AllocateMappedFileService.run(AllocateMappedFileService.java:143)
	at java.lang.Thread.run(Thread.java:745)
Caused by: java.lang.OutOfMemoryError: Map failed
	at sun.nio.ch.FileChannelImpl.map0(Native Method)
	at sun.nio.ch.FileChannelImpl.map(FileChannelImpl.java:885)
	... 5 common frames omitted
[2018-03-14 12:07:36.600]  WARN AllocateMappedFileService service has exception. 
java.io.IOException: Map failed
	at sun.nio.ch.FileChannelImpl.map(FileChannelImpl.java:888)
	at org.apache.rocketmq.store.MappedFile.init(MappedFile.java:160)
	at org.apache.rocketmq.store.MappedFile.<init>(MappedFile.java:71)
	at org.apache.rocketmq.store.AllocateMappedFileService.mmapOperation(AllocateMappedFileService.java:182)
	at org.apache.rocketmq.store.AllocateMappedFileService.run(AllocateMappedFileService.java:143)
	at java.lang.Thread.run(Thread.java:745)
Caused by: java.lang.OutOfMemoryError: Map failed
	at sun.nio.ch.FileChannelImpl.map0(Native Method)
	at sun.nio.ch.FileChannelImpl.map(FileChannelImpl.java:885)
	... 5 common frames omitted
[2018-03-14 12:07:36.821] ERROR map file C:\Users\Administrator\rocketmq-console-test\20180314120653\commitlog\00000000000000000000 Failed. 
java.io.IOException: Map failed
	at sun.nio.ch.FileChannelImpl.map(FileChannelImpl.java:888)
	at org.apache.rocketmq.store.MappedFile.init(MappedFile.java:160)
	at org.apache.rocketmq.store.MappedFile.<init>(MappedFile.java:71)
	at org.apache.rocketmq.store.AllocateMappedFileService.mmapOperation(AllocateMappedFileService.java:182)
	at org.apache.rocketmq.store.AllocateMappedFileService.run(AllocateMappedFileService.java:143)
	at java.lang.Thread.run(Thread.java:745)
Caused by: java.lang.OutOfMemoryError: Map failed
	at sun.nio.ch.FileChannelImpl.map0(Native Method)
	at sun.nio.ch.FileChannelImpl.map(FileChannelImpl.java:885)
	... 5 common frames omitted
[2018-03-14 12:07:36.825]  WARN AllocateMappedFileService service has exception. 
java.io.IOException: Map failed
	at sun.nio.ch.FileChannelImpl.map(FileChannelImpl.java:888)
	at org.apache.rocketmq.store.MappedFile.init(MappedFile.java:160)
	at org.apache.rocketmq.store.MappedFile.<init>(MappedFile.java:71)
	at org.apache.rocketmq.store.AllocateMappedFileService.mmapOperation(AllocateMappedFileService.java:182)
	at org.apache.rocketmq.store.AllocateMappedFileService.run(AllocateMappedFileService.java:143)
	at java.lang.Thread.run(Thread.java:745)
Caused by: java.lang.OutOfMemoryError: Map failed
	at sun.nio.ch.FileChannelImpl.map0(Native Method)
	at sun.nio.ch.FileChannelImpl.map(FileChannelImpl.java:885)
	... 5 common frames omitted
[2018-03-14 12:07:37.039] ERROR map file C:\Users\Administrator\rocketmq-console-test\20180314120653\commitlog\00000000000000000000 Failed. 
java.io.IOException: Map failed
	at sun.nio.ch.FileChannelImpl.map(FileChannelImpl.java:888)
	at org.apache.rocketmq.store.MappedFile.init(MappedFile.java:160)
	at org.apache.rocketmq.store.MappedFile.<init>(MappedFile.java:71)
	at org.apache.rocketmq.store.AllocateMappedFileService.mmapOperation(AllocateMappedFileService.java:182)
	at org.apache.rocketmq.store.AllocateMappedFileService.run(AllocateMappedFileService.java:143)
	at java.lang.Thread.run(Thread.java:745)
Caused by: java.lang.OutOfMemoryError: Map failed
	at sun.nio.ch.FileChannelImpl.map0(Native Method)
	at sun.nio.ch.FileChannelImpl.map(FileChannelImpl.java:885)
	... 5 common frames omitted
[2018-03-14 12:07:37.039]  WARN AllocateMappedFileService service has exception. 
java.io.IOException: Map failed
	at sun.nio.ch.FileChannelImpl.map(FileChannelImpl.java:888)
	at org.apache.rocketmq.store.MappedFile.init(MappedFile.java:160)
	at org.apache.rocketmq.store.MappedFile.<init>(MappedFile.java:71)
	at org.apache.rocketmq.store.AllocateMappedFileService.mmapOperation(AllocateMappedFileService.java:182)
	at org.apache.rocketmq.store.AllocateMappedFileService.run(AllocateMappedFileService.java:143)
	at java.lang.Thread.run(Thread.java:745)
Caused by: java.lang.OutOfMemoryError: Map failed
	at sun.nio.ch.FileChannelImpl.map0(Native Method)
	at sun.nio.ch.FileChannelImpl.map(FileChannelImpl.java:885)
	... 5 common frames omitted
[2018-03-14 12:07:37.258] ERROR map file C:\Users\Administrator\rocketmq-console-test\20180314120653\commitlog\00000000000000000000 Failed. 
java.io.IOException: Map failed
	at sun.nio.ch.FileChannelImpl.map(FileChannelImpl.java:888)
	at org.apache.rocketmq.store.MappedFile.init(MappedFile.java:160)
	at org.apache.rocketmq.store.MappedFile.<init>(MappedFile.java:71)
	at org.apache.rocketmq.store.AllocateMappedFileService.mmapOperation(AllocateMappedFileService.java:182)
	at org.apache.rocketmq.store.AllocateMappedFileService.run(AllocateMappedFileService.java:143)
	at java.lang.Thread.run(Thread.java:745)
Caused by: java.lang.OutOfMemoryError: Map failed
	at sun.nio.ch.FileChannelImpl.map0(Native Method)
	at sun.nio.ch.FileChannelImpl.map(FileChannelImpl.java:885)
	... 5 common frames omitted
[2018-03-14 12:07:37.258]  WARN AllocateMappedFileService service has exception. 
java.io.IOException: Map failed
	at sun.nio.ch.FileChannelImpl.map(FileChannelImpl.java:888)
	at org.apache.rocketmq.store.MappedFile.init(MappedFile.java:160)
	at org.apache.rocketmq.store.MappedFile.<init>(MappedFile.java:71)
	at org.apache.rocketmq.store.AllocateMappedFileService.mmapOperation(AllocateMappedFileService.java:182)
	at org.apache.rocketmq.store.AllocateMappedFileService.run(AllocateMappedFileService.java:143)
	at java.lang.Thread.run(Thread.java:745)
Caused by: java.lang.OutOfMemoryError: Map failed
	at sun.nio.ch.FileChannelImpl.map0(Native Method)
	at sun.nio.ch.FileChannelImpl.map(FileChannelImpl.java:885)
	... 5 common frames omitted
[2018-03-14 12:07:37.481] ERROR map file C:\Users\Administrator\rocketmq-console-test\20180314120653\commitlog\00000000000000000000 Failed. 
java.io.IOException: Map failed
	at sun.nio.ch.FileChannelImpl.map(FileChannelImpl.java:888)
	at org.apache.rocketmq.store.MappedFile.init(MappedFile.java:160)
	at org.apache.rocketmq.store.MappedFile.<init>(MappedFile.java:71)
	at org.apache.rocketmq.store.AllocateMappedFileService.mmapOperation(AllocateMappedFileService.java:182)
	at org.apache.rocketmq.store.AllocateMappedFileService.run(AllocateMappedFileService.java:143)
	at java.lang.Thread.run(Thread.java:745)
Caused by: java.lang.OutOfMemoryError: Map failed
	at sun.nio.ch.FileChannelImpl.map0(Native Method)
	at sun.nio.ch.FileChannelImpl.map(FileChannelImpl.java:885)
	... 5 common frames omitted
[2018-03-14 12:07:37.481]  WARN AllocateMappedFileService service has exception. 
java.io.IOException: Map failed
	at sun.nio.ch.FileChannelImpl.map(FileChannelImpl.java:888)
	at org.apache.rocketmq.store.MappedFile.init(MappedFile.java:160)
	at org.apache.rocketmq.store.MappedFile.<init>(MappedFile.java:71)
	at org.apache.rocketmq.store.AllocateMappedFileService.mmapOperation(AllocateMappedFileService.java:182)
	at org.apache.rocketmq.store.AllocateMappedFileService.run(AllocateMappedFileService.java:143)
	at java.lang.Thread.run(Thread.java:745)
Caused by: java.lang.OutOfMemoryError: Map failed
	at sun.nio.ch.FileChannelImpl.map0(Native Method)
	at sun.nio.ch.FileChannelImpl.map(FileChannelImpl.java:885)
	... 5 common frames omitted
[2018-03-14 12:07:37.705] ERROR map file C:\Users\Administrator\rocketmq-console-test\20180314120653\commitlog\00000000000000000000 Failed. 
java.io.IOException: Map failed
	at sun.nio.ch.FileChannelImpl.map(FileChannelImpl.java:888)
	at org.apache.rocketmq.store.MappedFile.init(MappedFile.java:160)
	at org.apache.rocketmq.store.MappedFile.<init>(MappedFile.java:71)
	at org.apache.rocketmq.store.AllocateMappedFileService.mmapOperation(AllocateMappedFileService.java:182)
	at org.apache.rocketmq.store.AllocateMappedFileService.run(AllocateMappedFileService.java:143)
	at java.lang.Thread.run(Thread.java:745)
Caused by: java.lang.OutOfMemoryError: Map failed
	at sun.nio.ch.FileChannelImpl.map0(Native Method)
	at sun.nio.ch.FileChannelImpl.map(FileChannelImpl.java:885)
	... 5 common frames omitted
[2018-03-14 12:07:37.705]  WARN AllocateMappedFileService service has exception. 
java.io.IOException: Map failed
	at sun.nio.ch.FileChannelImpl.map(FileChannelImpl.java:888)
	at org.apache.rocketmq.store.MappedFile.init(MappedFile.java:160)
	at org.apache.rocketmq.store.MappedFile.<init>(MappedFile.java:71)
	at org.apache.rocketmq.store.AllocateMappedFileService.mmapOperation(AllocateMappedFileService.java:182)
	at org.apache.rocketmq.store.AllocateMappedFileService.run(AllocateMappedFileService.java:143)
	at java.lang.Thread.run(Thread.java:745)
Caused by: java.lang.OutOfMemoryError: Map failed
	at sun.nio.ch.FileChannelImpl.map0(Native Method)
	at sun.nio.ch.FileChannelImpl.map(FileChannelImpl.java:885)
	... 5 common frames omitted
[2018-03-14 12:07:37.930] ERROR map file C:\Users\Administrator\rocketmq-console-test\20180314120653\commitlog\00000000000000000000 Failed. 
java.io.IOException: Map failed
	at sun.nio.ch.FileChannelImpl.map(FileChannelImpl.java:888)
	at org.apache.rocketmq.store.MappedFile.init(MappedFile.java:160)
	at org.apache.rocketmq.store.MappedFile.<init>(MappedFile.java:71)
	at org.apache.rocketmq.store.AllocateMappedFileService.mmapOperation(AllocateMappedFileService.java:182)
	at org.apache.rocketmq.store.AllocateMappedFileService.run(AllocateMappedFileService.java:143)
	at java.lang.Thread.run(Thread.java:745)
Caused by: java.lang.OutOfMemoryError: Map failed
	at sun.nio.ch.FileChannelImpl.map0(Native Method)
	at sun.nio.ch.FileChannelImpl.map(FileChannelImpl.java:885)
	... 5 common frames omitted
[2018-03-14 12:07:37.930]  WARN AllocateMappedFileService service has exception. 
java.io.IOException: Map failed
	at sun.nio.ch.FileChannelImpl.map(FileChannelImpl.java:888)
	at org.apache.rocketmq.store.MappedFile.init(MappedFile.java:160)
	at org.apache.rocketmq.store.MappedFile.<init>(MappedFile.java:71)
	at org.apache.rocketmq.store.AllocateMappedFileService.mmapOperation(AllocateMappedFileService.java:182)
	at org.apache.rocketmq.store.AllocateMappedFileService.run(AllocateMappedFileService.java:143)
	at java.lang.Thread.run(Thread.java:745)
Caused by: java.lang.OutOfMemoryError: Map failed
	at sun.nio.ch.FileChannelImpl.map0(Native Method)
	at sun.nio.ch.FileChannelImpl.map(FileChannelImpl.java:885)
	... 5 common frames omitted
[2018-03-14 12:07:38.155] ERROR map file C:\Users\Administrator\rocketmq-console-test\20180314120653\commitlog\00000000000000000000 Failed. 
java.io.IOException: Map failed
	at sun.nio.ch.FileChannelImpl.map(FileChannelImpl.java:888)
	at org.apache.rocketmq.store.MappedFile.init(MappedFile.java:160)
	at org.apache.rocketmq.store.MappedFile.<init>(MappedFile.java:71)
	at org.apache.rocketmq.store.AllocateMappedFileService.mmapOperation(AllocateMappedFileService.java:182)
	at org.apache.rocketmq.store.AllocateMappedFileService.run(AllocateMappedFileService.java:143)
	at java.lang.Thread.run(Thread.java:745)
Caused by: java.lang.OutOfMemoryError: Map failed
	at sun.nio.ch.FileChannelImpl.map0(Native Method)
	at sun.nio.ch.FileChannelImpl.map(FileChannelImpl.java:885)
	... 5 common frames omitted
[2018-03-14 12:07:38.155]  WARN AllocateMappedFileService service has exception. 
java.io.IOException: Map failed
	at sun.nio.ch.FileChannelImpl.map(FileChannelImpl.java:888)
	at org.apache.rocketmq.store.MappedFile.init(MappedFile.java:160)
	at org.apache.rocketmq.store.MappedFile.<init>(MappedFile.java:71)
	at org.apache.rocketmq.store.AllocateMappedFileService.mmapOperation(AllocateMappedFileService.java:182)
	at org.apache.rocketmq.store.AllocateMappedFileService.run(AllocateMappedFileService.java:143)
	at java.lang.Thread.run(Thread.java:745)
Caused by: java.lang.OutOfMemoryError: Map failed
	at sun.nio.ch.FileChannelImpl.map0(Native Method)
	at sun.nio.ch.FileChannelImpl.map(FileChannelImpl.java:885)
	... 5 common frames omitted
[2018-03-14 12:07:38.376] ERROR map file C:\Users\Administrator\rocketmq-console-test\20180314120653\commitlog\00000000000000000000 Failed. 
java.io.IOException: Map failed
	at sun.nio.ch.FileChannelImpl.map(FileChannelImpl.java:888)
	at org.apache.rocketmq.store.MappedFile.init(MappedFile.java:160)
	at org.apache.rocketmq.store.MappedFile.<init>(MappedFile.java:71)
	at org.apache.rocketmq.store.AllocateMappedFileService.mmapOperation(AllocateMappedFileService.java:182)
	at org.apache.rocketmq.store.AllocateMappedFileService.run(AllocateMappedFileService.java:143)
	at java.lang.Thread.run(Thread.java:745)
Caused by: java.lang.OutOfMemoryError: Map failed
	at sun.nio.ch.FileChannelImpl.map0(Native Method)
	at sun.nio.ch.FileChannelImpl.map(FileChannelImpl.java:885)
	... 5 common frames omitted
[2018-03-14 12:07:38.376]  WARN AllocateMappedFileService service has exception. 
java.io.IOException: Map failed
	at sun.nio.ch.FileChannelImpl.map(FileChannelImpl.java:888)
	at org.apache.rocketmq.store.MappedFile.init(MappedFile.java:160)
	at org.apache.rocketmq.store.MappedFile.<init>(MappedFile.java:71)
	at org.apache.rocketmq.store.AllocateMappedFileService.mmapOperation(AllocateMappedFileService.java:182)
	at org.apache.rocketmq.store.AllocateMappedFileService.run(AllocateMappedFileService.java:143)
	at java.lang.Thread.run(Thread.java:745)
Caused by: java.lang.OutOfMemoryError: Map failed
	at sun.nio.ch.FileChannelImpl.map0(Native Method)
	at sun.nio.ch.FileChannelImpl.map(FileChannelImpl.java:885)
	... 5 common frames omitted
[2018-03-14 12:07:38.596] ERROR map file C:\Users\Administrator\rocketmq-console-test\20180314120653\commitlog\00000000000000000000 Failed. 
java.io.IOException: Map failed
	at sun.nio.ch.FileChannelImpl.map(FileChannelImpl.java:888)
	at org.apache.rocketmq.store.MappedFile.init(MappedFile.java:160)
	at org.apache.rocketmq.store.MappedFile.<init>(MappedFile.java:71)
	at org.apache.rocketmq.store.AllocateMappedFileService.mmapOperation(AllocateMappedFileService.java:182)
	at org.apache.rocketmq.store.AllocateMappedFileService.run(AllocateMappedFileService.java:143)
	at java.lang.Thread.run(Thread.java:745)
Caused by: java.lang.OutOfMemoryError: Map failed
	at sun.nio.ch.FileChannelImpl.map0(Native Method)
	at sun.nio.ch.FileChannelImpl.map(FileChannelImpl.java:885)
	... 5 common frames omitted
[2018-03-14 12:07:38.596]  WARN AllocateMappedFileService service has exception. 
java.io.IOException: Map failed
	at sun.nio.ch.FileChannelImpl.map(FileChannelImpl.java:888)
	at org.apache.rocketmq.store.MappedFile.init(MappedFile.java:160)
	at org.apache.rocketmq.store.MappedFile.<init>(MappedFile.java:71)
	at org.apache.rocketmq.store.AllocateMappedFileService.mmapOperation(AllocateMappedFileService.java:182)
	at org.apache.rocketmq.store.AllocateMappedFileService.run(AllocateMappedFileService.java:143)
	at java.lang.Thread.run(Thread.java:745)
Caused by: java.lang.OutOfMemoryError: Map failed
	at sun.nio.ch.FileChannelImpl.map0(Native Method)
	at sun.nio.ch.FileChannelImpl.map(FileChannelImpl.java:885)
	... 5 common frames omitted
[2018-03-14 12:07:38.823] ERROR map file C:\Users\Administrator\rocketmq-console-test\20180314120653\commitlog\00000000000000000000 Failed. 
java.io.IOException: Map failed
	at sun.nio.ch.FileChannelImpl.map(FileChannelImpl.java:888)
	at org.apache.rocketmq.store.MappedFile.init(MappedFile.java:160)
	at org.apache.rocketmq.store.MappedFile.<init>(MappedFile.java:71)
	at org.apache.rocketmq.store.AllocateMappedFileService.mmapOperation(AllocateMappedFileService.java:182)
	at org.apache.rocketmq.store.AllocateMappedFileService.run(AllocateMappedFileService.java:143)
	at java.lang.Thread.run(Thread.java:745)
Caused by: java.lang.OutOfMemoryError: Map failed
	at sun.nio.ch.FileChannelImpl.map0(Native Method)
	at sun.nio.ch.FileChannelImpl.map(FileChannelImpl.java:885)
	... 5 common frames omitted
[2018-03-14 12:07:38.823]  WARN AllocateMappedFileService service has exception. 
java.io.IOException: Map failed
	at sun.nio.ch.FileChannelImpl.map(FileChannelImpl.java:888)
	at org.apache.rocketmq.store.MappedFile.init(MappedFile.java:160)
	at org.apache.rocketmq.store.MappedFile.<init>(MappedFile.java:71)
	at org.apache.rocketmq.store.AllocateMappedFileService.mmapOperation(AllocateMappedFileService.java:182)
	at org.apache.rocketmq.store.AllocateMappedFileService.run(AllocateMappedFileService.java:143)
	at java.lang.Thread.run(Thread.java:745)
Caused by: java.lang.OutOfMemoryError: Map failed
	at sun.nio.ch.FileChannelImpl.map0(Native Method)
	at sun.nio.ch.FileChannelImpl.map(FileChannelImpl.java:885)
	... 5 common frames omitted
[2018-03-14 12:07:38.937] ERROR ProcessRequestWrapper response to /127.0.0.1:56376 failed
java.nio.channels.ClosedChannelException: null
[2018-03-14 12:07:38.937] ERROR RemotingCommand [code=11, language=JAVA, version=212, opaque=6093, flag(B)=0, remark=null, extFields={topic=TEST_CONSOLE_TOPIC, suspendTimeoutMillis=15000, queueId=15, subVersion=1521000441467, consumerGroup=CONSOLE_TEST_CONSUMER_GROUP, maxMsgNums=32, sysFlag=2, commitOffset=0, queueOffset=0}, serializeTypeCurrentRPC=JSON]
[2018-03-14 12:07:38.937] ERROR RemotingCommand [code=19, language=JAVA, version=212, opaque=6093, flag(B)=1, remark=NO_MESSAGE_IN_QUEUE, extFields=null, serializeTypeCurrentRPC=JSON]
[2018-03-14 12:07:38.937] ERROR ProcessRequestWrapper response to /127.0.0.1:56376 failed
java.nio.channels.ClosedChannelException: null
[2018-03-14 12:07:38.937] ERROR RemotingCommand [code=11, language=JAVA, version=212, opaque=6084, flag(B)=0, remark=null, extFields={topic=TEST_CONSOLE_TOPIC, suspendTimeoutMillis=15000, queueId=2, subVersion=1521000441467, consumerGroup=CONSOLE_TEST_CONSUMER_GROUP, maxMsgNums=32, sysFlag=2, commitOffset=0, queueOffset=0}, serializeTypeCurrentRPC=JSON]
[2018-03-14 12:07:38.937] ERROR RemotingCommand [code=19, language=JAVA, version=212, opaque=6084, flag(B)=1, remark=NO_MESSAGE_IN_QUEUE, extFields=null, serializeTypeCurrentRPC=JSON]
[2018-03-14 12:07:38.937] ERROR ProcessRequestWrapper response to /127.0.0.1:56376 failed
java.nio.channels.ClosedChannelException: null
[2018-03-14 12:07:38.937] ERROR RemotingCommand [code=11, language=JAVA, version=212, opaque=6090, flag(B)=0, remark=null, extFields={topic=TEST_CONSOLE_TOPIC, suspendTimeoutMillis=15000, queueId=14, subVersion=1521000441467, consumerGroup=CONSOLE_TEST_CONSUMER_GROUP, maxMsgNums=32, sysFlag=2, commitOffset=0, queueOffset=0}, serializeTypeCurrentRPC=JSON]
[2018-03-14 12:07:38.938] ERROR RemotingCommand [code=19, language=JAVA, version=212, opaque=6090, flag(B)=1, remark=NO_MESSAGE_IN_QUEUE, extFields=null, serializeTypeCurrentRPC=JSON]
[2018-03-14 12:07:38.938] ERROR ProcessRequestWrapper response to /127.0.0.1:56376 failed
java.nio.channels.ClosedChannelException: null
[2018-03-14 12:07:38.938] ERROR RemotingCommand [code=11, language=JAVA, version=212, opaque=6088, flag(B)=0, remark=null, extFields={topic=TEST_CONSOLE_TOPIC, suspendTimeoutMillis=15000, queueId=12, subVersion=1521000441467, consumerGroup=CONSOLE_TEST_CONSUMER_GROUP, maxMsgNums=32, sysFlag=2, commitOffset=0, queueOffset=0}, serializeTypeCurrentRPC=JSON]
[2018-03-14 12:07:38.938] ERROR RemotingCommand [code=19, language=JAVA, version=212, opaque=6088, flag(B)=1, remark=NO_MESSAGE_IN_QUEUE, extFields=null, serializeTypeCurrentRPC=JSON]
[2018-03-14 12:07:38.938] ERROR ProcessRequestWrapper response to /127.0.0.1:56376 failed
java.nio.channels.ClosedChannelException: null
[2018-03-14 12:07:38.938] ERROR RemotingCommand [code=11, language=JAVA, version=212, opaque=6092, flag(B)=0, remark=null, extFields={topic=TEST_CONSOLE_TOPIC, suspendTimeoutMillis=15000, queueId=5, subVersion=1521000441467, consumerGroup=CONSOLE_TEST_CONSUMER_GROUP, maxMsgNums=32, sysFlag=2, commitOffset=0, queueOffset=0}, serializeTypeCurrentRPC=JSON]
[2018-03-14 12:07:38.938] ERROR RemotingCommand [code=19, language=JAVA, version=212, opaque=6092, flag(B)=1, remark=NO_MESSAGE_IN_QUEUE, extFields=null, serializeTypeCurrentRPC=JSON]
[2018-03-14 12:07:38.938] ERROR ProcessRequestWrapper response to /127.0.0.1:56376 failed
java.nio.channels.ClosedChannelException: null
[2018-03-14 12:07:38.938] ERROR RemotingCommand [code=11, language=JAVA, version=212, opaque=6096, flag(B)=0, remark=null, extFields={topic=TEST_CONSOLE_TOPIC, suspendTimeoutMillis=15000, queueId=11, subVersion=1521000441467, consumerGroup=CONSOLE_TEST_CONSUMER_GROUP, maxMsgNums=32, sysFlag=2, commitOffset=0, queueOffset=0}, serializeTypeCurrentRPC=JSON]
[2018-03-14 12:07:38.938] ERROR RemotingCommand [code=19, language=JAVA, version=212, opaque=6096, flag(B)=1, remark=NO_MESSAGE_IN_QUEUE, extFields=null, serializeTypeCurrentRPC=JSON]
[2018-03-14 12:07:38.938] ERROR ProcessRequestWrapper response to /127.0.0.1:56376 failed
java.nio.channels.ClosedChannelException: null
[2018-03-14 12:07:38.938] ERROR RemotingCommand [code=11, language=JAVA, version=212, opaque=6097, flag(B)=0, remark=null, extFields={topic=TEST_CONSOLE_TOPIC, suspendTimeoutMillis=15000, queueId=10, subVersion=1521000441467, consumerGroup=CONSOLE_TEST_CONSUMER_GROUP, maxMsgNums=32, sysFlag=2, commitOffset=0, queueOffset=0}, serializeTypeCurrentRPC=JSON]
[2018-03-14 12:07:38.938] ERROR RemotingCommand [code=19, language=JAVA, version=212, opaque=6097, flag(B)=1, remark=NO_MESSAGE_IN_QUEUE, extFields=null, serializeTypeCurrentRPC=JSON]
[2018-03-14 12:07:38.938] ERROR ProcessRequestWrapper response to /127.0.0.1:56376 failed
java.nio.channels.ClosedChannelException: null
[2018-03-14 12:07:38.938] ERROR RemotingCommand [code=11, language=JAVA, version=212, opaque=6141, flag(B)=0, remark=null, extFields={topic=%RETRY%CONSOLE_TEST_CONSUMER_GROUP, suspendTimeoutMillis=15000, queueId=1, subVersion=1521000441467, consumerGroup=CONSOLE_TEST_CONSUMER_GROUP, maxMsgNums=32, sysFlag=2, commitOffset=0, queueOffset=0}, serializeTypeCurrentRPC=JSON]
[2018-03-14 12:07:38.938] ERROR RemotingCommand [code=19, language=JAVA, version=212, opaque=6141, flag(B)=1, remark=NO_MESSAGE_IN_QUEUE, extFields=null, serializeTypeCurrentRPC=JSON]
[2018-03-14 12:07:38.938] ERROR ProcessRequestWrapper response to /127.0.0.1:56376 failed
java.nio.channels.ClosedChannelException: null
[2018-03-14 12:07:38.938] ERROR RemotingCommand [code=11, language=JAVA, version=212, opaque=6091, flag(B)=0, remark=null, extFields={topic=TEST_CONSOLE_TOPIC, suspendTimeoutMillis=15000, queueId=4, subVersion=1521000441467, consumerGroup=CONSOLE_TEST_CONSUMER_GROUP, maxMsgNums=32, sysFlag=2, commitOffset=0, queueOffset=0}, serializeTypeCurrentRPC=JSON]
[2018-03-14 12:07:38.938] ERROR RemotingCommand [code=19, language=JAVA, version=212, opaque=6091, flag(B)=1, remark=NO_MESSAGE_IN_QUEUE, extFields=null, serializeTypeCurrentRPC=JSON]
[2018-03-14 12:07:38.938] ERROR ProcessRequestWrapper response to /127.0.0.1:56376 failed
java.nio.channels.ClosedChannelException: null
[2018-03-14 12:07:38.938] ERROR RemotingCommand [code=11, language=JAVA, version=212, opaque=6086, flag(B)=0, remark=null, extFields={topic=TEST_CONSOLE_TOPIC, suspendTimeoutMillis=15000, queueId=7, subVersion=1521000441467, consumerGroup=CONSOLE_TEST_CONSUMER_GROUP, maxMsgNums=32, sysFlag=2, commitOffset=0, queueOffset=0}, serializeTypeCurrentRPC=JSON]
[2018-03-14 12:07:38.938] ERROR RemotingCommand [code=19, language=JAVA, version=212, opaque=6086, flag(B)=1, remark=NO_MESSAGE_IN_QUEUE, extFields=null, serializeTypeCurrentRPC=JSON]
[2018-03-14 12:07:38.938] ERROR ProcessRequestWrapper response to /127.0.0.1:56376 failed
java.nio.channels.ClosedChannelException: null
[2018-03-14 12:07:38.939] ERROR RemotingCommand [code=11, language=JAVA, version=212, opaque=6089, flag(B)=0, remark=null, extFields={topic=TEST_CONSOLE_TOPIC, suspendTimeoutMillis=15000, queueId=6, subVersion=1521000441467, consumerGroup=CONSOLE_TEST_CONSUMER_GROUP, maxMsgNums=32, sysFlag=2, commitOffset=0, queueOffset=0}, serializeTypeCurrentRPC=JSON]
[2018-03-14 12:07:38.939] ERROR RemotingCommand [code=19, language=JAVA, version=212, opaque=6089, flag(B)=1, remark=NO_MESSAGE_IN_QUEUE, extFields=null, serializeTypeCurrentRPC=JSON]
[2018-03-14 12:07:38.939] ERROR ProcessRequestWrapper response to /127.0.0.1:56376 failed
java.nio.channels.ClosedChannelException: null
[2018-03-14 12:07:38.939] ERROR RemotingCommand [code=11, language=JAVA, version=212, opaque=6142, flag(B)=0, remark=null, extFields={topic=%RETRY%CONSOLE_TEST_CONSUMER_GROUP, suspendTimeoutMillis=15000, queueId=0, subVersion=1521000441467, consumerGroup=CONSOLE_TEST_CONSUMER_GROUP, maxMsgNums=32, sysFlag=2, commitOffset=0, queueOffset=0}, serializeTypeCurrentRPC=JSON]
[2018-03-14 12:07:38.939] ERROR RemotingCommand [code=19, language=JAVA, version=212, opaque=6142, flag(B)=1, remark=NO_MESSAGE_IN_QUEUE, extFields=null, serializeTypeCurrentRPC=JSON]
[2018-03-14 12:07:38.939] ERROR ProcessRequestWrapper response to /127.0.0.1:56376 failed
java.nio.channels.ClosedChannelException: null
[2018-03-14 12:07:38.939] ERROR RemotingCommand [code=11, language=JAVA, version=212, opaque=6094, flag(B)=0, remark=null, extFields={topic=TEST_CONSOLE_TOPIC, suspendTimeoutMillis=15000, queueId=8, subVersion=1521000441467, consumerGroup=CONSOLE_TEST_CONSUMER_GROUP, maxMsgNums=32, sysFlag=2, commitOffset=0, queueOffset=0}, serializeTypeCurrentRPC=JSON]
[2018-03-14 12:07:38.939] ERROR RemotingCommand [code=19, language=JAVA, version=212, opaque=6094, flag(B)=1, remark=NO_MESSAGE_IN_QUEUE, extFields=null, serializeTypeCurrentRPC=JSON]
[2018-03-14 12:07:38.939] ERROR ProcessRequestWrapper response to /127.0.0.1:56376 failed
java.nio.channels.ClosedChannelException: null
[2018-03-14 12:07:38.939] ERROR RemotingCommand [code=11, language=JAVA, version=212, opaque=6095, flag(B)=0, remark=null, extFields={topic=TEST_CONSOLE_TOPIC, suspendTimeoutMillis=15000, queueId=9, subVersion=1521000441467, consumerGroup=CONSOLE_TEST_CONSUMER_GROUP, maxMsgNums=32, sysFlag=2, commitOffset=0, queueOffset=0}, serializeTypeCurrentRPC=JSON]
[2018-03-14 12:07:38.939] ERROR RemotingCommand [code=19, language=JAVA, version=212, opaque=6095, flag(B)=1, remark=NO_MESSAGE_IN_QUEUE, extFields=null, serializeTypeCurrentRPC=JSON]
[2018-03-14 12:07:38.939] ERROR ProcessRequestWrapper response to /127.0.0.1:56376 failed
java.nio.channels.ClosedChannelException: null
[2018-03-14 12:07:38.939] ERROR RemotingCommand [code=11, language=JAVA, version=212, opaque=6082, flag(B)=0, remark=null, extFields={topic=TEST_CONSOLE_TOPIC, suspendTimeoutMillis=15000, queueId=1, subVersion=1521000441467, consumerGroup=CONSOLE_TEST_CONSUMER_GROUP, maxMsgNums=32, sysFlag=2, commitOffset=0, queueOffset=0}, serializeTypeCurrentRPC=JSON]
[2018-03-14 12:07:38.939] ERROR RemotingCommand [code=19, language=JAVA, version=212, opaque=6082, flag(B)=1, remark=NO_MESSAGE_IN_QUEUE, extFields=null, serializeTypeCurrentRPC=JSON]
[2018-03-14 12:07:38.939] ERROR ProcessRequestWrapper response to /127.0.0.1:56376 failed
java.nio.channels.ClosedChannelException: null
[2018-03-14 12:07:38.939] ERROR RemotingCommand [code=11, language=JAVA, version=212, opaque=6087, flag(B)=0, remark=null, extFields={topic=TEST_CONSOLE_TOPIC, suspendTimeoutMillis=15000, queueId=13, subVersion=1521000441467, consumerGroup=CONSOLE_TEST_CONSUMER_GROUP, maxMsgNums=32, sysFlag=2, commitOffset=0, queueOffset=0}, serializeTypeCurrentRPC=JSON]
[2018-03-14 12:07:38.939] ERROR RemotingCommand [code=19, language=JAVA, version=212, opaque=6087, flag(B)=1, remark=NO_MESSAGE_IN_QUEUE, extFields=null, serializeTypeCurrentRPC=JSON]
[2018-03-14 12:07:38.939] ERROR ProcessRequestWrapper response to /127.0.0.1:56376 failed
java.nio.channels.ClosedChannelException: null
[2018-03-14 12:07:38.939] ERROR RemotingCommand [code=11, language=JAVA, version=212, opaque=6085, flag(B)=0, remark=null, extFields={topic=TEST_CONSOLE_TOPIC, suspendTimeoutMillis=15000, queueId=3, subVersion=1521000441467, consumerGroup=CONSOLE_TEST_CONSUMER_GROUP, maxMsgNums=32, sysFlag=2, commitOffset=0, queueOffset=0}, serializeTypeCurrentRPC=JSON]
[2018-03-14 12:07:38.939] ERROR RemotingCommand [code=19, language=JAVA, version=212, opaque=6085, flag(B)=1, remark=NO_MESSAGE_IN_QUEUE, extFields=null, serializeTypeCurrentRPC=JSON]
[2018-03-14 12:07:38.939] ERROR ProcessRequestWrapper response to /127.0.0.1:56376 failed
java.nio.channels.ClosedChannelException: null
[2018-03-14 12:07:38.939] ERROR RemotingCommand [code=11, language=JAVA, version=212, opaque=6083, flag(B)=0, remark=null, extFields={topic=TEST_CONSOLE_TOPIC, suspendTimeoutMillis=15000, queueId=0, subVersion=1521000441467, consumerGroup=CONSOLE_TEST_CONSUMER_GROUP, maxMsgNums=32, sysFlag=2, commitOffset=0, queueOffset=0}, serializeTypeCurrentRPC=JSON]
[2018-03-14 12:07:38.939] ERROR RemotingCommand [code=19, language=JAVA, version=212, opaque=6083, flag(B)=1, remark=NO_MESSAGE_IN_QUEUE, extFields=null, serializeTypeCurrentRPC=JSON]
[2018-03-14 12:07:39.040] ERROR map file C:\Users\Administrator\rocketmq-console-test\20180314120653\commitlog\00000000000000000000 Failed. 
java.io.IOException: Map failed
	at sun.nio.ch.FileChannelImpl.map(FileChannelImpl.java:888)
	at org.apache.rocketmq.store.MappedFile.init(MappedFile.java:160)
	at org.apache.rocketmq.store.MappedFile.<init>(MappedFile.java:71)
	at org.apache.rocketmq.store.AllocateMappedFileService.mmapOperation(AllocateMappedFileService.java:182)
	at org.apache.rocketmq.store.AllocateMappedFileService.run(AllocateMappedFileService.java:143)
	at java.lang.Thread.run(Thread.java:745)
Caused by: java.lang.OutOfMemoryError: Map failed
	at sun.nio.ch.FileChannelImpl.map0(Native Method)
	at sun.nio.ch.FileChannelImpl.map(FileChannelImpl.java:885)
	... 5 common frames omitted
[2018-03-14 12:07:39.040]  WARN AllocateMappedFileService service has exception. 
java.io.IOException: Map failed
	at sun.nio.ch.FileChannelImpl.map(FileChannelImpl.java:888)
	at org.apache.rocketmq.store.MappedFile.init(MappedFile.java:160)
	at org.apache.rocketmq.store.MappedFile.<init>(MappedFile.java:71)
	at org.apache.rocketmq.store.AllocateMappedFileService.mmapOperation(AllocateMappedFileService.java:182)
	at org.apache.rocketmq.store.AllocateMappedFileService.run(AllocateMappedFileService.java:143)
	at java.lang.Thread.run(Thread.java:745)
Caused by: java.lang.OutOfMemoryError: Map failed
	at sun.nio.ch.FileChannelImpl.map0(Native Method)
	at sun.nio.ch.FileChannelImpl.map(FileChannelImpl.java:885)
	... 5 common frames omitted
[2018-03-14 12:07:39.258] ERROR map file C:\Users\Administrator\rocketmq-console-test\20180314120653\commitlog\00000000000000000000 Failed. 
java.io.IOException: Map failed
	at sun.nio.ch.FileChannelImpl.map(FileChannelImpl.java:888)
	at org.apache.rocketmq.store.MappedFile.init(MappedFile.java:160)
	at org.apache.rocketmq.store.MappedFile.<init>(MappedFile.java:71)
	at org.apache.rocketmq.store.AllocateMappedFileService.mmapOperation(AllocateMappedFileService.java:182)
	at org.apache.rocketmq.store.AllocateMappedFileService.run(AllocateMappedFileService.java:143)
	at java.lang.Thread.run(Thread.java:745)
Caused by: java.lang.OutOfMemoryError: Map failed
	at sun.nio.ch.FileChannelImpl.map0(Native Method)
	at sun.nio.ch.FileChannelImpl.map(FileChannelImpl.java:885)
	... 5 common frames omitted
[2018-03-14 12:07:39.258]  WARN AllocateMappedFileService service has exception. 
java.io.IOException: Map failed
	at sun.nio.ch.FileChannelImpl.map(FileChannelImpl.java:888)
	at org.apache.rocketmq.store.MappedFile.init(MappedFile.java:160)
	at org.apache.rocketmq.store.MappedFile.<init>(MappedFile.java:71)
	at org.apache.rocketmq.store.AllocateMappedFileService.mmapOperation(AllocateMappedFileService.java:182)
	at org.apache.rocketmq.store.AllocateMappedFileService.run(AllocateMappedFileService.java:143)
	at java.lang.Thread.run(Thread.java:745)
Caused by: java.lang.OutOfMemoryError: Map failed
	at sun.nio.ch.FileChannelImpl.map0(Native Method)
	at sun.nio.ch.FileChannelImpl.map(FileChannelImpl.java:885)
	... 5 common frames omitted
[2018-03-14 12:07:39.483] ERROR map file C:\Users\Administrator\rocketmq-console-test\20180314120653\commitlog\00000000000000000000 Failed. 
java.io.IOException: Map failed
	at sun.nio.ch.FileChannelImpl.map(FileChannelImpl.java:888)
	at org.apache.rocketmq.store.MappedFile.init(MappedFile.java:160)
	at org.apache.rocketmq.store.MappedFile.<init>(MappedFile.java:71)
	at org.apache.rocketmq.store.AllocateMappedFileService.mmapOperation(AllocateMappedFileService.java:182)
	at org.apache.rocketmq.store.AllocateMappedFileService.run(AllocateMappedFileService.java:143)
	at java.lang.Thread.run(Thread.java:745)
Caused by: java.lang.OutOfMemoryError: Map failed
	at sun.nio.ch.FileChannelImpl.map0(Native Method)
	at sun.nio.ch.FileChannelImpl.map(FileChannelImpl.java:885)
	... 5 common frames omitted
[2018-03-14 12:07:39.483]  WARN AllocateMappedFileService service has exception. 
java.io.IOException: Map failed
	at sun.nio.ch.FileChannelImpl.map(FileChannelImpl.java:888)
	at org.apache.rocketmq.store.MappedFile.init(MappedFile.java:160)
	at org.apache.rocketmq.store.MappedFile.<init>(MappedFile.java:71)
	at org.apache.rocketmq.store.AllocateMappedFileService.mmapOperation(AllocateMappedFileService.java:182)
	at org.apache.rocketmq.store.AllocateMappedFileService.run(AllocateMappedFileService.java:143)
	at java.lang.Thread.run(Thread.java:745)
Caused by: java.lang.OutOfMemoryError: Map failed
	at sun.nio.ch.FileChannelImpl.map0(Native Method)
	at sun.nio.ch.FileChannelImpl.map(FileChannelImpl.java:885)
	... 5 common frames omitted
[2018-03-14 12:07:39.695] ERROR map file C:\Users\Administrator\rocketmq-console-test\20180314120653\commitlog\00000000000000000000 Failed. 
java.io.IOException: Map failed
	at sun.nio.ch.FileChannelImpl.map(FileChannelImpl.java:888)
	at org.apache.rocketmq.store.MappedFile.init(MappedFile.java:160)
	at org.apache.rocketmq.store.MappedFile.<init>(MappedFile.java:71)
	at org.apache.rocketmq.store.AllocateMappedFileService.mmapOperation(AllocateMappedFileService.java:182)
	at org.apache.rocketmq.store.AllocateMappedFileService.run(AllocateMappedFileService.java:143)
	at java.lang.Thread.run(Thread.java:745)
Caused by: java.lang.OutOfMemoryError: Map failed
	at sun.nio.ch.FileChannelImpl.map0(Native Method)
	at sun.nio.ch.FileChannelImpl.map(FileChannelImpl.java:885)
	... 5 common frames omitted
[2018-03-14 12:07:39.696]  WARN AllocateMappedFileService service has exception. 
java.io.IOException: Map failed
	at sun.nio.ch.FileChannelImpl.map(FileChannelImpl.java:888)
	at org.apache.rocketmq.store.MappedFile.init(MappedFile.java:160)
	at org.apache.rocketmq.store.MappedFile.<init>(MappedFile.java:71)
	at org.apache.rocketmq.store.AllocateMappedFileService.mmapOperation(AllocateMappedFileService.java:182)
	at org.apache.rocketmq.store.AllocateMappedFileService.run(AllocateMappedFileService.java:143)
	at java.lang.Thread.run(Thread.java:745)
Caused by: java.lang.OutOfMemoryError: Map failed
	at sun.nio.ch.FileChannelImpl.map0(Native Method)
	at sun.nio.ch.FileChannelImpl.map(FileChannelImpl.java:885)
	... 5 common frames omitted
[2018-03-14 12:07:39.820]  WARN AllocateMappedFileService service has exception. so return null
[2018-03-14 12:07:39.820] ERROR create maped file1 error, topic: TEST_CONSOLE_TOPIC clientAddr: 127.0.0.1
[2018-03-14 12:07:39.821]  WARN sendKernelImpl exception, resend at once, InvokeID: -8357522001424969324, RT: 2ms, Broker: MessageQueue [topic=TEST_CONSOLE_TOPIC, brokerName=ConsoleTestBroker, queueId=5]
org.apache.rocketmq.client.exception.MQBrokerException: CODE: 1  DESC: create mapped file failed, server is busy or broken.
For more information, please visit the url, http://rocketmq.apache.org/docs/faq/
	at org.apache.rocketmq.client.impl.MQClientAPIImpl.processSendResponse(MQClientAPIImpl.java:531)
	at org.apache.rocketmq.client.impl.MQClientAPIImpl.sendMessageSync(MQClientAPIImpl.java:345)
	at org.apache.rocketmq.client.impl.MQClientAPIImpl.sendMessage(MQClientAPIImpl.java:327)
	at org.apache.rocketmq.client.impl.MQClientAPIImpl.sendMessage(MQClientAPIImpl.java:290)
	at org.apache.rocketmq.client.impl.producer.DefaultMQProducerImpl.sendKernelImpl(DefaultMQProducerImpl.java:688)
	at org.apache.rocketmq.client.impl.producer.DefaultMQProducerImpl.sendDefaultImpl(DefaultMQProducerImpl.java:458)
	at org.apache.rocketmq.client.impl.producer.DefaultMQProducerImpl.send(DefaultMQProducerImpl.java:1049)
	at org.apache.rocketmq.client.impl.producer.DefaultMQProducerImpl.send(DefaultMQProducerImpl.java:1008)
	at org.apache.rocketmq.client.producer.DefaultMQProducer.send(DefaultMQProducer.java:204)
	at org.apache.rocketmq.console.testbase.RocketMQConsoleTestBase.sendTestTopicMessage(RocketMQConsoleTestBase.java:107)
	at org.apache.rocketmq.console.service.impl.TopicServiceImplTest.setUp(TopicServiceImplTest.java:57)
	at sun.reflect.NativeMethodAccessorImpl.invoke0(Native Method)
	at sun.reflect.NativeMethodAccessorImpl.invoke(NativeMethodAccessorImpl.java:57)
	at sun.reflect.DelegatingMethodAccessorImpl.invoke(DelegatingMethodAccessorImpl.java:43)
	at java.lang.reflect.Method.invoke(Method.java:606)
	at org.junit.runners.model.FrameworkMethod$1.runReflectiveCall(FrameworkMethod.java:50)
	at org.junit.internal.runners.model.ReflectiveCallable.run(ReflectiveCallable.java:12)
	at org.junit.runners.model.FrameworkMethod.invokeExplosively(FrameworkMethod.java:47)
	at org.junit.internal.runners.statements.RunBefores.evaluate(RunBefores.java:24)
	at org.springframework.test.context.junit4.statements.RunBeforeTestMethodCallbacks.evaluate(RunBeforeTestMethodCallbacks.java:75)
	at org.junit.internal.runners.statements.RunAfters.evaluate(RunAfters.java:27)
	at org.springframework.test.context.junit4.statements.RunAfterTestMethodCallbacks.evaluate(RunAfterTestMethodCallbacks.java:86)
	at org.springframework.test.context.junit4.statements.SpringRepeat.evaluate(SpringRepeat.java:84)
	at org.junit.runners.ParentRunner.runLeaf(ParentRunner.java:325)
	at org.springframework.test.context.junit4.SpringJUnit4ClassRunner.runChild(SpringJUnit4ClassRunner.java:252)
	at org.springframework.test.context.junit4.SpringJUnit4ClassRunner.runChild(SpringJUnit4ClassRunner.java:94)
	at org.junit.runners.ParentRunner$3.run(ParentRunner.java:290)
	at org.junit.runners.ParentRunner$1.schedule(ParentRunner.java:71)
	at org.junit.runners.ParentRunner.runChildren(ParentRunner.java:288)
	at org.junit.runners.ParentRunner.access$000(ParentRunner.java:58)
	at org.junit.runners.ParentRunner$2.evaluate(ParentRunner.java:268)
	at org.springframework.test.context.junit4.statements.RunBeforeTestClassCallbacks.evaluate(RunBeforeTestClassCallbacks.java:61)
	at org.springframework.test.context.junit4.statements.RunAfterTestClassCallbacks.evaluate(RunAfterTestClassCallbacks.java:70)
	at org.junit.runners.ParentRunner.run(ParentRunner.java:363)
	at org.springframework.test.context.junit4.SpringJUnit4ClassRunner.run(SpringJUnit4ClassRunner.java:191)
	at org.apache.maven.surefire.junit4.JUnit4Provider.execute(JUnit4Provider.java:367)
	at org.apache.maven.surefire.junit4.JUnit4Provider.executeWithRerun(JUnit4Provider.java:274)
	at org.apache.maven.surefire.junit4.JUnit4Provider.executeTestSet(JUnit4Provider.java:238)
	at org.apache.maven.surefire.junit4.JUnit4Provider.invoke(JUnit4Provider.java:161)
	at org.apache.maven.surefire.booter.ForkedBooter.invokeProviderInSameClassLoader(ForkedBooter.java:290)
	at org.apache.maven.surefire.booter.ForkedBooter.runSuitesInProcess(ForkedBooter.java:242)
	at org.apache.maven.surefire.booter.ForkedBooter.main(ForkedBooter.java:121)
[2018-03-14 12:07:39.821]  WARN Message [topic=TEST_CONSOLE_TOPIC, flag=0, properties={KEYS=TEST_TOPIC_KEY, WAIT=true, UNIQ_KEY=C0A859EB30A4011E1E6742F9B02A0018}, body=11]
[2018-03-14 12:07:39.822]  WARN AllocateMappedFileService service has exception. so return null
[2018-03-14 12:07:39.822] ERROR create maped file1 error, topic: TEST_CONSOLE_TOPIC clientAddr: 127.0.0.1
[2018-03-14 12:07:39.823]  WARN sendKernelImpl exception, resend at once, InvokeID: -8357522001424969324, RT: 2ms, Broker: MessageQueue [topic=TEST_CONSOLE_TOPIC, brokerName=ConsoleTestBroker, queueId=7]
org.apache.rocketmq.client.exception.MQBrokerException: CODE: 1  DESC: create mapped file failed, server is busy or broken.
For more information, please visit the url, http://rocketmq.apache.org/docs/faq/
	at org.apache.rocketmq.client.impl.MQClientAPIImpl.processSendResponse(MQClientAPIImpl.java:531)
	at org.apache.rocketmq.client.impl.MQClientAPIImpl.sendMessageSync(MQClientAPIImpl.java:345)
	at org.apache.rocketmq.client.impl.MQClientAPIImpl.sendMessage(MQClientAPIImpl.java:327)
	at org.apache.rocketmq.client.impl.MQClientAPIImpl.sendMessage(MQClientAPIImpl.java:290)
	at org.apache.rocketmq.client.impl.producer.DefaultMQProducerImpl.sendKernelImpl(DefaultMQProducerImpl.java:688)
	at org.apache.rocketmq.client.impl.producer.DefaultMQProducerImpl.sendDefaultImpl(DefaultMQProducerImpl.java:458)
	at org.apache.rocketmq.client.impl.producer.DefaultMQProducerImpl.send(DefaultMQProducerImpl.java:1049)
	at org.apache.rocketmq.client.impl.producer.DefaultMQProducerImpl.send(DefaultMQProducerImpl.java:1008)
	at org.apache.rocketmq.client.producer.DefaultMQProducer.send(DefaultMQProducer.java:204)
	at org.apache.rocketmq.console.testbase.RocketMQConsoleTestBase.sendTestTopicMessage(RocketMQConsoleTestBase.java:107)
	at org.apache.rocketmq.console.service.impl.TopicServiceImplTest.setUp(TopicServiceImplTest.java:57)
	at sun.reflect.NativeMethodAccessorImpl.invoke0(Native Method)
	at sun.reflect.NativeMethodAccessorImpl.invoke(NativeMethodAccessorImpl.java:57)
	at sun.reflect.DelegatingMethodAccessorImpl.invoke(DelegatingMethodAccessorImpl.java:43)
	at java.lang.reflect.Method.invoke(Method.java:606)
	at org.junit.runners.model.FrameworkMethod$1.runReflectiveCall(FrameworkMethod.java:50)
	at org.junit.internal.runners.model.ReflectiveCallable.run(ReflectiveCallable.java:12)
	at org.junit.runners.model.FrameworkMethod.invokeExplosively(FrameworkMethod.java:47)
	at org.junit.internal.runners.statements.RunBefores.evaluate(RunBefores.java:24)
	at org.springframework.test.context.junit4.statements.RunBeforeTestMethodCallbacks.evaluate(RunBeforeTestMethodCallbacks.java:75)
	at org.junit.internal.runners.statements.RunAfters.evaluate(RunAfters.java:27)
	at org.springframework.test.context.junit4.statements.RunAfterTestMethodCallbacks.evaluate(RunAfterTestMethodCallbacks.java:86)
	at org.springframework.test.context.junit4.statements.SpringRepeat.evaluate(SpringRepeat.java:84)
	at org.junit.runners.ParentRunner.runLeaf(ParentRunner.java:325)
	at org.springframework.test.context.junit4.SpringJUnit4ClassRunner.runChild(SpringJUnit4ClassRunner.java:252)
	at org.springframework.test.context.junit4.SpringJUnit4ClassRunner.runChild(SpringJUnit4ClassRunner.java:94)
	at org.junit.runners.ParentRunner$3.run(ParentRunner.java:290)
	at org.junit.runners.ParentRunner$1.schedule(ParentRunner.java:71)
	at org.junit.runners.ParentRunner.runChildren(ParentRunner.java:288)
	at org.junit.runners.ParentRunner.access$000(ParentRunner.java:58)
	at org.junit.runners.ParentRunner$2.evaluate(ParentRunner.java:268)
	at org.springframework.test.context.junit4.statements.RunBeforeTestClassCallbacks.evaluate(RunBeforeTestClassCallbacks.java:61)
	at org.springframework.test.context.junit4.statements.RunAfterTestClassCallbacks.evaluate(RunAfterTestClassCallbacks.java:70)
	at org.junit.runners.ParentRunner.run(ParentRunner.java:363)
	at org.springframework.test.context.junit4.SpringJUnit4ClassRunner.run(SpringJUnit4ClassRunner.java:191)
	at org.apache.maven.surefire.junit4.JUnit4Provider.execute(JUnit4Provider.java:367)
	at org.apache.maven.surefire.junit4.JUnit4Provider.executeWithRerun(JUnit4Provider.java:274)
	at org.apache.maven.surefire.junit4.JUnit4Provider.executeTestSet(JUnit4Provider.java:238)
	at org.apache.maven.surefire.junit4.JUnit4Provider.invoke(JUnit4Provider.java:161)
	at org.apache.maven.surefire.booter.ForkedBooter.invokeProviderInSameClassLoader(ForkedBooter.java:290)
	at org.apache.maven.surefire.booter.ForkedBooter.runSuitesInProcess(ForkedBooter.java:242)
	at org.apache.maven.surefire.booter.ForkedBooter.main(ForkedBooter.java:121)
[2018-03-14 12:07:39.823]  WARN Message [topic=TEST_CONSOLE_TOPIC, flag=0, properties={KEYS=TEST_TOPIC_KEY, WAIT=true, UNIQ_KEY=C0A859EB30A4011E1E6742F9B02A0018}, body=11]
[2018-03-14 12:07:39.824]  WARN AllocateMappedFileService service has exception. so return null
[2018-03-14 12:07:39.824] ERROR create maped file1 error, topic: TEST_CONSOLE_TOPIC clientAddr: 127.0.0.1
[2018-03-14 12:07:39.825]  WARN sendKernelImpl exception, resend at once, InvokeID: -8357522001424969324, RT: 2ms, Broker: MessageQueue [topic=TEST_CONSOLE_TOPIC, brokerName=ConsoleTestBroker, queueId=9]
org.apache.rocketmq.client.exception.MQBrokerException: CODE: 1  DESC: create mapped file failed, server is busy or broken.
For more information, please visit the url, http://rocketmq.apache.org/docs/faq/
	at org.apache.rocketmq.client.impl.MQClientAPIImpl.processSendResponse(MQClientAPIImpl.java:531)
	at org.apache.rocketmq.client.impl.MQClientAPIImpl.sendMessageSync(MQClientAPIImpl.java:345)
	at org.apache.rocketmq.client.impl.MQClientAPIImpl.sendMessage(MQClientAPIImpl.java:327)
	at org.apache.rocketmq.client.impl.MQClientAPIImpl.sendMessage(MQClientAPIImpl.java:290)
	at org.apache.rocketmq.client.impl.producer.DefaultMQProducerImpl.sendKernelImpl(DefaultMQProducerImpl.java:688)
	at org.apache.rocketmq.client.impl.producer.DefaultMQProducerImpl.sendDefaultImpl(DefaultMQProducerImpl.java:458)
	at org.apache.rocketmq.client.impl.producer.DefaultMQProducerImpl.send(DefaultMQProducerImpl.java:1049)
	at org.apache.rocketmq.client.impl.producer.DefaultMQProducerImpl.send(DefaultMQProducerImpl.java:1008)
	at org.apache.rocketmq.client.producer.DefaultMQProducer.send(DefaultMQProducer.java:204)
	at org.apache.rocketmq.console.testbase.RocketMQConsoleTestBase.sendTestTopicMessage(RocketMQConsoleTestBase.java:107)
	at org.apache.rocketmq.console.service.impl.TopicServiceImplTest.setUp(TopicServiceImplTest.java:57)
	at sun.reflect.NativeMethodAccessorImpl.invoke0(Native Method)
	at sun.reflect.NativeMethodAccessorImpl.invoke(NativeMethodAccessorImpl.java:57)
	at sun.reflect.DelegatingMethodAccessorImpl.invoke(DelegatingMethodAccessorImpl.java:43)
	at java.lang.reflect.Method.invoke(Method.java:606)
	at org.junit.runners.model.FrameworkMethod$1.runReflectiveCall(FrameworkMethod.java:50)
	at org.junit.internal.runners.model.ReflectiveCallable.run(ReflectiveCallable.java:12)
	at org.junit.runners.model.FrameworkMethod.invokeExplosively(FrameworkMethod.java:47)
	at org.junit.internal.runners.statements.RunBefores.evaluate(RunBefores.java:24)
	at org.springframework.test.context.junit4.statements.RunBeforeTestMethodCallbacks.evaluate(RunBeforeTestMethodCallbacks.java:75)
	at org.junit.internal.runners.statements.RunAfters.evaluate(RunAfters.java:27)
	at org.springframework.test.context.junit4.statements.RunAfterTestMethodCallbacks.evaluate(RunAfterTestMethodCallbacks.java:86)
	at org.springframework.test.context.junit4.statements.SpringRepeat.evaluate(SpringRepeat.java:84)
	at org.junit.runners.ParentRunner.runLeaf(ParentRunner.java:325)
	at org.springframework.test.context.junit4.SpringJUnit4ClassRunner.runChild(SpringJUnit4ClassRunner.java:252)
	at org.springframework.test.context.junit4.SpringJUnit4ClassRunner.runChild(SpringJUnit4ClassRunner.java:94)
	at org.junit.runners.ParentRunner$3.run(ParentRunner.java:290)
	at org.junit.runners.ParentRunner$1.schedule(ParentRunner.java:71)
	at org.junit.runners.ParentRunner.runChildren(ParentRunner.java:288)
	at org.junit.runners.ParentRunner.access$000(ParentRunner.java:58)
	at org.junit.runners.ParentRunner$2.evaluate(ParentRunner.java:268)
	at org.springframework.test.context.junit4.statements.RunBeforeTestClassCallbacks.evaluate(RunBeforeTestClassCallbacks.java:61)
	at org.springframework.test.context.junit4.statements.RunAfterTestClassCallbacks.evaluate(RunAfterTestClassCallbacks.java:70)
	at org.junit.runners.ParentRunner.run(ParentRunner.java:363)
	at org.springframework.test.context.junit4.SpringJUnit4ClassRunner.run(SpringJUnit4ClassRunner.java:191)
	at org.apache.maven.surefire.junit4.JUnit4Provider.execute(JUnit4Provider.java:367)
	at org.apache.maven.surefire.junit4.JUnit4Provider.executeWithRerun(JUnit4Provider.java:274)
	at org.apache.maven.surefire.junit4.JUnit4Provider.executeTestSet(JUnit4Provider.java:238)
	at org.apache.maven.surefire.junit4.JUnit4Provider.invoke(JUnit4Provider.java:161)
	at org.apache.maven.surefire.booter.ForkedBooter.invokeProviderInSameClassLoader(ForkedBooter.java:290)
	at org.apache.maven.surefire.booter.ForkedBooter.runSuitesInProcess(ForkedBooter.java:242)
	at org.apache.maven.surefire.booter.ForkedBooter.main(ForkedBooter.java:121)
[2018-03-14 12:07:39.825]  WARN Message [topic=TEST_CONSOLE_TOPIC, flag=0, properties={KEYS=TEST_TOPIC_KEY, WAIT=true, UNIQ_KEY=C0A859EB30A4011E1E6742F9B02A0018}, body=11]
[2018-03-14 12:07:39.912] ERROR map file C:\Users\Administrator\rocketmq-console-test\20180314120653\commitlog\00000000000000000000 Failed. 
java.io.IOException: Map failed
	at sun.nio.ch.FileChannelImpl.map(FileChannelImpl.java:888)
	at org.apache.rocketmq.store.MappedFile.init(MappedFile.java:160)
	at org.apache.rocketmq.store.MappedFile.<init>(MappedFile.java:71)
	at org.apache.rocketmq.store.AllocateMappedFileService.mmapOperation(AllocateMappedFileService.java:182)
	at org.apache.rocketmq.store.AllocateMappedFileService.run(AllocateMappedFileService.java:143)
	at java.lang.Thread.run(Thread.java:745)
Caused by: java.lang.OutOfMemoryError: Map failed
	at sun.nio.ch.FileChannelImpl.map0(Native Method)
	at sun.nio.ch.FileChannelImpl.map(FileChannelImpl.java:885)
	... 5 common frames omitted
[2018-03-14 12:07:39.912]  WARN AllocateMappedFileService service has exception. 
java.io.IOException: Map failed
	at sun.nio.ch.FileChannelImpl.map(FileChannelImpl.java:888)
	at org.apache.rocketmq.store.MappedFile.init(MappedFile.java:160)
	at org.apache.rocketmq.store.MappedFile.<init>(MappedFile.java:71)
	at org.apache.rocketmq.store.AllocateMappedFileService.mmapOperation(AllocateMappedFileService.java:182)
	at org.apache.rocketmq.store.AllocateMappedFileService.run(AllocateMappedFileService.java:143)
	at java.lang.Thread.run(Thread.java:745)
Caused by: java.lang.OutOfMemoryError: Map failed
	at sun.nio.ch.FileChannelImpl.map0(Native Method)
	at sun.nio.ch.FileChannelImpl.map(FileChannelImpl.java:885)
	... 5 common frames omitted
[2018-03-14 12:07:40.129] ERROR map file C:\Users\Administrator\rocketmq-console-test\20180314120653\commitlog\00000000000000000000 Failed. 
java.io.IOException: Map failed
	at sun.nio.ch.FileChannelImpl.map(FileChannelImpl.java:888)
	at org.apache.rocketmq.store.MappedFile.init(MappedFile.java:160)
	at org.apache.rocketmq.store.MappedFile.<init>(MappedFile.java:71)
	at org.apache.rocketmq.store.AllocateMappedFileService.mmapOperation(AllocateMappedFileService.java:182)
	at org.apache.rocketmq.store.AllocateMappedFileService.run(AllocateMappedFileService.java:143)
	at java.lang.Thread.run(Thread.java:745)
Caused by: java.lang.OutOfMemoryError: Map failed
	at sun.nio.ch.FileChannelImpl.map0(Native Method)
	at sun.nio.ch.FileChannelImpl.map(FileChannelImpl.java:885)
	... 5 common frames omitted
[2018-03-14 12:07:40.129]  WARN AllocateMappedFileService service has exception. 
java.io.IOException: Map failed
	at sun.nio.ch.FileChannelImpl.map(FileChannelImpl.java:888)
	at org.apache.rocketmq.store.MappedFile.init(MappedFile.java:160)
	at org.apache.rocketmq.store.MappedFile.<init>(MappedFile.java:71)
	at org.apache.rocketmq.store.AllocateMappedFileService.mmapOperation(AllocateMappedFileService.java:182)
	at org.apache.rocketmq.store.AllocateMappedFileService.run(AllocateMappedFileService.java:143)
	at java.lang.Thread.run(Thread.java:745)
Caused by: java.lang.OutOfMemoryError: Map failed
	at sun.nio.ch.FileChannelImpl.map0(Native Method)
	at sun.nio.ch.FileChannelImpl.map(FileChannelImpl.java:885)
	... 5 common frames omitted
[2018-03-14 12:07:40.327]  WARN AllocateMappedFileService service has exception. so return null
[2018-03-14 12:07:40.327] ERROR create maped file1 error, topic: TEST_CONSOLE_TOPIC clientAddr: 127.0.0.1
[2018-03-14 12:07:40.328]  WARN sendKernelImpl exception, resend at once, InvokeID: 2907843897916465022, RT: 2ms, Broker: MessageQueue [topic=TEST_CONSOLE_TOPIC, brokerName=ConsoleTestBroker, queueId=10]
org.apache.rocketmq.client.exception.MQBrokerException: CODE: 1  DESC: create mapped file failed, server is busy or broken.
For more information, please visit the url, http://rocketmq.apache.org/docs/faq/
	at org.apache.rocketmq.client.impl.MQClientAPIImpl.processSendResponse(MQClientAPIImpl.java:531)
	at org.apache.rocketmq.client.impl.MQClientAPIImpl.sendMessageSync(MQClientAPIImpl.java:345)
	at org.apache.rocketmq.client.impl.MQClientAPIImpl.sendMessage(MQClientAPIImpl.java:327)
	at org.apache.rocketmq.client.impl.MQClientAPIImpl.sendMessage(MQClientAPIImpl.java:290)
	at org.apache.rocketmq.client.impl.producer.DefaultMQProducerImpl.sendKernelImpl(DefaultMQProducerImpl.java:688)
	at org.apache.rocketmq.client.impl.producer.DefaultMQProducerImpl.sendDefaultImpl(DefaultMQProducerImpl.java:458)
	at org.apache.rocketmq.client.impl.producer.DefaultMQProducerImpl.send(DefaultMQProducerImpl.java:1049)
	at org.apache.rocketmq.client.impl.producer.DefaultMQProducerImpl.send(DefaultMQProducerImpl.java:1008)
	at org.apache.rocketmq.client.producer.DefaultMQProducer.send(DefaultMQProducer.java:204)
	at org.apache.rocketmq.console.testbase.RocketMQConsoleTestBase.sendTestTopicMessage(RocketMQConsoleTestBase.java:107)
	at org.apache.rocketmq.console.service.impl.TopicServiceImplTest.setUp(TopicServiceImplTest.java:57)
	at sun.reflect.NativeMethodAccessorImpl.invoke0(Native Method)
	at sun.reflect.NativeMethodAccessorImpl.invoke(NativeMethodAccessorImpl.java:57)
	at sun.reflect.DelegatingMethodAccessorImpl.invoke(DelegatingMethodAccessorImpl.java:43)
	at java.lang.reflect.Method.invoke(Method.java:606)
	at org.junit.runners.model.FrameworkMethod$1.runReflectiveCall(FrameworkMethod.java:50)
	at org.junit.internal.runners.model.ReflectiveCallable.run(ReflectiveCallable.java:12)
	at org.junit.runners.model.FrameworkMethod.invokeExplosively(FrameworkMethod.java:47)
	at org.junit.internal.runners.statements.RunBefores.evaluate(RunBefores.java:24)
	at org.springframework.test.context.junit4.statements.RunBeforeTestMethodCallbacks.evaluate(RunBeforeTestMethodCallbacks.java:75)
	at org.junit.internal.runners.statements.RunAfters.evaluate(RunAfters.java:27)
	at org.springframework.test.context.junit4.statements.RunAfterTestMethodCallbacks.evaluate(RunAfterTestMethodCallbacks.java:86)
	at org.springframework.test.context.junit4.statements.SpringRepeat.evaluate(SpringRepeat.java:84)
	at org.junit.runners.ParentRunner.runLeaf(ParentRunner.java:325)
	at org.springframework.test.context.junit4.SpringJUnit4ClassRunner.runChild(SpringJUnit4ClassRunner.java:252)
	at org.springframework.test.context.junit4.SpringJUnit4ClassRunner.runChild(SpringJUnit4ClassRunner.java:94)
	at org.junit.runners.ParentRunner$3.run(ParentRunner.java:290)
	at org.junit.runners.ParentRunner$1.schedule(ParentRunner.java:71)
	at org.junit.runners.ParentRunner.runChildren(ParentRunner.java:288)
	at org.junit.runners.ParentRunner.access$000(ParentRunner.java:58)
	at org.junit.runners.ParentRunner$2.evaluate(ParentRunner.java:268)
	at org.springframework.test.context.junit4.statements.RunBeforeTestClassCallbacks.evaluate(RunBeforeTestClassCallbacks.java:61)
	at org.springframework.test.context.junit4.statements.RunAfterTestClassCallbacks.evaluate(RunAfterTestClassCallbacks.java:70)
	at org.junit.runners.ParentRunner.run(ParentRunner.java:363)
	at org.springframework.test.context.junit4.SpringJUnit4ClassRunner.run(SpringJUnit4ClassRunner.java:191)
	at org.apache.maven.surefire.junit4.JUnit4Provider.execute(JUnit4Provider.java:367)
	at org.apache.maven.surefire.junit4.JUnit4Provider.executeWithRerun(JUnit4Provider.java:274)
	at org.apache.maven.surefire.junit4.JUnit4Provider.executeTestSet(JUnit4Provider.java:238)
	at org.apache.maven.surefire.junit4.JUnit4Provider.invoke(JUnit4Provider.java:161)
	at org.apache.maven.surefire.booter.ForkedBooter.invokeProviderInSameClassLoader(ForkedBooter.java:290)
	at org.apache.maven.surefire.booter.ForkedBooter.runSuitesInProcess(ForkedBooter.java:242)
	at org.apache.maven.surefire.booter.ForkedBooter.main(ForkedBooter.java:121)
[2018-03-14 12:07:40.328]  WARN Message [topic=TEST_CONSOLE_TOPIC, flag=0, properties={KEYS=TEST_TOPIC_KEY, WAIT=true, UNIQ_KEY=C0A859EB30A4011E1E6742F9B02A0018}, body=11]
[2018-03-14 12:07:40.329]  WARN AllocateMappedFileService service has exception. so return null
[2018-03-14 12:07:40.329] ERROR create maped file1 error, topic: TEST_CONSOLE_TOPIC clientAddr: 127.0.0.1
[2018-03-14 12:07:40.330]  WARN sendKernelImpl exception, resend at once, InvokeID: 2907843897916465022, RT: 2ms, Broker: MessageQueue [topic=TEST_CONSOLE_TOPIC, brokerName=ConsoleTestBroker, queueId=12]
org.apache.rocketmq.client.exception.MQBrokerException: CODE: 1  DESC: create mapped file failed, server is busy or broken.
For more information, please visit the url, http://rocketmq.apache.org/docs/faq/
	at org.apache.rocketmq.client.impl.MQClientAPIImpl.processSendResponse(MQClientAPIImpl.java:531)
	at org.apache.rocketmq.client.impl.MQClientAPIImpl.sendMessageSync(MQClientAPIImpl.java:345)
	at org.apache.rocketmq.client.impl.MQClientAPIImpl.sendMessage(MQClientAPIImpl.java:327)
	at org.apache.rocketmq.client.impl.MQClientAPIImpl.sendMessage(MQClientAPIImpl.java:290)
	at org.apache.rocketmq.client.impl.producer.DefaultMQProducerImpl.sendKernelImpl(DefaultMQProducerImpl.java:688)
	at org.apache.rocketmq.client.impl.producer.DefaultMQProducerImpl.sendDefaultImpl(DefaultMQProducerImpl.java:458)
	at org.apache.rocketmq.client.impl.producer.DefaultMQProducerImpl.send(DefaultMQProducerImpl.java:1049)
	at org.apache.rocketmq.client.impl.producer.DefaultMQProducerImpl.send(DefaultMQProducerImpl.java:1008)
	at org.apache.rocketmq.client.producer.DefaultMQProducer.send(DefaultMQProducer.java:204)
	at org.apache.rocketmq.console.testbase.RocketMQConsoleTestBase.sendTestTopicMessage(RocketMQConsoleTestBase.java:107)
	at org.apache.rocketmq.console.service.impl.TopicServiceImplTest.setUp(TopicServiceImplTest.java:57)
	at sun.reflect.NativeMethodAccessorImpl.invoke0(Native Method)
	at sun.reflect.NativeMethodAccessorImpl.invoke(NativeMethodAccessorImpl.java:57)
	at sun.reflect.DelegatingMethodAccessorImpl.invoke(DelegatingMethodAccessorImpl.java:43)
	at java.lang.reflect.Method.invoke(Method.java:606)
	at org.junit.runners.model.FrameworkMethod$1.runReflectiveCall(FrameworkMethod.java:50)
	at org.junit.internal.runners.model.ReflectiveCallable.run(ReflectiveCallable.java:12)
	at org.junit.runners.model.FrameworkMethod.invokeExplosively(FrameworkMethod.java:47)
	at org.junit.internal.runners.statements.RunBefores.evaluate(RunBefores.java:24)
	at org.springframework.test.context.junit4.statements.RunBeforeTestMethodCallbacks.evaluate(RunBeforeTestMethodCallbacks.java:75)
	at org.junit.internal.runners.statements.RunAfters.evaluate(RunAfters.java:27)
	at org.springframework.test.context.junit4.statements.RunAfterTestMethodCallbacks.evaluate(RunAfterTestMethodCallbacks.java:86)
	at org.springframework.test.context.junit4.statements.SpringRepeat.evaluate(SpringRepeat.java:84)
	at org.junit.runners.ParentRunner.runLeaf(ParentRunner.java:325)
	at org.springframework.test.context.junit4.SpringJUnit4ClassRunner.runChild(SpringJUnit4ClassRunner.java:252)
	at org.springframework.test.context.junit4.SpringJUnit4ClassRunner.runChild(SpringJUnit4ClassRunner.java:94)
	at org.junit.runners.ParentRunner$3.run(ParentRunner.java:290)
	at org.junit.runners.ParentRunner$1.schedule(ParentRunner.java:71)
	at org.junit.runners.ParentRunner.runChildren(ParentRunner.java:288)
	at org.junit.runners.ParentRunner.access$000(ParentRunner.java:58)
	at org.junit.runners.ParentRunner$2.evaluate(ParentRunner.java:268)
	at org.springframework.test.context.junit4.statements.RunBeforeTestClassCallbacks.evaluate(RunBeforeTestClassCallbacks.java:61)
	at org.springframework.test.context.junit4.statements.RunAfterTestClassCallbacks.evaluate(RunAfterTestClassCallbacks.java:70)
	at org.junit.runners.ParentRunner.run(ParentRunner.java:363)
	at org.springframework.test.context.junit4.SpringJUnit4ClassRunner.run(SpringJUnit4ClassRunner.java:191)
	at org.apache.maven.surefire.junit4.JUnit4Provider.execute(JUnit4Provider.java:367)
	at org.apache.maven.surefire.junit4.JUnit4Provider.executeWithRerun(JUnit4Provider.java:274)
	at org.apache.maven.surefire.junit4.JUnit4Provider.executeTestSet(JUnit4Provider.java:238)
	at org.apache.maven.surefire.junit4.JUnit4Provider.invoke(JUnit4Provider.java:161)
	at org.apache.maven.surefire.booter.ForkedBooter.invokeProviderInSameClassLoader(ForkedBooter.java:290)
	at org.apache.maven.surefire.booter.ForkedBooter.runSuitesInProcess(ForkedBooter.java:242)
	at org.apache.maven.surefire.booter.ForkedBooter.main(ForkedBooter.java:121)
[2018-03-14 12:07:40.330]  WARN Message [topic=TEST_CONSOLE_TOPIC, flag=0, properties={KEYS=TEST_TOPIC_KEY, WAIT=true, UNIQ_KEY=C0A859EB30A4011E1E6742F9B02A0018}, body=11]
[2018-03-14 12:07:40.332]  WARN AllocateMappedFileService service has exception. so return null
[2018-03-14 12:07:40.332] ERROR create maped file1 error, topic: TEST_CONSOLE_TOPIC clientAddr: 127.0.0.1
[2018-03-14 12:07:40.333]  WARN sendKernelImpl exception, resend at once, InvokeID: 2907843897916465022, RT: 3ms, Broker: MessageQueue [topic=TEST_CONSOLE_TOPIC, brokerName=ConsoleTestBroker, queueId=14]
org.apache.rocketmq.client.exception.MQBrokerException: CODE: 1  DESC: create mapped file failed, server is busy or broken.
For more information, please visit the url, http://rocketmq.apache.org/docs/faq/
	at org.apache.rocketmq.client.impl.MQClientAPIImpl.processSendResponse(MQClientAPIImpl.java:531)
	at org.apache.rocketmq.client.impl.MQClientAPIImpl.sendMessageSync(MQClientAPIImpl.java:345)
	at org.apache.rocketmq.client.impl.MQClientAPIImpl.sendMessage(MQClientAPIImpl.java:327)
	at org.apache.rocketmq.client.impl.MQClientAPIImpl.sendMessage(MQClientAPIImpl.java:290)
	at org.apache.rocketmq.client.impl.producer.DefaultMQProducerImpl.sendKernelImpl(DefaultMQProducerImpl.java:688)
	at org.apache.rocketmq.client.impl.producer.DefaultMQProducerImpl.sendDefaultImpl(DefaultMQProducerImpl.java:458)
	at org.apache.rocketmq.client.impl.producer.DefaultMQProducerImpl.send(DefaultMQProducerImpl.java:1049)
	at org.apache.rocketmq.client.impl.producer.DefaultMQProducerImpl.send(DefaultMQProducerImpl.java:1008)
	at org.apache.rocketmq.client.producer.DefaultMQProducer.send(DefaultMQProducer.java:204)
	at org.apache.rocketmq.console.testbase.RocketMQConsoleTestBase.sendTestTopicMessage(RocketMQConsoleTestBase.java:107)
	at org.apache.rocketmq.console.service.impl.TopicServiceImplTest.setUp(TopicServiceImplTest.java:57)
	at sun.reflect.NativeMethodAccessorImpl.invoke0(Native Method)
	at sun.reflect.NativeMethodAccessorImpl.invoke(NativeMethodAccessorImpl.java:57)
	at sun.reflect.DelegatingMethodAccessorImpl.invoke(DelegatingMethodAccessorImpl.java:43)
	at java.lang.reflect.Method.invoke(Method.java:606)
	at org.junit.runners.model.FrameworkMethod$1.runReflectiveCall(FrameworkMethod.java:50)
	at org.junit.internal.runners.model.ReflectiveCallable.run(ReflectiveCallable.java:12)
	at org.junit.runners.model.FrameworkMethod.invokeExplosively(FrameworkMethod.java:47)
	at org.junit.internal.runners.statements.RunBefores.evaluate(RunBefores.java:24)
	at org.springframework.test.context.junit4.statements.RunBeforeTestMethodCallbacks.evaluate(RunBeforeTestMethodCallbacks.java:75)
	at org.junit.internal.runners.statements.RunAfters.evaluate(RunAfters.java:27)
	at org.springframework.test.context.junit4.statements.RunAfterTestMethodCallbacks.evaluate(RunAfterTestMethodCallbacks.java:86)
	at org.springframework.test.context.junit4.statements.SpringRepeat.evaluate(SpringRepeat.java:84)
	at org.junit.runners.ParentRunner.runLeaf(ParentRunner.java:325)
	at org.springframework.test.context.junit4.SpringJUnit4ClassRunner.runChild(SpringJUnit4ClassRunner.java:252)
	at org.springframework.test.context.junit4.SpringJUnit4ClassRunner.runChild(SpringJUnit4ClassRunner.java:94)
	at org.junit.runners.ParentRunner$3.run(ParentRunner.java:290)
	at org.junit.runners.ParentRunner$1.schedule(ParentRunner.java:71)
	at org.junit.runners.ParentRunner.runChildren(ParentRunner.java:288)
	at org.junit.runners.ParentRunner.access$000(ParentRunner.java:58)
	at org.junit.runners.ParentRunner$2.evaluate(ParentRunner.java:268)
	at org.springframework.test.context.junit4.statements.RunBeforeTestClassCallbacks.evaluate(RunBeforeTestClassCallbacks.java:61)
	at org.springframework.test.context.junit4.statements.RunAfterTestClassCallbacks.evaluate(RunAfterTestClassCallbacks.java:70)
	at org.junit.runners.ParentRunner.run(ParentRunner.java:363)
	at org.springframework.test.context.junit4.SpringJUnit4ClassRunner.run(SpringJUnit4ClassRunner.java:191)
	at org.apache.maven.surefire.junit4.JUnit4Provider.execute(JUnit4Provider.java:367)
	at org.apache.maven.surefire.junit4.JUnit4Provider.executeWithRerun(JUnit4Provider.java:274)
	at org.apache.maven.surefire.junit4.JUnit4Provider.executeTestSet(JUnit4Provider.java:238)
	at org.apache.maven.surefire.junit4.JUnit4Provider.invoke(JUnit4Provider.java:161)
	at org.apache.maven.surefire.booter.ForkedBooter.invokeProviderInSameClassLoader(ForkedBooter.java:290)
	at org.apache.maven.surefire.booter.ForkedBooter.runSuitesInProcess(ForkedBooter.java:242)
	at org.apache.maven.surefire.booter.ForkedBooter.main(ForkedBooter.java:121)
[2018-03-14 12:07:40.333]  WARN Message [topic=TEST_CONSOLE_TOPIC, flag=0, properties={KEYS=TEST_TOPIC_KEY, WAIT=true, UNIQ_KEY=C0A859EB30A4011E1E6742F9B02A0018}, body=11]
[2018-03-14 12:07:40.353] ERROR map file C:\Users\Administrator\rocketmq-console-test\20180314120653\commitlog\00000000000000000000 Failed. 
java.io.IOException: Map failed
	at sun.nio.ch.FileChannelImpl.map(FileChannelImpl.java:888)
	at org.apache.rocketmq.store.MappedFile.init(MappedFile.java:160)
	at org.apache.rocketmq.store.MappedFile.<init>(MappedFile.java:71)
	at org.apache.rocketmq.store.AllocateMappedFileService.mmapOperation(AllocateMappedFileService.java:182)
	at org.apache.rocketmq.store.AllocateMappedFileService.run(AllocateMappedFileService.java:143)
	at java.lang.Thread.run(Thread.java:745)
Caused by: java.lang.OutOfMemoryError: Map failed
	at sun.nio.ch.FileChannelImpl.map0(Native Method)
	at sun.nio.ch.FileChannelImpl.map(FileChannelImpl.java:885)
	... 5 common frames omitted
[2018-03-14 12:07:40.353]  WARN AllocateMappedFileService service has exception. 
java.io.IOException: Map failed
	at sun.nio.ch.FileChannelImpl.map(FileChannelImpl.java:888)
	at org.apache.rocketmq.store.MappedFile.init(MappedFile.java:160)
	at org.apache.rocketmq.store.MappedFile.<init>(MappedFile.java:71)
	at org.apache.rocketmq.store.AllocateMappedFileService.mmapOperation(AllocateMappedFileService.java:182)
	at org.apache.rocketmq.store.AllocateMappedFileService.run(AllocateMappedFileService.java:143)
	at java.lang.Thread.run(Thread.java:745)
Caused by: java.lang.OutOfMemoryError: Map failed
	at sun.nio.ch.FileChannelImpl.map0(Native Method)
	at sun.nio.ch.FileChannelImpl.map(FileChannelImpl.java:885)
	... 5 common frames omitted
[2018-03-14 12:07:40.582] ERROR map file C:\Users\Administrator\rocketmq-console-test\20180314120653\commitlog\00000000000000000000 Failed. 
java.io.IOException: Map failed
	at sun.nio.ch.FileChannelImpl.map(FileChannelImpl.java:888)
	at org.apache.rocketmq.store.MappedFile.init(MappedFile.java:160)
	at org.apache.rocketmq.store.MappedFile.<init>(MappedFile.java:71)
	at org.apache.rocketmq.store.AllocateMappedFileService.mmapOperation(AllocateMappedFileService.java:182)
	at org.apache.rocketmq.store.AllocateMappedFileService.run(AllocateMappedFileService.java:143)
	at java.lang.Thread.run(Thread.java:745)
Caused by: java.lang.OutOfMemoryError: Map failed
	at sun.nio.ch.FileChannelImpl.map0(Native Method)
	at sun.nio.ch.FileChannelImpl.map(FileChannelImpl.java:885)
	... 5 common frames omitted
[2018-03-14 12:07:40.582]  WARN AllocateMappedFileService service has exception. 
java.io.IOException: Map failed
	at sun.nio.ch.FileChannelImpl.map(FileChannelImpl.java:888)
	at org.apache.rocketmq.store.MappedFile.init(MappedFile.java:160)
	at org.apache.rocketmq.store.MappedFile.<init>(MappedFile.java:71)
	at org.apache.rocketmq.store.AllocateMappedFileService.mmapOperation(AllocateMappedFileService.java:182)
	at org.apache.rocketmq.store.AllocateMappedFileService.run(AllocateMappedFileService.java:143)
	at java.lang.Thread.run(Thread.java:745)
Caused by: java.lang.OutOfMemoryError: Map failed
	at sun.nio.ch.FileChannelImpl.map0(Native Method)
	at sun.nio.ch.FileChannelImpl.map(FileChannelImpl.java:885)
	... 5 common frames omitted
[2018-03-14 12:07:40.798] ERROR map file C:\Users\Administrator\rocketmq-console-test\20180314120653\commitlog\00000000000000000000 Failed. 
java.io.IOException: Map failed
	at sun.nio.ch.FileChannelImpl.map(FileChannelImpl.java:888)
	at org.apache.rocketmq.store.MappedFile.init(MappedFile.java:160)
	at org.apache.rocketmq.store.MappedFile.<init>(MappedFile.java:71)
	at org.apache.rocketmq.store.AllocateMappedFileService.mmapOperation(AllocateMappedFileService.java:182)
	at org.apache.rocketmq.store.AllocateMappedFileService.run(AllocateMappedFileService.java:143)
	at java.lang.Thread.run(Thread.java:745)
Caused by: java.lang.OutOfMemoryError: Map failed
	at sun.nio.ch.FileChannelImpl.map0(Native Method)
	at sun.nio.ch.FileChannelImpl.map(FileChannelImpl.java:885)
	... 5 common frames omitted
[2018-03-14 12:07:40.798]  WARN AllocateMappedFileService service has exception. 
java.io.IOException: Map failed
	at sun.nio.ch.FileChannelImpl.map(FileChannelImpl.java:888)
	at org.apache.rocketmq.store.MappedFile.init(MappedFile.java:160)
	at org.apache.rocketmq.store.MappedFile.<init>(MappedFile.java:71)
	at org.apache.rocketmq.store.AllocateMappedFileService.mmapOperation(AllocateMappedFileService.java:182)
	at org.apache.rocketmq.store.AllocateMappedFileService.run(AllocateMappedFileService.java:143)
	at java.lang.Thread.run(Thread.java:745)
Caused by: java.lang.OutOfMemoryError: Map failed
	at sun.nio.ch.FileChannelImpl.map0(Native Method)
	at sun.nio.ch.FileChannelImpl.map(FileChannelImpl.java:885)
	... 5 common frames omitted
[2018-03-14 12:07:40.918]  WARN AllocateMappedFileService service has exception. so return null
[2018-03-14 12:07:40.918] ERROR create maped file1 error, topic: TEST_CONSOLE_TOPIC clientAddr: 127.0.0.1
[2018-03-14 12:07:40.919]  WARN sendKernelImpl exception, resend at once, InvokeID: -2307743553254424421, RT: 2ms, Broker: MessageQueue [topic=TEST_CONSOLE_TOPIC, brokerName=ConsoleTestBroker, queueId=15]
org.apache.rocketmq.client.exception.MQBrokerException: CODE: 1  DESC: create mapped file failed, server is busy or broken.
For more information, please visit the url, http://rocketmq.apache.org/docs/faq/
	at org.apache.rocketmq.client.impl.MQClientAPIImpl.processSendResponse(MQClientAPIImpl.java:531)
	at org.apache.rocketmq.client.impl.MQClientAPIImpl.sendMessageSync(MQClientAPIImpl.java:345)
	at org.apache.rocketmq.client.impl.MQClientAPIImpl.sendMessage(MQClientAPIImpl.java:327)
	at org.apache.rocketmq.client.impl.MQClientAPIImpl.sendMessage(MQClientAPIImpl.java:290)
	at org.apache.rocketmq.client.impl.producer.DefaultMQProducerImpl.sendKernelImpl(DefaultMQProducerImpl.java:688)
	at org.apache.rocketmq.client.impl.producer.DefaultMQProducerImpl.sendDefaultImpl(DefaultMQProducerImpl.java:458)
	at org.apache.rocketmq.client.impl.producer.DefaultMQProducerImpl.send(DefaultMQProducerImpl.java:1049)
	at org.apache.rocketmq.client.impl.producer.DefaultMQProducerImpl.send(DefaultMQProducerImpl.java:1008)
	at org.apache.rocketmq.client.producer.DefaultMQProducer.send(DefaultMQProducer.java:204)
	at org.apache.rocketmq.console.testbase.RocketMQConsoleTestBase.sendTestTopicMessage(RocketMQConsoleTestBase.java:107)
	at org.apache.rocketmq.console.service.impl.TopicServiceImplTest.setUp(TopicServiceImplTest.java:57)
	at sun.reflect.NativeMethodAccessorImpl.invoke0(Native Method)
	at sun.reflect.NativeMethodAccessorImpl.invoke(NativeMethodAccessorImpl.java:57)
	at sun.reflect.DelegatingMethodAccessorImpl.invoke(DelegatingMethodAccessorImpl.java:43)
	at java.lang.reflect.Method.invoke(Method.java:606)
	at org.junit.runners.model.FrameworkMethod$1.runReflectiveCall(FrameworkMethod.java:50)
	at org.junit.internal.runners.model.ReflectiveCallable.run(ReflectiveCallable.java:12)
	at org.junit.runners.model.FrameworkMethod.invokeExplosively(FrameworkMethod.java:47)
	at org.junit.internal.runners.statements.RunBefores.evaluate(RunBefores.java:24)
	at org.springframework.test.context.junit4.statements.RunBeforeTestMethodCallbacks.evaluate(RunBeforeTestMethodCallbacks.java:75)
	at org.junit.internal.runners.statements.RunAfters.evaluate(RunAfters.java:27)
	at org.springframework.test.context.junit4.statements.RunAfterTestMethodCallbacks.evaluate(RunAfterTestMethodCallbacks.java:86)
	at org.springframework.test.context.junit4.statements.SpringRepeat.evaluate(SpringRepeat.java:84)
	at org.junit.runners.ParentRunner.runLeaf(ParentRunner.java:325)
	at org.springframework.test.context.junit4.SpringJUnit4ClassRunner.runChild(SpringJUnit4ClassRunner.java:252)
	at org.springframework.test.context.junit4.SpringJUnit4ClassRunner.runChild(SpringJUnit4ClassRunner.java:94)
	at org.junit.runners.ParentRunner$3.run(ParentRunner.java:290)
	at org.junit.runners.ParentRunner$1.schedule(ParentRunner.java:71)
	at org.junit.runners.ParentRunner.runChildren(ParentRunner.java:288)
	at org.junit.runners.ParentRunner.access$000(ParentRunner.java:58)
	at org.junit.runners.ParentRunner$2.evaluate(ParentRunner.java:268)
	at org.springframework.test.context.junit4.statements.RunBeforeTestClassCallbacks.evaluate(RunBeforeTestClassCallbacks.java:61)
	at org.springframework.test.context.junit4.statements.RunAfterTestClassCallbacks.evaluate(RunAfterTestClassCallbacks.java:70)
	at org.junit.runners.ParentRunner.run(ParentRunner.java:363)
	at org.springframework.test.context.junit4.SpringJUnit4ClassRunner.run(SpringJUnit4ClassRunner.java:191)
	at org.apache.maven.surefire.junit4.JUnit4Provider.execute(JUnit4Provider.java:367)
	at org.apache.maven.surefire.junit4.JUnit4Provider.executeWithRerun(JUnit4Provider.java:274)
	at org.apache.maven.surefire.junit4.JUnit4Provider.executeTestSet(JUnit4Provider.java:238)
	at org.apache.maven.surefire.junit4.JUnit4Provider.invoke(JUnit4Provider.java:161)
	at org.apache.maven.surefire.booter.ForkedBooter.invokeProviderInSameClassLoader(ForkedBooter.java:290)
	at org.apache.maven.surefire.booter.ForkedBooter.runSuitesInProcess(ForkedBooter.java:242)
	at org.apache.maven.surefire.booter.ForkedBooter.main(ForkedBooter.java:121)
[2018-03-14 12:07:40.919]  WARN Message [topic=TEST_CONSOLE_TOPIC, flag=0, properties={KEYS=TEST_TOPIC_KEY, WAIT=true, UNIQ_KEY=C0A859EB30A4011E1E6742F9B02A0018}, body=11]
[2018-03-14 12:07:40.920]  WARN AllocateMappedFileService service has exception. so return null
[2018-03-14 12:07:40.920] ERROR create maped file1 error, topic: TEST_CONSOLE_TOPIC clientAddr: 127.0.0.1
[2018-03-14 12:07:40.921]  WARN sendKernelImpl exception, resend at once, InvokeID: -2307743553254424421, RT: 2ms, Broker: MessageQueue [topic=TEST_CONSOLE_TOPIC, brokerName=ConsoleTestBroker, queueId=1]
org.apache.rocketmq.client.exception.MQBrokerException: CODE: 1  DESC: create mapped file failed, server is busy or broken.
For more information, please visit the url, http://rocketmq.apache.org/docs/faq/
	at org.apache.rocketmq.client.impl.MQClientAPIImpl.processSendResponse(MQClientAPIImpl.java:531)
	at org.apache.rocketmq.client.impl.MQClientAPIImpl.sendMessageSync(MQClientAPIImpl.java:345)
	at org.apache.rocketmq.client.impl.MQClientAPIImpl.sendMessage(MQClientAPIImpl.java:327)
	at org.apache.rocketmq.client.impl.MQClientAPIImpl.sendMessage(MQClientAPIImpl.java:290)
	at org.apache.rocketmq.client.impl.producer.DefaultMQProducerImpl.sendKernelImpl(DefaultMQProducerImpl.java:688)
	at org.apache.rocketmq.client.impl.producer.DefaultMQProducerImpl.sendDefaultImpl(DefaultMQProducerImpl.java:458)
	at org.apache.rocketmq.client.impl.producer.DefaultMQProducerImpl.send(DefaultMQProducerImpl.java:1049)
	at org.apache.rocketmq.client.impl.producer.DefaultMQProducerImpl.send(DefaultMQProducerImpl.java:1008)
	at org.apache.rocketmq.client.producer.DefaultMQProducer.send(DefaultMQProducer.java:204)
	at org.apache.rocketmq.console.testbase.RocketMQConsoleTestBase.sendTestTopicMessage(RocketMQConsoleTestBase.java:107)
	at org.apache.rocketmq.console.service.impl.TopicServiceImplTest.setUp(TopicServiceImplTest.java:57)
	at sun.reflect.NativeMethodAccessorImpl.invoke0(Native Method)
	at sun.reflect.NativeMethodAccessorImpl.invoke(NativeMethodAccessorImpl.java:57)
	at sun.reflect.DelegatingMethodAccessorImpl.invoke(DelegatingMethodAccessorImpl.java:43)
	at java.lang.reflect.Method.invoke(Method.java:606)
	at org.junit.runners.model.FrameworkMethod$1.runReflectiveCall(FrameworkMethod.java:50)
	at org.junit.internal.runners.model.ReflectiveCallable.run(ReflectiveCallable.java:12)
	at org.junit.runners.model.FrameworkMethod.invokeExplosively(FrameworkMethod.java:47)
	at org.junit.internal.runners.statements.RunBefores.evaluate(RunBefores.java:24)
	at org.springframework.test.context.junit4.statements.RunBeforeTestMethodCallbacks.evaluate(RunBeforeTestMethodCallbacks.java:75)
	at org.junit.internal.runners.statements.RunAfters.evaluate(RunAfters.java:27)
	at org.springframework.test.context.junit4.statements.RunAfterTestMethodCallbacks.evaluate(RunAfterTestMethodCallbacks.java:86)
	at org.springframework.test.context.junit4.statements.SpringRepeat.evaluate(SpringRepeat.java:84)
	at org.junit.runners.ParentRunner.runLeaf(ParentRunner.java:325)
	at org.springframework.test.context.junit4.SpringJUnit4ClassRunner.runChild(SpringJUnit4ClassRunner.java:252)
	at org.springframework.test.context.junit4.SpringJUnit4ClassRunner.runChild(SpringJUnit4ClassRunner.java:94)
	at org.junit.runners.ParentRunner$3.run(ParentRunner.java:290)
	at org.junit.runners.ParentRunner$1.schedule(ParentRunner.java:71)
	at org.junit.runners.ParentRunner.runChildren(ParentRunner.java:288)
	at org.junit.runners.ParentRunner.access$000(ParentRunner.java:58)
	at org.junit.runners.ParentRunner$2.evaluate(ParentRunner.java:268)
	at org.springframework.test.context.junit4.statements.RunBeforeTestClassCallbacks.evaluate(RunBeforeTestClassCallbacks.java:61)
	at org.springframework.test.context.junit4.statements.RunAfterTestClassCallbacks.evaluate(RunAfterTestClassCallbacks.java:70)
	at org.junit.runners.ParentRunner.run(ParentRunner.java:363)
	at org.springframework.test.context.junit4.SpringJUnit4ClassRunner.run(SpringJUnit4ClassRunner.java:191)
	at org.apache.maven.surefire.junit4.JUnit4Provider.execute(JUnit4Provider.java:367)
	at org.apache.maven.surefire.junit4.JUnit4Provider.executeWithRerun(JUnit4Provider.java:274)
	at org.apache.maven.surefire.junit4.JUnit4Provider.executeTestSet(JUnit4Provider.java:238)
	at org.apache.maven.surefire.junit4.JUnit4Provider.invoke(JUnit4Provider.java:161)
	at org.apache.maven.surefire.booter.ForkedBooter.invokeProviderInSameClassLoader(ForkedBooter.java:290)
	at org.apache.maven.surefire.booter.ForkedBooter.runSuitesInProcess(ForkedBooter.java:242)
	at org.apache.maven.surefire.booter.ForkedBooter.main(ForkedBooter.java:121)
[2018-03-14 12:07:40.921]  WARN Message [topic=TEST_CONSOLE_TOPIC, flag=0, properties={KEYS=TEST_TOPIC_KEY, WAIT=true, UNIQ_KEY=C0A859EB30A4011E1E6742F9B02A0018}, body=11]
[2018-03-14 12:07:40.922]  WARN AllocateMappedFileService service has exception. so return null
[2018-03-14 12:07:40.922] ERROR create maped file1 error, topic: TEST_CONSOLE_TOPIC clientAddr: 127.0.0.1
[2018-03-14 12:07:40.923]  WARN sendKernelImpl exception, resend at once, InvokeID: -2307743553254424421, RT: 2ms, Broker: MessageQueue [topic=TEST_CONSOLE_TOPIC, brokerName=ConsoleTestBroker, queueId=3]
org.apache.rocketmq.client.exception.MQBrokerException: CODE: 1  DESC: create mapped file failed, server is busy or broken.
For more information, please visit the url, http://rocketmq.apache.org/docs/faq/
	at org.apache.rocketmq.client.impl.MQClientAPIImpl.processSendResponse(MQClientAPIImpl.java:531)
	at org.apache.rocketmq.client.impl.MQClientAPIImpl.sendMessageSync(MQClientAPIImpl.java:345)
	at org.apache.rocketmq.client.impl.MQClientAPIImpl.sendMessage(MQClientAPIImpl.java:327)
	at org.apache.rocketmq.client.impl.MQClientAPIImpl.sendMessage(MQClientAPIImpl.java:290)
	at org.apache.rocketmq.client.impl.producer.DefaultMQProducerImpl.sendKernelImpl(DefaultMQProducerImpl.java:688)
	at org.apache.rocketmq.client.impl.producer.DefaultMQProducerImpl.sendDefaultImpl(DefaultMQProducerImpl.java:458)
	at org.apache.rocketmq.client.impl.producer.DefaultMQProducerImpl.send(DefaultMQProducerImpl.java:1049)
	at org.apache.rocketmq.client.impl.producer.DefaultMQProducerImpl.send(DefaultMQProducerImpl.java:1008)
	at org.apache.rocketmq.client.producer.DefaultMQProducer.send(DefaultMQProducer.java:204)
	at org.apache.rocketmq.console.testbase.RocketMQConsoleTestBase.sendTestTopicMessage(RocketMQConsoleTestBase.java:107)
	at org.apache.rocketmq.console.service.impl.TopicServiceImplTest.setUp(TopicServiceImplTest.java:57)
	at sun.reflect.NativeMethodAccessorImpl.invoke0(Native Method)
	at sun.reflect.NativeMethodAccessorImpl.invoke(NativeMethodAccessorImpl.java:57)
	at sun.reflect.DelegatingMethodAccessorImpl.invoke(DelegatingMethodAccessorImpl.java:43)
	at java.lang.reflect.Method.invoke(Method.java:606)
	at org.junit.runners.model.FrameworkMethod$1.runReflectiveCall(FrameworkMethod.java:50)
	at org.junit.internal.runners.model.ReflectiveCallable.run(ReflectiveCallable.java:12)
	at org.junit.runners.model.FrameworkMethod.invokeExplosively(FrameworkMethod.java:47)
	at org.junit.internal.runners.statements.RunBefores.evaluate(RunBefores.java:24)
	at org.springframework.test.context.junit4.statements.RunBeforeTestMethodCallbacks.evaluate(RunBeforeTestMethodCallbacks.java:75)
	at org.junit.internal.runners.statements.RunAfters.evaluate(RunAfters.java:27)
	at org.springframework.test.context.junit4.statements.RunAfterTestMethodCallbacks.evaluate(RunAfterTestMethodCallbacks.java:86)
	at org.springframework.test.context.junit4.statements.SpringRepeat.evaluate(SpringRepeat.java:84)
	at org.junit.runners.ParentRunner.runLeaf(ParentRunner.java:325)
	at org.springframework.test.context.junit4.SpringJUnit4ClassRunner.runChild(SpringJUnit4ClassRunner.java:252)
	at org.springframework.test.context.junit4.SpringJUnit4ClassRunner.runChild(SpringJUnit4ClassRunner.java:94)
	at org.junit.runners.ParentRunner$3.run(ParentRunner.java:290)
	at org.junit.runners.ParentRunner$1.schedule(ParentRunner.java:71)
	at org.junit.runners.ParentRunner.runChildren(ParentRunner.java:288)
	at org.junit.runners.ParentRunner.access$000(ParentRunner.java:58)
	at org.junit.runners.ParentRunner$2.evaluate(ParentRunner.java:268)
	at org.springframework.test.context.junit4.statements.RunBeforeTestClassCallbacks.evaluate(RunBeforeTestClassCallbacks.java:61)
	at org.springframework.test.context.junit4.statements.RunAfterTestClassCallbacks.evaluate(RunAfterTestClassCallbacks.java:70)
	at org.junit.runners.ParentRunner.run(ParentRunner.java:363)
	at org.springframework.test.context.junit4.SpringJUnit4ClassRunner.run(SpringJUnit4ClassRunner.java:191)
	at org.apache.maven.surefire.junit4.JUnit4Provider.execute(JUnit4Provider.java:367)
	at org.apache.maven.surefire.junit4.JUnit4Provider.executeWithRerun(JUnit4Provider.java:274)
	at org.apache.maven.surefire.junit4.JUnit4Provider.executeTestSet(JUnit4Provider.java:238)
	at org.apache.maven.surefire.junit4.JUnit4Provider.invoke(JUnit4Provider.java:161)
	at org.apache.maven.surefire.booter.ForkedBooter.invokeProviderInSameClassLoader(ForkedBooter.java:290)
	at org.apache.maven.surefire.booter.ForkedBooter.runSuitesInProcess(ForkedBooter.java:242)
	at org.apache.maven.surefire.booter.ForkedBooter.main(ForkedBooter.java:121)
[2018-03-14 12:07:40.923]  WARN Message [topic=TEST_CONSOLE_TOPIC, flag=0, properties={KEYS=TEST_TOPIC_KEY, WAIT=true, UNIQ_KEY=C0A859EB30A4011E1E6742F9B02A0018}, body=11]
[2018-03-14 12:07:41.019] ERROR map file C:\Users\Administrator\rocketmq-console-test\20180314120653\commitlog\00000000000000000000 Failed. 
java.io.IOException: Map failed
	at sun.nio.ch.FileChannelImpl.map(FileChannelImpl.java:888)
	at org.apache.rocketmq.store.MappedFile.init(MappedFile.java:160)
	at org.apache.rocketmq.store.MappedFile.<init>(MappedFile.java:71)
	at org.apache.rocketmq.store.AllocateMappedFileService.mmapOperation(AllocateMappedFileService.java:182)
	at org.apache.rocketmq.store.AllocateMappedFileService.run(AllocateMappedFileService.java:143)
	at java.lang.Thread.run(Thread.java:745)
Caused by: java.lang.OutOfMemoryError: Map failed
	at sun.nio.ch.FileChannelImpl.map0(Native Method)
	at sun.nio.ch.FileChannelImpl.map(FileChannelImpl.java:885)
	... 5 common frames omitted
[2018-03-14 12:07:41.019]  WARN AllocateMappedFileService service has exception. 
java.io.IOException: Map failed
	at sun.nio.ch.FileChannelImpl.map(FileChannelImpl.java:888)
	at org.apache.rocketmq.store.MappedFile.init(MappedFile.java:160)
	at org.apache.rocketmq.store.MappedFile.<init>(MappedFile.java:71)
	at org.apache.rocketmq.store.AllocateMappedFileService.mmapOperation(AllocateMappedFileService.java:182)
	at org.apache.rocketmq.store.AllocateMappedFileService.run(AllocateMappedFileService.java:143)
	at java.lang.Thread.run(Thread.java:745)
Caused by: java.lang.OutOfMemoryError: Map failed
	at sun.nio.ch.FileChannelImpl.map0(Native Method)
	at sun.nio.ch.FileChannelImpl.map(FileChannelImpl.java:885)
	... 5 common frames omitted
[2018-03-14 12:07:41.240] ERROR map file C:\Users\Administrator\rocketmq-console-test\20180314120653\commitlog\00000000000000000000 Failed. 
java.io.IOException: Map failed
	at sun.nio.ch.FileChannelImpl.map(FileChannelImpl.java:888)
	at org.apache.rocketmq.store.MappedFile.init(MappedFile.java:160)
	at org.apache.rocketmq.store.MappedFile.<init>(MappedFile.java:71)
	at org.apache.rocketmq.store.AllocateMappedFileService.mmapOperation(AllocateMappedFileService.java:182)
	at org.apache.rocketmq.store.AllocateMappedFileService.run(AllocateMappedFileService.java:143)
	at java.lang.Thread.run(Thread.java:745)
Caused by: java.lang.OutOfMemoryError: Map failed
	at sun.nio.ch.FileChannelImpl.map0(Native Method)
	at sun.nio.ch.FileChannelImpl.map(FileChannelImpl.java:885)
	... 5 common frames omitted
[2018-03-14 12:07:41.240]  WARN AllocateMappedFileService service has exception. 
java.io.IOException: Map failed
	at sun.nio.ch.FileChannelImpl.map(FileChannelImpl.java:888)
	at org.apache.rocketmq.store.MappedFile.init(MappedFile.java:160)
	at org.apache.rocketmq.store.MappedFile.<init>(MappedFile.java:71)
	at org.apache.rocketmq.store.AllocateMappedFileService.mmapOperation(AllocateMappedFileService.java:182)
	at org.apache.rocketmq.store.AllocateMappedFileService.run(AllocateMappedFileService.java:143)
	at java.lang.Thread.run(Thread.java:745)
Caused by: java.lang.OutOfMemoryError: Map failed
	at sun.nio.ch.FileChannelImpl.map0(Native Method)
	at sun.nio.ch.FileChannelImpl.map(FileChannelImpl.java:885)
	... 5 common frames omitted
]]></system-out>
  </testcase>
  <testcase name="createOrUpdate" classname="org.apache.rocketmq.console.service.impl.TopicServiceImplTest" time="5.518">
    <error message="send message error" type="java.lang.RuntimeException">java.lang.RuntimeException: send message error
	at org.apache.rocketmq.console.service.impl.TopicServiceImplTest.setUp(TopicServiceImplTest.java:57)
</error>
    <system-out><![CDATA[[2018-03-14 12:07:41.454] ERROR map file C:\Users\Administrator\rocketmq-console-test\20180314120653\commitlog\00000000000000000000 Failed. 
java.io.IOException: Map failed
	at sun.nio.ch.FileChannelImpl.map(FileChannelImpl.java:888)
	at org.apache.rocketmq.store.MappedFile.init(MappedFile.java:160)
	at org.apache.rocketmq.store.MappedFile.<init>(MappedFile.java:71)
	at org.apache.rocketmq.store.AllocateMappedFileService.mmapOperation(AllocateMappedFileService.java:182)
	at org.apache.rocketmq.store.AllocateMappedFileService.run(AllocateMappedFileService.java:143)
	at java.lang.Thread.run(Thread.java:745)
Caused by: java.lang.OutOfMemoryError: Map failed
	at sun.nio.ch.FileChannelImpl.map0(Native Method)
	at sun.nio.ch.FileChannelImpl.map(FileChannelImpl.java:885)
	... 5 common frames omitted
[2018-03-14 12:07:41.459]  WARN AllocateMappedFileService service has exception. 
java.io.IOException: Map failed
	at sun.nio.ch.FileChannelImpl.map(FileChannelImpl.java:888)
	at org.apache.rocketmq.store.MappedFile.init(MappedFile.java:160)
	at org.apache.rocketmq.store.MappedFile.<init>(MappedFile.java:71)
	at org.apache.rocketmq.store.AllocateMappedFileService.mmapOperation(AllocateMappedFileService.java:182)
	at org.apache.rocketmq.store.AllocateMappedFileService.run(AllocateMappedFileService.java:143)
	at java.lang.Thread.run(Thread.java:745)
Caused by: java.lang.OutOfMemoryError: Map failed
	at sun.nio.ch.FileChannelImpl.map0(Native Method)
	at sun.nio.ch.FileChannelImpl.map(FileChannelImpl.java:885)
	... 5 common frames omitted
[2018-03-14 12:07:41.695] ERROR map file C:\Users\Administrator\rocketmq-console-test\20180314120653\commitlog\00000000000000000000 Failed. 
java.io.IOException: Map failed
	at sun.nio.ch.FileChannelImpl.map(FileChannelImpl.java:888)
	at org.apache.rocketmq.store.MappedFile.init(MappedFile.java:160)
	at org.apache.rocketmq.store.MappedFile.<init>(MappedFile.java:71)
	at org.apache.rocketmq.store.AllocateMappedFileService.mmapOperation(AllocateMappedFileService.java:182)
	at org.apache.rocketmq.store.AllocateMappedFileService.run(AllocateMappedFileService.java:143)
	at java.lang.Thread.run(Thread.java:745)
Caused by: java.lang.OutOfMemoryError: Map failed
	at sun.nio.ch.FileChannelImpl.map0(Native Method)
	at sun.nio.ch.FileChannelImpl.map(FileChannelImpl.java:885)
	... 5 common frames omitted
[2018-03-14 12:07:41.695]  WARN AllocateMappedFileService service has exception. 
java.io.IOException: Map failed
	at sun.nio.ch.FileChannelImpl.map(FileChannelImpl.java:888)
	at org.apache.rocketmq.store.MappedFile.init(MappedFile.java:160)
	at org.apache.rocketmq.store.MappedFile.<init>(MappedFile.java:71)
	at org.apache.rocketmq.store.AllocateMappedFileService.mmapOperation(AllocateMappedFileService.java:182)
	at org.apache.rocketmq.store.AllocateMappedFileService.run(AllocateMappedFileService.java:143)
	at java.lang.Thread.run(Thread.java:745)
Caused by: java.lang.OutOfMemoryError: Map failed
	at sun.nio.ch.FileChannelImpl.map0(Native Method)
	at sun.nio.ch.FileChannelImpl.map(FileChannelImpl.java:885)
	... 5 common frames omitted
[2018-03-14 12:07:41.919] ERROR map file C:\Users\Administrator\rocketmq-console-test\20180314120653\commitlog\00000000000000000000 Failed. 
java.io.IOException: Map failed
	at sun.nio.ch.FileChannelImpl.map(FileChannelImpl.java:888)
	at org.apache.rocketmq.store.MappedFile.init(MappedFile.java:160)
	at org.apache.rocketmq.store.MappedFile.<init>(MappedFile.java:71)
	at org.apache.rocketmq.store.AllocateMappedFileService.mmapOperation(AllocateMappedFileService.java:182)
	at org.apache.rocketmq.store.AllocateMappedFileService.run(AllocateMappedFileService.java:143)
	at java.lang.Thread.run(Thread.java:745)
Caused by: java.lang.OutOfMemoryError: Map failed
	at sun.nio.ch.FileChannelImpl.map0(Native Method)
	at sun.nio.ch.FileChannelImpl.map(FileChannelImpl.java:885)
	... 5 common frames omitted
[2018-03-14 12:07:41.919]  WARN AllocateMappedFileService service has exception. 
java.io.IOException: Map failed
	at sun.nio.ch.FileChannelImpl.map(FileChannelImpl.java:888)
	at org.apache.rocketmq.store.MappedFile.init(MappedFile.java:160)
	at org.apache.rocketmq.store.MappedFile.<init>(MappedFile.java:71)
	at org.apache.rocketmq.store.AllocateMappedFileService.mmapOperation(AllocateMappedFileService.java:182)
	at org.apache.rocketmq.store.AllocateMappedFileService.run(AllocateMappedFileService.java:143)
	at java.lang.Thread.run(Thread.java:745)
Caused by: java.lang.OutOfMemoryError: Map failed
	at sun.nio.ch.FileChannelImpl.map0(Native Method)
	at sun.nio.ch.FileChannelImpl.map(FileChannelImpl.java:885)
	... 5 common frames omitted
[2018-03-14 12:07:42.144] ERROR map file C:\Users\Administrator\rocketmq-console-test\20180314120653\commitlog\00000000000000000000 Failed. 
java.io.IOException: Map failed
	at sun.nio.ch.FileChannelImpl.map(FileChannelImpl.java:888)
	at org.apache.rocketmq.store.MappedFile.init(MappedFile.java:160)
	at org.apache.rocketmq.store.MappedFile.<init>(MappedFile.java:71)
	at org.apache.rocketmq.store.AllocateMappedFileService.mmapOperation(AllocateMappedFileService.java:182)
	at org.apache.rocketmq.store.AllocateMappedFileService.run(AllocateMappedFileService.java:143)
	at java.lang.Thread.run(Thread.java:745)
Caused by: java.lang.OutOfMemoryError: Map failed
	at sun.nio.ch.FileChannelImpl.map0(Native Method)
	at sun.nio.ch.FileChannelImpl.map(FileChannelImpl.java:885)
	... 5 common frames omitted
[2018-03-14 12:07:42.144]  WARN AllocateMappedFileService service has exception. 
java.io.IOException: Map failed
	at sun.nio.ch.FileChannelImpl.map(FileChannelImpl.java:888)
	at org.apache.rocketmq.store.MappedFile.init(MappedFile.java:160)
	at org.apache.rocketmq.store.MappedFile.<init>(MappedFile.java:71)
	at org.apache.rocketmq.store.AllocateMappedFileService.mmapOperation(AllocateMappedFileService.java:182)
	at org.apache.rocketmq.store.AllocateMappedFileService.run(AllocateMappedFileService.java:143)
	at java.lang.Thread.run(Thread.java:745)
Caused by: java.lang.OutOfMemoryError: Map failed
	at sun.nio.ch.FileChannelImpl.map0(Native Method)
	at sun.nio.ch.FileChannelImpl.map(FileChannelImpl.java:885)
	... 5 common frames omitted
[2018-03-14 12:07:42.366] ERROR map file C:\Users\Administrator\rocketmq-console-test\20180314120653\commitlog\00000000000000000000 Failed. 
java.io.IOException: Map failed
	at sun.nio.ch.FileChannelImpl.map(FileChannelImpl.java:888)
	at org.apache.rocketmq.store.MappedFile.init(MappedFile.java:160)
	at org.apache.rocketmq.store.MappedFile.<init>(MappedFile.java:71)
	at org.apache.rocketmq.store.AllocateMappedFileService.mmapOperation(AllocateMappedFileService.java:182)
	at org.apache.rocketmq.store.AllocateMappedFileService.run(AllocateMappedFileService.java:143)
	at java.lang.Thread.run(Thread.java:745)
Caused by: java.lang.OutOfMemoryError: Map failed
	at sun.nio.ch.FileChannelImpl.map0(Native Method)
	at sun.nio.ch.FileChannelImpl.map(FileChannelImpl.java:885)
	... 5 common frames omitted
[2018-03-14 12:07:42.366]  WARN AllocateMappedFileService service has exception. 
java.io.IOException: Map failed
	at sun.nio.ch.FileChannelImpl.map(FileChannelImpl.java:888)
	at org.apache.rocketmq.store.MappedFile.init(MappedFile.java:160)
	at org.apache.rocketmq.store.MappedFile.<init>(MappedFile.java:71)
	at org.apache.rocketmq.store.AllocateMappedFileService.mmapOperation(AllocateMappedFileService.java:182)
	at org.apache.rocketmq.store.AllocateMappedFileService.run(AllocateMappedFileService.java:143)
	at java.lang.Thread.run(Thread.java:745)
Caused by: java.lang.OutOfMemoryError: Map failed
	at sun.nio.ch.FileChannelImpl.map0(Native Method)
	at sun.nio.ch.FileChannelImpl.map(FileChannelImpl.java:885)
	... 5 common frames omitted
[2018-03-14 12:07:42.589] ERROR map file C:\Users\Administrator\rocketmq-console-test\20180314120653\commitlog\00000000000000000000 Failed. 
java.io.IOException: Map failed
	at sun.nio.ch.FileChannelImpl.map(FileChannelImpl.java:888)
	at org.apache.rocketmq.store.MappedFile.init(MappedFile.java:160)
	at org.apache.rocketmq.store.MappedFile.<init>(MappedFile.java:71)
	at org.apache.rocketmq.store.AllocateMappedFileService.mmapOperation(AllocateMappedFileService.java:182)
	at org.apache.rocketmq.store.AllocateMappedFileService.run(AllocateMappedFileService.java:143)
	at java.lang.Thread.run(Thread.java:745)
Caused by: java.lang.OutOfMemoryError: Map failed
	at sun.nio.ch.FileChannelImpl.map0(Native Method)
	at sun.nio.ch.FileChannelImpl.map(FileChannelImpl.java:885)
	... 5 common frames omitted
[2018-03-14 12:07:42.590]  WARN AllocateMappedFileService service has exception. 
java.io.IOException: Map failed
	at sun.nio.ch.FileChannelImpl.map(FileChannelImpl.java:888)
	at org.apache.rocketmq.store.MappedFile.init(MappedFile.java:160)
	at org.apache.rocketmq.store.MappedFile.<init>(MappedFile.java:71)
	at org.apache.rocketmq.store.AllocateMappedFileService.mmapOperation(AllocateMappedFileService.java:182)
	at org.apache.rocketmq.store.AllocateMappedFileService.run(AllocateMappedFileService.java:143)
	at java.lang.Thread.run(Thread.java:745)
Caused by: java.lang.OutOfMemoryError: Map failed
	at sun.nio.ch.FileChannelImpl.map0(Native Method)
	at sun.nio.ch.FileChannelImpl.map(FileChannelImpl.java:885)
	... 5 common frames omitted
[2018-03-14 12:07:42.807] ERROR map file C:\Users\Administrator\rocketmq-console-test\20180314120653\commitlog\00000000000000000000 Failed. 
java.io.IOException: Map failed
	at sun.nio.ch.FileChannelImpl.map(FileChannelImpl.java:888)
	at org.apache.rocketmq.store.MappedFile.init(MappedFile.java:160)
	at org.apache.rocketmq.store.MappedFile.<init>(MappedFile.java:71)
	at org.apache.rocketmq.store.AllocateMappedFileService.mmapOperation(AllocateMappedFileService.java:182)
	at org.apache.rocketmq.store.AllocateMappedFileService.run(AllocateMappedFileService.java:143)
	at java.lang.Thread.run(Thread.java:745)
Caused by: java.lang.OutOfMemoryError: Map failed
	at sun.nio.ch.FileChannelImpl.map0(Native Method)
	at sun.nio.ch.FileChannelImpl.map(FileChannelImpl.java:885)
	... 5 common frames omitted
[2018-03-14 12:07:42.807]  WARN AllocateMappedFileService service has exception. 
java.io.IOException: Map failed
	at sun.nio.ch.FileChannelImpl.map(FileChannelImpl.java:888)
	at org.apache.rocketmq.store.MappedFile.init(MappedFile.java:160)
	at org.apache.rocketmq.store.MappedFile.<init>(MappedFile.java:71)
	at org.apache.rocketmq.store.AllocateMappedFileService.mmapOperation(AllocateMappedFileService.java:182)
	at org.apache.rocketmq.store.AllocateMappedFileService.run(AllocateMappedFileService.java:143)
	at java.lang.Thread.run(Thread.java:745)
Caused by: java.lang.OutOfMemoryError: Map failed
	at sun.nio.ch.FileChannelImpl.map0(Native Method)
	at sun.nio.ch.FileChannelImpl.map(FileChannelImpl.java:885)
	... 5 common frames omitted
[2018-03-14 12:07:43.028] ERROR map file C:\Users\Administrator\rocketmq-console-test\20180314120653\commitlog\00000000000000000000 Failed. 
java.io.IOException: Map failed
	at sun.nio.ch.FileChannelImpl.map(FileChannelImpl.java:888)
	at org.apache.rocketmq.store.MappedFile.init(MappedFile.java:160)
	at org.apache.rocketmq.store.MappedFile.<init>(MappedFile.java:71)
	at org.apache.rocketmq.store.AllocateMappedFileService.mmapOperation(AllocateMappedFileService.java:182)
	at org.apache.rocketmq.store.AllocateMappedFileService.run(AllocateMappedFileService.java:143)
	at java.lang.Thread.run(Thread.java:745)
Caused by: java.lang.OutOfMemoryError: Map failed
	at sun.nio.ch.FileChannelImpl.map0(Native Method)
	at sun.nio.ch.FileChannelImpl.map(FileChannelImpl.java:885)
	... 5 common frames omitted
[2018-03-14 12:07:43.028]  WARN AllocateMappedFileService service has exception. 
java.io.IOException: Map failed
	at sun.nio.ch.FileChannelImpl.map(FileChannelImpl.java:888)
	at org.apache.rocketmq.store.MappedFile.init(MappedFile.java:160)
	at org.apache.rocketmq.store.MappedFile.<init>(MappedFile.java:71)
	at org.apache.rocketmq.store.AllocateMappedFileService.mmapOperation(AllocateMappedFileService.java:182)
	at org.apache.rocketmq.store.AllocateMappedFileService.run(AllocateMappedFileService.java:143)
	at java.lang.Thread.run(Thread.java:745)
Caused by: java.lang.OutOfMemoryError: Map failed
	at sun.nio.ch.FileChannelImpl.map0(Native Method)
	at sun.nio.ch.FileChannelImpl.map(FileChannelImpl.java:885)
	... 5 common frames omitted
[2018-03-14 12:07:43.246] ERROR map file C:\Users\Administrator\rocketmq-console-test\20180314120653\commitlog\00000000000000000000 Failed. 
java.io.IOException: Map failed
	at sun.nio.ch.FileChannelImpl.map(FileChannelImpl.java:888)
	at org.apache.rocketmq.store.MappedFile.init(MappedFile.java:160)
	at org.apache.rocketmq.store.MappedFile.<init>(MappedFile.java:71)
	at org.apache.rocketmq.store.AllocateMappedFileService.mmapOperation(AllocateMappedFileService.java:182)
	at org.apache.rocketmq.store.AllocateMappedFileService.run(AllocateMappedFileService.java:143)
	at java.lang.Thread.run(Thread.java:745)
Caused by: java.lang.OutOfMemoryError: Map failed
	at sun.nio.ch.FileChannelImpl.map0(Native Method)
	at sun.nio.ch.FileChannelImpl.map(FileChannelImpl.java:885)
	... 5 common frames omitted
[2018-03-14 12:07:43.247]  WARN AllocateMappedFileService service has exception. 
java.io.IOException: Map failed
	at sun.nio.ch.FileChannelImpl.map(FileChannelImpl.java:888)
	at org.apache.rocketmq.store.MappedFile.init(MappedFile.java:160)
	at org.apache.rocketmq.store.MappedFile.<init>(MappedFile.java:71)
	at org.apache.rocketmq.store.AllocateMappedFileService.mmapOperation(AllocateMappedFileService.java:182)
	at org.apache.rocketmq.store.AllocateMappedFileService.run(AllocateMappedFileService.java:143)
	at java.lang.Thread.run(Thread.java:745)
Caused by: java.lang.OutOfMemoryError: Map failed
	at sun.nio.ch.FileChannelImpl.map0(Native Method)
	at sun.nio.ch.FileChannelImpl.map(FileChannelImpl.java:885)
	... 5 common frames omitted
[2018-03-14 12:07:43.467] ERROR map file C:\Users\Administrator\rocketmq-console-test\20180314120653\commitlog\00000000000000000000 Failed. 
java.io.IOException: Map failed
	at sun.nio.ch.FileChannelImpl.map(FileChannelImpl.java:888)
	at org.apache.rocketmq.store.MappedFile.init(MappedFile.java:160)
	at org.apache.rocketmq.store.MappedFile.<init>(MappedFile.java:71)
	at org.apache.rocketmq.store.AllocateMappedFileService.mmapOperation(AllocateMappedFileService.java:182)
	at org.apache.rocketmq.store.AllocateMappedFileService.run(AllocateMappedFileService.java:143)
	at java.lang.Thread.run(Thread.java:745)
Caused by: java.lang.OutOfMemoryError: Map failed
	at sun.nio.ch.FileChannelImpl.map0(Native Method)
	at sun.nio.ch.FileChannelImpl.map(FileChannelImpl.java:885)
	... 5 common frames omitted
[2018-03-14 12:07:43.467]  WARN AllocateMappedFileService service has exception. 
java.io.IOException: Map failed
	at sun.nio.ch.FileChannelImpl.map(FileChannelImpl.java:888)
	at org.apache.rocketmq.store.MappedFile.init(MappedFile.java:160)
	at org.apache.rocketmq.store.MappedFile.<init>(MappedFile.java:71)
	at org.apache.rocketmq.store.AllocateMappedFileService.mmapOperation(AllocateMappedFileService.java:182)
	at org.apache.rocketmq.store.AllocateMappedFileService.run(AllocateMappedFileService.java:143)
	at java.lang.Thread.run(Thread.java:745)
Caused by: java.lang.OutOfMemoryError: Map failed
	at sun.nio.ch.FileChannelImpl.map0(Native Method)
	at sun.nio.ch.FileChannelImpl.map(FileChannelImpl.java:885)
	... 5 common frames omitted
[2018-03-14 12:07:43.688] ERROR map file C:\Users\Administrator\rocketmq-console-test\20180314120653\commitlog\00000000000000000000 Failed. 
java.io.IOException: Map failed
	at sun.nio.ch.FileChannelImpl.map(FileChannelImpl.java:888)
	at org.apache.rocketmq.store.MappedFile.init(MappedFile.java:160)
	at org.apache.rocketmq.store.MappedFile.<init>(MappedFile.java:71)
	at org.apache.rocketmq.store.AllocateMappedFileService.mmapOperation(AllocateMappedFileService.java:182)
	at org.apache.rocketmq.store.AllocateMappedFileService.run(AllocateMappedFileService.java:143)
	at java.lang.Thread.run(Thread.java:745)
Caused by: java.lang.OutOfMemoryError: Map failed
	at sun.nio.ch.FileChannelImpl.map0(Native Method)
	at sun.nio.ch.FileChannelImpl.map(FileChannelImpl.java:885)
	... 5 common frames omitted
[2018-03-14 12:07:43.688]  WARN AllocateMappedFileService service has exception. 
java.io.IOException: Map failed
	at sun.nio.ch.FileChannelImpl.map(FileChannelImpl.java:888)
	at org.apache.rocketmq.store.MappedFile.init(MappedFile.java:160)
	at org.apache.rocketmq.store.MappedFile.<init>(MappedFile.java:71)
	at org.apache.rocketmq.store.AllocateMappedFileService.mmapOperation(AllocateMappedFileService.java:182)
	at org.apache.rocketmq.store.AllocateMappedFileService.run(AllocateMappedFileService.java:143)
	at java.lang.Thread.run(Thread.java:745)
Caused by: java.lang.OutOfMemoryError: Map failed
	at sun.nio.ch.FileChannelImpl.map0(Native Method)
	at sun.nio.ch.FileChannelImpl.map(FileChannelImpl.java:885)
	... 5 common frames omitted
[2018-03-14 12:07:43.920] ERROR map file C:\Users\Administrator\rocketmq-console-test\20180314120653\commitlog\00000000000000000000 Failed. 
java.io.IOException: Map failed
	at sun.nio.ch.FileChannelImpl.map(FileChannelImpl.java:888)
	at org.apache.rocketmq.store.MappedFile.init(MappedFile.java:160)
	at org.apache.rocketmq.store.MappedFile.<init>(MappedFile.java:71)
	at org.apache.rocketmq.store.AllocateMappedFileService.mmapOperation(AllocateMappedFileService.java:182)
	at org.apache.rocketmq.store.AllocateMappedFileService.run(AllocateMappedFileService.java:143)
	at java.lang.Thread.run(Thread.java:745)
Caused by: java.lang.OutOfMemoryError: Map failed
	at sun.nio.ch.FileChannelImpl.map0(Native Method)
	at sun.nio.ch.FileChannelImpl.map(FileChannelImpl.java:885)
	... 5 common frames omitted
[2018-03-14 12:07:43.920]  WARN AllocateMappedFileService service has exception. 
java.io.IOException: Map failed
	at sun.nio.ch.FileChannelImpl.map(FileChannelImpl.java:888)
	at org.apache.rocketmq.store.MappedFile.init(MappedFile.java:160)
	at org.apache.rocketmq.store.MappedFile.<init>(MappedFile.java:71)
	at org.apache.rocketmq.store.AllocateMappedFileService.mmapOperation(AllocateMappedFileService.java:182)
	at org.apache.rocketmq.store.AllocateMappedFileService.run(AllocateMappedFileService.java:143)
	at java.lang.Thread.run(Thread.java:745)
Caused by: java.lang.OutOfMemoryError: Map failed
	at sun.nio.ch.FileChannelImpl.map0(Native Method)
	at sun.nio.ch.FileChannelImpl.map(FileChannelImpl.java:885)
	... 5 common frames omitted
[2018-03-14 12:07:44.039]  WARN The consumer's group info not exist, group: CONSOLE_TEST_CONSUMER_GROUP
[2018-03-14 12:07:44.039]  WARN The consumer's group info not exist, group: CONSOLE_TEST_CONSUMER_GROUP
[2018-03-14 12:07:44.039] ERROR ProcessRequestWrapper response to /127.0.0.1:56398 failed
java.nio.channels.ClosedChannelException: null
[2018-03-14 12:07:44.039]  WARN The consumer's group info not exist, group: CONSOLE_TEST_CONSUMER_GROUP
[2018-03-14 12:07:44.039]  WARN The consumer's group info not exist, group: CONSOLE_TEST_CONSUMER_GROUP
[2018-03-14 12:07:44.039]  WARN The consumer's group info not exist, group: CONSOLE_TEST_CONSUMER_GROUP
[2018-03-14 12:07:44.039]  WARN The consumer's group info not exist, group: CONSOLE_TEST_CONSUMER_GROUP
[2018-03-14 12:07:44.039]  WARN The consumer's group info not exist, group: CONSOLE_TEST_CONSUMER_GROUP
[2018-03-14 12:07:44.040]  WARN The consumer's group info not exist, group: CONSOLE_TEST_CONSUMER_GROUP
[2018-03-14 12:07:44.040] ERROR RemotingCommand [code=11, language=JAVA, version=212, opaque=6413, flag(B)=0, remark=null, extFields={topic=TEST_CONSOLE_TOPIC, suspendTimeoutMillis=15000, queueId=15, subVersion=1521000446988, consumerGroup=CONSOLE_TEST_CONSUMER_GROUP, maxMsgNums=32, sysFlag=2, commitOffset=0, queueOffset=0}, serializeTypeCurrentRPC=JSON]
[2018-03-14 12:07:44.040]  WARN The consumer's group info not exist, group: CONSOLE_TEST_CONSUMER_GROUP
[2018-03-14 12:07:44.040]  WARN The consumer's group info not exist, group: CONSOLE_TEST_CONSUMER_GROUP
[2018-03-14 12:07:44.040]  WARN The consumer's group info not exist, group: CONSOLE_TEST_CONSUMER_GROUP
[2018-03-14 12:07:44.040]  WARN The consumer's group info not exist, group: CONSOLE_TEST_CONSUMER_GROUP
[2018-03-14 12:07:44.040]  WARN The consumer's group info not exist, group: CONSOLE_TEST_CONSUMER_GROUP
[2018-03-14 12:07:44.040]  WARN The consumer's group info not exist, group: CONSOLE_TEST_CONSUMER_GROUP
[2018-03-14 12:07:44.040]  WARN The consumer's group info not exist, group: CONSOLE_TEST_CONSUMER_GROUP
[2018-03-14 12:07:44.040]  WARN The consumer's group info not exist, group: CONSOLE_TEST_CONSUMER_GROUP
[2018-03-14 12:07:44.040]  WARN The consumer's group info not exist, group: CONSOLE_TEST_CONSUMER_GROUP
[2018-03-14 12:07:44.040]  WARN The consumer's group info not exist, group: CONSOLE_TEST_CONSUMER_GROUP
[2018-03-14 12:07:44.040] ERROR RemotingCommand [code=24, language=JAVA, version=212, opaque=6413, flag(B)=1, remark=the consumer's group info not exist
See http://rocketmq.apache.org/docs/faq/ for further details., extFields=null, serializeTypeCurrentRPC=JSON]
[2018-03-14 12:07:44.041] ERROR ProcessRequestWrapper response to /127.0.0.1:56398 failed
java.nio.channels.ClosedChannelException: null
[2018-03-14 12:07:44.041] ERROR RemotingCommand [code=11, language=JAVA, version=212, opaque=6403, flag(B)=0, remark=null, extFields={topic=TEST_CONSOLE_TOPIC, suspendTimeoutMillis=15000, queueId=2, subVersion=1521000446988, consumerGroup=CONSOLE_TEST_CONSUMER_GROUP, maxMsgNums=32, sysFlag=2, commitOffset=0, queueOffset=0}, serializeTypeCurrentRPC=JSON]
[2018-03-14 12:07:44.041] ERROR RemotingCommand [code=24, language=JAVA, version=212, opaque=6403, flag(B)=1, remark=the consumer's group info not exist
See http://rocketmq.apache.org/docs/faq/ for further details., extFields=null, serializeTypeCurrentRPC=JSON]
[2018-03-14 12:07:44.041] ERROR ProcessRequestWrapper response to /127.0.0.1:56398 failed
java.nio.channels.ClosedChannelException: null
[2018-03-14 12:07:44.041] ERROR RemotingCommand [code=11, language=JAVA, version=212, opaque=6409, flag(B)=0, remark=null, extFields={topic=TEST_CONSOLE_TOPIC, suspendTimeoutMillis=15000, queueId=14, subVersion=1521000446988, consumerGroup=CONSOLE_TEST_CONSUMER_GROUP, maxMsgNums=32, sysFlag=2, commitOffset=0, queueOffset=0}, serializeTypeCurrentRPC=JSON]
[2018-03-14 12:07:44.041] ERROR RemotingCommand [code=24, language=JAVA, version=212, opaque=6409, flag(B)=1, remark=the consumer's group info not exist
See http://rocketmq.apache.org/docs/faq/ for further details., extFields=null, serializeTypeCurrentRPC=JSON]
[2018-03-14 12:07:44.041] ERROR ProcessRequestWrapper response to /127.0.0.1:56398 failed
java.nio.channels.ClosedChannelException: null
[2018-03-14 12:07:44.041] ERROR RemotingCommand [code=11, language=JAVA, version=212, opaque=6407, flag(B)=0, remark=null, extFields={topic=TEST_CONSOLE_TOPIC, suspendTimeoutMillis=15000, queueId=12, subVersion=1521000446988, consumerGroup=CONSOLE_TEST_CONSUMER_GROUP, maxMsgNums=32, sysFlag=2, commitOffset=0, queueOffset=0}, serializeTypeCurrentRPC=JSON]
[2018-03-14 12:07:44.041] ERROR RemotingCommand [code=24, language=JAVA, version=212, opaque=6407, flag(B)=1, remark=the consumer's group info not exist
See http://rocketmq.apache.org/docs/faq/ for further details., extFields=null, serializeTypeCurrentRPC=JSON]
[2018-03-14 12:07:44.041] ERROR ProcessRequestWrapper response to /127.0.0.1:56398 failed
java.nio.channels.ClosedChannelException: null
[2018-03-14 12:07:44.041] ERROR RemotingCommand [code=11, language=JAVA, version=212, opaque=6416, flag(B)=0, remark=null, extFields={topic=TEST_CONSOLE_TOPIC, suspendTimeoutMillis=15000, queueId=11, subVersion=1521000446988, consumerGroup=CONSOLE_TEST_CONSUMER_GROUP, maxMsgNums=32, sysFlag=2, commitOffset=0, queueOffset=0}, serializeTypeCurrentRPC=JSON]
[2018-03-14 12:07:44.041] ERROR RemotingCommand [code=24, language=JAVA, version=212, opaque=6416, flag(B)=1, remark=the consumer's group info not exist
See http://rocketmq.apache.org/docs/faq/ for further details., extFields=null, serializeTypeCurrentRPC=JSON]
[2018-03-14 12:07:44.041] ERROR ProcessRequestWrapper response to /127.0.0.1:56398 failed
java.nio.channels.ClosedChannelException: null
[2018-03-14 12:07:44.041] ERROR RemotingCommand [code=11, language=JAVA, version=212, opaque=6412, flag(B)=0, remark=null, extFields={topic=TEST_CONSOLE_TOPIC, suspendTimeoutMillis=15000, queueId=5, subVersion=1521000446988, consumerGroup=CONSOLE_TEST_CONSUMER_GROUP, maxMsgNums=32, sysFlag=2, commitOffset=0, queueOffset=0}, serializeTypeCurrentRPC=JSON]
[2018-03-14 12:07:44.041] ERROR RemotingCommand [code=24, language=JAVA, version=212, opaque=6412, flag(B)=1, remark=the consumer's group info not exist
See http://rocketmq.apache.org/docs/faq/ for further details., extFields=null, serializeTypeCurrentRPC=JSON]
[2018-03-14 12:07:44.042] ERROR ProcessRequestWrapper response to /127.0.0.1:56398 failed
java.nio.channels.ClosedChannelException: null
[2018-03-14 12:07:44.042] ERROR RemotingCommand [code=11, language=JAVA, version=212, opaque=6417, flag(B)=0, remark=null, extFields={topic=TEST_CONSOLE_TOPIC, suspendTimeoutMillis=15000, queueId=10, subVersion=1521000446988, consumerGroup=CONSOLE_TEST_CONSUMER_GROUP, maxMsgNums=32, sysFlag=2, commitOffset=0, queueOffset=0}, serializeTypeCurrentRPC=JSON]
[2018-03-14 12:07:44.042] ERROR RemotingCommand [code=24, language=JAVA, version=212, opaque=6417, flag(B)=1, remark=the consumer's group info not exist
See http://rocketmq.apache.org/docs/faq/ for further details., extFields=null, serializeTypeCurrentRPC=JSON]
[2018-03-14 12:07:44.042] ERROR ProcessRequestWrapper response to /127.0.0.1:56398 failed
java.nio.channels.ClosedChannelException: null
[2018-03-14 12:07:44.042] ERROR RemotingCommand [code=11, language=JAVA, version=212, opaque=6461, flag(B)=0, remark=null, extFields={topic=%RETRY%CONSOLE_TEST_CONSUMER_GROUP, suspendTimeoutMillis=15000, queueId=1, subVersion=1521000446988, consumerGroup=CONSOLE_TEST_CONSUMER_GROUP, maxMsgNums=32, sysFlag=2, commitOffset=0, queueOffset=0}, serializeTypeCurrentRPC=JSON]
[2018-03-14 12:07:44.042] ERROR RemotingCommand [code=24, language=JAVA, version=212, opaque=6461, flag(B)=1, remark=the consumer's group info not exist
See http://rocketmq.apache.org/docs/faq/ for further details., extFields=null, serializeTypeCurrentRPC=JSON]
[2018-03-14 12:07:44.042] ERROR ProcessRequestWrapper response to /127.0.0.1:56398 failed
java.nio.channels.ClosedChannelException: null
[2018-03-14 12:07:44.042] ERROR RemotingCommand [code=11, language=JAVA, version=212, opaque=6405, flag(B)=0, remark=null, extFields={topic=TEST_CONSOLE_TOPIC, suspendTimeoutMillis=15000, queueId=7, subVersion=1521000446988, consumerGroup=CONSOLE_TEST_CONSUMER_GROUP, maxMsgNums=32, sysFlag=2, commitOffset=0, queueOffset=0}, serializeTypeCurrentRPC=JSON]
[2018-03-14 12:07:44.042] ERROR RemotingCommand [code=24, language=JAVA, version=212, opaque=6405, flag(B)=1, remark=the consumer's group info not exist
See http://rocketmq.apache.org/docs/faq/ for further details., extFields=null, serializeTypeCurrentRPC=JSON]
[2018-03-14 12:07:44.042] ERROR ProcessRequestWrapper response to /127.0.0.1:56398 failed
java.nio.channels.ClosedChannelException: null
[2018-03-14 12:07:44.042] ERROR RemotingCommand [code=11, language=JAVA, version=212, opaque=6411, flag(B)=0, remark=null, extFields={topic=TEST_CONSOLE_TOPIC, suspendTimeoutMillis=15000, queueId=4, subVersion=1521000446988, consumerGroup=CONSOLE_TEST_CONSUMER_GROUP, maxMsgNums=32, sysFlag=2, commitOffset=0, queueOffset=0}, serializeTypeCurrentRPC=JSON]
[2018-03-14 12:07:44.042] ERROR RemotingCommand [code=24, language=JAVA, version=212, opaque=6411, flag(B)=1, remark=the consumer's group info not exist
See http://rocketmq.apache.org/docs/faq/ for further details., extFields=null, serializeTypeCurrentRPC=JSON]
[2018-03-14 12:07:44.042] ERROR ProcessRequestWrapper response to /127.0.0.1:56398 failed
java.nio.channels.ClosedChannelException: null
[2018-03-14 12:07:44.042] ERROR RemotingCommand [code=11, language=JAVA, version=212, opaque=6408, flag(B)=0, remark=null, extFields={topic=TEST_CONSOLE_TOPIC, suspendTimeoutMillis=15000, queueId=6, subVersion=1521000446988, consumerGroup=CONSOLE_TEST_CONSUMER_GROUP, maxMsgNums=32, sysFlag=2, commitOffset=0, queueOffset=0}, serializeTypeCurrentRPC=JSON]
[2018-03-14 12:07:44.042] ERROR RemotingCommand [code=24, language=JAVA, version=212, opaque=6408, flag(B)=1, remark=the consumer's group info not exist
See http://rocketmq.apache.org/docs/faq/ for further details., extFields=null, serializeTypeCurrentRPC=JSON]
[2018-03-14 12:07:44.042] ERROR ProcessRequestWrapper response to /127.0.0.1:56398 failed
java.nio.channels.ClosedChannelException: null
[2018-03-14 12:07:44.042] ERROR RemotingCommand [code=11, language=JAVA, version=212, opaque=6462, flag(B)=0, remark=null, extFields={topic=%RETRY%CONSOLE_TEST_CONSUMER_GROUP, suspendTimeoutMillis=15000, queueId=0, subVersion=1521000446988, consumerGroup=CONSOLE_TEST_CONSUMER_GROUP, maxMsgNums=32, sysFlag=2, commitOffset=0, queueOffset=0}, serializeTypeCurrentRPC=JSON]
[2018-03-14 12:07:44.042] ERROR RemotingCommand [code=24, language=JAVA, version=212, opaque=6462, flag(B)=1, remark=the consumer's group info not exist
See http://rocketmq.apache.org/docs/faq/ for further details., extFields=null, serializeTypeCurrentRPC=JSON]
[2018-03-14 12:07:44.042] ERROR ProcessRequestWrapper response to /127.0.0.1:56398 failed
java.nio.channels.ClosedChannelException: null
[2018-03-14 12:07:44.042] ERROR RemotingCommand [code=11, language=JAVA, version=212, opaque=6414, flag(B)=0, remark=null, extFields={topic=TEST_CONSOLE_TOPIC, suspendTimeoutMillis=15000, queueId=8, subVersion=1521000446988, consumerGroup=CONSOLE_TEST_CONSUMER_GROUP, maxMsgNums=32, sysFlag=2, commitOffset=0, queueOffset=0}, serializeTypeCurrentRPC=JSON]
[2018-03-14 12:07:44.042] ERROR RemotingCommand [code=24, language=JAVA, version=212, opaque=6414, flag(B)=1, remark=the consumer's group info not exist
See http://rocketmq.apache.org/docs/faq/ for further details., extFields=null, serializeTypeCurrentRPC=JSON]
[2018-03-14 12:07:44.042] ERROR ProcessRequestWrapper response to /127.0.0.1:56398 failed
java.nio.channels.ClosedChannelException: null
[2018-03-14 12:07:44.042] ERROR RemotingCommand [code=11, language=JAVA, version=212, opaque=6401, flag(B)=0, remark=null, extFields={topic=TEST_CONSOLE_TOPIC, suspendTimeoutMillis=15000, queueId=1, subVersion=1521000446988, consumerGroup=CONSOLE_TEST_CONSUMER_GROUP, maxMsgNums=32, sysFlag=2, commitOffset=0, queueOffset=0}, serializeTypeCurrentRPC=JSON]
[2018-03-14 12:07:44.042] ERROR RemotingCommand [code=24, language=JAVA, version=212, opaque=6401, flag(B)=1, remark=the consumer's group info not exist
See http://rocketmq.apache.org/docs/faq/ for further details., extFields=null, serializeTypeCurrentRPC=JSON]
[2018-03-14 12:07:44.043] ERROR ProcessRequestWrapper response to /127.0.0.1:56398 failed
java.nio.channels.ClosedChannelException: null
[2018-03-14 12:07:44.043] ERROR RemotingCommand [code=11, language=JAVA, version=212, opaque=6415, flag(B)=0, remark=null, extFields={topic=TEST_CONSOLE_TOPIC, suspendTimeoutMillis=15000, queueId=9, subVersion=1521000446988, consumerGroup=CONSOLE_TEST_CONSUMER_GROUP, maxMsgNums=32, sysFlag=2, commitOffset=0, queueOffset=0}, serializeTypeCurrentRPC=JSON]
[2018-03-14 12:07:44.043] ERROR RemotingCommand [code=24, language=JAVA, version=212, opaque=6415, flag(B)=1, remark=the consumer's group info not exist
See http://rocketmq.apache.org/docs/faq/ for further details., extFields=null, serializeTypeCurrentRPC=JSON]
[2018-03-14 12:07:44.043] ERROR ProcessRequestWrapper response to /127.0.0.1:56398 failed
java.nio.channels.ClosedChannelException: null
[2018-03-14 12:07:44.043] ERROR RemotingCommand [code=11, language=JAVA, version=212, opaque=6402, flag(B)=0, remark=null, extFields={topic=TEST_CONSOLE_TOPIC, suspendTimeoutMillis=15000, queueId=0, subVersion=1521000446988, consumerGroup=CONSOLE_TEST_CONSUMER_GROUP, maxMsgNums=32, sysFlag=2, commitOffset=0, queueOffset=0}, serializeTypeCurrentRPC=JSON]
[2018-03-14 12:07:44.043] ERROR RemotingCommand [code=24, language=JAVA, version=212, opaque=6402, flag(B)=1, remark=the consumer's group info not exist
See http://rocketmq.apache.org/docs/faq/ for further details., extFields=null, serializeTypeCurrentRPC=JSON]
[2018-03-14 12:07:44.043] ERROR ProcessRequestWrapper response to /127.0.0.1:56398 failed
java.nio.channels.ClosedChannelException: null
[2018-03-14 12:07:44.043] ERROR RemotingCommand [code=11, language=JAVA, version=212, opaque=6406, flag(B)=0, remark=null, extFields={topic=TEST_CONSOLE_TOPIC, suspendTimeoutMillis=15000, queueId=13, subVersion=1521000446988, consumerGroup=CONSOLE_TEST_CONSUMER_GROUP, maxMsgNums=32, sysFlag=2, commitOffset=0, queueOffset=0}, serializeTypeCurrentRPC=JSON]
[2018-03-14 12:07:44.043] ERROR RemotingCommand [code=24, language=JAVA, version=212, opaque=6406, flag(B)=1, remark=the consumer's group info not exist
See http://rocketmq.apache.org/docs/faq/ for further details., extFields=null, serializeTypeCurrentRPC=JSON]
[2018-03-14 12:07:44.043] ERROR ProcessRequestWrapper response to /127.0.0.1:56398 failed
java.nio.channels.ClosedChannelException: null
[2018-03-14 12:07:44.043] ERROR RemotingCommand [code=11, language=JAVA, version=212, opaque=6404, flag(B)=0, remark=null, extFields={topic=TEST_CONSOLE_TOPIC, suspendTimeoutMillis=15000, queueId=3, subVersion=1521000446988, consumerGroup=CONSOLE_TEST_CONSUMER_GROUP, maxMsgNums=32, sysFlag=2, commitOffset=0, queueOffset=0}, serializeTypeCurrentRPC=JSON]
[2018-03-14 12:07:44.043] ERROR RemotingCommand [code=24, language=JAVA, version=212, opaque=6404, flag(B)=1, remark=the consumer's group info not exist
See http://rocketmq.apache.org/docs/faq/ for further details., extFields=null, serializeTypeCurrentRPC=JSON]
[2018-03-14 12:07:44.143] ERROR map file C:\Users\Administrator\rocketmq-console-test\20180314120653\commitlog\00000000000000000000 Failed. 
java.io.IOException: Map failed
	at sun.nio.ch.FileChannelImpl.map(FileChannelImpl.java:888)
	at org.apache.rocketmq.store.MappedFile.init(MappedFile.java:160)
	at org.apache.rocketmq.store.MappedFile.<init>(MappedFile.java:71)
	at org.apache.rocketmq.store.AllocateMappedFileService.mmapOperation(AllocateMappedFileService.java:182)
	at org.apache.rocketmq.store.AllocateMappedFileService.run(AllocateMappedFileService.java:143)
	at java.lang.Thread.run(Thread.java:745)
Caused by: java.lang.OutOfMemoryError: Map failed
	at sun.nio.ch.FileChannelImpl.map0(Native Method)
	at sun.nio.ch.FileChannelImpl.map(FileChannelImpl.java:885)
	... 5 common frames omitted
[2018-03-14 12:07:44.143]  WARN AllocateMappedFileService service has exception. 
java.io.IOException: Map failed
	at sun.nio.ch.FileChannelImpl.map(FileChannelImpl.java:888)
	at org.apache.rocketmq.store.MappedFile.init(MappedFile.java:160)
	at org.apache.rocketmq.store.MappedFile.<init>(MappedFile.java:71)
	at org.apache.rocketmq.store.AllocateMappedFileService.mmapOperation(AllocateMappedFileService.java:182)
	at org.apache.rocketmq.store.AllocateMappedFileService.run(AllocateMappedFileService.java:143)
	at java.lang.Thread.run(Thread.java:745)
Caused by: java.lang.OutOfMemoryError: Map failed
	at sun.nio.ch.FileChannelImpl.map0(Native Method)
	at sun.nio.ch.FileChannelImpl.map(FileChannelImpl.java:885)
	... 5 common frames omitted
[2018-03-14 12:07:44.366] ERROR map file C:\Users\Administrator\rocketmq-console-test\20180314120653\commitlog\00000000000000000000 Failed. 
java.io.IOException: Map failed
	at sun.nio.ch.FileChannelImpl.map(FileChannelImpl.java:888)
	at org.apache.rocketmq.store.MappedFile.init(MappedFile.java:160)
	at org.apache.rocketmq.store.MappedFile.<init>(MappedFile.java:71)
	at org.apache.rocketmq.store.AllocateMappedFileService.mmapOperation(AllocateMappedFileService.java:182)
	at org.apache.rocketmq.store.AllocateMappedFileService.run(AllocateMappedFileService.java:143)
	at java.lang.Thread.run(Thread.java:745)
Caused by: java.lang.OutOfMemoryError: Map failed
	at sun.nio.ch.FileChannelImpl.map0(Native Method)
	at sun.nio.ch.FileChannelImpl.map(FileChannelImpl.java:885)
	... 5 common frames omitted
[2018-03-14 12:07:44.366]  WARN AllocateMappedFileService service has exception. 
java.io.IOException: Map failed
	at sun.nio.ch.FileChannelImpl.map(FileChannelImpl.java:888)
	at org.apache.rocketmq.store.MappedFile.init(MappedFile.java:160)
	at org.apache.rocketmq.store.MappedFile.<init>(MappedFile.java:71)
	at org.apache.rocketmq.store.AllocateMappedFileService.mmapOperation(AllocateMappedFileService.java:182)
	at org.apache.rocketmq.store.AllocateMappedFileService.run(AllocateMappedFileService.java:143)
	at java.lang.Thread.run(Thread.java:745)
Caused by: java.lang.OutOfMemoryError: Map failed
	at sun.nio.ch.FileChannelImpl.map0(Native Method)
	at sun.nio.ch.FileChannelImpl.map(FileChannelImpl.java:885)
	... 5 common frames omitted
[2018-03-14 12:07:44.583] ERROR map file C:\Users\Administrator\rocketmq-console-test\20180314120653\commitlog\00000000000000000000 Failed. 
java.io.IOException: Map failed
	at sun.nio.ch.FileChannelImpl.map(FileChannelImpl.java:888)
	at org.apache.rocketmq.store.MappedFile.init(MappedFile.java:160)
	at org.apache.rocketmq.store.MappedFile.<init>(MappedFile.java:71)
	at org.apache.rocketmq.store.AllocateMappedFileService.mmapOperation(AllocateMappedFileService.java:182)
	at org.apache.rocketmq.store.AllocateMappedFileService.run(AllocateMappedFileService.java:143)
	at java.lang.Thread.run(Thread.java:745)
Caused by: java.lang.OutOfMemoryError: Map failed
	at sun.nio.ch.FileChannelImpl.map0(Native Method)
	at sun.nio.ch.FileChannelImpl.map(FileChannelImpl.java:885)
	... 5 common frames omitted
[2018-03-14 12:07:44.583]  WARN AllocateMappedFileService service has exception. 
java.io.IOException: Map failed
	at sun.nio.ch.FileChannelImpl.map(FileChannelImpl.java:888)
	at org.apache.rocketmq.store.MappedFile.init(MappedFile.java:160)
	at org.apache.rocketmq.store.MappedFile.<init>(MappedFile.java:71)
	at org.apache.rocketmq.store.AllocateMappedFileService.mmapOperation(AllocateMappedFileService.java:182)
	at org.apache.rocketmq.store.AllocateMappedFileService.run(AllocateMappedFileService.java:143)
	at java.lang.Thread.run(Thread.java:745)
Caused by: java.lang.OutOfMemoryError: Map failed
	at sun.nio.ch.FileChannelImpl.map0(Native Method)
	at sun.nio.ch.FileChannelImpl.map(FileChannelImpl.java:885)
	... 5 common frames omitted
[2018-03-14 12:07:44.803] ERROR map file C:\Users\Administrator\rocketmq-console-test\20180314120653\commitlog\00000000000000000000 Failed. 
java.io.IOException: Map failed
	at sun.nio.ch.FileChannelImpl.map(FileChannelImpl.java:888)
	at org.apache.rocketmq.store.MappedFile.init(MappedFile.java:160)
	at org.apache.rocketmq.store.MappedFile.<init>(MappedFile.java:71)
	at org.apache.rocketmq.store.AllocateMappedFileService.mmapOperation(AllocateMappedFileService.java:182)
	at org.apache.rocketmq.store.AllocateMappedFileService.run(AllocateMappedFileService.java:143)
	at java.lang.Thread.run(Thread.java:745)
Caused by: java.lang.OutOfMemoryError: Map failed
	at sun.nio.ch.FileChannelImpl.map0(Native Method)
	at sun.nio.ch.FileChannelImpl.map(FileChannelImpl.java:885)
	... 5 common frames omitted
[2018-03-14 12:07:44.803]  WARN AllocateMappedFileService service has exception. 
java.io.IOException: Map failed
	at sun.nio.ch.FileChannelImpl.map(FileChannelImpl.java:888)
	at org.apache.rocketmq.store.MappedFile.init(MappedFile.java:160)
	at org.apache.rocketmq.store.MappedFile.<init>(MappedFile.java:71)
	at org.apache.rocketmq.store.AllocateMappedFileService.mmapOperation(AllocateMappedFileService.java:182)
	at org.apache.rocketmq.store.AllocateMappedFileService.run(AllocateMappedFileService.java:143)
	at java.lang.Thread.run(Thread.java:745)
Caused by: java.lang.OutOfMemoryError: Map failed
	at sun.nio.ch.FileChannelImpl.map0(Native Method)
	at sun.nio.ch.FileChannelImpl.map(FileChannelImpl.java:885)
	... 5 common frames omitted
[2018-03-14 12:07:45.019] ERROR map file C:\Users\Administrator\rocketmq-console-test\20180314120653\commitlog\00000000000000000000 Failed. 
java.io.IOException: Map failed
	at sun.nio.ch.FileChannelImpl.map(FileChannelImpl.java:888)
	at org.apache.rocketmq.store.MappedFile.init(MappedFile.java:160)
	at org.apache.rocketmq.store.MappedFile.<init>(MappedFile.java:71)
	at org.apache.rocketmq.store.AllocateMappedFileService.mmapOperation(AllocateMappedFileService.java:182)
	at org.apache.rocketmq.store.AllocateMappedFileService.run(AllocateMappedFileService.java:143)
	at java.lang.Thread.run(Thread.java:745)
Caused by: java.lang.OutOfMemoryError: Map failed
	at sun.nio.ch.FileChannelImpl.map0(Native Method)
	at sun.nio.ch.FileChannelImpl.map(FileChannelImpl.java:885)
	... 5 common frames omitted
[2018-03-14 12:07:45.020]  WARN AllocateMappedFileService service has exception. 
java.io.IOException: Map failed
	at sun.nio.ch.FileChannelImpl.map(FileChannelImpl.java:888)
	at org.apache.rocketmq.store.MappedFile.init(MappedFile.java:160)
	at org.apache.rocketmq.store.MappedFile.<init>(MappedFile.java:71)
	at org.apache.rocketmq.store.AllocateMappedFileService.mmapOperation(AllocateMappedFileService.java:182)
	at org.apache.rocketmq.store.AllocateMappedFileService.run(AllocateMappedFileService.java:143)
	at java.lang.Thread.run(Thread.java:745)
Caused by: java.lang.OutOfMemoryError: Map failed
	at sun.nio.ch.FileChannelImpl.map0(Native Method)
	at sun.nio.ch.FileChannelImpl.map(FileChannelImpl.java:885)
	... 5 common frames omitted
[2018-03-14 12:07:45.239] ERROR map file C:\Users\Administrator\rocketmq-console-test\20180314120653\commitlog\00000000000000000000 Failed. 
java.io.IOException: Map failed
	at sun.nio.ch.FileChannelImpl.map(FileChannelImpl.java:888)
	at org.apache.rocketmq.store.MappedFile.init(MappedFile.java:160)
	at org.apache.rocketmq.store.MappedFile.<init>(MappedFile.java:71)
	at org.apache.rocketmq.store.AllocateMappedFileService.mmapOperation(AllocateMappedFileService.java:182)
	at org.apache.rocketmq.store.AllocateMappedFileService.run(AllocateMappedFileService.java:143)
	at java.lang.Thread.run(Thread.java:745)
Caused by: java.lang.OutOfMemoryError: Map failed
	at sun.nio.ch.FileChannelImpl.map0(Native Method)
	at sun.nio.ch.FileChannelImpl.map(FileChannelImpl.java:885)
	... 5 common frames omitted
[2018-03-14 12:07:45.239]  WARN AllocateMappedFileService service has exception. 
java.io.IOException: Map failed
	at sun.nio.ch.FileChannelImpl.map(FileChannelImpl.java:888)
	at org.apache.rocketmq.store.MappedFile.init(MappedFile.java:160)
	at org.apache.rocketmq.store.MappedFile.<init>(MappedFile.java:71)
	at org.apache.rocketmq.store.AllocateMappedFileService.mmapOperation(AllocateMappedFileService.java:182)
	at org.apache.rocketmq.store.AllocateMappedFileService.run(AllocateMappedFileService.java:143)
	at java.lang.Thread.run(Thread.java:745)
Caused by: java.lang.OutOfMemoryError: Map failed
	at sun.nio.ch.FileChannelImpl.map0(Native Method)
	at sun.nio.ch.FileChannelImpl.map(FileChannelImpl.java:885)
	... 5 common frames omitted
[2018-03-14 12:07:45.366]  WARN AllocateMappedFileService service has exception. so return null
[2018-03-14 12:07:45.366] ERROR create maped file1 error, topic: TEST_CONSOLE_TOPIC clientAddr: 127.0.0.1
[2018-03-14 12:07:45.367]  WARN sendKernelImpl exception, resend at once, InvokeID: 4383506863250376236, RT: 3ms, Broker: MessageQueue [topic=TEST_CONSOLE_TOPIC, brokerName=ConsoleTestBroker, queueId=10]
org.apache.rocketmq.client.exception.MQBrokerException: CODE: 1  DESC: create mapped file failed, server is busy or broken.
For more information, please visit the url, http://rocketmq.apache.org/docs/faq/
	at org.apache.rocketmq.client.impl.MQClientAPIImpl.processSendResponse(MQClientAPIImpl.java:531)
	at org.apache.rocketmq.client.impl.MQClientAPIImpl.sendMessageSync(MQClientAPIImpl.java:345)
	at org.apache.rocketmq.client.impl.MQClientAPIImpl.sendMessage(MQClientAPIImpl.java:327)
	at org.apache.rocketmq.client.impl.MQClientAPIImpl.sendMessage(MQClientAPIImpl.java:290)
	at org.apache.rocketmq.client.impl.producer.DefaultMQProducerImpl.sendKernelImpl(DefaultMQProducerImpl.java:688)
	at org.apache.rocketmq.client.impl.producer.DefaultMQProducerImpl.sendDefaultImpl(DefaultMQProducerImpl.java:458)
	at org.apache.rocketmq.client.impl.producer.DefaultMQProducerImpl.send(DefaultMQProducerImpl.java:1049)
	at org.apache.rocketmq.client.impl.producer.DefaultMQProducerImpl.send(DefaultMQProducerImpl.java:1008)
	at org.apache.rocketmq.client.producer.DefaultMQProducer.send(DefaultMQProducer.java:204)
	at org.apache.rocketmq.console.testbase.RocketMQConsoleTestBase.sendTestTopicMessage(RocketMQConsoleTestBase.java:107)
	at org.apache.rocketmq.console.service.impl.TopicServiceImplTest.setUp(TopicServiceImplTest.java:57)
	at sun.reflect.NativeMethodAccessorImpl.invoke0(Native Method)
	at sun.reflect.NativeMethodAccessorImpl.invoke(NativeMethodAccessorImpl.java:57)
	at sun.reflect.DelegatingMethodAccessorImpl.invoke(DelegatingMethodAccessorImpl.java:43)
	at java.lang.reflect.Method.invoke(Method.java:606)
	at org.junit.runners.model.FrameworkMethod$1.runReflectiveCall(FrameworkMethod.java:50)
	at org.junit.internal.runners.model.ReflectiveCallable.run(ReflectiveCallable.java:12)
	at org.junit.runners.model.FrameworkMethod.invokeExplosively(FrameworkMethod.java:47)
	at org.junit.internal.runners.statements.RunBefores.evaluate(RunBefores.java:24)
	at org.springframework.test.context.junit4.statements.RunBeforeTestMethodCallbacks.evaluate(RunBeforeTestMethodCallbacks.java:75)
	at org.junit.internal.runners.statements.RunAfters.evaluate(RunAfters.java:27)
	at org.springframework.test.context.junit4.statements.RunAfterTestMethodCallbacks.evaluate(RunAfterTestMethodCallbacks.java:86)
	at org.springframework.test.context.junit4.statements.SpringRepeat.evaluate(SpringRepeat.java:84)
	at org.junit.runners.ParentRunner.runLeaf(ParentRunner.java:325)
	at org.springframework.test.context.junit4.SpringJUnit4ClassRunner.runChild(SpringJUnit4ClassRunner.java:252)
	at org.springframework.test.context.junit4.SpringJUnit4ClassRunner.runChild(SpringJUnit4ClassRunner.java:94)
	at org.junit.runners.ParentRunner$3.run(ParentRunner.java:290)
	at org.junit.runners.ParentRunner$1.schedule(ParentRunner.java:71)
	at org.junit.runners.ParentRunner.runChildren(ParentRunner.java:288)
	at org.junit.runners.ParentRunner.access$000(ParentRunner.java:58)
	at org.junit.runners.ParentRunner$2.evaluate(ParentRunner.java:268)
	at org.springframework.test.context.junit4.statements.RunBeforeTestClassCallbacks.evaluate(RunBeforeTestClassCallbacks.java:61)
	at org.springframework.test.context.junit4.statements.RunAfterTestClassCallbacks.evaluate(RunAfterTestClassCallbacks.java:70)
	at org.junit.runners.ParentRunner.run(ParentRunner.java:363)
	at org.springframework.test.context.junit4.SpringJUnit4ClassRunner.run(SpringJUnit4ClassRunner.java:191)
	at org.apache.maven.surefire.junit4.JUnit4Provider.execute(JUnit4Provider.java:367)
	at org.apache.maven.surefire.junit4.JUnit4Provider.executeWithRerun(JUnit4Provider.java:274)
	at org.apache.maven.surefire.junit4.JUnit4Provider.executeTestSet(JUnit4Provider.java:238)
	at org.apache.maven.surefire.junit4.JUnit4Provider.invoke(JUnit4Provider.java:161)
	at org.apache.maven.surefire.booter.ForkedBooter.invokeProviderInSameClassLoader(ForkedBooter.java:290)
	at org.apache.maven.surefire.booter.ForkedBooter.runSuitesInProcess(ForkedBooter.java:242)
	at org.apache.maven.surefire.booter.ForkedBooter.main(ForkedBooter.java:121)
[2018-03-14 12:07:45.367]  WARN Message [topic=TEST_CONSOLE_TOPIC, flag=0, properties={KEYS=TEST_TOPIC_KEY, WAIT=true, UNIQ_KEY=C0A859EB30A4011E1E6742F9C5D30019}, body=11]
[2018-03-14 12:07:45.368]  WARN AllocateMappedFileService service has exception. so return null
[2018-03-14 12:07:45.368] ERROR create maped file1 error, topic: TEST_CONSOLE_TOPIC clientAddr: 127.0.0.1
[2018-03-14 12:07:45.369]  WARN sendKernelImpl exception, resend at once, InvokeID: 4383506863250376236, RT: 1ms, Broker: MessageQueue [topic=TEST_CONSOLE_TOPIC, brokerName=ConsoleTestBroker, queueId=12]
org.apache.rocketmq.client.exception.MQBrokerException: CODE: 1  DESC: create mapped file failed, server is busy or broken.
For more information, please visit the url, http://rocketmq.apache.org/docs/faq/
	at org.apache.rocketmq.client.impl.MQClientAPIImpl.processSendResponse(MQClientAPIImpl.java:531)
	at org.apache.rocketmq.client.impl.MQClientAPIImpl.sendMessageSync(MQClientAPIImpl.java:345)
	at org.apache.rocketmq.client.impl.MQClientAPIImpl.sendMessage(MQClientAPIImpl.java:327)
	at org.apache.rocketmq.client.impl.MQClientAPIImpl.sendMessage(MQClientAPIImpl.java:290)
	at org.apache.rocketmq.client.impl.producer.DefaultMQProducerImpl.sendKernelImpl(DefaultMQProducerImpl.java:688)
	at org.apache.rocketmq.client.impl.producer.DefaultMQProducerImpl.sendDefaultImpl(DefaultMQProducerImpl.java:458)
	at org.apache.rocketmq.client.impl.producer.DefaultMQProducerImpl.send(DefaultMQProducerImpl.java:1049)
	at org.apache.rocketmq.client.impl.producer.DefaultMQProducerImpl.send(DefaultMQProducerImpl.java:1008)
	at org.apache.rocketmq.client.producer.DefaultMQProducer.send(DefaultMQProducer.java:204)
	at org.apache.rocketmq.console.testbase.RocketMQConsoleTestBase.sendTestTopicMessage(RocketMQConsoleTestBase.java:107)
	at org.apache.rocketmq.console.service.impl.TopicServiceImplTest.setUp(TopicServiceImplTest.java:57)
	at sun.reflect.NativeMethodAccessorImpl.invoke0(Native Method)
	at sun.reflect.NativeMethodAccessorImpl.invoke(NativeMethodAccessorImpl.java:57)
	at sun.reflect.DelegatingMethodAccessorImpl.invoke(DelegatingMethodAccessorImpl.java:43)
	at java.lang.reflect.Method.invoke(Method.java:606)
	at org.junit.runners.model.FrameworkMethod$1.runReflectiveCall(FrameworkMethod.java:50)
	at org.junit.internal.runners.model.ReflectiveCallable.run(ReflectiveCallable.java:12)
	at org.junit.runners.model.FrameworkMethod.invokeExplosively(FrameworkMethod.java:47)
	at org.junit.internal.runners.statements.RunBefores.evaluate(RunBefores.java:24)
	at org.springframework.test.context.junit4.statements.RunBeforeTestMethodCallbacks.evaluate(RunBeforeTestMethodCallbacks.java:75)
	at org.junit.internal.runners.statements.RunAfters.evaluate(RunAfters.java:27)
	at org.springframework.test.context.junit4.statements.RunAfterTestMethodCallbacks.evaluate(RunAfterTestMethodCallbacks.java:86)
	at org.springframework.test.context.junit4.statements.SpringRepeat.evaluate(SpringRepeat.java:84)
	at org.junit.runners.ParentRunner.runLeaf(ParentRunner.java:325)
	at org.springframework.test.context.junit4.SpringJUnit4ClassRunner.runChild(SpringJUnit4ClassRunner.java:252)
	at org.springframework.test.context.junit4.SpringJUnit4ClassRunner.runChild(SpringJUnit4ClassRunner.java:94)
	at org.junit.runners.ParentRunner$3.run(ParentRunner.java:290)
	at org.junit.runners.ParentRunner$1.schedule(ParentRunner.java:71)
	at org.junit.runners.ParentRunner.runChildren(ParentRunner.java:288)
	at org.junit.runners.ParentRunner.access$000(ParentRunner.java:58)
	at org.junit.runners.ParentRunner$2.evaluate(ParentRunner.java:268)
	at org.springframework.test.context.junit4.statements.RunBeforeTestClassCallbacks.evaluate(RunBeforeTestClassCallbacks.java:61)
	at org.springframework.test.context.junit4.statements.RunAfterTestClassCallbacks.evaluate(RunAfterTestClassCallbacks.java:70)
	at org.junit.runners.ParentRunner.run(ParentRunner.java:363)
	at org.springframework.test.context.junit4.SpringJUnit4ClassRunner.run(SpringJUnit4ClassRunner.java:191)
	at org.apache.maven.surefire.junit4.JUnit4Provider.execute(JUnit4Provider.java:367)
	at org.apache.maven.surefire.junit4.JUnit4Provider.executeWithRerun(JUnit4Provider.java:274)
	at org.apache.maven.surefire.junit4.JUnit4Provider.executeTestSet(JUnit4Provider.java:238)
	at org.apache.maven.surefire.junit4.JUnit4Provider.invoke(JUnit4Provider.java:161)
	at org.apache.maven.surefire.booter.ForkedBooter.invokeProviderInSameClassLoader(ForkedBooter.java:290)
	at org.apache.maven.surefire.booter.ForkedBooter.runSuitesInProcess(ForkedBooter.java:242)
	at org.apache.maven.surefire.booter.ForkedBooter.main(ForkedBooter.java:121)
[2018-03-14 12:07:45.369]  WARN Message [topic=TEST_CONSOLE_TOPIC, flag=0, properties={KEYS=TEST_TOPIC_KEY, WAIT=true, UNIQ_KEY=C0A859EB30A4011E1E6742F9C5D30019}, body=11]
[2018-03-14 12:07:45.370]  WARN AllocateMappedFileService service has exception. so return null
[2018-03-14 12:07:45.370] ERROR create maped file1 error, topic: TEST_CONSOLE_TOPIC clientAddr: 127.0.0.1
[2018-03-14 12:07:45.370]  WARN sendKernelImpl exception, resend at once, InvokeID: 4383506863250376236, RT: 1ms, Broker: MessageQueue [topic=TEST_CONSOLE_TOPIC, brokerName=ConsoleTestBroker, queueId=14]
org.apache.rocketmq.client.exception.MQBrokerException: CODE: 1  DESC: create mapped file failed, server is busy or broken.
For more information, please visit the url, http://rocketmq.apache.org/docs/faq/
	at org.apache.rocketmq.client.impl.MQClientAPIImpl.processSendResponse(MQClientAPIImpl.java:531)
	at org.apache.rocketmq.client.impl.MQClientAPIImpl.sendMessageSync(MQClientAPIImpl.java:345)
	at org.apache.rocketmq.client.impl.MQClientAPIImpl.sendMessage(MQClientAPIImpl.java:327)
	at org.apache.rocketmq.client.impl.MQClientAPIImpl.sendMessage(MQClientAPIImpl.java:290)
	at org.apache.rocketmq.client.impl.producer.DefaultMQProducerImpl.sendKernelImpl(DefaultMQProducerImpl.java:688)
	at org.apache.rocketmq.client.impl.producer.DefaultMQProducerImpl.sendDefaultImpl(DefaultMQProducerImpl.java:458)
	at org.apache.rocketmq.client.impl.producer.DefaultMQProducerImpl.send(DefaultMQProducerImpl.java:1049)
	at org.apache.rocketmq.client.impl.producer.DefaultMQProducerImpl.send(DefaultMQProducerImpl.java:1008)
	at org.apache.rocketmq.client.producer.DefaultMQProducer.send(DefaultMQProducer.java:204)
	at org.apache.rocketmq.console.testbase.RocketMQConsoleTestBase.sendTestTopicMessage(RocketMQConsoleTestBase.java:107)
	at org.apache.rocketmq.console.service.impl.TopicServiceImplTest.setUp(TopicServiceImplTest.java:57)
	at sun.reflect.NativeMethodAccessorImpl.invoke0(Native Method)
	at sun.reflect.NativeMethodAccessorImpl.invoke(NativeMethodAccessorImpl.java:57)
	at sun.reflect.DelegatingMethodAccessorImpl.invoke(DelegatingMethodAccessorImpl.java:43)
	at java.lang.reflect.Method.invoke(Method.java:606)
	at org.junit.runners.model.FrameworkMethod$1.runReflectiveCall(FrameworkMethod.java:50)
	at org.junit.internal.runners.model.ReflectiveCallable.run(ReflectiveCallable.java:12)
	at org.junit.runners.model.FrameworkMethod.invokeExplosively(FrameworkMethod.java:47)
	at org.junit.internal.runners.statements.RunBefores.evaluate(RunBefores.java:24)
	at org.springframework.test.context.junit4.statements.RunBeforeTestMethodCallbacks.evaluate(RunBeforeTestMethodCallbacks.java:75)
	at org.junit.internal.runners.statements.RunAfters.evaluate(RunAfters.java:27)
	at org.springframework.test.context.junit4.statements.RunAfterTestMethodCallbacks.evaluate(RunAfterTestMethodCallbacks.java:86)
	at org.springframework.test.context.junit4.statements.SpringRepeat.evaluate(SpringRepeat.java:84)
	at org.junit.runners.ParentRunner.runLeaf(ParentRunner.java:325)
	at org.springframework.test.context.junit4.SpringJUnit4ClassRunner.runChild(SpringJUnit4ClassRunner.java:252)
	at org.springframework.test.context.junit4.SpringJUnit4ClassRunner.runChild(SpringJUnit4ClassRunner.java:94)
	at org.junit.runners.ParentRunner$3.run(ParentRunner.java:290)
	at org.junit.runners.ParentRunner$1.schedule(ParentRunner.java:71)
	at org.junit.runners.ParentRunner.runChildren(ParentRunner.java:288)
	at org.junit.runners.ParentRunner.access$000(ParentRunner.java:58)
	at org.junit.runners.ParentRunner$2.evaluate(ParentRunner.java:268)
	at org.springframework.test.context.junit4.statements.RunBeforeTestClassCallbacks.evaluate(RunBeforeTestClassCallbacks.java:61)
	at org.springframework.test.context.junit4.statements.RunAfterTestClassCallbacks.evaluate(RunAfterTestClassCallbacks.java:70)
	at org.junit.runners.ParentRunner.run(ParentRunner.java:363)
	at org.springframework.test.context.junit4.SpringJUnit4ClassRunner.run(SpringJUnit4ClassRunner.java:191)
	at org.apache.maven.surefire.junit4.JUnit4Provider.execute(JUnit4Provider.java:367)
	at org.apache.maven.surefire.junit4.JUnit4Provider.executeWithRerun(JUnit4Provider.java:274)
	at org.apache.maven.surefire.junit4.JUnit4Provider.executeTestSet(JUnit4Provider.java:238)
	at org.apache.maven.surefire.junit4.JUnit4Provider.invoke(JUnit4Provider.java:161)
	at org.apache.maven.surefire.booter.ForkedBooter.invokeProviderInSameClassLoader(ForkedBooter.java:290)
	at org.apache.maven.surefire.booter.ForkedBooter.runSuitesInProcess(ForkedBooter.java:242)
	at org.apache.maven.surefire.booter.ForkedBooter.main(ForkedBooter.java:121)
[2018-03-14 12:07:45.371]  WARN Message [topic=TEST_CONSOLE_TOPIC, flag=0, properties={KEYS=TEST_TOPIC_KEY, WAIT=true, UNIQ_KEY=C0A859EB30A4011E1E6742F9C5D30019}, body=11]
[2018-03-14 12:07:45.460] ERROR map file C:\Users\Administrator\rocketmq-console-test\20180314120653\commitlog\00000000000000000000 Failed. 
java.io.IOException: Map failed
	at sun.nio.ch.FileChannelImpl.map(FileChannelImpl.java:888)
	at org.apache.rocketmq.store.MappedFile.init(MappedFile.java:160)
	at org.apache.rocketmq.store.MappedFile.<init>(MappedFile.java:71)
	at org.apache.rocketmq.store.AllocateMappedFileService.mmapOperation(AllocateMappedFileService.java:182)
	at org.apache.rocketmq.store.AllocateMappedFileService.run(AllocateMappedFileService.java:143)
	at java.lang.Thread.run(Thread.java:745)
Caused by: java.lang.OutOfMemoryError: Map failed
	at sun.nio.ch.FileChannelImpl.map0(Native Method)
	at sun.nio.ch.FileChannelImpl.map(FileChannelImpl.java:885)
	... 5 common frames omitted
[2018-03-14 12:07:45.460]  WARN AllocateMappedFileService service has exception. 
java.io.IOException: Map failed
	at sun.nio.ch.FileChannelImpl.map(FileChannelImpl.java:888)
	at org.apache.rocketmq.store.MappedFile.init(MappedFile.java:160)
	at org.apache.rocketmq.store.MappedFile.<init>(MappedFile.java:71)
	at org.apache.rocketmq.store.AllocateMappedFileService.mmapOperation(AllocateMappedFileService.java:182)
	at org.apache.rocketmq.store.AllocateMappedFileService.run(AllocateMappedFileService.java:143)
	at java.lang.Thread.run(Thread.java:745)
Caused by: java.lang.OutOfMemoryError: Map failed
	at sun.nio.ch.FileChannelImpl.map0(Native Method)
	at sun.nio.ch.FileChannelImpl.map(FileChannelImpl.java:885)
	... 5 common frames omitted
[2018-03-14 12:07:45.677] ERROR map file C:\Users\Administrator\rocketmq-console-test\20180314120653\commitlog\00000000000000000000 Failed. 
java.io.IOException: Map failed
	at sun.nio.ch.FileChannelImpl.map(FileChannelImpl.java:888)
	at org.apache.rocketmq.store.MappedFile.init(MappedFile.java:160)
	at org.apache.rocketmq.store.MappedFile.<init>(MappedFile.java:71)
	at org.apache.rocketmq.store.AllocateMappedFileService.mmapOperation(AllocateMappedFileService.java:182)
	at org.apache.rocketmq.store.AllocateMappedFileService.run(AllocateMappedFileService.java:143)
	at java.lang.Thread.run(Thread.java:745)
Caused by: java.lang.OutOfMemoryError: Map failed
	at sun.nio.ch.FileChannelImpl.map0(Native Method)
	at sun.nio.ch.FileChannelImpl.map(FileChannelImpl.java:885)
	... 5 common frames omitted
[2018-03-14 12:07:45.677]  WARN AllocateMappedFileService service has exception. 
java.io.IOException: Map failed
	at sun.nio.ch.FileChannelImpl.map(FileChannelImpl.java:888)
	at org.apache.rocketmq.store.MappedFile.init(MappedFile.java:160)
	at org.apache.rocketmq.store.MappedFile.<init>(MappedFile.java:71)
	at org.apache.rocketmq.store.AllocateMappedFileService.mmapOperation(AllocateMappedFileService.java:182)
	at org.apache.rocketmq.store.AllocateMappedFileService.run(AllocateMappedFileService.java:143)
	at java.lang.Thread.run(Thread.java:745)
Caused by: java.lang.OutOfMemoryError: Map failed
	at sun.nio.ch.FileChannelImpl.map0(Native Method)
	at sun.nio.ch.FileChannelImpl.map(FileChannelImpl.java:885)
	... 5 common frames omitted
[2018-03-14 12:07:45.872]  WARN AllocateMappedFileService service has exception. so return null
[2018-03-14 12:07:45.872] ERROR create maped file1 error, topic: TEST_CONSOLE_TOPIC clientAddr: 127.0.0.1
[2018-03-14 12:07:45.873]  WARN sendKernelImpl exception, resend at once, InvokeID: 2081118334029203394, RT: 1ms, Broker: MessageQueue [topic=TEST_CONSOLE_TOPIC, brokerName=ConsoleTestBroker, queueId=15]
org.apache.rocketmq.client.exception.MQBrokerException: CODE: 1  DESC: create mapped file failed, server is busy or broken.
For more information, please visit the url, http://rocketmq.apache.org/docs/faq/
	at org.apache.rocketmq.client.impl.MQClientAPIImpl.processSendResponse(MQClientAPIImpl.java:531)
	at org.apache.rocketmq.client.impl.MQClientAPIImpl.sendMessageSync(MQClientAPIImpl.java:345)
	at org.apache.rocketmq.client.impl.MQClientAPIImpl.sendMessage(MQClientAPIImpl.java:327)
	at org.apache.rocketmq.client.impl.MQClientAPIImpl.sendMessage(MQClientAPIImpl.java:290)
	at org.apache.rocketmq.client.impl.producer.DefaultMQProducerImpl.sendKernelImpl(DefaultMQProducerImpl.java:688)
	at org.apache.rocketmq.client.impl.producer.DefaultMQProducerImpl.sendDefaultImpl(DefaultMQProducerImpl.java:458)
	at org.apache.rocketmq.client.impl.producer.DefaultMQProducerImpl.send(DefaultMQProducerImpl.java:1049)
	at org.apache.rocketmq.client.impl.producer.DefaultMQProducerImpl.send(DefaultMQProducerImpl.java:1008)
	at org.apache.rocketmq.client.producer.DefaultMQProducer.send(DefaultMQProducer.java:204)
	at org.apache.rocketmq.console.testbase.RocketMQConsoleTestBase.sendTestTopicMessage(RocketMQConsoleTestBase.java:107)
	at org.apache.rocketmq.console.service.impl.TopicServiceImplTest.setUp(TopicServiceImplTest.java:57)
	at sun.reflect.NativeMethodAccessorImpl.invoke0(Native Method)
	at sun.reflect.NativeMethodAccessorImpl.invoke(NativeMethodAccessorImpl.java:57)
	at sun.reflect.DelegatingMethodAccessorImpl.invoke(DelegatingMethodAccessorImpl.java:43)
	at java.lang.reflect.Method.invoke(Method.java:606)
	at org.junit.runners.model.FrameworkMethod$1.runReflectiveCall(FrameworkMethod.java:50)
	at org.junit.internal.runners.model.ReflectiveCallable.run(ReflectiveCallable.java:12)
	at org.junit.runners.model.FrameworkMethod.invokeExplosively(FrameworkMethod.java:47)
	at org.junit.internal.runners.statements.RunBefores.evaluate(RunBefores.java:24)
	at org.springframework.test.context.junit4.statements.RunBeforeTestMethodCallbacks.evaluate(RunBeforeTestMethodCallbacks.java:75)
	at org.junit.internal.runners.statements.RunAfters.evaluate(RunAfters.java:27)
	at org.springframework.test.context.junit4.statements.RunAfterTestMethodCallbacks.evaluate(RunAfterTestMethodCallbacks.java:86)
	at org.springframework.test.context.junit4.statements.SpringRepeat.evaluate(SpringRepeat.java:84)
	at org.junit.runners.ParentRunner.runLeaf(ParentRunner.java:325)
	at org.springframework.test.context.junit4.SpringJUnit4ClassRunner.runChild(SpringJUnit4ClassRunner.java:252)
	at org.springframework.test.context.junit4.SpringJUnit4ClassRunner.runChild(SpringJUnit4ClassRunner.java:94)
	at org.junit.runners.ParentRunner$3.run(ParentRunner.java:290)
	at org.junit.runners.ParentRunner$1.schedule(ParentRunner.java:71)
	at org.junit.runners.ParentRunner.runChildren(ParentRunner.java:288)
	at org.junit.runners.ParentRunner.access$000(ParentRunner.java:58)
	at org.junit.runners.ParentRunner$2.evaluate(ParentRunner.java:268)
	at org.springframework.test.context.junit4.statements.RunBeforeTestClassCallbacks.evaluate(RunBeforeTestClassCallbacks.java:61)
	at org.springframework.test.context.junit4.statements.RunAfterTestClassCallbacks.evaluate(RunAfterTestClassCallbacks.java:70)
	at org.junit.runners.ParentRunner.run(ParentRunner.java:363)
	at org.springframework.test.context.junit4.SpringJUnit4ClassRunner.run(SpringJUnit4ClassRunner.java:191)
	at org.apache.maven.surefire.junit4.JUnit4Provider.execute(JUnit4Provider.java:367)
	at org.apache.maven.surefire.junit4.JUnit4Provider.executeWithRerun(JUnit4Provider.java:274)
	at org.apache.maven.surefire.junit4.JUnit4Provider.executeTestSet(JUnit4Provider.java:238)
	at org.apache.maven.surefire.junit4.JUnit4Provider.invoke(JUnit4Provider.java:161)
	at org.apache.maven.surefire.booter.ForkedBooter.invokeProviderInSameClassLoader(ForkedBooter.java:290)
	at org.apache.maven.surefire.booter.ForkedBooter.runSuitesInProcess(ForkedBooter.java:242)
	at org.apache.maven.surefire.booter.ForkedBooter.main(ForkedBooter.java:121)
[2018-03-14 12:07:45.873]  WARN Message [topic=TEST_CONSOLE_TOPIC, flag=0, properties={KEYS=TEST_TOPIC_KEY, WAIT=true, UNIQ_KEY=C0A859EB30A4011E1E6742F9C5D30019}, body=11]
[2018-03-14 12:07:45.874]  WARN AllocateMappedFileService service has exception. so return null
[2018-03-14 12:07:45.874] ERROR create maped file1 error, topic: TEST_CONSOLE_TOPIC clientAddr: 127.0.0.1
[2018-03-14 12:07:45.874]  WARN sendKernelImpl exception, resend at once, InvokeID: 2081118334029203394, RT: 1ms, Broker: MessageQueue [topic=TEST_CONSOLE_TOPIC, brokerName=ConsoleTestBroker, queueId=1]
org.apache.rocketmq.client.exception.MQBrokerException: CODE: 1  DESC: create mapped file failed, server is busy or broken.
For more information, please visit the url, http://rocketmq.apache.org/docs/faq/
	at org.apache.rocketmq.client.impl.MQClientAPIImpl.processSendResponse(MQClientAPIImpl.java:531)
	at org.apache.rocketmq.client.impl.MQClientAPIImpl.sendMessageSync(MQClientAPIImpl.java:345)
	at org.apache.rocketmq.client.impl.MQClientAPIImpl.sendMessage(MQClientAPIImpl.java:327)
	at org.apache.rocketmq.client.impl.MQClientAPIImpl.sendMessage(MQClientAPIImpl.java:290)
	at org.apache.rocketmq.client.impl.producer.DefaultMQProducerImpl.sendKernelImpl(DefaultMQProducerImpl.java:688)
	at org.apache.rocketmq.client.impl.producer.DefaultMQProducerImpl.sendDefaultImpl(DefaultMQProducerImpl.java:458)
	at org.apache.rocketmq.client.impl.producer.DefaultMQProducerImpl.send(DefaultMQProducerImpl.java:1049)
	at org.apache.rocketmq.client.impl.producer.DefaultMQProducerImpl.send(DefaultMQProducerImpl.java:1008)
	at org.apache.rocketmq.client.producer.DefaultMQProducer.send(DefaultMQProducer.java:204)
	at org.apache.rocketmq.console.testbase.RocketMQConsoleTestBase.sendTestTopicMessage(RocketMQConsoleTestBase.java:107)
	at org.apache.rocketmq.console.service.impl.TopicServiceImplTest.setUp(TopicServiceImplTest.java:57)
	at sun.reflect.NativeMethodAccessorImpl.invoke0(Native Method)
	at sun.reflect.NativeMethodAccessorImpl.invoke(NativeMethodAccessorImpl.java:57)
	at sun.reflect.DelegatingMethodAccessorImpl.invoke(DelegatingMethodAccessorImpl.java:43)
	at java.lang.reflect.Method.invoke(Method.java:606)
	at org.junit.runners.model.FrameworkMethod$1.runReflectiveCall(FrameworkMethod.java:50)
	at org.junit.internal.runners.model.ReflectiveCallable.run(ReflectiveCallable.java:12)
	at org.junit.runners.model.FrameworkMethod.invokeExplosively(FrameworkMethod.java:47)
	at org.junit.internal.runners.statements.RunBefores.evaluate(RunBefores.java:24)
	at org.springframework.test.context.junit4.statements.RunBeforeTestMethodCallbacks.evaluate(RunBeforeTestMethodCallbacks.java:75)
	at org.junit.internal.runners.statements.RunAfters.evaluate(RunAfters.java:27)
	at org.springframework.test.context.junit4.statements.RunAfterTestMethodCallbacks.evaluate(RunAfterTestMethodCallbacks.java:86)
	at org.springframework.test.context.junit4.statements.SpringRepeat.evaluate(SpringRepeat.java:84)
	at org.junit.runners.ParentRunner.runLeaf(ParentRunner.java:325)
	at org.springframework.test.context.junit4.SpringJUnit4ClassRunner.runChild(SpringJUnit4ClassRunner.java:252)
	at org.springframework.test.context.junit4.SpringJUnit4ClassRunner.runChild(SpringJUnit4ClassRunner.java:94)
	at org.junit.runners.ParentRunner$3.run(ParentRunner.java:290)
	at org.junit.runners.ParentRunner$1.schedule(ParentRunner.java:71)
	at org.junit.runners.ParentRunner.runChildren(ParentRunner.java:288)
	at org.junit.runners.ParentRunner.access$000(ParentRunner.java:58)
	at org.junit.runners.ParentRunner$2.evaluate(ParentRunner.java:268)
	at org.springframework.test.context.junit4.statements.RunBeforeTestClassCallbacks.evaluate(RunBeforeTestClassCallbacks.java:61)
	at org.springframework.test.context.junit4.statements.RunAfterTestClassCallbacks.evaluate(RunAfterTestClassCallbacks.java:70)
	at org.junit.runners.ParentRunner.run(ParentRunner.java:363)
	at org.springframework.test.context.junit4.SpringJUnit4ClassRunner.run(SpringJUnit4ClassRunner.java:191)
	at org.apache.maven.surefire.junit4.JUnit4Provider.execute(JUnit4Provider.java:367)
	at org.apache.maven.surefire.junit4.JUnit4Provider.executeWithRerun(JUnit4Provider.java:274)
	at org.apache.maven.surefire.junit4.JUnit4Provider.executeTestSet(JUnit4Provider.java:238)
	at org.apache.maven.surefire.junit4.JUnit4Provider.invoke(JUnit4Provider.java:161)
	at org.apache.maven.surefire.booter.ForkedBooter.invokeProviderInSameClassLoader(ForkedBooter.java:290)
	at org.apache.maven.surefire.booter.ForkedBooter.runSuitesInProcess(ForkedBooter.java:242)
	at org.apache.maven.surefire.booter.ForkedBooter.main(ForkedBooter.java:121)
[2018-03-14 12:07:45.875]  WARN Message [topic=TEST_CONSOLE_TOPIC, flag=0, properties={KEYS=TEST_TOPIC_KEY, WAIT=true, UNIQ_KEY=C0A859EB30A4011E1E6742F9C5D30019}, body=11]
[2018-03-14 12:07:45.876]  WARN AllocateMappedFileService service has exception. so return null
[2018-03-14 12:07:45.876] ERROR create maped file1 error, topic: TEST_CONSOLE_TOPIC clientAddr: 127.0.0.1
[2018-03-14 12:07:45.877]  WARN sendKernelImpl exception, resend at once, InvokeID: 2081118334029203394, RT: 1ms, Broker: MessageQueue [topic=TEST_CONSOLE_TOPIC, brokerName=ConsoleTestBroker, queueId=3]
org.apache.rocketmq.client.exception.MQBrokerException: CODE: 1  DESC: create mapped file failed, server is busy or broken.
For more information, please visit the url, http://rocketmq.apache.org/docs/faq/
	at org.apache.rocketmq.client.impl.MQClientAPIImpl.processSendResponse(MQClientAPIImpl.java:531)
	at org.apache.rocketmq.client.impl.MQClientAPIImpl.sendMessageSync(MQClientAPIImpl.java:345)
	at org.apache.rocketmq.client.impl.MQClientAPIImpl.sendMessage(MQClientAPIImpl.java:327)
	at org.apache.rocketmq.client.impl.MQClientAPIImpl.sendMessage(MQClientAPIImpl.java:290)
	at org.apache.rocketmq.client.impl.producer.DefaultMQProducerImpl.sendKernelImpl(DefaultMQProducerImpl.java:688)
	at org.apache.rocketmq.client.impl.producer.DefaultMQProducerImpl.sendDefaultImpl(DefaultMQProducerImpl.java:458)
	at org.apache.rocketmq.client.impl.producer.DefaultMQProducerImpl.send(DefaultMQProducerImpl.java:1049)
	at org.apache.rocketmq.client.impl.producer.DefaultMQProducerImpl.send(DefaultMQProducerImpl.java:1008)
	at org.apache.rocketmq.client.producer.DefaultMQProducer.send(DefaultMQProducer.java:204)
	at org.apache.rocketmq.console.testbase.RocketMQConsoleTestBase.sendTestTopicMessage(RocketMQConsoleTestBase.java:107)
	at org.apache.rocketmq.console.service.impl.TopicServiceImplTest.setUp(TopicServiceImplTest.java:57)
	at sun.reflect.NativeMethodAccessorImpl.invoke0(Native Method)
	at sun.reflect.NativeMethodAccessorImpl.invoke(NativeMethodAccessorImpl.java:57)
	at sun.reflect.DelegatingMethodAccessorImpl.invoke(DelegatingMethodAccessorImpl.java:43)
	at java.lang.reflect.Method.invoke(Method.java:606)
	at org.junit.runners.model.FrameworkMethod$1.runReflectiveCall(FrameworkMethod.java:50)
	at org.junit.internal.runners.model.ReflectiveCallable.run(ReflectiveCallable.java:12)
	at org.junit.runners.model.FrameworkMethod.invokeExplosively(FrameworkMethod.java:47)
	at org.junit.internal.runners.statements.RunBefores.evaluate(RunBefores.java:24)
	at org.springframework.test.context.junit4.statements.RunBeforeTestMethodCallbacks.evaluate(RunBeforeTestMethodCallbacks.java:75)
	at org.junit.internal.runners.statements.RunAfters.evaluate(RunAfters.java:27)
	at org.springframework.test.context.junit4.statements.RunAfterTestMethodCallbacks.evaluate(RunAfterTestMethodCallbacks.java:86)
	at org.springframework.test.context.junit4.statements.SpringRepeat.evaluate(SpringRepeat.java:84)
	at org.junit.runners.ParentRunner.runLeaf(ParentRunner.java:325)
	at org.springframework.test.context.junit4.SpringJUnit4ClassRunner.runChild(SpringJUnit4ClassRunner.java:252)
	at org.springframework.test.context.junit4.SpringJUnit4ClassRunner.runChild(SpringJUnit4ClassRunner.java:94)
	at org.junit.runners.ParentRunner$3.run(ParentRunner.java:290)
	at org.junit.runners.ParentRunner$1.schedule(ParentRunner.java:71)
	at org.junit.runners.ParentRunner.runChildren(ParentRunner.java:288)
	at org.junit.runners.ParentRunner.access$000(ParentRunner.java:58)
	at org.junit.runners.ParentRunner$2.evaluate(ParentRunner.java:268)
	at org.springframework.test.context.junit4.statements.RunBeforeTestClassCallbacks.evaluate(RunBeforeTestClassCallbacks.java:61)
	at org.springframework.test.context.junit4.statements.RunAfterTestClassCallbacks.evaluate(RunAfterTestClassCallbacks.java:70)
	at org.junit.runners.ParentRunner.run(ParentRunner.java:363)
	at org.springframework.test.context.junit4.SpringJUnit4ClassRunner.run(SpringJUnit4ClassRunner.java:191)
	at org.apache.maven.surefire.junit4.JUnit4Provider.execute(JUnit4Provider.java:367)
	at org.apache.maven.surefire.junit4.JUnit4Provider.executeWithRerun(JUnit4Provider.java:274)
	at org.apache.maven.surefire.junit4.JUnit4Provider.executeTestSet(JUnit4Provider.java:238)
	at org.apache.maven.surefire.junit4.JUnit4Provider.invoke(JUnit4Provider.java:161)
	at org.apache.maven.surefire.booter.ForkedBooter.invokeProviderInSameClassLoader(ForkedBooter.java:290)
	at org.apache.maven.surefire.booter.ForkedBooter.runSuitesInProcess(ForkedBooter.java:242)
	at org.apache.maven.surefire.booter.ForkedBooter.main(ForkedBooter.java:121)
[2018-03-14 12:07:45.877]  WARN Message [topic=TEST_CONSOLE_TOPIC, flag=0, properties={KEYS=TEST_TOPIC_KEY, WAIT=true, UNIQ_KEY=C0A859EB30A4011E1E6742F9C5D30019}, body=11]
[2018-03-14 12:07:45.888] ERROR map file C:\Users\Administrator\rocketmq-console-test\20180314120653\commitlog\00000000000000000000 Failed. 
java.io.IOException: Map failed
	at sun.nio.ch.FileChannelImpl.map(FileChannelImpl.java:888)
	at org.apache.rocketmq.store.MappedFile.init(MappedFile.java:160)
	at org.apache.rocketmq.store.MappedFile.<init>(MappedFile.java:71)
	at org.apache.rocketmq.store.AllocateMappedFileService.mmapOperation(AllocateMappedFileService.java:182)
	at org.apache.rocketmq.store.AllocateMappedFileService.run(AllocateMappedFileService.java:143)
	at java.lang.Thread.run(Thread.java:745)
Caused by: java.lang.OutOfMemoryError: Map failed
	at sun.nio.ch.FileChannelImpl.map0(Native Method)
	at sun.nio.ch.FileChannelImpl.map(FileChannelImpl.java:885)
	... 5 common frames omitted
[2018-03-14 12:07:45.889]  WARN AllocateMappedFileService service has exception. 
java.io.IOException: Map failed
	at sun.nio.ch.FileChannelImpl.map(FileChannelImpl.java:888)
	at org.apache.rocketmq.store.MappedFile.init(MappedFile.java:160)
	at org.apache.rocketmq.store.MappedFile.<init>(MappedFile.java:71)
	at org.apache.rocketmq.store.AllocateMappedFileService.mmapOperation(AllocateMappedFileService.java:182)
	at org.apache.rocketmq.store.AllocateMappedFileService.run(AllocateMappedFileService.java:143)
	at java.lang.Thread.run(Thread.java:745)
Caused by: java.lang.OutOfMemoryError: Map failed
	at sun.nio.ch.FileChannelImpl.map0(Native Method)
	at sun.nio.ch.FileChannelImpl.map(FileChannelImpl.java:885)
	... 5 common frames omitted
[2018-03-14 12:07:46.117] ERROR map file C:\Users\Administrator\rocketmq-console-test\20180314120653\commitlog\00000000000000000000 Failed. 
java.io.IOException: Map failed
	at sun.nio.ch.FileChannelImpl.map(FileChannelImpl.java:888)
	at org.apache.rocketmq.store.MappedFile.init(MappedFile.java:160)
	at org.apache.rocketmq.store.MappedFile.<init>(MappedFile.java:71)
	at org.apache.rocketmq.store.AllocateMappedFileService.mmapOperation(AllocateMappedFileService.java:182)
	at org.apache.rocketmq.store.AllocateMappedFileService.run(AllocateMappedFileService.java:143)
	at java.lang.Thread.run(Thread.java:745)
Caused by: java.lang.OutOfMemoryError: Map failed
	at sun.nio.ch.FileChannelImpl.map0(Native Method)
	at sun.nio.ch.FileChannelImpl.map(FileChannelImpl.java:885)
	... 5 common frames omitted
[2018-03-14 12:07:46.117]  WARN AllocateMappedFileService service has exception. 
java.io.IOException: Map failed
	at sun.nio.ch.FileChannelImpl.map(FileChannelImpl.java:888)
	at org.apache.rocketmq.store.MappedFile.init(MappedFile.java:160)
	at org.apache.rocketmq.store.MappedFile.<init>(MappedFile.java:71)
	at org.apache.rocketmq.store.AllocateMappedFileService.mmapOperation(AllocateMappedFileService.java:182)
	at org.apache.rocketmq.store.AllocateMappedFileService.run(AllocateMappedFileService.java:143)
	at java.lang.Thread.run(Thread.java:745)
Caused by: java.lang.OutOfMemoryError: Map failed
	at sun.nio.ch.FileChannelImpl.map0(Native Method)
	at sun.nio.ch.FileChannelImpl.map(FileChannelImpl.java:885)
	... 5 common frames omitted
[2018-03-14 12:07:46.334] ERROR map file C:\Users\Administrator\rocketmq-console-test\20180314120653\commitlog\00000000000000000000 Failed. 
java.io.IOException: Map failed
	at sun.nio.ch.FileChannelImpl.map(FileChannelImpl.java:888)
	at org.apache.rocketmq.store.MappedFile.init(MappedFile.java:160)
	at org.apache.rocketmq.store.MappedFile.<init>(MappedFile.java:71)
	at org.apache.rocketmq.store.AllocateMappedFileService.mmapOperation(AllocateMappedFileService.java:182)
	at org.apache.rocketmq.store.AllocateMappedFileService.run(AllocateMappedFileService.java:143)
	at java.lang.Thread.run(Thread.java:745)
Caused by: java.lang.OutOfMemoryError: Map failed
	at sun.nio.ch.FileChannelImpl.map0(Native Method)
	at sun.nio.ch.FileChannelImpl.map(FileChannelImpl.java:885)
	... 5 common frames omitted
[2018-03-14 12:07:46.334]  WARN AllocateMappedFileService service has exception. 
java.io.IOException: Map failed
	at sun.nio.ch.FileChannelImpl.map(FileChannelImpl.java:888)
	at org.apache.rocketmq.store.MappedFile.init(MappedFile.java:160)
	at org.apache.rocketmq.store.MappedFile.<init>(MappedFile.java:71)
	at org.apache.rocketmq.store.AllocateMappedFileService.mmapOperation(AllocateMappedFileService.java:182)
	at org.apache.rocketmq.store.AllocateMappedFileService.run(AllocateMappedFileService.java:143)
	at java.lang.Thread.run(Thread.java:745)
Caused by: java.lang.OutOfMemoryError: Map failed
	at sun.nio.ch.FileChannelImpl.map0(Native Method)
	at sun.nio.ch.FileChannelImpl.map(FileChannelImpl.java:885)
	... 5 common frames omitted
[2018-03-14 12:07:46.448]  WARN AllocateMappedFileService service has exception. so return null
[2018-03-14 12:07:46.448] ERROR create maped file1 error, topic: TEST_CONSOLE_TOPIC clientAddr: 127.0.0.1
[2018-03-14 12:07:46.449]  WARN sendKernelImpl exception, resend at once, InvokeID: 7140197571076708920, RT: 2ms, Broker: MessageQueue [topic=TEST_CONSOLE_TOPIC, brokerName=ConsoleTestBroker, queueId=4]
org.apache.rocketmq.client.exception.MQBrokerException: CODE: 1  DESC: create mapped file failed, server is busy or broken.
For more information, please visit the url, http://rocketmq.apache.org/docs/faq/
	at org.apache.rocketmq.client.impl.MQClientAPIImpl.processSendResponse(MQClientAPIImpl.java:531)
	at org.apache.rocketmq.client.impl.MQClientAPIImpl.sendMessageSync(MQClientAPIImpl.java:345)
	at org.apache.rocketmq.client.impl.MQClientAPIImpl.sendMessage(MQClientAPIImpl.java:327)
	at org.apache.rocketmq.client.impl.MQClientAPIImpl.sendMessage(MQClientAPIImpl.java:290)
	at org.apache.rocketmq.client.impl.producer.DefaultMQProducerImpl.sendKernelImpl(DefaultMQProducerImpl.java:688)
	at org.apache.rocketmq.client.impl.producer.DefaultMQProducerImpl.sendDefaultImpl(DefaultMQProducerImpl.java:458)
	at org.apache.rocketmq.client.impl.producer.DefaultMQProducerImpl.send(DefaultMQProducerImpl.java:1049)
	at org.apache.rocketmq.client.impl.producer.DefaultMQProducerImpl.send(DefaultMQProducerImpl.java:1008)
	at org.apache.rocketmq.client.producer.DefaultMQProducer.send(DefaultMQProducer.java:204)
	at org.apache.rocketmq.console.testbase.RocketMQConsoleTestBase.sendTestTopicMessage(RocketMQConsoleTestBase.java:107)
	at org.apache.rocketmq.console.service.impl.TopicServiceImplTest.setUp(TopicServiceImplTest.java:57)
	at sun.reflect.NativeMethodAccessorImpl.invoke0(Native Method)
	at sun.reflect.NativeMethodAccessorImpl.invoke(NativeMethodAccessorImpl.java:57)
	at sun.reflect.DelegatingMethodAccessorImpl.invoke(DelegatingMethodAccessorImpl.java:43)
	at java.lang.reflect.Method.invoke(Method.java:606)
	at org.junit.runners.model.FrameworkMethod$1.runReflectiveCall(FrameworkMethod.java:50)
	at org.junit.internal.runners.model.ReflectiveCallable.run(ReflectiveCallable.java:12)
	at org.junit.runners.model.FrameworkMethod.invokeExplosively(FrameworkMethod.java:47)
	at org.junit.internal.runners.statements.RunBefores.evaluate(RunBefores.java:24)
	at org.springframework.test.context.junit4.statements.RunBeforeTestMethodCallbacks.evaluate(RunBeforeTestMethodCallbacks.java:75)
	at org.junit.internal.runners.statements.RunAfters.evaluate(RunAfters.java:27)
	at org.springframework.test.context.junit4.statements.RunAfterTestMethodCallbacks.evaluate(RunAfterTestMethodCallbacks.java:86)
	at org.springframework.test.context.junit4.statements.SpringRepeat.evaluate(SpringRepeat.java:84)
	at org.junit.runners.ParentRunner.runLeaf(ParentRunner.java:325)
	at org.springframework.test.context.junit4.SpringJUnit4ClassRunner.runChild(SpringJUnit4ClassRunner.java:252)
	at org.springframework.test.context.junit4.SpringJUnit4ClassRunner.runChild(SpringJUnit4ClassRunner.java:94)
	at org.junit.runners.ParentRunner$3.run(ParentRunner.java:290)
	at org.junit.runners.ParentRunner$1.schedule(ParentRunner.java:71)
	at org.junit.runners.ParentRunner.runChildren(ParentRunner.java:288)
	at org.junit.runners.ParentRunner.access$000(ParentRunner.java:58)
	at org.junit.runners.ParentRunner$2.evaluate(ParentRunner.java:268)
	at org.springframework.test.context.junit4.statements.RunBeforeTestClassCallbacks.evaluate(RunBeforeTestClassCallbacks.java:61)
	at org.springframework.test.context.junit4.statements.RunAfterTestClassCallbacks.evaluate(RunAfterTestClassCallbacks.java:70)
	at org.junit.runners.ParentRunner.run(ParentRunner.java:363)
	at org.springframework.test.context.junit4.SpringJUnit4ClassRunner.run(SpringJUnit4ClassRunner.java:191)
	at org.apache.maven.surefire.junit4.JUnit4Provider.execute(JUnit4Provider.java:367)
	at org.apache.maven.surefire.junit4.JUnit4Provider.executeWithRerun(JUnit4Provider.java:274)
	at org.apache.maven.surefire.junit4.JUnit4Provider.executeTestSet(JUnit4Provider.java:238)
	at org.apache.maven.surefire.junit4.JUnit4Provider.invoke(JUnit4Provider.java:161)
	at org.apache.maven.surefire.booter.ForkedBooter.invokeProviderInSameClassLoader(ForkedBooter.java:290)
	at org.apache.maven.surefire.booter.ForkedBooter.runSuitesInProcess(ForkedBooter.java:242)
	at org.apache.maven.surefire.booter.ForkedBooter.main(ForkedBooter.java:121)
[2018-03-14 12:07:46.449]  WARN Message [topic=TEST_CONSOLE_TOPIC, flag=0, properties={KEYS=TEST_TOPIC_KEY, WAIT=true, UNIQ_KEY=C0A859EB30A4011E1E6742F9C5D30019}, body=11]
[2018-03-14 12:07:46.450]  WARN AllocateMappedFileService service has exception. so return null
[2018-03-14 12:07:46.450] ERROR create maped file1 error, topic: TEST_CONSOLE_TOPIC clientAddr: 127.0.0.1
[2018-03-14 12:07:46.451]  WARN sendKernelImpl exception, resend at once, InvokeID: 7140197571076708920, RT: 2ms, Broker: MessageQueue [topic=TEST_CONSOLE_TOPIC, brokerName=ConsoleTestBroker, queueId=6]
org.apache.rocketmq.client.exception.MQBrokerException: CODE: 1  DESC: create mapped file failed, server is busy or broken.
For more information, please visit the url, http://rocketmq.apache.org/docs/faq/
	at org.apache.rocketmq.client.impl.MQClientAPIImpl.processSendResponse(MQClientAPIImpl.java:531)
	at org.apache.rocketmq.client.impl.MQClientAPIImpl.sendMessageSync(MQClientAPIImpl.java:345)
	at org.apache.rocketmq.client.impl.MQClientAPIImpl.sendMessage(MQClientAPIImpl.java:327)
	at org.apache.rocketmq.client.impl.MQClientAPIImpl.sendMessage(MQClientAPIImpl.java:290)
	at org.apache.rocketmq.client.impl.producer.DefaultMQProducerImpl.sendKernelImpl(DefaultMQProducerImpl.java:688)
	at org.apache.rocketmq.client.impl.producer.DefaultMQProducerImpl.sendDefaultImpl(DefaultMQProducerImpl.java:458)
	at org.apache.rocketmq.client.impl.producer.DefaultMQProducerImpl.send(DefaultMQProducerImpl.java:1049)
	at org.apache.rocketmq.client.impl.producer.DefaultMQProducerImpl.send(DefaultMQProducerImpl.java:1008)
	at org.apache.rocketmq.client.producer.DefaultMQProducer.send(DefaultMQProducer.java:204)
	at org.apache.rocketmq.console.testbase.RocketMQConsoleTestBase.sendTestTopicMessage(RocketMQConsoleTestBase.java:107)
	at org.apache.rocketmq.console.service.impl.TopicServiceImplTest.setUp(TopicServiceImplTest.java:57)
	at sun.reflect.NativeMethodAccessorImpl.invoke0(Native Method)
	at sun.reflect.NativeMethodAccessorImpl.invoke(NativeMethodAccessorImpl.java:57)
	at sun.reflect.DelegatingMethodAccessorImpl.invoke(DelegatingMethodAccessorImpl.java:43)
	at java.lang.reflect.Method.invoke(Method.java:606)
	at org.junit.runners.model.FrameworkMethod$1.runReflectiveCall(FrameworkMethod.java:50)
	at org.junit.internal.runners.model.ReflectiveCallable.run(ReflectiveCallable.java:12)
	at org.junit.runners.model.FrameworkMethod.invokeExplosively(FrameworkMethod.java:47)
	at org.junit.internal.runners.statements.RunBefores.evaluate(RunBefores.java:24)
	at org.springframework.test.context.junit4.statements.RunBeforeTestMethodCallbacks.evaluate(RunBeforeTestMethodCallbacks.java:75)
	at org.junit.internal.runners.statements.RunAfters.evaluate(RunAfters.java:27)
	at org.springframework.test.context.junit4.statements.RunAfterTestMethodCallbacks.evaluate(RunAfterTestMethodCallbacks.java:86)
	at org.springframework.test.context.junit4.statements.SpringRepeat.evaluate(SpringRepeat.java:84)
	at org.junit.runners.ParentRunner.runLeaf(ParentRunner.java:325)
	at org.springframework.test.context.junit4.SpringJUnit4ClassRunner.runChild(SpringJUnit4ClassRunner.java:252)
	at org.springframework.test.context.junit4.SpringJUnit4ClassRunner.runChild(SpringJUnit4ClassRunner.java:94)
	at org.junit.runners.ParentRunner$3.run(ParentRunner.java:290)
	at org.junit.runners.ParentRunner$1.schedule(ParentRunner.java:71)
	at org.junit.runners.ParentRunner.runChildren(ParentRunner.java:288)
	at org.junit.runners.ParentRunner.access$000(ParentRunner.java:58)
	at org.junit.runners.ParentRunner$2.evaluate(ParentRunner.java:268)
	at org.springframework.test.context.junit4.statements.RunBeforeTestClassCallbacks.evaluate(RunBeforeTestClassCallbacks.java:61)
	at org.springframework.test.context.junit4.statements.RunAfterTestClassCallbacks.evaluate(RunAfterTestClassCallbacks.java:70)
	at org.junit.runners.ParentRunner.run(ParentRunner.java:363)
	at org.springframework.test.context.junit4.SpringJUnit4ClassRunner.run(SpringJUnit4ClassRunner.java:191)
	at org.apache.maven.surefire.junit4.JUnit4Provider.execute(JUnit4Provider.java:367)
	at org.apache.maven.surefire.junit4.JUnit4Provider.executeWithRerun(JUnit4Provider.java:274)
	at org.apache.maven.surefire.junit4.JUnit4Provider.executeTestSet(JUnit4Provider.java:238)
	at org.apache.maven.surefire.junit4.JUnit4Provider.invoke(JUnit4Provider.java:161)
	at org.apache.maven.surefire.booter.ForkedBooter.invokeProviderInSameClassLoader(ForkedBooter.java:290)
	at org.apache.maven.surefire.booter.ForkedBooter.runSuitesInProcess(ForkedBooter.java:242)
	at org.apache.maven.surefire.booter.ForkedBooter.main(ForkedBooter.java:121)
[2018-03-14 12:07:46.451]  WARN Message [topic=TEST_CONSOLE_TOPIC, flag=0, properties={KEYS=TEST_TOPIC_KEY, WAIT=true, UNIQ_KEY=C0A859EB30A4011E1E6742F9C5D30019}, body=11]
[2018-03-14 12:07:46.452]  WARN AllocateMappedFileService service has exception. so return null
[2018-03-14 12:07:46.452] ERROR create maped file1 error, topic: TEST_CONSOLE_TOPIC clientAddr: 127.0.0.1
[2018-03-14 12:07:46.453]  WARN sendKernelImpl exception, resend at once, InvokeID: 7140197571076708920, RT: 2ms, Broker: MessageQueue [topic=TEST_CONSOLE_TOPIC, brokerName=ConsoleTestBroker, queueId=8]
org.apache.rocketmq.client.exception.MQBrokerException: CODE: 1  DESC: create mapped file failed, server is busy or broken.
For more information, please visit the url, http://rocketmq.apache.org/docs/faq/
	at org.apache.rocketmq.client.impl.MQClientAPIImpl.processSendResponse(MQClientAPIImpl.java:531)
	at org.apache.rocketmq.client.impl.MQClientAPIImpl.sendMessageSync(MQClientAPIImpl.java:345)
	at org.apache.rocketmq.client.impl.MQClientAPIImpl.sendMessage(MQClientAPIImpl.java:327)
	at org.apache.rocketmq.client.impl.MQClientAPIImpl.sendMessage(MQClientAPIImpl.java:290)
	at org.apache.rocketmq.client.impl.producer.DefaultMQProducerImpl.sendKernelImpl(DefaultMQProducerImpl.java:688)
	at org.apache.rocketmq.client.impl.producer.DefaultMQProducerImpl.sendDefaultImpl(DefaultMQProducerImpl.java:458)
	at org.apache.rocketmq.client.impl.producer.DefaultMQProducerImpl.send(DefaultMQProducerImpl.java:1049)
	at org.apache.rocketmq.client.impl.producer.DefaultMQProducerImpl.send(DefaultMQProducerImpl.java:1008)
	at org.apache.rocketmq.client.producer.DefaultMQProducer.send(DefaultMQProducer.java:204)
	at org.apache.rocketmq.console.testbase.RocketMQConsoleTestBase.sendTestTopicMessage(RocketMQConsoleTestBase.java:107)
	at org.apache.rocketmq.console.service.impl.TopicServiceImplTest.setUp(TopicServiceImplTest.java:57)
	at sun.reflect.NativeMethodAccessorImpl.invoke0(Native Method)
	at sun.reflect.NativeMethodAccessorImpl.invoke(NativeMethodAccessorImpl.java:57)
	at sun.reflect.DelegatingMethodAccessorImpl.invoke(DelegatingMethodAccessorImpl.java:43)
	at java.lang.reflect.Method.invoke(Method.java:606)
	at org.junit.runners.model.FrameworkMethod$1.runReflectiveCall(FrameworkMethod.java:50)
	at org.junit.internal.runners.model.ReflectiveCallable.run(ReflectiveCallable.java:12)
	at org.junit.runners.model.FrameworkMethod.invokeExplosively(FrameworkMethod.java:47)
	at org.junit.internal.runners.statements.RunBefores.evaluate(RunBefores.java:24)
	at org.springframework.test.context.junit4.statements.RunBeforeTestMethodCallbacks.evaluate(RunBeforeTestMethodCallbacks.java:75)
	at org.junit.internal.runners.statements.RunAfters.evaluate(RunAfters.java:27)
	at org.springframework.test.context.junit4.statements.RunAfterTestMethodCallbacks.evaluate(RunAfterTestMethodCallbacks.java:86)
	at org.springframework.test.context.junit4.statements.SpringRepeat.evaluate(SpringRepeat.java:84)
	at org.junit.runners.ParentRunner.runLeaf(ParentRunner.java:325)
	at org.springframework.test.context.junit4.SpringJUnit4ClassRunner.runChild(SpringJUnit4ClassRunner.java:252)
	at org.springframework.test.context.junit4.SpringJUnit4ClassRunner.runChild(SpringJUnit4ClassRunner.java:94)
	at org.junit.runners.ParentRunner$3.run(ParentRunner.java:290)
	at org.junit.runners.ParentRunner$1.schedule(ParentRunner.java:71)
	at org.junit.runners.ParentRunner.runChildren(ParentRunner.java:288)
	at org.junit.runners.ParentRunner.access$000(ParentRunner.java:58)
	at org.junit.runners.ParentRunner$2.evaluate(ParentRunner.java:268)
	at org.springframework.test.context.junit4.statements.RunBeforeTestClassCallbacks.evaluate(RunBeforeTestClassCallbacks.java:61)
	at org.springframework.test.context.junit4.statements.RunAfterTestClassCallbacks.evaluate(RunAfterTestClassCallbacks.java:70)
	at org.junit.runners.ParentRunner.run(ParentRunner.java:363)
	at org.springframework.test.context.junit4.SpringJUnit4ClassRunner.run(SpringJUnit4ClassRunner.java:191)
	at org.apache.maven.surefire.junit4.JUnit4Provider.execute(JUnit4Provider.java:367)
	at org.apache.maven.surefire.junit4.JUnit4Provider.executeWithRerun(JUnit4Provider.java:274)
	at org.apache.maven.surefire.junit4.JUnit4Provider.executeTestSet(JUnit4Provider.java:238)
	at org.apache.maven.surefire.junit4.JUnit4Provider.invoke(JUnit4Provider.java:161)
	at org.apache.maven.surefire.booter.ForkedBooter.invokeProviderInSameClassLoader(ForkedBooter.java:290)
	at org.apache.maven.surefire.booter.ForkedBooter.runSuitesInProcess(ForkedBooter.java:242)
	at org.apache.maven.surefire.booter.ForkedBooter.main(ForkedBooter.java:121)
[2018-03-14 12:07:46.453]  WARN Message [topic=TEST_CONSOLE_TOPIC, flag=0, properties={KEYS=TEST_TOPIC_KEY, WAIT=true, UNIQ_KEY=C0A859EB30A4011E1E6742F9C5D30019}, body=11]
[2018-03-14 12:07:46.550] ERROR map file C:\Users\Administrator\rocketmq-console-test\20180314120653\commitlog\00000000000000000000 Failed. 
java.io.IOException: Map failed
	at sun.nio.ch.FileChannelImpl.map(FileChannelImpl.java:888)
	at org.apache.rocketmq.store.MappedFile.init(MappedFile.java:160)
	at org.apache.rocketmq.store.MappedFile.<init>(MappedFile.java:71)
	at org.apache.rocketmq.store.AllocateMappedFileService.mmapOperation(AllocateMappedFileService.java:182)
	at org.apache.rocketmq.store.AllocateMappedFileService.run(AllocateMappedFileService.java:143)
	at java.lang.Thread.run(Thread.java:745)
Caused by: java.lang.OutOfMemoryError: Map failed
	at sun.nio.ch.FileChannelImpl.map0(Native Method)
	at sun.nio.ch.FileChannelImpl.map(FileChannelImpl.java:885)
	... 5 common frames omitted
[2018-03-14 12:07:46.550]  WARN AllocateMappedFileService service has exception. 
java.io.IOException: Map failed
	at sun.nio.ch.FileChannelImpl.map(FileChannelImpl.java:888)
	at org.apache.rocketmq.store.MappedFile.init(MappedFile.java:160)
	at org.apache.rocketmq.store.MappedFile.<init>(MappedFile.java:71)
	at org.apache.rocketmq.store.AllocateMappedFileService.mmapOperation(AllocateMappedFileService.java:182)
	at org.apache.rocketmq.store.AllocateMappedFileService.run(AllocateMappedFileService.java:143)
	at java.lang.Thread.run(Thread.java:745)
Caused by: java.lang.OutOfMemoryError: Map failed
	at sun.nio.ch.FileChannelImpl.map0(Native Method)
	at sun.nio.ch.FileChannelImpl.map(FileChannelImpl.java:885)
	... 5 common frames omitted
[2018-03-14 12:07:46.767] ERROR map file C:\Users\Administrator\rocketmq-console-test\20180314120653\commitlog\00000000000000000000 Failed. 
java.io.IOException: Map failed
	at sun.nio.ch.FileChannelImpl.map(FileChannelImpl.java:888)
	at org.apache.rocketmq.store.MappedFile.init(MappedFile.java:160)
	at org.apache.rocketmq.store.MappedFile.<init>(MappedFile.java:71)
	at org.apache.rocketmq.store.AllocateMappedFileService.mmapOperation(AllocateMappedFileService.java:182)
	at org.apache.rocketmq.store.AllocateMappedFileService.run(AllocateMappedFileService.java:143)
	at java.lang.Thread.run(Thread.java:745)
Caused by: java.lang.OutOfMemoryError: Map failed
	at sun.nio.ch.FileChannelImpl.map0(Native Method)
	at sun.nio.ch.FileChannelImpl.map(FileChannelImpl.java:885)
	... 5 common frames omitted
[2018-03-14 12:07:46.767]  WARN AllocateMappedFileService service has exception. 
java.io.IOException: Map failed
	at sun.nio.ch.FileChannelImpl.map(FileChannelImpl.java:888)
	at org.apache.rocketmq.store.MappedFile.init(MappedFile.java:160)
	at org.apache.rocketmq.store.MappedFile.<init>(MappedFile.java:71)
	at org.apache.rocketmq.store.AllocateMappedFileService.mmapOperation(AllocateMappedFileService.java:182)
	at org.apache.rocketmq.store.AllocateMappedFileService.run(AllocateMappedFileService.java:143)
	at java.lang.Thread.run(Thread.java:745)
Caused by: java.lang.OutOfMemoryError: Map failed
	at sun.nio.ch.FileChannelImpl.map0(Native Method)
	at sun.nio.ch.FileChannelImpl.map(FileChannelImpl.java:885)
	... 5 common frames omitted
]]></system-out>
  </testcase>
  <testcase name="examineTopicConfig" classname="org.apache.rocketmq.console.service.impl.TopicServiceImplTest" time="5.535">
    <error message="send message error" type="java.lang.RuntimeException">java.lang.RuntimeException: send message error
	at org.apache.rocketmq.console.service.impl.TopicServiceImplTest.setUp(TopicServiceImplTest.java:57)
</error>
    <system-out><![CDATA[[2018-03-14 12:07:46.993] ERROR map file C:\Users\Administrator\rocketmq-console-test\20180314120653\commitlog\00000000000000000000 Failed. 
java.io.IOException: Map failed
	at sun.nio.ch.FileChannelImpl.map(FileChannelImpl.java:888)
	at org.apache.rocketmq.store.MappedFile.init(MappedFile.java:160)
	at org.apache.rocketmq.store.MappedFile.<init>(MappedFile.java:71)
	at org.apache.rocketmq.store.AllocateMappedFileService.mmapOperation(AllocateMappedFileService.java:182)
	at org.apache.rocketmq.store.AllocateMappedFileService.run(AllocateMappedFileService.java:143)
	at java.lang.Thread.run(Thread.java:745)
Caused by: java.lang.OutOfMemoryError: Map failed
	at sun.nio.ch.FileChannelImpl.map0(Native Method)
	at sun.nio.ch.FileChannelImpl.map(FileChannelImpl.java:885)
	... 5 common frames omitted
[2018-03-14 12:07:46.994]  WARN AllocateMappedFileService service has exception. 
java.io.IOException: Map failed
	at sun.nio.ch.FileChannelImpl.map(FileChannelImpl.java:888)
	at org.apache.rocketmq.store.MappedFile.init(MappedFile.java:160)
	at org.apache.rocketmq.store.MappedFile.<init>(MappedFile.java:71)
	at org.apache.rocketmq.store.AllocateMappedFileService.mmapOperation(AllocateMappedFileService.java:182)
	at org.apache.rocketmq.store.AllocateMappedFileService.run(AllocateMappedFileService.java:143)
	at java.lang.Thread.run(Thread.java:745)
Caused by: java.lang.OutOfMemoryError: Map failed
	at sun.nio.ch.FileChannelImpl.map0(Native Method)
	at sun.nio.ch.FileChannelImpl.map(FileChannelImpl.java:885)
	... 5 common frames omitted
[2018-03-14 12:07:47.223] ERROR map file C:\Users\Administrator\rocketmq-console-test\20180314120653\commitlog\00000000000000000000 Failed. 
java.io.IOException: Map failed
	at sun.nio.ch.FileChannelImpl.map(FileChannelImpl.java:888)
	at org.apache.rocketmq.store.MappedFile.init(MappedFile.java:160)
	at org.apache.rocketmq.store.MappedFile.<init>(MappedFile.java:71)
	at org.apache.rocketmq.store.AllocateMappedFileService.mmapOperation(AllocateMappedFileService.java:182)
	at org.apache.rocketmq.store.AllocateMappedFileService.run(AllocateMappedFileService.java:143)
	at java.lang.Thread.run(Thread.java:745)
Caused by: java.lang.OutOfMemoryError: Map failed
	at sun.nio.ch.FileChannelImpl.map0(Native Method)
	at sun.nio.ch.FileChannelImpl.map(FileChannelImpl.java:885)
	... 5 common frames omitted
[2018-03-14 12:07:47.223]  WARN AllocateMappedFileService service has exception. 
java.io.IOException: Map failed
	at sun.nio.ch.FileChannelImpl.map(FileChannelImpl.java:888)
	at org.apache.rocketmq.store.MappedFile.init(MappedFile.java:160)
	at org.apache.rocketmq.store.MappedFile.<init>(MappedFile.java:71)
	at org.apache.rocketmq.store.AllocateMappedFileService.mmapOperation(AllocateMappedFileService.java:182)
	at org.apache.rocketmq.store.AllocateMappedFileService.run(AllocateMappedFileService.java:143)
	at java.lang.Thread.run(Thread.java:745)
Caused by: java.lang.OutOfMemoryError: Map failed
	at sun.nio.ch.FileChannelImpl.map0(Native Method)
	at sun.nio.ch.FileChannelImpl.map(FileChannelImpl.java:885)
	... 5 common frames omitted
[2018-03-14 12:07:47.436] ERROR map file C:\Users\Administrator\rocketmq-console-test\20180314120653\commitlog\00000000000000000000 Failed. 
java.io.IOException: Map failed
	at sun.nio.ch.FileChannelImpl.map(FileChannelImpl.java:888)
	at org.apache.rocketmq.store.MappedFile.init(MappedFile.java:160)
	at org.apache.rocketmq.store.MappedFile.<init>(MappedFile.java:71)
	at org.apache.rocketmq.store.AllocateMappedFileService.mmapOperation(AllocateMappedFileService.java:182)
	at org.apache.rocketmq.store.AllocateMappedFileService.run(AllocateMappedFileService.java:143)
	at java.lang.Thread.run(Thread.java:745)
Caused by: java.lang.OutOfMemoryError: Map failed
	at sun.nio.ch.FileChannelImpl.map0(Native Method)
	at sun.nio.ch.FileChannelImpl.map(FileChannelImpl.java:885)
	... 5 common frames omitted
[2018-03-14 12:07:47.436]  WARN AllocateMappedFileService service has exception. 
java.io.IOException: Map failed
	at sun.nio.ch.FileChannelImpl.map(FileChannelImpl.java:888)
	at org.apache.rocketmq.store.MappedFile.init(MappedFile.java:160)
	at org.apache.rocketmq.store.MappedFile.<init>(MappedFile.java:71)
	at org.apache.rocketmq.store.AllocateMappedFileService.mmapOperation(AllocateMappedFileService.java:182)
	at org.apache.rocketmq.store.AllocateMappedFileService.run(AllocateMappedFileService.java:143)
	at java.lang.Thread.run(Thread.java:745)
Caused by: java.lang.OutOfMemoryError: Map failed
	at sun.nio.ch.FileChannelImpl.map0(Native Method)
	at sun.nio.ch.FileChannelImpl.map(FileChannelImpl.java:885)
	... 5 common frames omitted
[2018-03-14 12:07:47.659] ERROR map file C:\Users\Administrator\rocketmq-console-test\20180314120653\commitlog\00000000000000000000 Failed. 
java.io.IOException: Map failed
	at sun.nio.ch.FileChannelImpl.map(FileChannelImpl.java:888)
	at org.apache.rocketmq.store.MappedFile.init(MappedFile.java:160)
	at org.apache.rocketmq.store.MappedFile.<init>(MappedFile.java:71)
	at org.apache.rocketmq.store.AllocateMappedFileService.mmapOperation(AllocateMappedFileService.java:182)
	at org.apache.rocketmq.store.AllocateMappedFileService.run(AllocateMappedFileService.java:143)
	at java.lang.Thread.run(Thread.java:745)
Caused by: java.lang.OutOfMemoryError: Map failed
	at sun.nio.ch.FileChannelImpl.map0(Native Method)
	at sun.nio.ch.FileChannelImpl.map(FileChannelImpl.java:885)
	... 5 common frames omitted
[2018-03-14 12:07:47.659]  WARN AllocateMappedFileService service has exception. 
java.io.IOException: Map failed
	at sun.nio.ch.FileChannelImpl.map(FileChannelImpl.java:888)
	at org.apache.rocketmq.store.MappedFile.init(MappedFile.java:160)
	at org.apache.rocketmq.store.MappedFile.<init>(MappedFile.java:71)
	at org.apache.rocketmq.store.AllocateMappedFileService.mmapOperation(AllocateMappedFileService.java:182)
	at org.apache.rocketmq.store.AllocateMappedFileService.run(AllocateMappedFileService.java:143)
	at java.lang.Thread.run(Thread.java:745)
Caused by: java.lang.OutOfMemoryError: Map failed
	at sun.nio.ch.FileChannelImpl.map0(Native Method)
	at sun.nio.ch.FileChannelImpl.map(FileChannelImpl.java:885)
	... 5 common frames omitted
[2018-03-14 12:07:47.877] ERROR map file C:\Users\Administrator\rocketmq-console-test\20180314120653\commitlog\00000000000000000000 Failed. 
java.io.IOException: Map failed
	at sun.nio.ch.FileChannelImpl.map(FileChannelImpl.java:888)
	at org.apache.rocketmq.store.MappedFile.init(MappedFile.java:160)
	at org.apache.rocketmq.store.MappedFile.<init>(MappedFile.java:71)
	at org.apache.rocketmq.store.AllocateMappedFileService.mmapOperation(AllocateMappedFileService.java:182)
	at org.apache.rocketmq.store.AllocateMappedFileService.run(AllocateMappedFileService.java:143)
	at java.lang.Thread.run(Thread.java:745)
Caused by: java.lang.OutOfMemoryError: Map failed
	at sun.nio.ch.FileChannelImpl.map0(Native Method)
	at sun.nio.ch.FileChannelImpl.map(FileChannelImpl.java:885)
	... 5 common frames omitted
[2018-03-14 12:07:47.878]  WARN AllocateMappedFileService service has exception. 
java.io.IOException: Map failed
	at sun.nio.ch.FileChannelImpl.map(FileChannelImpl.java:888)
	at org.apache.rocketmq.store.MappedFile.init(MappedFile.java:160)
	at org.apache.rocketmq.store.MappedFile.<init>(MappedFile.java:71)
	at org.apache.rocketmq.store.AllocateMappedFileService.mmapOperation(AllocateMappedFileService.java:182)
	at org.apache.rocketmq.store.AllocateMappedFileService.run(AllocateMappedFileService.java:143)
	at java.lang.Thread.run(Thread.java:745)
Caused by: java.lang.OutOfMemoryError: Map failed
	at sun.nio.ch.FileChannelImpl.map0(Native Method)
	at sun.nio.ch.FileChannelImpl.map(FileChannelImpl.java:885)
	... 5 common frames omitted
[2018-03-14 12:07:48.102] ERROR map file C:\Users\Administrator\rocketmq-console-test\20180314120653\commitlog\00000000000000000000 Failed. 
java.io.IOException: Map failed
	at sun.nio.ch.FileChannelImpl.map(FileChannelImpl.java:888)
	at org.apache.rocketmq.store.MappedFile.init(MappedFile.java:160)
	at org.apache.rocketmq.store.MappedFile.<init>(MappedFile.java:71)
	at org.apache.rocketmq.store.AllocateMappedFileService.mmapOperation(AllocateMappedFileService.java:182)
	at org.apache.rocketmq.store.AllocateMappedFileService.run(AllocateMappedFileService.java:143)
	at java.lang.Thread.run(Thread.java:745)
Caused by: java.lang.OutOfMemoryError: Map failed
	at sun.nio.ch.FileChannelImpl.map0(Native Method)
	at sun.nio.ch.FileChannelImpl.map(FileChannelImpl.java:885)
	... 5 common frames omitted
[2018-03-14 12:07:48.102]  WARN AllocateMappedFileService service has exception. 
java.io.IOException: Map failed
	at sun.nio.ch.FileChannelImpl.map(FileChannelImpl.java:888)
	at org.apache.rocketmq.store.MappedFile.init(MappedFile.java:160)
	at org.apache.rocketmq.store.MappedFile.<init>(MappedFile.java:71)
	at org.apache.rocketmq.store.AllocateMappedFileService.mmapOperation(AllocateMappedFileService.java:182)
	at org.apache.rocketmq.store.AllocateMappedFileService.run(AllocateMappedFileService.java:143)
	at java.lang.Thread.run(Thread.java:745)
Caused by: java.lang.OutOfMemoryError: Map failed
	at sun.nio.ch.FileChannelImpl.map0(Native Method)
	at sun.nio.ch.FileChannelImpl.map(FileChannelImpl.java:885)
	... 5 common frames omitted
[2018-03-14 12:07:48.323] ERROR map file C:\Users\Administrator\rocketmq-console-test\20180314120653\commitlog\00000000000000000000 Failed. 
java.io.IOException: Map failed
	at sun.nio.ch.FileChannelImpl.map(FileChannelImpl.java:888)
	at org.apache.rocketmq.store.MappedFile.init(MappedFile.java:160)
	at org.apache.rocketmq.store.MappedFile.<init>(MappedFile.java:71)
	at org.apache.rocketmq.store.AllocateMappedFileService.mmapOperation(AllocateMappedFileService.java:182)
	at org.apache.rocketmq.store.AllocateMappedFileService.run(AllocateMappedFileService.java:143)
	at java.lang.Thread.run(Thread.java:745)
Caused by: java.lang.OutOfMemoryError: Map failed
	at sun.nio.ch.FileChannelImpl.map0(Native Method)
	at sun.nio.ch.FileChannelImpl.map(FileChannelImpl.java:885)
	... 5 common frames omitted
[2018-03-14 12:07:48.323]  WARN AllocateMappedFileService service has exception. 
java.io.IOException: Map failed
	at sun.nio.ch.FileChannelImpl.map(FileChannelImpl.java:888)
	at org.apache.rocketmq.store.MappedFile.init(MappedFile.java:160)
	at org.apache.rocketmq.store.MappedFile.<init>(MappedFile.java:71)
	at org.apache.rocketmq.store.AllocateMappedFileService.mmapOperation(AllocateMappedFileService.java:182)
	at org.apache.rocketmq.store.AllocateMappedFileService.run(AllocateMappedFileService.java:143)
	at java.lang.Thread.run(Thread.java:745)
Caused by: java.lang.OutOfMemoryError: Map failed
	at sun.nio.ch.FileChannelImpl.map0(Native Method)
	at sun.nio.ch.FileChannelImpl.map(FileChannelImpl.java:885)
	... 5 common frames omitted
[2018-03-14 12:07:48.544] ERROR map file C:\Users\Administrator\rocketmq-console-test\20180314120653\commitlog\00000000000000000000 Failed. 
java.io.IOException: Map failed
	at sun.nio.ch.FileChannelImpl.map(FileChannelImpl.java:888)
	at org.apache.rocketmq.store.MappedFile.init(MappedFile.java:160)
	at org.apache.rocketmq.store.MappedFile.<init>(MappedFile.java:71)
	at org.apache.rocketmq.store.AllocateMappedFileService.mmapOperation(AllocateMappedFileService.java:182)
	at org.apache.rocketmq.store.AllocateMappedFileService.run(AllocateMappedFileService.java:143)
	at java.lang.Thread.run(Thread.java:745)
Caused by: java.lang.OutOfMemoryError: Map failed
	at sun.nio.ch.FileChannelImpl.map0(Native Method)
	at sun.nio.ch.FileChannelImpl.map(FileChannelImpl.java:885)
	... 5 common frames omitted
[2018-03-14 12:07:48.545]  WARN AllocateMappedFileService service has exception. 
java.io.IOException: Map failed
	at sun.nio.ch.FileChannelImpl.map(FileChannelImpl.java:888)
	at org.apache.rocketmq.store.MappedFile.init(MappedFile.java:160)
	at org.apache.rocketmq.store.MappedFile.<init>(MappedFile.java:71)
	at org.apache.rocketmq.store.AllocateMappedFileService.mmapOperation(AllocateMappedFileService.java:182)
	at org.apache.rocketmq.store.AllocateMappedFileService.run(AllocateMappedFileService.java:143)
	at java.lang.Thread.run(Thread.java:745)
Caused by: java.lang.OutOfMemoryError: Map failed
	at sun.nio.ch.FileChannelImpl.map0(Native Method)
	at sun.nio.ch.FileChannelImpl.map(FileChannelImpl.java:885)
	... 5 common frames omitted
[2018-03-14 12:07:48.770] ERROR map file C:\Users\Administrator\rocketmq-console-test\20180314120653\commitlog\00000000000000000000 Failed. 
java.io.IOException: Map failed
	at sun.nio.ch.FileChannelImpl.map(FileChannelImpl.java:888)
	at org.apache.rocketmq.store.MappedFile.init(MappedFile.java:160)
	at org.apache.rocketmq.store.MappedFile.<init>(MappedFile.java:71)
	at org.apache.rocketmq.store.AllocateMappedFileService.mmapOperation(AllocateMappedFileService.java:182)
	at org.apache.rocketmq.store.AllocateMappedFileService.run(AllocateMappedFileService.java:143)
	at java.lang.Thread.run(Thread.java:745)
Caused by: java.lang.OutOfMemoryError: Map failed
	at sun.nio.ch.FileChannelImpl.map0(Native Method)
	at sun.nio.ch.FileChannelImpl.map(FileChannelImpl.java:885)
	... 5 common frames omitted
[2018-03-14 12:07:48.771]  WARN AllocateMappedFileService service has exception. 
java.io.IOException: Map failed
	at sun.nio.ch.FileChannelImpl.map(FileChannelImpl.java:888)
	at org.apache.rocketmq.store.MappedFile.init(MappedFile.java:160)
	at org.apache.rocketmq.store.MappedFile.<init>(MappedFile.java:71)
	at org.apache.rocketmq.store.AllocateMappedFileService.mmapOperation(AllocateMappedFileService.java:182)
	at org.apache.rocketmq.store.AllocateMappedFileService.run(AllocateMappedFileService.java:143)
	at java.lang.Thread.run(Thread.java:745)
Caused by: java.lang.OutOfMemoryError: Map failed
	at sun.nio.ch.FileChannelImpl.map0(Native Method)
	at sun.nio.ch.FileChannelImpl.map(FileChannelImpl.java:885)
	... 5 common frames omitted
[2018-03-14 12:07:48.985] ERROR map file C:\Users\Administrator\rocketmq-console-test\20180314120653\commitlog\00000000000000000000 Failed. 
java.io.IOException: Map failed
	at sun.nio.ch.FileChannelImpl.map(FileChannelImpl.java:888)
	at org.apache.rocketmq.store.MappedFile.init(MappedFile.java:160)
	at org.apache.rocketmq.store.MappedFile.<init>(MappedFile.java:71)
	at org.apache.rocketmq.store.AllocateMappedFileService.mmapOperation(AllocateMappedFileService.java:182)
	at org.apache.rocketmq.store.AllocateMappedFileService.run(AllocateMappedFileService.java:143)
	at java.lang.Thread.run(Thread.java:745)
Caused by: java.lang.OutOfMemoryError: Map failed
	at sun.nio.ch.FileChannelImpl.map0(Native Method)
	at sun.nio.ch.FileChannelImpl.map(FileChannelImpl.java:885)
	... 5 common frames omitted
[2018-03-14 12:07:48.985]  WARN AllocateMappedFileService service has exception. 
java.io.IOException: Map failed
	at sun.nio.ch.FileChannelImpl.map(FileChannelImpl.java:888)
	at org.apache.rocketmq.store.MappedFile.init(MappedFile.java:160)
	at org.apache.rocketmq.store.MappedFile.<init>(MappedFile.java:71)
	at org.apache.rocketmq.store.AllocateMappedFileService.mmapOperation(AllocateMappedFileService.java:182)
	at org.apache.rocketmq.store.AllocateMappedFileService.run(AllocateMappedFileService.java:143)
	at java.lang.Thread.run(Thread.java:745)
Caused by: java.lang.OutOfMemoryError: Map failed
	at sun.nio.ch.FileChannelImpl.map0(Native Method)
	at sun.nio.ch.FileChannelImpl.map(FileChannelImpl.java:885)
	... 5 common frames omitted
[2018-03-14 12:07:49.100]  WARN The consumer's group info not exist, group: CONSOLE_TEST_CONSUMER_GROUP
[2018-03-14 12:07:49.100]  WARN The consumer's group info not exist, group: CONSOLE_TEST_CONSUMER_GROUP
[2018-03-14 12:07:49.100]  WARN The consumer's group info not exist, group: CONSOLE_TEST_CONSUMER_GROUP
[2018-03-14 12:07:49.100]  WARN The consumer's group info not exist, group: CONSOLE_TEST_CONSUMER_GROUP
[2018-03-14 12:07:49.100]  WARN The consumer's group info not exist, group: CONSOLE_TEST_CONSUMER_GROUP
[2018-03-14 12:07:49.100]  WARN The consumer's group info not exist, group: CONSOLE_TEST_CONSUMER_GROUP
[2018-03-14 12:07:49.100]  WARN The consumer's group info not exist, group: CONSOLE_TEST_CONSUMER_GROUP
[2018-03-14 12:07:49.100]  WARN The consumer's group info not exist, group: CONSOLE_TEST_CONSUMER_GROUP
[2018-03-14 12:07:49.101] ERROR ProcessRequestWrapper response to /127.0.0.1:56423 failed
java.nio.channels.ClosedChannelException: null
[2018-03-14 12:07:49.101]  WARN The consumer's group info not exist, group: CONSOLE_TEST_CONSUMER_GROUP
[2018-03-14 12:07:49.101]  WARN The consumer's group info not exist, group: CONSOLE_TEST_CONSUMER_GROUP
[2018-03-14 12:07:49.101]  WARN The consumer's group info not exist, group: CONSOLE_TEST_CONSUMER_GROUP
[2018-03-14 12:07:49.101]  WARN The consumer's group info not exist, group: CONSOLE_TEST_CONSUMER_GROUP
[2018-03-14 12:07:49.101]  WARN The consumer's group info not exist, group: CONSOLE_TEST_CONSUMER_GROUP
[2018-03-14 12:07:49.101]  WARN The consumer's group info not exist, group: CONSOLE_TEST_CONSUMER_GROUP
[2018-03-14 12:07:49.101]  WARN The consumer's group info not exist, group: CONSOLE_TEST_CONSUMER_GROUP
[2018-03-14 12:07:49.101]  WARN The consumer's group info not exist, group: CONSOLE_TEST_CONSUMER_GROUP
[2018-03-14 12:07:49.101]  WARN The consumer's group info not exist, group: CONSOLE_TEST_CONSUMER_GROUP
[2018-03-14 12:07:49.101]  WARN The consumer's group info not exist, group: CONSOLE_TEST_CONSUMER_GROUP
[2018-03-14 12:07:49.101] ERROR RemotingCommand [code=11, language=JAVA, version=212, opaque=6742, flag(B)=0, remark=null, extFields={topic=TEST_CONSOLE_TOPIC, suspendTimeoutMillis=15000, queueId=15, subVersion=1521000452524, consumerGroup=CONSOLE_TEST_CONSUMER_GROUP, maxMsgNums=32, sysFlag=2, commitOffset=0, queueOffset=0}, serializeTypeCurrentRPC=JSON]
[2018-03-14 12:07:49.102] ERROR RemotingCommand [code=24, language=JAVA, version=212, opaque=6742, flag(B)=1, remark=the consumer's group info not exist
See http://rocketmq.apache.org/docs/faq/ for further details., extFields=null, serializeTypeCurrentRPC=JSON]
[2018-03-14 12:07:49.102] ERROR ProcessRequestWrapper response to /127.0.0.1:56423 failed
java.nio.channels.ClosedChannelException: null
[2018-03-14 12:07:49.102] ERROR RemotingCommand [code=11, language=JAVA, version=212, opaque=6737, flag(B)=0, remark=null, extFields={topic=TEST_CONSOLE_TOPIC, suspendTimeoutMillis=15000, queueId=12, subVersion=1521000452524, consumerGroup=CONSOLE_TEST_CONSUMER_GROUP, maxMsgNums=32, sysFlag=2, commitOffset=0, queueOffset=0}, serializeTypeCurrentRPC=JSON]
[2018-03-14 12:07:49.102] ERROR RemotingCommand [code=24, language=JAVA, version=212, opaque=6737, flag(B)=1, remark=the consumer's group info not exist
See http://rocketmq.apache.org/docs/faq/ for further details., extFields=null, serializeTypeCurrentRPC=JSON]
[2018-03-14 12:07:49.102] ERROR ProcessRequestWrapper response to /127.0.0.1:56423 failed
java.nio.channels.ClosedChannelException: null
[2018-03-14 12:07:49.102] ERROR RemotingCommand [code=11, language=JAVA, version=212, opaque=6739, flag(B)=0, remark=null, extFields={topic=TEST_CONSOLE_TOPIC, suspendTimeoutMillis=15000, queueId=14, subVersion=1521000452524, consumerGroup=CONSOLE_TEST_CONSUMER_GROUP, maxMsgNums=32, sysFlag=2, commitOffset=0, queueOffset=0}, serializeTypeCurrentRPC=JSON]
[2018-03-14 12:07:49.102] ERROR RemotingCommand [code=24, language=JAVA, version=212, opaque=6739, flag(B)=1, remark=the consumer's group info not exist
See http://rocketmq.apache.org/docs/faq/ for further details., extFields=null, serializeTypeCurrentRPC=JSON]
[2018-03-14 12:07:49.102] ERROR ProcessRequestWrapper response to /127.0.0.1:56423 failed
java.nio.channels.ClosedChannelException: null
[2018-03-14 12:07:49.103] ERROR RemotingCommand [code=11, language=JAVA, version=212, opaque=6733, flag(B)=0, remark=null, extFields={topic=TEST_CONSOLE_TOPIC, suspendTimeoutMillis=15000, queueId=2, subVersion=1521000452524, consumerGroup=CONSOLE_TEST_CONSUMER_GROUP, maxMsgNums=32, sysFlag=2, commitOffset=0, queueOffset=0}, serializeTypeCurrentRPC=JSON]
[2018-03-14 12:07:49.103] ERROR RemotingCommand [code=24, language=JAVA, version=212, opaque=6733, flag(B)=1, remark=the consumer's group info not exist
See http://rocketmq.apache.org/docs/faq/ for further details., extFields=null, serializeTypeCurrentRPC=JSON]
[2018-03-14 12:07:49.103] ERROR ProcessRequestWrapper response to /127.0.0.1:56423 failed
java.nio.channels.ClosedChannelException: null
[2018-03-14 12:07:49.103] ERROR RemotingCommand [code=11, language=JAVA, version=212, opaque=6746, flag(B)=0, remark=null, extFields={topic=TEST_CONSOLE_TOPIC, suspendTimeoutMillis=15000, queueId=11, subVersion=1521000452524, consumerGroup=CONSOLE_TEST_CONSUMER_GROUP, maxMsgNums=32, sysFlag=2, commitOffset=0, queueOffset=0}, serializeTypeCurrentRPC=JSON]
[2018-03-14 12:07:49.103] ERROR RemotingCommand [code=24, language=JAVA, version=212, opaque=6746, flag(B)=1, remark=the consumer's group info not exist
See http://rocketmq.apache.org/docs/faq/ for further details., extFields=null, serializeTypeCurrentRPC=JSON]
[2018-03-14 12:07:49.103] ERROR ProcessRequestWrapper response to /127.0.0.1:56423 failed
java.nio.channels.ClosedChannelException: null
[2018-03-14 12:07:49.103] ERROR RemotingCommand [code=11, language=JAVA, version=212, opaque=6741, flag(B)=0, remark=null, extFields={topic=TEST_CONSOLE_TOPIC, suspendTimeoutMillis=15000, queueId=5, subVersion=1521000452524, consumerGroup=CONSOLE_TEST_CONSUMER_GROUP, maxMsgNums=32, sysFlag=2, commitOffset=0, queueOffset=0}, serializeTypeCurrentRPC=JSON]
[2018-03-14 12:07:49.103] ERROR RemotingCommand [code=24, language=JAVA, version=212, opaque=6741, flag(B)=1, remark=the consumer's group info not exist
See http://rocketmq.apache.org/docs/faq/ for further details., extFields=null, serializeTypeCurrentRPC=JSON]
[2018-03-14 12:07:49.103] ERROR ProcessRequestWrapper response to /127.0.0.1:56423 failed
java.nio.channels.ClosedChannelException: null
[2018-03-14 12:07:49.103] ERROR RemotingCommand [code=11, language=JAVA, version=212, opaque=6747, flag(B)=0, remark=null, extFields={topic=TEST_CONSOLE_TOPIC, suspendTimeoutMillis=15000, queueId=10, subVersion=1521000452524, consumerGroup=CONSOLE_TEST_CONSUMER_GROUP, maxMsgNums=32, sysFlag=2, commitOffset=0, queueOffset=0}, serializeTypeCurrentRPC=JSON]
[2018-03-14 12:07:49.103] ERROR RemotingCommand [code=24, language=JAVA, version=212, opaque=6747, flag(B)=1, remark=the consumer's group info not exist
See http://rocketmq.apache.org/docs/faq/ for further details., extFields=null, serializeTypeCurrentRPC=JSON]
[2018-03-14 12:07:49.103] ERROR ProcessRequestWrapper response to /127.0.0.1:56423 failed
java.nio.channels.ClosedChannelException: null
[2018-03-14 12:07:49.103] ERROR RemotingCommand [code=11, language=JAVA, version=212, opaque=6791, flag(B)=0, remark=null, extFields={topic=%RETRY%CONSOLE_TEST_CONSUMER_GROUP, suspendTimeoutMillis=15000, queueId=1, subVersion=1521000452525, consumerGroup=CONSOLE_TEST_CONSUMER_GROUP, maxMsgNums=32, sysFlag=2, commitOffset=0, queueOffset=0}, serializeTypeCurrentRPC=JSON]
[2018-03-14 12:07:49.103] ERROR RemotingCommand [code=24, language=JAVA, version=212, opaque=6791, flag(B)=1, remark=the consumer's group info not exist
See http://rocketmq.apache.org/docs/faq/ for further details., extFields=null, serializeTypeCurrentRPC=JSON]
[2018-03-14 12:07:49.103] ERROR ProcessRequestWrapper response to /127.0.0.1:56423 failed
java.nio.channels.ClosedChannelException: null
[2018-03-14 12:07:49.103] ERROR RemotingCommand [code=11, language=JAVA, version=212, opaque=6740, flag(B)=0, remark=null, extFields={topic=TEST_CONSOLE_TOPIC, suspendTimeoutMillis=15000, queueId=4, subVersion=1521000452524, consumerGroup=CONSOLE_TEST_CONSUMER_GROUP, maxMsgNums=32, sysFlag=2, commitOffset=0, queueOffset=0}, serializeTypeCurrentRPC=JSON]
[2018-03-14 12:07:49.103] ERROR RemotingCommand [code=24, language=JAVA, version=212, opaque=6740, flag(B)=1, remark=the consumer's group info not exist
See http://rocketmq.apache.org/docs/faq/ for further details., extFields=null, serializeTypeCurrentRPC=JSON]
[2018-03-14 12:07:49.103] ERROR ProcessRequestWrapper response to /127.0.0.1:56423 failed
java.nio.channels.ClosedChannelException: null
[2018-03-14 12:07:49.103] ERROR RemotingCommand [code=11, language=JAVA, version=212, opaque=6735, flag(B)=0, remark=null, extFields={topic=TEST_CONSOLE_TOPIC, suspendTimeoutMillis=15000, queueId=7, subVersion=1521000452524, consumerGroup=CONSOLE_TEST_CONSUMER_GROUP, maxMsgNums=32, sysFlag=2, commitOffset=0, queueOffset=0}, serializeTypeCurrentRPC=JSON]
[2018-03-14 12:07:49.103] ERROR RemotingCommand [code=24, language=JAVA, version=212, opaque=6735, flag(B)=1, remark=the consumer's group info not exist
See http://rocketmq.apache.org/docs/faq/ for further details., extFields=null, serializeTypeCurrentRPC=JSON]
[2018-03-14 12:07:49.103] ERROR ProcessRequestWrapper response to /127.0.0.1:56423 failed
java.nio.channels.ClosedChannelException: null
[2018-03-14 12:07:49.103] ERROR RemotingCommand [code=11, language=JAVA, version=212, opaque=6792, flag(B)=0, remark=null, extFields={topic=%RETRY%CONSOLE_TEST_CONSUMER_GROUP, suspendTimeoutMillis=15000, queueId=0, subVersion=1521000452525, consumerGroup=CONSOLE_TEST_CONSUMER_GROUP, maxMsgNums=32, sysFlag=2, commitOffset=0, queueOffset=0}, serializeTypeCurrentRPC=JSON]
[2018-03-14 12:07:49.104] ERROR RemotingCommand [code=24, language=JAVA, version=212, opaque=6792, flag(B)=1, remark=the consumer's group info not exist
See http://rocketmq.apache.org/docs/faq/ for further details., extFields=null, serializeTypeCurrentRPC=JSON]
[2018-03-14 12:07:49.104] ERROR ProcessRequestWrapper response to /127.0.0.1:56423 failed
java.nio.channels.ClosedChannelException: null
[2018-03-14 12:07:49.104] ERROR RemotingCommand [code=11, language=JAVA, version=212, opaque=6738, flag(B)=0, remark=null, extFields={topic=TEST_CONSOLE_TOPIC, suspendTimeoutMillis=15000, queueId=6, subVersion=1521000452524, consumerGroup=CONSOLE_TEST_CONSUMER_GROUP, maxMsgNums=32, sysFlag=2, commitOffset=0, queueOffset=0}, serializeTypeCurrentRPC=JSON]
[2018-03-14 12:07:49.104] ERROR RemotingCommand [code=24, language=JAVA, version=212, opaque=6738, flag(B)=1, remark=the consumer's group info not exist
See http://rocketmq.apache.org/docs/faq/ for further details., extFields=null, serializeTypeCurrentRPC=JSON]
[2018-03-14 12:07:49.104] ERROR ProcessRequestWrapper response to /127.0.0.1:56423 failed
java.nio.channels.ClosedChannelException: null
[2018-03-14 12:07:49.104] ERROR RemotingCommand [code=11, language=JAVA, version=212, opaque=6743, flag(B)=0, remark=null, extFields={topic=TEST_CONSOLE_TOPIC, suspendTimeoutMillis=15000, queueId=8, subVersion=1521000452524, consumerGroup=CONSOLE_TEST_CONSUMER_GROUP, maxMsgNums=32, sysFlag=2, commitOffset=0, queueOffset=0}, serializeTypeCurrentRPC=JSON]
[2018-03-14 12:07:49.104] ERROR RemotingCommand [code=24, language=JAVA, version=212, opaque=6743, flag(B)=1, remark=the consumer's group info not exist
See http://rocketmq.apache.org/docs/faq/ for further details., extFields=null, serializeTypeCurrentRPC=JSON]
[2018-03-14 12:07:49.104] ERROR ProcessRequestWrapper response to /127.0.0.1:56423 failed
java.nio.channels.ClosedChannelException: null
[2018-03-14 12:07:49.104] ERROR RemotingCommand [code=11, language=JAVA, version=212, opaque=6731, flag(B)=0, remark=null, extFields={topic=TEST_CONSOLE_TOPIC, suspendTimeoutMillis=15000, queueId=1, subVersion=1521000452524, consumerGroup=CONSOLE_TEST_CONSUMER_GROUP, maxMsgNums=32, sysFlag=2, commitOffset=0, queueOffset=0}, serializeTypeCurrentRPC=JSON]
[2018-03-14 12:07:49.104] ERROR RemotingCommand [code=24, language=JAVA, version=212, opaque=6731, flag(B)=1, remark=the consumer's group info not exist
See http://rocketmq.apache.org/docs/faq/ for further details., extFields=null, serializeTypeCurrentRPC=JSON]
[2018-03-14 12:07:49.104] ERROR ProcessRequestWrapper response to /127.0.0.1:56423 failed
java.nio.channels.ClosedChannelException: null
[2018-03-14 12:07:49.104] ERROR RemotingCommand [code=11, language=JAVA, version=212, opaque=6744, flag(B)=0, remark=null, extFields={topic=TEST_CONSOLE_TOPIC, suspendTimeoutMillis=15000, queueId=9, subVersion=1521000452524, consumerGroup=CONSOLE_TEST_CONSUMER_GROUP, maxMsgNums=32, sysFlag=2, commitOffset=0, queueOffset=0}, serializeTypeCurrentRPC=JSON]
[2018-03-14 12:07:49.104] ERROR RemotingCommand [code=24, language=JAVA, version=212, opaque=6744, flag(B)=1, remark=the consumer's group info not exist
See http://rocketmq.apache.org/docs/faq/ for further details., extFields=null, serializeTypeCurrentRPC=JSON]
[2018-03-14 12:07:49.105] ERROR ProcessRequestWrapper response to /127.0.0.1:56423 failed
java.nio.channels.ClosedChannelException: null
[2018-03-14 12:07:49.105] ERROR RemotingCommand [code=11, language=JAVA, version=212, opaque=6732, flag(B)=0, remark=null, extFields={topic=TEST_CONSOLE_TOPIC, suspendTimeoutMillis=15000, queueId=0, subVersion=1521000452524, consumerGroup=CONSOLE_TEST_CONSUMER_GROUP, maxMsgNums=32, sysFlag=2, commitOffset=0, queueOffset=0}, serializeTypeCurrentRPC=JSON]
[2018-03-14 12:07:49.105] ERROR RemotingCommand [code=24, language=JAVA, version=212, opaque=6732, flag(B)=1, remark=the consumer's group info not exist
See http://rocketmq.apache.org/docs/faq/ for further details., extFields=null, serializeTypeCurrentRPC=JSON]
[2018-03-14 12:07:49.105] ERROR ProcessRequestWrapper response to /127.0.0.1:56423 failed
java.nio.channels.ClosedChannelException: null
[2018-03-14 12:07:49.105] ERROR RemotingCommand [code=11, language=JAVA, version=212, opaque=6736, flag(B)=0, remark=null, extFields={topic=TEST_CONSOLE_TOPIC, suspendTimeoutMillis=15000, queueId=13, subVersion=1521000452524, consumerGroup=CONSOLE_TEST_CONSUMER_GROUP, maxMsgNums=32, sysFlag=2, commitOffset=0, queueOffset=0}, serializeTypeCurrentRPC=JSON]
[2018-03-14 12:07:49.105] ERROR RemotingCommand [code=24, language=JAVA, version=212, opaque=6736, flag(B)=1, remark=the consumer's group info not exist
See http://rocketmq.apache.org/docs/faq/ for further details., extFields=null, serializeTypeCurrentRPC=JSON]
[2018-03-14 12:07:49.105] ERROR ProcessRequestWrapper response to /127.0.0.1:56423 failed
java.nio.channels.ClosedChannelException: null
[2018-03-14 12:07:49.105] ERROR RemotingCommand [code=11, language=JAVA, version=212, opaque=6734, flag(B)=0, remark=null, extFields={topic=TEST_CONSOLE_TOPIC, suspendTimeoutMillis=15000, queueId=3, subVersion=1521000452524, consumerGroup=CONSOLE_TEST_CONSUMER_GROUP, maxMsgNums=32, sysFlag=2, commitOffset=0, queueOffset=0}, serializeTypeCurrentRPC=JSON]
[2018-03-14 12:07:49.105] ERROR RemotingCommand [code=24, language=JAVA, version=212, opaque=6734, flag(B)=1, remark=the consumer's group info not exist
See http://rocketmq.apache.org/docs/faq/ for further details., extFields=null, serializeTypeCurrentRPC=JSON]
[2018-03-14 12:07:49.204] ERROR map file C:\Users\Administrator\rocketmq-console-test\20180314120653\commitlog\00000000000000000000 Failed. 
java.io.IOException: Map failed
	at sun.nio.ch.FileChannelImpl.map(FileChannelImpl.java:888)
	at org.apache.rocketmq.store.MappedFile.init(MappedFile.java:160)
	at org.apache.rocketmq.store.MappedFile.<init>(MappedFile.java:71)
	at org.apache.rocketmq.store.AllocateMappedFileService.mmapOperation(AllocateMappedFileService.java:182)
	at org.apache.rocketmq.store.AllocateMappedFileService.run(AllocateMappedFileService.java:143)
	at java.lang.Thread.run(Thread.java:745)
Caused by: java.lang.OutOfMemoryError: Map failed
	at sun.nio.ch.FileChannelImpl.map0(Native Method)
	at sun.nio.ch.FileChannelImpl.map(FileChannelImpl.java:885)
	... 5 common frames omitted
[2018-03-14 12:07:49.204]  WARN AllocateMappedFileService service has exception. 
java.io.IOException: Map failed
	at sun.nio.ch.FileChannelImpl.map(FileChannelImpl.java:888)
	at org.apache.rocketmq.store.MappedFile.init(MappedFile.java:160)
	at org.apache.rocketmq.store.MappedFile.<init>(MappedFile.java:71)
	at org.apache.rocketmq.store.AllocateMappedFileService.mmapOperation(AllocateMappedFileService.java:182)
	at org.apache.rocketmq.store.AllocateMappedFileService.run(AllocateMappedFileService.java:143)
	at java.lang.Thread.run(Thread.java:745)
Caused by: java.lang.OutOfMemoryError: Map failed
	at sun.nio.ch.FileChannelImpl.map0(Native Method)
	at sun.nio.ch.FileChannelImpl.map(FileChannelImpl.java:885)
	... 5 common frames omitted
[2018-03-14 12:07:49.425] ERROR map file C:\Users\Administrator\rocketmq-console-test\20180314120653\commitlog\00000000000000000000 Failed. 
java.io.IOException: Map failed
	at sun.nio.ch.FileChannelImpl.map(FileChannelImpl.java:888)
	at org.apache.rocketmq.store.MappedFile.init(MappedFile.java:160)
	at org.apache.rocketmq.store.MappedFile.<init>(MappedFile.java:71)
	at org.apache.rocketmq.store.AllocateMappedFileService.mmapOperation(AllocateMappedFileService.java:182)
	at org.apache.rocketmq.store.AllocateMappedFileService.run(AllocateMappedFileService.java:143)
	at java.lang.Thread.run(Thread.java:745)
Caused by: java.lang.OutOfMemoryError: Map failed
	at sun.nio.ch.FileChannelImpl.map0(Native Method)
	at sun.nio.ch.FileChannelImpl.map(FileChannelImpl.java:885)
	... 5 common frames omitted
[2018-03-14 12:07:49.429]  WARN AllocateMappedFileService service has exception. 
java.io.IOException: Map failed
	at sun.nio.ch.FileChannelImpl.map(FileChannelImpl.java:888)
	at org.apache.rocketmq.store.MappedFile.init(MappedFile.java:160)
	at org.apache.rocketmq.store.MappedFile.<init>(MappedFile.java:71)
	at org.apache.rocketmq.store.AllocateMappedFileService.mmapOperation(AllocateMappedFileService.java:182)
	at org.apache.rocketmq.store.AllocateMappedFileService.run(AllocateMappedFileService.java:143)
	at java.lang.Thread.run(Thread.java:745)
Caused by: java.lang.OutOfMemoryError: Map failed
	at sun.nio.ch.FileChannelImpl.map0(Native Method)
	at sun.nio.ch.FileChannelImpl.map(FileChannelImpl.java:885)
	... 5 common frames omitted
[2018-03-14 12:07:49.648] ERROR map file C:\Users\Administrator\rocketmq-console-test\20180314120653\commitlog\00000000000000000000 Failed. 
java.io.IOException: Map failed
	at sun.nio.ch.FileChannelImpl.map(FileChannelImpl.java:888)
	at org.apache.rocketmq.store.MappedFile.init(MappedFile.java:160)
	at org.apache.rocketmq.store.MappedFile.<init>(MappedFile.java:71)
	at org.apache.rocketmq.store.AllocateMappedFileService.mmapOperation(AllocateMappedFileService.java:182)
	at org.apache.rocketmq.store.AllocateMappedFileService.run(AllocateMappedFileService.java:143)
	at java.lang.Thread.run(Thread.java:745)
Caused by: java.lang.OutOfMemoryError: Map failed
	at sun.nio.ch.FileChannelImpl.map0(Native Method)
	at sun.nio.ch.FileChannelImpl.map(FileChannelImpl.java:885)
	... 5 common frames omitted
[2018-03-14 12:07:49.648]  WARN AllocateMappedFileService service has exception. 
java.io.IOException: Map failed
	at sun.nio.ch.FileChannelImpl.map(FileChannelImpl.java:888)
	at org.apache.rocketmq.store.MappedFile.init(MappedFile.java:160)
	at org.apache.rocketmq.store.MappedFile.<init>(MappedFile.java:71)
	at org.apache.rocketmq.store.AllocateMappedFileService.mmapOperation(AllocateMappedFileService.java:182)
	at org.apache.rocketmq.store.AllocateMappedFileService.run(AllocateMappedFileService.java:143)
	at java.lang.Thread.run(Thread.java:745)
Caused by: java.lang.OutOfMemoryError: Map failed
	at sun.nio.ch.FileChannelImpl.map0(Native Method)
	at sun.nio.ch.FileChannelImpl.map(FileChannelImpl.java:885)
	... 5 common frames omitted
[2018-03-14 12:07:49.869] ERROR map file C:\Users\Administrator\rocketmq-console-test\20180314120653\commitlog\00000000000000000000 Failed. 
java.io.IOException: Map failed
	at sun.nio.ch.FileChannelImpl.map(FileChannelImpl.java:888)
	at org.apache.rocketmq.store.MappedFile.init(MappedFile.java:160)
	at org.apache.rocketmq.store.MappedFile.<init>(MappedFile.java:71)
	at org.apache.rocketmq.store.AllocateMappedFileService.mmapOperation(AllocateMappedFileService.java:182)
	at org.apache.rocketmq.store.AllocateMappedFileService.run(AllocateMappedFileService.java:143)
	at java.lang.Thread.run(Thread.java:745)
Caused by: java.lang.OutOfMemoryError: Map failed
	at sun.nio.ch.FileChannelImpl.map0(Native Method)
	at sun.nio.ch.FileChannelImpl.map(FileChannelImpl.java:885)
	... 5 common frames omitted
[2018-03-14 12:07:49.869]  WARN AllocateMappedFileService service has exception. 
java.io.IOException: Map failed
	at sun.nio.ch.FileChannelImpl.map(FileChannelImpl.java:888)
	at org.apache.rocketmq.store.MappedFile.init(MappedFile.java:160)
	at org.apache.rocketmq.store.MappedFile.<init>(MappedFile.java:71)
	at org.apache.rocketmq.store.AllocateMappedFileService.mmapOperation(AllocateMappedFileService.java:182)
	at org.apache.rocketmq.store.AllocateMappedFileService.run(AllocateMappedFileService.java:143)
	at java.lang.Thread.run(Thread.java:745)
Caused by: java.lang.OutOfMemoryError: Map failed
	at sun.nio.ch.FileChannelImpl.map0(Native Method)
	at sun.nio.ch.FileChannelImpl.map(FileChannelImpl.java:885)
	... 5 common frames omitted
[2018-03-14 12:07:50.098] ERROR map file C:\Users\Administrator\rocketmq-console-test\20180314120653\commitlog\00000000000000000000 Failed. 
java.io.IOException: Map failed
	at sun.nio.ch.FileChannelImpl.map(FileChannelImpl.java:888)
	at org.apache.rocketmq.store.MappedFile.init(MappedFile.java:160)
	at org.apache.rocketmq.store.MappedFile.<init>(MappedFile.java:71)
	at org.apache.rocketmq.store.AllocateMappedFileService.mmapOperation(AllocateMappedFileService.java:182)
	at org.apache.rocketmq.store.AllocateMappedFileService.run(AllocateMappedFileService.java:143)
	at java.lang.Thread.run(Thread.java:745)
Caused by: java.lang.OutOfMemoryError: Map failed
	at sun.nio.ch.FileChannelImpl.map0(Native Method)
	at sun.nio.ch.FileChannelImpl.map(FileChannelImpl.java:885)
	... 5 common frames omitted
[2018-03-14 12:07:50.099]  WARN AllocateMappedFileService service has exception. 
java.io.IOException: Map failed
	at sun.nio.ch.FileChannelImpl.map(FileChannelImpl.java:888)
	at org.apache.rocketmq.store.MappedFile.init(MappedFile.java:160)
	at org.apache.rocketmq.store.MappedFile.<init>(MappedFile.java:71)
	at org.apache.rocketmq.store.AllocateMappedFileService.mmapOperation(AllocateMappedFileService.java:182)
	at org.apache.rocketmq.store.AllocateMappedFileService.run(AllocateMappedFileService.java:143)
	at java.lang.Thread.run(Thread.java:745)
Caused by: java.lang.OutOfMemoryError: Map failed
	at sun.nio.ch.FileChannelImpl.map0(Native Method)
	at sun.nio.ch.FileChannelImpl.map(FileChannelImpl.java:885)
	... 5 common frames omitted
[2018-03-14 12:07:50.314] ERROR map file C:\Users\Administrator\rocketmq-console-test\20180314120653\commitlog\00000000000000000000 Failed. 
java.io.IOException: Map failed
	at sun.nio.ch.FileChannelImpl.map(FileChannelImpl.java:888)
	at org.apache.rocketmq.store.MappedFile.init(MappedFile.java:160)
	at org.apache.rocketmq.store.MappedFile.<init>(MappedFile.java:71)
	at org.apache.rocketmq.store.AllocateMappedFileService.mmapOperation(AllocateMappedFileService.java:182)
	at org.apache.rocketmq.store.AllocateMappedFileService.run(AllocateMappedFileService.java:143)
	at java.lang.Thread.run(Thread.java:745)
Caused by: java.lang.OutOfMemoryError: Map failed
	at sun.nio.ch.FileChannelImpl.map0(Native Method)
	at sun.nio.ch.FileChannelImpl.map(FileChannelImpl.java:885)
	... 5 common frames omitted
[2018-03-14 12:07:50.314]  WARN AllocateMappedFileService service has exception. 
java.io.IOException: Map failed
	at sun.nio.ch.FileChannelImpl.map(FileChannelImpl.java:888)
	at org.apache.rocketmq.store.MappedFile.init(MappedFile.java:160)
	at org.apache.rocketmq.store.MappedFile.<init>(MappedFile.java:71)
	at org.apache.rocketmq.store.AllocateMappedFileService.mmapOperation(AllocateMappedFileService.java:182)
	at org.apache.rocketmq.store.AllocateMappedFileService.run(AllocateMappedFileService.java:143)
	at java.lang.Thread.run(Thread.java:745)
Caused by: java.lang.OutOfMemoryError: Map failed
	at sun.nio.ch.FileChannelImpl.map0(Native Method)
	at sun.nio.ch.FileChannelImpl.map(FileChannelImpl.java:885)
	... 5 common frames omitted
[2018-03-14 12:07:50.536] ERROR map file C:\Users\Administrator\rocketmq-console-test\20180314120653\commitlog\00000000000000000000 Failed. 
java.io.IOException: Map failed
	at sun.nio.ch.FileChannelImpl.map(FileChannelImpl.java:888)
	at org.apache.rocketmq.store.MappedFile.init(MappedFile.java:160)
	at org.apache.rocketmq.store.MappedFile.<init>(MappedFile.java:71)
	at org.apache.rocketmq.store.AllocateMappedFileService.mmapOperation(AllocateMappedFileService.java:182)
	at org.apache.rocketmq.store.AllocateMappedFileService.run(AllocateMappedFileService.java:143)
	at java.lang.Thread.run(Thread.java:745)
Caused by: java.lang.OutOfMemoryError: Map failed
	at sun.nio.ch.FileChannelImpl.map0(Native Method)
	at sun.nio.ch.FileChannelImpl.map(FileChannelImpl.java:885)
	... 5 common frames omitted
[2018-03-14 12:07:50.536]  WARN AllocateMappedFileService service has exception. 
java.io.IOException: Map failed
	at sun.nio.ch.FileChannelImpl.map(FileChannelImpl.java:888)
	at org.apache.rocketmq.store.MappedFile.init(MappedFile.java:160)
	at org.apache.rocketmq.store.MappedFile.<init>(MappedFile.java:71)
	at org.apache.rocketmq.store.AllocateMappedFileService.mmapOperation(AllocateMappedFileService.java:182)
	at org.apache.rocketmq.store.AllocateMappedFileService.run(AllocateMappedFileService.java:143)
	at java.lang.Thread.run(Thread.java:745)
Caused by: java.lang.OutOfMemoryError: Map failed
	at sun.nio.ch.FileChannelImpl.map0(Native Method)
	at sun.nio.ch.FileChannelImpl.map(FileChannelImpl.java:885)
	... 5 common frames omitted
[2018-03-14 12:07:50.760] ERROR map file C:\Users\Administrator\rocketmq-console-test\20180314120653\commitlog\00000000000000000000 Failed. 
java.io.IOException: Map failed
	at sun.nio.ch.FileChannelImpl.map(FileChannelImpl.java:888)
	at org.apache.rocketmq.store.MappedFile.init(MappedFile.java:160)
	at org.apache.rocketmq.store.MappedFile.<init>(MappedFile.java:71)
	at org.apache.rocketmq.store.AllocateMappedFileService.mmapOperation(AllocateMappedFileService.java:182)
	at org.apache.rocketmq.store.AllocateMappedFileService.run(AllocateMappedFileService.java:143)
	at java.lang.Thread.run(Thread.java:745)
Caused by: java.lang.OutOfMemoryError: Map failed
	at sun.nio.ch.FileChannelImpl.map0(Native Method)
	at sun.nio.ch.FileChannelImpl.map(FileChannelImpl.java:885)
	... 5 common frames omitted
[2018-03-14 12:07:50.761]  WARN AllocateMappedFileService service has exception. 
java.io.IOException: Map failed
	at sun.nio.ch.FileChannelImpl.map(FileChannelImpl.java:888)
	at org.apache.rocketmq.store.MappedFile.init(MappedFile.java:160)
	at org.apache.rocketmq.store.MappedFile.<init>(MappedFile.java:71)
	at org.apache.rocketmq.store.AllocateMappedFileService.mmapOperation(AllocateMappedFileService.java:182)
	at org.apache.rocketmq.store.AllocateMappedFileService.run(AllocateMappedFileService.java:143)
	at java.lang.Thread.run(Thread.java:745)
Caused by: java.lang.OutOfMemoryError: Map failed
	at sun.nio.ch.FileChannelImpl.map0(Native Method)
	at sun.nio.ch.FileChannelImpl.map(FileChannelImpl.java:885)
	... 5 common frames omitted
[2018-03-14 12:07:50.882]  WARN AllocateMappedFileService service has exception. so return null
[2018-03-14 12:07:50.882] ERROR create maped file1 error, topic: TEST_CONSOLE_TOPIC clientAddr: 127.0.0.1
[2018-03-14 12:07:50.883]  WARN sendKernelImpl exception, resend at once, InvokeID: 2438596256188815304, RT: 4ms, Broker: MessageQueue [topic=TEST_CONSOLE_TOPIC, brokerName=ConsoleTestBroker, queueId=3]
org.apache.rocketmq.client.exception.MQBrokerException: CODE: 1  DESC: create mapped file failed, server is busy or broken.
For more information, please visit the url, http://rocketmq.apache.org/docs/faq/
	at org.apache.rocketmq.client.impl.MQClientAPIImpl.processSendResponse(MQClientAPIImpl.java:531)
	at org.apache.rocketmq.client.impl.MQClientAPIImpl.sendMessageSync(MQClientAPIImpl.java:345)
	at org.apache.rocketmq.client.impl.MQClientAPIImpl.sendMessage(MQClientAPIImpl.java:327)
	at org.apache.rocketmq.client.impl.MQClientAPIImpl.sendMessage(MQClientAPIImpl.java:290)
	at org.apache.rocketmq.client.impl.producer.DefaultMQProducerImpl.sendKernelImpl(DefaultMQProducerImpl.java:688)
	at org.apache.rocketmq.client.impl.producer.DefaultMQProducerImpl.sendDefaultImpl(DefaultMQProducerImpl.java:458)
	at org.apache.rocketmq.client.impl.producer.DefaultMQProducerImpl.send(DefaultMQProducerImpl.java:1049)
	at org.apache.rocketmq.client.impl.producer.DefaultMQProducerImpl.send(DefaultMQProducerImpl.java:1008)
	at org.apache.rocketmq.client.producer.DefaultMQProducer.send(DefaultMQProducer.java:204)
	at org.apache.rocketmq.console.testbase.RocketMQConsoleTestBase.sendTestTopicMessage(RocketMQConsoleTestBase.java:107)
	at org.apache.rocketmq.console.service.impl.TopicServiceImplTest.setUp(TopicServiceImplTest.java:57)
	at sun.reflect.NativeMethodAccessorImpl.invoke0(Native Method)
	at sun.reflect.NativeMethodAccessorImpl.invoke(NativeMethodAccessorImpl.java:57)
	at sun.reflect.DelegatingMethodAccessorImpl.invoke(DelegatingMethodAccessorImpl.java:43)
	at java.lang.reflect.Method.invoke(Method.java:606)
	at org.junit.runners.model.FrameworkMethod$1.runReflectiveCall(FrameworkMethod.java:50)
	at org.junit.internal.runners.model.ReflectiveCallable.run(ReflectiveCallable.java:12)
	at org.junit.runners.model.FrameworkMethod.invokeExplosively(FrameworkMethod.java:47)
	at org.junit.internal.runners.statements.RunBefores.evaluate(RunBefores.java:24)
	at org.springframework.test.context.junit4.statements.RunBeforeTestMethodCallbacks.evaluate(RunBeforeTestMethodCallbacks.java:75)
	at org.junit.internal.runners.statements.RunAfters.evaluate(RunAfters.java:27)
	at org.springframework.test.context.junit4.statements.RunAfterTestMethodCallbacks.evaluate(RunAfterTestMethodCallbacks.java:86)
	at org.springframework.test.context.junit4.statements.SpringRepeat.evaluate(SpringRepeat.java:84)
	at org.junit.runners.ParentRunner.runLeaf(ParentRunner.java:325)
	at org.springframework.test.context.junit4.SpringJUnit4ClassRunner.runChild(SpringJUnit4ClassRunner.java:252)
	at org.springframework.test.context.junit4.SpringJUnit4ClassRunner.runChild(SpringJUnit4ClassRunner.java:94)
	at org.junit.runners.ParentRunner$3.run(ParentRunner.java:290)
	at org.junit.runners.ParentRunner$1.schedule(ParentRunner.java:71)
	at org.junit.runners.ParentRunner.runChildren(ParentRunner.java:288)
	at org.junit.runners.ParentRunner.access$000(ParentRunner.java:58)
	at org.junit.runners.ParentRunner$2.evaluate(ParentRunner.java:268)
	at org.springframework.test.context.junit4.statements.RunBeforeTestClassCallbacks.evaluate(RunBeforeTestClassCallbacks.java:61)
	at org.springframework.test.context.junit4.statements.RunAfterTestClassCallbacks.evaluate(RunAfterTestClassCallbacks.java:70)
	at org.junit.runners.ParentRunner.run(ParentRunner.java:363)
	at org.springframework.test.context.junit4.SpringJUnit4ClassRunner.run(SpringJUnit4ClassRunner.java:191)
	at org.apache.maven.surefire.junit4.JUnit4Provider.execute(JUnit4Provider.java:367)
	at org.apache.maven.surefire.junit4.JUnit4Provider.executeWithRerun(JUnit4Provider.java:274)
	at org.apache.maven.surefire.junit4.JUnit4Provider.executeTestSet(JUnit4Provider.java:238)
	at org.apache.maven.surefire.junit4.JUnit4Provider.invoke(JUnit4Provider.java:161)
	at org.apache.maven.surefire.booter.ForkedBooter.invokeProviderInSameClassLoader(ForkedBooter.java:290)
	at org.apache.maven.surefire.booter.ForkedBooter.runSuitesInProcess(ForkedBooter.java:242)
	at org.apache.maven.surefire.booter.ForkedBooter.main(ForkedBooter.java:121)
[2018-03-14 12:07:50.883]  WARN Message [topic=TEST_CONSOLE_TOPIC, flag=0, properties={KEYS=TEST_TOPIC_KEY, WAIT=true, UNIQ_KEY=C0A859EB30A4011E1E6742F9DB5F001A}, body=11]
[2018-03-14 12:07:50.884]  WARN AllocateMappedFileService service has exception. so return null
[2018-03-14 12:07:50.884] ERROR create maped file1 error, topic: TEST_CONSOLE_TOPIC clientAddr: 127.0.0.1
[2018-03-14 12:07:50.885]  WARN sendKernelImpl exception, resend at once, InvokeID: 2438596256188815304, RT: 2ms, Broker: MessageQueue [topic=TEST_CONSOLE_TOPIC, brokerName=ConsoleTestBroker, queueId=5]
org.apache.rocketmq.client.exception.MQBrokerException: CODE: 1  DESC: create mapped file failed, server is busy or broken.
For more information, please visit the url, http://rocketmq.apache.org/docs/faq/
	at org.apache.rocketmq.client.impl.MQClientAPIImpl.processSendResponse(MQClientAPIImpl.java:531)
	at org.apache.rocketmq.client.impl.MQClientAPIImpl.sendMessageSync(MQClientAPIImpl.java:345)
	at org.apache.rocketmq.client.impl.MQClientAPIImpl.sendMessage(MQClientAPIImpl.java:327)
	at org.apache.rocketmq.client.impl.MQClientAPIImpl.sendMessage(MQClientAPIImpl.java:290)
	at org.apache.rocketmq.client.impl.producer.DefaultMQProducerImpl.sendKernelImpl(DefaultMQProducerImpl.java:688)
	at org.apache.rocketmq.client.impl.producer.DefaultMQProducerImpl.sendDefaultImpl(DefaultMQProducerImpl.java:458)
	at org.apache.rocketmq.client.impl.producer.DefaultMQProducerImpl.send(DefaultMQProducerImpl.java:1049)
	at org.apache.rocketmq.client.impl.producer.DefaultMQProducerImpl.send(DefaultMQProducerImpl.java:1008)
	at org.apache.rocketmq.client.producer.DefaultMQProducer.send(DefaultMQProducer.java:204)
	at org.apache.rocketmq.console.testbase.RocketMQConsoleTestBase.sendTestTopicMessage(RocketMQConsoleTestBase.java:107)
	at org.apache.rocketmq.console.service.impl.TopicServiceImplTest.setUp(TopicServiceImplTest.java:57)
	at sun.reflect.NativeMethodAccessorImpl.invoke0(Native Method)
	at sun.reflect.NativeMethodAccessorImpl.invoke(NativeMethodAccessorImpl.java:57)
	at sun.reflect.DelegatingMethodAccessorImpl.invoke(DelegatingMethodAccessorImpl.java:43)
	at java.lang.reflect.Method.invoke(Method.java:606)
	at org.junit.runners.model.FrameworkMethod$1.runReflectiveCall(FrameworkMethod.java:50)
	at org.junit.internal.runners.model.ReflectiveCallable.run(ReflectiveCallable.java:12)
	at org.junit.runners.model.FrameworkMethod.invokeExplosively(FrameworkMethod.java:47)
	at org.junit.internal.runners.statements.RunBefores.evaluate(RunBefores.java:24)
	at org.springframework.test.context.junit4.statements.RunBeforeTestMethodCallbacks.evaluate(RunBeforeTestMethodCallbacks.java:75)
	at org.junit.internal.runners.statements.RunAfters.evaluate(RunAfters.java:27)
	at org.springframework.test.context.junit4.statements.RunAfterTestMethodCallbacks.evaluate(RunAfterTestMethodCallbacks.java:86)
	at org.springframework.test.context.junit4.statements.SpringRepeat.evaluate(SpringRepeat.java:84)
	at org.junit.runners.ParentRunner.runLeaf(ParentRunner.java:325)
	at org.springframework.test.context.junit4.SpringJUnit4ClassRunner.runChild(SpringJUnit4ClassRunner.java:252)
	at org.springframework.test.context.junit4.SpringJUnit4ClassRunner.runChild(SpringJUnit4ClassRunner.java:94)
	at org.junit.runners.ParentRunner$3.run(ParentRunner.java:290)
	at org.junit.runners.ParentRunner$1.schedule(ParentRunner.java:71)
	at org.junit.runners.ParentRunner.runChildren(ParentRunner.java:288)
	at org.junit.runners.ParentRunner.access$000(ParentRunner.java:58)
	at org.junit.runners.ParentRunner$2.evaluate(ParentRunner.java:268)
	at org.springframework.test.context.junit4.statements.RunBeforeTestClassCallbacks.evaluate(RunBeforeTestClassCallbacks.java:61)
	at org.springframework.test.context.junit4.statements.RunAfterTestClassCallbacks.evaluate(RunAfterTestClassCallbacks.java:70)
	at org.junit.runners.ParentRunner.run(ParentRunner.java:363)
	at org.springframework.test.context.junit4.SpringJUnit4ClassRunner.run(SpringJUnit4ClassRunner.java:191)
	at org.apache.maven.surefire.junit4.JUnit4Provider.execute(JUnit4Provider.java:367)
	at org.apache.maven.surefire.junit4.JUnit4Provider.executeWithRerun(JUnit4Provider.java:274)
	at org.apache.maven.surefire.junit4.JUnit4Provider.executeTestSet(JUnit4Provider.java:238)
	at org.apache.maven.surefire.junit4.JUnit4Provider.invoke(JUnit4Provider.java:161)
	at org.apache.maven.surefire.booter.ForkedBooter.invokeProviderInSameClassLoader(ForkedBooter.java:290)
	at org.apache.maven.surefire.booter.ForkedBooter.runSuitesInProcess(ForkedBooter.java:242)
	at org.apache.maven.surefire.booter.ForkedBooter.main(ForkedBooter.java:121)
[2018-03-14 12:07:50.885]  WARN Message [topic=TEST_CONSOLE_TOPIC, flag=0, properties={KEYS=TEST_TOPIC_KEY, WAIT=true, UNIQ_KEY=C0A859EB30A4011E1E6742F9DB5F001A}, body=11]
[2018-03-14 12:07:50.886]  WARN AllocateMappedFileService service has exception. so return null
[2018-03-14 12:07:50.886] ERROR create maped file1 error, topic: TEST_CONSOLE_TOPIC clientAddr: 127.0.0.1
[2018-03-14 12:07:50.887]  WARN sendKernelImpl exception, resend at once, InvokeID: 2438596256188815304, RT: 2ms, Broker: MessageQueue [topic=TEST_CONSOLE_TOPIC, brokerName=ConsoleTestBroker, queueId=7]
org.apache.rocketmq.client.exception.MQBrokerException: CODE: 1  DESC: create mapped file failed, server is busy or broken.
For more information, please visit the url, http://rocketmq.apache.org/docs/faq/
	at org.apache.rocketmq.client.impl.MQClientAPIImpl.processSendResponse(MQClientAPIImpl.java:531)
	at org.apache.rocketmq.client.impl.MQClientAPIImpl.sendMessageSync(MQClientAPIImpl.java:345)
	at org.apache.rocketmq.client.impl.MQClientAPIImpl.sendMessage(MQClientAPIImpl.java:327)
	at org.apache.rocketmq.client.impl.MQClientAPIImpl.sendMessage(MQClientAPIImpl.java:290)
	at org.apache.rocketmq.client.impl.producer.DefaultMQProducerImpl.sendKernelImpl(DefaultMQProducerImpl.java:688)
	at org.apache.rocketmq.client.impl.producer.DefaultMQProducerImpl.sendDefaultImpl(DefaultMQProducerImpl.java:458)
	at org.apache.rocketmq.client.impl.producer.DefaultMQProducerImpl.send(DefaultMQProducerImpl.java:1049)
	at org.apache.rocketmq.client.impl.producer.DefaultMQProducerImpl.send(DefaultMQProducerImpl.java:1008)
	at org.apache.rocketmq.client.producer.DefaultMQProducer.send(DefaultMQProducer.java:204)
	at org.apache.rocketmq.console.testbase.RocketMQConsoleTestBase.sendTestTopicMessage(RocketMQConsoleTestBase.java:107)
	at org.apache.rocketmq.console.service.impl.TopicServiceImplTest.setUp(TopicServiceImplTest.java:57)
	at sun.reflect.NativeMethodAccessorImpl.invoke0(Native Method)
	at sun.reflect.NativeMethodAccessorImpl.invoke(NativeMethodAccessorImpl.java:57)
	at sun.reflect.DelegatingMethodAccessorImpl.invoke(DelegatingMethodAccessorImpl.java:43)
	at java.lang.reflect.Method.invoke(Method.java:606)
	at org.junit.runners.model.FrameworkMethod$1.runReflectiveCall(FrameworkMethod.java:50)
	at org.junit.internal.runners.model.ReflectiveCallable.run(ReflectiveCallable.java:12)
	at org.junit.runners.model.FrameworkMethod.invokeExplosively(FrameworkMethod.java:47)
	at org.junit.internal.runners.statements.RunBefores.evaluate(RunBefores.java:24)
	at org.springframework.test.context.junit4.statements.RunBeforeTestMethodCallbacks.evaluate(RunBeforeTestMethodCallbacks.java:75)
	at org.junit.internal.runners.statements.RunAfters.evaluate(RunAfters.java:27)
	at org.springframework.test.context.junit4.statements.RunAfterTestMethodCallbacks.evaluate(RunAfterTestMethodCallbacks.java:86)
	at org.springframework.test.context.junit4.statements.SpringRepeat.evaluate(SpringRepeat.java:84)
	at org.junit.runners.ParentRunner.runLeaf(ParentRunner.java:325)
	at org.springframework.test.context.junit4.SpringJUnit4ClassRunner.runChild(SpringJUnit4ClassRunner.java:252)
	at org.springframework.test.context.junit4.SpringJUnit4ClassRunner.runChild(SpringJUnit4ClassRunner.java:94)
	at org.junit.runners.ParentRunner$3.run(ParentRunner.java:290)
	at org.junit.runners.ParentRunner$1.schedule(ParentRunner.java:71)
	at org.junit.runners.ParentRunner.runChildren(ParentRunner.java:288)
	at org.junit.runners.ParentRunner.access$000(ParentRunner.java:58)
	at org.junit.runners.ParentRunner$2.evaluate(ParentRunner.java:268)
	at org.springframework.test.context.junit4.statements.RunBeforeTestClassCallbacks.evaluate(RunBeforeTestClassCallbacks.java:61)
	at org.springframework.test.context.junit4.statements.RunAfterTestClassCallbacks.evaluate(RunAfterTestClassCallbacks.java:70)
	at org.junit.runners.ParentRunner.run(ParentRunner.java:363)
	at org.springframework.test.context.junit4.SpringJUnit4ClassRunner.run(SpringJUnit4ClassRunner.java:191)
	at org.apache.maven.surefire.junit4.JUnit4Provider.execute(JUnit4Provider.java:367)
	at org.apache.maven.surefire.junit4.JUnit4Provider.executeWithRerun(JUnit4Provider.java:274)
	at org.apache.maven.surefire.junit4.JUnit4Provider.executeTestSet(JUnit4Provider.java:238)
	at org.apache.maven.surefire.junit4.JUnit4Provider.invoke(JUnit4Provider.java:161)
	at org.apache.maven.surefire.booter.ForkedBooter.invokeProviderInSameClassLoader(ForkedBooter.java:290)
	at org.apache.maven.surefire.booter.ForkedBooter.runSuitesInProcess(ForkedBooter.java:242)
	at org.apache.maven.surefire.booter.ForkedBooter.main(ForkedBooter.java:121)
[2018-03-14 12:07:50.887]  WARN Message [topic=TEST_CONSOLE_TOPIC, flag=0, properties={KEYS=TEST_TOPIC_KEY, WAIT=true, UNIQ_KEY=C0A859EB30A4011E1E6742F9DB5F001A}, body=11]
[2018-03-14 12:07:50.974] ERROR map file C:\Users\Administrator\rocketmq-console-test\20180314120653\commitlog\00000000000000000000 Failed. 
java.io.IOException: Map failed
	at sun.nio.ch.FileChannelImpl.map(FileChannelImpl.java:888)
	at org.apache.rocketmq.store.MappedFile.init(MappedFile.java:160)
	at org.apache.rocketmq.store.MappedFile.<init>(MappedFile.java:71)
	at org.apache.rocketmq.store.AllocateMappedFileService.mmapOperation(AllocateMappedFileService.java:182)
	at org.apache.rocketmq.store.AllocateMappedFileService.run(AllocateMappedFileService.java:143)
	at java.lang.Thread.run(Thread.java:745)
Caused by: java.lang.OutOfMemoryError: Map failed
	at sun.nio.ch.FileChannelImpl.map0(Native Method)
	at sun.nio.ch.FileChannelImpl.map(FileChannelImpl.java:885)
	... 5 common frames omitted
[2018-03-14 12:07:50.974]  WARN AllocateMappedFileService service has exception. 
java.io.IOException: Map failed
	at sun.nio.ch.FileChannelImpl.map(FileChannelImpl.java:888)
	at org.apache.rocketmq.store.MappedFile.init(MappedFile.java:160)
	at org.apache.rocketmq.store.MappedFile.<init>(MappedFile.java:71)
	at org.apache.rocketmq.store.AllocateMappedFileService.mmapOperation(AllocateMappedFileService.java:182)
	at org.apache.rocketmq.store.AllocateMappedFileService.run(AllocateMappedFileService.java:143)
	at java.lang.Thread.run(Thread.java:745)
Caused by: java.lang.OutOfMemoryError: Map failed
	at sun.nio.ch.FileChannelImpl.map0(Native Method)
	at sun.nio.ch.FileChannelImpl.map(FileChannelImpl.java:885)
	... 5 common frames omitted
[2018-03-14 12:07:51.187] ERROR map file C:\Users\Administrator\rocketmq-console-test\20180314120653\commitlog\00000000000000000000 Failed. 
java.io.IOException: Map failed
	at sun.nio.ch.FileChannelImpl.map(FileChannelImpl.java:888)
	at org.apache.rocketmq.store.MappedFile.init(MappedFile.java:160)
	at org.apache.rocketmq.store.MappedFile.<init>(MappedFile.java:71)
	at org.apache.rocketmq.store.AllocateMappedFileService.mmapOperation(AllocateMappedFileService.java:182)
	at org.apache.rocketmq.store.AllocateMappedFileService.run(AllocateMappedFileService.java:143)
	at java.lang.Thread.run(Thread.java:745)
Caused by: java.lang.OutOfMemoryError: Map failed
	at sun.nio.ch.FileChannelImpl.map0(Native Method)
	at sun.nio.ch.FileChannelImpl.map(FileChannelImpl.java:885)
	... 5 common frames omitted
[2018-03-14 12:07:51.188]  WARN AllocateMappedFileService service has exception. 
java.io.IOException: Map failed
	at sun.nio.ch.FileChannelImpl.map(FileChannelImpl.java:888)
	at org.apache.rocketmq.store.MappedFile.init(MappedFile.java:160)
	at org.apache.rocketmq.store.MappedFile.<init>(MappedFile.java:71)
	at org.apache.rocketmq.store.AllocateMappedFileService.mmapOperation(AllocateMappedFileService.java:182)
	at org.apache.rocketmq.store.AllocateMappedFileService.run(AllocateMappedFileService.java:143)
	at java.lang.Thread.run(Thread.java:745)
Caused by: java.lang.OutOfMemoryError: Map failed
	at sun.nio.ch.FileChannelImpl.map0(Native Method)
	at sun.nio.ch.FileChannelImpl.map(FileChannelImpl.java:885)
	... 5 common frames omitted
[2018-03-14 12:07:51.389]  WARN AllocateMappedFileService service has exception. so return null
[2018-03-14 12:07:51.389] ERROR create maped file1 error, topic: TEST_CONSOLE_TOPIC clientAddr: 127.0.0.1
[2018-03-14 12:07:51.390]  WARN sendKernelImpl exception, resend at once, InvokeID: 800603725025512043, RT: 3ms, Broker: MessageQueue [topic=TEST_CONSOLE_TOPIC, brokerName=ConsoleTestBroker, queueId=8]
org.apache.rocketmq.client.exception.MQBrokerException: CODE: 1  DESC: create mapped file failed, server is busy or broken.
For more information, please visit the url, http://rocketmq.apache.org/docs/faq/
	at org.apache.rocketmq.client.impl.MQClientAPIImpl.processSendResponse(MQClientAPIImpl.java:531)
	at org.apache.rocketmq.client.impl.MQClientAPIImpl.sendMessageSync(MQClientAPIImpl.java:345)
	at org.apache.rocketmq.client.impl.MQClientAPIImpl.sendMessage(MQClientAPIImpl.java:327)
	at org.apache.rocketmq.client.impl.MQClientAPIImpl.sendMessage(MQClientAPIImpl.java:290)
	at org.apache.rocketmq.client.impl.producer.DefaultMQProducerImpl.sendKernelImpl(DefaultMQProducerImpl.java:688)
	at org.apache.rocketmq.client.impl.producer.DefaultMQProducerImpl.sendDefaultImpl(DefaultMQProducerImpl.java:458)
	at org.apache.rocketmq.client.impl.producer.DefaultMQProducerImpl.send(DefaultMQProducerImpl.java:1049)
	at org.apache.rocketmq.client.impl.producer.DefaultMQProducerImpl.send(DefaultMQProducerImpl.java:1008)
	at org.apache.rocketmq.client.producer.DefaultMQProducer.send(DefaultMQProducer.java:204)
	at org.apache.rocketmq.console.testbase.RocketMQConsoleTestBase.sendTestTopicMessage(RocketMQConsoleTestBase.java:107)
	at org.apache.rocketmq.console.service.impl.TopicServiceImplTest.setUp(TopicServiceImplTest.java:57)
	at sun.reflect.NativeMethodAccessorImpl.invoke0(Native Method)
	at sun.reflect.NativeMethodAccessorImpl.invoke(NativeMethodAccessorImpl.java:57)
	at sun.reflect.DelegatingMethodAccessorImpl.invoke(DelegatingMethodAccessorImpl.java:43)
	at java.lang.reflect.Method.invoke(Method.java:606)
	at org.junit.runners.model.FrameworkMethod$1.runReflectiveCall(FrameworkMethod.java:50)
	at org.junit.internal.runners.model.ReflectiveCallable.run(ReflectiveCallable.java:12)
	at org.junit.runners.model.FrameworkMethod.invokeExplosively(FrameworkMethod.java:47)
	at org.junit.internal.runners.statements.RunBefores.evaluate(RunBefores.java:24)
	at org.springframework.test.context.junit4.statements.RunBeforeTestMethodCallbacks.evaluate(RunBeforeTestMethodCallbacks.java:75)
	at org.junit.internal.runners.statements.RunAfters.evaluate(RunAfters.java:27)
	at org.springframework.test.context.junit4.statements.RunAfterTestMethodCallbacks.evaluate(RunAfterTestMethodCallbacks.java:86)
	at org.springframework.test.context.junit4.statements.SpringRepeat.evaluate(SpringRepeat.java:84)
	at org.junit.runners.ParentRunner.runLeaf(ParentRunner.java:325)
	at org.springframework.test.context.junit4.SpringJUnit4ClassRunner.runChild(SpringJUnit4ClassRunner.java:252)
	at org.springframework.test.context.junit4.SpringJUnit4ClassRunner.runChild(SpringJUnit4ClassRunner.java:94)
	at org.junit.runners.ParentRunner$3.run(ParentRunner.java:290)
	at org.junit.runners.ParentRunner$1.schedule(ParentRunner.java:71)
	at org.junit.runners.ParentRunner.runChildren(ParentRunner.java:288)
	at org.junit.runners.ParentRunner.access$000(ParentRunner.java:58)
	at org.junit.runners.ParentRunner$2.evaluate(ParentRunner.java:268)
	at org.springframework.test.context.junit4.statements.RunBeforeTestClassCallbacks.evaluate(RunBeforeTestClassCallbacks.java:61)
	at org.springframework.test.context.junit4.statements.RunAfterTestClassCallbacks.evaluate(RunAfterTestClassCallbacks.java:70)
	at org.junit.runners.ParentRunner.run(ParentRunner.java:363)
	at org.springframework.test.context.junit4.SpringJUnit4ClassRunner.run(SpringJUnit4ClassRunner.java:191)
	at org.apache.maven.surefire.junit4.JUnit4Provider.execute(JUnit4Provider.java:367)
	at org.apache.maven.surefire.junit4.JUnit4Provider.executeWithRerun(JUnit4Provider.java:274)
	at org.apache.maven.surefire.junit4.JUnit4Provider.executeTestSet(JUnit4Provider.java:238)
	at org.apache.maven.surefire.junit4.JUnit4Provider.invoke(JUnit4Provider.java:161)
	at org.apache.maven.surefire.booter.ForkedBooter.invokeProviderInSameClassLoader(ForkedBooter.java:290)
	at org.apache.maven.surefire.booter.ForkedBooter.runSuitesInProcess(ForkedBooter.java:242)
	at org.apache.maven.surefire.booter.ForkedBooter.main(ForkedBooter.java:121)
[2018-03-14 12:07:51.391]  WARN Message [topic=TEST_CONSOLE_TOPIC, flag=0, properties={KEYS=TEST_TOPIC_KEY, WAIT=true, UNIQ_KEY=C0A859EB30A4011E1E6742F9DB5F001A}, body=11]
[2018-03-14 12:07:51.392]  WARN AllocateMappedFileService service has exception. so return null
[2018-03-14 12:07:51.393] ERROR create maped file1 error, topic: TEST_CONSOLE_TOPIC clientAddr: 127.0.0.1
[2018-03-14 12:07:51.394]  WARN sendKernelImpl exception, resend at once, InvokeID: 800603725025512043, RT: 2ms, Broker: MessageQueue [topic=TEST_CONSOLE_TOPIC, brokerName=ConsoleTestBroker, queueId=10]
org.apache.rocketmq.client.exception.MQBrokerException: CODE: 1  DESC: create mapped file failed, server is busy or broken.
For more information, please visit the url, http://rocketmq.apache.org/docs/faq/
	at org.apache.rocketmq.client.impl.MQClientAPIImpl.processSendResponse(MQClientAPIImpl.java:531)
	at org.apache.rocketmq.client.impl.MQClientAPIImpl.sendMessageSync(MQClientAPIImpl.java:345)
	at org.apache.rocketmq.client.impl.MQClientAPIImpl.sendMessage(MQClientAPIImpl.java:327)
	at org.apache.rocketmq.client.impl.MQClientAPIImpl.sendMessage(MQClientAPIImpl.java:290)
	at org.apache.rocketmq.client.impl.producer.DefaultMQProducerImpl.sendKernelImpl(DefaultMQProducerImpl.java:688)
	at org.apache.rocketmq.client.impl.producer.DefaultMQProducerImpl.sendDefaultImpl(DefaultMQProducerImpl.java:458)
	at org.apache.rocketmq.client.impl.producer.DefaultMQProducerImpl.send(DefaultMQProducerImpl.java:1049)
	at org.apache.rocketmq.client.impl.producer.DefaultMQProducerImpl.send(DefaultMQProducerImpl.java:1008)
	at org.apache.rocketmq.client.producer.DefaultMQProducer.send(DefaultMQProducer.java:204)
	at org.apache.rocketmq.console.testbase.RocketMQConsoleTestBase.sendTestTopicMessage(RocketMQConsoleTestBase.java:107)
	at org.apache.rocketmq.console.service.impl.TopicServiceImplTest.setUp(TopicServiceImplTest.java:57)
	at sun.reflect.NativeMethodAccessorImpl.invoke0(Native Method)
	at sun.reflect.NativeMethodAccessorImpl.invoke(NativeMethodAccessorImpl.java:57)
	at sun.reflect.DelegatingMethodAccessorImpl.invoke(DelegatingMethodAccessorImpl.java:43)
	at java.lang.reflect.Method.invoke(Method.java:606)
	at org.junit.runners.model.FrameworkMethod$1.runReflectiveCall(FrameworkMethod.java:50)
	at org.junit.internal.runners.model.ReflectiveCallable.run(ReflectiveCallable.java:12)
	at org.junit.runners.model.FrameworkMethod.invokeExplosively(FrameworkMethod.java:47)
	at org.junit.internal.runners.statements.RunBefores.evaluate(RunBefores.java:24)
	at org.springframework.test.context.junit4.statements.RunBeforeTestMethodCallbacks.evaluate(RunBeforeTestMethodCallbacks.java:75)
	at org.junit.internal.runners.statements.RunAfters.evaluate(RunAfters.java:27)
	at org.springframework.test.context.junit4.statements.RunAfterTestMethodCallbacks.evaluate(RunAfterTestMethodCallbacks.java:86)
	at org.springframework.test.context.junit4.statements.SpringRepeat.evaluate(SpringRepeat.java:84)
	at org.junit.runners.ParentRunner.runLeaf(ParentRunner.java:325)
	at org.springframework.test.context.junit4.SpringJUnit4ClassRunner.runChild(SpringJUnit4ClassRunner.java:252)
	at org.springframework.test.context.junit4.SpringJUnit4ClassRunner.runChild(SpringJUnit4ClassRunner.java:94)
	at org.junit.runners.ParentRunner$3.run(ParentRunner.java:290)
	at org.junit.runners.ParentRunner$1.schedule(ParentRunner.java:71)
	at org.junit.runners.ParentRunner.runChildren(ParentRunner.java:288)
	at org.junit.runners.ParentRunner.access$000(ParentRunner.java:58)
	at org.junit.runners.ParentRunner$2.evaluate(ParentRunner.java:268)
	at org.springframework.test.context.junit4.statements.RunBeforeTestClassCallbacks.evaluate(RunBeforeTestClassCallbacks.java:61)
	at org.springframework.test.context.junit4.statements.RunAfterTestClassCallbacks.evaluate(RunAfterTestClassCallbacks.java:70)
	at org.junit.runners.ParentRunner.run(ParentRunner.java:363)
	at org.springframework.test.context.junit4.SpringJUnit4ClassRunner.run(SpringJUnit4ClassRunner.java:191)
	at org.apache.maven.surefire.junit4.JUnit4Provider.execute(JUnit4Provider.java:367)
	at org.apache.maven.surefire.junit4.JUnit4Provider.executeWithRerun(JUnit4Provider.java:274)
	at org.apache.maven.surefire.junit4.JUnit4Provider.executeTestSet(JUnit4Provider.java:238)
	at org.apache.maven.surefire.junit4.JUnit4Provider.invoke(JUnit4Provider.java:161)
	at org.apache.maven.surefire.booter.ForkedBooter.invokeProviderInSameClassLoader(ForkedBooter.java:290)
	at org.apache.maven.surefire.booter.ForkedBooter.runSuitesInProcess(ForkedBooter.java:242)
	at org.apache.maven.surefire.booter.ForkedBooter.main(ForkedBooter.java:121)
[2018-03-14 12:07:51.395]  WARN Message [topic=TEST_CONSOLE_TOPIC, flag=0, properties={KEYS=TEST_TOPIC_KEY, WAIT=true, UNIQ_KEY=C0A859EB30A4011E1E6742F9DB5F001A}, body=11]
[2018-03-14 12:07:51.397]  WARN AllocateMappedFileService service has exception. so return null
[2018-03-14 12:07:51.397] ERROR create maped file1 error, topic: TEST_CONSOLE_TOPIC clientAddr: 127.0.0.1
[2018-03-14 12:07:51.398]  WARN sendKernelImpl exception, resend at once, InvokeID: 800603725025512043, RT: 3ms, Broker: MessageQueue [topic=TEST_CONSOLE_TOPIC, brokerName=ConsoleTestBroker, queueId=12]
org.apache.rocketmq.client.exception.MQBrokerException: CODE: 1  DESC: create mapped file failed, server is busy or broken.
For more information, please visit the url, http://rocketmq.apache.org/docs/faq/
	at org.apache.rocketmq.client.impl.MQClientAPIImpl.processSendResponse(MQClientAPIImpl.java:531)
	at org.apache.rocketmq.client.impl.MQClientAPIImpl.sendMessageSync(MQClientAPIImpl.java:345)
	at org.apache.rocketmq.client.impl.MQClientAPIImpl.sendMessage(MQClientAPIImpl.java:327)
	at org.apache.rocketmq.client.impl.MQClientAPIImpl.sendMessage(MQClientAPIImpl.java:290)
	at org.apache.rocketmq.client.impl.producer.DefaultMQProducerImpl.sendKernelImpl(DefaultMQProducerImpl.java:688)
	at org.apache.rocketmq.client.impl.producer.DefaultMQProducerImpl.sendDefaultImpl(DefaultMQProducerImpl.java:458)
	at org.apache.rocketmq.client.impl.producer.DefaultMQProducerImpl.send(DefaultMQProducerImpl.java:1049)
	at org.apache.rocketmq.client.impl.producer.DefaultMQProducerImpl.send(DefaultMQProducerImpl.java:1008)
	at org.apache.rocketmq.client.producer.DefaultMQProducer.send(DefaultMQProducer.java:204)
	at org.apache.rocketmq.console.testbase.RocketMQConsoleTestBase.sendTestTopicMessage(RocketMQConsoleTestBase.java:107)
	at org.apache.rocketmq.console.service.impl.TopicServiceImplTest.setUp(TopicServiceImplTest.java:57)
	at sun.reflect.NativeMethodAccessorImpl.invoke0(Native Method)
	at sun.reflect.NativeMethodAccessorImpl.invoke(NativeMethodAccessorImpl.java:57)
	at sun.reflect.DelegatingMethodAccessorImpl.invoke(DelegatingMethodAccessorImpl.java:43)
	at java.lang.reflect.Method.invoke(Method.java:606)
	at org.junit.runners.model.FrameworkMethod$1.runReflectiveCall(FrameworkMethod.java:50)
	at org.junit.internal.runners.model.ReflectiveCallable.run(ReflectiveCallable.java:12)
	at org.junit.runners.model.FrameworkMethod.invokeExplosively(FrameworkMethod.java:47)
	at org.junit.internal.runners.statements.RunBefores.evaluate(RunBefores.java:24)
	at org.springframework.test.context.junit4.statements.RunBeforeTestMethodCallbacks.evaluate(RunBeforeTestMethodCallbacks.java:75)
	at org.junit.internal.runners.statements.RunAfters.evaluate(RunAfters.java:27)
	at org.springframework.test.context.junit4.statements.RunAfterTestMethodCallbacks.evaluate(RunAfterTestMethodCallbacks.java:86)
	at org.springframework.test.context.junit4.statements.SpringRepeat.evaluate(SpringRepeat.java:84)
	at org.junit.runners.ParentRunner.runLeaf(ParentRunner.java:325)
	at org.springframework.test.context.junit4.SpringJUnit4ClassRunner.runChild(SpringJUnit4ClassRunner.java:252)
	at org.springframework.test.context.junit4.SpringJUnit4ClassRunner.runChild(SpringJUnit4ClassRunner.java:94)
	at org.junit.runners.ParentRunner$3.run(ParentRunner.java:290)
	at org.junit.runners.ParentRunner$1.schedule(ParentRunner.java:71)
	at org.junit.runners.ParentRunner.runChildren(ParentRunner.java:288)
	at org.junit.runners.ParentRunner.access$000(ParentRunner.java:58)
	at org.junit.runners.ParentRunner$2.evaluate(ParentRunner.java:268)
	at org.springframework.test.context.junit4.statements.RunBeforeTestClassCallbacks.evaluate(RunBeforeTestClassCallbacks.java:61)
	at org.springframework.test.context.junit4.statements.RunAfterTestClassCallbacks.evaluate(RunAfterTestClassCallbacks.java:70)
	at org.junit.runners.ParentRunner.run(ParentRunner.java:363)
	at org.springframework.test.context.junit4.SpringJUnit4ClassRunner.run(SpringJUnit4ClassRunner.java:191)
	at org.apache.maven.surefire.junit4.JUnit4Provider.execute(JUnit4Provider.java:367)
	at org.apache.maven.surefire.junit4.JUnit4Provider.executeWithRerun(JUnit4Provider.java:274)
	at org.apache.maven.surefire.junit4.JUnit4Provider.executeTestSet(JUnit4Provider.java:238)
	at org.apache.maven.surefire.junit4.JUnit4Provider.invoke(JUnit4Provider.java:161)
	at org.apache.maven.surefire.booter.ForkedBooter.invokeProviderInSameClassLoader(ForkedBooter.java:290)
	at org.apache.maven.surefire.booter.ForkedBooter.runSuitesInProcess(ForkedBooter.java:242)
	at org.apache.maven.surefire.booter.ForkedBooter.main(ForkedBooter.java:121)
[2018-03-14 12:07:51.398]  WARN Message [topic=TEST_CONSOLE_TOPIC, flag=0, properties={KEYS=TEST_TOPIC_KEY, WAIT=true, UNIQ_KEY=C0A859EB30A4011E1E6742F9DB5F001A}, body=11]
[2018-03-14 12:07:51.410] ERROR map file C:\Users\Administrator\rocketmq-console-test\20180314120653\commitlog\00000000000000000000 Failed. 
java.io.IOException: Map failed
	at sun.nio.ch.FileChannelImpl.map(FileChannelImpl.java:888)
	at org.apache.rocketmq.store.MappedFile.init(MappedFile.java:160)
	at org.apache.rocketmq.store.MappedFile.<init>(MappedFile.java:71)
	at org.apache.rocketmq.store.AllocateMappedFileService.mmapOperation(AllocateMappedFileService.java:182)
	at org.apache.rocketmq.store.AllocateMappedFileService.run(AllocateMappedFileService.java:143)
	at java.lang.Thread.run(Thread.java:745)
Caused by: java.lang.OutOfMemoryError: Map failed
	at sun.nio.ch.FileChannelImpl.map0(Native Method)
	at sun.nio.ch.FileChannelImpl.map(FileChannelImpl.java:885)
	... 5 common frames omitted
[2018-03-14 12:07:51.410]  WARN AllocateMappedFileService service has exception. 
java.io.IOException: Map failed
	at sun.nio.ch.FileChannelImpl.map(FileChannelImpl.java:888)
	at org.apache.rocketmq.store.MappedFile.init(MappedFile.java:160)
	at org.apache.rocketmq.store.MappedFile.<init>(MappedFile.java:71)
	at org.apache.rocketmq.store.AllocateMappedFileService.mmapOperation(AllocateMappedFileService.java:182)
	at org.apache.rocketmq.store.AllocateMappedFileService.run(AllocateMappedFileService.java:143)
	at java.lang.Thread.run(Thread.java:745)
Caused by: java.lang.OutOfMemoryError: Map failed
	at sun.nio.ch.FileChannelImpl.map0(Native Method)
	at sun.nio.ch.FileChannelImpl.map(FileChannelImpl.java:885)
	... 5 common frames omitted
[2018-03-14 12:07:51.634] ERROR map file C:\Users\Administrator\rocketmq-console-test\20180314120653\commitlog\00000000000000000000 Failed. 
java.io.IOException: Map failed
	at sun.nio.ch.FileChannelImpl.map(FileChannelImpl.java:888)
	at org.apache.rocketmq.store.MappedFile.init(MappedFile.java:160)
	at org.apache.rocketmq.store.MappedFile.<init>(MappedFile.java:71)
	at org.apache.rocketmq.store.AllocateMappedFileService.mmapOperation(AllocateMappedFileService.java:182)
	at org.apache.rocketmq.store.AllocateMappedFileService.run(AllocateMappedFileService.java:143)
	at java.lang.Thread.run(Thread.java:745)
Caused by: java.lang.OutOfMemoryError: Map failed
	at sun.nio.ch.FileChannelImpl.map0(Native Method)
	at sun.nio.ch.FileChannelImpl.map(FileChannelImpl.java:885)
	... 5 common frames omitted
[2018-03-14 12:07:51.634]  WARN AllocateMappedFileService service has exception. 
java.io.IOException: Map failed
	at sun.nio.ch.FileChannelImpl.map(FileChannelImpl.java:888)
	at org.apache.rocketmq.store.MappedFile.init(MappedFile.java:160)
	at org.apache.rocketmq.store.MappedFile.<init>(MappedFile.java:71)
	at org.apache.rocketmq.store.AllocateMappedFileService.mmapOperation(AllocateMappedFileService.java:182)
	at org.apache.rocketmq.store.AllocateMappedFileService.run(AllocateMappedFileService.java:143)
	at java.lang.Thread.run(Thread.java:745)
Caused by: java.lang.OutOfMemoryError: Map failed
	at sun.nio.ch.FileChannelImpl.map0(Native Method)
	at sun.nio.ch.FileChannelImpl.map(FileChannelImpl.java:885)
	... 5 common frames omitted
[2018-03-14 12:07:51.859] ERROR map file C:\Users\Administrator\rocketmq-console-test\20180314120653\commitlog\00000000000000000000 Failed. 
java.io.IOException: Map failed
	at sun.nio.ch.FileChannelImpl.map(FileChannelImpl.java:888)
	at org.apache.rocketmq.store.MappedFile.init(MappedFile.java:160)
	at org.apache.rocketmq.store.MappedFile.<init>(MappedFile.java:71)
	at org.apache.rocketmq.store.AllocateMappedFileService.mmapOperation(AllocateMappedFileService.java:182)
	at org.apache.rocketmq.store.AllocateMappedFileService.run(AllocateMappedFileService.java:143)
	at java.lang.Thread.run(Thread.java:745)
Caused by: java.lang.OutOfMemoryError: Map failed
	at sun.nio.ch.FileChannelImpl.map0(Native Method)
	at sun.nio.ch.FileChannelImpl.map(FileChannelImpl.java:885)
	... 5 common frames omitted
[2018-03-14 12:07:51.859]  WARN AllocateMappedFileService service has exception. 
java.io.IOException: Map failed
	at sun.nio.ch.FileChannelImpl.map(FileChannelImpl.java:888)
	at org.apache.rocketmq.store.MappedFile.init(MappedFile.java:160)
	at org.apache.rocketmq.store.MappedFile.<init>(MappedFile.java:71)
	at org.apache.rocketmq.store.AllocateMappedFileService.mmapOperation(AllocateMappedFileService.java:182)
	at org.apache.rocketmq.store.AllocateMappedFileService.run(AllocateMappedFileService.java:143)
	at java.lang.Thread.run(Thread.java:745)
Caused by: java.lang.OutOfMemoryError: Map failed
	at sun.nio.ch.FileChannelImpl.map0(Native Method)
	at sun.nio.ch.FileChannelImpl.map(FileChannelImpl.java:885)
	... 5 common frames omitted
[2018-03-14 12:07:51.973]  WARN AllocateMappedFileService service has exception. so return null
[2018-03-14 12:07:51.973] ERROR create maped file1 error, topic: TEST_CONSOLE_TOPIC clientAddr: 127.0.0.1
[2018-03-14 12:07:51.976]  WARN sendKernelImpl exception, resend at once, InvokeID: 8863337198731872608, RT: 4ms, Broker: MessageQueue [topic=TEST_CONSOLE_TOPIC, brokerName=ConsoleTestBroker, queueId=13]
org.apache.rocketmq.client.exception.MQBrokerException: CODE: 1  DESC: create mapped file failed, server is busy or broken.
For more information, please visit the url, http://rocketmq.apache.org/docs/faq/
	at org.apache.rocketmq.client.impl.MQClientAPIImpl.processSendResponse(MQClientAPIImpl.java:531)
	at org.apache.rocketmq.client.impl.MQClientAPIImpl.sendMessageSync(MQClientAPIImpl.java:345)
	at org.apache.rocketmq.client.impl.MQClientAPIImpl.sendMessage(MQClientAPIImpl.java:327)
	at org.apache.rocketmq.client.impl.MQClientAPIImpl.sendMessage(MQClientAPIImpl.java:290)
	at org.apache.rocketmq.client.impl.producer.DefaultMQProducerImpl.sendKernelImpl(DefaultMQProducerImpl.java:688)
	at org.apache.rocketmq.client.impl.producer.DefaultMQProducerImpl.sendDefaultImpl(DefaultMQProducerImpl.java:458)
	at org.apache.rocketmq.client.impl.producer.DefaultMQProducerImpl.send(DefaultMQProducerImpl.java:1049)
	at org.apache.rocketmq.client.impl.producer.DefaultMQProducerImpl.send(DefaultMQProducerImpl.java:1008)
	at org.apache.rocketmq.client.producer.DefaultMQProducer.send(DefaultMQProducer.java:204)
	at org.apache.rocketmq.console.testbase.RocketMQConsoleTestBase.sendTestTopicMessage(RocketMQConsoleTestBase.java:107)
	at org.apache.rocketmq.console.service.impl.TopicServiceImplTest.setUp(TopicServiceImplTest.java:57)
	at sun.reflect.NativeMethodAccessorImpl.invoke0(Native Method)
	at sun.reflect.NativeMethodAccessorImpl.invoke(NativeMethodAccessorImpl.java:57)
	at sun.reflect.DelegatingMethodAccessorImpl.invoke(DelegatingMethodAccessorImpl.java:43)
	at java.lang.reflect.Method.invoke(Method.java:606)
	at org.junit.runners.model.FrameworkMethod$1.runReflectiveCall(FrameworkMethod.java:50)
	at org.junit.internal.runners.model.ReflectiveCallable.run(ReflectiveCallable.java:12)
	at org.junit.runners.model.FrameworkMethod.invokeExplosively(FrameworkMethod.java:47)
	at org.junit.internal.runners.statements.RunBefores.evaluate(RunBefores.java:24)
	at org.springframework.test.context.junit4.statements.RunBeforeTestMethodCallbacks.evaluate(RunBeforeTestMethodCallbacks.java:75)
	at org.junit.internal.runners.statements.RunAfters.evaluate(RunAfters.java:27)
	at org.springframework.test.context.junit4.statements.RunAfterTestMethodCallbacks.evaluate(RunAfterTestMethodCallbacks.java:86)
	at org.springframework.test.context.junit4.statements.SpringRepeat.evaluate(SpringRepeat.java:84)
	at org.junit.runners.ParentRunner.runLeaf(ParentRunner.java:325)
	at org.springframework.test.context.junit4.SpringJUnit4ClassRunner.runChild(SpringJUnit4ClassRunner.java:252)
	at org.springframework.test.context.junit4.SpringJUnit4ClassRunner.runChild(SpringJUnit4ClassRunner.java:94)
	at org.junit.runners.ParentRunner$3.run(ParentRunner.java:290)
	at org.junit.runners.ParentRunner$1.schedule(ParentRunner.java:71)
	at org.junit.runners.ParentRunner.runChildren(ParentRunner.java:288)
	at org.junit.runners.ParentRunner.access$000(ParentRunner.java:58)
	at org.junit.runners.ParentRunner$2.evaluate(ParentRunner.java:268)
	at org.springframework.test.context.junit4.statements.RunBeforeTestClassCallbacks.evaluate(RunBeforeTestClassCallbacks.java:61)
	at org.springframework.test.context.junit4.statements.RunAfterTestClassCallbacks.evaluate(RunAfterTestClassCallbacks.java:70)
	at org.junit.runners.ParentRunner.run(ParentRunner.java:363)
	at org.springframework.test.context.junit4.SpringJUnit4ClassRunner.run(SpringJUnit4ClassRunner.java:191)
	at org.apache.maven.surefire.junit4.JUnit4Provider.execute(JUnit4Provider.java:367)
	at org.apache.maven.surefire.junit4.JUnit4Provider.executeWithRerun(JUnit4Provider.java:274)
	at org.apache.maven.surefire.junit4.JUnit4Provider.executeTestSet(JUnit4Provider.java:238)
	at org.apache.maven.surefire.junit4.JUnit4Provider.invoke(JUnit4Provider.java:161)
	at org.apache.maven.surefire.booter.ForkedBooter.invokeProviderInSameClassLoader(ForkedBooter.java:290)
	at org.apache.maven.surefire.booter.ForkedBooter.runSuitesInProcess(ForkedBooter.java:242)
	at org.apache.maven.surefire.booter.ForkedBooter.main(ForkedBooter.java:121)
[2018-03-14 12:07:51.977]  WARN Message [topic=TEST_CONSOLE_TOPIC, flag=0, properties={KEYS=TEST_TOPIC_KEY, WAIT=true, UNIQ_KEY=C0A859EB30A4011E1E6742F9DB5F001A}, body=11]
[2018-03-14 12:07:51.978]  WARN AllocateMappedFileService service has exception. so return null
[2018-03-14 12:07:51.978] ERROR create maped file1 error, topic: TEST_CONSOLE_TOPIC clientAddr: 127.0.0.1
[2018-03-14 12:07:51.979]  WARN sendKernelImpl exception, resend at once, InvokeID: 8863337198731872608, RT: 2ms, Broker: MessageQueue [topic=TEST_CONSOLE_TOPIC, brokerName=ConsoleTestBroker, queueId=15]
org.apache.rocketmq.client.exception.MQBrokerException: CODE: 1  DESC: create mapped file failed, server is busy or broken.
For more information, please visit the url, http://rocketmq.apache.org/docs/faq/
	at org.apache.rocketmq.client.impl.MQClientAPIImpl.processSendResponse(MQClientAPIImpl.java:531)
	at org.apache.rocketmq.client.impl.MQClientAPIImpl.sendMessageSync(MQClientAPIImpl.java:345)
	at org.apache.rocketmq.client.impl.MQClientAPIImpl.sendMessage(MQClientAPIImpl.java:327)
	at org.apache.rocketmq.client.impl.MQClientAPIImpl.sendMessage(MQClientAPIImpl.java:290)
	at org.apache.rocketmq.client.impl.producer.DefaultMQProducerImpl.sendKernelImpl(DefaultMQProducerImpl.java:688)
	at org.apache.rocketmq.client.impl.producer.DefaultMQProducerImpl.sendDefaultImpl(DefaultMQProducerImpl.java:458)
	at org.apache.rocketmq.client.impl.producer.DefaultMQProducerImpl.send(DefaultMQProducerImpl.java:1049)
	at org.apache.rocketmq.client.impl.producer.DefaultMQProducerImpl.send(DefaultMQProducerImpl.java:1008)
	at org.apache.rocketmq.client.producer.DefaultMQProducer.send(DefaultMQProducer.java:204)
	at org.apache.rocketmq.console.testbase.RocketMQConsoleTestBase.sendTestTopicMessage(RocketMQConsoleTestBase.java:107)
	at org.apache.rocketmq.console.service.impl.TopicServiceImplTest.setUp(TopicServiceImplTest.java:57)
	at sun.reflect.NativeMethodAccessorImpl.invoke0(Native Method)
	at sun.reflect.NativeMethodAccessorImpl.invoke(NativeMethodAccessorImpl.java:57)
	at sun.reflect.DelegatingMethodAccessorImpl.invoke(DelegatingMethodAccessorImpl.java:43)
	at java.lang.reflect.Method.invoke(Method.java:606)
	at org.junit.runners.model.FrameworkMethod$1.runReflectiveCall(FrameworkMethod.java:50)
	at org.junit.internal.runners.model.ReflectiveCallable.run(ReflectiveCallable.java:12)
	at org.junit.runners.model.FrameworkMethod.invokeExplosively(FrameworkMethod.java:47)
	at org.junit.internal.runners.statements.RunBefores.evaluate(RunBefores.java:24)
	at org.springframework.test.context.junit4.statements.RunBeforeTestMethodCallbacks.evaluate(RunBeforeTestMethodCallbacks.java:75)
	at org.junit.internal.runners.statements.RunAfters.evaluate(RunAfters.java:27)
	at org.springframework.test.context.junit4.statements.RunAfterTestMethodCallbacks.evaluate(RunAfterTestMethodCallbacks.java:86)
	at org.springframework.test.context.junit4.statements.SpringRepeat.evaluate(SpringRepeat.java:84)
	at org.junit.runners.ParentRunner.runLeaf(ParentRunner.java:325)
	at org.springframework.test.context.junit4.SpringJUnit4ClassRunner.runChild(SpringJUnit4ClassRunner.java:252)
	at org.springframework.test.context.junit4.SpringJUnit4ClassRunner.runChild(SpringJUnit4ClassRunner.java:94)
	at org.junit.runners.ParentRunner$3.run(ParentRunner.java:290)
	at org.junit.runners.ParentRunner$1.schedule(ParentRunner.java:71)
	at org.junit.runners.ParentRunner.runChildren(ParentRunner.java:288)
	at org.junit.runners.ParentRunner.access$000(ParentRunner.java:58)
	at org.junit.runners.ParentRunner$2.evaluate(ParentRunner.java:268)
	at org.springframework.test.context.junit4.statements.RunBeforeTestClassCallbacks.evaluate(RunBeforeTestClassCallbacks.java:61)
	at org.springframework.test.context.junit4.statements.RunAfterTestClassCallbacks.evaluate(RunAfterTestClassCallbacks.java:70)
	at org.junit.runners.ParentRunner.run(ParentRunner.java:363)
	at org.springframework.test.context.junit4.SpringJUnit4ClassRunner.run(SpringJUnit4ClassRunner.java:191)
	at org.apache.maven.surefire.junit4.JUnit4Provider.execute(JUnit4Provider.java:367)
	at org.apache.maven.surefire.junit4.JUnit4Provider.executeWithRerun(JUnit4Provider.java:274)
	at org.apache.maven.surefire.junit4.JUnit4Provider.executeTestSet(JUnit4Provider.java:238)
	at org.apache.maven.surefire.junit4.JUnit4Provider.invoke(JUnit4Provider.java:161)
	at org.apache.maven.surefire.booter.ForkedBooter.invokeProviderInSameClassLoader(ForkedBooter.java:290)
	at org.apache.maven.surefire.booter.ForkedBooter.runSuitesInProcess(ForkedBooter.java:242)
	at org.apache.maven.surefire.booter.ForkedBooter.main(ForkedBooter.java:121)
[2018-03-14 12:07:51.979]  WARN Message [topic=TEST_CONSOLE_TOPIC, flag=0, properties={KEYS=TEST_TOPIC_KEY, WAIT=true, UNIQ_KEY=C0A859EB30A4011E1E6742F9DB5F001A}, body=11]
[2018-03-14 12:07:51.980]  WARN AllocateMappedFileService service has exception. so return null
[2018-03-14 12:07:51.980] ERROR create maped file1 error, topic: TEST_CONSOLE_TOPIC clientAddr: 127.0.0.1
[2018-03-14 12:07:51.981]  WARN sendKernelImpl exception, resend at once, InvokeID: 8863337198731872608, RT: 2ms, Broker: MessageQueue [topic=TEST_CONSOLE_TOPIC, brokerName=ConsoleTestBroker, queueId=1]
org.apache.rocketmq.client.exception.MQBrokerException: CODE: 1  DESC: create mapped file failed, server is busy or broken.
For more information, please visit the url, http://rocketmq.apache.org/docs/faq/
	at org.apache.rocketmq.client.impl.MQClientAPIImpl.processSendResponse(MQClientAPIImpl.java:531)
	at org.apache.rocketmq.client.impl.MQClientAPIImpl.sendMessageSync(MQClientAPIImpl.java:345)
	at org.apache.rocketmq.client.impl.MQClientAPIImpl.sendMessage(MQClientAPIImpl.java:327)
	at org.apache.rocketmq.client.impl.MQClientAPIImpl.sendMessage(MQClientAPIImpl.java:290)
	at org.apache.rocketmq.client.impl.producer.DefaultMQProducerImpl.sendKernelImpl(DefaultMQProducerImpl.java:688)
	at org.apache.rocketmq.client.impl.producer.DefaultMQProducerImpl.sendDefaultImpl(DefaultMQProducerImpl.java:458)
	at org.apache.rocketmq.client.impl.producer.DefaultMQProducerImpl.send(DefaultMQProducerImpl.java:1049)
	at org.apache.rocketmq.client.impl.producer.DefaultMQProducerImpl.send(DefaultMQProducerImpl.java:1008)
	at org.apache.rocketmq.client.producer.DefaultMQProducer.send(DefaultMQProducer.java:204)
	at org.apache.rocketmq.console.testbase.RocketMQConsoleTestBase.sendTestTopicMessage(RocketMQConsoleTestBase.java:107)
	at org.apache.rocketmq.console.service.impl.TopicServiceImplTest.setUp(TopicServiceImplTest.java:57)
	at sun.reflect.NativeMethodAccessorImpl.invoke0(Native Method)
	at sun.reflect.NativeMethodAccessorImpl.invoke(NativeMethodAccessorImpl.java:57)
	at sun.reflect.DelegatingMethodAccessorImpl.invoke(DelegatingMethodAccessorImpl.java:43)
	at java.lang.reflect.Method.invoke(Method.java:606)
	at org.junit.runners.model.FrameworkMethod$1.runReflectiveCall(FrameworkMethod.java:50)
	at org.junit.internal.runners.model.ReflectiveCallable.run(ReflectiveCallable.java:12)
	at org.junit.runners.model.FrameworkMethod.invokeExplosively(FrameworkMethod.java:47)
	at org.junit.internal.runners.statements.RunBefores.evaluate(RunBefores.java:24)
	at org.springframework.test.context.junit4.statements.RunBeforeTestMethodCallbacks.evaluate(RunBeforeTestMethodCallbacks.java:75)
	at org.junit.internal.runners.statements.RunAfters.evaluate(RunAfters.java:27)
	at org.springframework.test.context.junit4.statements.RunAfterTestMethodCallbacks.evaluate(RunAfterTestMethodCallbacks.java:86)
	at org.springframework.test.context.junit4.statements.SpringRepeat.evaluate(SpringRepeat.java:84)
	at org.junit.runners.ParentRunner.runLeaf(ParentRunner.java:325)
	at org.springframework.test.context.junit4.SpringJUnit4ClassRunner.runChild(SpringJUnit4ClassRunner.java:252)
	at org.springframework.test.context.junit4.SpringJUnit4ClassRunner.runChild(SpringJUnit4ClassRunner.java:94)
	at org.junit.runners.ParentRunner$3.run(ParentRunner.java:290)
	at org.junit.runners.ParentRunner$1.schedule(ParentRunner.java:71)
	at org.junit.runners.ParentRunner.runChildren(ParentRunner.java:288)
	at org.junit.runners.ParentRunner.access$000(ParentRunner.java:58)
	at org.junit.runners.ParentRunner$2.evaluate(ParentRunner.java:268)
	at org.springframework.test.context.junit4.statements.RunBeforeTestClassCallbacks.evaluate(RunBeforeTestClassCallbacks.java:61)
	at org.springframework.test.context.junit4.statements.RunAfterTestClassCallbacks.evaluate(RunAfterTestClassCallbacks.java:70)
	at org.junit.runners.ParentRunner.run(ParentRunner.java:363)
	at org.springframework.test.context.junit4.SpringJUnit4ClassRunner.run(SpringJUnit4ClassRunner.java:191)
	at org.apache.maven.surefire.junit4.JUnit4Provider.execute(JUnit4Provider.java:367)
	at org.apache.maven.surefire.junit4.JUnit4Provider.executeWithRerun(JUnit4Provider.java:274)
	at org.apache.maven.surefire.junit4.JUnit4Provider.executeTestSet(JUnit4Provider.java:238)
	at org.apache.maven.surefire.junit4.JUnit4Provider.invoke(JUnit4Provider.java:161)
	at org.apache.maven.surefire.booter.ForkedBooter.invokeProviderInSameClassLoader(ForkedBooter.java:290)
	at org.apache.maven.surefire.booter.ForkedBooter.runSuitesInProcess(ForkedBooter.java:242)
	at org.apache.maven.surefire.booter.ForkedBooter.main(ForkedBooter.java:121)
[2018-03-14 12:07:51.981]  WARN Message [topic=TEST_CONSOLE_TOPIC, flag=0, properties={KEYS=TEST_TOPIC_KEY, WAIT=true, UNIQ_KEY=C0A859EB30A4011E1E6742F9DB5F001A}, body=11]
[2018-03-14 12:07:52.075] ERROR map file C:\Users\Administrator\rocketmq-console-test\20180314120653\commitlog\00000000000000000000 Failed. 
java.io.IOException: Map failed
	at sun.nio.ch.FileChannelImpl.map(FileChannelImpl.java:888)
	at org.apache.rocketmq.store.MappedFile.init(MappedFile.java:160)
	at org.apache.rocketmq.store.MappedFile.<init>(MappedFile.java:71)
	at org.apache.rocketmq.store.AllocateMappedFileService.mmapOperation(AllocateMappedFileService.java:182)
	at org.apache.rocketmq.store.AllocateMappedFileService.run(AllocateMappedFileService.java:143)
	at java.lang.Thread.run(Thread.java:745)
Caused by: java.lang.OutOfMemoryError: Map failed
	at sun.nio.ch.FileChannelImpl.map0(Native Method)
	at sun.nio.ch.FileChannelImpl.map(FileChannelImpl.java:885)
	... 5 common frames omitted
[2018-03-14 12:07:52.075]  WARN AllocateMappedFileService service has exception. 
java.io.IOException: Map failed
	at sun.nio.ch.FileChannelImpl.map(FileChannelImpl.java:888)
	at org.apache.rocketmq.store.MappedFile.init(MappedFile.java:160)
	at org.apache.rocketmq.store.MappedFile.<init>(MappedFile.java:71)
	at org.apache.rocketmq.store.AllocateMappedFileService.mmapOperation(AllocateMappedFileService.java:182)
	at org.apache.rocketmq.store.AllocateMappedFileService.run(AllocateMappedFileService.java:143)
	at java.lang.Thread.run(Thread.java:745)
Caused by: java.lang.OutOfMemoryError: Map failed
	at sun.nio.ch.FileChannelImpl.map0(Native Method)
	at sun.nio.ch.FileChannelImpl.map(FileChannelImpl.java:885)
	... 5 common frames omitted
[2018-03-14 12:07:52.295] ERROR map file C:\Users\Administrator\rocketmq-console-test\20180314120653\commitlog\00000000000000000000 Failed. 
java.io.IOException: Map failed
	at sun.nio.ch.FileChannelImpl.map(FileChannelImpl.java:888)
	at org.apache.rocketmq.store.MappedFile.init(MappedFile.java:160)
	at org.apache.rocketmq.store.MappedFile.<init>(MappedFile.java:71)
	at org.apache.rocketmq.store.AllocateMappedFileService.mmapOperation(AllocateMappedFileService.java:182)
	at org.apache.rocketmq.store.AllocateMappedFileService.run(AllocateMappedFileService.java:143)
	at java.lang.Thread.run(Thread.java:745)
Caused by: java.lang.OutOfMemoryError: Map failed
	at sun.nio.ch.FileChannelImpl.map0(Native Method)
	at sun.nio.ch.FileChannelImpl.map(FileChannelImpl.java:885)
	... 5 common frames omitted
[2018-03-14 12:07:52.296]  WARN AllocateMappedFileService service has exception. 
java.io.IOException: Map failed
	at sun.nio.ch.FileChannelImpl.map(FileChannelImpl.java:888)
	at org.apache.rocketmq.store.MappedFile.init(MappedFile.java:160)
	at org.apache.rocketmq.store.MappedFile.<init>(MappedFile.java:71)
	at org.apache.rocketmq.store.AllocateMappedFileService.mmapOperation(AllocateMappedFileService.java:182)
	at org.apache.rocketmq.store.AllocateMappedFileService.run(AllocateMappedFileService.java:143)
	at java.lang.Thread.run(Thread.java:745)
Caused by: java.lang.OutOfMemoryError: Map failed
	at sun.nio.ch.FileChannelImpl.map0(Native Method)
	at sun.nio.ch.FileChannelImpl.map(FileChannelImpl.java:885)
	... 5 common frames omitted
]]></system-out>
  </testcase>
  <testcase name="fetchAllTopicList" classname="org.apache.rocketmq.console.service.impl.TopicServiceImplTest" time="5.496">
    <error message="send message error" type="java.lang.RuntimeException">java.lang.RuntimeException: send message error
	at org.apache.rocketmq.console.service.impl.TopicServiceImplTest.setUp(TopicServiceImplTest.java:57)
</error>
    <system-out><![CDATA[[2018-03-14 12:07:52.519] ERROR map file C:\Users\Administrator\rocketmq-console-test\20180314120653\commitlog\00000000000000000000 Failed. 
java.io.IOException: Map failed
	at sun.nio.ch.FileChannelImpl.map(FileChannelImpl.java:888)
	at org.apache.rocketmq.store.MappedFile.init(MappedFile.java:160)
	at org.apache.rocketmq.store.MappedFile.<init>(MappedFile.java:71)
	at org.apache.rocketmq.store.AllocateMappedFileService.mmapOperation(AllocateMappedFileService.java:182)
	at org.apache.rocketmq.store.AllocateMappedFileService.run(AllocateMappedFileService.java:143)
	at java.lang.Thread.run(Thread.java:745)
Caused by: java.lang.OutOfMemoryError: Map failed
	at sun.nio.ch.FileChannelImpl.map0(Native Method)
	at sun.nio.ch.FileChannelImpl.map(FileChannelImpl.java:885)
	... 5 common frames omitted
[2018-03-14 12:07:52.519]  WARN AllocateMappedFileService service has exception. 
java.io.IOException: Map failed
	at sun.nio.ch.FileChannelImpl.map(FileChannelImpl.java:888)
	at org.apache.rocketmq.store.MappedFile.init(MappedFile.java:160)
	at org.apache.rocketmq.store.MappedFile.<init>(MappedFile.java:71)
	at org.apache.rocketmq.store.AllocateMappedFileService.mmapOperation(AllocateMappedFileService.java:182)
	at org.apache.rocketmq.store.AllocateMappedFileService.run(AllocateMappedFileService.java:143)
	at java.lang.Thread.run(Thread.java:745)
Caused by: java.lang.OutOfMemoryError: Map failed
	at sun.nio.ch.FileChannelImpl.map0(Native Method)
	at sun.nio.ch.FileChannelImpl.map(FileChannelImpl.java:885)
	... 5 common frames omitted
[2018-03-14 12:07:52.730] ERROR map file C:\Users\Administrator\rocketmq-console-test\20180314120653\commitlog\00000000000000000000 Failed. 
java.io.IOException: Map failed
	at sun.nio.ch.FileChannelImpl.map(FileChannelImpl.java:888)
	at org.apache.rocketmq.store.MappedFile.init(MappedFile.java:160)
	at org.apache.rocketmq.store.MappedFile.<init>(MappedFile.java:71)
	at org.apache.rocketmq.store.AllocateMappedFileService.mmapOperation(AllocateMappedFileService.java:182)
	at org.apache.rocketmq.store.AllocateMappedFileService.run(AllocateMappedFileService.java:143)
	at java.lang.Thread.run(Thread.java:745)
Caused by: java.lang.OutOfMemoryError: Map failed
	at sun.nio.ch.FileChannelImpl.map0(Native Method)
	at sun.nio.ch.FileChannelImpl.map(FileChannelImpl.java:885)
	... 5 common frames omitted
[2018-03-14 12:07:52.730]  WARN AllocateMappedFileService service has exception. 
java.io.IOException: Map failed
	at sun.nio.ch.FileChannelImpl.map(FileChannelImpl.java:888)
	at org.apache.rocketmq.store.MappedFile.init(MappedFile.java:160)
	at org.apache.rocketmq.store.MappedFile.<init>(MappedFile.java:71)
	at org.apache.rocketmq.store.AllocateMappedFileService.mmapOperation(AllocateMappedFileService.java:182)
	at org.apache.rocketmq.store.AllocateMappedFileService.run(AllocateMappedFileService.java:143)
	at java.lang.Thread.run(Thread.java:745)
Caused by: java.lang.OutOfMemoryError: Map failed
	at sun.nio.ch.FileChannelImpl.map0(Native Method)
	at sun.nio.ch.FileChannelImpl.map(FileChannelImpl.java:885)
	... 5 common frames omitted
[2018-03-14 12:07:52.953] ERROR map file C:\Users\Administrator\rocketmq-console-test\20180314120653\commitlog\00000000000000000000 Failed. 
java.io.IOException: Map failed
	at sun.nio.ch.FileChannelImpl.map(FileChannelImpl.java:888)
	at org.apache.rocketmq.store.MappedFile.init(MappedFile.java:160)
	at org.apache.rocketmq.store.MappedFile.<init>(MappedFile.java:71)
	at org.apache.rocketmq.store.AllocateMappedFileService.mmapOperation(AllocateMappedFileService.java:182)
	at org.apache.rocketmq.store.AllocateMappedFileService.run(AllocateMappedFileService.java:143)
	at java.lang.Thread.run(Thread.java:745)
Caused by: java.lang.OutOfMemoryError: Map failed
	at sun.nio.ch.FileChannelImpl.map0(Native Method)
	at sun.nio.ch.FileChannelImpl.map(FileChannelImpl.java:885)
	... 5 common frames omitted
[2018-03-14 12:07:52.953]  WARN AllocateMappedFileService service has exception. 
java.io.IOException: Map failed
	at sun.nio.ch.FileChannelImpl.map(FileChannelImpl.java:888)
	at org.apache.rocketmq.store.MappedFile.init(MappedFile.java:160)
	at org.apache.rocketmq.store.MappedFile.<init>(MappedFile.java:71)
	at org.apache.rocketmq.store.AllocateMappedFileService.mmapOperation(AllocateMappedFileService.java:182)
	at org.apache.rocketmq.store.AllocateMappedFileService.run(AllocateMappedFileService.java:143)
	at java.lang.Thread.run(Thread.java:745)
Caused by: java.lang.OutOfMemoryError: Map failed
	at sun.nio.ch.FileChannelImpl.map0(Native Method)
	at sun.nio.ch.FileChannelImpl.map(FileChannelImpl.java:885)
	... 5 common frames omitted
[2018-03-14 12:07:53.173] ERROR map file C:\Users\Administrator\rocketmq-console-test\20180314120653\commitlog\00000000000000000000 Failed. 
java.io.IOException: Map failed
	at sun.nio.ch.FileChannelImpl.map(FileChannelImpl.java:888)
	at org.apache.rocketmq.store.MappedFile.init(MappedFile.java:160)
	at org.apache.rocketmq.store.MappedFile.<init>(MappedFile.java:71)
	at org.apache.rocketmq.store.AllocateMappedFileService.mmapOperation(AllocateMappedFileService.java:182)
	at org.apache.rocketmq.store.AllocateMappedFileService.run(AllocateMappedFileService.java:143)
	at java.lang.Thread.run(Thread.java:745)
Caused by: java.lang.OutOfMemoryError: Map failed
	at sun.nio.ch.FileChannelImpl.map0(Native Method)
	at sun.nio.ch.FileChannelImpl.map(FileChannelImpl.java:885)
	... 5 common frames omitted
[2018-03-14 12:07:53.173]  WARN AllocateMappedFileService service has exception. 
java.io.IOException: Map failed
	at sun.nio.ch.FileChannelImpl.map(FileChannelImpl.java:888)
	at org.apache.rocketmq.store.MappedFile.init(MappedFile.java:160)
	at org.apache.rocketmq.store.MappedFile.<init>(MappedFile.java:71)
	at org.apache.rocketmq.store.AllocateMappedFileService.mmapOperation(AllocateMappedFileService.java:182)
	at org.apache.rocketmq.store.AllocateMappedFileService.run(AllocateMappedFileService.java:143)
	at java.lang.Thread.run(Thread.java:745)
Caused by: java.lang.OutOfMemoryError: Map failed
	at sun.nio.ch.FileChannelImpl.map0(Native Method)
	at sun.nio.ch.FileChannelImpl.map(FileChannelImpl.java:885)
	... 5 common frames omitted
[2018-03-14 12:07:53.392] ERROR map file C:\Users\Administrator\rocketmq-console-test\20180314120653\commitlog\00000000000000000000 Failed. 
java.io.IOException: Map failed
	at sun.nio.ch.FileChannelImpl.map(FileChannelImpl.java:888)
	at org.apache.rocketmq.store.MappedFile.init(MappedFile.java:160)
	at org.apache.rocketmq.store.MappedFile.<init>(MappedFile.java:71)
	at org.apache.rocketmq.store.AllocateMappedFileService.mmapOperation(AllocateMappedFileService.java:182)
	at org.apache.rocketmq.store.AllocateMappedFileService.run(AllocateMappedFileService.java:143)
	at java.lang.Thread.run(Thread.java:745)
Caused by: java.lang.OutOfMemoryError: Map failed
	at sun.nio.ch.FileChannelImpl.map0(Native Method)
	at sun.nio.ch.FileChannelImpl.map(FileChannelImpl.java:885)
	... 5 common frames omitted
[2018-03-14 12:07:53.393]  WARN AllocateMappedFileService service has exception. 
java.io.IOException: Map failed
	at sun.nio.ch.FileChannelImpl.map(FileChannelImpl.java:888)
	at org.apache.rocketmq.store.MappedFile.init(MappedFile.java:160)
	at org.apache.rocketmq.store.MappedFile.<init>(MappedFile.java:71)
	at org.apache.rocketmq.store.AllocateMappedFileService.mmapOperation(AllocateMappedFileService.java:182)
	at org.apache.rocketmq.store.AllocateMappedFileService.run(AllocateMappedFileService.java:143)
	at java.lang.Thread.run(Thread.java:745)
Caused by: java.lang.OutOfMemoryError: Map failed
	at sun.nio.ch.FileChannelImpl.map0(Native Method)
	at sun.nio.ch.FileChannelImpl.map(FileChannelImpl.java:885)
	... 5 common frames omitted
[2018-03-14 12:07:53.570]  WARN disk space will be full soon, but delete file failed.
[2018-03-14 12:07:53.611] ERROR map file C:\Users\Administrator\rocketmq-console-test\20180314120653\commitlog\00000000000000000000 Failed. 
java.io.IOException: Map failed
	at sun.nio.ch.FileChannelImpl.map(FileChannelImpl.java:888)
	at org.apache.rocketmq.store.MappedFile.init(MappedFile.java:160)
	at org.apache.rocketmq.store.MappedFile.<init>(MappedFile.java:71)
	at org.apache.rocketmq.store.AllocateMappedFileService.mmapOperation(AllocateMappedFileService.java:182)
	at org.apache.rocketmq.store.AllocateMappedFileService.run(AllocateMappedFileService.java:143)
	at java.lang.Thread.run(Thread.java:745)
Caused by: java.lang.OutOfMemoryError: Map failed
	at sun.nio.ch.FileChannelImpl.map0(Native Method)
	at sun.nio.ch.FileChannelImpl.map(FileChannelImpl.java:885)
	... 5 common frames omitted
[2018-03-14 12:07:53.612]  WARN AllocateMappedFileService service has exception. 
java.io.IOException: Map failed
	at sun.nio.ch.FileChannelImpl.map(FileChannelImpl.java:888)
	at org.apache.rocketmq.store.MappedFile.init(MappedFile.java:160)
	at org.apache.rocketmq.store.MappedFile.<init>(MappedFile.java:71)
	at org.apache.rocketmq.store.AllocateMappedFileService.mmapOperation(AllocateMappedFileService.java:182)
	at org.apache.rocketmq.store.AllocateMappedFileService.run(AllocateMappedFileService.java:143)
	at java.lang.Thread.run(Thread.java:745)
Caused by: java.lang.OutOfMemoryError: Map failed
	at sun.nio.ch.FileChannelImpl.map0(Native Method)
	at sun.nio.ch.FileChannelImpl.map(FileChannelImpl.java:885)
	... 5 common frames omitted
[2018-03-14 12:07:53.831] ERROR map file C:\Users\Administrator\rocketmq-console-test\20180314120653\commitlog\00000000000000000000 Failed. 
java.io.IOException: Map failed
	at sun.nio.ch.FileChannelImpl.map(FileChannelImpl.java:888)
	at org.apache.rocketmq.store.MappedFile.init(MappedFile.java:160)
	at org.apache.rocketmq.store.MappedFile.<init>(MappedFile.java:71)
	at org.apache.rocketmq.store.AllocateMappedFileService.mmapOperation(AllocateMappedFileService.java:182)
	at org.apache.rocketmq.store.AllocateMappedFileService.run(AllocateMappedFileService.java:143)
	at java.lang.Thread.run(Thread.java:745)
Caused by: java.lang.OutOfMemoryError: Map failed
	at sun.nio.ch.FileChannelImpl.map0(Native Method)
	at sun.nio.ch.FileChannelImpl.map(FileChannelImpl.java:885)
	... 5 common frames omitted
[2018-03-14 12:07:53.831]  WARN AllocateMappedFileService service has exception. 
java.io.IOException: Map failed
	at sun.nio.ch.FileChannelImpl.map(FileChannelImpl.java:888)
	at org.apache.rocketmq.store.MappedFile.init(MappedFile.java:160)
	at org.apache.rocketmq.store.MappedFile.<init>(MappedFile.java:71)
	at org.apache.rocketmq.store.AllocateMappedFileService.mmapOperation(AllocateMappedFileService.java:182)
	at org.apache.rocketmq.store.AllocateMappedFileService.run(AllocateMappedFileService.java:143)
	at java.lang.Thread.run(Thread.java:745)
Caused by: java.lang.OutOfMemoryError: Map failed
	at sun.nio.ch.FileChannelImpl.map0(Native Method)
	at sun.nio.ch.FileChannelImpl.map(FileChannelImpl.java:885)
	... 5 common frames omitted
[2018-03-14 12:07:54.055] ERROR map file C:\Users\Administrator\rocketmq-console-test\20180314120653\commitlog\00000000000000000000 Failed. 
java.io.IOException: Map failed
	at sun.nio.ch.FileChannelImpl.map(FileChannelImpl.java:888)
	at org.apache.rocketmq.store.MappedFile.init(MappedFile.java:160)
	at org.apache.rocketmq.store.MappedFile.<init>(MappedFile.java:71)
	at org.apache.rocketmq.store.AllocateMappedFileService.mmapOperation(AllocateMappedFileService.java:182)
	at org.apache.rocketmq.store.AllocateMappedFileService.run(AllocateMappedFileService.java:143)
	at java.lang.Thread.run(Thread.java:745)
Caused by: java.lang.OutOfMemoryError: Map failed
	at sun.nio.ch.FileChannelImpl.map0(Native Method)
	at sun.nio.ch.FileChannelImpl.map(FileChannelImpl.java:885)
	... 5 common frames omitted
[2018-03-14 12:07:54.055]  WARN AllocateMappedFileService service has exception. 
java.io.IOException: Map failed
	at sun.nio.ch.FileChannelImpl.map(FileChannelImpl.java:888)
	at org.apache.rocketmq.store.MappedFile.init(MappedFile.java:160)
	at org.apache.rocketmq.store.MappedFile.<init>(MappedFile.java:71)
	at org.apache.rocketmq.store.AllocateMappedFileService.mmapOperation(AllocateMappedFileService.java:182)
	at org.apache.rocketmq.store.AllocateMappedFileService.run(AllocateMappedFileService.java:143)
	at java.lang.Thread.run(Thread.java:745)
Caused by: java.lang.OutOfMemoryError: Map failed
	at sun.nio.ch.FileChannelImpl.map0(Native Method)
	at sun.nio.ch.FileChannelImpl.map(FileChannelImpl.java:885)
	... 5 common frames omitted
[2018-03-14 12:07:54.171]  WARN The consumer's group info not exist, group: CONSOLE_TEST_CONSUMER_GROUP
[2018-03-14 12:07:54.172]  WARN The consumer's group info not exist, group: CONSOLE_TEST_CONSUMER_GROUP
[2018-03-14 12:07:54.172] ERROR ProcessRequestWrapper response to /127.0.0.1:56446 failed
java.nio.channels.ClosedChannelException: null
[2018-03-14 12:07:54.172] ERROR RemotingCommand [code=11, language=JAVA, version=212, opaque=7075, flag(B)=0, remark=null, extFields={topic=TEST_CONSOLE_TOPIC, suspendTimeoutMillis=15000, queueId=15, subVersion=1521000458060, consumerGroup=CONSOLE_TEST_CONSUMER_GROUP, maxMsgNums=32, sysFlag=2, commitOffset=0, queueOffset=0}, serializeTypeCurrentRPC=JSON]
[2018-03-14 12:07:54.172] ERROR RemotingCommand [code=24, language=JAVA, version=212, opaque=7075, flag(B)=1, remark=the consumer's group info not exist
See http://rocketmq.apache.org/docs/faq/ for further details., extFields=null, serializeTypeCurrentRPC=JSON]
[2018-03-14 12:07:54.172] ERROR ProcessRequestWrapper response to /127.0.0.1:56446 failed
java.nio.channels.ClosedChannelException: null
[2018-03-14 12:07:54.172] ERROR RemotingCommand [code=11, language=JAVA, version=212, opaque=7064, flag(B)=0, remark=null, extFields={topic=TEST_CONSOLE_TOPIC, suspendTimeoutMillis=15000, queueId=2, subVersion=1521000458060, consumerGroup=CONSOLE_TEST_CONSUMER_GROUP, maxMsgNums=32, sysFlag=2, commitOffset=0, queueOffset=0}, serializeTypeCurrentRPC=JSON]
[2018-03-14 12:07:54.172] ERROR RemotingCommand [code=24, language=JAVA, version=212, opaque=7064, flag(B)=1, remark=the consumer's group info not exist
See http://rocketmq.apache.org/docs/faq/ for further details., extFields=null, serializeTypeCurrentRPC=JSON]
[2018-03-14 12:07:54.172]  WARN The consumer's group info not exist, group: CONSOLE_TEST_CONSUMER_GROUP
[2018-03-14 12:07:54.172]  WARN The consumer's group info not exist, group: CONSOLE_TEST_CONSUMER_GROUP
[2018-03-14 12:07:54.172] ERROR ProcessRequestWrapper response to /127.0.0.1:56446 failed
java.nio.channels.ClosedChannelException: null
[2018-03-14 12:07:54.173] ERROR RemotingCommand [code=11, language=JAVA, version=212, opaque=7072, flag(B)=0, remark=null, extFields={topic=TEST_CONSOLE_TOPIC, suspendTimeoutMillis=15000, queueId=14, subVersion=1521000458060, consumerGroup=CONSOLE_TEST_CONSUMER_GROUP, maxMsgNums=32, sysFlag=2, commitOffset=0, queueOffset=0}, serializeTypeCurrentRPC=JSON]
[2018-03-14 12:07:54.172]  WARN The consumer's group info not exist, group: CONSOLE_TEST_CONSUMER_GROUP
[2018-03-14 12:07:54.173] ERROR RemotingCommand [code=24, language=JAVA, version=212, opaque=7072, flag(B)=1, remark=the consumer's group info not exist
See http://rocketmq.apache.org/docs/faq/ for further details., extFields=null, serializeTypeCurrentRPC=JSON]
[2018-03-14 12:07:54.173]  WARN The consumer's group info not exist, group: CONSOLE_TEST_CONSUMER_GROUP
[2018-03-14 12:07:54.174]  WARN The consumer's group info not exist, group: CONSOLE_TEST_CONSUMER_GROUP
[2018-03-14 12:07:54.174]  WARN The consumer's group info not exist, group: CONSOLE_TEST_CONSUMER_GROUP
[2018-03-14 12:07:54.174]  WARN The consumer's group info not exist, group: CONSOLE_TEST_CONSUMER_GROUP
[2018-03-14 12:07:54.174]  WARN The consumer's group info not exist, group: CONSOLE_TEST_CONSUMER_GROUP
[2018-03-14 12:07:54.174]  WARN The consumer's group info not exist, group: CONSOLE_TEST_CONSUMER_GROUP
[2018-03-14 12:07:54.174]  WARN The consumer's group info not exist, group: CONSOLE_TEST_CONSUMER_GROUP
[2018-03-14 12:07:54.174]  WARN The consumer's group info not exist, group: CONSOLE_TEST_CONSUMER_GROUP
[2018-03-14 12:07:54.174]  WARN The consumer's group info not exist, group: CONSOLE_TEST_CONSUMER_GROUP
[2018-03-14 12:07:54.174] ERROR ProcessRequestWrapper response to /127.0.0.1:56446 failed
java.nio.channels.ClosedChannelException: null
[2018-03-14 12:07:54.174]  WARN The consumer's group info not exist, group: CONSOLE_TEST_CONSUMER_GROUP
[2018-03-14 12:07:54.174]  WARN The consumer's group info not exist, group: CONSOLE_TEST_CONSUMER_GROUP
[2018-03-14 12:07:54.174]  WARN The consumer's group info not exist, group: CONSOLE_TEST_CONSUMER_GROUP
[2018-03-14 12:07:54.175]  WARN The consumer's group info not exist, group: CONSOLE_TEST_CONSUMER_GROUP
[2018-03-14 12:07:54.176] ERROR RemotingCommand [code=11, language=JAVA, version=212, opaque=7068, flag(B)=0, remark=null, extFields={topic=TEST_CONSOLE_TOPIC, suspendTimeoutMillis=15000, queueId=12, subVersion=1521000458060, consumerGroup=CONSOLE_TEST_CONSUMER_GROUP, maxMsgNums=32, sysFlag=2, commitOffset=0, queueOffset=0}, serializeTypeCurrentRPC=JSON]
[2018-03-14 12:07:54.176] ERROR RemotingCommand [code=24, language=JAVA, version=212, opaque=7068, flag(B)=1, remark=the consumer's group info not exist
See http://rocketmq.apache.org/docs/faq/ for further details., extFields=null, serializeTypeCurrentRPC=JSON]
[2018-03-14 12:07:54.176] ERROR ProcessRequestWrapper response to /127.0.0.1:56446 failed
java.nio.channels.ClosedChannelException: null
[2018-03-14 12:07:54.176] ERROR RemotingCommand [code=11, language=JAVA, version=212, opaque=7078, flag(B)=0, remark=null, extFields={topic=TEST_CONSOLE_TOPIC, suspendTimeoutMillis=15000, queueId=11, subVersion=1521000458060, consumerGroup=CONSOLE_TEST_CONSUMER_GROUP, maxMsgNums=32, sysFlag=2, commitOffset=0, queueOffset=0}, serializeTypeCurrentRPC=JSON]
[2018-03-14 12:07:54.176] ERROR RemotingCommand [code=24, language=JAVA, version=212, opaque=7078, flag(B)=1, remark=the consumer's group info not exist
See http://rocketmq.apache.org/docs/faq/ for further details., extFields=null, serializeTypeCurrentRPC=JSON]
[2018-03-14 12:07:54.176] ERROR ProcessRequestWrapper response to /127.0.0.1:56446 failed
java.nio.channels.ClosedChannelException: null
[2018-03-14 12:07:54.176] ERROR RemotingCommand [code=11, language=JAVA, version=212, opaque=7074, flag(B)=0, remark=null, extFields={topic=TEST_CONSOLE_TOPIC, suspendTimeoutMillis=15000, queueId=5, subVersion=1521000458060, consumerGroup=CONSOLE_TEST_CONSUMER_GROUP, maxMsgNums=32, sysFlag=2, commitOffset=0, queueOffset=0}, serializeTypeCurrentRPC=JSON]
[2018-03-14 12:07:54.176] ERROR RemotingCommand [code=24, language=JAVA, version=212, opaque=7074, flag(B)=1, remark=the consumer's group info not exist
See http://rocketmq.apache.org/docs/faq/ for further details., extFields=null, serializeTypeCurrentRPC=JSON]
[2018-03-14 12:07:54.176] ERROR ProcessRequestWrapper response to /127.0.0.1:56446 failed
java.nio.channels.ClosedChannelException: null
[2018-03-14 12:07:54.176] ERROR RemotingCommand [code=11, language=JAVA, version=212, opaque=7079, flag(B)=0, remark=null, extFields={topic=TEST_CONSOLE_TOPIC, suspendTimeoutMillis=15000, queueId=10, subVersion=1521000458060, consumerGroup=CONSOLE_TEST_CONSUMER_GROUP, maxMsgNums=32, sysFlag=2, commitOffset=0, queueOffset=0}, serializeTypeCurrentRPC=JSON]
[2018-03-14 12:07:54.176] ERROR RemotingCommand [code=24, language=JAVA, version=212, opaque=7079, flag(B)=1, remark=the consumer's group info not exist
See http://rocketmq.apache.org/docs/faq/ for further details., extFields=null, serializeTypeCurrentRPC=JSON]
[2018-03-14 12:07:54.176] ERROR ProcessRequestWrapper response to /127.0.0.1:56446 failed
java.nio.channels.ClosedChannelException: null
[2018-03-14 12:07:54.176] ERROR RemotingCommand [code=11, language=JAVA, version=212, opaque=7122, flag(B)=0, remark=null, extFields={topic=%RETRY%CONSOLE_TEST_CONSUMER_GROUP, suspendTimeoutMillis=15000, queueId=1, subVersion=1521000458060, consumerGroup=CONSOLE_TEST_CONSUMER_GROUP, maxMsgNums=32, sysFlag=2, commitOffset=0, queueOffset=0}, serializeTypeCurrentRPC=JSON]
[2018-03-14 12:07:54.176] ERROR RemotingCommand [code=24, language=JAVA, version=212, opaque=7122, flag(B)=1, remark=the consumer's group info not exist
See http://rocketmq.apache.org/docs/faq/ for further details., extFields=null, serializeTypeCurrentRPC=JSON]
[2018-03-14 12:07:54.176] ERROR ProcessRequestWrapper response to /127.0.0.1:56446 failed
java.nio.channels.ClosedChannelException: null
[2018-03-14 12:07:54.176] ERROR RemotingCommand [code=11, language=JAVA, version=212, opaque=7073, flag(B)=0, remark=null, extFields={topic=TEST_CONSOLE_TOPIC, suspendTimeoutMillis=15000, queueId=4, subVersion=1521000458060, consumerGroup=CONSOLE_TEST_CONSUMER_GROUP, maxMsgNums=32, sysFlag=2, commitOffset=0, queueOffset=0}, serializeTypeCurrentRPC=JSON]
[2018-03-14 12:07:54.176] ERROR RemotingCommand [code=24, language=JAVA, version=212, opaque=7073, flag(B)=1, remark=the consumer's group info not exist
See http://rocketmq.apache.org/docs/faq/ for further details., extFields=null, serializeTypeCurrentRPC=JSON]
[2018-03-14 12:07:54.176] ERROR ProcessRequestWrapper response to /127.0.0.1:56446 failed
java.nio.channels.ClosedChannelException: null
[2018-03-14 12:07:54.177] ERROR RemotingCommand [code=11, language=JAVA, version=212, opaque=7066, flag(B)=0, remark=null, extFields={topic=TEST_CONSOLE_TOPIC, suspendTimeoutMillis=15000, queueId=7, subVersion=1521000458060, consumerGroup=CONSOLE_TEST_CONSUMER_GROUP, maxMsgNums=32, sysFlag=2, commitOffset=0, queueOffset=0}, serializeTypeCurrentRPC=JSON]
[2018-03-14 12:07:54.177] ERROR RemotingCommand [code=24, language=JAVA, version=212, opaque=7066, flag(B)=1, remark=the consumer's group info not exist
See http://rocketmq.apache.org/docs/faq/ for further details., extFields=null, serializeTypeCurrentRPC=JSON]
[2018-03-14 12:07:54.177] ERROR ProcessRequestWrapper response to /127.0.0.1:56446 failed
java.nio.channels.ClosedChannelException: null
[2018-03-14 12:07:54.177] ERROR RemotingCommand [code=11, language=JAVA, version=212, opaque=7123, flag(B)=0, remark=null, extFields={topic=%RETRY%CONSOLE_TEST_CONSUMER_GROUP, suspendTimeoutMillis=15000, queueId=0, subVersion=1521000458060, consumerGroup=CONSOLE_TEST_CONSUMER_GROUP, maxMsgNums=32, sysFlag=2, commitOffset=0, queueOffset=0}, serializeTypeCurrentRPC=JSON]
[2018-03-14 12:07:54.177] ERROR RemotingCommand [code=24, language=JAVA, version=212, opaque=7123, flag(B)=1, remark=the consumer's group info not exist
See http://rocketmq.apache.org/docs/faq/ for further details., extFields=null, serializeTypeCurrentRPC=JSON]
[2018-03-14 12:07:54.177] ERROR ProcessRequestWrapper response to /127.0.0.1:56446 failed
java.nio.channels.ClosedChannelException: null
[2018-03-14 12:07:54.177] ERROR RemotingCommand [code=11, language=JAVA, version=212, opaque=7069, flag(B)=0, remark=null, extFields={topic=TEST_CONSOLE_TOPIC, suspendTimeoutMillis=15000, queueId=6, subVersion=1521000458060, consumerGroup=CONSOLE_TEST_CONSUMER_GROUP, maxMsgNums=32, sysFlag=2, commitOffset=0, queueOffset=0}, serializeTypeCurrentRPC=JSON]
[2018-03-14 12:07:54.177] ERROR RemotingCommand [code=24, language=JAVA, version=212, opaque=7069, flag(B)=1, remark=the consumer's group info not exist
See http://rocketmq.apache.org/docs/faq/ for further details., extFields=null, serializeTypeCurrentRPC=JSON]
[2018-03-14 12:07:54.177] ERROR ProcessRequestWrapper response to /127.0.0.1:56446 failed
java.nio.channels.ClosedChannelException: null
[2018-03-14 12:07:54.177] ERROR RemotingCommand [code=11, language=JAVA, version=212, opaque=7062, flag(B)=0, remark=null, extFields={topic=TEST_CONSOLE_TOPIC, suspendTimeoutMillis=15000, queueId=1, subVersion=1521000458060, consumerGroup=CONSOLE_TEST_CONSUMER_GROUP, maxMsgNums=32, sysFlag=2, commitOffset=0, queueOffset=0}, serializeTypeCurrentRPC=JSON]
[2018-03-14 12:07:54.177] ERROR RemotingCommand [code=24, language=JAVA, version=212, opaque=7062, flag(B)=1, remark=the consumer's group info not exist
See http://rocketmq.apache.org/docs/faq/ for further details., extFields=null, serializeTypeCurrentRPC=JSON]
[2018-03-14 12:07:54.177] ERROR ProcessRequestWrapper response to /127.0.0.1:56446 failed
java.nio.channels.ClosedChannelException: null
[2018-03-14 12:07:54.177] ERROR RemotingCommand [code=11, language=JAVA, version=212, opaque=7076, flag(B)=0, remark=null, extFields={topic=TEST_CONSOLE_TOPIC, suspendTimeoutMillis=15000, queueId=8, subVersion=1521000458060, consumerGroup=CONSOLE_TEST_CONSUMER_GROUP, maxMsgNums=32, sysFlag=2, commitOffset=0, queueOffset=0}, serializeTypeCurrentRPC=JSON]
[2018-03-14 12:07:54.177] ERROR RemotingCommand [code=24, language=JAVA, version=212, opaque=7076, flag(B)=1, remark=the consumer's group info not exist
See http://rocketmq.apache.org/docs/faq/ for further details., extFields=null, serializeTypeCurrentRPC=JSON]
[2018-03-14 12:07:54.177] ERROR ProcessRequestWrapper response to /127.0.0.1:56446 failed
java.nio.channels.ClosedChannelException: null
[2018-03-14 12:07:54.177] ERROR RemotingCommand [code=11, language=JAVA, version=212, opaque=7077, flag(B)=0, remark=null, extFields={topic=TEST_CONSOLE_TOPIC, suspendTimeoutMillis=15000, queueId=9, subVersion=1521000458060, consumerGroup=CONSOLE_TEST_CONSUMER_GROUP, maxMsgNums=32, sysFlag=2, commitOffset=0, queueOffset=0}, serializeTypeCurrentRPC=JSON]
[2018-03-14 12:07:54.177] ERROR RemotingCommand [code=24, language=JAVA, version=212, opaque=7077, flag(B)=1, remark=the consumer's group info not exist
See http://rocketmq.apache.org/docs/faq/ for further details., extFields=null, serializeTypeCurrentRPC=JSON]
[2018-03-14 12:07:54.177] ERROR ProcessRequestWrapper response to /127.0.0.1:56446 failed
java.nio.channels.ClosedChannelException: null
[2018-03-14 12:07:54.177] ERROR RemotingCommand [code=11, language=JAVA, version=212, opaque=7063, flag(B)=0, remark=null, extFields={topic=TEST_CONSOLE_TOPIC, suspendTimeoutMillis=15000, queueId=0, subVersion=1521000458060, consumerGroup=CONSOLE_TEST_CONSUMER_GROUP, maxMsgNums=32, sysFlag=2, commitOffset=0, queueOffset=0}, serializeTypeCurrentRPC=JSON]
[2018-03-14 12:07:54.177] ERROR RemotingCommand [code=24, language=JAVA, version=212, opaque=7063, flag(B)=1, remark=the consumer's group info not exist
See http://rocketmq.apache.org/docs/faq/ for further details., extFields=null, serializeTypeCurrentRPC=JSON]
[2018-03-14 12:07:54.177] ERROR ProcessRequestWrapper response to /127.0.0.1:56446 failed
java.nio.channels.ClosedChannelException: null
[2018-03-14 12:07:54.177] ERROR RemotingCommand [code=11, language=JAVA, version=212, opaque=7067, flag(B)=0, remark=null, extFields={topic=TEST_CONSOLE_TOPIC, suspendTimeoutMillis=15000, queueId=13, subVersion=1521000458060, consumerGroup=CONSOLE_TEST_CONSUMER_GROUP, maxMsgNums=32, sysFlag=2, commitOffset=0, queueOffset=0}, serializeTypeCurrentRPC=JSON]
[2018-03-14 12:07:54.177] ERROR RemotingCommand [code=24, language=JAVA, version=212, opaque=7067, flag(B)=1, remark=the consumer's group info not exist
See http://rocketmq.apache.org/docs/faq/ for further details., extFields=null, serializeTypeCurrentRPC=JSON]
[2018-03-14 12:07:54.177] ERROR ProcessRequestWrapper response to /127.0.0.1:56446 failed
java.nio.channels.ClosedChannelException: null
[2018-03-14 12:07:54.177] ERROR RemotingCommand [code=11, language=JAVA, version=212, opaque=7065, flag(B)=0, remark=null, extFields={topic=TEST_CONSOLE_TOPIC, suspendTimeoutMillis=15000, queueId=3, subVersion=1521000458060, consumerGroup=CONSOLE_TEST_CONSUMER_GROUP, maxMsgNums=32, sysFlag=2, commitOffset=0, queueOffset=0}, serializeTypeCurrentRPC=JSON]
[2018-03-14 12:07:54.178] ERROR RemotingCommand [code=24, language=JAVA, version=212, opaque=7065, flag(B)=1, remark=the consumer's group info not exist
See http://rocketmq.apache.org/docs/faq/ for further details., extFields=null, serializeTypeCurrentRPC=JSON]
[2018-03-14 12:07:54.276] ERROR map file C:\Users\Administrator\rocketmq-console-test\20180314120653\commitlog\00000000000000000000 Failed. 
java.io.IOException: Map failed
	at sun.nio.ch.FileChannelImpl.map(FileChannelImpl.java:888)
	at org.apache.rocketmq.store.MappedFile.init(MappedFile.java:160)
	at org.apache.rocketmq.store.MappedFile.<init>(MappedFile.java:71)
	at org.apache.rocketmq.store.AllocateMappedFileService.mmapOperation(AllocateMappedFileService.java:182)
	at org.apache.rocketmq.store.AllocateMappedFileService.run(AllocateMappedFileService.java:143)
	at java.lang.Thread.run(Thread.java:745)
Caused by: java.lang.OutOfMemoryError: Map failed
	at sun.nio.ch.FileChannelImpl.map0(Native Method)
	at sun.nio.ch.FileChannelImpl.map(FileChannelImpl.java:885)
	... 5 common frames omitted
[2018-03-14 12:07:54.277]  WARN AllocateMappedFileService service has exception. 
java.io.IOException: Map failed
	at sun.nio.ch.FileChannelImpl.map(FileChannelImpl.java:888)
	at org.apache.rocketmq.store.MappedFile.init(MappedFile.java:160)
	at org.apache.rocketmq.store.MappedFile.<init>(MappedFile.java:71)
	at org.apache.rocketmq.store.AllocateMappedFileService.mmapOperation(AllocateMappedFileService.java:182)
	at org.apache.rocketmq.store.AllocateMappedFileService.run(AllocateMappedFileService.java:143)
	at java.lang.Thread.run(Thread.java:745)
Caused by: java.lang.OutOfMemoryError: Map failed
	at sun.nio.ch.FileChannelImpl.map0(Native Method)
	at sun.nio.ch.FileChannelImpl.map(FileChannelImpl.java:885)
	... 5 common frames omitted
[2018-03-14 12:07:54.494] ERROR map file C:\Users\Administrator\rocketmq-console-test\20180314120653\commitlog\00000000000000000000 Failed. 
java.io.IOException: Map failed
	at sun.nio.ch.FileChannelImpl.map(FileChannelImpl.java:888)
	at org.apache.rocketmq.store.MappedFile.init(MappedFile.java:160)
	at org.apache.rocketmq.store.MappedFile.<init>(MappedFile.java:71)
	at org.apache.rocketmq.store.AllocateMappedFileService.mmapOperation(AllocateMappedFileService.java:182)
	at org.apache.rocketmq.store.AllocateMappedFileService.run(AllocateMappedFileService.java:143)
	at java.lang.Thread.run(Thread.java:745)
Caused by: java.lang.OutOfMemoryError: Map failed
	at sun.nio.ch.FileChannelImpl.map0(Native Method)
	at sun.nio.ch.FileChannelImpl.map(FileChannelImpl.java:885)
	... 5 common frames omitted
[2018-03-14 12:07:54.495]  WARN AllocateMappedFileService service has exception. 
java.io.IOException: Map failed
	at sun.nio.ch.FileChannelImpl.map(FileChannelImpl.java:888)
	at org.apache.rocketmq.store.MappedFile.init(MappedFile.java:160)
	at org.apache.rocketmq.store.MappedFile.<init>(MappedFile.java:71)
	at org.apache.rocketmq.store.AllocateMappedFileService.mmapOperation(AllocateMappedFileService.java:182)
	at org.apache.rocketmq.store.AllocateMappedFileService.run(AllocateMappedFileService.java:143)
	at java.lang.Thread.run(Thread.java:745)
Caused by: java.lang.OutOfMemoryError: Map failed
	at sun.nio.ch.FileChannelImpl.map0(Native Method)
	at sun.nio.ch.FileChannelImpl.map(FileChannelImpl.java:885)
	... 5 common frames omitted
[2018-03-14 12:07:54.715] ERROR map file C:\Users\Administrator\rocketmq-console-test\20180314120653\commitlog\00000000000000000000 Failed. 
java.io.IOException: Map failed
	at sun.nio.ch.FileChannelImpl.map(FileChannelImpl.java:888)
	at org.apache.rocketmq.store.MappedFile.init(MappedFile.java:160)
	at org.apache.rocketmq.store.MappedFile.<init>(MappedFile.java:71)
	at org.apache.rocketmq.store.AllocateMappedFileService.mmapOperation(AllocateMappedFileService.java:182)
	at org.apache.rocketmq.store.AllocateMappedFileService.run(AllocateMappedFileService.java:143)
	at java.lang.Thread.run(Thread.java:745)
Caused by: java.lang.OutOfMemoryError: Map failed
	at sun.nio.ch.FileChannelImpl.map0(Native Method)
	at sun.nio.ch.FileChannelImpl.map(FileChannelImpl.java:885)
	... 5 common frames omitted
[2018-03-14 12:07:54.715]  WARN AllocateMappedFileService service has exception. 
java.io.IOException: Map failed
	at sun.nio.ch.FileChannelImpl.map(FileChannelImpl.java:888)
	at org.apache.rocketmq.store.MappedFile.init(MappedFile.java:160)
	at org.apache.rocketmq.store.MappedFile.<init>(MappedFile.java:71)
	at org.apache.rocketmq.store.AllocateMappedFileService.mmapOperation(AllocateMappedFileService.java:182)
	at org.apache.rocketmq.store.AllocateMappedFileService.run(AllocateMappedFileService.java:143)
	at java.lang.Thread.run(Thread.java:745)
Caused by: java.lang.OutOfMemoryError: Map failed
	at sun.nio.ch.FileChannelImpl.map0(Native Method)
	at sun.nio.ch.FileChannelImpl.map(FileChannelImpl.java:885)
	... 5 common frames omitted
[2018-03-14 12:07:54.936] ERROR map file C:\Users\Administrator\rocketmq-console-test\20180314120653\commitlog\00000000000000000000 Failed. 
java.io.IOException: Map failed
	at sun.nio.ch.FileChannelImpl.map(FileChannelImpl.java:888)
	at org.apache.rocketmq.store.MappedFile.init(MappedFile.java:160)
	at org.apache.rocketmq.store.MappedFile.<init>(MappedFile.java:71)
	at org.apache.rocketmq.store.AllocateMappedFileService.mmapOperation(AllocateMappedFileService.java:182)
	at org.apache.rocketmq.store.AllocateMappedFileService.run(AllocateMappedFileService.java:143)
	at java.lang.Thread.run(Thread.java:745)
Caused by: java.lang.OutOfMemoryError: Map failed
	at sun.nio.ch.FileChannelImpl.map0(Native Method)
	at sun.nio.ch.FileChannelImpl.map(FileChannelImpl.java:885)
	... 5 common frames omitted
[2018-03-14 12:07:54.936]  WARN AllocateMappedFileService service has exception. 
java.io.IOException: Map failed
	at sun.nio.ch.FileChannelImpl.map(FileChannelImpl.java:888)
	at org.apache.rocketmq.store.MappedFile.init(MappedFile.java:160)
	at org.apache.rocketmq.store.MappedFile.<init>(MappedFile.java:71)
	at org.apache.rocketmq.store.AllocateMappedFileService.mmapOperation(AllocateMappedFileService.java:182)
	at org.apache.rocketmq.store.AllocateMappedFileService.run(AllocateMappedFileService.java:143)
	at java.lang.Thread.run(Thread.java:745)
Caused by: java.lang.OutOfMemoryError: Map failed
	at sun.nio.ch.FileChannelImpl.map0(Native Method)
	at sun.nio.ch.FileChannelImpl.map(FileChannelImpl.java:885)
	... 5 common frames omitted
[2018-03-14 12:07:55.151] ERROR map file C:\Users\Administrator\rocketmq-console-test\20180314120653\commitlog\00000000000000000000 Failed. 
java.io.IOException: Map failed
	at sun.nio.ch.FileChannelImpl.map(FileChannelImpl.java:888)
	at org.apache.rocketmq.store.MappedFile.init(MappedFile.java:160)
	at org.apache.rocketmq.store.MappedFile.<init>(MappedFile.java:71)
	at org.apache.rocketmq.store.AllocateMappedFileService.mmapOperation(AllocateMappedFileService.java:182)
	at org.apache.rocketmq.store.AllocateMappedFileService.run(AllocateMappedFileService.java:143)
	at java.lang.Thread.run(Thread.java:745)
Caused by: java.lang.OutOfMemoryError: Map failed
	at sun.nio.ch.FileChannelImpl.map0(Native Method)
	at sun.nio.ch.FileChannelImpl.map(FileChannelImpl.java:885)
	... 5 common frames omitted
[2018-03-14 12:07:55.151]  WARN AllocateMappedFileService service has exception. 
java.io.IOException: Map failed
	at sun.nio.ch.FileChannelImpl.map(FileChannelImpl.java:888)
	at org.apache.rocketmq.store.MappedFile.init(MappedFile.java:160)
	at org.apache.rocketmq.store.MappedFile.<init>(MappedFile.java:71)
	at org.apache.rocketmq.store.AllocateMappedFileService.mmapOperation(AllocateMappedFileService.java:182)
	at org.apache.rocketmq.store.AllocateMappedFileService.run(AllocateMappedFileService.java:143)
	at java.lang.Thread.run(Thread.java:745)
Caused by: java.lang.OutOfMemoryError: Map failed
	at sun.nio.ch.FileChannelImpl.map0(Native Method)
	at sun.nio.ch.FileChannelImpl.map(FileChannelImpl.java:885)
	... 5 common frames omitted
[2018-03-14 12:07:55.366] ERROR map file C:\Users\Administrator\rocketmq-console-test\20180314120653\commitlog\00000000000000000000 Failed. 
java.io.IOException: Map failed
	at sun.nio.ch.FileChannelImpl.map(FileChannelImpl.java:888)
	at org.apache.rocketmq.store.MappedFile.init(MappedFile.java:160)
	at org.apache.rocketmq.store.MappedFile.<init>(MappedFile.java:71)
	at org.apache.rocketmq.store.AllocateMappedFileService.mmapOperation(AllocateMappedFileService.java:182)
	at org.apache.rocketmq.store.AllocateMappedFileService.run(AllocateMappedFileService.java:143)
	at java.lang.Thread.run(Thread.java:745)
Caused by: java.lang.OutOfMemoryError: Map failed
	at sun.nio.ch.FileChannelImpl.map0(Native Method)
	at sun.nio.ch.FileChannelImpl.map(FileChannelImpl.java:885)
	... 5 common frames omitted
[2018-03-14 12:07:55.366]  WARN AllocateMappedFileService service has exception. 
java.io.IOException: Map failed
	at sun.nio.ch.FileChannelImpl.map(FileChannelImpl.java:888)
	at org.apache.rocketmq.store.MappedFile.init(MappedFile.java:160)
	at org.apache.rocketmq.store.MappedFile.<init>(MappedFile.java:71)
	at org.apache.rocketmq.store.AllocateMappedFileService.mmapOperation(AllocateMappedFileService.java:182)
	at org.apache.rocketmq.store.AllocateMappedFileService.run(AllocateMappedFileService.java:143)
	at java.lang.Thread.run(Thread.java:745)
Caused by: java.lang.OutOfMemoryError: Map failed
	at sun.nio.ch.FileChannelImpl.map0(Native Method)
	at sun.nio.ch.FileChannelImpl.map(FileChannelImpl.java:885)
	... 5 common frames omitted
[2018-03-14 12:07:55.578] ERROR map file C:\Users\Administrator\rocketmq-console-test\20180314120653\commitlog\00000000000000000000 Failed. 
java.io.IOException: Map failed
	at sun.nio.ch.FileChannelImpl.map(FileChannelImpl.java:888)
	at org.apache.rocketmq.store.MappedFile.init(MappedFile.java:160)
	at org.apache.rocketmq.store.MappedFile.<init>(MappedFile.java:71)
	at org.apache.rocketmq.store.AllocateMappedFileService.mmapOperation(AllocateMappedFileService.java:182)
	at org.apache.rocketmq.store.AllocateMappedFileService.run(AllocateMappedFileService.java:143)
	at java.lang.Thread.run(Thread.java:745)
Caused by: java.lang.OutOfMemoryError: Map failed
	at sun.nio.ch.FileChannelImpl.map0(Native Method)
	at sun.nio.ch.FileChannelImpl.map(FileChannelImpl.java:885)
	... 5 common frames omitted
[2018-03-14 12:07:55.578]  WARN AllocateMappedFileService service has exception. 
java.io.IOException: Map failed
	at sun.nio.ch.FileChannelImpl.map(FileChannelImpl.java:888)
	at org.apache.rocketmq.store.MappedFile.init(MappedFile.java:160)
	at org.apache.rocketmq.store.MappedFile.<init>(MappedFile.java:71)
	at org.apache.rocketmq.store.AllocateMappedFileService.mmapOperation(AllocateMappedFileService.java:182)
	at org.apache.rocketmq.store.AllocateMappedFileService.run(AllocateMappedFileService.java:143)
	at java.lang.Thread.run(Thread.java:745)
Caused by: java.lang.OutOfMemoryError: Map failed
	at sun.nio.ch.FileChannelImpl.map0(Native Method)
	at sun.nio.ch.FileChannelImpl.map(FileChannelImpl.java:885)
	... 5 common frames omitted
[2018-03-14 12:07:55.798] ERROR map file C:\Users\Administrator\rocketmq-console-test\20180314120653\commitlog\00000000000000000000 Failed. 
java.io.IOException: Map failed
	at sun.nio.ch.FileChannelImpl.map(FileChannelImpl.java:888)
	at org.apache.rocketmq.store.MappedFile.init(MappedFile.java:160)
	at org.apache.rocketmq.store.MappedFile.<init>(MappedFile.java:71)
	at org.apache.rocketmq.store.AllocateMappedFileService.mmapOperation(AllocateMappedFileService.java:182)
	at org.apache.rocketmq.store.AllocateMappedFileService.run(AllocateMappedFileService.java:143)
	at java.lang.Thread.run(Thread.java:745)
Caused by: java.lang.OutOfMemoryError: Map failed
	at sun.nio.ch.FileChannelImpl.map0(Native Method)
	at sun.nio.ch.FileChannelImpl.map(FileChannelImpl.java:885)
	... 5 common frames omitted
[2018-03-14 12:07:55.798]  WARN AllocateMappedFileService service has exception. 
java.io.IOException: Map failed
	at sun.nio.ch.FileChannelImpl.map(FileChannelImpl.java:888)
	at org.apache.rocketmq.store.MappedFile.init(MappedFile.java:160)
	at org.apache.rocketmq.store.MappedFile.<init>(MappedFile.java:71)
	at org.apache.rocketmq.store.AllocateMappedFileService.mmapOperation(AllocateMappedFileService.java:182)
	at org.apache.rocketmq.store.AllocateMappedFileService.run(AllocateMappedFileService.java:143)
	at java.lang.Thread.run(Thread.java:745)
Caused by: java.lang.OutOfMemoryError: Map failed
	at sun.nio.ch.FileChannelImpl.map0(Native Method)
	at sun.nio.ch.FileChannelImpl.map(FileChannelImpl.java:885)
	... 5 common frames omitted
[2018-03-14 12:07:56.028] ERROR map file C:\Users\Administrator\rocketmq-console-test\20180314120653\commitlog\00000000000000000000 Failed. 
java.io.IOException: Map failed
	at sun.nio.ch.FileChannelImpl.map(FileChannelImpl.java:888)
	at org.apache.rocketmq.store.MappedFile.init(MappedFile.java:160)
	at org.apache.rocketmq.store.MappedFile.<init>(MappedFile.java:71)
	at org.apache.rocketmq.store.AllocateMappedFileService.mmapOperation(AllocateMappedFileService.java:182)
	at org.apache.rocketmq.store.AllocateMappedFileService.run(AllocateMappedFileService.java:143)
	at java.lang.Thread.run(Thread.java:745)
Caused by: java.lang.OutOfMemoryError: Map failed
	at sun.nio.ch.FileChannelImpl.map0(Native Method)
	at sun.nio.ch.FileChannelImpl.map(FileChannelImpl.java:885)
	... 5 common frames omitted
[2018-03-14 12:07:56.028]  WARN AllocateMappedFileService service has exception. 
java.io.IOException: Map failed
	at sun.nio.ch.FileChannelImpl.map(FileChannelImpl.java:888)
	at org.apache.rocketmq.store.MappedFile.init(MappedFile.java:160)
	at org.apache.rocketmq.store.MappedFile.<init>(MappedFile.java:71)
	at org.apache.rocketmq.store.AllocateMappedFileService.mmapOperation(AllocateMappedFileService.java:182)
	at org.apache.rocketmq.store.AllocateMappedFileService.run(AllocateMappedFileService.java:143)
	at java.lang.Thread.run(Thread.java:745)
Caused by: java.lang.OutOfMemoryError: Map failed
	at sun.nio.ch.FileChannelImpl.map0(Native Method)
	at sun.nio.ch.FileChannelImpl.map(FileChannelImpl.java:885)
	... 5 common frames omitted
[2018-03-14 12:07:56.255] ERROR map file C:\Users\Administrator\rocketmq-console-test\20180314120653\commitlog\00000000000000000000 Failed. 
java.io.IOException: Map failed
	at sun.nio.ch.FileChannelImpl.map(FileChannelImpl.java:888)
	at org.apache.rocketmq.store.MappedFile.init(MappedFile.java:160)
	at org.apache.rocketmq.store.MappedFile.<init>(MappedFile.java:71)
	at org.apache.rocketmq.store.AllocateMappedFileService.mmapOperation(AllocateMappedFileService.java:182)
	at org.apache.rocketmq.store.AllocateMappedFileService.run(AllocateMappedFileService.java:143)
	at java.lang.Thread.run(Thread.java:745)
Caused by: java.lang.OutOfMemoryError: Map failed
	at sun.nio.ch.FileChannelImpl.map0(Native Method)
	at sun.nio.ch.FileChannelImpl.map(FileChannelImpl.java:885)
	... 5 common frames omitted
[2018-03-14 12:07:56.255]  WARN AllocateMappedFileService service has exception. 
java.io.IOException: Map failed
	at sun.nio.ch.FileChannelImpl.map(FileChannelImpl.java:888)
	at org.apache.rocketmq.store.MappedFile.init(MappedFile.java:160)
	at org.apache.rocketmq.store.MappedFile.<init>(MappedFile.java:71)
	at org.apache.rocketmq.store.AllocateMappedFileService.mmapOperation(AllocateMappedFileService.java:182)
	at org.apache.rocketmq.store.AllocateMappedFileService.run(AllocateMappedFileService.java:143)
	at java.lang.Thread.run(Thread.java:745)
Caused by: java.lang.OutOfMemoryError: Map failed
	at sun.nio.ch.FileChannelImpl.map0(Native Method)
	at sun.nio.ch.FileChannelImpl.map(FileChannelImpl.java:885)
	... 5 common frames omitted
[2018-03-14 12:07:56.383]  WARN AllocateMappedFileService service has exception. so return null
[2018-03-14 12:07:56.383] ERROR create maped file1 error, topic: TEST_CONSOLE_TOPIC clientAddr: 127.0.0.1
[2018-03-14 12:07:56.384]  WARN sendKernelImpl exception, resend at once, InvokeID: -6842568791905269798, RT: 3ms, Broker: MessageQueue [topic=TEST_CONSOLE_TOPIC, brokerName=ConsoleTestBroker, queueId=5]
org.apache.rocketmq.client.exception.MQBrokerException: CODE: 1  DESC: create mapped file failed, server is busy or broken.
For more information, please visit the url, http://rocketmq.apache.org/docs/faq/
	at org.apache.rocketmq.client.impl.MQClientAPIImpl.processSendResponse(MQClientAPIImpl.java:531)
	at org.apache.rocketmq.client.impl.MQClientAPIImpl.sendMessageSync(MQClientAPIImpl.java:345)
	at org.apache.rocketmq.client.impl.MQClientAPIImpl.sendMessage(MQClientAPIImpl.java:327)
	at org.apache.rocketmq.client.impl.MQClientAPIImpl.sendMessage(MQClientAPIImpl.java:290)
	at org.apache.rocketmq.client.impl.producer.DefaultMQProducerImpl.sendKernelImpl(DefaultMQProducerImpl.java:688)
	at org.apache.rocketmq.client.impl.producer.DefaultMQProducerImpl.sendDefaultImpl(DefaultMQProducerImpl.java:458)
	at org.apache.rocketmq.client.impl.producer.DefaultMQProducerImpl.send(DefaultMQProducerImpl.java:1049)
	at org.apache.rocketmq.client.impl.producer.DefaultMQProducerImpl.send(DefaultMQProducerImpl.java:1008)
	at org.apache.rocketmq.client.producer.DefaultMQProducer.send(DefaultMQProducer.java:204)
	at org.apache.rocketmq.console.testbase.RocketMQConsoleTestBase.sendTestTopicMessage(RocketMQConsoleTestBase.java:107)
	at org.apache.rocketmq.console.service.impl.TopicServiceImplTest.setUp(TopicServiceImplTest.java:57)
	at sun.reflect.NativeMethodAccessorImpl.invoke0(Native Method)
	at sun.reflect.NativeMethodAccessorImpl.invoke(NativeMethodAccessorImpl.java:57)
	at sun.reflect.DelegatingMethodAccessorImpl.invoke(DelegatingMethodAccessorImpl.java:43)
	at java.lang.reflect.Method.invoke(Method.java:606)
	at org.junit.runners.model.FrameworkMethod$1.runReflectiveCall(FrameworkMethod.java:50)
	at org.junit.internal.runners.model.ReflectiveCallable.run(ReflectiveCallable.java:12)
	at org.junit.runners.model.FrameworkMethod.invokeExplosively(FrameworkMethod.java:47)
	at org.junit.internal.runners.statements.RunBefores.evaluate(RunBefores.java:24)
	at org.springframework.test.context.junit4.statements.RunBeforeTestMethodCallbacks.evaluate(RunBeforeTestMethodCallbacks.java:75)
	at org.junit.internal.runners.statements.RunAfters.evaluate(RunAfters.java:27)
	at org.springframework.test.context.junit4.statements.RunAfterTestMethodCallbacks.evaluate(RunAfterTestMethodCallbacks.java:86)
	at org.springframework.test.context.junit4.statements.SpringRepeat.evaluate(SpringRepeat.java:84)
	at org.junit.runners.ParentRunner.runLeaf(ParentRunner.java:325)
	at org.springframework.test.context.junit4.SpringJUnit4ClassRunner.runChild(SpringJUnit4ClassRunner.java:252)
	at org.springframework.test.context.junit4.SpringJUnit4ClassRunner.runChild(SpringJUnit4ClassRunner.java:94)
	at org.junit.runners.ParentRunner$3.run(ParentRunner.java:290)
	at org.junit.runners.ParentRunner$1.schedule(ParentRunner.java:71)
	at org.junit.runners.ParentRunner.runChildren(ParentRunner.java:288)
	at org.junit.runners.ParentRunner.access$000(ParentRunner.java:58)
	at org.junit.runners.ParentRunner$2.evaluate(ParentRunner.java:268)
	at org.springframework.test.context.junit4.statements.RunBeforeTestClassCallbacks.evaluate(RunBeforeTestClassCallbacks.java:61)
	at org.springframework.test.context.junit4.statements.RunAfterTestClassCallbacks.evaluate(RunAfterTestClassCallbacks.java:70)
	at org.junit.runners.ParentRunner.run(ParentRunner.java:363)
	at org.springframework.test.context.junit4.SpringJUnit4ClassRunner.run(SpringJUnit4ClassRunner.java:191)
	at org.apache.maven.surefire.junit4.JUnit4Provider.execute(JUnit4Provider.java:367)
	at org.apache.maven.surefire.junit4.JUnit4Provider.executeWithRerun(JUnit4Provider.java:274)
	at org.apache.maven.surefire.junit4.JUnit4Provider.executeTestSet(JUnit4Provider.java:238)
	at org.apache.maven.surefire.junit4.JUnit4Provider.invoke(JUnit4Provider.java:161)
	at org.apache.maven.surefire.booter.ForkedBooter.invokeProviderInSameClassLoader(ForkedBooter.java:290)
	at org.apache.maven.surefire.booter.ForkedBooter.runSuitesInProcess(ForkedBooter.java:242)
	at org.apache.maven.surefire.booter.ForkedBooter.main(ForkedBooter.java:121)
[2018-03-14 12:07:56.384]  WARN Message [topic=TEST_CONSOLE_TOPIC, flag=0, properties={KEYS=TEST_TOPIC_KEY, WAIT=true, UNIQ_KEY=C0A859EB30A4011E1E6742F9F0DC001B}, body=11]
[2018-03-14 12:07:56.385]  WARN AllocateMappedFileService service has exception. so return null
[2018-03-14 12:07:56.385] ERROR create maped file1 error, topic: TEST_CONSOLE_TOPIC clientAddr: 127.0.0.1
[2018-03-14 12:07:56.386]  WARN sendKernelImpl exception, resend at once, InvokeID: -6842568791905269798, RT: 2ms, Broker: MessageQueue [topic=TEST_CONSOLE_TOPIC, brokerName=ConsoleTestBroker, queueId=7]
org.apache.rocketmq.client.exception.MQBrokerException: CODE: 1  DESC: create mapped file failed, server is busy or broken.
For more information, please visit the url, http://rocketmq.apache.org/docs/faq/
	at org.apache.rocketmq.client.impl.MQClientAPIImpl.processSendResponse(MQClientAPIImpl.java:531)
	at org.apache.rocketmq.client.impl.MQClientAPIImpl.sendMessageSync(MQClientAPIImpl.java:345)
	at org.apache.rocketmq.client.impl.MQClientAPIImpl.sendMessage(MQClientAPIImpl.java:327)
	at org.apache.rocketmq.client.impl.MQClientAPIImpl.sendMessage(MQClientAPIImpl.java:290)
	at org.apache.rocketmq.client.impl.producer.DefaultMQProducerImpl.sendKernelImpl(DefaultMQProducerImpl.java:688)
	at org.apache.rocketmq.client.impl.producer.DefaultMQProducerImpl.sendDefaultImpl(DefaultMQProducerImpl.java:458)
	at org.apache.rocketmq.client.impl.producer.DefaultMQProducerImpl.send(DefaultMQProducerImpl.java:1049)
	at org.apache.rocketmq.client.impl.producer.DefaultMQProducerImpl.send(DefaultMQProducerImpl.java:1008)
	at org.apache.rocketmq.client.producer.DefaultMQProducer.send(DefaultMQProducer.java:204)
	at org.apache.rocketmq.console.testbase.RocketMQConsoleTestBase.sendTestTopicMessage(RocketMQConsoleTestBase.java:107)
	at org.apache.rocketmq.console.service.impl.TopicServiceImplTest.setUp(TopicServiceImplTest.java:57)
	at sun.reflect.NativeMethodAccessorImpl.invoke0(Native Method)
	at sun.reflect.NativeMethodAccessorImpl.invoke(NativeMethodAccessorImpl.java:57)
	at sun.reflect.DelegatingMethodAccessorImpl.invoke(DelegatingMethodAccessorImpl.java:43)
	at java.lang.reflect.Method.invoke(Method.java:606)
	at org.junit.runners.model.FrameworkMethod$1.runReflectiveCall(FrameworkMethod.java:50)
	at org.junit.internal.runners.model.ReflectiveCallable.run(ReflectiveCallable.java:12)
	at org.junit.runners.model.FrameworkMethod.invokeExplosively(FrameworkMethod.java:47)
	at org.junit.internal.runners.statements.RunBefores.evaluate(RunBefores.java:24)
	at org.springframework.test.context.junit4.statements.RunBeforeTestMethodCallbacks.evaluate(RunBeforeTestMethodCallbacks.java:75)
	at org.junit.internal.runners.statements.RunAfters.evaluate(RunAfters.java:27)
	at org.springframework.test.context.junit4.statements.RunAfterTestMethodCallbacks.evaluate(RunAfterTestMethodCallbacks.java:86)
	at org.springframework.test.context.junit4.statements.SpringRepeat.evaluate(SpringRepeat.java:84)
	at org.junit.runners.ParentRunner.runLeaf(ParentRunner.java:325)
	at org.springframework.test.context.junit4.SpringJUnit4ClassRunner.runChild(SpringJUnit4ClassRunner.java:252)
	at org.springframework.test.context.junit4.SpringJUnit4ClassRunner.runChild(SpringJUnit4ClassRunner.java:94)
	at org.junit.runners.ParentRunner$3.run(ParentRunner.java:290)
	at org.junit.runners.ParentRunner$1.schedule(ParentRunner.java:71)
	at org.junit.runners.ParentRunner.runChildren(ParentRunner.java:288)
	at org.junit.runners.ParentRunner.access$000(ParentRunner.java:58)
	at org.junit.runners.ParentRunner$2.evaluate(ParentRunner.java:268)
	at org.springframework.test.context.junit4.statements.RunBeforeTestClassCallbacks.evaluate(RunBeforeTestClassCallbacks.java:61)
	at org.springframework.test.context.junit4.statements.RunAfterTestClassCallbacks.evaluate(RunAfterTestClassCallbacks.java:70)
	at org.junit.runners.ParentRunner.run(ParentRunner.java:363)
	at org.springframework.test.context.junit4.SpringJUnit4ClassRunner.run(SpringJUnit4ClassRunner.java:191)
	at org.apache.maven.surefire.junit4.JUnit4Provider.execute(JUnit4Provider.java:367)
	at org.apache.maven.surefire.junit4.JUnit4Provider.executeWithRerun(JUnit4Provider.java:274)
	at org.apache.maven.surefire.junit4.JUnit4Provider.executeTestSet(JUnit4Provider.java:238)
	at org.apache.maven.surefire.junit4.JUnit4Provider.invoke(JUnit4Provider.java:161)
	at org.apache.maven.surefire.booter.ForkedBooter.invokeProviderInSameClassLoader(ForkedBooter.java:290)
	at org.apache.maven.surefire.booter.ForkedBooter.runSuitesInProcess(ForkedBooter.java:242)
	at org.apache.maven.surefire.booter.ForkedBooter.main(ForkedBooter.java:121)
[2018-03-14 12:07:56.386]  WARN Message [topic=TEST_CONSOLE_TOPIC, flag=0, properties={KEYS=TEST_TOPIC_KEY, WAIT=true, UNIQ_KEY=C0A859EB30A4011E1E6742F9F0DC001B}, body=11]
[2018-03-14 12:07:56.388]  WARN AllocateMappedFileService service has exception. so return null
[2018-03-14 12:07:56.388] ERROR create maped file1 error, topic: TEST_CONSOLE_TOPIC clientAddr: 127.0.0.1
[2018-03-14 12:07:56.389]  WARN sendKernelImpl exception, resend at once, InvokeID: -6842568791905269798, RT: 3ms, Broker: MessageQueue [topic=TEST_CONSOLE_TOPIC, brokerName=ConsoleTestBroker, queueId=9]
org.apache.rocketmq.client.exception.MQBrokerException: CODE: 1  DESC: create mapped file failed, server is busy or broken.
For more information, please visit the url, http://rocketmq.apache.org/docs/faq/
	at org.apache.rocketmq.client.impl.MQClientAPIImpl.processSendResponse(MQClientAPIImpl.java:531)
	at org.apache.rocketmq.client.impl.MQClientAPIImpl.sendMessageSync(MQClientAPIImpl.java:345)
	at org.apache.rocketmq.client.impl.MQClientAPIImpl.sendMessage(MQClientAPIImpl.java:327)
	at org.apache.rocketmq.client.impl.MQClientAPIImpl.sendMessage(MQClientAPIImpl.java:290)
	at org.apache.rocketmq.client.impl.producer.DefaultMQProducerImpl.sendKernelImpl(DefaultMQProducerImpl.java:688)
	at org.apache.rocketmq.client.impl.producer.DefaultMQProducerImpl.sendDefaultImpl(DefaultMQProducerImpl.java:458)
	at org.apache.rocketmq.client.impl.producer.DefaultMQProducerImpl.send(DefaultMQProducerImpl.java:1049)
	at org.apache.rocketmq.client.impl.producer.DefaultMQProducerImpl.send(DefaultMQProducerImpl.java:1008)
	at org.apache.rocketmq.client.producer.DefaultMQProducer.send(DefaultMQProducer.java:204)
	at org.apache.rocketmq.console.testbase.RocketMQConsoleTestBase.sendTestTopicMessage(RocketMQConsoleTestBase.java:107)
	at org.apache.rocketmq.console.service.impl.TopicServiceImplTest.setUp(TopicServiceImplTest.java:57)
	at sun.reflect.NativeMethodAccessorImpl.invoke0(Native Method)
	at sun.reflect.NativeMethodAccessorImpl.invoke(NativeMethodAccessorImpl.java:57)
	at sun.reflect.DelegatingMethodAccessorImpl.invoke(DelegatingMethodAccessorImpl.java:43)
	at java.lang.reflect.Method.invoke(Method.java:606)
	at org.junit.runners.model.FrameworkMethod$1.runReflectiveCall(FrameworkMethod.java:50)
	at org.junit.internal.runners.model.ReflectiveCallable.run(ReflectiveCallable.java:12)
	at org.junit.runners.model.FrameworkMethod.invokeExplosively(FrameworkMethod.java:47)
	at org.junit.internal.runners.statements.RunBefores.evaluate(RunBefores.java:24)
	at org.springframework.test.context.junit4.statements.RunBeforeTestMethodCallbacks.evaluate(RunBeforeTestMethodCallbacks.java:75)
	at org.junit.internal.runners.statements.RunAfters.evaluate(RunAfters.java:27)
	at org.springframework.test.context.junit4.statements.RunAfterTestMethodCallbacks.evaluate(RunAfterTestMethodCallbacks.java:86)
	at org.springframework.test.context.junit4.statements.SpringRepeat.evaluate(SpringRepeat.java:84)
	at org.junit.runners.ParentRunner.runLeaf(ParentRunner.java:325)
	at org.springframework.test.context.junit4.SpringJUnit4ClassRunner.runChild(SpringJUnit4ClassRunner.java:252)
	at org.springframework.test.context.junit4.SpringJUnit4ClassRunner.runChild(SpringJUnit4ClassRunner.java:94)
	at org.junit.runners.ParentRunner$3.run(ParentRunner.java:290)
	at org.junit.runners.ParentRunner$1.schedule(ParentRunner.java:71)
	at org.junit.runners.ParentRunner.runChildren(ParentRunner.java:288)
	at org.junit.runners.ParentRunner.access$000(ParentRunner.java:58)
	at org.junit.runners.ParentRunner$2.evaluate(ParentRunner.java:268)
	at org.springframework.test.context.junit4.statements.RunBeforeTestClassCallbacks.evaluate(RunBeforeTestClassCallbacks.java:61)
	at org.springframework.test.context.junit4.statements.RunAfterTestClassCallbacks.evaluate(RunAfterTestClassCallbacks.java:70)
	at org.junit.runners.ParentRunner.run(ParentRunner.java:363)
	at org.springframework.test.context.junit4.SpringJUnit4ClassRunner.run(SpringJUnit4ClassRunner.java:191)
	at org.apache.maven.surefire.junit4.JUnit4Provider.execute(JUnit4Provider.java:367)
	at org.apache.maven.surefire.junit4.JUnit4Provider.executeWithRerun(JUnit4Provider.java:274)
	at org.apache.maven.surefire.junit4.JUnit4Provider.executeTestSet(JUnit4Provider.java:238)
	at org.apache.maven.surefire.junit4.JUnit4Provider.invoke(JUnit4Provider.java:161)
	at org.apache.maven.surefire.booter.ForkedBooter.invokeProviderInSameClassLoader(ForkedBooter.java:290)
	at org.apache.maven.surefire.booter.ForkedBooter.runSuitesInProcess(ForkedBooter.java:242)
	at org.apache.maven.surefire.booter.ForkedBooter.main(ForkedBooter.java:121)
[2018-03-14 12:07:56.389]  WARN Message [topic=TEST_CONSOLE_TOPIC, flag=0, properties={KEYS=TEST_TOPIC_KEY, WAIT=true, UNIQ_KEY=C0A859EB30A4011E1E6742F9F0DC001B}, body=11]
[2018-03-14 12:07:56.475] ERROR map file C:\Users\Administrator\rocketmq-console-test\20180314120653\commitlog\00000000000000000000 Failed. 
java.io.IOException: Map failed
	at sun.nio.ch.FileChannelImpl.map(FileChannelImpl.java:888)
	at org.apache.rocketmq.store.MappedFile.init(MappedFile.java:160)
	at org.apache.rocketmq.store.MappedFile.<init>(MappedFile.java:71)
	at org.apache.rocketmq.store.AllocateMappedFileService.mmapOperation(AllocateMappedFileService.java:182)
	at org.apache.rocketmq.store.AllocateMappedFileService.run(AllocateMappedFileService.java:143)
	at java.lang.Thread.run(Thread.java:745)
Caused by: java.lang.OutOfMemoryError: Map failed
	at sun.nio.ch.FileChannelImpl.map0(Native Method)
	at sun.nio.ch.FileChannelImpl.map(FileChannelImpl.java:885)
	... 5 common frames omitted
[2018-03-14 12:07:56.475]  WARN AllocateMappedFileService service has exception. 
java.io.IOException: Map failed
	at sun.nio.ch.FileChannelImpl.map(FileChannelImpl.java:888)
	at org.apache.rocketmq.store.MappedFile.init(MappedFile.java:160)
	at org.apache.rocketmq.store.MappedFile.<init>(MappedFile.java:71)
	at org.apache.rocketmq.store.AllocateMappedFileService.mmapOperation(AllocateMappedFileService.java:182)
	at org.apache.rocketmq.store.AllocateMappedFileService.run(AllocateMappedFileService.java:143)
	at java.lang.Thread.run(Thread.java:745)
Caused by: java.lang.OutOfMemoryError: Map failed
	at sun.nio.ch.FileChannelImpl.map0(Native Method)
	at sun.nio.ch.FileChannelImpl.map(FileChannelImpl.java:885)
	... 5 common frames omitted
[2018-03-14 12:07:56.691] ERROR map file C:\Users\Administrator\rocketmq-console-test\20180314120653\commitlog\00000000000000000000 Failed. 
java.io.IOException: Map failed
	at sun.nio.ch.FileChannelImpl.map(FileChannelImpl.java:888)
	at org.apache.rocketmq.store.MappedFile.init(MappedFile.java:160)
	at org.apache.rocketmq.store.MappedFile.<init>(MappedFile.java:71)
	at org.apache.rocketmq.store.AllocateMappedFileService.mmapOperation(AllocateMappedFileService.java:182)
	at org.apache.rocketmq.store.AllocateMappedFileService.run(AllocateMappedFileService.java:143)
	at java.lang.Thread.run(Thread.java:745)
Caused by: java.lang.OutOfMemoryError: Map failed
	at sun.nio.ch.FileChannelImpl.map0(Native Method)
	at sun.nio.ch.FileChannelImpl.map(FileChannelImpl.java:885)
	... 5 common frames omitted
[2018-03-14 12:07:56.691]  WARN AllocateMappedFileService service has exception. 
java.io.IOException: Map failed
	at sun.nio.ch.FileChannelImpl.map(FileChannelImpl.java:888)
	at org.apache.rocketmq.store.MappedFile.init(MappedFile.java:160)
	at org.apache.rocketmq.store.MappedFile.<init>(MappedFile.java:71)
	at org.apache.rocketmq.store.AllocateMappedFileService.mmapOperation(AllocateMappedFileService.java:182)
	at org.apache.rocketmq.store.AllocateMappedFileService.run(AllocateMappedFileService.java:143)
	at java.lang.Thread.run(Thread.java:745)
Caused by: java.lang.OutOfMemoryError: Map failed
	at sun.nio.ch.FileChannelImpl.map0(Native Method)
	at sun.nio.ch.FileChannelImpl.map(FileChannelImpl.java:885)
	... 5 common frames omitted
[2018-03-14 12:07:56.891]  WARN AllocateMappedFileService service has exception. so return null
[2018-03-14 12:07:56.891] ERROR create maped file1 error, topic: TEST_CONSOLE_TOPIC clientAddr: 127.0.0.1
[2018-03-14 12:07:56.892]  WARN sendKernelImpl exception, resend at once, InvokeID: 7996124630021634671, RT: 1ms, Broker: MessageQueue [topic=TEST_CONSOLE_TOPIC, brokerName=ConsoleTestBroker, queueId=10]
org.apache.rocketmq.client.exception.MQBrokerException: CODE: 1  DESC: create mapped file failed, server is busy or broken.
For more information, please visit the url, http://rocketmq.apache.org/docs/faq/
	at org.apache.rocketmq.client.impl.MQClientAPIImpl.processSendResponse(MQClientAPIImpl.java:531)
	at org.apache.rocketmq.client.impl.MQClientAPIImpl.sendMessageSync(MQClientAPIImpl.java:345)
	at org.apache.rocketmq.client.impl.MQClientAPIImpl.sendMessage(MQClientAPIImpl.java:327)
	at org.apache.rocketmq.client.impl.MQClientAPIImpl.sendMessage(MQClientAPIImpl.java:290)
	at org.apache.rocketmq.client.impl.producer.DefaultMQProducerImpl.sendKernelImpl(DefaultMQProducerImpl.java:688)
	at org.apache.rocketmq.client.impl.producer.DefaultMQProducerImpl.sendDefaultImpl(DefaultMQProducerImpl.java:458)
	at org.apache.rocketmq.client.impl.producer.DefaultMQProducerImpl.send(DefaultMQProducerImpl.java:1049)
	at org.apache.rocketmq.client.impl.producer.DefaultMQProducerImpl.send(DefaultMQProducerImpl.java:1008)
	at org.apache.rocketmq.client.producer.DefaultMQProducer.send(DefaultMQProducer.java:204)
	at org.apache.rocketmq.console.testbase.RocketMQConsoleTestBase.sendTestTopicMessage(RocketMQConsoleTestBase.java:107)
	at org.apache.rocketmq.console.service.impl.TopicServiceImplTest.setUp(TopicServiceImplTest.java:57)
	at sun.reflect.NativeMethodAccessorImpl.invoke0(Native Method)
	at sun.reflect.NativeMethodAccessorImpl.invoke(NativeMethodAccessorImpl.java:57)
	at sun.reflect.DelegatingMethodAccessorImpl.invoke(DelegatingMethodAccessorImpl.java:43)
	at java.lang.reflect.Method.invoke(Method.java:606)
	at org.junit.runners.model.FrameworkMethod$1.runReflectiveCall(FrameworkMethod.java:50)
	at org.junit.internal.runners.model.ReflectiveCallable.run(ReflectiveCallable.java:12)
	at org.junit.runners.model.FrameworkMethod.invokeExplosively(FrameworkMethod.java:47)
	at org.junit.internal.runners.statements.RunBefores.evaluate(RunBefores.java:24)
	at org.springframework.test.context.junit4.statements.RunBeforeTestMethodCallbacks.evaluate(RunBeforeTestMethodCallbacks.java:75)
	at org.junit.internal.runners.statements.RunAfters.evaluate(RunAfters.java:27)
	at org.springframework.test.context.junit4.statements.RunAfterTestMethodCallbacks.evaluate(RunAfterTestMethodCallbacks.java:86)
	at org.springframework.test.context.junit4.statements.SpringRepeat.evaluate(SpringRepeat.java:84)
	at org.junit.runners.ParentRunner.runLeaf(ParentRunner.java:325)
	at org.springframework.test.context.junit4.SpringJUnit4ClassRunner.runChild(SpringJUnit4ClassRunner.java:252)
	at org.springframework.test.context.junit4.SpringJUnit4ClassRunner.runChild(SpringJUnit4ClassRunner.java:94)
	at org.junit.runners.ParentRunner$3.run(ParentRunner.java:290)
	at org.junit.runners.ParentRunner$1.schedule(ParentRunner.java:71)
	at org.junit.runners.ParentRunner.runChildren(ParentRunner.java:288)
	at org.junit.runners.ParentRunner.access$000(ParentRunner.java:58)
	at org.junit.runners.ParentRunner$2.evaluate(ParentRunner.java:268)
	at org.springframework.test.context.junit4.statements.RunBeforeTestClassCallbacks.evaluate(RunBeforeTestClassCallbacks.java:61)
	at org.springframework.test.context.junit4.statements.RunAfterTestClassCallbacks.evaluate(RunAfterTestClassCallbacks.java:70)
	at org.junit.runners.ParentRunner.run(ParentRunner.java:363)
	at org.springframework.test.context.junit4.SpringJUnit4ClassRunner.run(SpringJUnit4ClassRunner.java:191)
	at org.apache.maven.surefire.junit4.JUnit4Provider.execute(JUnit4Provider.java:367)
	at org.apache.maven.surefire.junit4.JUnit4Provider.executeWithRerun(JUnit4Provider.java:274)
	at org.apache.maven.surefire.junit4.JUnit4Provider.executeTestSet(JUnit4Provider.java:238)
	at org.apache.maven.surefire.junit4.JUnit4Provider.invoke(JUnit4Provider.java:161)
	at org.apache.maven.surefire.booter.ForkedBooter.invokeProviderInSameClassLoader(ForkedBooter.java:290)
	at org.apache.maven.surefire.booter.ForkedBooter.runSuitesInProcess(ForkedBooter.java:242)
	at org.apache.maven.surefire.booter.ForkedBooter.main(ForkedBooter.java:121)
[2018-03-14 12:07:56.892]  WARN Message [topic=TEST_CONSOLE_TOPIC, flag=0, properties={KEYS=TEST_TOPIC_KEY, WAIT=true, UNIQ_KEY=C0A859EB30A4011E1E6742F9F0DC001B}, body=11]
[2018-03-14 12:07:56.893]  WARN AllocateMappedFileService service has exception. so return null
[2018-03-14 12:07:56.893] ERROR create maped file1 error, topic: TEST_CONSOLE_TOPIC clientAddr: 127.0.0.1
[2018-03-14 12:07:56.894]  WARN sendKernelImpl exception, resend at once, InvokeID: 7996124630021634671, RT: 2ms, Broker: MessageQueue [topic=TEST_CONSOLE_TOPIC, brokerName=ConsoleTestBroker, queueId=12]
org.apache.rocketmq.client.exception.MQBrokerException: CODE: 1  DESC: create mapped file failed, server is busy or broken.
For more information, please visit the url, http://rocketmq.apache.org/docs/faq/
	at org.apache.rocketmq.client.impl.MQClientAPIImpl.processSendResponse(MQClientAPIImpl.java:531)
	at org.apache.rocketmq.client.impl.MQClientAPIImpl.sendMessageSync(MQClientAPIImpl.java:345)
	at org.apache.rocketmq.client.impl.MQClientAPIImpl.sendMessage(MQClientAPIImpl.java:327)
	at org.apache.rocketmq.client.impl.MQClientAPIImpl.sendMessage(MQClientAPIImpl.java:290)
	at org.apache.rocketmq.client.impl.producer.DefaultMQProducerImpl.sendKernelImpl(DefaultMQProducerImpl.java:688)
	at org.apache.rocketmq.client.impl.producer.DefaultMQProducerImpl.sendDefaultImpl(DefaultMQProducerImpl.java:458)
	at org.apache.rocketmq.client.impl.producer.DefaultMQProducerImpl.send(DefaultMQProducerImpl.java:1049)
	at org.apache.rocketmq.client.impl.producer.DefaultMQProducerImpl.send(DefaultMQProducerImpl.java:1008)
	at org.apache.rocketmq.client.producer.DefaultMQProducer.send(DefaultMQProducer.java:204)
	at org.apache.rocketmq.console.testbase.RocketMQConsoleTestBase.sendTestTopicMessage(RocketMQConsoleTestBase.java:107)
	at org.apache.rocketmq.console.service.impl.TopicServiceImplTest.setUp(TopicServiceImplTest.java:57)
	at sun.reflect.NativeMethodAccessorImpl.invoke0(Native Method)
	at sun.reflect.NativeMethodAccessorImpl.invoke(NativeMethodAccessorImpl.java:57)
	at sun.reflect.DelegatingMethodAccessorImpl.invoke(DelegatingMethodAccessorImpl.java:43)
	at java.lang.reflect.Method.invoke(Method.java:606)
	at org.junit.runners.model.FrameworkMethod$1.runReflectiveCall(FrameworkMethod.java:50)
	at org.junit.internal.runners.model.ReflectiveCallable.run(ReflectiveCallable.java:12)
	at org.junit.runners.model.FrameworkMethod.invokeExplosively(FrameworkMethod.java:47)
	at org.junit.internal.runners.statements.RunBefores.evaluate(RunBefores.java:24)
	at org.springframework.test.context.junit4.statements.RunBeforeTestMethodCallbacks.evaluate(RunBeforeTestMethodCallbacks.java:75)
	at org.junit.internal.runners.statements.RunAfters.evaluate(RunAfters.java:27)
	at org.springframework.test.context.junit4.statements.RunAfterTestMethodCallbacks.evaluate(RunAfterTestMethodCallbacks.java:86)
	at org.springframework.test.context.junit4.statements.SpringRepeat.evaluate(SpringRepeat.java:84)
	at org.junit.runners.ParentRunner.runLeaf(ParentRunner.java:325)
	at org.springframework.test.context.junit4.SpringJUnit4ClassRunner.runChild(SpringJUnit4ClassRunner.java:252)
	at org.springframework.test.context.junit4.SpringJUnit4ClassRunner.runChild(SpringJUnit4ClassRunner.java:94)
	at org.junit.runners.ParentRunner$3.run(ParentRunner.java:290)
	at org.junit.runners.ParentRunner$1.schedule(ParentRunner.java:71)
	at org.junit.runners.ParentRunner.runChildren(ParentRunner.java:288)
	at org.junit.runners.ParentRunner.access$000(ParentRunner.java:58)
	at org.junit.runners.ParentRunner$2.evaluate(ParentRunner.java:268)
	at org.springframework.test.context.junit4.statements.RunBeforeTestClassCallbacks.evaluate(RunBeforeTestClassCallbacks.java:61)
	at org.springframework.test.context.junit4.statements.RunAfterTestClassCallbacks.evaluate(RunAfterTestClassCallbacks.java:70)
	at org.junit.runners.ParentRunner.run(ParentRunner.java:363)
	at org.springframework.test.context.junit4.SpringJUnit4ClassRunner.run(SpringJUnit4ClassRunner.java:191)
	at org.apache.maven.surefire.junit4.JUnit4Provider.execute(JUnit4Provider.java:367)
	at org.apache.maven.surefire.junit4.JUnit4Provider.executeWithRerun(JUnit4Provider.java:274)
	at org.apache.maven.surefire.junit4.JUnit4Provider.executeTestSet(JUnit4Provider.java:238)
	at org.apache.maven.surefire.junit4.JUnit4Provider.invoke(JUnit4Provider.java:161)
	at org.apache.maven.surefire.booter.ForkedBooter.invokeProviderInSameClassLoader(ForkedBooter.java:290)
	at org.apache.maven.surefire.booter.ForkedBooter.runSuitesInProcess(ForkedBooter.java:242)
	at org.apache.maven.surefire.booter.ForkedBooter.main(ForkedBooter.java:121)
[2018-03-14 12:07:56.894]  WARN Message [topic=TEST_CONSOLE_TOPIC, flag=0, properties={KEYS=TEST_TOPIC_KEY, WAIT=true, UNIQ_KEY=C0A859EB30A4011E1E6742F9F0DC001B}, body=11]
[2018-03-14 12:07:56.895]  WARN AllocateMappedFileService service has exception. so return null
[2018-03-14 12:07:56.895] ERROR create maped file1 error, topic: TEST_CONSOLE_TOPIC clientAddr: 127.0.0.1
[2018-03-14 12:07:56.900]  WARN sendKernelImpl exception, resend at once, InvokeID: 7996124630021634671, RT: 5ms, Broker: MessageQueue [topic=TEST_CONSOLE_TOPIC, brokerName=ConsoleTestBroker, queueId=14]
org.apache.rocketmq.client.exception.MQBrokerException: CODE: 1  DESC: create mapped file failed, server is busy or broken.
For more information, please visit the url, http://rocketmq.apache.org/docs/faq/
	at org.apache.rocketmq.client.impl.MQClientAPIImpl.processSendResponse(MQClientAPIImpl.java:531)
	at org.apache.rocketmq.client.impl.MQClientAPIImpl.sendMessageSync(MQClientAPIImpl.java:345)
	at org.apache.rocketmq.client.impl.MQClientAPIImpl.sendMessage(MQClientAPIImpl.java:327)
	at org.apache.rocketmq.client.impl.MQClientAPIImpl.sendMessage(MQClientAPIImpl.java:290)
	at org.apache.rocketmq.client.impl.producer.DefaultMQProducerImpl.sendKernelImpl(DefaultMQProducerImpl.java:688)
	at org.apache.rocketmq.client.impl.producer.DefaultMQProducerImpl.sendDefaultImpl(DefaultMQProducerImpl.java:458)
	at org.apache.rocketmq.client.impl.producer.DefaultMQProducerImpl.send(DefaultMQProducerImpl.java:1049)
	at org.apache.rocketmq.client.impl.producer.DefaultMQProducerImpl.send(DefaultMQProducerImpl.java:1008)
	at org.apache.rocketmq.client.producer.DefaultMQProducer.send(DefaultMQProducer.java:204)
	at org.apache.rocketmq.console.testbase.RocketMQConsoleTestBase.sendTestTopicMessage(RocketMQConsoleTestBase.java:107)
	at org.apache.rocketmq.console.service.impl.TopicServiceImplTest.setUp(TopicServiceImplTest.java:57)
	at sun.reflect.NativeMethodAccessorImpl.invoke0(Native Method)
	at sun.reflect.NativeMethodAccessorImpl.invoke(NativeMethodAccessorImpl.java:57)
	at sun.reflect.DelegatingMethodAccessorImpl.invoke(DelegatingMethodAccessorImpl.java:43)
	at java.lang.reflect.Method.invoke(Method.java:606)
	at org.junit.runners.model.FrameworkMethod$1.runReflectiveCall(FrameworkMethod.java:50)
	at org.junit.internal.runners.model.ReflectiveCallable.run(ReflectiveCallable.java:12)
	at org.junit.runners.model.FrameworkMethod.invokeExplosively(FrameworkMethod.java:47)
	at org.junit.internal.runners.statements.RunBefores.evaluate(RunBefores.java:24)
	at org.springframework.test.context.junit4.statements.RunBeforeTestMethodCallbacks.evaluate(RunBeforeTestMethodCallbacks.java:75)
	at org.junit.internal.runners.statements.RunAfters.evaluate(RunAfters.java:27)
	at org.springframework.test.context.junit4.statements.RunAfterTestMethodCallbacks.evaluate(RunAfterTestMethodCallbacks.java:86)
	at org.springframework.test.context.junit4.statements.SpringRepeat.evaluate(SpringRepeat.java:84)
	at org.junit.runners.ParentRunner.runLeaf(ParentRunner.java:325)
	at org.springframework.test.context.junit4.SpringJUnit4ClassRunner.runChild(SpringJUnit4ClassRunner.java:252)
	at org.springframework.test.context.junit4.SpringJUnit4ClassRunner.runChild(SpringJUnit4ClassRunner.java:94)
	at org.junit.runners.ParentRunner$3.run(ParentRunner.java:290)
	at org.junit.runners.ParentRunner$1.schedule(ParentRunner.java:71)
	at org.junit.runners.ParentRunner.runChildren(ParentRunner.java:288)
	at org.junit.runners.ParentRunner.access$000(ParentRunner.java:58)
	at org.junit.runners.ParentRunner$2.evaluate(ParentRunner.java:268)
	at org.springframework.test.context.junit4.statements.RunBeforeTestClassCallbacks.evaluate(RunBeforeTestClassCallbacks.java:61)
	at org.springframework.test.context.junit4.statements.RunAfterTestClassCallbacks.evaluate(RunAfterTestClassCallbacks.java:70)
	at org.junit.runners.ParentRunner.run(ParentRunner.java:363)
	at org.springframework.test.context.junit4.SpringJUnit4ClassRunner.run(SpringJUnit4ClassRunner.java:191)
	at org.apache.maven.surefire.junit4.JUnit4Provider.execute(JUnit4Provider.java:367)
	at org.apache.maven.surefire.junit4.JUnit4Provider.executeWithRerun(JUnit4Provider.java:274)
	at org.apache.maven.surefire.junit4.JUnit4Provider.executeTestSet(JUnit4Provider.java:238)
	at org.apache.maven.surefire.junit4.JUnit4Provider.invoke(JUnit4Provider.java:161)
	at org.apache.maven.surefire.booter.ForkedBooter.invokeProviderInSameClassLoader(ForkedBooter.java:290)
	at org.apache.maven.surefire.booter.ForkedBooter.runSuitesInProcess(ForkedBooter.java:242)
	at org.apache.maven.surefire.booter.ForkedBooter.main(ForkedBooter.java:121)
[2018-03-14 12:07:56.900]  WARN Message [topic=TEST_CONSOLE_TOPIC, flag=0, properties={KEYS=TEST_TOPIC_KEY, WAIT=true, UNIQ_KEY=C0A859EB30A4011E1E6742F9F0DC001B}, body=11]
[2018-03-14 12:07:56.908] ERROR map file C:\Users\Administrator\rocketmq-console-test\20180314120653\commitlog\00000000000000000000 Failed. 
java.io.IOException: Map failed
	at sun.nio.ch.FileChannelImpl.map(FileChannelImpl.java:888)
	at org.apache.rocketmq.store.MappedFile.init(MappedFile.java:160)
	at org.apache.rocketmq.store.MappedFile.<init>(MappedFile.java:71)
	at org.apache.rocketmq.store.AllocateMappedFileService.mmapOperation(AllocateMappedFileService.java:182)
	at org.apache.rocketmq.store.AllocateMappedFileService.run(AllocateMappedFileService.java:143)
	at java.lang.Thread.run(Thread.java:745)
Caused by: java.lang.OutOfMemoryError: Map failed
	at sun.nio.ch.FileChannelImpl.map0(Native Method)
	at sun.nio.ch.FileChannelImpl.map(FileChannelImpl.java:885)
	... 5 common frames omitted
[2018-03-14 12:07:56.908]  WARN AllocateMappedFileService service has exception. 
java.io.IOException: Map failed
	at sun.nio.ch.FileChannelImpl.map(FileChannelImpl.java:888)
	at org.apache.rocketmq.store.MappedFile.init(MappedFile.java:160)
	at org.apache.rocketmq.store.MappedFile.<init>(MappedFile.java:71)
	at org.apache.rocketmq.store.AllocateMappedFileService.mmapOperation(AllocateMappedFileService.java:182)
	at org.apache.rocketmq.store.AllocateMappedFileService.run(AllocateMappedFileService.java:143)
	at java.lang.Thread.run(Thread.java:745)
Caused by: java.lang.OutOfMemoryError: Map failed
	at sun.nio.ch.FileChannelImpl.map0(Native Method)
	at sun.nio.ch.FileChannelImpl.map(FileChannelImpl.java:885)
	... 5 common frames omitted
[2018-03-14 12:07:57.135] ERROR map file C:\Users\Administrator\rocketmq-console-test\20180314120653\commitlog\00000000000000000000 Failed. 
java.io.IOException: Map failed
	at sun.nio.ch.FileChannelImpl.map(FileChannelImpl.java:888)
	at org.apache.rocketmq.store.MappedFile.init(MappedFile.java:160)
	at org.apache.rocketmq.store.MappedFile.<init>(MappedFile.java:71)
	at org.apache.rocketmq.store.AllocateMappedFileService.mmapOperation(AllocateMappedFileService.java:182)
	at org.apache.rocketmq.store.AllocateMappedFileService.run(AllocateMappedFileService.java:143)
	at java.lang.Thread.run(Thread.java:745)
Caused by: java.lang.OutOfMemoryError: Map failed
	at sun.nio.ch.FileChannelImpl.map0(Native Method)
	at sun.nio.ch.FileChannelImpl.map(FileChannelImpl.java:885)
	... 5 common frames omitted
[2018-03-14 12:07:57.135]  WARN AllocateMappedFileService service has exception. 
java.io.IOException: Map failed
	at sun.nio.ch.FileChannelImpl.map(FileChannelImpl.java:888)
	at org.apache.rocketmq.store.MappedFile.init(MappedFile.java:160)
	at org.apache.rocketmq.store.MappedFile.<init>(MappedFile.java:71)
	at org.apache.rocketmq.store.AllocateMappedFileService.mmapOperation(AllocateMappedFileService.java:182)
	at org.apache.rocketmq.store.AllocateMappedFileService.run(AllocateMappedFileService.java:143)
	at java.lang.Thread.run(Thread.java:745)
Caused by: java.lang.OutOfMemoryError: Map failed
	at sun.nio.ch.FileChannelImpl.map0(Native Method)
	at sun.nio.ch.FileChannelImpl.map(FileChannelImpl.java:885)
	... 5 common frames omitted
[2018-03-14 12:07:57.361] ERROR map file C:\Users\Administrator\rocketmq-console-test\20180314120653\commitlog\00000000000000000000 Failed. 
java.io.IOException: Map failed
	at sun.nio.ch.FileChannelImpl.map(FileChannelImpl.java:888)
	at org.apache.rocketmq.store.MappedFile.init(MappedFile.java:160)
	at org.apache.rocketmq.store.MappedFile.<init>(MappedFile.java:71)
	at org.apache.rocketmq.store.AllocateMappedFileService.mmapOperation(AllocateMappedFileService.java:182)
	at org.apache.rocketmq.store.AllocateMappedFileService.run(AllocateMappedFileService.java:143)
	at java.lang.Thread.run(Thread.java:745)
Caused by: java.lang.OutOfMemoryError: Map failed
	at sun.nio.ch.FileChannelImpl.map0(Native Method)
	at sun.nio.ch.FileChannelImpl.map(FileChannelImpl.java:885)
	... 5 common frames omitted
[2018-03-14 12:07:57.362]  WARN AllocateMappedFileService service has exception. 
java.io.IOException: Map failed
	at sun.nio.ch.FileChannelImpl.map(FileChannelImpl.java:888)
	at org.apache.rocketmq.store.MappedFile.init(MappedFile.java:160)
	at org.apache.rocketmq.store.MappedFile.<init>(MappedFile.java:71)
	at org.apache.rocketmq.store.AllocateMappedFileService.mmapOperation(AllocateMappedFileService.java:182)
	at org.apache.rocketmq.store.AllocateMappedFileService.run(AllocateMappedFileService.java:143)
	at java.lang.Thread.run(Thread.java:745)
Caused by: java.lang.OutOfMemoryError: Map failed
	at sun.nio.ch.FileChannelImpl.map0(Native Method)
	at sun.nio.ch.FileChannelImpl.map(FileChannelImpl.java:885)
	... 5 common frames omitted
[2018-03-14 12:07:57.480]  WARN AllocateMappedFileService service has exception. so return null
[2018-03-14 12:07:57.480] ERROR create maped file1 error, topic: TEST_CONSOLE_TOPIC clientAddr: 127.0.0.1
[2018-03-14 12:07:57.481]  WARN sendKernelImpl exception, resend at once, InvokeID: -3177338433217057065, RT: 2ms, Broker: MessageQueue [topic=TEST_CONSOLE_TOPIC, brokerName=ConsoleTestBroker, queueId=15]
org.apache.rocketmq.client.exception.MQBrokerException: CODE: 1  DESC: create mapped file failed, server is busy or broken.
For more information, please visit the url, http://rocketmq.apache.org/docs/faq/
	at org.apache.rocketmq.client.impl.MQClientAPIImpl.processSendResponse(MQClientAPIImpl.java:531)
	at org.apache.rocketmq.client.impl.MQClientAPIImpl.sendMessageSync(MQClientAPIImpl.java:345)
	at org.apache.rocketmq.client.impl.MQClientAPIImpl.sendMessage(MQClientAPIImpl.java:327)
	at org.apache.rocketmq.client.impl.MQClientAPIImpl.sendMessage(MQClientAPIImpl.java:290)
	at org.apache.rocketmq.client.impl.producer.DefaultMQProducerImpl.sendKernelImpl(DefaultMQProducerImpl.java:688)
	at org.apache.rocketmq.client.impl.producer.DefaultMQProducerImpl.sendDefaultImpl(DefaultMQProducerImpl.java:458)
	at org.apache.rocketmq.client.impl.producer.DefaultMQProducerImpl.send(DefaultMQProducerImpl.java:1049)
	at org.apache.rocketmq.client.impl.producer.DefaultMQProducerImpl.send(DefaultMQProducerImpl.java:1008)
	at org.apache.rocketmq.client.producer.DefaultMQProducer.send(DefaultMQProducer.java:204)
	at org.apache.rocketmq.console.testbase.RocketMQConsoleTestBase.sendTestTopicMessage(RocketMQConsoleTestBase.java:107)
	at org.apache.rocketmq.console.service.impl.TopicServiceImplTest.setUp(TopicServiceImplTest.java:57)
	at sun.reflect.NativeMethodAccessorImpl.invoke0(Native Method)
	at sun.reflect.NativeMethodAccessorImpl.invoke(NativeMethodAccessorImpl.java:57)
	at sun.reflect.DelegatingMethodAccessorImpl.invoke(DelegatingMethodAccessorImpl.java:43)
	at java.lang.reflect.Method.invoke(Method.java:606)
	at org.junit.runners.model.FrameworkMethod$1.runReflectiveCall(FrameworkMethod.java:50)
	at org.junit.internal.runners.model.ReflectiveCallable.run(ReflectiveCallable.java:12)
	at org.junit.runners.model.FrameworkMethod.invokeExplosively(FrameworkMethod.java:47)
	at org.junit.internal.runners.statements.RunBefores.evaluate(RunBefores.java:24)
	at org.springframework.test.context.junit4.statements.RunBeforeTestMethodCallbacks.evaluate(RunBeforeTestMethodCallbacks.java:75)
	at org.junit.internal.runners.statements.RunAfters.evaluate(RunAfters.java:27)
	at org.springframework.test.context.junit4.statements.RunAfterTestMethodCallbacks.evaluate(RunAfterTestMethodCallbacks.java:86)
	at org.springframework.test.context.junit4.statements.SpringRepeat.evaluate(SpringRepeat.java:84)
	at org.junit.runners.ParentRunner.runLeaf(ParentRunner.java:325)
	at org.springframework.test.context.junit4.SpringJUnit4ClassRunner.runChild(SpringJUnit4ClassRunner.java:252)
	at org.springframework.test.context.junit4.SpringJUnit4ClassRunner.runChild(SpringJUnit4ClassRunner.java:94)
	at org.junit.runners.ParentRunner$3.run(ParentRunner.java:290)
	at org.junit.runners.ParentRunner$1.schedule(ParentRunner.java:71)
	at org.junit.runners.ParentRunner.runChildren(ParentRunner.java:288)
	at org.junit.runners.ParentRunner.access$000(ParentRunner.java:58)
	at org.junit.runners.ParentRunner$2.evaluate(ParentRunner.java:268)
	at org.springframework.test.context.junit4.statements.RunBeforeTestClassCallbacks.evaluate(RunBeforeTestClassCallbacks.java:61)
	at org.springframework.test.context.junit4.statements.RunAfterTestClassCallbacks.evaluate(RunAfterTestClassCallbacks.java:70)
	at org.junit.runners.ParentRunner.run(ParentRunner.java:363)
	at org.springframework.test.context.junit4.SpringJUnit4ClassRunner.run(SpringJUnit4ClassRunner.java:191)
	at org.apache.maven.surefire.junit4.JUnit4Provider.execute(JUnit4Provider.java:367)
	at org.apache.maven.surefire.junit4.JUnit4Provider.executeWithRerun(JUnit4Provider.java:274)
	at org.apache.maven.surefire.junit4.JUnit4Provider.executeTestSet(JUnit4Provider.java:238)
	at org.apache.maven.surefire.junit4.JUnit4Provider.invoke(JUnit4Provider.java:161)
	at org.apache.maven.surefire.booter.ForkedBooter.invokeProviderInSameClassLoader(ForkedBooter.java:290)
	at org.apache.maven.surefire.booter.ForkedBooter.runSuitesInProcess(ForkedBooter.java:242)
	at org.apache.maven.surefire.booter.ForkedBooter.main(ForkedBooter.java:121)
[2018-03-14 12:07:57.481]  WARN Message [topic=TEST_CONSOLE_TOPIC, flag=0, properties={KEYS=TEST_TOPIC_KEY, WAIT=true, UNIQ_KEY=C0A859EB30A4011E1E6742F9F0DC001B}, body=11]
[2018-03-14 12:07:57.482]  WARN AllocateMappedFileService service has exception. so return null
[2018-03-14 12:07:57.482] ERROR create maped file1 error, topic: TEST_CONSOLE_TOPIC clientAddr: 127.0.0.1
[2018-03-14 12:07:57.483]  WARN sendKernelImpl exception, resend at once, InvokeID: -3177338433217057065, RT: 2ms, Broker: MessageQueue [topic=TEST_CONSOLE_TOPIC, brokerName=ConsoleTestBroker, queueId=1]
org.apache.rocketmq.client.exception.MQBrokerException: CODE: 1  DESC: create mapped file failed, server is busy or broken.
For more information, please visit the url, http://rocketmq.apache.org/docs/faq/
	at org.apache.rocketmq.client.impl.MQClientAPIImpl.processSendResponse(MQClientAPIImpl.java:531)
	at org.apache.rocketmq.client.impl.MQClientAPIImpl.sendMessageSync(MQClientAPIImpl.java:345)
	at org.apache.rocketmq.client.impl.MQClientAPIImpl.sendMessage(MQClientAPIImpl.java:327)
	at org.apache.rocketmq.client.impl.MQClientAPIImpl.sendMessage(MQClientAPIImpl.java:290)
	at org.apache.rocketmq.client.impl.producer.DefaultMQProducerImpl.sendKernelImpl(DefaultMQProducerImpl.java:688)
	at org.apache.rocketmq.client.impl.producer.DefaultMQProducerImpl.sendDefaultImpl(DefaultMQProducerImpl.java:458)
	at org.apache.rocketmq.client.impl.producer.DefaultMQProducerImpl.send(DefaultMQProducerImpl.java:1049)
	at org.apache.rocketmq.client.impl.producer.DefaultMQProducerImpl.send(DefaultMQProducerImpl.java:1008)
	at org.apache.rocketmq.client.producer.DefaultMQProducer.send(DefaultMQProducer.java:204)
	at org.apache.rocketmq.console.testbase.RocketMQConsoleTestBase.sendTestTopicMessage(RocketMQConsoleTestBase.java:107)
	at org.apache.rocketmq.console.service.impl.TopicServiceImplTest.setUp(TopicServiceImplTest.java:57)
	at sun.reflect.NativeMethodAccessorImpl.invoke0(Native Method)
	at sun.reflect.NativeMethodAccessorImpl.invoke(NativeMethodAccessorImpl.java:57)
	at sun.reflect.DelegatingMethodAccessorImpl.invoke(DelegatingMethodAccessorImpl.java:43)
	at java.lang.reflect.Method.invoke(Method.java:606)
	at org.junit.runners.model.FrameworkMethod$1.runReflectiveCall(FrameworkMethod.java:50)
	at org.junit.internal.runners.model.ReflectiveCallable.run(ReflectiveCallable.java:12)
	at org.junit.runners.model.FrameworkMethod.invokeExplosively(FrameworkMethod.java:47)
	at org.junit.internal.runners.statements.RunBefores.evaluate(RunBefores.java:24)
	at org.springframework.test.context.junit4.statements.RunBeforeTestMethodCallbacks.evaluate(RunBeforeTestMethodCallbacks.java:75)
	at org.junit.internal.runners.statements.RunAfters.evaluate(RunAfters.java:27)
	at org.springframework.test.context.junit4.statements.RunAfterTestMethodCallbacks.evaluate(RunAfterTestMethodCallbacks.java:86)
	at org.springframework.test.context.junit4.statements.SpringRepeat.evaluate(SpringRepeat.java:84)
	at org.junit.runners.ParentRunner.runLeaf(ParentRunner.java:325)
	at org.springframework.test.context.junit4.SpringJUnit4ClassRunner.runChild(SpringJUnit4ClassRunner.java:252)
	at org.springframework.test.context.junit4.SpringJUnit4ClassRunner.runChild(SpringJUnit4ClassRunner.java:94)
	at org.junit.runners.ParentRunner$3.run(ParentRunner.java:290)
	at org.junit.runners.ParentRunner$1.schedule(ParentRunner.java:71)
	at org.junit.runners.ParentRunner.runChildren(ParentRunner.java:288)
	at org.junit.runners.ParentRunner.access$000(ParentRunner.java:58)
	at org.junit.runners.ParentRunner$2.evaluate(ParentRunner.java:268)
	at org.springframework.test.context.junit4.statements.RunBeforeTestClassCallbacks.evaluate(RunBeforeTestClassCallbacks.java:61)
	at org.springframework.test.context.junit4.statements.RunAfterTestClassCallbacks.evaluate(RunAfterTestClassCallbacks.java:70)
	at org.junit.runners.ParentRunner.run(ParentRunner.java:363)
	at org.springframework.test.context.junit4.SpringJUnit4ClassRunner.run(SpringJUnit4ClassRunner.java:191)
	at org.apache.maven.surefire.junit4.JUnit4Provider.execute(JUnit4Provider.java:367)
	at org.apache.maven.surefire.junit4.JUnit4Provider.executeWithRerun(JUnit4Provider.java:274)
	at org.apache.maven.surefire.junit4.JUnit4Provider.executeTestSet(JUnit4Provider.java:238)
	at org.apache.maven.surefire.junit4.JUnit4Provider.invoke(JUnit4Provider.java:161)
	at org.apache.maven.surefire.booter.ForkedBooter.invokeProviderInSameClassLoader(ForkedBooter.java:290)
	at org.apache.maven.surefire.booter.ForkedBooter.runSuitesInProcess(ForkedBooter.java:242)
	at org.apache.maven.surefire.booter.ForkedBooter.main(ForkedBooter.java:121)
[2018-03-14 12:07:57.483]  WARN Message [topic=TEST_CONSOLE_TOPIC, flag=0, properties={KEYS=TEST_TOPIC_KEY, WAIT=true, UNIQ_KEY=C0A859EB30A4011E1E6742F9F0DC001B}, body=11]
[2018-03-14 12:07:57.484]  WARN AllocateMappedFileService service has exception. so return null
[2018-03-14 12:07:57.485] ERROR create maped file1 error, topic: TEST_CONSOLE_TOPIC clientAddr: 127.0.0.1
[2018-03-14 12:07:57.486]  WARN sendKernelImpl exception, resend at once, InvokeID: -3177338433217057065, RT: 3ms, Broker: MessageQueue [topic=TEST_CONSOLE_TOPIC, brokerName=ConsoleTestBroker, queueId=3]
org.apache.rocketmq.client.exception.MQBrokerException: CODE: 1  DESC: create mapped file failed, server is busy or broken.
For more information, please visit the url, http://rocketmq.apache.org/docs/faq/
	at org.apache.rocketmq.client.impl.MQClientAPIImpl.processSendResponse(MQClientAPIImpl.java:531)
	at org.apache.rocketmq.client.impl.MQClientAPIImpl.sendMessageSync(MQClientAPIImpl.java:345)
	at org.apache.rocketmq.client.impl.MQClientAPIImpl.sendMessage(MQClientAPIImpl.java:327)
	at org.apache.rocketmq.client.impl.MQClientAPIImpl.sendMessage(MQClientAPIImpl.java:290)
	at org.apache.rocketmq.client.impl.producer.DefaultMQProducerImpl.sendKernelImpl(DefaultMQProducerImpl.java:688)
	at org.apache.rocketmq.client.impl.producer.DefaultMQProducerImpl.sendDefaultImpl(DefaultMQProducerImpl.java:458)
	at org.apache.rocketmq.client.impl.producer.DefaultMQProducerImpl.send(DefaultMQProducerImpl.java:1049)
	at org.apache.rocketmq.client.impl.producer.DefaultMQProducerImpl.send(DefaultMQProducerImpl.java:1008)
	at org.apache.rocketmq.client.producer.DefaultMQProducer.send(DefaultMQProducer.java:204)
	at org.apache.rocketmq.console.testbase.RocketMQConsoleTestBase.sendTestTopicMessage(RocketMQConsoleTestBase.java:107)
	at org.apache.rocketmq.console.service.impl.TopicServiceImplTest.setUp(TopicServiceImplTest.java:57)
	at sun.reflect.NativeMethodAccessorImpl.invoke0(Native Method)
	at sun.reflect.NativeMethodAccessorImpl.invoke(NativeMethodAccessorImpl.java:57)
	at sun.reflect.DelegatingMethodAccessorImpl.invoke(DelegatingMethodAccessorImpl.java:43)
	at java.lang.reflect.Method.invoke(Method.java:606)
	at org.junit.runners.model.FrameworkMethod$1.runReflectiveCall(FrameworkMethod.java:50)
	at org.junit.internal.runners.model.ReflectiveCallable.run(ReflectiveCallable.java:12)
	at org.junit.runners.model.FrameworkMethod.invokeExplosively(FrameworkMethod.java:47)
	at org.junit.internal.runners.statements.RunBefores.evaluate(RunBefores.java:24)
	at org.springframework.test.context.junit4.statements.RunBeforeTestMethodCallbacks.evaluate(RunBeforeTestMethodCallbacks.java:75)
	at org.junit.internal.runners.statements.RunAfters.evaluate(RunAfters.java:27)
	at org.springframework.test.context.junit4.statements.RunAfterTestMethodCallbacks.evaluate(RunAfterTestMethodCallbacks.java:86)
	at org.springframework.test.context.junit4.statements.SpringRepeat.evaluate(SpringRepeat.java:84)
	at org.junit.runners.ParentRunner.runLeaf(ParentRunner.java:325)
	at org.springframework.test.context.junit4.SpringJUnit4ClassRunner.runChild(SpringJUnit4ClassRunner.java:252)
	at org.springframework.test.context.junit4.SpringJUnit4ClassRunner.runChild(SpringJUnit4ClassRunner.java:94)
	at org.junit.runners.ParentRunner$3.run(ParentRunner.java:290)
	at org.junit.runners.ParentRunner$1.schedule(ParentRunner.java:71)
	at org.junit.runners.ParentRunner.runChildren(ParentRunner.java:288)
	at org.junit.runners.ParentRunner.access$000(ParentRunner.java:58)
	at org.junit.runners.ParentRunner$2.evaluate(ParentRunner.java:268)
	at org.springframework.test.context.junit4.statements.RunBeforeTestClassCallbacks.evaluate(RunBeforeTestClassCallbacks.java:61)
	at org.springframework.test.context.junit4.statements.RunAfterTestClassCallbacks.evaluate(RunAfterTestClassCallbacks.java:70)
	at org.junit.runners.ParentRunner.run(ParentRunner.java:363)
	at org.springframework.test.context.junit4.SpringJUnit4ClassRunner.run(SpringJUnit4ClassRunner.java:191)
	at org.apache.maven.surefire.junit4.JUnit4Provider.execute(JUnit4Provider.java:367)
	at org.apache.maven.surefire.junit4.JUnit4Provider.executeWithRerun(JUnit4Provider.java:274)
	at org.apache.maven.surefire.junit4.JUnit4Provider.executeTestSet(JUnit4Provider.java:238)
	at org.apache.maven.surefire.junit4.JUnit4Provider.invoke(JUnit4Provider.java:161)
	at org.apache.maven.surefire.booter.ForkedBooter.invokeProviderInSameClassLoader(ForkedBooter.java:290)
	at org.apache.maven.surefire.booter.ForkedBooter.runSuitesInProcess(ForkedBooter.java:242)
	at org.apache.maven.surefire.booter.ForkedBooter.main(ForkedBooter.java:121)
[2018-03-14 12:07:57.486]  WARN Message [topic=TEST_CONSOLE_TOPIC, flag=0, properties={KEYS=TEST_TOPIC_KEY, WAIT=true, UNIQ_KEY=C0A859EB30A4011E1E6742F9F0DC001B}, body=11]
[2018-03-14 12:07:57.582] ERROR map file C:\Users\Administrator\rocketmq-console-test\20180314120653\commitlog\00000000000000000000 Failed. 
java.io.IOException: Map failed
	at sun.nio.ch.FileChannelImpl.map(FileChannelImpl.java:888)
	at org.apache.rocketmq.store.MappedFile.init(MappedFile.java:160)
	at org.apache.rocketmq.store.MappedFile.<init>(MappedFile.java:71)
	at org.apache.rocketmq.store.AllocateMappedFileService.mmapOperation(AllocateMappedFileService.java:182)
	at org.apache.rocketmq.store.AllocateMappedFileService.run(AllocateMappedFileService.java:143)
	at java.lang.Thread.run(Thread.java:745)
Caused by: java.lang.OutOfMemoryError: Map failed
	at sun.nio.ch.FileChannelImpl.map0(Native Method)
	at sun.nio.ch.FileChannelImpl.map(FileChannelImpl.java:885)
	... 5 common frames omitted
[2018-03-14 12:07:57.582]  WARN AllocateMappedFileService service has exception. 
java.io.IOException: Map failed
	at sun.nio.ch.FileChannelImpl.map(FileChannelImpl.java:888)
	at org.apache.rocketmq.store.MappedFile.init(MappedFile.java:160)
	at org.apache.rocketmq.store.MappedFile.<init>(MappedFile.java:71)
	at org.apache.rocketmq.store.AllocateMappedFileService.mmapOperation(AllocateMappedFileService.java:182)
	at org.apache.rocketmq.store.AllocateMappedFileService.run(AllocateMappedFileService.java:143)
	at java.lang.Thread.run(Thread.java:745)
Caused by: java.lang.OutOfMemoryError: Map failed
	at sun.nio.ch.FileChannelImpl.map0(Native Method)
	at sun.nio.ch.FileChannelImpl.map(FileChannelImpl.java:885)
	... 5 common frames omitted
[2018-03-14 12:07:57.799] ERROR map file C:\Users\Administrator\rocketmq-console-test\20180314120653\commitlog\00000000000000000000 Failed. 
java.io.IOException: Map failed
	at sun.nio.ch.FileChannelImpl.map(FileChannelImpl.java:888)
	at org.apache.rocketmq.store.MappedFile.init(MappedFile.java:160)
	at org.apache.rocketmq.store.MappedFile.<init>(MappedFile.java:71)
	at org.apache.rocketmq.store.AllocateMappedFileService.mmapOperation(AllocateMappedFileService.java:182)
	at org.apache.rocketmq.store.AllocateMappedFileService.run(AllocateMappedFileService.java:143)
	at java.lang.Thread.run(Thread.java:745)
Caused by: java.lang.OutOfMemoryError: Map failed
	at sun.nio.ch.FileChannelImpl.map0(Native Method)
	at sun.nio.ch.FileChannelImpl.map(FileChannelImpl.java:885)
	... 5 common frames omitted
[2018-03-14 12:07:57.799]  WARN AllocateMappedFileService service has exception. 
java.io.IOException: Map failed
	at sun.nio.ch.FileChannelImpl.map(FileChannelImpl.java:888)
	at org.apache.rocketmq.store.MappedFile.init(MappedFile.java:160)
	at org.apache.rocketmq.store.MappedFile.<init>(MappedFile.java:71)
	at org.apache.rocketmq.store.AllocateMappedFileService.mmapOperation(AllocateMappedFileService.java:182)
	at org.apache.rocketmq.store.AllocateMappedFileService.run(AllocateMappedFileService.java:143)
	at java.lang.Thread.run(Thread.java:745)
Caused by: java.lang.OutOfMemoryError: Map failed
	at sun.nio.ch.FileChannelImpl.map0(Native Method)
	at sun.nio.ch.FileChannelImpl.map(FileChannelImpl.java:885)
	... 5 common frames omitted
]]></system-out>
  </testcase>
</testsuite>