<?xml version="1.0" encoding="UTF-8"?>
<testsuite xmlns:xsi="http://www.w3.org/2001/XMLSchema-instance" xsi:schemaLocation="https://maven.apache.org/surefire/maven-surefire-plugin/xsd/surefire-test-report.xsd" name="org.apache.rocketmq.console.service.impl.MessageServiceImplTest" time="41.402" tests="5" errors="5" skipped="0" failures="0">
  <properties>
    <property name="java.runtime.name" value="Java(TM) SE Runtime Environment"/>
    <property name="sun.boot.library.path" value="C:\Program Files (x86)\Java\jdk1.7.0_67\jre\bin"/>
    <property name="java.vm.version" value="24.65-b04"/>
    <property name="java.vm.vendor" value="Oracle Corporation"/>
    <property name="maven.multiModuleProjectDirectory" value="E:\rocketmq-externals\rocketmq-console"/>
    <property name="java.vendor.url" value="http://java.oracle.com/"/>
    <property name="path.separator" value=";"/>
    <property name="guice.disable.misplaced.annotation.check" value="true"/>
    <property name="java.vm.name" value="Java HotSpot(TM) Client VM"/>
    <property name="file.encoding.pkg" value="sun.io"/>
    <property name="user.script" value=""/>
    <property name="user.country" value="CN"/>
    <property name="sun.java.launcher" value="SUN_STANDARD"/>
    <property name="sun.os.patch.level" value="Service Pack 1"/>
    <property name="java.vm.specification.name" value="Java Virtual Machine Specification"/>
    <property name="user.dir" value="E:\rocketmq-externals\rocketmq-console"/>
    <property name="java.runtime.version" value="1.7.0_67-b01"/>
    <property name="java.awt.graphicsenv" value="sun.awt.Win32GraphicsEnvironment"/>
    <property name="java.endorsed.dirs" value="C:\Program Files (x86)\Java\jdk1.7.0_67\jre\lib\endorsed"/>
    <property name="os.arch" value="x86"/>
    <property name="java.io.tmpdir" value="C:\Users\ADMINI~1\AppData\Local\Temp\"/>
    <property name="line.separator" value="&#10;"/>
    <property name="java.vm.specification.vendor" value="Oracle Corporation"/>
    <property name="user.variant" value=""/>
    <property name="os.name" value="Windows 7"/>
    <property name="classworlds.conf" value="E:\Tools\apache-maven-3.3.3-bin\bin\..\bin\m2.conf"/>
    <property name="sun.jnu.encoding" value="GBK"/>
    <property name="java.library.path" value="C:\Program Files (x86)\Java\jdk1.7.0_67\bin;C:\Windows\Sun\Java\bin;C:\Windows\system32;C:\Windows;D:\oracle\product\10.2.0\client_1;C:\ProgramData\Oracle\Java\javapath;C:\Windows\system32;C:\Windows;C:\Windows\System32\Wbem;C:\Windows\System32\WindowsPowerShell\v1.0\;C:\Program Files (x86)\AMD\ATI.ACE\Core-Static;C:\Program Files (x86)\NVIDIA Corporation\PhysX\Common;D:\Git\cmd;C:\Program Files (x86)\Java\jdk1.7.0_67\bin;E:\Tools\apache-maven-3.3.3-bin\bin;;."/>
    <property name="java.specification.name" value="Java Platform API Specification"/>
    <property name="java.class.version" value="51.0"/>
    <property name="sun.management.compiler" value="HotSpot Client Compiler"/>
    <property name="os.version" value="6.1"/>
    <property name="user.home" value="C:\Users\Administrator"/>
    <property name="user.timezone" value="Asia/Shanghai"/>
    <property name="java.awt.printerjob" value="sun.awt.windows.WPrinterJob"/>
    <property name="java.specification.version" value="1.7"/>
    <property name="file.encoding" value="GBK"/>
    <property name="user.name" value="Administrator"/>
    <property name="java.class.path" value="E:\Tools\apache-maven-3.3.3-bin\bin\..\boot\plexus-classworlds-2.5.2.jar"/>
    <property name="java.vm.specification.version" value="1.7"/>
    <property name="sun.arch.data.model" value="32"/>
    <property name="java.home" value="C:\Program Files (x86)\Java\jdk1.7.0_67\jre"/>
    <property name="sun.java.command" value="org.codehaus.plexus.classworlds.launcher.Launcher package"/>
    <property name="java.specification.vendor" value="Oracle Corporation"/>
    <property name="user.language" value="zh"/>
    <property name="awt.toolkit" value="sun.awt.windows.WToolkit"/>
    <property name="java.vm.info" value="mixed mode, sharing"/>
    <property name="java.version" value="1.7.0_67"/>
    <property name="java.ext.dirs" value="C:\Program Files (x86)\Java\jdk1.7.0_67\jre\lib\ext;C:\Windows\Sun\Java\lib\ext"/>
    <property name="sun.boot.class.path" value="C:\Program Files (x86)\Java\jdk1.7.0_67\jre\lib\resources.jar;C:\Program Files (x86)\Java\jdk1.7.0_67\jre\lib\rt.jar;C:\Program Files (x86)\Java\jdk1.7.0_67\jre\lib\sunrsasign.jar;C:\Program Files (x86)\Java\jdk1.7.0_67\jre\lib\jsse.jar;C:\Program Files (x86)\Java\jdk1.7.0_67\jre\lib\jce.jar;C:\Program Files (x86)\Java\jdk1.7.0_67\jre\lib\charsets.jar;C:\Program Files (x86)\Java\jdk1.7.0_67\jre\lib\jfr.jar;C:\Program Files (x86)\Java\jdk1.7.0_67\jre\classes"/>
    <property name="java.vendor" value="Oracle Corporation"/>
    <property name="maven.home" value="E:\Tools\apache-maven-3.3.3-bin\bin\.."/>
    <property name="file.separator" value="\"/>
    <property name="java.vendor.url.bug" value="http://bugreport.sun.com/bugreport/"/>
    <property name="sun.cpu.endian" value="little"/>
    <property name="sun.io.unicode.encoding" value="UnicodeLittle"/>
    <property name="sun.desktop" value="windows"/>
    <property name="sun.cpu.isalist" value="pentium_pro+mmx pentium_pro pentium+mmx pentium i486 i386 i86"/>
  </properties>
  <testcase name="consumeMessageDirectly" classname="org.apache.rocketmq.console.service.impl.MessageServiceImplTest" time="7.288">
    <error message="send message error" type="java.lang.RuntimeException">java.lang.RuntimeException: send message error
	at org.apache.rocketmq.console.service.impl.MessageServiceImplTest.setUp(MessageServiceImplTest.java:56)
</error>
    <system-out><![CDATA[[2018-03-14 12:05:23.159]  WARN AllocateMappedFileService interrupted, possibly by shutdown.

  .   ____          _            __ _ _
 /\\ / ___'_ __ _ _(_)_ __  __ _ \ \ \ \
( ( )\___ | '_ | '_| | '_ \/ _` | \ \ \ \
 \\/  ___)| |_)| | | | | || (_| |  ) ) ) )
  '  |____| .__|_| |_|_| |_\__, | / / / /
 =========|_|==============|___/=/_/_/_/
 :: Spring Boot ::        (v1.4.3.RELEASE)

[2018-03-14 12:05:30.802]  WARN get Topic [TEST_CONSOLE_TOPIC] RouteInfoFromNameServer is not exist value
[2018-03-14 12:05:30.802]  WARN updateTopicRouteInfoFromNameServer Exception
org.apache.rocketmq.client.exception.MQClientException: CODE: 17  DESC: No topic route info in name server for the topic: TEST_CONSOLE_TOPIC
See http://rocketmq.apache.org/docs/faq/ for further details.
	at org.apache.rocketmq.client.impl.MQClientAPIImpl.getTopicRouteInfoFromNameServer(MQClientAPIImpl.java:1212)
	at org.apache.rocketmq.client.impl.factory.MQClientInstance.updateTopicRouteInfoFromNameServer(MQClientInstance.java:555)
	at org.apache.rocketmq.client.impl.factory.MQClientInstance.updateTopicRouteInfoFromNameServer(MQClientInstance.java:449)
	at org.apache.rocketmq.client.impl.consumer.DefaultMQPushConsumerImpl.updateTopicSubscribeInfoWhenSubscriptionChanged(DefaultMQPushConsumerImpl.java:802)
	at org.apache.rocketmq.client.impl.consumer.DefaultMQPushConsumerImpl.start(DefaultMQPushConsumerImpl.java:617)
	at org.apache.rocketmq.client.consumer.DefaultMQPushConsumer.start(DefaultMQPushConsumer.java:456)
	at org.apache.rocketmq.console.testbase.RocketMQConsoleTestBase.startTestMQConsumer(RocketMQConsoleTestBase.java:137)
	at org.apache.rocketmq.console.testbase.RocketMQConsoleTestBase.initMQClientEnv(RocketMQConsoleTestBase.java:156)
	at org.apache.rocketmq.console.service.impl.MessageServiceImplTest.setUp(MessageServiceImplTest.java:54)
	at sun.reflect.NativeMethodAccessorImpl.invoke0(Native Method)
	at sun.reflect.NativeMethodAccessorImpl.invoke(NativeMethodAccessorImpl.java:57)
	at sun.reflect.DelegatingMethodAccessorImpl.invoke(DelegatingMethodAccessorImpl.java:43)
	at java.lang.reflect.Method.invoke(Method.java:606)
	at org.junit.runners.model.FrameworkMethod$1.runReflectiveCall(FrameworkMethod.java:50)
	at org.junit.internal.runners.model.ReflectiveCallable.run(ReflectiveCallable.java:12)
	at org.junit.runners.model.FrameworkMethod.invokeExplosively(FrameworkMethod.java:47)
	at org.junit.internal.runners.statements.RunBefores.evaluate(RunBefores.java:24)
	at org.springframework.test.context.junit4.statements.RunBeforeTestMethodCallbacks.evaluate(RunBeforeTestMethodCallbacks.java:75)
	at org.junit.internal.runners.statements.RunAfters.evaluate(RunAfters.java:27)
	at org.springframework.test.context.junit4.statements.RunAfterTestMethodCallbacks.evaluate(RunAfterTestMethodCallbacks.java:86)
	at org.springframework.test.context.junit4.statements.SpringRepeat.evaluate(SpringRepeat.java:84)
	at org.junit.runners.ParentRunner.runLeaf(ParentRunner.java:325)
	at org.springframework.test.context.junit4.SpringJUnit4ClassRunner.runChild(SpringJUnit4ClassRunner.java:252)
	at org.springframework.test.context.junit4.SpringJUnit4ClassRunner.runChild(SpringJUnit4ClassRunner.java:94)
	at org.junit.runners.ParentRunner$3.run(ParentRunner.java:290)
	at org.junit.runners.ParentRunner$1.schedule(ParentRunner.java:71)
	at org.junit.runners.ParentRunner.runChildren(ParentRunner.java:288)
	at org.junit.runners.ParentRunner.access$000(ParentRunner.java:58)
	at org.junit.runners.ParentRunner$2.evaluate(ParentRunner.java:268)
	at org.springframework.test.context.junit4.statements.RunBeforeTestClassCallbacks.evaluate(RunBeforeTestClassCallbacks.java:61)
	at org.springframework.test.context.junit4.statements.RunAfterTestClassCallbacks.evaluate(RunAfterTestClassCallbacks.java:70)
	at org.junit.runners.ParentRunner.run(ParentRunner.java:363)
	at org.springframework.test.context.junit4.SpringJUnit4ClassRunner.run(SpringJUnit4ClassRunner.java:191)
	at org.apache.maven.surefire.junit4.JUnit4Provider.execute(JUnit4Provider.java:367)
	at org.apache.maven.surefire.junit4.JUnit4Provider.executeWithRerun(JUnit4Provider.java:274)
	at org.apache.maven.surefire.junit4.JUnit4Provider.executeTestSet(JUnit4Provider.java:238)
	at org.apache.maven.surefire.junit4.JUnit4Provider.invoke(JUnit4Provider.java:161)
	at org.apache.maven.surefire.booter.ForkedBooter.invokeProviderInSameClassLoader(ForkedBooter.java:290)
	at org.apache.maven.surefire.booter.ForkedBooter.runSuitesInProcess(ForkedBooter.java:242)
	at org.apache.maven.surefire.booter.ForkedBooter.main(ForkedBooter.java:121)
[2018-03-14 12:05:30.804]  WARN get Topic [%RETRY%CONSOLE_TEST_CONSUMER_GROUP] RouteInfoFromNameServer is not exist value
[2018-03-14 12:05:30.824]  WARN get Topic [TEST_CONSOLE_TOPIC] RouteInfoFromNameServer is not exist value
[2018-03-14 12:05:30.825]  WARN updateTopicRouteInfoFromNameServer Exception
org.apache.rocketmq.client.exception.MQClientException: CODE: 17  DESC: No topic route info in name server for the topic: TEST_CONSOLE_TOPIC
See http://rocketmq.apache.org/docs/faq/ for further details.
	at org.apache.rocketmq.client.impl.MQClientAPIImpl.getTopicRouteInfoFromNameServer(MQClientAPIImpl.java:1212)
	at org.apache.rocketmq.client.impl.factory.MQClientInstance.updateTopicRouteInfoFromNameServer(MQClientInstance.java:555)
	at org.apache.rocketmq.client.impl.factory.MQClientInstance.updateTopicRouteInfoFromNameServer(MQClientInstance.java:449)
	at org.apache.rocketmq.client.impl.factory.MQClientInstance.findConsumerIdList(MQClientInstance.java:990)
	at org.apache.rocketmq.client.impl.consumer.RebalanceImpl.rebalanceByTopic(RebalanceImpl.java:260)
	at org.apache.rocketmq.client.impl.consumer.RebalanceImpl.doRebalance(RebalanceImpl.java:223)
	at org.apache.rocketmq.client.impl.consumer.DefaultMQPushConsumerImpl.doRebalance(DefaultMQPushConsumerImpl.java:925)
	at org.apache.rocketmq.client.impl.factory.MQClientInstance.doRebalance(MQClientInstance.java:900)
	at org.apache.rocketmq.client.impl.consumer.RebalanceService.run(RebalanceService.java:44)
	at java.lang.Thread.run(Thread.java:745)
[2018-03-14 12:05:30.825]  WARN doRebalance, CONSOLE_TEST_CONSUMER_GROUP, but the topic[TEST_CONSOLE_TOPIC] not exist.
[2018-03-14 12:05:30.825]  WARN doRebalance, CONSOLE_TEST_CONSUMER_GROUP TEST_CONSOLE_TOPIC, get consumer id list failed
[2018-03-14 12:05:30.828]  WARN get Topic [TEST_CONSOLE_TOPIC] RouteInfoFromNameServer is not exist value
[2018-03-14 12:05:30.828]  WARN updateTopicRouteInfoFromNameServer Exception
org.apache.rocketmq.client.exception.MQClientException: CODE: 17  DESC: No topic route info in name server for the topic: TEST_CONSOLE_TOPIC
See http://rocketmq.apache.org/docs/faq/ for further details.
	at org.apache.rocketmq.client.impl.MQClientAPIImpl.getTopicRouteInfoFromNameServer(MQClientAPIImpl.java:1212)
	at org.apache.rocketmq.client.impl.factory.MQClientInstance.updateTopicRouteInfoFromNameServer(MQClientInstance.java:555)
	at org.apache.rocketmq.client.impl.factory.MQClientInstance.updateTopicRouteInfoFromNameServer(MQClientInstance.java:449)
	at org.apache.rocketmq.client.impl.factory.MQClientInstance.updateTopicRouteInfoFromNameServer(MQClientInstance.java:356)
	at org.apache.rocketmq.client.impl.factory.MQClientInstance$3.run(MQClientInstance.java:273)
	at java.util.concurrent.Executors$RunnableAdapter.call(Executors.java:471)
	at java.util.concurrent.FutureTask.runAndReset(FutureTask.java:304)
	at java.util.concurrent.ScheduledThreadPoolExecutor$ScheduledFutureTask.access$301(ScheduledThreadPoolExecutor.java:178)
	at java.util.concurrent.ScheduledThreadPoolExecutor$ScheduledFutureTask.run(ScheduledThreadPoolExecutor.java:293)
	at java.util.concurrent.ThreadPoolExecutor.runWorker(ThreadPoolExecutor.java:1145)
	at java.util.concurrent.ThreadPoolExecutor$Worker.run(ThreadPoolExecutor.java:615)
	at java.lang.Thread.run(Thread.java:745)
[2018-03-14 12:05:30.834]  WARN get Topic [%RETRY%CONSOLE_TEST_CONSUMER_GROUP] RouteInfoFromNameServer is not exist value
[2018-03-14 12:05:30.838]  WARN get Topic [%RETRY%CONSOLE_TEST_CONSUMER_GROUP] RouteInfoFromNameServer is not exist value
[2018-03-14 12:05:30.838]  WARN doRebalance, CONSOLE_TEST_CONSUMER_GROUP %RETRY%CONSOLE_TEST_CONSUMER_GROUP, get consumer id list failed
[2018-03-14 12:05:31.652]  WARN get Topic [TEST_CONSOLE_TOPIC] RouteInfoFromNameServer is not exist value
[2018-03-14 12:05:31.652]  WARN updateTopicRouteInfoFromNameServer Exception
org.apache.rocketmq.client.exception.MQClientException: CODE: 17  DESC: No topic route info in name server for the topic: TEST_CONSOLE_TOPIC
See http://rocketmq.apache.org/docs/faq/ for further details.
	at org.apache.rocketmq.client.impl.MQClientAPIImpl.getTopicRouteInfoFromNameServer(MQClientAPIImpl.java:1212)
	at org.apache.rocketmq.client.impl.factory.MQClientInstance.updateTopicRouteInfoFromNameServer(MQClientInstance.java:555)
	at org.apache.rocketmq.client.impl.factory.MQClientInstance.updateTopicRouteInfoFromNameServer(MQClientInstance.java:449)
	at org.apache.rocketmq.client.impl.producer.DefaultMQProducerImpl.tryToFindTopicPublishInfo(DefaultMQProducerImpl.java:567)
	at org.apache.rocketmq.client.impl.producer.DefaultMQProducerImpl.sendDefaultImpl(DefaultMQProducerImpl.java:442)
	at org.apache.rocketmq.client.impl.producer.DefaultMQProducerImpl.send(DefaultMQProducerImpl.java:1049)
	at org.apache.rocketmq.client.impl.producer.DefaultMQProducerImpl.send(DefaultMQProducerImpl.java:1008)
	at org.apache.rocketmq.client.producer.DefaultMQProducer.send(DefaultMQProducer.java:204)
	at org.apache.rocketmq.console.testbase.RocketMQConsoleTestBase.sendTestTopicMessage(RocketMQConsoleTestBase.java:107)
	at org.apache.rocketmq.console.service.impl.MessageServiceImplTest.setUp(MessageServiceImplTest.java:56)
	at sun.reflect.NativeMethodAccessorImpl.invoke0(Native Method)
	at sun.reflect.NativeMethodAccessorImpl.invoke(NativeMethodAccessorImpl.java:57)
	at sun.reflect.DelegatingMethodAccessorImpl.invoke(DelegatingMethodAccessorImpl.java:43)
	at java.lang.reflect.Method.invoke(Method.java:606)
	at org.junit.runners.model.FrameworkMethod$1.runReflectiveCall(FrameworkMethod.java:50)
	at org.junit.internal.runners.model.ReflectiveCallable.run(ReflectiveCallable.java:12)
	at org.junit.runners.model.FrameworkMethod.invokeExplosively(FrameworkMethod.java:47)
	at org.junit.internal.runners.statements.RunBefores.evaluate(RunBefores.java:24)
	at org.springframework.test.context.junit4.statements.RunBeforeTestMethodCallbacks.evaluate(RunBeforeTestMethodCallbacks.java:75)
	at org.junit.internal.runners.statements.RunAfters.evaluate(RunAfters.java:27)
	at org.springframework.test.context.junit4.statements.RunAfterTestMethodCallbacks.evaluate(RunAfterTestMethodCallbacks.java:86)
	at org.springframework.test.context.junit4.statements.SpringRepeat.evaluate(SpringRepeat.java:84)
	at org.junit.runners.ParentRunner.runLeaf(ParentRunner.java:325)
	at org.springframework.test.context.junit4.SpringJUnit4ClassRunner.runChild(SpringJUnit4ClassRunner.java:252)
	at org.springframework.test.context.junit4.SpringJUnit4ClassRunner.runChild(SpringJUnit4ClassRunner.java:94)
	at org.junit.runners.ParentRunner$3.run(ParentRunner.java:290)
	at org.junit.runners.ParentRunner$1.schedule(ParentRunner.java:71)
	at org.junit.runners.ParentRunner.runChildren(ParentRunner.java:288)
	at org.junit.runners.ParentRunner.access$000(ParentRunner.java:58)
	at org.junit.runners.ParentRunner$2.evaluate(ParentRunner.java:268)
	at org.springframework.test.context.junit4.statements.RunBeforeTestClassCallbacks.evaluate(RunBeforeTestClassCallbacks.java:61)
	at org.springframework.test.context.junit4.statements.RunAfterTestClassCallbacks.evaluate(RunAfterTestClassCallbacks.java:70)
	at org.junit.runners.ParentRunner.run(ParentRunner.java:363)
	at org.springframework.test.context.junit4.SpringJUnit4ClassRunner.run(SpringJUnit4ClassRunner.java:191)
	at org.apache.maven.surefire.junit4.JUnit4Provider.execute(JUnit4Provider.java:367)
	at org.apache.maven.surefire.junit4.JUnit4Provider.executeWithRerun(JUnit4Provider.java:274)
	at org.apache.maven.surefire.junit4.JUnit4Provider.executeTestSet(JUnit4Provider.java:238)
	at org.apache.maven.surefire.junit4.JUnit4Provider.invoke(JUnit4Provider.java:161)
	at org.apache.maven.surefire.booter.ForkedBooter.invokeProviderInSameClassLoader(ForkedBooter.java:290)
	at org.apache.maven.surefire.booter.ForkedBooter.runSuitesInProcess(ForkedBooter.java:242)
	at org.apache.maven.surefire.booter.ForkedBooter.main(ForkedBooter.java:121)
[2018-03-14 12:05:31.821]  WARN doRebalance, CONSOLE_TEST_CONSUMER_GROUP, but the topic[TEST_CONSOLE_TOPIC] not exist.
[2018-03-14 12:05:31.910] ERROR map file C:\Users\Administrator\rocketmq-console-test\20180314120526\commitlog\00000000000000000000 Failed. 
java.io.IOException: Map failed
	at sun.nio.ch.FileChannelImpl.map(FileChannelImpl.java:888)
	at org.apache.rocketmq.store.MappedFile.init(MappedFile.java:160)
	at org.apache.rocketmq.store.MappedFile.<init>(MappedFile.java:71)
	at org.apache.rocketmq.store.AllocateMappedFileService.mmapOperation(AllocateMappedFileService.java:182)
	at org.apache.rocketmq.store.AllocateMappedFileService.run(AllocateMappedFileService.java:143)
	at java.lang.Thread.run(Thread.java:745)
Caused by: java.lang.OutOfMemoryError: Map failed
	at sun.nio.ch.FileChannelImpl.map0(Native Method)
	at sun.nio.ch.FileChannelImpl.map(FileChannelImpl.java:885)
	... 5 common frames omitted
[2018-03-14 12:05:31.911]  WARN AllocateMappedFileService service has exception. 
java.io.IOException: Map failed
	at sun.nio.ch.FileChannelImpl.map(FileChannelImpl.java:888)
	at org.apache.rocketmq.store.MappedFile.init(MappedFile.java:160)
	at org.apache.rocketmq.store.MappedFile.<init>(MappedFile.java:71)
	at org.apache.rocketmq.store.AllocateMappedFileService.mmapOperation(AllocateMappedFileService.java:182)
	at org.apache.rocketmq.store.AllocateMappedFileService.run(AllocateMappedFileService.java:143)
	at java.lang.Thread.run(Thread.java:745)
Caused by: java.lang.OutOfMemoryError: Map failed
	at sun.nio.ch.FileChannelImpl.map0(Native Method)
	at sun.nio.ch.FileChannelImpl.map(FileChannelImpl.java:885)
	... 5 common frames omitted
[2018-03-14 12:05:32.124] ERROR map file C:\Users\Administrator\rocketmq-console-test\20180314120526\commitlog\00000000000000000000 Failed. 
java.io.IOException: Map failed
	at sun.nio.ch.FileChannelImpl.map(FileChannelImpl.java:888)
	at org.apache.rocketmq.store.MappedFile.init(MappedFile.java:160)
	at org.apache.rocketmq.store.MappedFile.<init>(MappedFile.java:71)
	at org.apache.rocketmq.store.AllocateMappedFileService.mmapOperation(AllocateMappedFileService.java:182)
	at org.apache.rocketmq.store.AllocateMappedFileService.run(AllocateMappedFileService.java:143)
	at java.lang.Thread.run(Thread.java:745)
Caused by: java.lang.OutOfMemoryError: Map failed
	at sun.nio.ch.FileChannelImpl.map0(Native Method)
	at sun.nio.ch.FileChannelImpl.map(FileChannelImpl.java:885)
	... 5 common frames omitted
[2018-03-14 12:05:32.124]  WARN AllocateMappedFileService service has exception. 
java.io.IOException: Map failed
	at sun.nio.ch.FileChannelImpl.map(FileChannelImpl.java:888)
	at org.apache.rocketmq.store.MappedFile.init(MappedFile.java:160)
	at org.apache.rocketmq.store.MappedFile.<init>(MappedFile.java:71)
	at org.apache.rocketmq.store.AllocateMappedFileService.mmapOperation(AllocateMappedFileService.java:182)
	at org.apache.rocketmq.store.AllocateMappedFileService.run(AllocateMappedFileService.java:143)
	at java.lang.Thread.run(Thread.java:745)
Caused by: java.lang.OutOfMemoryError: Map failed
	at sun.nio.ch.FileChannelImpl.map0(Native Method)
	at sun.nio.ch.FileChannelImpl.map(FileChannelImpl.java:885)
	... 5 common frames omitted
[2018-03-14 12:05:32.334] ERROR map file C:\Users\Administrator\rocketmq-console-test\20180314120526\commitlog\00000000000000000000 Failed. 
java.io.IOException: Map failed
	at sun.nio.ch.FileChannelImpl.map(FileChannelImpl.java:888)
	at org.apache.rocketmq.store.MappedFile.init(MappedFile.java:160)
	at org.apache.rocketmq.store.MappedFile.<init>(MappedFile.java:71)
	at org.apache.rocketmq.store.AllocateMappedFileService.mmapOperation(AllocateMappedFileService.java:182)
	at org.apache.rocketmq.store.AllocateMappedFileService.run(AllocateMappedFileService.java:143)
	at java.lang.Thread.run(Thread.java:745)
Caused by: java.lang.OutOfMemoryError: Map failed
	at sun.nio.ch.FileChannelImpl.map0(Native Method)
	at sun.nio.ch.FileChannelImpl.map(FileChannelImpl.java:885)
	... 5 common frames omitted
[2018-03-14 12:05:32.334]  WARN AllocateMappedFileService service has exception. 
java.io.IOException: Map failed
	at sun.nio.ch.FileChannelImpl.map(FileChannelImpl.java:888)
	at org.apache.rocketmq.store.MappedFile.init(MappedFile.java:160)
	at org.apache.rocketmq.store.MappedFile.<init>(MappedFile.java:71)
	at org.apache.rocketmq.store.AllocateMappedFileService.mmapOperation(AllocateMappedFileService.java:182)
	at org.apache.rocketmq.store.AllocateMappedFileService.run(AllocateMappedFileService.java:143)
	at java.lang.Thread.run(Thread.java:745)
Caused by: java.lang.OutOfMemoryError: Map failed
	at sun.nio.ch.FileChannelImpl.map0(Native Method)
	at sun.nio.ch.FileChannelImpl.map(FileChannelImpl.java:885)
	... 5 common frames omitted
[2018-03-14 12:05:32.544] ERROR map file C:\Users\Administrator\rocketmq-console-test\20180314120526\commitlog\00000000000000000000 Failed. 
java.io.IOException: Map failed
	at sun.nio.ch.FileChannelImpl.map(FileChannelImpl.java:888)
	at org.apache.rocketmq.store.MappedFile.init(MappedFile.java:160)
	at org.apache.rocketmq.store.MappedFile.<init>(MappedFile.java:71)
	at org.apache.rocketmq.store.AllocateMappedFileService.mmapOperation(AllocateMappedFileService.java:182)
	at org.apache.rocketmq.store.AllocateMappedFileService.run(AllocateMappedFileService.java:143)
	at java.lang.Thread.run(Thread.java:745)
Caused by: java.lang.OutOfMemoryError: Map failed
	at sun.nio.ch.FileChannelImpl.map0(Native Method)
	at sun.nio.ch.FileChannelImpl.map(FileChannelImpl.java:885)
	... 5 common frames omitted
[2018-03-14 12:05:32.545]  WARN AllocateMappedFileService service has exception. 
java.io.IOException: Map failed
	at sun.nio.ch.FileChannelImpl.map(FileChannelImpl.java:888)
	at org.apache.rocketmq.store.MappedFile.init(MappedFile.java:160)
	at org.apache.rocketmq.store.MappedFile.<init>(MappedFile.java:71)
	at org.apache.rocketmq.store.AllocateMappedFileService.mmapOperation(AllocateMappedFileService.java:182)
	at org.apache.rocketmq.store.AllocateMappedFileService.run(AllocateMappedFileService.java:143)
	at java.lang.Thread.run(Thread.java:745)
Caused by: java.lang.OutOfMemoryError: Map failed
	at sun.nio.ch.FileChannelImpl.map0(Native Method)
	at sun.nio.ch.FileChannelImpl.map(FileChannelImpl.java:885)
	... 5 common frames omitted
[2018-03-14 12:05:32.760] ERROR map file C:\Users\Administrator\rocketmq-console-test\20180314120526\commitlog\00000000000000000000 Failed. 
java.io.IOException: Map failed
	at sun.nio.ch.FileChannelImpl.map(FileChannelImpl.java:888)
	at org.apache.rocketmq.store.MappedFile.init(MappedFile.java:160)
	at org.apache.rocketmq.store.MappedFile.<init>(MappedFile.java:71)
	at org.apache.rocketmq.store.AllocateMappedFileService.mmapOperation(AllocateMappedFileService.java:182)
	at org.apache.rocketmq.store.AllocateMappedFileService.run(AllocateMappedFileService.java:143)
	at java.lang.Thread.run(Thread.java:745)
Caused by: java.lang.OutOfMemoryError: Map failed
	at sun.nio.ch.FileChannelImpl.map0(Native Method)
	at sun.nio.ch.FileChannelImpl.map(FileChannelImpl.java:885)
	... 5 common frames omitted
[2018-03-14 12:05:32.761]  WARN AllocateMappedFileService service has exception. 
java.io.IOException: Map failed
	at sun.nio.ch.FileChannelImpl.map(FileChannelImpl.java:888)
	at org.apache.rocketmq.store.MappedFile.init(MappedFile.java:160)
	at org.apache.rocketmq.store.MappedFile.<init>(MappedFile.java:71)
	at org.apache.rocketmq.store.AllocateMappedFileService.mmapOperation(AllocateMappedFileService.java:182)
	at org.apache.rocketmq.store.AllocateMappedFileService.run(AllocateMappedFileService.java:143)
	at java.lang.Thread.run(Thread.java:745)
Caused by: java.lang.OutOfMemoryError: Map failed
	at sun.nio.ch.FileChannelImpl.map0(Native Method)
	at sun.nio.ch.FileChannelImpl.map(FileChannelImpl.java:885)
	... 5 common frames omitted
[2018-03-14 12:05:32.979] ERROR map file C:\Users\Administrator\rocketmq-console-test\20180314120526\commitlog\00000000000000000000 Failed. 
java.io.IOException: Map failed
	at sun.nio.ch.FileChannelImpl.map(FileChannelImpl.java:888)
	at org.apache.rocketmq.store.MappedFile.init(MappedFile.java:160)
	at org.apache.rocketmq.store.MappedFile.<init>(MappedFile.java:71)
	at org.apache.rocketmq.store.AllocateMappedFileService.mmapOperation(AllocateMappedFileService.java:182)
	at org.apache.rocketmq.store.AllocateMappedFileService.run(AllocateMappedFileService.java:143)
	at java.lang.Thread.run(Thread.java:745)
Caused by: java.lang.OutOfMemoryError: Map failed
	at sun.nio.ch.FileChannelImpl.map0(Native Method)
	at sun.nio.ch.FileChannelImpl.map(FileChannelImpl.java:885)
	... 5 common frames omitted
[2018-03-14 12:05:32.979]  WARN AllocateMappedFileService service has exception. 
java.io.IOException: Map failed
	at sun.nio.ch.FileChannelImpl.map(FileChannelImpl.java:888)
	at org.apache.rocketmq.store.MappedFile.init(MappedFile.java:160)
	at org.apache.rocketmq.store.MappedFile.<init>(MappedFile.java:71)
	at org.apache.rocketmq.store.AllocateMappedFileService.mmapOperation(AllocateMappedFileService.java:182)
	at org.apache.rocketmq.store.AllocateMappedFileService.run(AllocateMappedFileService.java:143)
	at java.lang.Thread.run(Thread.java:745)
Caused by: java.lang.OutOfMemoryError: Map failed
	at sun.nio.ch.FileChannelImpl.map0(Native Method)
	at sun.nio.ch.FileChannelImpl.map(FileChannelImpl.java:885)
	... 5 common frames omitted
[2018-03-14 12:05:33.191] ERROR map file C:\Users\Administrator\rocketmq-console-test\20180314120526\commitlog\00000000000000000000 Failed. 
java.io.IOException: Map failed
	at sun.nio.ch.FileChannelImpl.map(FileChannelImpl.java:888)
	at org.apache.rocketmq.store.MappedFile.init(MappedFile.java:160)
	at org.apache.rocketmq.store.MappedFile.<init>(MappedFile.java:71)
	at org.apache.rocketmq.store.AllocateMappedFileService.mmapOperation(AllocateMappedFileService.java:182)
	at org.apache.rocketmq.store.AllocateMappedFileService.run(AllocateMappedFileService.java:143)
	at java.lang.Thread.run(Thread.java:745)
Caused by: java.lang.OutOfMemoryError: Map failed
	at sun.nio.ch.FileChannelImpl.map0(Native Method)
	at sun.nio.ch.FileChannelImpl.map(FileChannelImpl.java:885)
	... 5 common frames omitted
[2018-03-14 12:05:33.191]  WARN AllocateMappedFileService service has exception. 
java.io.IOException: Map failed
	at sun.nio.ch.FileChannelImpl.map(FileChannelImpl.java:888)
	at org.apache.rocketmq.store.MappedFile.init(MappedFile.java:160)
	at org.apache.rocketmq.store.MappedFile.<init>(MappedFile.java:71)
	at org.apache.rocketmq.store.AllocateMappedFileService.mmapOperation(AllocateMappedFileService.java:182)
	at org.apache.rocketmq.store.AllocateMappedFileService.run(AllocateMappedFileService.java:143)
	at java.lang.Thread.run(Thread.java:745)
Caused by: java.lang.OutOfMemoryError: Map failed
	at sun.nio.ch.FileChannelImpl.map0(Native Method)
	at sun.nio.ch.FileChannelImpl.map(FileChannelImpl.java:885)
	... 5 common frames omitted
[2018-03-14 12:05:33.402] ERROR map file C:\Users\Administrator\rocketmq-console-test\20180314120526\commitlog\00000000000000000000 Failed. 
java.io.IOException: Map failed
	at sun.nio.ch.FileChannelImpl.map(FileChannelImpl.java:888)
	at org.apache.rocketmq.store.MappedFile.init(MappedFile.java:160)
	at org.apache.rocketmq.store.MappedFile.<init>(MappedFile.java:71)
	at org.apache.rocketmq.store.AllocateMappedFileService.mmapOperation(AllocateMappedFileService.java:182)
	at org.apache.rocketmq.store.AllocateMappedFileService.run(AllocateMappedFileService.java:143)
	at java.lang.Thread.run(Thread.java:745)
Caused by: java.lang.OutOfMemoryError: Map failed
	at sun.nio.ch.FileChannelImpl.map0(Native Method)
	at sun.nio.ch.FileChannelImpl.map(FileChannelImpl.java:885)
	... 5 common frames omitted
[2018-03-14 12:05:33.402]  WARN AllocateMappedFileService service has exception. 
java.io.IOException: Map failed
	at sun.nio.ch.FileChannelImpl.map(FileChannelImpl.java:888)
	at org.apache.rocketmq.store.MappedFile.init(MappedFile.java:160)
	at org.apache.rocketmq.store.MappedFile.<init>(MappedFile.java:71)
	at org.apache.rocketmq.store.AllocateMappedFileService.mmapOperation(AllocateMappedFileService.java:182)
	at org.apache.rocketmq.store.AllocateMappedFileService.run(AllocateMappedFileService.java:143)
	at java.lang.Thread.run(Thread.java:745)
Caused by: java.lang.OutOfMemoryError: Map failed
	at sun.nio.ch.FileChannelImpl.map0(Native Method)
	at sun.nio.ch.FileChannelImpl.map(FileChannelImpl.java:885)
	... 5 common frames omitted
[2018-03-14 12:05:33.620] ERROR map file C:\Users\Administrator\rocketmq-console-test\20180314120526\commitlog\00000000000000000000 Failed. 
java.io.IOException: Map failed
	at sun.nio.ch.FileChannelImpl.map(FileChannelImpl.java:888)
	at org.apache.rocketmq.store.MappedFile.init(MappedFile.java:160)
	at org.apache.rocketmq.store.MappedFile.<init>(MappedFile.java:71)
	at org.apache.rocketmq.store.AllocateMappedFileService.mmapOperation(AllocateMappedFileService.java:182)
	at org.apache.rocketmq.store.AllocateMappedFileService.run(AllocateMappedFileService.java:143)
	at java.lang.Thread.run(Thread.java:745)
Caused by: java.lang.OutOfMemoryError: Map failed
	at sun.nio.ch.FileChannelImpl.map0(Native Method)
	at sun.nio.ch.FileChannelImpl.map(FileChannelImpl.java:885)
	... 5 common frames omitted
[2018-03-14 12:05:33.620]  WARN AllocateMappedFileService service has exception. 
java.io.IOException: Map failed
	at sun.nio.ch.FileChannelImpl.map(FileChannelImpl.java:888)
	at org.apache.rocketmq.store.MappedFile.init(MappedFile.java:160)
	at org.apache.rocketmq.store.MappedFile.<init>(MappedFile.java:71)
	at org.apache.rocketmq.store.AllocateMappedFileService.mmapOperation(AllocateMappedFileService.java:182)
	at org.apache.rocketmq.store.AllocateMappedFileService.run(AllocateMappedFileService.java:143)
	at java.lang.Thread.run(Thread.java:745)
Caused by: java.lang.OutOfMemoryError: Map failed
	at sun.nio.ch.FileChannelImpl.map0(Native Method)
	at sun.nio.ch.FileChannelImpl.map(FileChannelImpl.java:885)
	... 5 common frames omitted
[2018-03-14 12:05:33.838] ERROR map file C:\Users\Administrator\rocketmq-console-test\20180314120526\commitlog\00000000000000000000 Failed. 
java.io.IOException: Map failed
	at sun.nio.ch.FileChannelImpl.map(FileChannelImpl.java:888)
	at org.apache.rocketmq.store.MappedFile.init(MappedFile.java:160)
	at org.apache.rocketmq.store.MappedFile.<init>(MappedFile.java:71)
	at org.apache.rocketmq.store.AllocateMappedFileService.mmapOperation(AllocateMappedFileService.java:182)
	at org.apache.rocketmq.store.AllocateMappedFileService.run(AllocateMappedFileService.java:143)
	at java.lang.Thread.run(Thread.java:745)
Caused by: java.lang.OutOfMemoryError: Map failed
	at sun.nio.ch.FileChannelImpl.map0(Native Method)
	at sun.nio.ch.FileChannelImpl.map(FileChannelImpl.java:885)
	... 5 common frames omitted
[2018-03-14 12:05:33.839]  WARN AllocateMappedFileService service has exception. 
java.io.IOException: Map failed
	at sun.nio.ch.FileChannelImpl.map(FileChannelImpl.java:888)
	at org.apache.rocketmq.store.MappedFile.init(MappedFile.java:160)
	at org.apache.rocketmq.store.MappedFile.<init>(MappedFile.java:71)
	at org.apache.rocketmq.store.AllocateMappedFileService.mmapOperation(AllocateMappedFileService.java:182)
	at org.apache.rocketmq.store.AllocateMappedFileService.run(AllocateMappedFileService.java:143)
	at java.lang.Thread.run(Thread.java:745)
Caused by: java.lang.OutOfMemoryError: Map failed
	at sun.nio.ch.FileChannelImpl.map0(Native Method)
	at sun.nio.ch.FileChannelImpl.map(FileChannelImpl.java:885)
	... 5 common frames omitted
[2018-03-14 12:05:34.052] ERROR map file C:\Users\Administrator\rocketmq-console-test\20180314120526\commitlog\00000000000000000000 Failed. 
java.io.IOException: Map failed
	at sun.nio.ch.FileChannelImpl.map(FileChannelImpl.java:888)
	at org.apache.rocketmq.store.MappedFile.init(MappedFile.java:160)
	at org.apache.rocketmq.store.MappedFile.<init>(MappedFile.java:71)
	at org.apache.rocketmq.store.AllocateMappedFileService.mmapOperation(AllocateMappedFileService.java:182)
	at org.apache.rocketmq.store.AllocateMappedFileService.run(AllocateMappedFileService.java:143)
	at java.lang.Thread.run(Thread.java:745)
Caused by: java.lang.OutOfMemoryError: Map failed
	at sun.nio.ch.FileChannelImpl.map0(Native Method)
	at sun.nio.ch.FileChannelImpl.map(FileChannelImpl.java:885)
	... 5 common frames omitted
[2018-03-14 12:05:34.052]  WARN AllocateMappedFileService service has exception. 
java.io.IOException: Map failed
	at sun.nio.ch.FileChannelImpl.map(FileChannelImpl.java:888)
	at org.apache.rocketmq.store.MappedFile.init(MappedFile.java:160)
	at org.apache.rocketmq.store.MappedFile.<init>(MappedFile.java:71)
	at org.apache.rocketmq.store.AllocateMappedFileService.mmapOperation(AllocateMappedFileService.java:182)
	at org.apache.rocketmq.store.AllocateMappedFileService.run(AllocateMappedFileService.java:143)
	at java.lang.Thread.run(Thread.java:745)
Caused by: java.lang.OutOfMemoryError: Map failed
	at sun.nio.ch.FileChannelImpl.map0(Native Method)
	at sun.nio.ch.FileChannelImpl.map(FileChannelImpl.java:885)
	... 5 common frames omitted
[2018-03-14 12:05:34.271] ERROR map file C:\Users\Administrator\rocketmq-console-test\20180314120526\commitlog\00000000000000000000 Failed. 
java.io.IOException: Map failed
	at sun.nio.ch.FileChannelImpl.map(FileChannelImpl.java:888)
	at org.apache.rocketmq.store.MappedFile.init(MappedFile.java:160)
	at org.apache.rocketmq.store.MappedFile.<init>(MappedFile.java:71)
	at org.apache.rocketmq.store.AllocateMappedFileService.mmapOperation(AllocateMappedFileService.java:182)
	at org.apache.rocketmq.store.AllocateMappedFileService.run(AllocateMappedFileService.java:143)
	at java.lang.Thread.run(Thread.java:745)
Caused by: java.lang.OutOfMemoryError: Map failed
	at sun.nio.ch.FileChannelImpl.map0(Native Method)
	at sun.nio.ch.FileChannelImpl.map(FileChannelImpl.java:885)
	... 5 common frames omitted
[2018-03-14 12:05:34.271]  WARN AllocateMappedFileService service has exception. 
java.io.IOException: Map failed
	at sun.nio.ch.FileChannelImpl.map(FileChannelImpl.java:888)
	at org.apache.rocketmq.store.MappedFile.init(MappedFile.java:160)
	at org.apache.rocketmq.store.MappedFile.<init>(MappedFile.java:71)
	at org.apache.rocketmq.store.AllocateMappedFileService.mmapOperation(AllocateMappedFileService.java:182)
	at org.apache.rocketmq.store.AllocateMappedFileService.run(AllocateMappedFileService.java:143)
	at java.lang.Thread.run(Thread.java:745)
Caused by: java.lang.OutOfMemoryError: Map failed
	at sun.nio.ch.FileChannelImpl.map0(Native Method)
	at sun.nio.ch.FileChannelImpl.map(FileChannelImpl.java:885)
	... 5 common frames omitted
[2018-03-14 12:05:34.503] ERROR map file C:\Users\Administrator\rocketmq-console-test\20180314120526\commitlog\00000000000000000000 Failed. 
java.io.IOException: Map failed
	at sun.nio.ch.FileChannelImpl.map(FileChannelImpl.java:888)
	at org.apache.rocketmq.store.MappedFile.init(MappedFile.java:160)
	at org.apache.rocketmq.store.MappedFile.<init>(MappedFile.java:71)
	at org.apache.rocketmq.store.AllocateMappedFileService.mmapOperation(AllocateMappedFileService.java:182)
	at org.apache.rocketmq.store.AllocateMappedFileService.run(AllocateMappedFileService.java:143)
	at java.lang.Thread.run(Thread.java:745)
Caused by: java.lang.OutOfMemoryError: Map failed
	at sun.nio.ch.FileChannelImpl.map0(Native Method)
	at sun.nio.ch.FileChannelImpl.map(FileChannelImpl.java:885)
	... 5 common frames omitted
[2018-03-14 12:05:34.503]  WARN AllocateMappedFileService service has exception. 
java.io.IOException: Map failed
	at sun.nio.ch.FileChannelImpl.map(FileChannelImpl.java:888)
	at org.apache.rocketmq.store.MappedFile.init(MappedFile.java:160)
	at org.apache.rocketmq.store.MappedFile.<init>(MappedFile.java:71)
	at org.apache.rocketmq.store.AllocateMappedFileService.mmapOperation(AllocateMappedFileService.java:182)
	at org.apache.rocketmq.store.AllocateMappedFileService.run(AllocateMappedFileService.java:143)
	at java.lang.Thread.run(Thread.java:745)
Caused by: java.lang.OutOfMemoryError: Map failed
	at sun.nio.ch.FileChannelImpl.map0(Native Method)
	at sun.nio.ch.FileChannelImpl.map(FileChannelImpl.java:885)
	... 5 common frames omitted
[2018-03-14 12:05:34.677]  WARN invokeSync: wait response timeout exception, the channel[127.0.0.1:19053]
[2018-03-14 12:05:34.677]  WARN sendKernelImpl exception, resend at once, InvokeID: -368482643918694938, RT: 3023ms, Broker: MessageQueue [topic=TEST_CONSOLE_TOPIC, brokerName=ConsoleTestBroker, queueId=2]
org.apache.rocketmq.remoting.exception.RemotingTimeoutException: wait response on the channel <127.0.0.1:19053> timeout, 3000(ms)
	at org.apache.rocketmq.remoting.netty.NettyRemotingAbstract.invokeSyncImpl(NettyRemotingAbstract.java:291)
	at org.apache.rocketmq.remoting.netty.NettyRemotingClient.invokeSync(NettyRemotingClient.java:338)
	at org.apache.rocketmq.client.impl.MQClientAPIImpl.sendMessageSync(MQClientAPIImpl.java:343)
	at org.apache.rocketmq.client.impl.MQClientAPIImpl.sendMessage(MQClientAPIImpl.java:327)
	at org.apache.rocketmq.client.impl.MQClientAPIImpl.sendMessage(MQClientAPIImpl.java:290)
	at org.apache.rocketmq.client.impl.producer.DefaultMQProducerImpl.sendKernelImpl(DefaultMQProducerImpl.java:688)
	at org.apache.rocketmq.client.impl.producer.DefaultMQProducerImpl.sendDefaultImpl(DefaultMQProducerImpl.java:458)
	at org.apache.rocketmq.client.impl.producer.DefaultMQProducerImpl.send(DefaultMQProducerImpl.java:1049)
	at org.apache.rocketmq.client.impl.producer.DefaultMQProducerImpl.send(DefaultMQProducerImpl.java:1008)
	at org.apache.rocketmq.client.producer.DefaultMQProducer.send(DefaultMQProducer.java:204)
	at org.apache.rocketmq.console.testbase.RocketMQConsoleTestBase.sendTestTopicMessage(RocketMQConsoleTestBase.java:107)
	at org.apache.rocketmq.console.service.impl.MessageServiceImplTest.setUp(MessageServiceImplTest.java:56)
	at sun.reflect.NativeMethodAccessorImpl.invoke0(Native Method)
	at sun.reflect.NativeMethodAccessorImpl.invoke(NativeMethodAccessorImpl.java:57)
	at sun.reflect.DelegatingMethodAccessorImpl.invoke(DelegatingMethodAccessorImpl.java:43)
	at java.lang.reflect.Method.invoke(Method.java:606)
	at org.junit.runners.model.FrameworkMethod$1.runReflectiveCall(FrameworkMethod.java:50)
	at org.junit.internal.runners.model.ReflectiveCallable.run(ReflectiveCallable.java:12)
	at org.junit.runners.model.FrameworkMethod.invokeExplosively(FrameworkMethod.java:47)
	at org.junit.internal.runners.statements.RunBefores.evaluate(RunBefores.java:24)
	at org.springframework.test.context.junit4.statements.RunBeforeTestMethodCallbacks.evaluate(RunBeforeTestMethodCallbacks.java:75)
	at org.junit.internal.runners.statements.RunAfters.evaluate(RunAfters.java:27)
	at org.springframework.test.context.junit4.statements.RunAfterTestMethodCallbacks.evaluate(RunAfterTestMethodCallbacks.java:86)
	at org.springframework.test.context.junit4.statements.SpringRepeat.evaluate(SpringRepeat.java:84)
	at org.junit.runners.ParentRunner.runLeaf(ParentRunner.java:325)
	at org.springframework.test.context.junit4.SpringJUnit4ClassRunner.runChild(SpringJUnit4ClassRunner.java:252)
	at org.springframework.test.context.junit4.SpringJUnit4ClassRunner.runChild(SpringJUnit4ClassRunner.java:94)
	at org.junit.runners.ParentRunner$3.run(ParentRunner.java:290)
	at org.junit.runners.ParentRunner$1.schedule(ParentRunner.java:71)
	at org.junit.runners.ParentRunner.runChildren(ParentRunner.java:288)
	at org.junit.runners.ParentRunner.access$000(ParentRunner.java:58)
	at org.junit.runners.ParentRunner$2.evaluate(ParentRunner.java:268)
	at org.springframework.test.context.junit4.statements.RunBeforeTestClassCallbacks.evaluate(RunBeforeTestClassCallbacks.java:61)
	at org.springframework.test.context.junit4.statements.RunAfterTestClassCallbacks.evaluate(RunAfterTestClassCallbacks.java:70)
	at org.junit.runners.ParentRunner.run(ParentRunner.java:363)
	at org.springframework.test.context.junit4.SpringJUnit4ClassRunner.run(SpringJUnit4ClassRunner.java:191)
	at org.apache.maven.surefire.junit4.JUnit4Provider.execute(JUnit4Provider.java:367)
	at org.apache.maven.surefire.junit4.JUnit4Provider.executeWithRerun(JUnit4Provider.java:274)
	at org.apache.maven.surefire.junit4.JUnit4Provider.executeTestSet(JUnit4Provider.java:238)
	at org.apache.maven.surefire.junit4.JUnit4Provider.invoke(JUnit4Provider.java:161)
	at org.apache.maven.surefire.booter.ForkedBooter.invokeProviderInSameClassLoader(ForkedBooter.java:290)
	at org.apache.maven.surefire.booter.ForkedBooter.runSuitesInProcess(ForkedBooter.java:242)
	at org.apache.maven.surefire.booter.ForkedBooter.main(ForkedBooter.java:121)
[2018-03-14 12:05:34.677]  WARN Message [topic=TEST_CONSOLE_TOPIC, flag=0, properties={KEYS=TEST_TOPIC_KEY, WAIT=true, UNIQ_KEY=C0A859EB30A4011E1E6742F7BB86000B}, body=11]
[2018-03-14 12:05:34.679]  WARN sendKernelImpl exception, resend at once, InvokeID: -368482643918694938, RT: 2ms, Broker: MessageQueue [topic=TEST_CONSOLE_TOPIC, brokerName=ConsoleTestBroker, queueId=0]
org.apache.rocketmq.client.exception.MQBrokerException: CODE: 2  DESC: [REJECTREQUEST]system busy, start flow control for a while
For more information, please visit the url, http://rocketmq.apache.org/docs/faq/
	at org.apache.rocketmq.client.impl.MQClientAPIImpl.processSendResponse(MQClientAPIImpl.java:531)
	at org.apache.rocketmq.client.impl.MQClientAPIImpl.sendMessageSync(MQClientAPIImpl.java:345)
	at org.apache.rocketmq.client.impl.MQClientAPIImpl.sendMessage(MQClientAPIImpl.java:327)
	at org.apache.rocketmq.client.impl.MQClientAPIImpl.sendMessage(MQClientAPIImpl.java:290)
	at org.apache.rocketmq.client.impl.producer.DefaultMQProducerImpl.sendKernelImpl(DefaultMQProducerImpl.java:688)
	at org.apache.rocketmq.client.impl.producer.DefaultMQProducerImpl.sendDefaultImpl(DefaultMQProducerImpl.java:458)
	at org.apache.rocketmq.client.impl.producer.DefaultMQProducerImpl.send(DefaultMQProducerImpl.java:1049)
	at org.apache.rocketmq.client.impl.producer.DefaultMQProducerImpl.send(DefaultMQProducerImpl.java:1008)
	at org.apache.rocketmq.client.producer.DefaultMQProducer.send(DefaultMQProducer.java:204)
	at org.apache.rocketmq.console.testbase.RocketMQConsoleTestBase.sendTestTopicMessage(RocketMQConsoleTestBase.java:107)
	at org.apache.rocketmq.console.service.impl.MessageServiceImplTest.setUp(MessageServiceImplTest.java:56)
	at sun.reflect.NativeMethodAccessorImpl.invoke0(Native Method)
	at sun.reflect.NativeMethodAccessorImpl.invoke(NativeMethodAccessorImpl.java:57)
	at sun.reflect.DelegatingMethodAccessorImpl.invoke(DelegatingMethodAccessorImpl.java:43)
	at java.lang.reflect.Method.invoke(Method.java:606)
	at org.junit.runners.model.FrameworkMethod$1.runReflectiveCall(FrameworkMethod.java:50)
	at org.junit.internal.runners.model.ReflectiveCallable.run(ReflectiveCallable.java:12)
	at org.junit.runners.model.FrameworkMethod.invokeExplosively(FrameworkMethod.java:47)
	at org.junit.internal.runners.statements.RunBefores.evaluate(RunBefores.java:24)
	at org.springframework.test.context.junit4.statements.RunBeforeTestMethodCallbacks.evaluate(RunBeforeTestMethodCallbacks.java:75)
	at org.junit.internal.runners.statements.RunAfters.evaluate(RunAfters.java:27)
	at org.springframework.test.context.junit4.statements.RunAfterTestMethodCallbacks.evaluate(RunAfterTestMethodCallbacks.java:86)
	at org.springframework.test.context.junit4.statements.SpringRepeat.evaluate(SpringRepeat.java:84)
	at org.junit.runners.ParentRunner.runLeaf(ParentRunner.java:325)
	at org.springframework.test.context.junit4.SpringJUnit4ClassRunner.runChild(SpringJUnit4ClassRunner.java:252)
	at org.springframework.test.context.junit4.SpringJUnit4ClassRunner.runChild(SpringJUnit4ClassRunner.java:94)
	at org.junit.runners.ParentRunner$3.run(ParentRunner.java:290)
	at org.junit.runners.ParentRunner$1.schedule(ParentRunner.java:71)
	at org.junit.runners.ParentRunner.runChildren(ParentRunner.java:288)
	at org.junit.runners.ParentRunner.access$000(ParentRunner.java:58)
	at org.junit.runners.ParentRunner$2.evaluate(ParentRunner.java:268)
	at org.springframework.test.context.junit4.statements.RunBeforeTestClassCallbacks.evaluate(RunBeforeTestClassCallbacks.java:61)
	at org.springframework.test.context.junit4.statements.RunAfterTestClassCallbacks.evaluate(RunAfterTestClassCallbacks.java:70)
	at org.junit.runners.ParentRunner.run(ParentRunner.java:363)
	at org.springframework.test.context.junit4.SpringJUnit4ClassRunner.run(SpringJUnit4ClassRunner.java:191)
	at org.apache.maven.surefire.junit4.JUnit4Provider.execute(JUnit4Provider.java:367)
	at org.apache.maven.surefire.junit4.JUnit4Provider.executeWithRerun(JUnit4Provider.java:274)
	at org.apache.maven.surefire.junit4.JUnit4Provider.executeTestSet(JUnit4Provider.java:238)
	at org.apache.maven.surefire.junit4.JUnit4Provider.invoke(JUnit4Provider.java:161)
	at org.apache.maven.surefire.booter.ForkedBooter.invokeProviderInSameClassLoader(ForkedBooter.java:290)
	at org.apache.maven.surefire.booter.ForkedBooter.runSuitesInProcess(ForkedBooter.java:242)
	at org.apache.maven.surefire.booter.ForkedBooter.main(ForkedBooter.java:121)
[2018-03-14 12:05:34.679]  WARN Message [topic=TEST_CONSOLE_TOPIC, flag=0, properties={KEYS=TEST_TOPIC_KEY, WAIT=true, UNIQ_KEY=C0A859EB30A4011E1E6742F7BB86000B}, body=11]
[2018-03-14 12:05:34.718] ERROR map file C:\Users\Administrator\rocketmq-console-test\20180314120526\commitlog\00000000000000000000 Failed. 
java.io.IOException: Map failed
	at sun.nio.ch.FileChannelImpl.map(FileChannelImpl.java:888)
	at org.apache.rocketmq.store.MappedFile.init(MappedFile.java:160)
	at org.apache.rocketmq.store.MappedFile.<init>(MappedFile.java:71)
	at org.apache.rocketmq.store.AllocateMappedFileService.mmapOperation(AllocateMappedFileService.java:182)
	at org.apache.rocketmq.store.AllocateMappedFileService.run(AllocateMappedFileService.java:143)
	at java.lang.Thread.run(Thread.java:745)
Caused by: java.lang.OutOfMemoryError: Map failed
	at sun.nio.ch.FileChannelImpl.map0(Native Method)
	at sun.nio.ch.FileChannelImpl.map(FileChannelImpl.java:885)
	... 5 common frames omitted
[2018-03-14 12:05:34.718]  WARN AllocateMappedFileService service has exception. 
java.io.IOException: Map failed
	at sun.nio.ch.FileChannelImpl.map(FileChannelImpl.java:888)
	at org.apache.rocketmq.store.MappedFile.init(MappedFile.java:160)
	at org.apache.rocketmq.store.MappedFile.<init>(MappedFile.java:71)
	at org.apache.rocketmq.store.AllocateMappedFileService.mmapOperation(AllocateMappedFileService.java:182)
	at org.apache.rocketmq.store.AllocateMappedFileService.run(AllocateMappedFileService.java:143)
	at java.lang.Thread.run(Thread.java:745)
Caused by: java.lang.OutOfMemoryError: Map failed
	at sun.nio.ch.FileChannelImpl.map0(Native Method)
	at sun.nio.ch.FileChannelImpl.map(FileChannelImpl.java:885)
	... 5 common frames omitted
[2018-03-14 12:05:34.930] ERROR map file C:\Users\Administrator\rocketmq-console-test\20180314120526\commitlog\00000000000000000000 Failed. 
java.io.IOException: Map failed
	at sun.nio.ch.FileChannelImpl.map(FileChannelImpl.java:888)
	at org.apache.rocketmq.store.MappedFile.init(MappedFile.java:160)
	at org.apache.rocketmq.store.MappedFile.<init>(MappedFile.java:71)
	at org.apache.rocketmq.store.AllocateMappedFileService.mmapOperation(AllocateMappedFileService.java:182)
	at org.apache.rocketmq.store.AllocateMappedFileService.run(AllocateMappedFileService.java:143)
	at java.lang.Thread.run(Thread.java:745)
Caused by: java.lang.OutOfMemoryError: Map failed
	at sun.nio.ch.FileChannelImpl.map0(Native Method)
	at sun.nio.ch.FileChannelImpl.map(FileChannelImpl.java:885)
	... 5 common frames omitted
[2018-03-14 12:05:34.930]  WARN AllocateMappedFileService service has exception. 
java.io.IOException: Map failed
	at sun.nio.ch.FileChannelImpl.map(FileChannelImpl.java:888)
	at org.apache.rocketmq.store.MappedFile.init(MappedFile.java:160)
	at org.apache.rocketmq.store.MappedFile.<init>(MappedFile.java:71)
	at org.apache.rocketmq.store.AllocateMappedFileService.mmapOperation(AllocateMappedFileService.java:182)
	at org.apache.rocketmq.store.AllocateMappedFileService.run(AllocateMappedFileService.java:143)
	at java.lang.Thread.run(Thread.java:745)
Caused by: java.lang.OutOfMemoryError: Map failed
	at sun.nio.ch.FileChannelImpl.map0(Native Method)
	at sun.nio.ch.FileChannelImpl.map(FileChannelImpl.java:885)
	... 5 common frames omitted
[2018-03-14 12:05:35.141] ERROR map file C:\Users\Administrator\rocketmq-console-test\20180314120526\commitlog\00000000000000000000 Failed. 
java.io.IOException: Map failed
	at sun.nio.ch.FileChannelImpl.map(FileChannelImpl.java:888)
	at org.apache.rocketmq.store.MappedFile.init(MappedFile.java:160)
	at org.apache.rocketmq.store.MappedFile.<init>(MappedFile.java:71)
	at org.apache.rocketmq.store.AllocateMappedFileService.mmapOperation(AllocateMappedFileService.java:182)
	at org.apache.rocketmq.store.AllocateMappedFileService.run(AllocateMappedFileService.java:143)
	at java.lang.Thread.run(Thread.java:745)
Caused by: java.lang.OutOfMemoryError: Map failed
	at sun.nio.ch.FileChannelImpl.map0(Native Method)
	at sun.nio.ch.FileChannelImpl.map(FileChannelImpl.java:885)
	... 5 common frames omitted
[2018-03-14 12:05:35.141]  WARN AllocateMappedFileService service has exception. 
java.io.IOException: Map failed
	at sun.nio.ch.FileChannelImpl.map(FileChannelImpl.java:888)
	at org.apache.rocketmq.store.MappedFile.init(MappedFile.java:160)
	at org.apache.rocketmq.store.MappedFile.<init>(MappedFile.java:71)
	at org.apache.rocketmq.store.AllocateMappedFileService.mmapOperation(AllocateMappedFileService.java:182)
	at org.apache.rocketmq.store.AllocateMappedFileService.run(AllocateMappedFileService.java:143)
	at java.lang.Thread.run(Thread.java:745)
Caused by: java.lang.OutOfMemoryError: Map failed
	at sun.nio.ch.FileChannelImpl.map0(Native Method)
	at sun.nio.ch.FileChannelImpl.map(FileChannelImpl.java:885)
	... 5 common frames omitted
[2018-03-14 12:05:35.251]  WARN sendKernelImpl exception, resend at once, InvokeID: -1831891524523945737, RT: 1ms, Broker: MessageQueue [topic=TEST_CONSOLE_TOPIC, brokerName=ConsoleTestBroker, queueId=1]
org.apache.rocketmq.client.exception.MQBrokerException: CODE: 2  DESC: [REJECTREQUEST]system busy, start flow control for a while
For more information, please visit the url, http://rocketmq.apache.org/docs/faq/
	at org.apache.rocketmq.client.impl.MQClientAPIImpl.processSendResponse(MQClientAPIImpl.java:531)
	at org.apache.rocketmq.client.impl.MQClientAPIImpl.sendMessageSync(MQClientAPIImpl.java:345)
	at org.apache.rocketmq.client.impl.MQClientAPIImpl.sendMessage(MQClientAPIImpl.java:327)
	at org.apache.rocketmq.client.impl.MQClientAPIImpl.sendMessage(MQClientAPIImpl.java:290)
	at org.apache.rocketmq.client.impl.producer.DefaultMQProducerImpl.sendKernelImpl(DefaultMQProducerImpl.java:688)
	at org.apache.rocketmq.client.impl.producer.DefaultMQProducerImpl.sendDefaultImpl(DefaultMQProducerImpl.java:458)
	at org.apache.rocketmq.client.impl.producer.DefaultMQProducerImpl.send(DefaultMQProducerImpl.java:1049)
	at org.apache.rocketmq.client.impl.producer.DefaultMQProducerImpl.send(DefaultMQProducerImpl.java:1008)
	at org.apache.rocketmq.client.producer.DefaultMQProducer.send(DefaultMQProducer.java:204)
	at org.apache.rocketmq.console.testbase.RocketMQConsoleTestBase.sendTestTopicMessage(RocketMQConsoleTestBase.java:107)
	at org.apache.rocketmq.console.service.impl.MessageServiceImplTest.setUp(MessageServiceImplTest.java:56)
	at sun.reflect.NativeMethodAccessorImpl.invoke0(Native Method)
	at sun.reflect.NativeMethodAccessorImpl.invoke(NativeMethodAccessorImpl.java:57)
	at sun.reflect.DelegatingMethodAccessorImpl.invoke(DelegatingMethodAccessorImpl.java:43)
	at java.lang.reflect.Method.invoke(Method.java:606)
	at org.junit.runners.model.FrameworkMethod$1.runReflectiveCall(FrameworkMethod.java:50)
	at org.junit.internal.runners.model.ReflectiveCallable.run(ReflectiveCallable.java:12)
	at org.junit.runners.model.FrameworkMethod.invokeExplosively(FrameworkMethod.java:47)
	at org.junit.internal.runners.statements.RunBefores.evaluate(RunBefores.java:24)
	at org.springframework.test.context.junit4.statements.RunBeforeTestMethodCallbacks.evaluate(RunBeforeTestMethodCallbacks.java:75)
	at org.junit.internal.runners.statements.RunAfters.evaluate(RunAfters.java:27)
	at org.springframework.test.context.junit4.statements.RunAfterTestMethodCallbacks.evaluate(RunAfterTestMethodCallbacks.java:86)
	at org.springframework.test.context.junit4.statements.SpringRepeat.evaluate(SpringRepeat.java:84)
	at org.junit.runners.ParentRunner.runLeaf(ParentRunner.java:325)
	at org.springframework.test.context.junit4.SpringJUnit4ClassRunner.runChild(SpringJUnit4ClassRunner.java:252)
	at org.springframework.test.context.junit4.SpringJUnit4ClassRunner.runChild(SpringJUnit4ClassRunner.java:94)
	at org.junit.runners.ParentRunner$3.run(ParentRunner.java:290)
	at org.junit.runners.ParentRunner$1.schedule(ParentRunner.java:71)
	at org.junit.runners.ParentRunner.runChildren(ParentRunner.java:288)
	at org.junit.runners.ParentRunner.access$000(ParentRunner.java:58)
	at org.junit.runners.ParentRunner$2.evaluate(ParentRunner.java:268)
	at org.springframework.test.context.junit4.statements.RunBeforeTestClassCallbacks.evaluate(RunBeforeTestClassCallbacks.java:61)
	at org.springframework.test.context.junit4.statements.RunAfterTestClassCallbacks.evaluate(RunAfterTestClassCallbacks.java:70)
	at org.junit.runners.ParentRunner.run(ParentRunner.java:363)
	at org.springframework.test.context.junit4.SpringJUnit4ClassRunner.run(SpringJUnit4ClassRunner.java:191)
	at org.apache.maven.surefire.junit4.JUnit4Provider.execute(JUnit4Provider.java:367)
	at org.apache.maven.surefire.junit4.JUnit4Provider.executeWithRerun(JUnit4Provider.java:274)
	at org.apache.maven.surefire.junit4.JUnit4Provider.executeTestSet(JUnit4Provider.java:238)
	at org.apache.maven.surefire.junit4.JUnit4Provider.invoke(JUnit4Provider.java:161)
	at org.apache.maven.surefire.booter.ForkedBooter.invokeProviderInSameClassLoader(ForkedBooter.java:290)
	at org.apache.maven.surefire.booter.ForkedBooter.runSuitesInProcess(ForkedBooter.java:242)
	at org.apache.maven.surefire.booter.ForkedBooter.main(ForkedBooter.java:121)
[2018-03-14 12:05:35.251]  WARN Message [topic=TEST_CONSOLE_TOPIC, flag=0, properties={KEYS=TEST_TOPIC_KEY, WAIT=true, UNIQ_KEY=C0A859EB30A4011E1E6742F7BB86000B}, body=11]
[2018-03-14 12:05:35.354] ERROR map file C:\Users\Administrator\rocketmq-console-test\20180314120526\commitlog\00000000000000000000 Failed. 
java.io.IOException: Map failed
	at sun.nio.ch.FileChannelImpl.map(FileChannelImpl.java:888)
	at org.apache.rocketmq.store.MappedFile.init(MappedFile.java:160)
	at org.apache.rocketmq.store.MappedFile.<init>(MappedFile.java:71)
	at org.apache.rocketmq.store.AllocateMappedFileService.mmapOperation(AllocateMappedFileService.java:182)
	at org.apache.rocketmq.store.AllocateMappedFileService.run(AllocateMappedFileService.java:143)
	at java.lang.Thread.run(Thread.java:745)
Caused by: java.lang.OutOfMemoryError: Map failed
	at sun.nio.ch.FileChannelImpl.map0(Native Method)
	at sun.nio.ch.FileChannelImpl.map(FileChannelImpl.java:885)
	... 5 common frames omitted
[2018-03-14 12:05:35.354]  WARN AllocateMappedFileService service has exception. 
java.io.IOException: Map failed
	at sun.nio.ch.FileChannelImpl.map(FileChannelImpl.java:888)
	at org.apache.rocketmq.store.MappedFile.init(MappedFile.java:160)
	at org.apache.rocketmq.store.MappedFile.<init>(MappedFile.java:71)
	at org.apache.rocketmq.store.AllocateMappedFileService.mmapOperation(AllocateMappedFileService.java:182)
	at org.apache.rocketmq.store.AllocateMappedFileService.run(AllocateMappedFileService.java:143)
	at java.lang.Thread.run(Thread.java:745)
Caused by: java.lang.OutOfMemoryError: Map failed
	at sun.nio.ch.FileChannelImpl.map0(Native Method)
	at sun.nio.ch.FileChannelImpl.map(FileChannelImpl.java:885)
	... 5 common frames omitted
[2018-03-14 12:05:35.577] ERROR map file C:\Users\Administrator\rocketmq-console-test\20180314120526\commitlog\00000000000000000000 Failed. 
java.io.IOException: Map failed
	at sun.nio.ch.FileChannelImpl.map(FileChannelImpl.java:888)
	at org.apache.rocketmq.store.MappedFile.init(MappedFile.java:160)
	at org.apache.rocketmq.store.MappedFile.<init>(MappedFile.java:71)
	at org.apache.rocketmq.store.AllocateMappedFileService.mmapOperation(AllocateMappedFileService.java:182)
	at org.apache.rocketmq.store.AllocateMappedFileService.run(AllocateMappedFileService.java:143)
	at java.lang.Thread.run(Thread.java:745)
Caused by: java.lang.OutOfMemoryError: Map failed
	at sun.nio.ch.FileChannelImpl.map0(Native Method)
	at sun.nio.ch.FileChannelImpl.map(FileChannelImpl.java:885)
	... 5 common frames omitted
[2018-03-14 12:05:35.577]  WARN AllocateMappedFileService service has exception. 
java.io.IOException: Map failed
	at sun.nio.ch.FileChannelImpl.map(FileChannelImpl.java:888)
	at org.apache.rocketmq.store.MappedFile.init(MappedFile.java:160)
	at org.apache.rocketmq.store.MappedFile.<init>(MappedFile.java:71)
	at org.apache.rocketmq.store.AllocateMappedFileService.mmapOperation(AllocateMappedFileService.java:182)
	at org.apache.rocketmq.store.AllocateMappedFileService.run(AllocateMappedFileService.java:143)
	at java.lang.Thread.run(Thread.java:745)
Caused by: java.lang.OutOfMemoryError: Map failed
	at sun.nio.ch.FileChannelImpl.map0(Native Method)
	at sun.nio.ch.FileChannelImpl.map(FileChannelImpl.java:885)
	... 5 common frames omitted
[2018-03-14 12:05:35.753]  WARN sendKernelImpl exception, resend at once, InvokeID: -304936155778370733, RT: 2ms, Broker: MessageQueue [topic=TEST_CONSOLE_TOPIC, brokerName=ConsoleTestBroker, queueId=2]
org.apache.rocketmq.client.exception.MQBrokerException: CODE: 2  DESC: [REJECTREQUEST]system busy, start flow control for a while
For more information, please visit the url, http://rocketmq.apache.org/docs/faq/
	at org.apache.rocketmq.client.impl.MQClientAPIImpl.processSendResponse(MQClientAPIImpl.java:531)
	at org.apache.rocketmq.client.impl.MQClientAPIImpl.sendMessageSync(MQClientAPIImpl.java:345)
	at org.apache.rocketmq.client.impl.MQClientAPIImpl.sendMessage(MQClientAPIImpl.java:327)
	at org.apache.rocketmq.client.impl.MQClientAPIImpl.sendMessage(MQClientAPIImpl.java:290)
	at org.apache.rocketmq.client.impl.producer.DefaultMQProducerImpl.sendKernelImpl(DefaultMQProducerImpl.java:688)
	at org.apache.rocketmq.client.impl.producer.DefaultMQProducerImpl.sendDefaultImpl(DefaultMQProducerImpl.java:458)
	at org.apache.rocketmq.client.impl.producer.DefaultMQProducerImpl.send(DefaultMQProducerImpl.java:1049)
	at org.apache.rocketmq.client.impl.producer.DefaultMQProducerImpl.send(DefaultMQProducerImpl.java:1008)
	at org.apache.rocketmq.client.producer.DefaultMQProducer.send(DefaultMQProducer.java:204)
	at org.apache.rocketmq.console.testbase.RocketMQConsoleTestBase.sendTestTopicMessage(RocketMQConsoleTestBase.java:107)
	at org.apache.rocketmq.console.service.impl.MessageServiceImplTest.setUp(MessageServiceImplTest.java:56)
	at sun.reflect.NativeMethodAccessorImpl.invoke0(Native Method)
	at sun.reflect.NativeMethodAccessorImpl.invoke(NativeMethodAccessorImpl.java:57)
	at sun.reflect.DelegatingMethodAccessorImpl.invoke(DelegatingMethodAccessorImpl.java:43)
	at java.lang.reflect.Method.invoke(Method.java:606)
	at org.junit.runners.model.FrameworkMethod$1.runReflectiveCall(FrameworkMethod.java:50)
	at org.junit.internal.runners.model.ReflectiveCallable.run(ReflectiveCallable.java:12)
	at org.junit.runners.model.FrameworkMethod.invokeExplosively(FrameworkMethod.java:47)
	at org.junit.internal.runners.statements.RunBefores.evaluate(RunBefores.java:24)
	at org.springframework.test.context.junit4.statements.RunBeforeTestMethodCallbacks.evaluate(RunBeforeTestMethodCallbacks.java:75)
	at org.junit.internal.runners.statements.RunAfters.evaluate(RunAfters.java:27)
	at org.springframework.test.context.junit4.statements.RunAfterTestMethodCallbacks.evaluate(RunAfterTestMethodCallbacks.java:86)
	at org.springframework.test.context.junit4.statements.SpringRepeat.evaluate(SpringRepeat.java:84)
	at org.junit.runners.ParentRunner.runLeaf(ParentRunner.java:325)
	at org.springframework.test.context.junit4.SpringJUnit4ClassRunner.runChild(SpringJUnit4ClassRunner.java:252)
	at org.springframework.test.context.junit4.SpringJUnit4ClassRunner.runChild(SpringJUnit4ClassRunner.java:94)
	at org.junit.runners.ParentRunner$3.run(ParentRunner.java:290)
	at org.junit.runners.ParentRunner$1.schedule(ParentRunner.java:71)
	at org.junit.runners.ParentRunner.runChildren(ParentRunner.java:288)
	at org.junit.runners.ParentRunner.access$000(ParentRunner.java:58)
	at org.junit.runners.ParentRunner$2.evaluate(ParentRunner.java:268)
	at org.springframework.test.context.junit4.statements.RunBeforeTestClassCallbacks.evaluate(RunBeforeTestClassCallbacks.java:61)
	at org.springframework.test.context.junit4.statements.RunAfterTestClassCallbacks.evaluate(RunAfterTestClassCallbacks.java:70)
	at org.junit.runners.ParentRunner.run(ParentRunner.java:363)
	at org.springframework.test.context.junit4.SpringJUnit4ClassRunner.run(SpringJUnit4ClassRunner.java:191)
	at org.apache.maven.surefire.junit4.JUnit4Provider.execute(JUnit4Provider.java:367)
	at org.apache.maven.surefire.junit4.JUnit4Provider.executeWithRerun(JUnit4Provider.java:274)
	at org.apache.maven.surefire.junit4.JUnit4Provider.executeTestSet(JUnit4Provider.java:238)
	at org.apache.maven.surefire.junit4.JUnit4Provider.invoke(JUnit4Provider.java:161)
	at org.apache.maven.surefire.booter.ForkedBooter.invokeProviderInSameClassLoader(ForkedBooter.java:290)
	at org.apache.maven.surefire.booter.ForkedBooter.runSuitesInProcess(ForkedBooter.java:242)
	at org.apache.maven.surefire.booter.ForkedBooter.main(ForkedBooter.java:121)
[2018-03-14 12:05:35.753]  WARN Message [topic=TEST_CONSOLE_TOPIC, flag=0, properties={KEYS=TEST_TOPIC_KEY, WAIT=true, UNIQ_KEY=C0A859EB30A4011E1E6742F7BB86000B}, body=11]
[2018-03-14 12:05:35.804] ERROR map file C:\Users\Administrator\rocketmq-console-test\20180314120526\commitlog\00000000000000000000 Failed. 
java.io.IOException: Map failed
	at sun.nio.ch.FileChannelImpl.map(FileChannelImpl.java:888)
	at org.apache.rocketmq.store.MappedFile.init(MappedFile.java:160)
	at org.apache.rocketmq.store.MappedFile.<init>(MappedFile.java:71)
	at org.apache.rocketmq.store.AllocateMappedFileService.mmapOperation(AllocateMappedFileService.java:182)
	at org.apache.rocketmq.store.AllocateMappedFileService.run(AllocateMappedFileService.java:143)
	at java.lang.Thread.run(Thread.java:745)
Caused by: java.lang.OutOfMemoryError: Map failed
	at sun.nio.ch.FileChannelImpl.map0(Native Method)
	at sun.nio.ch.FileChannelImpl.map(FileChannelImpl.java:885)
	... 5 common frames omitted
[2018-03-14 12:05:35.804]  WARN AllocateMappedFileService service has exception. 
java.io.IOException: Map failed
	at sun.nio.ch.FileChannelImpl.map(FileChannelImpl.java:888)
	at org.apache.rocketmq.store.MappedFile.init(MappedFile.java:160)
	at org.apache.rocketmq.store.MappedFile.<init>(MappedFile.java:71)
	at org.apache.rocketmq.store.AllocateMappedFileService.mmapOperation(AllocateMappedFileService.java:182)
	at org.apache.rocketmq.store.AllocateMappedFileService.run(AllocateMappedFileService.java:143)
	at java.lang.Thread.run(Thread.java:745)
Caused by: java.lang.OutOfMemoryError: Map failed
	at sun.nio.ch.FileChannelImpl.map0(Native Method)
	at sun.nio.ch.FileChannelImpl.map(FileChannelImpl.java:885)
	... 5 common frames omitted
[2018-03-14 12:05:36.011] ERROR map file C:\Users\Administrator\rocketmq-console-test\20180314120526\commitlog\00000000000000000000 Failed. 
java.io.IOException: Map failed
	at sun.nio.ch.FileChannelImpl.map(FileChannelImpl.java:888)
	at org.apache.rocketmq.store.MappedFile.init(MappedFile.java:160)
	at org.apache.rocketmq.store.MappedFile.<init>(MappedFile.java:71)
	at org.apache.rocketmq.store.AllocateMappedFileService.mmapOperation(AllocateMappedFileService.java:182)
	at org.apache.rocketmq.store.AllocateMappedFileService.run(AllocateMappedFileService.java:143)
	at java.lang.Thread.run(Thread.java:745)
Caused by: java.lang.OutOfMemoryError: Map failed
	at sun.nio.ch.FileChannelImpl.map0(Native Method)
	at sun.nio.ch.FileChannelImpl.map(FileChannelImpl.java:885)
	... 5 common frames omitted
[2018-03-14 12:05:36.012]  WARN AllocateMappedFileService service has exception. 
java.io.IOException: Map failed
	at sun.nio.ch.FileChannelImpl.map(FileChannelImpl.java:888)
	at org.apache.rocketmq.store.MappedFile.init(MappedFile.java:160)
	at org.apache.rocketmq.store.MappedFile.<init>(MappedFile.java:71)
	at org.apache.rocketmq.store.AllocateMappedFileService.mmapOperation(AllocateMappedFileService.java:182)
	at org.apache.rocketmq.store.AllocateMappedFileService.run(AllocateMappedFileService.java:143)
	at java.lang.Thread.run(Thread.java:745)
Caused by: java.lang.OutOfMemoryError: Map failed
	at sun.nio.ch.FileChannelImpl.map0(Native Method)
	at sun.nio.ch.FileChannelImpl.map(FileChannelImpl.java:885)
	... 5 common frames omitted
[2018-03-14 12:05:36.224] ERROR map file C:\Users\Administrator\rocketmq-console-test\20180314120526\commitlog\00000000000000000000 Failed. 
java.io.IOException: Map failed
	at sun.nio.ch.FileChannelImpl.map(FileChannelImpl.java:888)
	at org.apache.rocketmq.store.MappedFile.init(MappedFile.java:160)
	at org.apache.rocketmq.store.MappedFile.<init>(MappedFile.java:71)
	at org.apache.rocketmq.store.AllocateMappedFileService.mmapOperation(AllocateMappedFileService.java:182)
	at org.apache.rocketmq.store.AllocateMappedFileService.run(AllocateMappedFileService.java:143)
	at java.lang.Thread.run(Thread.java:745)
Caused by: java.lang.OutOfMemoryError: Map failed
	at sun.nio.ch.FileChannelImpl.map0(Native Method)
	at sun.nio.ch.FileChannelImpl.map(FileChannelImpl.java:885)
	... 5 common frames omitted
[2018-03-14 12:05:36.224]  WARN AllocateMappedFileService service has exception. 
java.io.IOException: Map failed
	at sun.nio.ch.FileChannelImpl.map(FileChannelImpl.java:888)
	at org.apache.rocketmq.store.MappedFile.init(MappedFile.java:160)
	at org.apache.rocketmq.store.MappedFile.<init>(MappedFile.java:71)
	at org.apache.rocketmq.store.AllocateMappedFileService.mmapOperation(AllocateMappedFileService.java:182)
	at org.apache.rocketmq.store.AllocateMappedFileService.run(AllocateMappedFileService.java:143)
	at java.lang.Thread.run(Thread.java:745)
Caused by: java.lang.OutOfMemoryError: Map failed
	at sun.nio.ch.FileChannelImpl.map0(Native Method)
	at sun.nio.ch.FileChannelImpl.map(FileChannelImpl.java:885)
	... 5 common frames omitted
]]></system-out>
  </testcase>
  <testcase name="queryMessageByTopicAndKey" classname="org.apache.rocketmq.console.service.impl.MessageServiceImplTest" time="5.606">
    <error message="send message error" type="java.lang.RuntimeException">java.lang.RuntimeException: send message error
	at org.apache.rocketmq.console.service.impl.MessageServiceImplTest.setUp(MessageServiceImplTest.java:56)
</error>
    <system-out><![CDATA[[2018-03-14 12:05:36.441] ERROR map file C:\Users\Administrator\rocketmq-console-test\20180314120526\commitlog\00000000000000000000 Failed. 
java.io.IOException: Map failed
	at sun.nio.ch.FileChannelImpl.map(FileChannelImpl.java:888)
	at org.apache.rocketmq.store.MappedFile.init(MappedFile.java:160)
	at org.apache.rocketmq.store.MappedFile.<init>(MappedFile.java:71)
	at org.apache.rocketmq.store.AllocateMappedFileService.mmapOperation(AllocateMappedFileService.java:182)
	at org.apache.rocketmq.store.AllocateMappedFileService.run(AllocateMappedFileService.java:143)
	at java.lang.Thread.run(Thread.java:745)
Caused by: java.lang.OutOfMemoryError: Map failed
	at sun.nio.ch.FileChannelImpl.map0(Native Method)
	at sun.nio.ch.FileChannelImpl.map(FileChannelImpl.java:885)
	... 5 common frames omitted
[2018-03-14 12:05:36.441]  WARN AllocateMappedFileService service has exception. 
java.io.IOException: Map failed
	at sun.nio.ch.FileChannelImpl.map(FileChannelImpl.java:888)
	at org.apache.rocketmq.store.MappedFile.init(MappedFile.java:160)
	at org.apache.rocketmq.store.MappedFile.<init>(MappedFile.java:71)
	at org.apache.rocketmq.store.AllocateMappedFileService.mmapOperation(AllocateMappedFileService.java:182)
	at org.apache.rocketmq.store.AllocateMappedFileService.run(AllocateMappedFileService.java:143)
	at java.lang.Thread.run(Thread.java:745)
Caused by: java.lang.OutOfMemoryError: Map failed
	at sun.nio.ch.FileChannelImpl.map0(Native Method)
	at sun.nio.ch.FileChannelImpl.map(FileChannelImpl.java:885)
	... 5 common frames omitted
[2018-03-14 12:05:36.651] ERROR map file C:\Users\Administrator\rocketmq-console-test\20180314120526\commitlog\00000000000000000000 Failed. 
java.io.IOException: Map failed
	at sun.nio.ch.FileChannelImpl.map(FileChannelImpl.java:888)
	at org.apache.rocketmq.store.MappedFile.init(MappedFile.java:160)
	at org.apache.rocketmq.store.MappedFile.<init>(MappedFile.java:71)
	at org.apache.rocketmq.store.AllocateMappedFileService.mmapOperation(AllocateMappedFileService.java:182)
	at org.apache.rocketmq.store.AllocateMappedFileService.run(AllocateMappedFileService.java:143)
	at java.lang.Thread.run(Thread.java:745)
Caused by: java.lang.OutOfMemoryError: Map failed
	at sun.nio.ch.FileChannelImpl.map0(Native Method)
	at sun.nio.ch.FileChannelImpl.map(FileChannelImpl.java:885)
	... 5 common frames omitted
[2018-03-14 12:05:36.651]  WARN AllocateMappedFileService service has exception. 
java.io.IOException: Map failed
	at sun.nio.ch.FileChannelImpl.map(FileChannelImpl.java:888)
	at org.apache.rocketmq.store.MappedFile.init(MappedFile.java:160)
	at org.apache.rocketmq.store.MappedFile.<init>(MappedFile.java:71)
	at org.apache.rocketmq.store.AllocateMappedFileService.mmapOperation(AllocateMappedFileService.java:182)
	at org.apache.rocketmq.store.AllocateMappedFileService.run(AllocateMappedFileService.java:143)
	at java.lang.Thread.run(Thread.java:745)
Caused by: java.lang.OutOfMemoryError: Map failed
	at sun.nio.ch.FileChannelImpl.map0(Native Method)
	at sun.nio.ch.FileChannelImpl.map(FileChannelImpl.java:885)
	... 5 common frames omitted
[2018-03-14 12:05:36.758]  WARN create mmap timeout C:\Users\Administrator\rocketmq-console-test\20180314120526\commitlog\00000000000000000000 1073741824
[2018-03-14 12:05:36.758] ERROR create maped file1 error, topic: TEST_CONSOLE_TOPIC clientAddr: 127.0.0.1
[2018-03-14 12:05:36.758]  WARN putMessage not in lock eclipse time(ms)=5080, bodyLength=11
[2018-03-14 12:05:36.860] ERROR map file C:\Users\Administrator\rocketmq-console-test\20180314120526\commitlog\00000000000000000000 Failed. 
java.io.IOException: Map failed
	at sun.nio.ch.FileChannelImpl.map(FileChannelImpl.java:888)
	at org.apache.rocketmq.store.MappedFile.init(MappedFile.java:160)
	at org.apache.rocketmq.store.MappedFile.<init>(MappedFile.java:71)
	at org.apache.rocketmq.store.AllocateMappedFileService.mmapOperation(AllocateMappedFileService.java:182)
	at org.apache.rocketmq.store.AllocateMappedFileService.run(AllocateMappedFileService.java:143)
	at java.lang.Thread.run(Thread.java:745)
Caused by: java.lang.OutOfMemoryError: Map failed
	at sun.nio.ch.FileChannelImpl.map0(Native Method)
	at sun.nio.ch.FileChannelImpl.map(FileChannelImpl.java:885)
	... 5 common frames omitted
[2018-03-14 12:05:36.861]  WARN AllocateMappedFileService service has exception. 
java.io.IOException: Map failed
	at sun.nio.ch.FileChannelImpl.map(FileChannelImpl.java:888)
	at org.apache.rocketmq.store.MappedFile.init(MappedFile.java:160)
	at org.apache.rocketmq.store.MappedFile.<init>(MappedFile.java:71)
	at org.apache.rocketmq.store.AllocateMappedFileService.mmapOperation(AllocateMappedFileService.java:182)
	at org.apache.rocketmq.store.AllocateMappedFileService.run(AllocateMappedFileService.java:143)
	at java.lang.Thread.run(Thread.java:745)
Caused by: java.lang.OutOfMemoryError: Map failed
	at sun.nio.ch.FileChannelImpl.map0(Native Method)
	at sun.nio.ch.FileChannelImpl.map(FileChannelImpl.java:885)
	... 5 common frames omitted
[2018-03-14 12:05:37.083] ERROR map file C:\Users\Administrator\rocketmq-console-test\20180314120526\commitlog\00000000000000000000 Failed. 
java.io.IOException: Map failed
	at sun.nio.ch.FileChannelImpl.map(FileChannelImpl.java:888)
	at org.apache.rocketmq.store.MappedFile.init(MappedFile.java:160)
	at org.apache.rocketmq.store.MappedFile.<init>(MappedFile.java:71)
	at org.apache.rocketmq.store.AllocateMappedFileService.mmapOperation(AllocateMappedFileService.java:182)
	at org.apache.rocketmq.store.AllocateMappedFileService.run(AllocateMappedFileService.java:143)
	at java.lang.Thread.run(Thread.java:745)
Caused by: java.lang.OutOfMemoryError: Map failed
	at sun.nio.ch.FileChannelImpl.map0(Native Method)
	at sun.nio.ch.FileChannelImpl.map(FileChannelImpl.java:885)
	... 5 common frames omitted
[2018-03-14 12:05:37.083]  WARN AllocateMappedFileService service has exception. 
java.io.IOException: Map failed
	at sun.nio.ch.FileChannelImpl.map(FileChannelImpl.java:888)
	at org.apache.rocketmq.store.MappedFile.init(MappedFile.java:160)
	at org.apache.rocketmq.store.MappedFile.<init>(MappedFile.java:71)
	at org.apache.rocketmq.store.AllocateMappedFileService.mmapOperation(AllocateMappedFileService.java:182)
	at org.apache.rocketmq.store.AllocateMappedFileService.run(AllocateMappedFileService.java:143)
	at java.lang.Thread.run(Thread.java:745)
Caused by: java.lang.OutOfMemoryError: Map failed
	at sun.nio.ch.FileChannelImpl.map0(Native Method)
	at sun.nio.ch.FileChannelImpl.map(FileChannelImpl.java:885)
	... 5 common frames omitted
[2018-03-14 12:05:37.295] ERROR map file C:\Users\Administrator\rocketmq-console-test\20180314120526\commitlog\00000000000000000000 Failed. 
java.io.IOException: Map failed
	at sun.nio.ch.FileChannelImpl.map(FileChannelImpl.java:888)
	at org.apache.rocketmq.store.MappedFile.init(MappedFile.java:160)
	at org.apache.rocketmq.store.MappedFile.<init>(MappedFile.java:71)
	at org.apache.rocketmq.store.AllocateMappedFileService.mmapOperation(AllocateMappedFileService.java:182)
	at org.apache.rocketmq.store.AllocateMappedFileService.run(AllocateMappedFileService.java:143)
	at java.lang.Thread.run(Thread.java:745)
Caused by: java.lang.OutOfMemoryError: Map failed
	at sun.nio.ch.FileChannelImpl.map0(Native Method)
	at sun.nio.ch.FileChannelImpl.map(FileChannelImpl.java:885)
	... 5 common frames omitted
[2018-03-14 12:05:37.296]  WARN AllocateMappedFileService service has exception. 
java.io.IOException: Map failed
	at sun.nio.ch.FileChannelImpl.map(FileChannelImpl.java:888)
	at org.apache.rocketmq.store.MappedFile.init(MappedFile.java:160)
	at org.apache.rocketmq.store.MappedFile.<init>(MappedFile.java:71)
	at org.apache.rocketmq.store.AllocateMappedFileService.mmapOperation(AllocateMappedFileService.java:182)
	at org.apache.rocketmq.store.AllocateMappedFileService.run(AllocateMappedFileService.java:143)
	at java.lang.Thread.run(Thread.java:745)
Caused by: java.lang.OutOfMemoryError: Map failed
	at sun.nio.ch.FileChannelImpl.map0(Native Method)
	at sun.nio.ch.FileChannelImpl.map(FileChannelImpl.java:885)
	... 5 common frames omitted
[2018-03-14 12:05:37.507] ERROR map file C:\Users\Administrator\rocketmq-console-test\20180314120526\commitlog\00000000000000000000 Failed. 
java.io.IOException: Map failed
	at sun.nio.ch.FileChannelImpl.map(FileChannelImpl.java:888)
	at org.apache.rocketmq.store.MappedFile.init(MappedFile.java:160)
	at org.apache.rocketmq.store.MappedFile.<init>(MappedFile.java:71)
	at org.apache.rocketmq.store.AllocateMappedFileService.mmapOperation(AllocateMappedFileService.java:182)
	at org.apache.rocketmq.store.AllocateMappedFileService.run(AllocateMappedFileService.java:143)
	at java.lang.Thread.run(Thread.java:745)
Caused by: java.lang.OutOfMemoryError: Map failed
	at sun.nio.ch.FileChannelImpl.map0(Native Method)
	at sun.nio.ch.FileChannelImpl.map(FileChannelImpl.java:885)
	... 5 common frames omitted
[2018-03-14 12:05:37.507]  WARN AllocateMappedFileService service has exception. 
java.io.IOException: Map failed
	at sun.nio.ch.FileChannelImpl.map(FileChannelImpl.java:888)
	at org.apache.rocketmq.store.MappedFile.init(MappedFile.java:160)
	at org.apache.rocketmq.store.MappedFile.<init>(MappedFile.java:71)
	at org.apache.rocketmq.store.AllocateMappedFileService.mmapOperation(AllocateMappedFileService.java:182)
	at org.apache.rocketmq.store.AllocateMappedFileService.run(AllocateMappedFileService.java:143)
	at java.lang.Thread.run(Thread.java:745)
Caused by: java.lang.OutOfMemoryError: Map failed
	at sun.nio.ch.FileChannelImpl.map0(Native Method)
	at sun.nio.ch.FileChannelImpl.map(FileChannelImpl.java:885)
	... 5 common frames omitted
[2018-03-14 12:05:37.723] ERROR map file C:\Users\Administrator\rocketmq-console-test\20180314120526\commitlog\00000000000000000000 Failed. 
java.io.IOException: Map failed
	at sun.nio.ch.FileChannelImpl.map(FileChannelImpl.java:888)
	at org.apache.rocketmq.store.MappedFile.init(MappedFile.java:160)
	at org.apache.rocketmq.store.MappedFile.<init>(MappedFile.java:71)
	at org.apache.rocketmq.store.AllocateMappedFileService.mmapOperation(AllocateMappedFileService.java:182)
	at org.apache.rocketmq.store.AllocateMappedFileService.run(AllocateMappedFileService.java:143)
	at java.lang.Thread.run(Thread.java:745)
Caused by: java.lang.OutOfMemoryError: Map failed
	at sun.nio.ch.FileChannelImpl.map0(Native Method)
	at sun.nio.ch.FileChannelImpl.map(FileChannelImpl.java:885)
	... 5 common frames omitted
[2018-03-14 12:05:37.723]  WARN AllocateMappedFileService service has exception. 
java.io.IOException: Map failed
	at sun.nio.ch.FileChannelImpl.map(FileChannelImpl.java:888)
	at org.apache.rocketmq.store.MappedFile.init(MappedFile.java:160)
	at org.apache.rocketmq.store.MappedFile.<init>(MappedFile.java:71)
	at org.apache.rocketmq.store.AllocateMappedFileService.mmapOperation(AllocateMappedFileService.java:182)
	at org.apache.rocketmq.store.AllocateMappedFileService.run(AllocateMappedFileService.java:143)
	at java.lang.Thread.run(Thread.java:745)
Caused by: java.lang.OutOfMemoryError: Map failed
	at sun.nio.ch.FileChannelImpl.map0(Native Method)
	at sun.nio.ch.FileChannelImpl.map(FileChannelImpl.java:885)
	... 5 common frames omitted
[2018-03-14 12:05:37.942] ERROR map file C:\Users\Administrator\rocketmq-console-test\20180314120526\commitlog\00000000000000000000 Failed. 
java.io.IOException: Map failed
	at sun.nio.ch.FileChannelImpl.map(FileChannelImpl.java:888)
	at org.apache.rocketmq.store.MappedFile.init(MappedFile.java:160)
	at org.apache.rocketmq.store.MappedFile.<init>(MappedFile.java:71)
	at org.apache.rocketmq.store.AllocateMappedFileService.mmapOperation(AllocateMappedFileService.java:182)
	at org.apache.rocketmq.store.AllocateMappedFileService.run(AllocateMappedFileService.java:143)
	at java.lang.Thread.run(Thread.java:745)
Caused by: java.lang.OutOfMemoryError: Map failed
	at sun.nio.ch.FileChannelImpl.map0(Native Method)
	at sun.nio.ch.FileChannelImpl.map(FileChannelImpl.java:885)
	... 5 common frames omitted
[2018-03-14 12:05:37.942]  WARN AllocateMappedFileService service has exception. 
java.io.IOException: Map failed
	at sun.nio.ch.FileChannelImpl.map(FileChannelImpl.java:888)
	at org.apache.rocketmq.store.MappedFile.init(MappedFile.java:160)
	at org.apache.rocketmq.store.MappedFile.<init>(MappedFile.java:71)
	at org.apache.rocketmq.store.AllocateMappedFileService.mmapOperation(AllocateMappedFileService.java:182)
	at org.apache.rocketmq.store.AllocateMappedFileService.run(AllocateMappedFileService.java:143)
	at java.lang.Thread.run(Thread.java:745)
Caused by: java.lang.OutOfMemoryError: Map failed
	at sun.nio.ch.FileChannelImpl.map0(Native Method)
	at sun.nio.ch.FileChannelImpl.map(FileChannelImpl.java:885)
	... 5 common frames omitted
[2018-03-14 12:05:38.163] ERROR map file C:\Users\Administrator\rocketmq-console-test\20180314120526\commitlog\00000000000000000000 Failed. 
java.io.IOException: Map failed
	at sun.nio.ch.FileChannelImpl.map(FileChannelImpl.java:888)
	at org.apache.rocketmq.store.MappedFile.init(MappedFile.java:160)
	at org.apache.rocketmq.store.MappedFile.<init>(MappedFile.java:71)
	at org.apache.rocketmq.store.AllocateMappedFileService.mmapOperation(AllocateMappedFileService.java:182)
	at org.apache.rocketmq.store.AllocateMappedFileService.run(AllocateMappedFileService.java:143)
	at java.lang.Thread.run(Thread.java:745)
Caused by: java.lang.OutOfMemoryError: Map failed
	at sun.nio.ch.FileChannelImpl.map0(Native Method)
	at sun.nio.ch.FileChannelImpl.map(FileChannelImpl.java:885)
	... 5 common frames omitted
[2018-03-14 12:05:38.163]  WARN AllocateMappedFileService service has exception. 
java.io.IOException: Map failed
	at sun.nio.ch.FileChannelImpl.map(FileChannelImpl.java:888)
	at org.apache.rocketmq.store.MappedFile.init(MappedFile.java:160)
	at org.apache.rocketmq.store.MappedFile.<init>(MappedFile.java:71)
	at org.apache.rocketmq.store.AllocateMappedFileService.mmapOperation(AllocateMappedFileService.java:182)
	at org.apache.rocketmq.store.AllocateMappedFileService.run(AllocateMappedFileService.java:143)
	at java.lang.Thread.run(Thread.java:745)
Caused by: java.lang.OutOfMemoryError: Map failed
	at sun.nio.ch.FileChannelImpl.map0(Native Method)
	at sun.nio.ch.FileChannelImpl.map(FileChannelImpl.java:885)
	... 5 common frames omitted
[2018-03-14 12:05:38.371] ERROR map file C:\Users\Administrator\rocketmq-console-test\20180314120526\commitlog\00000000000000000000 Failed. 
java.io.IOException: Map failed
	at sun.nio.ch.FileChannelImpl.map(FileChannelImpl.java:888)
	at org.apache.rocketmq.store.MappedFile.init(MappedFile.java:160)
	at org.apache.rocketmq.store.MappedFile.<init>(MappedFile.java:71)
	at org.apache.rocketmq.store.AllocateMappedFileService.mmapOperation(AllocateMappedFileService.java:182)
	at org.apache.rocketmq.store.AllocateMappedFileService.run(AllocateMappedFileService.java:143)
	at java.lang.Thread.run(Thread.java:745)
Caused by: java.lang.OutOfMemoryError: Map failed
	at sun.nio.ch.FileChannelImpl.map0(Native Method)
	at sun.nio.ch.FileChannelImpl.map(FileChannelImpl.java:885)
	... 5 common frames omitted
[2018-03-14 12:05:38.371]  WARN AllocateMappedFileService service has exception. 
java.io.IOException: Map failed
	at sun.nio.ch.FileChannelImpl.map(FileChannelImpl.java:888)
	at org.apache.rocketmq.store.MappedFile.init(MappedFile.java:160)
	at org.apache.rocketmq.store.MappedFile.<init>(MappedFile.java:71)
	at org.apache.rocketmq.store.AllocateMappedFileService.mmapOperation(AllocateMappedFileService.java:182)
	at org.apache.rocketmq.store.AllocateMappedFileService.run(AllocateMappedFileService.java:143)
	at java.lang.Thread.run(Thread.java:745)
Caused by: java.lang.OutOfMemoryError: Map failed
	at sun.nio.ch.FileChannelImpl.map0(Native Method)
	at sun.nio.ch.FileChannelImpl.map(FileChannelImpl.java:885)
	... 5 common frames omitted
[2018-03-14 12:05:38.586] ERROR map file C:\Users\Administrator\rocketmq-console-test\20180314120526\commitlog\00000000000000000000 Failed. 
java.io.IOException: Map failed
	at sun.nio.ch.FileChannelImpl.map(FileChannelImpl.java:888)
	at org.apache.rocketmq.store.MappedFile.init(MappedFile.java:160)
	at org.apache.rocketmq.store.MappedFile.<init>(MappedFile.java:71)
	at org.apache.rocketmq.store.AllocateMappedFileService.mmapOperation(AllocateMappedFileService.java:182)
	at org.apache.rocketmq.store.AllocateMappedFileService.run(AllocateMappedFileService.java:143)
	at java.lang.Thread.run(Thread.java:745)
Caused by: java.lang.OutOfMemoryError: Map failed
	at sun.nio.ch.FileChannelImpl.map0(Native Method)
	at sun.nio.ch.FileChannelImpl.map(FileChannelImpl.java:885)
	... 5 common frames omitted
[2018-03-14 12:05:38.586]  WARN AllocateMappedFileService service has exception. 
java.io.IOException: Map failed
	at sun.nio.ch.FileChannelImpl.map(FileChannelImpl.java:888)
	at org.apache.rocketmq.store.MappedFile.init(MappedFile.java:160)
	at org.apache.rocketmq.store.MappedFile.<init>(MappedFile.java:71)
	at org.apache.rocketmq.store.AllocateMappedFileService.mmapOperation(AllocateMappedFileService.java:182)
	at org.apache.rocketmq.store.AllocateMappedFileService.run(AllocateMappedFileService.java:143)
	at java.lang.Thread.run(Thread.java:745)
Caused by: java.lang.OutOfMemoryError: Map failed
	at sun.nio.ch.FileChannelImpl.map0(Native Method)
	at sun.nio.ch.FileChannelImpl.map(FileChannelImpl.java:885)
	... 5 common frames omitted
[2018-03-14 12:05:38.805] ERROR map file C:\Users\Administrator\rocketmq-console-test\20180314120526\commitlog\00000000000000000000 Failed. 
java.io.IOException: Map failed
	at sun.nio.ch.FileChannelImpl.map(FileChannelImpl.java:888)
	at org.apache.rocketmq.store.MappedFile.init(MappedFile.java:160)
	at org.apache.rocketmq.store.MappedFile.<init>(MappedFile.java:71)
	at org.apache.rocketmq.store.AllocateMappedFileService.mmapOperation(AllocateMappedFileService.java:182)
	at org.apache.rocketmq.store.AllocateMappedFileService.run(AllocateMappedFileService.java:143)
	at java.lang.Thread.run(Thread.java:745)
Caused by: java.lang.OutOfMemoryError: Map failed
	at sun.nio.ch.FileChannelImpl.map0(Native Method)
	at sun.nio.ch.FileChannelImpl.map(FileChannelImpl.java:885)
	... 5 common frames omitted
[2018-03-14 12:05:38.809]  WARN AllocateMappedFileService service has exception. 
java.io.IOException: Map failed
	at sun.nio.ch.FileChannelImpl.map(FileChannelImpl.java:888)
	at org.apache.rocketmq.store.MappedFile.init(MappedFile.java:160)
	at org.apache.rocketmq.store.MappedFile.<init>(MappedFile.java:71)
	at org.apache.rocketmq.store.AllocateMappedFileService.mmapOperation(AllocateMappedFileService.java:182)
	at org.apache.rocketmq.store.AllocateMappedFileService.run(AllocateMappedFileService.java:143)
	at java.lang.Thread.run(Thread.java:745)
Caused by: java.lang.OutOfMemoryError: Map failed
	at sun.nio.ch.FileChannelImpl.map0(Native Method)
	at sun.nio.ch.FileChannelImpl.map(FileChannelImpl.java:885)
	... 5 common frames omitted
[2018-03-14 12:05:39.014] ERROR map file C:\Users\Administrator\rocketmq-console-test\20180314120526\commitlog\00000000000000000000 Failed. 
java.io.IOException: Map failed
	at sun.nio.ch.FileChannelImpl.map(FileChannelImpl.java:888)
	at org.apache.rocketmq.store.MappedFile.init(MappedFile.java:160)
	at org.apache.rocketmq.store.MappedFile.<init>(MappedFile.java:71)
	at org.apache.rocketmq.store.AllocateMappedFileService.mmapOperation(AllocateMappedFileService.java:182)
	at org.apache.rocketmq.store.AllocateMappedFileService.run(AllocateMappedFileService.java:143)
	at java.lang.Thread.run(Thread.java:745)
Caused by: java.lang.OutOfMemoryError: Map failed
	at sun.nio.ch.FileChannelImpl.map0(Native Method)
	at sun.nio.ch.FileChannelImpl.map(FileChannelImpl.java:885)
	... 5 common frames omitted
[2018-03-14 12:05:39.014]  WARN AllocateMappedFileService service has exception. 
java.io.IOException: Map failed
	at sun.nio.ch.FileChannelImpl.map(FileChannelImpl.java:888)
	at org.apache.rocketmq.store.MappedFile.init(MappedFile.java:160)
	at org.apache.rocketmq.store.MappedFile.<init>(MappedFile.java:71)
	at org.apache.rocketmq.store.AllocateMappedFileService.mmapOperation(AllocateMappedFileService.java:182)
	at org.apache.rocketmq.store.AllocateMappedFileService.run(AllocateMappedFileService.java:143)
	at java.lang.Thread.run(Thread.java:745)
Caused by: java.lang.OutOfMemoryError: Map failed
	at sun.nio.ch.FileChannelImpl.map0(Native Method)
	at sun.nio.ch.FileChannelImpl.map(FileChannelImpl.java:885)
	... 5 common frames omitted
[2018-03-14 12:05:39.233] ERROR map file C:\Users\Administrator\rocketmq-console-test\20180314120526\commitlog\00000000000000000000 Failed. 
java.io.IOException: Map failed
	at sun.nio.ch.FileChannelImpl.map(FileChannelImpl.java:888)
	at org.apache.rocketmq.store.MappedFile.init(MappedFile.java:160)
	at org.apache.rocketmq.store.MappedFile.<init>(MappedFile.java:71)
	at org.apache.rocketmq.store.AllocateMappedFileService.mmapOperation(AllocateMappedFileService.java:182)
	at org.apache.rocketmq.store.AllocateMappedFileService.run(AllocateMappedFileService.java:143)
	at java.lang.Thread.run(Thread.java:745)
Caused by: java.lang.OutOfMemoryError: Map failed
	at sun.nio.ch.FileChannelImpl.map0(Native Method)
	at sun.nio.ch.FileChannelImpl.map(FileChannelImpl.java:885)
	... 5 common frames omitted
[2018-03-14 12:05:39.233]  WARN AllocateMappedFileService service has exception. 
java.io.IOException: Map failed
	at sun.nio.ch.FileChannelImpl.map(FileChannelImpl.java:888)
	at org.apache.rocketmq.store.MappedFile.init(MappedFile.java:160)
	at org.apache.rocketmq.store.MappedFile.<init>(MappedFile.java:71)
	at org.apache.rocketmq.store.AllocateMappedFileService.mmapOperation(AllocateMappedFileService.java:182)
	at org.apache.rocketmq.store.AllocateMappedFileService.run(AllocateMappedFileService.java:143)
	at java.lang.Thread.run(Thread.java:745)
Caused by: java.lang.OutOfMemoryError: Map failed
	at sun.nio.ch.FileChannelImpl.map0(Native Method)
	at sun.nio.ch.FileChannelImpl.map(FileChannelImpl.java:885)
	... 5 common frames omitted
[2018-03-14 12:05:39.442] ERROR map file C:\Users\Administrator\rocketmq-console-test\20180314120526\commitlog\00000000000000000000 Failed. 
java.io.IOException: Map failed
	at sun.nio.ch.FileChannelImpl.map(FileChannelImpl.java:888)
	at org.apache.rocketmq.store.MappedFile.init(MappedFile.java:160)
	at org.apache.rocketmq.store.MappedFile.<init>(MappedFile.java:71)
	at org.apache.rocketmq.store.AllocateMappedFileService.mmapOperation(AllocateMappedFileService.java:182)
	at org.apache.rocketmq.store.AllocateMappedFileService.run(AllocateMappedFileService.java:143)
	at java.lang.Thread.run(Thread.java:745)
Caused by: java.lang.OutOfMemoryError: Map failed
	at sun.nio.ch.FileChannelImpl.map0(Native Method)
	at sun.nio.ch.FileChannelImpl.map(FileChannelImpl.java:885)
	... 5 common frames omitted
[2018-03-14 12:05:39.443]  WARN AllocateMappedFileService service has exception. 
java.io.IOException: Map failed
	at sun.nio.ch.FileChannelImpl.map(FileChannelImpl.java:888)
	at org.apache.rocketmq.store.MappedFile.init(MappedFile.java:160)
	at org.apache.rocketmq.store.MappedFile.<init>(MappedFile.java:71)
	at org.apache.rocketmq.store.AllocateMappedFileService.mmapOperation(AllocateMappedFileService.java:182)
	at org.apache.rocketmq.store.AllocateMappedFileService.run(AllocateMappedFileService.java:143)
	at java.lang.Thread.run(Thread.java:745)
Caused by: java.lang.OutOfMemoryError: Map failed
	at sun.nio.ch.FileChannelImpl.map0(Native Method)
	at sun.nio.ch.FileChannelImpl.map(FileChannelImpl.java:885)
	... 5 common frames omitted
[2018-03-14 12:05:39.660] ERROR map file C:\Users\Administrator\rocketmq-console-test\20180314120526\commitlog\00000000000000000000 Failed. 
java.io.IOException: Map failed
	at sun.nio.ch.FileChannelImpl.map(FileChannelImpl.java:888)
	at org.apache.rocketmq.store.MappedFile.init(MappedFile.java:160)
	at org.apache.rocketmq.store.MappedFile.<init>(MappedFile.java:71)
	at org.apache.rocketmq.store.AllocateMappedFileService.mmapOperation(AllocateMappedFileService.java:182)
	at org.apache.rocketmq.store.AllocateMappedFileService.run(AllocateMappedFileService.java:143)
	at java.lang.Thread.run(Thread.java:745)
Caused by: java.lang.OutOfMemoryError: Map failed
	at sun.nio.ch.FileChannelImpl.map0(Native Method)
	at sun.nio.ch.FileChannelImpl.map(FileChannelImpl.java:885)
	... 5 common frames omitted
[2018-03-14 12:05:39.660]  WARN AllocateMappedFileService service has exception. 
java.io.IOException: Map failed
	at sun.nio.ch.FileChannelImpl.map(FileChannelImpl.java:888)
	at org.apache.rocketmq.store.MappedFile.init(MappedFile.java:160)
	at org.apache.rocketmq.store.MappedFile.<init>(MappedFile.java:71)
	at org.apache.rocketmq.store.AllocateMappedFileService.mmapOperation(AllocateMappedFileService.java:182)
	at org.apache.rocketmq.store.AllocateMappedFileService.run(AllocateMappedFileService.java:143)
	at java.lang.Thread.run(Thread.java:745)
Caused by: java.lang.OutOfMemoryError: Map failed
	at sun.nio.ch.FileChannelImpl.map0(Native Method)
	at sun.nio.ch.FileChannelImpl.map(FileChannelImpl.java:885)
	... 5 common frames omitted
[2018-03-14 12:05:39.876] ERROR map file C:\Users\Administrator\rocketmq-console-test\20180314120526\commitlog\00000000000000000000 Failed. 
java.io.IOException: Map failed
	at sun.nio.ch.FileChannelImpl.map(FileChannelImpl.java:888)
	at org.apache.rocketmq.store.MappedFile.init(MappedFile.java:160)
	at org.apache.rocketmq.store.MappedFile.<init>(MappedFile.java:71)
	at org.apache.rocketmq.store.AllocateMappedFileService.mmapOperation(AllocateMappedFileService.java:182)
	at org.apache.rocketmq.store.AllocateMappedFileService.run(AllocateMappedFileService.java:143)
	at java.lang.Thread.run(Thread.java:745)
Caused by: java.lang.OutOfMemoryError: Map failed
	at sun.nio.ch.FileChannelImpl.map0(Native Method)
	at sun.nio.ch.FileChannelImpl.map(FileChannelImpl.java:885)
	... 5 common frames omitted
[2018-03-14 12:05:39.876]  WARN AllocateMappedFileService service has exception. 
java.io.IOException: Map failed
	at sun.nio.ch.FileChannelImpl.map(FileChannelImpl.java:888)
	at org.apache.rocketmq.store.MappedFile.init(MappedFile.java:160)
	at org.apache.rocketmq.store.MappedFile.<init>(MappedFile.java:71)
	at org.apache.rocketmq.store.AllocateMappedFileService.mmapOperation(AllocateMappedFileService.java:182)
	at org.apache.rocketmq.store.AllocateMappedFileService.run(AllocateMappedFileService.java:143)
	at java.lang.Thread.run(Thread.java:745)
Caused by: java.lang.OutOfMemoryError: Map failed
	at sun.nio.ch.FileChannelImpl.map0(Native Method)
	at sun.nio.ch.FileChannelImpl.map(FileChannelImpl.java:885)
	... 5 common frames omitted
[2018-03-14 12:05:40.091] ERROR map file C:\Users\Administrator\rocketmq-console-test\20180314120526\commitlog\00000000000000000000 Failed. 
java.io.IOException: Map failed
	at sun.nio.ch.FileChannelImpl.map(FileChannelImpl.java:888)
	at org.apache.rocketmq.store.MappedFile.init(MappedFile.java:160)
	at org.apache.rocketmq.store.MappedFile.<init>(MappedFile.java:71)
	at org.apache.rocketmq.store.AllocateMappedFileService.mmapOperation(AllocateMappedFileService.java:182)
	at org.apache.rocketmq.store.AllocateMappedFileService.run(AllocateMappedFileService.java:143)
	at java.lang.Thread.run(Thread.java:745)
Caused by: java.lang.OutOfMemoryError: Map failed
	at sun.nio.ch.FileChannelImpl.map0(Native Method)
	at sun.nio.ch.FileChannelImpl.map(FileChannelImpl.java:885)
	... 5 common frames omitted
[2018-03-14 12:05:40.091]  WARN AllocateMappedFileService service has exception. 
java.io.IOException: Map failed
	at sun.nio.ch.FileChannelImpl.map(FileChannelImpl.java:888)
	at org.apache.rocketmq.store.MappedFile.init(MappedFile.java:160)
	at org.apache.rocketmq.store.MappedFile.<init>(MappedFile.java:71)
	at org.apache.rocketmq.store.AllocateMappedFileService.mmapOperation(AllocateMappedFileService.java:182)
	at org.apache.rocketmq.store.AllocateMappedFileService.run(AllocateMappedFileService.java:143)
	at java.lang.Thread.run(Thread.java:745)
Caused by: java.lang.OutOfMemoryError: Map failed
	at sun.nio.ch.FileChannelImpl.map0(Native Method)
	at sun.nio.ch.FileChannelImpl.map(FileChannelImpl.java:885)
	... 5 common frames omitted
[2018-03-14 12:05:40.212]  WARN AllocateMappedFileService service has exception. so return null
[2018-03-14 12:05:40.212] ERROR create maped file1 error, topic: TEST_CONSOLE_TOPIC clientAddr: 127.0.0.1
[2018-03-14 12:05:40.213]  WARN sendKernelImpl exception, resend at once, InvokeID: -3392816446604649736, RT: 3ms, Broker: MessageQueue [topic=TEST_CONSOLE_TOPIC, brokerName=ConsoleTestBroker, queueId=14]
org.apache.rocketmq.client.exception.MQBrokerException: CODE: 1  DESC: create mapped file failed, server is busy or broken.
For more information, please visit the url, http://rocketmq.apache.org/docs/faq/
	at org.apache.rocketmq.client.impl.MQClientAPIImpl.processSendResponse(MQClientAPIImpl.java:531)
	at org.apache.rocketmq.client.impl.MQClientAPIImpl.sendMessageSync(MQClientAPIImpl.java:345)
	at org.apache.rocketmq.client.impl.MQClientAPIImpl.sendMessage(MQClientAPIImpl.java:327)
	at org.apache.rocketmq.client.impl.MQClientAPIImpl.sendMessage(MQClientAPIImpl.java:290)
	at org.apache.rocketmq.client.impl.producer.DefaultMQProducerImpl.sendKernelImpl(DefaultMQProducerImpl.java:688)
	at org.apache.rocketmq.client.impl.producer.DefaultMQProducerImpl.sendDefaultImpl(DefaultMQProducerImpl.java:458)
	at org.apache.rocketmq.client.impl.producer.DefaultMQProducerImpl.send(DefaultMQProducerImpl.java:1049)
	at org.apache.rocketmq.client.impl.producer.DefaultMQProducerImpl.send(DefaultMQProducerImpl.java:1008)
	at org.apache.rocketmq.client.producer.DefaultMQProducer.send(DefaultMQProducer.java:204)
	at org.apache.rocketmq.console.testbase.RocketMQConsoleTestBase.sendTestTopicMessage(RocketMQConsoleTestBase.java:107)
	at org.apache.rocketmq.console.service.impl.MessageServiceImplTest.setUp(MessageServiceImplTest.java:56)
	at sun.reflect.NativeMethodAccessorImpl.invoke0(Native Method)
	at sun.reflect.NativeMethodAccessorImpl.invoke(NativeMethodAccessorImpl.java:57)
	at sun.reflect.DelegatingMethodAccessorImpl.invoke(DelegatingMethodAccessorImpl.java:43)
	at java.lang.reflect.Method.invoke(Method.java:606)
	at org.junit.runners.model.FrameworkMethod$1.runReflectiveCall(FrameworkMethod.java:50)
	at org.junit.internal.runners.model.ReflectiveCallable.run(ReflectiveCallable.java:12)
	at org.junit.runners.model.FrameworkMethod.invokeExplosively(FrameworkMethod.java:47)
	at org.junit.internal.runners.statements.RunBefores.evaluate(RunBefores.java:24)
	at org.springframework.test.context.junit4.statements.RunBeforeTestMethodCallbacks.evaluate(RunBeforeTestMethodCallbacks.java:75)
	at org.junit.internal.runners.statements.RunAfters.evaluate(RunAfters.java:27)
	at org.springframework.test.context.junit4.statements.RunAfterTestMethodCallbacks.evaluate(RunAfterTestMethodCallbacks.java:86)
	at org.springframework.test.context.junit4.statements.SpringRepeat.evaluate(SpringRepeat.java:84)
	at org.junit.runners.ParentRunner.runLeaf(ParentRunner.java:325)
	at org.springframework.test.context.junit4.SpringJUnit4ClassRunner.runChild(SpringJUnit4ClassRunner.java:252)
	at org.springframework.test.context.junit4.SpringJUnit4ClassRunner.runChild(SpringJUnit4ClassRunner.java:94)
	at org.junit.runners.ParentRunner$3.run(ParentRunner.java:290)
	at org.junit.runners.ParentRunner$1.schedule(ParentRunner.java:71)
	at org.junit.runners.ParentRunner.runChildren(ParentRunner.java:288)
	at org.junit.runners.ParentRunner.access$000(ParentRunner.java:58)
	at org.junit.runners.ParentRunner$2.evaluate(ParentRunner.java:268)
	at org.springframework.test.context.junit4.statements.RunBeforeTestClassCallbacks.evaluate(RunBeforeTestClassCallbacks.java:61)
	at org.springframework.test.context.junit4.statements.RunAfterTestClassCallbacks.evaluate(RunAfterTestClassCallbacks.java:70)
	at org.junit.runners.ParentRunner.run(ParentRunner.java:363)
	at org.springframework.test.context.junit4.SpringJUnit4ClassRunner.run(SpringJUnit4ClassRunner.java:191)
	at org.apache.maven.surefire.junit4.JUnit4Provider.execute(JUnit4Provider.java:367)
	at org.apache.maven.surefire.junit4.JUnit4Provider.executeWithRerun(JUnit4Provider.java:274)
	at org.apache.maven.surefire.junit4.JUnit4Provider.executeTestSet(JUnit4Provider.java:238)
	at org.apache.maven.surefire.junit4.JUnit4Provider.invoke(JUnit4Provider.java:161)
	at org.apache.maven.surefire.booter.ForkedBooter.invokeProviderInSameClassLoader(ForkedBooter.java:290)
	at org.apache.maven.surefire.booter.ForkedBooter.runSuitesInProcess(ForkedBooter.java:242)
	at org.apache.maven.surefire.booter.ForkedBooter.main(ForkedBooter.java:121)
[2018-03-14 12:05:40.214]  WARN Message [topic=TEST_CONSOLE_TOPIC, flag=0, properties={KEYS=TEST_TOPIC_KEY, WAIT=true, UNIQ_KEY=C0A859EB30A4011E1E6742F7DCF2000C}, body=11]
[2018-03-14 12:05:40.215]  WARN AllocateMappedFileService service has exception. so return null
[2018-03-14 12:05:40.215] ERROR create maped file1 error, topic: TEST_CONSOLE_TOPIC clientAddr: 127.0.0.1
[2018-03-14 12:05:40.216]  WARN sendKernelImpl exception, resend at once, InvokeID: -3392816446604649736, RT: 1ms, Broker: MessageQueue [topic=TEST_CONSOLE_TOPIC, brokerName=ConsoleTestBroker, queueId=0]
org.apache.rocketmq.client.exception.MQBrokerException: CODE: 1  DESC: create mapped file failed, server is busy or broken.
For more information, please visit the url, http://rocketmq.apache.org/docs/faq/
	at org.apache.rocketmq.client.impl.MQClientAPIImpl.processSendResponse(MQClientAPIImpl.java:531)
	at org.apache.rocketmq.client.impl.MQClientAPIImpl.sendMessageSync(MQClientAPIImpl.java:345)
	at org.apache.rocketmq.client.impl.MQClientAPIImpl.sendMessage(MQClientAPIImpl.java:327)
	at org.apache.rocketmq.client.impl.MQClientAPIImpl.sendMessage(MQClientAPIImpl.java:290)
	at org.apache.rocketmq.client.impl.producer.DefaultMQProducerImpl.sendKernelImpl(DefaultMQProducerImpl.java:688)
	at org.apache.rocketmq.client.impl.producer.DefaultMQProducerImpl.sendDefaultImpl(DefaultMQProducerImpl.java:458)
	at org.apache.rocketmq.client.impl.producer.DefaultMQProducerImpl.send(DefaultMQProducerImpl.java:1049)
	at org.apache.rocketmq.client.impl.producer.DefaultMQProducerImpl.send(DefaultMQProducerImpl.java:1008)
	at org.apache.rocketmq.client.producer.DefaultMQProducer.send(DefaultMQProducer.java:204)
	at org.apache.rocketmq.console.testbase.RocketMQConsoleTestBase.sendTestTopicMessage(RocketMQConsoleTestBase.java:107)
	at org.apache.rocketmq.console.service.impl.MessageServiceImplTest.setUp(MessageServiceImplTest.java:56)
	at sun.reflect.NativeMethodAccessorImpl.invoke0(Native Method)
	at sun.reflect.NativeMethodAccessorImpl.invoke(NativeMethodAccessorImpl.java:57)
	at sun.reflect.DelegatingMethodAccessorImpl.invoke(DelegatingMethodAccessorImpl.java:43)
	at java.lang.reflect.Method.invoke(Method.java:606)
	at org.junit.runners.model.FrameworkMethod$1.runReflectiveCall(FrameworkMethod.java:50)
	at org.junit.internal.runners.model.ReflectiveCallable.run(ReflectiveCallable.java:12)
	at org.junit.runners.model.FrameworkMethod.invokeExplosively(FrameworkMethod.java:47)
	at org.junit.internal.runners.statements.RunBefores.evaluate(RunBefores.java:24)
	at org.springframework.test.context.junit4.statements.RunBeforeTestMethodCallbacks.evaluate(RunBeforeTestMethodCallbacks.java:75)
	at org.junit.internal.runners.statements.RunAfters.evaluate(RunAfters.java:27)
	at org.springframework.test.context.junit4.statements.RunAfterTestMethodCallbacks.evaluate(RunAfterTestMethodCallbacks.java:86)
	at org.springframework.test.context.junit4.statements.SpringRepeat.evaluate(SpringRepeat.java:84)
	at org.junit.runners.ParentRunner.runLeaf(ParentRunner.java:325)
	at org.springframework.test.context.junit4.SpringJUnit4ClassRunner.runChild(SpringJUnit4ClassRunner.java:252)
	at org.springframework.test.context.junit4.SpringJUnit4ClassRunner.runChild(SpringJUnit4ClassRunner.java:94)
	at org.junit.runners.ParentRunner$3.run(ParentRunner.java:290)
	at org.junit.runners.ParentRunner$1.schedule(ParentRunner.java:71)
	at org.junit.runners.ParentRunner.runChildren(ParentRunner.java:288)
	at org.junit.runners.ParentRunner.access$000(ParentRunner.java:58)
	at org.junit.runners.ParentRunner$2.evaluate(ParentRunner.java:268)
	at org.springframework.test.context.junit4.statements.RunBeforeTestClassCallbacks.evaluate(RunBeforeTestClassCallbacks.java:61)
	at org.springframework.test.context.junit4.statements.RunAfterTestClassCallbacks.evaluate(RunAfterTestClassCallbacks.java:70)
	at org.junit.runners.ParentRunner.run(ParentRunner.java:363)
	at org.springframework.test.context.junit4.SpringJUnit4ClassRunner.run(SpringJUnit4ClassRunner.java:191)
	at org.apache.maven.surefire.junit4.JUnit4Provider.execute(JUnit4Provider.java:367)
	at org.apache.maven.surefire.junit4.JUnit4Provider.executeWithRerun(JUnit4Provider.java:274)
	at org.apache.maven.surefire.junit4.JUnit4Provider.executeTestSet(JUnit4Provider.java:238)
	at org.apache.maven.surefire.junit4.JUnit4Provider.invoke(JUnit4Provider.java:161)
	at org.apache.maven.surefire.booter.ForkedBooter.invokeProviderInSameClassLoader(ForkedBooter.java:290)
	at org.apache.maven.surefire.booter.ForkedBooter.runSuitesInProcess(ForkedBooter.java:242)
	at org.apache.maven.surefire.booter.ForkedBooter.main(ForkedBooter.java:121)
[2018-03-14 12:05:40.216]  WARN Message [topic=TEST_CONSOLE_TOPIC, flag=0, properties={KEYS=TEST_TOPIC_KEY, WAIT=true, UNIQ_KEY=C0A859EB30A4011E1E6742F7DCF2000C}, body=11]
[2018-03-14 12:05:40.217]  WARN AllocateMappedFileService service has exception. so return null
[2018-03-14 12:05:40.217] ERROR create maped file1 error, topic: TEST_CONSOLE_TOPIC clientAddr: 127.0.0.1
[2018-03-14 12:05:40.218]  WARN sendKernelImpl exception, resend at once, InvokeID: -3392816446604649736, RT: 2ms, Broker: MessageQueue [topic=TEST_CONSOLE_TOPIC, brokerName=ConsoleTestBroker, queueId=2]
org.apache.rocketmq.client.exception.MQBrokerException: CODE: 1  DESC: create mapped file failed, server is busy or broken.
For more information, please visit the url, http://rocketmq.apache.org/docs/faq/
	at org.apache.rocketmq.client.impl.MQClientAPIImpl.processSendResponse(MQClientAPIImpl.java:531)
	at org.apache.rocketmq.client.impl.MQClientAPIImpl.sendMessageSync(MQClientAPIImpl.java:345)
	at org.apache.rocketmq.client.impl.MQClientAPIImpl.sendMessage(MQClientAPIImpl.java:327)
	at org.apache.rocketmq.client.impl.MQClientAPIImpl.sendMessage(MQClientAPIImpl.java:290)
	at org.apache.rocketmq.client.impl.producer.DefaultMQProducerImpl.sendKernelImpl(DefaultMQProducerImpl.java:688)
	at org.apache.rocketmq.client.impl.producer.DefaultMQProducerImpl.sendDefaultImpl(DefaultMQProducerImpl.java:458)
	at org.apache.rocketmq.client.impl.producer.DefaultMQProducerImpl.send(DefaultMQProducerImpl.java:1049)
	at org.apache.rocketmq.client.impl.producer.DefaultMQProducerImpl.send(DefaultMQProducerImpl.java:1008)
	at org.apache.rocketmq.client.producer.DefaultMQProducer.send(DefaultMQProducer.java:204)
	at org.apache.rocketmq.console.testbase.RocketMQConsoleTestBase.sendTestTopicMessage(RocketMQConsoleTestBase.java:107)
	at org.apache.rocketmq.console.service.impl.MessageServiceImplTest.setUp(MessageServiceImplTest.java:56)
	at sun.reflect.NativeMethodAccessorImpl.invoke0(Native Method)
	at sun.reflect.NativeMethodAccessorImpl.invoke(NativeMethodAccessorImpl.java:57)
	at sun.reflect.DelegatingMethodAccessorImpl.invoke(DelegatingMethodAccessorImpl.java:43)
	at java.lang.reflect.Method.invoke(Method.java:606)
	at org.junit.runners.model.FrameworkMethod$1.runReflectiveCall(FrameworkMethod.java:50)
	at org.junit.internal.runners.model.ReflectiveCallable.run(ReflectiveCallable.java:12)
	at org.junit.runners.model.FrameworkMethod.invokeExplosively(FrameworkMethod.java:47)
	at org.junit.internal.runners.statements.RunBefores.evaluate(RunBefores.java:24)
	at org.springframework.test.context.junit4.statements.RunBeforeTestMethodCallbacks.evaluate(RunBeforeTestMethodCallbacks.java:75)
	at org.junit.internal.runners.statements.RunAfters.evaluate(RunAfters.java:27)
	at org.springframework.test.context.junit4.statements.RunAfterTestMethodCallbacks.evaluate(RunAfterTestMethodCallbacks.java:86)
	at org.springframework.test.context.junit4.statements.SpringRepeat.evaluate(SpringRepeat.java:84)
	at org.junit.runners.ParentRunner.runLeaf(ParentRunner.java:325)
	at org.springframework.test.context.junit4.SpringJUnit4ClassRunner.runChild(SpringJUnit4ClassRunner.java:252)
	at org.springframework.test.context.junit4.SpringJUnit4ClassRunner.runChild(SpringJUnit4ClassRunner.java:94)
	at org.junit.runners.ParentRunner$3.run(ParentRunner.java:290)
	at org.junit.runners.ParentRunner$1.schedule(ParentRunner.java:71)
	at org.junit.runners.ParentRunner.runChildren(ParentRunner.java:288)
	at org.junit.runners.ParentRunner.access$000(ParentRunner.java:58)
	at org.junit.runners.ParentRunner$2.evaluate(ParentRunner.java:268)
	at org.springframework.test.context.junit4.statements.RunBeforeTestClassCallbacks.evaluate(RunBeforeTestClassCallbacks.java:61)
	at org.springframework.test.context.junit4.statements.RunAfterTestClassCallbacks.evaluate(RunAfterTestClassCallbacks.java:70)
	at org.junit.runners.ParentRunner.run(ParentRunner.java:363)
	at org.springframework.test.context.junit4.SpringJUnit4ClassRunner.run(SpringJUnit4ClassRunner.java:191)
	at org.apache.maven.surefire.junit4.JUnit4Provider.execute(JUnit4Provider.java:367)
	at org.apache.maven.surefire.junit4.JUnit4Provider.executeWithRerun(JUnit4Provider.java:274)
	at org.apache.maven.surefire.junit4.JUnit4Provider.executeTestSet(JUnit4Provider.java:238)
	at org.apache.maven.surefire.junit4.JUnit4Provider.invoke(JUnit4Provider.java:161)
	at org.apache.maven.surefire.booter.ForkedBooter.invokeProviderInSameClassLoader(ForkedBooter.java:290)
	at org.apache.maven.surefire.booter.ForkedBooter.runSuitesInProcess(ForkedBooter.java:242)
	at org.apache.maven.surefire.booter.ForkedBooter.main(ForkedBooter.java:121)
[2018-03-14 12:05:40.218]  WARN Message [topic=TEST_CONSOLE_TOPIC, flag=0, properties={KEYS=TEST_TOPIC_KEY, WAIT=true, UNIQ_KEY=C0A859EB30A4011E1E6742F7DCF2000C}, body=11]
[2018-03-14 12:05:40.304] ERROR map file C:\Users\Administrator\rocketmq-console-test\20180314120526\commitlog\00000000000000000000 Failed. 
java.io.IOException: Map failed
	at sun.nio.ch.FileChannelImpl.map(FileChannelImpl.java:888)
	at org.apache.rocketmq.store.MappedFile.init(MappedFile.java:160)
	at org.apache.rocketmq.store.MappedFile.<init>(MappedFile.java:71)
	at org.apache.rocketmq.store.AllocateMappedFileService.mmapOperation(AllocateMappedFileService.java:182)
	at org.apache.rocketmq.store.AllocateMappedFileService.run(AllocateMappedFileService.java:143)
	at java.lang.Thread.run(Thread.java:745)
Caused by: java.lang.OutOfMemoryError: Map failed
	at sun.nio.ch.FileChannelImpl.map0(Native Method)
	at sun.nio.ch.FileChannelImpl.map(FileChannelImpl.java:885)
	... 5 common frames omitted
[2018-03-14 12:05:40.304]  WARN AllocateMappedFileService service has exception. 
java.io.IOException: Map failed
	at sun.nio.ch.FileChannelImpl.map(FileChannelImpl.java:888)
	at org.apache.rocketmq.store.MappedFile.init(MappedFile.java:160)
	at org.apache.rocketmq.store.MappedFile.<init>(MappedFile.java:71)
	at org.apache.rocketmq.store.AllocateMappedFileService.mmapOperation(AllocateMappedFileService.java:182)
	at org.apache.rocketmq.store.AllocateMappedFileService.run(AllocateMappedFileService.java:143)
	at java.lang.Thread.run(Thread.java:745)
Caused by: java.lang.OutOfMemoryError: Map failed
	at sun.nio.ch.FileChannelImpl.map0(Native Method)
	at sun.nio.ch.FileChannelImpl.map(FileChannelImpl.java:885)
	... 5 common frames omitted
[2018-03-14 12:05:40.524] ERROR map file C:\Users\Administrator\rocketmq-console-test\20180314120526\commitlog\00000000000000000000 Failed. 
java.io.IOException: Map failed
	at sun.nio.ch.FileChannelImpl.map(FileChannelImpl.java:888)
	at org.apache.rocketmq.store.MappedFile.init(MappedFile.java:160)
	at org.apache.rocketmq.store.MappedFile.<init>(MappedFile.java:71)
	at org.apache.rocketmq.store.AllocateMappedFileService.mmapOperation(AllocateMappedFileService.java:182)
	at org.apache.rocketmq.store.AllocateMappedFileService.run(AllocateMappedFileService.java:143)
	at java.lang.Thread.run(Thread.java:745)
Caused by: java.lang.OutOfMemoryError: Map failed
	at sun.nio.ch.FileChannelImpl.map0(Native Method)
	at sun.nio.ch.FileChannelImpl.map(FileChannelImpl.java:885)
	... 5 common frames omitted
[2018-03-14 12:05:40.524]  WARN AllocateMappedFileService service has exception. 
java.io.IOException: Map failed
	at sun.nio.ch.FileChannelImpl.map(FileChannelImpl.java:888)
	at org.apache.rocketmq.store.MappedFile.init(MappedFile.java:160)
	at org.apache.rocketmq.store.MappedFile.<init>(MappedFile.java:71)
	at org.apache.rocketmq.store.AllocateMappedFileService.mmapOperation(AllocateMappedFileService.java:182)
	at org.apache.rocketmq.store.AllocateMappedFileService.run(AllocateMappedFileService.java:143)
	at java.lang.Thread.run(Thread.java:745)
Caused by: java.lang.OutOfMemoryError: Map failed
	at sun.nio.ch.FileChannelImpl.map0(Native Method)
	at sun.nio.ch.FileChannelImpl.map(FileChannelImpl.java:885)
	... 5 common frames omitted
[2018-03-14 12:05:40.721]  WARN AllocateMappedFileService service has exception. so return null
[2018-03-14 12:05:40.721] ERROR create maped file1 error, topic: TEST_CONSOLE_TOPIC clientAddr: 127.0.0.1
[2018-03-14 12:05:40.724]  WARN sendKernelImpl exception, resend at once, InvokeID: 9072759439917022460, RT: 6ms, Broker: MessageQueue [topic=TEST_CONSOLE_TOPIC, brokerName=ConsoleTestBroker, queueId=3]
org.apache.rocketmq.client.exception.MQBrokerException: CODE: 1  DESC: create mapped file failed, server is busy or broken.
For more information, please visit the url, http://rocketmq.apache.org/docs/faq/
	at org.apache.rocketmq.client.impl.MQClientAPIImpl.processSendResponse(MQClientAPIImpl.java:531)
	at org.apache.rocketmq.client.impl.MQClientAPIImpl.sendMessageSync(MQClientAPIImpl.java:345)
	at org.apache.rocketmq.client.impl.MQClientAPIImpl.sendMessage(MQClientAPIImpl.java:327)
	at org.apache.rocketmq.client.impl.MQClientAPIImpl.sendMessage(MQClientAPIImpl.java:290)
	at org.apache.rocketmq.client.impl.producer.DefaultMQProducerImpl.sendKernelImpl(DefaultMQProducerImpl.java:688)
	at org.apache.rocketmq.client.impl.producer.DefaultMQProducerImpl.sendDefaultImpl(DefaultMQProducerImpl.java:458)
	at org.apache.rocketmq.client.impl.producer.DefaultMQProducerImpl.send(DefaultMQProducerImpl.java:1049)
	at org.apache.rocketmq.client.impl.producer.DefaultMQProducerImpl.send(DefaultMQProducerImpl.java:1008)
	at org.apache.rocketmq.client.producer.DefaultMQProducer.send(DefaultMQProducer.java:204)
	at org.apache.rocketmq.console.testbase.RocketMQConsoleTestBase.sendTestTopicMessage(RocketMQConsoleTestBase.java:107)
	at org.apache.rocketmq.console.service.impl.MessageServiceImplTest.setUp(MessageServiceImplTest.java:56)
	at sun.reflect.NativeMethodAccessorImpl.invoke0(Native Method)
	at sun.reflect.NativeMethodAccessorImpl.invoke(NativeMethodAccessorImpl.java:57)
	at sun.reflect.DelegatingMethodAccessorImpl.invoke(DelegatingMethodAccessorImpl.java:43)
	at java.lang.reflect.Method.invoke(Method.java:606)
	at org.junit.runners.model.FrameworkMethod$1.runReflectiveCall(FrameworkMethod.java:50)
	at org.junit.internal.runners.model.ReflectiveCallable.run(ReflectiveCallable.java:12)
	at org.junit.runners.model.FrameworkMethod.invokeExplosively(FrameworkMethod.java:47)
	at org.junit.internal.runners.statements.RunBefores.evaluate(RunBefores.java:24)
	at org.springframework.test.context.junit4.statements.RunBeforeTestMethodCallbacks.evaluate(RunBeforeTestMethodCallbacks.java:75)
	at org.junit.internal.runners.statements.RunAfters.evaluate(RunAfters.java:27)
	at org.springframework.test.context.junit4.statements.RunAfterTestMethodCallbacks.evaluate(RunAfterTestMethodCallbacks.java:86)
	at org.springframework.test.context.junit4.statements.SpringRepeat.evaluate(SpringRepeat.java:84)
	at org.junit.runners.ParentRunner.runLeaf(ParentRunner.java:325)
	at org.springframework.test.context.junit4.SpringJUnit4ClassRunner.runChild(SpringJUnit4ClassRunner.java:252)
	at org.springframework.test.context.junit4.SpringJUnit4ClassRunner.runChild(SpringJUnit4ClassRunner.java:94)
	at org.junit.runners.ParentRunner$3.run(ParentRunner.java:290)
	at org.junit.runners.ParentRunner$1.schedule(ParentRunner.java:71)
	at org.junit.runners.ParentRunner.runChildren(ParentRunner.java:288)
	at org.junit.runners.ParentRunner.access$000(ParentRunner.java:58)
	at org.junit.runners.ParentRunner$2.evaluate(ParentRunner.java:268)
	at org.springframework.test.context.junit4.statements.RunBeforeTestClassCallbacks.evaluate(RunBeforeTestClassCallbacks.java:61)
	at org.springframework.test.context.junit4.statements.RunAfterTestClassCallbacks.evaluate(RunAfterTestClassCallbacks.java:70)
	at org.junit.runners.ParentRunner.run(ParentRunner.java:363)
	at org.springframework.test.context.junit4.SpringJUnit4ClassRunner.run(SpringJUnit4ClassRunner.java:191)
	at org.apache.maven.surefire.junit4.JUnit4Provider.execute(JUnit4Provider.java:367)
	at org.apache.maven.surefire.junit4.JUnit4Provider.executeWithRerun(JUnit4Provider.java:274)
	at org.apache.maven.surefire.junit4.JUnit4Provider.executeTestSet(JUnit4Provider.java:238)
	at org.apache.maven.surefire.junit4.JUnit4Provider.invoke(JUnit4Provider.java:161)
	at org.apache.maven.surefire.booter.ForkedBooter.invokeProviderInSameClassLoader(ForkedBooter.java:290)
	at org.apache.maven.surefire.booter.ForkedBooter.runSuitesInProcess(ForkedBooter.java:242)
	at org.apache.maven.surefire.booter.ForkedBooter.main(ForkedBooter.java:121)
[2018-03-14 12:05:40.725]  WARN Message [topic=TEST_CONSOLE_TOPIC, flag=0, properties={KEYS=TEST_TOPIC_KEY, WAIT=true, UNIQ_KEY=C0A859EB30A4011E1E6742F7DCF2000C}, body=11]
[2018-03-14 12:05:40.742]  WARN AllocateMappedFileService service has exception. so return null
[2018-03-14 12:05:40.742] ERROR create maped file1 error, topic: TEST_CONSOLE_TOPIC clientAddr: 127.0.0.1
[2018-03-14 12:05:40.744]  WARN sendKernelImpl exception, resend at once, InvokeID: 9072759439917022460, RT: 18ms, Broker: MessageQueue [topic=TEST_CONSOLE_TOPIC, brokerName=ConsoleTestBroker, queueId=5]
org.apache.rocketmq.client.exception.MQBrokerException: CODE: 1  DESC: create mapped file failed, server is busy or broken.
For more information, please visit the url, http://rocketmq.apache.org/docs/faq/
	at org.apache.rocketmq.client.impl.MQClientAPIImpl.processSendResponse(MQClientAPIImpl.java:531)
	at org.apache.rocketmq.client.impl.MQClientAPIImpl.sendMessageSync(MQClientAPIImpl.java:345)
	at org.apache.rocketmq.client.impl.MQClientAPIImpl.sendMessage(MQClientAPIImpl.java:327)
	at org.apache.rocketmq.client.impl.MQClientAPIImpl.sendMessage(MQClientAPIImpl.java:290)
	at org.apache.rocketmq.client.impl.producer.DefaultMQProducerImpl.sendKernelImpl(DefaultMQProducerImpl.java:688)
	at org.apache.rocketmq.client.impl.producer.DefaultMQProducerImpl.sendDefaultImpl(DefaultMQProducerImpl.java:458)
	at org.apache.rocketmq.client.impl.producer.DefaultMQProducerImpl.send(DefaultMQProducerImpl.java:1049)
	at org.apache.rocketmq.client.impl.producer.DefaultMQProducerImpl.send(DefaultMQProducerImpl.java:1008)
	at org.apache.rocketmq.client.producer.DefaultMQProducer.send(DefaultMQProducer.java:204)
	at org.apache.rocketmq.console.testbase.RocketMQConsoleTestBase.sendTestTopicMessage(RocketMQConsoleTestBase.java:107)
	at org.apache.rocketmq.console.service.impl.MessageServiceImplTest.setUp(MessageServiceImplTest.java:56)
	at sun.reflect.NativeMethodAccessorImpl.invoke0(Native Method)
	at sun.reflect.NativeMethodAccessorImpl.invoke(NativeMethodAccessorImpl.java:57)
	at sun.reflect.DelegatingMethodAccessorImpl.invoke(DelegatingMethodAccessorImpl.java:43)
	at java.lang.reflect.Method.invoke(Method.java:606)
	at org.junit.runners.model.FrameworkMethod$1.runReflectiveCall(FrameworkMethod.java:50)
	at org.junit.internal.runners.model.ReflectiveCallable.run(ReflectiveCallable.java:12)
	at org.junit.runners.model.FrameworkMethod.invokeExplosively(FrameworkMethod.java:47)
	at org.junit.internal.runners.statements.RunBefores.evaluate(RunBefores.java:24)
	at org.springframework.test.context.junit4.statements.RunBeforeTestMethodCallbacks.evaluate(RunBeforeTestMethodCallbacks.java:75)
	at org.junit.internal.runners.statements.RunAfters.evaluate(RunAfters.java:27)
	at org.springframework.test.context.junit4.statements.RunAfterTestMethodCallbacks.evaluate(RunAfterTestMethodCallbacks.java:86)
	at org.springframework.test.context.junit4.statements.SpringRepeat.evaluate(SpringRepeat.java:84)
	at org.junit.runners.ParentRunner.runLeaf(ParentRunner.java:325)
	at org.springframework.test.context.junit4.SpringJUnit4ClassRunner.runChild(SpringJUnit4ClassRunner.java:252)
	at org.springframework.test.context.junit4.SpringJUnit4ClassRunner.runChild(SpringJUnit4ClassRunner.java:94)
	at org.junit.runners.ParentRunner$3.run(ParentRunner.java:290)
	at org.junit.runners.ParentRunner$1.schedule(ParentRunner.java:71)
	at org.junit.runners.ParentRunner.runChildren(ParentRunner.java:288)
	at org.junit.runners.ParentRunner.access$000(ParentRunner.java:58)
	at org.junit.runners.ParentRunner$2.evaluate(ParentRunner.java:268)
	at org.springframework.test.context.junit4.statements.RunBeforeTestClassCallbacks.evaluate(RunBeforeTestClassCallbacks.java:61)
	at org.springframework.test.context.junit4.statements.RunAfterTestClassCallbacks.evaluate(RunAfterTestClassCallbacks.java:70)
	at org.junit.runners.ParentRunner.run(ParentRunner.java:363)
	at org.springframework.test.context.junit4.SpringJUnit4ClassRunner.run(SpringJUnit4ClassRunner.java:191)
	at org.apache.maven.surefire.junit4.JUnit4Provider.execute(JUnit4Provider.java:367)
	at org.apache.maven.surefire.junit4.JUnit4Provider.executeWithRerun(JUnit4Provider.java:274)
	at org.apache.maven.surefire.junit4.JUnit4Provider.executeTestSet(JUnit4Provider.java:238)
	at org.apache.maven.surefire.junit4.JUnit4Provider.invoke(JUnit4Provider.java:161)
	at org.apache.maven.surefire.booter.ForkedBooter.invokeProviderInSameClassLoader(ForkedBooter.java:290)
	at org.apache.maven.surefire.booter.ForkedBooter.runSuitesInProcess(ForkedBooter.java:242)
	at org.apache.maven.surefire.booter.ForkedBooter.main(ForkedBooter.java:121)
[2018-03-14 12:05:40.744]  WARN Message [topic=TEST_CONSOLE_TOPIC, flag=0, properties={KEYS=TEST_TOPIC_KEY, WAIT=true, UNIQ_KEY=C0A859EB30A4011E1E6742F7DCF2000C}, body=11]
[2018-03-14 12:05:40.745]  WARN AllocateMappedFileService service has exception. so return null
[2018-03-14 12:05:40.745] ERROR create maped file1 error, topic: TEST_CONSOLE_TOPIC clientAddr: 127.0.0.1
[2018-03-14 12:05:40.752]  WARN sendKernelImpl exception, resend at once, InvokeID: 9072759439917022460, RT: 8ms, Broker: MessageQueue [topic=TEST_CONSOLE_TOPIC, brokerName=ConsoleTestBroker, queueId=7]
org.apache.rocketmq.client.exception.MQBrokerException: CODE: 1  DESC: create mapped file failed, server is busy or broken.
For more information, please visit the url, http://rocketmq.apache.org/docs/faq/
	at org.apache.rocketmq.client.impl.MQClientAPIImpl.processSendResponse(MQClientAPIImpl.java:531)
	at org.apache.rocketmq.client.impl.MQClientAPIImpl.sendMessageSync(MQClientAPIImpl.java:345)
	at org.apache.rocketmq.client.impl.MQClientAPIImpl.sendMessage(MQClientAPIImpl.java:327)
	at org.apache.rocketmq.client.impl.MQClientAPIImpl.sendMessage(MQClientAPIImpl.java:290)
	at org.apache.rocketmq.client.impl.producer.DefaultMQProducerImpl.sendKernelImpl(DefaultMQProducerImpl.java:688)
	at org.apache.rocketmq.client.impl.producer.DefaultMQProducerImpl.sendDefaultImpl(DefaultMQProducerImpl.java:458)
	at org.apache.rocketmq.client.impl.producer.DefaultMQProducerImpl.send(DefaultMQProducerImpl.java:1049)
	at org.apache.rocketmq.client.impl.producer.DefaultMQProducerImpl.send(DefaultMQProducerImpl.java:1008)
	at org.apache.rocketmq.client.producer.DefaultMQProducer.send(DefaultMQProducer.java:204)
	at org.apache.rocketmq.console.testbase.RocketMQConsoleTestBase.sendTestTopicMessage(RocketMQConsoleTestBase.java:107)
	at org.apache.rocketmq.console.service.impl.MessageServiceImplTest.setUp(MessageServiceImplTest.java:56)
	at sun.reflect.NativeMethodAccessorImpl.invoke0(Native Method)
	at sun.reflect.NativeMethodAccessorImpl.invoke(NativeMethodAccessorImpl.java:57)
	at sun.reflect.DelegatingMethodAccessorImpl.invoke(DelegatingMethodAccessorImpl.java:43)
	at java.lang.reflect.Method.invoke(Method.java:606)
	at org.junit.runners.model.FrameworkMethod$1.runReflectiveCall(FrameworkMethod.java:50)
	at org.junit.internal.runners.model.ReflectiveCallable.run(ReflectiveCallable.java:12)
	at org.junit.runners.model.FrameworkMethod.invokeExplosively(FrameworkMethod.java:47)
	at org.junit.internal.runners.statements.RunBefores.evaluate(RunBefores.java:24)
	at org.springframework.test.context.junit4.statements.RunBeforeTestMethodCallbacks.evaluate(RunBeforeTestMethodCallbacks.java:75)
	at org.junit.internal.runners.statements.RunAfters.evaluate(RunAfters.java:27)
	at org.springframework.test.context.junit4.statements.RunAfterTestMethodCallbacks.evaluate(RunAfterTestMethodCallbacks.java:86)
	at org.springframework.test.context.junit4.statements.SpringRepeat.evaluate(SpringRepeat.java:84)
	at org.junit.runners.ParentRunner.runLeaf(ParentRunner.java:325)
	at org.springframework.test.context.junit4.SpringJUnit4ClassRunner.runChild(SpringJUnit4ClassRunner.java:252)
	at org.springframework.test.context.junit4.SpringJUnit4ClassRunner.runChild(SpringJUnit4ClassRunner.java:94)
	at org.junit.runners.ParentRunner$3.run(ParentRunner.java:290)
	at org.junit.runners.ParentRunner$1.schedule(ParentRunner.java:71)
	at org.junit.runners.ParentRunner.runChildren(ParentRunner.java:288)
	at org.junit.runners.ParentRunner.access$000(ParentRunner.java:58)
	at org.junit.runners.ParentRunner$2.evaluate(ParentRunner.java:268)
	at org.springframework.test.context.junit4.statements.RunBeforeTestClassCallbacks.evaluate(RunBeforeTestClassCallbacks.java:61)
	at org.springframework.test.context.junit4.statements.RunAfterTestClassCallbacks.evaluate(RunAfterTestClassCallbacks.java:70)
	at org.junit.runners.ParentRunner.run(ParentRunner.java:363)
	at org.springframework.test.context.junit4.SpringJUnit4ClassRunner.run(SpringJUnit4ClassRunner.java:191)
	at org.apache.maven.surefire.junit4.JUnit4Provider.execute(JUnit4Provider.java:367)
	at org.apache.maven.surefire.junit4.JUnit4Provider.executeWithRerun(JUnit4Provider.java:274)
	at org.apache.maven.surefire.junit4.JUnit4Provider.executeTestSet(JUnit4Provider.java:238)
	at org.apache.maven.surefire.junit4.JUnit4Provider.invoke(JUnit4Provider.java:161)
	at org.apache.maven.surefire.booter.ForkedBooter.invokeProviderInSameClassLoader(ForkedBooter.java:290)
	at org.apache.maven.surefire.booter.ForkedBooter.runSuitesInProcess(ForkedBooter.java:242)
	at org.apache.maven.surefire.booter.ForkedBooter.main(ForkedBooter.java:121)
[2018-03-14 12:05:40.752]  WARN Message [topic=TEST_CONSOLE_TOPIC, flag=0, properties={KEYS=TEST_TOPIC_KEY, WAIT=true, UNIQ_KEY=C0A859EB30A4011E1E6742F7DCF2000C}, body=11]
[2018-03-14 12:05:40.760] ERROR map file C:\Users\Administrator\rocketmq-console-test\20180314120526\commitlog\00000000000000000000 Failed. 
java.io.IOException: Map failed
	at sun.nio.ch.FileChannelImpl.map(FileChannelImpl.java:888)
	at org.apache.rocketmq.store.MappedFile.init(MappedFile.java:160)
	at org.apache.rocketmq.store.MappedFile.<init>(MappedFile.java:71)
	at org.apache.rocketmq.store.AllocateMappedFileService.mmapOperation(AllocateMappedFileService.java:182)
	at org.apache.rocketmq.store.AllocateMappedFileService.run(AllocateMappedFileService.java:143)
	at java.lang.Thread.run(Thread.java:745)
Caused by: java.lang.OutOfMemoryError: Map failed
	at sun.nio.ch.FileChannelImpl.map0(Native Method)
	at sun.nio.ch.FileChannelImpl.map(FileChannelImpl.java:885)
	... 5 common frames omitted
[2018-03-14 12:05:40.760]  WARN AllocateMappedFileService service has exception. 
java.io.IOException: Map failed
	at sun.nio.ch.FileChannelImpl.map(FileChannelImpl.java:888)
	at org.apache.rocketmq.store.MappedFile.init(MappedFile.java:160)
	at org.apache.rocketmq.store.MappedFile.<init>(MappedFile.java:71)
	at org.apache.rocketmq.store.AllocateMappedFileService.mmapOperation(AllocateMappedFileService.java:182)
	at org.apache.rocketmq.store.AllocateMappedFileService.run(AllocateMappedFileService.java:143)
	at java.lang.Thread.run(Thread.java:745)
Caused by: java.lang.OutOfMemoryError: Map failed
	at sun.nio.ch.FileChannelImpl.map0(Native Method)
	at sun.nio.ch.FileChannelImpl.map(FileChannelImpl.java:885)
	... 5 common frames omitted
[2018-03-14 12:05:40.980] ERROR map file C:\Users\Administrator\rocketmq-console-test\20180314120526\commitlog\00000000000000000000 Failed. 
java.io.IOException: Map failed
	at sun.nio.ch.FileChannelImpl.map(FileChannelImpl.java:888)
	at org.apache.rocketmq.store.MappedFile.init(MappedFile.java:160)
	at org.apache.rocketmq.store.MappedFile.<init>(MappedFile.java:71)
	at org.apache.rocketmq.store.AllocateMappedFileService.mmapOperation(AllocateMappedFileService.java:182)
	at org.apache.rocketmq.store.AllocateMappedFileService.run(AllocateMappedFileService.java:143)
	at java.lang.Thread.run(Thread.java:745)
Caused by: java.lang.OutOfMemoryError: Map failed
	at sun.nio.ch.FileChannelImpl.map0(Native Method)
	at sun.nio.ch.FileChannelImpl.map(FileChannelImpl.java:885)
	... 5 common frames omitted
[2018-03-14 12:05:40.981]  WARN AllocateMappedFileService service has exception. 
java.io.IOException: Map failed
	at sun.nio.ch.FileChannelImpl.map(FileChannelImpl.java:888)
	at org.apache.rocketmq.store.MappedFile.init(MappedFile.java:160)
	at org.apache.rocketmq.store.MappedFile.<init>(MappedFile.java:71)
	at org.apache.rocketmq.store.AllocateMappedFileService.mmapOperation(AllocateMappedFileService.java:182)
	at org.apache.rocketmq.store.AllocateMappedFileService.run(AllocateMappedFileService.java:143)
	at java.lang.Thread.run(Thread.java:745)
Caused by: java.lang.OutOfMemoryError: Map failed
	at sun.nio.ch.FileChannelImpl.map0(Native Method)
	at sun.nio.ch.FileChannelImpl.map(FileChannelImpl.java:885)
	... 5 common frames omitted
[2018-03-14 12:05:41.196] ERROR map file C:\Users\Administrator\rocketmq-console-test\20180314120526\commitlog\00000000000000000000 Failed. 
java.io.IOException: Map failed
	at sun.nio.ch.FileChannelImpl.map(FileChannelImpl.java:888)
	at org.apache.rocketmq.store.MappedFile.init(MappedFile.java:160)
	at org.apache.rocketmq.store.MappedFile.<init>(MappedFile.java:71)
	at org.apache.rocketmq.store.AllocateMappedFileService.mmapOperation(AllocateMappedFileService.java:182)
	at org.apache.rocketmq.store.AllocateMappedFileService.run(AllocateMappedFileService.java:143)
	at java.lang.Thread.run(Thread.java:745)
Caused by: java.lang.OutOfMemoryError: Map failed
	at sun.nio.ch.FileChannelImpl.map0(Native Method)
	at sun.nio.ch.FileChannelImpl.map(FileChannelImpl.java:885)
	... 5 common frames omitted
[2018-03-14 12:05:41.196]  WARN AllocateMappedFileService service has exception. 
java.io.IOException: Map failed
	at sun.nio.ch.FileChannelImpl.map(FileChannelImpl.java:888)
	at org.apache.rocketmq.store.MappedFile.init(MappedFile.java:160)
	at org.apache.rocketmq.store.MappedFile.<init>(MappedFile.java:71)
	at org.apache.rocketmq.store.AllocateMappedFileService.mmapOperation(AllocateMappedFileService.java:182)
	at org.apache.rocketmq.store.AllocateMappedFileService.run(AllocateMappedFileService.java:143)
	at java.lang.Thread.run(Thread.java:745)
Caused by: java.lang.OutOfMemoryError: Map failed
	at sun.nio.ch.FileChannelImpl.map0(Native Method)
	at sun.nio.ch.FileChannelImpl.map(FileChannelImpl.java:885)
	... 5 common frames omitted
[2018-03-14 12:05:41.307]  WARN AllocateMappedFileService service has exception. so return null
[2018-03-14 12:05:41.308] ERROR create maped file1 error, topic: TEST_CONSOLE_TOPIC clientAddr: 127.0.0.1
[2018-03-14 12:05:41.310]  WARN sendKernelImpl exception, resend at once, InvokeID: -7688962571956170757, RT: 5ms, Broker: MessageQueue [topic=TEST_CONSOLE_TOPIC, brokerName=ConsoleTestBroker, queueId=8]
org.apache.rocketmq.client.exception.MQBrokerException: CODE: 1  DESC: create mapped file failed, server is busy or broken.
For more information, please visit the url, http://rocketmq.apache.org/docs/faq/
	at org.apache.rocketmq.client.impl.MQClientAPIImpl.processSendResponse(MQClientAPIImpl.java:531)
	at org.apache.rocketmq.client.impl.MQClientAPIImpl.sendMessageSync(MQClientAPIImpl.java:345)
	at org.apache.rocketmq.client.impl.MQClientAPIImpl.sendMessage(MQClientAPIImpl.java:327)
	at org.apache.rocketmq.client.impl.MQClientAPIImpl.sendMessage(MQClientAPIImpl.java:290)
	at org.apache.rocketmq.client.impl.producer.DefaultMQProducerImpl.sendKernelImpl(DefaultMQProducerImpl.java:688)
	at org.apache.rocketmq.client.impl.producer.DefaultMQProducerImpl.sendDefaultImpl(DefaultMQProducerImpl.java:458)
	at org.apache.rocketmq.client.impl.producer.DefaultMQProducerImpl.send(DefaultMQProducerImpl.java:1049)
	at org.apache.rocketmq.client.impl.producer.DefaultMQProducerImpl.send(DefaultMQProducerImpl.java:1008)
	at org.apache.rocketmq.client.producer.DefaultMQProducer.send(DefaultMQProducer.java:204)
	at org.apache.rocketmq.console.testbase.RocketMQConsoleTestBase.sendTestTopicMessage(RocketMQConsoleTestBase.java:107)
	at org.apache.rocketmq.console.service.impl.MessageServiceImplTest.setUp(MessageServiceImplTest.java:56)
	at sun.reflect.NativeMethodAccessorImpl.invoke0(Native Method)
	at sun.reflect.NativeMethodAccessorImpl.invoke(NativeMethodAccessorImpl.java:57)
	at sun.reflect.DelegatingMethodAccessorImpl.invoke(DelegatingMethodAccessorImpl.java:43)
	at java.lang.reflect.Method.invoke(Method.java:606)
	at org.junit.runners.model.FrameworkMethod$1.runReflectiveCall(FrameworkMethod.java:50)
	at org.junit.internal.runners.model.ReflectiveCallable.run(ReflectiveCallable.java:12)
	at org.junit.runners.model.FrameworkMethod.invokeExplosively(FrameworkMethod.java:47)
	at org.junit.internal.runners.statements.RunBefores.evaluate(RunBefores.java:24)
	at org.springframework.test.context.junit4.statements.RunBeforeTestMethodCallbacks.evaluate(RunBeforeTestMethodCallbacks.java:75)
	at org.junit.internal.runners.statements.RunAfters.evaluate(RunAfters.java:27)
	at org.springframework.test.context.junit4.statements.RunAfterTestMethodCallbacks.evaluate(RunAfterTestMethodCallbacks.java:86)
	at org.springframework.test.context.junit4.statements.SpringRepeat.evaluate(SpringRepeat.java:84)
	at org.junit.runners.ParentRunner.runLeaf(ParentRunner.java:325)
	at org.springframework.test.context.junit4.SpringJUnit4ClassRunner.runChild(SpringJUnit4ClassRunner.java:252)
	at org.springframework.test.context.junit4.SpringJUnit4ClassRunner.runChild(SpringJUnit4ClassRunner.java:94)
	at org.junit.runners.ParentRunner$3.run(ParentRunner.java:290)
	at org.junit.runners.ParentRunner$1.schedule(ParentRunner.java:71)
	at org.junit.runners.ParentRunner.runChildren(ParentRunner.java:288)
	at org.junit.runners.ParentRunner.access$000(ParentRunner.java:58)
	at org.junit.runners.ParentRunner$2.evaluate(ParentRunner.java:268)
	at org.springframework.test.context.junit4.statements.RunBeforeTestClassCallbacks.evaluate(RunBeforeTestClassCallbacks.java:61)
	at org.springframework.test.context.junit4.statements.RunAfterTestClassCallbacks.evaluate(RunAfterTestClassCallbacks.java:70)
	at org.junit.runners.ParentRunner.run(ParentRunner.java:363)
	at org.springframework.test.context.junit4.SpringJUnit4ClassRunner.run(SpringJUnit4ClassRunner.java:191)
	at org.apache.maven.surefire.junit4.JUnit4Provider.execute(JUnit4Provider.java:367)
	at org.apache.maven.surefire.junit4.JUnit4Provider.executeWithRerun(JUnit4Provider.java:274)
	at org.apache.maven.surefire.junit4.JUnit4Provider.executeTestSet(JUnit4Provider.java:238)
	at org.apache.maven.surefire.junit4.JUnit4Provider.invoke(JUnit4Provider.java:161)
	at org.apache.maven.surefire.booter.ForkedBooter.invokeProviderInSameClassLoader(ForkedBooter.java:290)
	at org.apache.maven.surefire.booter.ForkedBooter.runSuitesInProcess(ForkedBooter.java:242)
	at org.apache.maven.surefire.booter.ForkedBooter.main(ForkedBooter.java:121)
[2018-03-14 12:05:41.310]  WARN Message [topic=TEST_CONSOLE_TOPIC, flag=0, properties={KEYS=TEST_TOPIC_KEY, WAIT=true, UNIQ_KEY=C0A859EB30A4011E1E6742F7DCF2000C}, body=11]
[2018-03-14 12:05:41.312]  WARN AllocateMappedFileService service has exception. so return null
[2018-03-14 12:05:41.312] ERROR create maped file1 error, topic: TEST_CONSOLE_TOPIC clientAddr: 127.0.0.1
[2018-03-14 12:05:41.313]  WARN sendKernelImpl exception, resend at once, InvokeID: -7688962571956170757, RT: 1ms, Broker: MessageQueue [topic=TEST_CONSOLE_TOPIC, brokerName=ConsoleTestBroker, queueId=10]
org.apache.rocketmq.client.exception.MQBrokerException: CODE: 1  DESC: create mapped file failed, server is busy or broken.
For more information, please visit the url, http://rocketmq.apache.org/docs/faq/
	at org.apache.rocketmq.client.impl.MQClientAPIImpl.processSendResponse(MQClientAPIImpl.java:531)
	at org.apache.rocketmq.client.impl.MQClientAPIImpl.sendMessageSync(MQClientAPIImpl.java:345)
	at org.apache.rocketmq.client.impl.MQClientAPIImpl.sendMessage(MQClientAPIImpl.java:327)
	at org.apache.rocketmq.client.impl.MQClientAPIImpl.sendMessage(MQClientAPIImpl.java:290)
	at org.apache.rocketmq.client.impl.producer.DefaultMQProducerImpl.sendKernelImpl(DefaultMQProducerImpl.java:688)
	at org.apache.rocketmq.client.impl.producer.DefaultMQProducerImpl.sendDefaultImpl(DefaultMQProducerImpl.java:458)
	at org.apache.rocketmq.client.impl.producer.DefaultMQProducerImpl.send(DefaultMQProducerImpl.java:1049)
	at org.apache.rocketmq.client.impl.producer.DefaultMQProducerImpl.send(DefaultMQProducerImpl.java:1008)
	at org.apache.rocketmq.client.producer.DefaultMQProducer.send(DefaultMQProducer.java:204)
	at org.apache.rocketmq.console.testbase.RocketMQConsoleTestBase.sendTestTopicMessage(RocketMQConsoleTestBase.java:107)
	at org.apache.rocketmq.console.service.impl.MessageServiceImplTest.setUp(MessageServiceImplTest.java:56)
	at sun.reflect.NativeMethodAccessorImpl.invoke0(Native Method)
	at sun.reflect.NativeMethodAccessorImpl.invoke(NativeMethodAccessorImpl.java:57)
	at sun.reflect.DelegatingMethodAccessorImpl.invoke(DelegatingMethodAccessorImpl.java:43)
	at java.lang.reflect.Method.invoke(Method.java:606)
	at org.junit.runners.model.FrameworkMethod$1.runReflectiveCall(FrameworkMethod.java:50)
	at org.junit.internal.runners.model.ReflectiveCallable.run(ReflectiveCallable.java:12)
	at org.junit.runners.model.FrameworkMethod.invokeExplosively(FrameworkMethod.java:47)
	at org.junit.internal.runners.statements.RunBefores.evaluate(RunBefores.java:24)
	at org.springframework.test.context.junit4.statements.RunBeforeTestMethodCallbacks.evaluate(RunBeforeTestMethodCallbacks.java:75)
	at org.junit.internal.runners.statements.RunAfters.evaluate(RunAfters.java:27)
	at org.springframework.test.context.junit4.statements.RunAfterTestMethodCallbacks.evaluate(RunAfterTestMethodCallbacks.java:86)
	at org.springframework.test.context.junit4.statements.SpringRepeat.evaluate(SpringRepeat.java:84)
	at org.junit.runners.ParentRunner.runLeaf(ParentRunner.java:325)
	at org.springframework.test.context.junit4.SpringJUnit4ClassRunner.runChild(SpringJUnit4ClassRunner.java:252)
	at org.springframework.test.context.junit4.SpringJUnit4ClassRunner.runChild(SpringJUnit4ClassRunner.java:94)
	at org.junit.runners.ParentRunner$3.run(ParentRunner.java:290)
	at org.junit.runners.ParentRunner$1.schedule(ParentRunner.java:71)
	at org.junit.runners.ParentRunner.runChildren(ParentRunner.java:288)
	at org.junit.runners.ParentRunner.access$000(ParentRunner.java:58)
	at org.junit.runners.ParentRunner$2.evaluate(ParentRunner.java:268)
	at org.springframework.test.context.junit4.statements.RunBeforeTestClassCallbacks.evaluate(RunBeforeTestClassCallbacks.java:61)
	at org.springframework.test.context.junit4.statements.RunAfterTestClassCallbacks.evaluate(RunAfterTestClassCallbacks.java:70)
	at org.junit.runners.ParentRunner.run(ParentRunner.java:363)
	at org.springframework.test.context.junit4.SpringJUnit4ClassRunner.run(SpringJUnit4ClassRunner.java:191)
	at org.apache.maven.surefire.junit4.JUnit4Provider.execute(JUnit4Provider.java:367)
	at org.apache.maven.surefire.junit4.JUnit4Provider.executeWithRerun(JUnit4Provider.java:274)
	at org.apache.maven.surefire.junit4.JUnit4Provider.executeTestSet(JUnit4Provider.java:238)
	at org.apache.maven.surefire.junit4.JUnit4Provider.invoke(JUnit4Provider.java:161)
	at org.apache.maven.surefire.booter.ForkedBooter.invokeProviderInSameClassLoader(ForkedBooter.java:290)
	at org.apache.maven.surefire.booter.ForkedBooter.runSuitesInProcess(ForkedBooter.java:242)
	at org.apache.maven.surefire.booter.ForkedBooter.main(ForkedBooter.java:121)
[2018-03-14 12:05:41.313]  WARN Message [topic=TEST_CONSOLE_TOPIC, flag=0, properties={KEYS=TEST_TOPIC_KEY, WAIT=true, UNIQ_KEY=C0A859EB30A4011E1E6742F7DCF2000C}, body=11]
[2018-03-14 12:05:41.314]  WARN AllocateMappedFileService service has exception. so return null
[2018-03-14 12:05:41.314] ERROR create maped file1 error, topic: TEST_CONSOLE_TOPIC clientAddr: 127.0.0.1
[2018-03-14 12:05:41.315]  WARN sendKernelImpl exception, resend at once, InvokeID: -7688962571956170757, RT: 2ms, Broker: MessageQueue [topic=TEST_CONSOLE_TOPIC, brokerName=ConsoleTestBroker, queueId=12]
org.apache.rocketmq.client.exception.MQBrokerException: CODE: 1  DESC: create mapped file failed, server is busy or broken.
For more information, please visit the url, http://rocketmq.apache.org/docs/faq/
	at org.apache.rocketmq.client.impl.MQClientAPIImpl.processSendResponse(MQClientAPIImpl.java:531)
	at org.apache.rocketmq.client.impl.MQClientAPIImpl.sendMessageSync(MQClientAPIImpl.java:345)
	at org.apache.rocketmq.client.impl.MQClientAPIImpl.sendMessage(MQClientAPIImpl.java:327)
	at org.apache.rocketmq.client.impl.MQClientAPIImpl.sendMessage(MQClientAPIImpl.java:290)
	at org.apache.rocketmq.client.impl.producer.DefaultMQProducerImpl.sendKernelImpl(DefaultMQProducerImpl.java:688)
	at org.apache.rocketmq.client.impl.producer.DefaultMQProducerImpl.sendDefaultImpl(DefaultMQProducerImpl.java:458)
	at org.apache.rocketmq.client.impl.producer.DefaultMQProducerImpl.send(DefaultMQProducerImpl.java:1049)
	at org.apache.rocketmq.client.impl.producer.DefaultMQProducerImpl.send(DefaultMQProducerImpl.java:1008)
	at org.apache.rocketmq.client.producer.DefaultMQProducer.send(DefaultMQProducer.java:204)
	at org.apache.rocketmq.console.testbase.RocketMQConsoleTestBase.sendTestTopicMessage(RocketMQConsoleTestBase.java:107)
	at org.apache.rocketmq.console.service.impl.MessageServiceImplTest.setUp(MessageServiceImplTest.java:56)
	at sun.reflect.NativeMethodAccessorImpl.invoke0(Native Method)
	at sun.reflect.NativeMethodAccessorImpl.invoke(NativeMethodAccessorImpl.java:57)
	at sun.reflect.DelegatingMethodAccessorImpl.invoke(DelegatingMethodAccessorImpl.java:43)
	at java.lang.reflect.Method.invoke(Method.java:606)
	at org.junit.runners.model.FrameworkMethod$1.runReflectiveCall(FrameworkMethod.java:50)
	at org.junit.internal.runners.model.ReflectiveCallable.run(ReflectiveCallable.java:12)
	at org.junit.runners.model.FrameworkMethod.invokeExplosively(FrameworkMethod.java:47)
	at org.junit.internal.runners.statements.RunBefores.evaluate(RunBefores.java:24)
	at org.springframework.test.context.junit4.statements.RunBeforeTestMethodCallbacks.evaluate(RunBeforeTestMethodCallbacks.java:75)
	at org.junit.internal.runners.statements.RunAfters.evaluate(RunAfters.java:27)
	at org.springframework.test.context.junit4.statements.RunAfterTestMethodCallbacks.evaluate(RunAfterTestMethodCallbacks.java:86)
	at org.springframework.test.context.junit4.statements.SpringRepeat.evaluate(SpringRepeat.java:84)
	at org.junit.runners.ParentRunner.runLeaf(ParentRunner.java:325)
	at org.springframework.test.context.junit4.SpringJUnit4ClassRunner.runChild(SpringJUnit4ClassRunner.java:252)
	at org.springframework.test.context.junit4.SpringJUnit4ClassRunner.runChild(SpringJUnit4ClassRunner.java:94)
	at org.junit.runners.ParentRunner$3.run(ParentRunner.java:290)
	at org.junit.runners.ParentRunner$1.schedule(ParentRunner.java:71)
	at org.junit.runners.ParentRunner.runChildren(ParentRunner.java:288)
	at org.junit.runners.ParentRunner.access$000(ParentRunner.java:58)
	at org.junit.runners.ParentRunner$2.evaluate(ParentRunner.java:268)
	at org.springframework.test.context.junit4.statements.RunBeforeTestClassCallbacks.evaluate(RunBeforeTestClassCallbacks.java:61)
	at org.springframework.test.context.junit4.statements.RunAfterTestClassCallbacks.evaluate(RunAfterTestClassCallbacks.java:70)
	at org.junit.runners.ParentRunner.run(ParentRunner.java:363)
	at org.springframework.test.context.junit4.SpringJUnit4ClassRunner.run(SpringJUnit4ClassRunner.java:191)
	at org.apache.maven.surefire.junit4.JUnit4Provider.execute(JUnit4Provider.java:367)
	at org.apache.maven.surefire.junit4.JUnit4Provider.executeWithRerun(JUnit4Provider.java:274)
	at org.apache.maven.surefire.junit4.JUnit4Provider.executeTestSet(JUnit4Provider.java:238)
	at org.apache.maven.surefire.junit4.JUnit4Provider.invoke(JUnit4Provider.java:161)
	at org.apache.maven.surefire.booter.ForkedBooter.invokeProviderInSameClassLoader(ForkedBooter.java:290)
	at org.apache.maven.surefire.booter.ForkedBooter.runSuitesInProcess(ForkedBooter.java:242)
	at org.apache.maven.surefire.booter.ForkedBooter.main(ForkedBooter.java:121)
[2018-03-14 12:05:41.315]  WARN Message [topic=TEST_CONSOLE_TOPIC, flag=0, properties={KEYS=TEST_TOPIC_KEY, WAIT=true, UNIQ_KEY=C0A859EB30A4011E1E6742F7DCF2000C}, body=11]
[2018-03-14 12:05:41.411] ERROR map file C:\Users\Administrator\rocketmq-console-test\20180314120526\commitlog\00000000000000000000 Failed. 
java.io.IOException: Map failed
	at sun.nio.ch.FileChannelImpl.map(FileChannelImpl.java:888)
	at org.apache.rocketmq.store.MappedFile.init(MappedFile.java:160)
	at org.apache.rocketmq.store.MappedFile.<init>(MappedFile.java:71)
	at org.apache.rocketmq.store.AllocateMappedFileService.mmapOperation(AllocateMappedFileService.java:182)
	at org.apache.rocketmq.store.AllocateMappedFileService.run(AllocateMappedFileService.java:143)
	at java.lang.Thread.run(Thread.java:745)
Caused by: java.lang.OutOfMemoryError: Map failed
	at sun.nio.ch.FileChannelImpl.map0(Native Method)
	at sun.nio.ch.FileChannelImpl.map(FileChannelImpl.java:885)
	... 5 common frames omitted
[2018-03-14 12:05:41.411]  WARN AllocateMappedFileService service has exception. 
java.io.IOException: Map failed
	at sun.nio.ch.FileChannelImpl.map(FileChannelImpl.java:888)
	at org.apache.rocketmq.store.MappedFile.init(MappedFile.java:160)
	at org.apache.rocketmq.store.MappedFile.<init>(MappedFile.java:71)
	at org.apache.rocketmq.store.AllocateMappedFileService.mmapOperation(AllocateMappedFileService.java:182)
	at org.apache.rocketmq.store.AllocateMappedFileService.run(AllocateMappedFileService.java:143)
	at java.lang.Thread.run(Thread.java:745)
Caused by: java.lang.OutOfMemoryError: Map failed
	at sun.nio.ch.FileChannelImpl.map0(Native Method)
	at sun.nio.ch.FileChannelImpl.map(FileChannelImpl.java:885)
	... 5 common frames omitted
[2018-03-14 12:05:41.623] ERROR map file C:\Users\Administrator\rocketmq-console-test\20180314120526\commitlog\00000000000000000000 Failed. 
java.io.IOException: Map failed
	at sun.nio.ch.FileChannelImpl.map(FileChannelImpl.java:888)
	at org.apache.rocketmq.store.MappedFile.init(MappedFile.java:160)
	at org.apache.rocketmq.store.MappedFile.<init>(MappedFile.java:71)
	at org.apache.rocketmq.store.AllocateMappedFileService.mmapOperation(AllocateMappedFileService.java:182)
	at org.apache.rocketmq.store.AllocateMappedFileService.run(AllocateMappedFileService.java:143)
	at java.lang.Thread.run(Thread.java:745)
Caused by: java.lang.OutOfMemoryError: Map failed
	at sun.nio.ch.FileChannelImpl.map0(Native Method)
	at sun.nio.ch.FileChannelImpl.map(FileChannelImpl.java:885)
	... 5 common frames omitted
[2018-03-14 12:05:41.623]  WARN AllocateMappedFileService service has exception. 
java.io.IOException: Map failed
	at sun.nio.ch.FileChannelImpl.map(FileChannelImpl.java:888)
	at org.apache.rocketmq.store.MappedFile.init(MappedFile.java:160)
	at org.apache.rocketmq.store.MappedFile.<init>(MappedFile.java:71)
	at org.apache.rocketmq.store.AllocateMappedFileService.mmapOperation(AllocateMappedFileService.java:182)
	at org.apache.rocketmq.store.AllocateMappedFileService.run(AllocateMappedFileService.java:143)
	at java.lang.Thread.run(Thread.java:745)
Caused by: java.lang.OutOfMemoryError: Map failed
	at sun.nio.ch.FileChannelImpl.map0(Native Method)
	at sun.nio.ch.FileChannelImpl.map(FileChannelImpl.java:885)
	... 5 common frames omitted
[2018-03-14 12:05:41.840] ERROR map file C:\Users\Administrator\rocketmq-console-test\20180314120526\commitlog\00000000000000000000 Failed. 
java.io.IOException: Map failed
	at sun.nio.ch.FileChannelImpl.map(FileChannelImpl.java:888)
	at org.apache.rocketmq.store.MappedFile.init(MappedFile.java:160)
	at org.apache.rocketmq.store.MappedFile.<init>(MappedFile.java:71)
	at org.apache.rocketmq.store.AllocateMappedFileService.mmapOperation(AllocateMappedFileService.java:182)
	at org.apache.rocketmq.store.AllocateMappedFileService.run(AllocateMappedFileService.java:143)
	at java.lang.Thread.run(Thread.java:745)
Caused by: java.lang.OutOfMemoryError: Map failed
	at sun.nio.ch.FileChannelImpl.map0(Native Method)
	at sun.nio.ch.FileChannelImpl.map(FileChannelImpl.java:885)
	... 5 common frames omitted
[2018-03-14 12:05:41.840]  WARN AllocateMappedFileService service has exception. 
java.io.IOException: Map failed
	at sun.nio.ch.FileChannelImpl.map(FileChannelImpl.java:888)
	at org.apache.rocketmq.store.MappedFile.init(MappedFile.java:160)
	at org.apache.rocketmq.store.MappedFile.<init>(MappedFile.java:71)
	at org.apache.rocketmq.store.AllocateMappedFileService.mmapOperation(AllocateMappedFileService.java:182)
	at org.apache.rocketmq.store.AllocateMappedFileService.run(AllocateMappedFileService.java:143)
	at java.lang.Thread.run(Thread.java:745)
Caused by: java.lang.OutOfMemoryError: Map failed
	at sun.nio.ch.FileChannelImpl.map0(Native Method)
	at sun.nio.ch.FileChannelImpl.map(FileChannelImpl.java:885)
	... 5 common frames omitted
]]></system-out>
  </testcase>
  <testcase name="viewMessage" classname="org.apache.rocketmq.console.service.impl.MessageServiceImplTest" time="5.516">
    <error message="send message error" type="java.lang.RuntimeException">java.lang.RuntimeException: send message error
	at org.apache.rocketmq.console.service.impl.MessageServiceImplTest.setUp(MessageServiceImplTest.java:56)
</error>
    <system-out><![CDATA[[2018-03-14 12:05:42.060] ERROR map file C:\Users\Administrator\rocketmq-console-test\20180314120526\commitlog\00000000000000000000 Failed. 
java.io.IOException: Map failed
	at sun.nio.ch.FileChannelImpl.map(FileChannelImpl.java:888)
	at org.apache.rocketmq.store.MappedFile.init(MappedFile.java:160)
	at org.apache.rocketmq.store.MappedFile.<init>(MappedFile.java:71)
	at org.apache.rocketmq.store.AllocateMappedFileService.mmapOperation(AllocateMappedFileService.java:182)
	at org.apache.rocketmq.store.AllocateMappedFileService.run(AllocateMappedFileService.java:143)
	at java.lang.Thread.run(Thread.java:745)
Caused by: java.lang.OutOfMemoryError: Map failed
	at sun.nio.ch.FileChannelImpl.map0(Native Method)
	at sun.nio.ch.FileChannelImpl.map(FileChannelImpl.java:885)
	... 5 common frames omitted
[2018-03-14 12:05:42.060]  WARN AllocateMappedFileService service has exception. 
java.io.IOException: Map failed
	at sun.nio.ch.FileChannelImpl.map(FileChannelImpl.java:888)
	at org.apache.rocketmq.store.MappedFile.init(MappedFile.java:160)
	at org.apache.rocketmq.store.MappedFile.<init>(MappedFile.java:71)
	at org.apache.rocketmq.store.AllocateMappedFileService.mmapOperation(AllocateMappedFileService.java:182)
	at org.apache.rocketmq.store.AllocateMappedFileService.run(AllocateMappedFileService.java:143)
	at java.lang.Thread.run(Thread.java:745)
Caused by: java.lang.OutOfMemoryError: Map failed
	at sun.nio.ch.FileChannelImpl.map0(Native Method)
	at sun.nio.ch.FileChannelImpl.map(FileChannelImpl.java:885)
	... 5 common frames omitted
[2018-03-14 12:05:42.286] ERROR map file C:\Users\Administrator\rocketmq-console-test\20180314120526\commitlog\00000000000000000000 Failed. 
java.io.IOException: Map failed
	at sun.nio.ch.FileChannelImpl.map(FileChannelImpl.java:888)
	at org.apache.rocketmq.store.MappedFile.init(MappedFile.java:160)
	at org.apache.rocketmq.store.MappedFile.<init>(MappedFile.java:71)
	at org.apache.rocketmq.store.AllocateMappedFileService.mmapOperation(AllocateMappedFileService.java:182)
	at org.apache.rocketmq.store.AllocateMappedFileService.run(AllocateMappedFileService.java:143)
	at java.lang.Thread.run(Thread.java:745)
Caused by: java.lang.OutOfMemoryError: Map failed
	at sun.nio.ch.FileChannelImpl.map0(Native Method)
	at sun.nio.ch.FileChannelImpl.map(FileChannelImpl.java:885)
	... 5 common frames omitted
[2018-03-14 12:05:42.287]  WARN AllocateMappedFileService service has exception. 
java.io.IOException: Map failed
	at sun.nio.ch.FileChannelImpl.map(FileChannelImpl.java:888)
	at org.apache.rocketmq.store.MappedFile.init(MappedFile.java:160)
	at org.apache.rocketmq.store.MappedFile.<init>(MappedFile.java:71)
	at org.apache.rocketmq.store.AllocateMappedFileService.mmapOperation(AllocateMappedFileService.java:182)
	at org.apache.rocketmq.store.AllocateMappedFileService.run(AllocateMappedFileService.java:143)
	at java.lang.Thread.run(Thread.java:745)
Caused by: java.lang.OutOfMemoryError: Map failed
	at sun.nio.ch.FileChannelImpl.map0(Native Method)
	at sun.nio.ch.FileChannelImpl.map(FileChannelImpl.java:885)
	... 5 common frames omitted
[2018-03-14 12:05:42.504] ERROR map file C:\Users\Administrator\rocketmq-console-test\20180314120526\commitlog\00000000000000000000 Failed. 
java.io.IOException: Map failed
	at sun.nio.ch.FileChannelImpl.map(FileChannelImpl.java:888)
	at org.apache.rocketmq.store.MappedFile.init(MappedFile.java:160)
	at org.apache.rocketmq.store.MappedFile.<init>(MappedFile.java:71)
	at org.apache.rocketmq.store.AllocateMappedFileService.mmapOperation(AllocateMappedFileService.java:182)
	at org.apache.rocketmq.store.AllocateMappedFileService.run(AllocateMappedFileService.java:143)
	at java.lang.Thread.run(Thread.java:745)
Caused by: java.lang.OutOfMemoryError: Map failed
	at sun.nio.ch.FileChannelImpl.map0(Native Method)
	at sun.nio.ch.FileChannelImpl.map(FileChannelImpl.java:885)
	... 5 common frames omitted
[2018-03-14 12:05:42.504]  WARN AllocateMappedFileService service has exception. 
java.io.IOException: Map failed
	at sun.nio.ch.FileChannelImpl.map(FileChannelImpl.java:888)
	at org.apache.rocketmq.store.MappedFile.init(MappedFile.java:160)
	at org.apache.rocketmq.store.MappedFile.<init>(MappedFile.java:71)
	at org.apache.rocketmq.store.AllocateMappedFileService.mmapOperation(AllocateMappedFileService.java:182)
	at org.apache.rocketmq.store.AllocateMappedFileService.run(AllocateMappedFileService.java:143)
	at java.lang.Thread.run(Thread.java:745)
Caused by: java.lang.OutOfMemoryError: Map failed
	at sun.nio.ch.FileChannelImpl.map0(Native Method)
	at sun.nio.ch.FileChannelImpl.map(FileChannelImpl.java:885)
	... 5 common frames omitted
[2018-03-14 12:05:42.721] ERROR map file C:\Users\Administrator\rocketmq-console-test\20180314120526\commitlog\00000000000000000000 Failed. 
java.io.IOException: Map failed
	at sun.nio.ch.FileChannelImpl.map(FileChannelImpl.java:888)
	at org.apache.rocketmq.store.MappedFile.init(MappedFile.java:160)
	at org.apache.rocketmq.store.MappedFile.<init>(MappedFile.java:71)
	at org.apache.rocketmq.store.AllocateMappedFileService.mmapOperation(AllocateMappedFileService.java:182)
	at org.apache.rocketmq.store.AllocateMappedFileService.run(AllocateMappedFileService.java:143)
	at java.lang.Thread.run(Thread.java:745)
Caused by: java.lang.OutOfMemoryError: Map failed
	at sun.nio.ch.FileChannelImpl.map0(Native Method)
	at sun.nio.ch.FileChannelImpl.map(FileChannelImpl.java:885)
	... 5 common frames omitted
[2018-03-14 12:05:42.721]  WARN AllocateMappedFileService service has exception. 
java.io.IOException: Map failed
	at sun.nio.ch.FileChannelImpl.map(FileChannelImpl.java:888)
	at org.apache.rocketmq.store.MappedFile.init(MappedFile.java:160)
	at org.apache.rocketmq.store.MappedFile.<init>(MappedFile.java:71)
	at org.apache.rocketmq.store.AllocateMappedFileService.mmapOperation(AllocateMappedFileService.java:182)
	at org.apache.rocketmq.store.AllocateMappedFileService.run(AllocateMappedFileService.java:143)
	at java.lang.Thread.run(Thread.java:745)
Caused by: java.lang.OutOfMemoryError: Map failed
	at sun.nio.ch.FileChannelImpl.map0(Native Method)
	at sun.nio.ch.FileChannelImpl.map(FileChannelImpl.java:885)
	... 5 common frames omitted
[2018-03-14 12:05:42.935] ERROR map file C:\Users\Administrator\rocketmq-console-test\20180314120526\commitlog\00000000000000000000 Failed. 
java.io.IOException: Map failed
	at sun.nio.ch.FileChannelImpl.map(FileChannelImpl.java:888)
	at org.apache.rocketmq.store.MappedFile.init(MappedFile.java:160)
	at org.apache.rocketmq.store.MappedFile.<init>(MappedFile.java:71)
	at org.apache.rocketmq.store.AllocateMappedFileService.mmapOperation(AllocateMappedFileService.java:182)
	at org.apache.rocketmq.store.AllocateMappedFileService.run(AllocateMappedFileService.java:143)
	at java.lang.Thread.run(Thread.java:745)
Caused by: java.lang.OutOfMemoryError: Map failed
	at sun.nio.ch.FileChannelImpl.map0(Native Method)
	at sun.nio.ch.FileChannelImpl.map(FileChannelImpl.java:885)
	... 5 common frames omitted
[2018-03-14 12:05:42.936]  WARN AllocateMappedFileService service has exception. 
java.io.IOException: Map failed
	at sun.nio.ch.FileChannelImpl.map(FileChannelImpl.java:888)
	at org.apache.rocketmq.store.MappedFile.init(MappedFile.java:160)
	at org.apache.rocketmq.store.MappedFile.<init>(MappedFile.java:71)
	at org.apache.rocketmq.store.AllocateMappedFileService.mmapOperation(AllocateMappedFileService.java:182)
	at org.apache.rocketmq.store.AllocateMappedFileService.run(AllocateMappedFileService.java:143)
	at java.lang.Thread.run(Thread.java:745)
Caused by: java.lang.OutOfMemoryError: Map failed
	at sun.nio.ch.FileChannelImpl.map0(Native Method)
	at sun.nio.ch.FileChannelImpl.map(FileChannelImpl.java:885)
	... 5 common frames omitted
[2018-03-14 12:05:43.148] ERROR map file C:\Users\Administrator\rocketmq-console-test\20180314120526\commitlog\00000000000000000000 Failed. 
java.io.IOException: Map failed
	at sun.nio.ch.FileChannelImpl.map(FileChannelImpl.java:888)
	at org.apache.rocketmq.store.MappedFile.init(MappedFile.java:160)
	at org.apache.rocketmq.store.MappedFile.<init>(MappedFile.java:71)
	at org.apache.rocketmq.store.AllocateMappedFileService.mmapOperation(AllocateMappedFileService.java:182)
	at org.apache.rocketmq.store.AllocateMappedFileService.run(AllocateMappedFileService.java:143)
	at java.lang.Thread.run(Thread.java:745)
Caused by: java.lang.OutOfMemoryError: Map failed
	at sun.nio.ch.FileChannelImpl.map0(Native Method)
	at sun.nio.ch.FileChannelImpl.map(FileChannelImpl.java:885)
	... 5 common frames omitted
[2018-03-14 12:05:43.148]  WARN AllocateMappedFileService service has exception. 
java.io.IOException: Map failed
	at sun.nio.ch.FileChannelImpl.map(FileChannelImpl.java:888)
	at org.apache.rocketmq.store.MappedFile.init(MappedFile.java:160)
	at org.apache.rocketmq.store.MappedFile.<init>(MappedFile.java:71)
	at org.apache.rocketmq.store.AllocateMappedFileService.mmapOperation(AllocateMappedFileService.java:182)
	at org.apache.rocketmq.store.AllocateMappedFileService.run(AllocateMappedFileService.java:143)
	at java.lang.Thread.run(Thread.java:745)
Caused by: java.lang.OutOfMemoryError: Map failed
	at sun.nio.ch.FileChannelImpl.map0(Native Method)
	at sun.nio.ch.FileChannelImpl.map(FileChannelImpl.java:885)
	... 5 common frames omitted
[2018-03-14 12:05:43.360] ERROR map file C:\Users\Administrator\rocketmq-console-test\20180314120526\commitlog\00000000000000000000 Failed. 
java.io.IOException: Map failed
	at sun.nio.ch.FileChannelImpl.map(FileChannelImpl.java:888)
	at org.apache.rocketmq.store.MappedFile.init(MappedFile.java:160)
	at org.apache.rocketmq.store.MappedFile.<init>(MappedFile.java:71)
	at org.apache.rocketmq.store.AllocateMappedFileService.mmapOperation(AllocateMappedFileService.java:182)
	at org.apache.rocketmq.store.AllocateMappedFileService.run(AllocateMappedFileService.java:143)
	at java.lang.Thread.run(Thread.java:745)
Caused by: java.lang.OutOfMemoryError: Map failed
	at sun.nio.ch.FileChannelImpl.map0(Native Method)
	at sun.nio.ch.FileChannelImpl.map(FileChannelImpl.java:885)
	... 5 common frames omitted
[2018-03-14 12:05:43.360]  WARN AllocateMappedFileService service has exception. 
java.io.IOException: Map failed
	at sun.nio.ch.FileChannelImpl.map(FileChannelImpl.java:888)
	at org.apache.rocketmq.store.MappedFile.init(MappedFile.java:160)
	at org.apache.rocketmq.store.MappedFile.<init>(MappedFile.java:71)
	at org.apache.rocketmq.store.AllocateMappedFileService.mmapOperation(AllocateMappedFileService.java:182)
	at org.apache.rocketmq.store.AllocateMappedFileService.run(AllocateMappedFileService.java:143)
	at java.lang.Thread.run(Thread.java:745)
Caused by: java.lang.OutOfMemoryError: Map failed
	at sun.nio.ch.FileChannelImpl.map0(Native Method)
	at sun.nio.ch.FileChannelImpl.map(FileChannelImpl.java:885)
	... 5 common frames omitted
[2018-03-14 12:05:43.577] ERROR map file C:\Users\Administrator\rocketmq-console-test\20180314120526\commitlog\00000000000000000000 Failed. 
java.io.IOException: Map failed
	at sun.nio.ch.FileChannelImpl.map(FileChannelImpl.java:888)
	at org.apache.rocketmq.store.MappedFile.init(MappedFile.java:160)
	at org.apache.rocketmq.store.MappedFile.<init>(MappedFile.java:71)
	at org.apache.rocketmq.store.AllocateMappedFileService.mmapOperation(AllocateMappedFileService.java:182)
	at org.apache.rocketmq.store.AllocateMappedFileService.run(AllocateMappedFileService.java:143)
	at java.lang.Thread.run(Thread.java:745)
Caused by: java.lang.OutOfMemoryError: Map failed
	at sun.nio.ch.FileChannelImpl.map0(Native Method)
	at sun.nio.ch.FileChannelImpl.map(FileChannelImpl.java:885)
	... 5 common frames omitted
[2018-03-14 12:05:43.577]  WARN AllocateMappedFileService service has exception. 
java.io.IOException: Map failed
	at sun.nio.ch.FileChannelImpl.map(FileChannelImpl.java:888)
	at org.apache.rocketmq.store.MappedFile.init(MappedFile.java:160)
	at org.apache.rocketmq.store.MappedFile.<init>(MappedFile.java:71)
	at org.apache.rocketmq.store.AllocateMappedFileService.mmapOperation(AllocateMappedFileService.java:182)
	at org.apache.rocketmq.store.AllocateMappedFileService.run(AllocateMappedFileService.java:143)
	at java.lang.Thread.run(Thread.java:745)
Caused by: java.lang.OutOfMemoryError: Map failed
	at sun.nio.ch.FileChannelImpl.map0(Native Method)
	at sun.nio.ch.FileChannelImpl.map(FileChannelImpl.java:885)
	... 5 common frames omitted
[2018-03-14 12:05:43.786] ERROR map file C:\Users\Administrator\rocketmq-console-test\20180314120526\commitlog\00000000000000000000 Failed. 
java.io.IOException: Map failed
	at sun.nio.ch.FileChannelImpl.map(FileChannelImpl.java:888)
	at org.apache.rocketmq.store.MappedFile.init(MappedFile.java:160)
	at org.apache.rocketmq.store.MappedFile.<init>(MappedFile.java:71)
	at org.apache.rocketmq.store.AllocateMappedFileService.mmapOperation(AllocateMappedFileService.java:182)
	at org.apache.rocketmq.store.AllocateMappedFileService.run(AllocateMappedFileService.java:143)
	at java.lang.Thread.run(Thread.java:745)
Caused by: java.lang.OutOfMemoryError: Map failed
	at sun.nio.ch.FileChannelImpl.map0(Native Method)
	at sun.nio.ch.FileChannelImpl.map(FileChannelImpl.java:885)
	... 5 common frames omitted
[2018-03-14 12:05:43.786]  WARN AllocateMappedFileService service has exception. 
java.io.IOException: Map failed
	at sun.nio.ch.FileChannelImpl.map(FileChannelImpl.java:888)
	at org.apache.rocketmq.store.MappedFile.init(MappedFile.java:160)
	at org.apache.rocketmq.store.MappedFile.<init>(MappedFile.java:71)
	at org.apache.rocketmq.store.AllocateMappedFileService.mmapOperation(AllocateMappedFileService.java:182)
	at org.apache.rocketmq.store.AllocateMappedFileService.run(AllocateMappedFileService.java:143)
	at java.lang.Thread.run(Thread.java:745)
Caused by: java.lang.OutOfMemoryError: Map failed
	at sun.nio.ch.FileChannelImpl.map0(Native Method)
	at sun.nio.ch.FileChannelImpl.map(FileChannelImpl.java:885)
	... 5 common frames omitted
[2018-03-14 12:05:44.007] ERROR map file C:\Users\Administrator\rocketmq-console-test\20180314120526\commitlog\00000000000000000000 Failed. 
java.io.IOException: Map failed
	at sun.nio.ch.FileChannelImpl.map(FileChannelImpl.java:888)
	at org.apache.rocketmq.store.MappedFile.init(MappedFile.java:160)
	at org.apache.rocketmq.store.MappedFile.<init>(MappedFile.java:71)
	at org.apache.rocketmq.store.AllocateMappedFileService.mmapOperation(AllocateMappedFileService.java:182)
	at org.apache.rocketmq.store.AllocateMappedFileService.run(AllocateMappedFileService.java:143)
	at java.lang.Thread.run(Thread.java:745)
Caused by: java.lang.OutOfMemoryError: Map failed
	at sun.nio.ch.FileChannelImpl.map0(Native Method)
	at sun.nio.ch.FileChannelImpl.map(FileChannelImpl.java:885)
	... 5 common frames omitted
[2018-03-14 12:05:44.007]  WARN AllocateMappedFileService service has exception. 
java.io.IOException: Map failed
	at sun.nio.ch.FileChannelImpl.map(FileChannelImpl.java:888)
	at org.apache.rocketmq.store.MappedFile.init(MappedFile.java:160)
	at org.apache.rocketmq.store.MappedFile.<init>(MappedFile.java:71)
	at org.apache.rocketmq.store.AllocateMappedFileService.mmapOperation(AllocateMappedFileService.java:182)
	at org.apache.rocketmq.store.AllocateMappedFileService.run(AllocateMappedFileService.java:143)
	at java.lang.Thread.run(Thread.java:745)
Caused by: java.lang.OutOfMemoryError: Map failed
	at sun.nio.ch.FileChannelImpl.map0(Native Method)
	at sun.nio.ch.FileChannelImpl.map(FileChannelImpl.java:885)
	... 5 common frames omitted
[2018-03-14 12:05:44.221] ERROR map file C:\Users\Administrator\rocketmq-console-test\20180314120526\commitlog\00000000000000000000 Failed. 
java.io.IOException: Map failed
	at sun.nio.ch.FileChannelImpl.map(FileChannelImpl.java:888)
	at org.apache.rocketmq.store.MappedFile.init(MappedFile.java:160)
	at org.apache.rocketmq.store.MappedFile.<init>(MappedFile.java:71)
	at org.apache.rocketmq.store.AllocateMappedFileService.mmapOperation(AllocateMappedFileService.java:182)
	at org.apache.rocketmq.store.AllocateMappedFileService.run(AllocateMappedFileService.java:143)
	at java.lang.Thread.run(Thread.java:745)
Caused by: java.lang.OutOfMemoryError: Map failed
	at sun.nio.ch.FileChannelImpl.map0(Native Method)
	at sun.nio.ch.FileChannelImpl.map(FileChannelImpl.java:885)
	... 5 common frames omitted
[2018-03-14 12:05:44.222]  WARN AllocateMappedFileService service has exception. 
java.io.IOException: Map failed
	at sun.nio.ch.FileChannelImpl.map(FileChannelImpl.java:888)
	at org.apache.rocketmq.store.MappedFile.init(MappedFile.java:160)
	at org.apache.rocketmq.store.MappedFile.<init>(MappedFile.java:71)
	at org.apache.rocketmq.store.AllocateMappedFileService.mmapOperation(AllocateMappedFileService.java:182)
	at org.apache.rocketmq.store.AllocateMappedFileService.run(AllocateMappedFileService.java:143)
	at java.lang.Thread.run(Thread.java:745)
Caused by: java.lang.OutOfMemoryError: Map failed
	at sun.nio.ch.FileChannelImpl.map0(Native Method)
	at sun.nio.ch.FileChannelImpl.map(FileChannelImpl.java:885)
	... 5 common frames omitted
[2018-03-14 12:05:44.443] ERROR map file C:\Users\Administrator\rocketmq-console-test\20180314120526\commitlog\00000000000000000000 Failed. 
java.io.IOException: Map failed
	at sun.nio.ch.FileChannelImpl.map(FileChannelImpl.java:888)
	at org.apache.rocketmq.store.MappedFile.init(MappedFile.java:160)
	at org.apache.rocketmq.store.MappedFile.<init>(MappedFile.java:71)
	at org.apache.rocketmq.store.AllocateMappedFileService.mmapOperation(AllocateMappedFileService.java:182)
	at org.apache.rocketmq.store.AllocateMappedFileService.run(AllocateMappedFileService.java:143)
	at java.lang.Thread.run(Thread.java:745)
Caused by: java.lang.OutOfMemoryError: Map failed
	at sun.nio.ch.FileChannelImpl.map0(Native Method)
	at sun.nio.ch.FileChannelImpl.map(FileChannelImpl.java:885)
	... 5 common frames omitted
[2018-03-14 12:05:44.444]  WARN AllocateMappedFileService service has exception. 
java.io.IOException: Map failed
	at sun.nio.ch.FileChannelImpl.map(FileChannelImpl.java:888)
	at org.apache.rocketmq.store.MappedFile.init(MappedFile.java:160)
	at org.apache.rocketmq.store.MappedFile.<init>(MappedFile.java:71)
	at org.apache.rocketmq.store.AllocateMappedFileService.mmapOperation(AllocateMappedFileService.java:182)
	at org.apache.rocketmq.store.AllocateMappedFileService.run(AllocateMappedFileService.java:143)
	at java.lang.Thread.run(Thread.java:745)
Caused by: java.lang.OutOfMemoryError: Map failed
	at sun.nio.ch.FileChannelImpl.map0(Native Method)
	at sun.nio.ch.FileChannelImpl.map(FileChannelImpl.java:885)
	... 5 common frames omitted
[2018-03-14 12:05:44.659] ERROR map file C:\Users\Administrator\rocketmq-console-test\20180314120526\commitlog\00000000000000000000 Failed. 
java.io.IOException: Map failed
	at sun.nio.ch.FileChannelImpl.map(FileChannelImpl.java:888)
	at org.apache.rocketmq.store.MappedFile.init(MappedFile.java:160)
	at org.apache.rocketmq.store.MappedFile.<init>(MappedFile.java:71)
	at org.apache.rocketmq.store.AllocateMappedFileService.mmapOperation(AllocateMappedFileService.java:182)
	at org.apache.rocketmq.store.AllocateMappedFileService.run(AllocateMappedFileService.java:143)
	at java.lang.Thread.run(Thread.java:745)
Caused by: java.lang.OutOfMemoryError: Map failed
	at sun.nio.ch.FileChannelImpl.map0(Native Method)
	at sun.nio.ch.FileChannelImpl.map(FileChannelImpl.java:885)
	... 5 common frames omitted
[2018-03-14 12:05:44.659]  WARN AllocateMappedFileService service has exception. 
java.io.IOException: Map failed
	at sun.nio.ch.FileChannelImpl.map(FileChannelImpl.java:888)
	at org.apache.rocketmq.store.MappedFile.init(MappedFile.java:160)
	at org.apache.rocketmq.store.MappedFile.<init>(MappedFile.java:71)
	at org.apache.rocketmq.store.AllocateMappedFileService.mmapOperation(AllocateMappedFileService.java:182)
	at org.apache.rocketmq.store.AllocateMappedFileService.run(AllocateMappedFileService.java:143)
	at java.lang.Thread.run(Thread.java:745)
Caused by: java.lang.OutOfMemoryError: Map failed
	at sun.nio.ch.FileChannelImpl.map0(Native Method)
	at sun.nio.ch.FileChannelImpl.map(FileChannelImpl.java:885)
	... 5 common frames omitted
[2018-03-14 12:05:44.880] ERROR map file C:\Users\Administrator\rocketmq-console-test\20180314120526\commitlog\00000000000000000000 Failed. 
java.io.IOException: Map failed
	at sun.nio.ch.FileChannelImpl.map(FileChannelImpl.java:888)
	at org.apache.rocketmq.store.MappedFile.init(MappedFile.java:160)
	at org.apache.rocketmq.store.MappedFile.<init>(MappedFile.java:71)
	at org.apache.rocketmq.store.AllocateMappedFileService.mmapOperation(AllocateMappedFileService.java:182)
	at org.apache.rocketmq.store.AllocateMappedFileService.run(AllocateMappedFileService.java:143)
	at java.lang.Thread.run(Thread.java:745)
Caused by: java.lang.OutOfMemoryError: Map failed
	at sun.nio.ch.FileChannelImpl.map0(Native Method)
	at sun.nio.ch.FileChannelImpl.map(FileChannelImpl.java:885)
	... 5 common frames omitted
[2018-03-14 12:05:44.881]  WARN AllocateMappedFileService service has exception. 
java.io.IOException: Map failed
	at sun.nio.ch.FileChannelImpl.map(FileChannelImpl.java:888)
	at org.apache.rocketmq.store.MappedFile.init(MappedFile.java:160)
	at org.apache.rocketmq.store.MappedFile.<init>(MappedFile.java:71)
	at org.apache.rocketmq.store.AllocateMappedFileService.mmapOperation(AllocateMappedFileService.java:182)
	at org.apache.rocketmq.store.AllocateMappedFileService.run(AllocateMappedFileService.java:143)
	at java.lang.Thread.run(Thread.java:745)
Caused by: java.lang.OutOfMemoryError: Map failed
	at sun.nio.ch.FileChannelImpl.map0(Native Method)
	at sun.nio.ch.FileChannelImpl.map(FileChannelImpl.java:885)
	... 5 common frames omitted
[2018-03-14 12:05:45.096] ERROR map file C:\Users\Administrator\rocketmq-console-test\20180314120526\commitlog\00000000000000000000 Failed. 
java.io.IOException: Map failed
	at sun.nio.ch.FileChannelImpl.map(FileChannelImpl.java:888)
	at org.apache.rocketmq.store.MappedFile.init(MappedFile.java:160)
	at org.apache.rocketmq.store.MappedFile.<init>(MappedFile.java:71)
	at org.apache.rocketmq.store.AllocateMappedFileService.mmapOperation(AllocateMappedFileService.java:182)
	at org.apache.rocketmq.store.AllocateMappedFileService.run(AllocateMappedFileService.java:143)
	at java.lang.Thread.run(Thread.java:745)
Caused by: java.lang.OutOfMemoryError: Map failed
	at sun.nio.ch.FileChannelImpl.map0(Native Method)
	at sun.nio.ch.FileChannelImpl.map(FileChannelImpl.java:885)
	... 5 common frames omitted
[2018-03-14 12:05:45.096]  WARN AllocateMappedFileService service has exception. 
java.io.IOException: Map failed
	at sun.nio.ch.FileChannelImpl.map(FileChannelImpl.java:888)
	at org.apache.rocketmq.store.MappedFile.init(MappedFile.java:160)
	at org.apache.rocketmq.store.MappedFile.<init>(MappedFile.java:71)
	at org.apache.rocketmq.store.AllocateMappedFileService.mmapOperation(AllocateMappedFileService.java:182)
	at org.apache.rocketmq.store.AllocateMappedFileService.run(AllocateMappedFileService.java:143)
	at java.lang.Thread.run(Thread.java:745)
Caused by: java.lang.OutOfMemoryError: Map failed
	at sun.nio.ch.FileChannelImpl.map0(Native Method)
	at sun.nio.ch.FileChannelImpl.map(FileChannelImpl.java:885)
	... 5 common frames omitted
[2018-03-14 12:05:45.320] ERROR map file C:\Users\Administrator\rocketmq-console-test\20180314120526\commitlog\00000000000000000000 Failed. 
java.io.IOException: Map failed
	at sun.nio.ch.FileChannelImpl.map(FileChannelImpl.java:888)
	at org.apache.rocketmq.store.MappedFile.init(MappedFile.java:160)
	at org.apache.rocketmq.store.MappedFile.<init>(MappedFile.java:71)
	at org.apache.rocketmq.store.AllocateMappedFileService.mmapOperation(AllocateMappedFileService.java:182)
	at org.apache.rocketmq.store.AllocateMappedFileService.run(AllocateMappedFileService.java:143)
	at java.lang.Thread.run(Thread.java:745)
Caused by: java.lang.OutOfMemoryError: Map failed
	at sun.nio.ch.FileChannelImpl.map0(Native Method)
	at sun.nio.ch.FileChannelImpl.map(FileChannelImpl.java:885)
	... 5 common frames omitted
[2018-03-14 12:05:45.320]  WARN AllocateMappedFileService service has exception. 
java.io.IOException: Map failed
	at sun.nio.ch.FileChannelImpl.map(FileChannelImpl.java:888)
	at org.apache.rocketmq.store.MappedFile.init(MappedFile.java:160)
	at org.apache.rocketmq.store.MappedFile.<init>(MappedFile.java:71)
	at org.apache.rocketmq.store.AllocateMappedFileService.mmapOperation(AllocateMappedFileService.java:182)
	at org.apache.rocketmq.store.AllocateMappedFileService.run(AllocateMappedFileService.java:143)
	at java.lang.Thread.run(Thread.java:745)
Caused by: java.lang.OutOfMemoryError: Map failed
	at sun.nio.ch.FileChannelImpl.map0(Native Method)
	at sun.nio.ch.FileChannelImpl.map(FileChannelImpl.java:885)
	... 5 common frames omitted
[2018-03-14 12:05:45.532] ERROR map file C:\Users\Administrator\rocketmq-console-test\20180314120526\commitlog\00000000000000000000 Failed. 
java.io.IOException: Map failed
	at sun.nio.ch.FileChannelImpl.map(FileChannelImpl.java:888)
	at org.apache.rocketmq.store.MappedFile.init(MappedFile.java:160)
	at org.apache.rocketmq.store.MappedFile.<init>(MappedFile.java:71)
	at org.apache.rocketmq.store.AllocateMappedFileService.mmapOperation(AllocateMappedFileService.java:182)
	at org.apache.rocketmq.store.AllocateMappedFileService.run(AllocateMappedFileService.java:143)
	at java.lang.Thread.run(Thread.java:745)
Caused by: java.lang.OutOfMemoryError: Map failed
	at sun.nio.ch.FileChannelImpl.map0(Native Method)
	at sun.nio.ch.FileChannelImpl.map(FileChannelImpl.java:885)
	... 5 common frames omitted
[2018-03-14 12:05:45.532]  WARN AllocateMappedFileService service has exception. 
java.io.IOException: Map failed
	at sun.nio.ch.FileChannelImpl.map(FileChannelImpl.java:888)
	at org.apache.rocketmq.store.MappedFile.init(MappedFile.java:160)
	at org.apache.rocketmq.store.MappedFile.<init>(MappedFile.java:71)
	at org.apache.rocketmq.store.AllocateMappedFileService.mmapOperation(AllocateMappedFileService.java:182)
	at org.apache.rocketmq.store.AllocateMappedFileService.run(AllocateMappedFileService.java:143)
	at java.lang.Thread.run(Thread.java:745)
Caused by: java.lang.OutOfMemoryError: Map failed
	at sun.nio.ch.FileChannelImpl.map0(Native Method)
	at sun.nio.ch.FileChannelImpl.map(FileChannelImpl.java:885)
	... 5 common frames omitted
[2018-03-14 12:05:45.749] ERROR map file C:\Users\Administrator\rocketmq-console-test\20180314120526\commitlog\00000000000000000000 Failed. 
java.io.IOException: Map failed
	at sun.nio.ch.FileChannelImpl.map(FileChannelImpl.java:888)
	at org.apache.rocketmq.store.MappedFile.init(MappedFile.java:160)
	at org.apache.rocketmq.store.MappedFile.<init>(MappedFile.java:71)
	at org.apache.rocketmq.store.AllocateMappedFileService.mmapOperation(AllocateMappedFileService.java:182)
	at org.apache.rocketmq.store.AllocateMappedFileService.run(AllocateMappedFileService.java:143)
	at java.lang.Thread.run(Thread.java:745)
Caused by: java.lang.OutOfMemoryError: Map failed
	at sun.nio.ch.FileChannelImpl.map0(Native Method)
	at sun.nio.ch.FileChannelImpl.map(FileChannelImpl.java:885)
	... 5 common frames omitted
[2018-03-14 12:05:45.749]  WARN AllocateMappedFileService service has exception. 
java.io.IOException: Map failed
	at sun.nio.ch.FileChannelImpl.map(FileChannelImpl.java:888)
	at org.apache.rocketmq.store.MappedFile.init(MappedFile.java:160)
	at org.apache.rocketmq.store.MappedFile.<init>(MappedFile.java:71)
	at org.apache.rocketmq.store.AllocateMappedFileService.mmapOperation(AllocateMappedFileService.java:182)
	at org.apache.rocketmq.store.AllocateMappedFileService.run(AllocateMappedFileService.java:143)
	at java.lang.Thread.run(Thread.java:745)
Caused by: java.lang.OutOfMemoryError: Map failed
	at sun.nio.ch.FileChannelImpl.map0(Native Method)
	at sun.nio.ch.FileChannelImpl.map(FileChannelImpl.java:885)
	... 5 common frames omitted
[2018-03-14 12:05:45.873]  WARN AllocateMappedFileService service has exception. so return null
[2018-03-14 12:05:45.873] ERROR create maped file1 error, topic: TEST_CONSOLE_TOPIC clientAddr: 127.0.0.1
[2018-03-14 12:05:45.874]  WARN sendKernelImpl exception, resend at once, InvokeID: 5054980640874429878, RT: 4ms, Broker: MessageQueue [topic=TEST_CONSOLE_TOPIC, brokerName=ConsoleTestBroker, queueId=2]
org.apache.rocketmq.client.exception.MQBrokerException: CODE: 1  DESC: create mapped file failed, server is busy or broken.
For more information, please visit the url, http://rocketmq.apache.org/docs/faq/
	at org.apache.rocketmq.client.impl.MQClientAPIImpl.processSendResponse(MQClientAPIImpl.java:531)
	at org.apache.rocketmq.client.impl.MQClientAPIImpl.sendMessageSync(MQClientAPIImpl.java:345)
	at org.apache.rocketmq.client.impl.MQClientAPIImpl.sendMessage(MQClientAPIImpl.java:327)
	at org.apache.rocketmq.client.impl.MQClientAPIImpl.sendMessage(MQClientAPIImpl.java:290)
	at org.apache.rocketmq.client.impl.producer.DefaultMQProducerImpl.sendKernelImpl(DefaultMQProducerImpl.java:688)
	at org.apache.rocketmq.client.impl.producer.DefaultMQProducerImpl.sendDefaultImpl(DefaultMQProducerImpl.java:458)
	at org.apache.rocketmq.client.impl.producer.DefaultMQProducerImpl.send(DefaultMQProducerImpl.java:1049)
	at org.apache.rocketmq.client.impl.producer.DefaultMQProducerImpl.send(DefaultMQProducerImpl.java:1008)
	at org.apache.rocketmq.client.producer.DefaultMQProducer.send(DefaultMQProducer.java:204)
	at org.apache.rocketmq.console.testbase.RocketMQConsoleTestBase.sendTestTopicMessage(RocketMQConsoleTestBase.java:107)
	at org.apache.rocketmq.console.service.impl.MessageServiceImplTest.setUp(MessageServiceImplTest.java:56)
	at sun.reflect.NativeMethodAccessorImpl.invoke0(Native Method)
	at sun.reflect.NativeMethodAccessorImpl.invoke(NativeMethodAccessorImpl.java:57)
	at sun.reflect.DelegatingMethodAccessorImpl.invoke(DelegatingMethodAccessorImpl.java:43)
	at java.lang.reflect.Method.invoke(Method.java:606)
	at org.junit.runners.model.FrameworkMethod$1.runReflectiveCall(FrameworkMethod.java:50)
	at org.junit.internal.runners.model.ReflectiveCallable.run(ReflectiveCallable.java:12)
	at org.junit.runners.model.FrameworkMethod.invokeExplosively(FrameworkMethod.java:47)
	at org.junit.internal.runners.statements.RunBefores.evaluate(RunBefores.java:24)
	at org.springframework.test.context.junit4.statements.RunBeforeTestMethodCallbacks.evaluate(RunBeforeTestMethodCallbacks.java:75)
	at org.junit.internal.runners.statements.RunAfters.evaluate(RunAfters.java:27)
	at org.springframework.test.context.junit4.statements.RunAfterTestMethodCallbacks.evaluate(RunAfterTestMethodCallbacks.java:86)
	at org.springframework.test.context.junit4.statements.SpringRepeat.evaluate(SpringRepeat.java:84)
	at org.junit.runners.ParentRunner.runLeaf(ParentRunner.java:325)
	at org.springframework.test.context.junit4.SpringJUnit4ClassRunner.runChild(SpringJUnit4ClassRunner.java:252)
	at org.springframework.test.context.junit4.SpringJUnit4ClassRunner.runChild(SpringJUnit4ClassRunner.java:94)
	at org.junit.runners.ParentRunner$3.run(ParentRunner.java:290)
	at org.junit.runners.ParentRunner$1.schedule(ParentRunner.java:71)
	at org.junit.runners.ParentRunner.runChildren(ParentRunner.java:288)
	at org.junit.runners.ParentRunner.access$000(ParentRunner.java:58)
	at org.junit.runners.ParentRunner$2.evaluate(ParentRunner.java:268)
	at org.springframework.test.context.junit4.statements.RunBeforeTestClassCallbacks.evaluate(RunBeforeTestClassCallbacks.java:61)
	at org.springframework.test.context.junit4.statements.RunAfterTestClassCallbacks.evaluate(RunAfterTestClassCallbacks.java:70)
	at org.junit.runners.ParentRunner.run(ParentRunner.java:363)
	at org.springframework.test.context.junit4.SpringJUnit4ClassRunner.run(SpringJUnit4ClassRunner.java:191)
	at org.apache.maven.surefire.junit4.JUnit4Provider.execute(JUnit4Provider.java:367)
	at org.apache.maven.surefire.junit4.JUnit4Provider.executeWithRerun(JUnit4Provider.java:274)
	at org.apache.maven.surefire.junit4.JUnit4Provider.executeTestSet(JUnit4Provider.java:238)
	at org.apache.maven.surefire.junit4.JUnit4Provider.invoke(JUnit4Provider.java:161)
	at org.apache.maven.surefire.booter.ForkedBooter.invokeProviderInSameClassLoader(ForkedBooter.java:290)
	at org.apache.maven.surefire.booter.ForkedBooter.runSuitesInProcess(ForkedBooter.java:242)
	at org.apache.maven.surefire.booter.ForkedBooter.main(ForkedBooter.java:121)
[2018-03-14 12:05:45.874]  WARN Message [topic=TEST_CONSOLE_TOPIC, flag=0, properties={KEYS=TEST_TOPIC_KEY, WAIT=true, UNIQ_KEY=C0A859EB30A4011E1E6742F7F30E000D}, body=11]
[2018-03-14 12:05:45.875]  WARN AllocateMappedFileService service has exception. so return null
[2018-03-14 12:05:45.875] ERROR create maped file1 error, topic: TEST_CONSOLE_TOPIC clientAddr: 127.0.0.1
[2018-03-14 12:05:45.876]  WARN sendKernelImpl exception, resend at once, InvokeID: 5054980640874429878, RT: 2ms, Broker: MessageQueue [topic=TEST_CONSOLE_TOPIC, brokerName=ConsoleTestBroker, queueId=4]
org.apache.rocketmq.client.exception.MQBrokerException: CODE: 1  DESC: create mapped file failed, server is busy or broken.
For more information, please visit the url, http://rocketmq.apache.org/docs/faq/
	at org.apache.rocketmq.client.impl.MQClientAPIImpl.processSendResponse(MQClientAPIImpl.java:531)
	at org.apache.rocketmq.client.impl.MQClientAPIImpl.sendMessageSync(MQClientAPIImpl.java:345)
	at org.apache.rocketmq.client.impl.MQClientAPIImpl.sendMessage(MQClientAPIImpl.java:327)
	at org.apache.rocketmq.client.impl.MQClientAPIImpl.sendMessage(MQClientAPIImpl.java:290)
	at org.apache.rocketmq.client.impl.producer.DefaultMQProducerImpl.sendKernelImpl(DefaultMQProducerImpl.java:688)
	at org.apache.rocketmq.client.impl.producer.DefaultMQProducerImpl.sendDefaultImpl(DefaultMQProducerImpl.java:458)
	at org.apache.rocketmq.client.impl.producer.DefaultMQProducerImpl.send(DefaultMQProducerImpl.java:1049)
	at org.apache.rocketmq.client.impl.producer.DefaultMQProducerImpl.send(DefaultMQProducerImpl.java:1008)
	at org.apache.rocketmq.client.producer.DefaultMQProducer.send(DefaultMQProducer.java:204)
	at org.apache.rocketmq.console.testbase.RocketMQConsoleTestBase.sendTestTopicMessage(RocketMQConsoleTestBase.java:107)
	at org.apache.rocketmq.console.service.impl.MessageServiceImplTest.setUp(MessageServiceImplTest.java:56)
	at sun.reflect.NativeMethodAccessorImpl.invoke0(Native Method)
	at sun.reflect.NativeMethodAccessorImpl.invoke(NativeMethodAccessorImpl.java:57)
	at sun.reflect.DelegatingMethodAccessorImpl.invoke(DelegatingMethodAccessorImpl.java:43)
	at java.lang.reflect.Method.invoke(Method.java:606)
	at org.junit.runners.model.FrameworkMethod$1.runReflectiveCall(FrameworkMethod.java:50)
	at org.junit.internal.runners.model.ReflectiveCallable.run(ReflectiveCallable.java:12)
	at org.junit.runners.model.FrameworkMethod.invokeExplosively(FrameworkMethod.java:47)
	at org.junit.internal.runners.statements.RunBefores.evaluate(RunBefores.java:24)
	at org.springframework.test.context.junit4.statements.RunBeforeTestMethodCallbacks.evaluate(RunBeforeTestMethodCallbacks.java:75)
	at org.junit.internal.runners.statements.RunAfters.evaluate(RunAfters.java:27)
	at org.springframework.test.context.junit4.statements.RunAfterTestMethodCallbacks.evaluate(RunAfterTestMethodCallbacks.java:86)
	at org.springframework.test.context.junit4.statements.SpringRepeat.evaluate(SpringRepeat.java:84)
	at org.junit.runners.ParentRunner.runLeaf(ParentRunner.java:325)
	at org.springframework.test.context.junit4.SpringJUnit4ClassRunner.runChild(SpringJUnit4ClassRunner.java:252)
	at org.springframework.test.context.junit4.SpringJUnit4ClassRunner.runChild(SpringJUnit4ClassRunner.java:94)
	at org.junit.runners.ParentRunner$3.run(ParentRunner.java:290)
	at org.junit.runners.ParentRunner$1.schedule(ParentRunner.java:71)
	at org.junit.runners.ParentRunner.runChildren(ParentRunner.java:288)
	at org.junit.runners.ParentRunner.access$000(ParentRunner.java:58)
	at org.junit.runners.ParentRunner$2.evaluate(ParentRunner.java:268)
	at org.springframework.test.context.junit4.statements.RunBeforeTestClassCallbacks.evaluate(RunBeforeTestClassCallbacks.java:61)
	at org.springframework.test.context.junit4.statements.RunAfterTestClassCallbacks.evaluate(RunAfterTestClassCallbacks.java:70)
	at org.junit.runners.ParentRunner.run(ParentRunner.java:363)
	at org.springframework.test.context.junit4.SpringJUnit4ClassRunner.run(SpringJUnit4ClassRunner.java:191)
	at org.apache.maven.surefire.junit4.JUnit4Provider.execute(JUnit4Provider.java:367)
	at org.apache.maven.surefire.junit4.JUnit4Provider.executeWithRerun(JUnit4Provider.java:274)
	at org.apache.maven.surefire.junit4.JUnit4Provider.executeTestSet(JUnit4Provider.java:238)
	at org.apache.maven.surefire.junit4.JUnit4Provider.invoke(JUnit4Provider.java:161)
	at org.apache.maven.surefire.booter.ForkedBooter.invokeProviderInSameClassLoader(ForkedBooter.java:290)
	at org.apache.maven.surefire.booter.ForkedBooter.runSuitesInProcess(ForkedBooter.java:242)
	at org.apache.maven.surefire.booter.ForkedBooter.main(ForkedBooter.java:121)
[2018-03-14 12:05:45.877]  WARN Message [topic=TEST_CONSOLE_TOPIC, flag=0, properties={KEYS=TEST_TOPIC_KEY, WAIT=true, UNIQ_KEY=C0A859EB30A4011E1E6742F7F30E000D}, body=11]
[2018-03-14 12:05:45.877]  WARN AllocateMappedFileService service has exception. so return null
[2018-03-14 12:05:45.878] ERROR create maped file1 error, topic: TEST_CONSOLE_TOPIC clientAddr: 127.0.0.1
[2018-03-14 12:05:45.878]  WARN sendKernelImpl exception, resend at once, InvokeID: 5054980640874429878, RT: 1ms, Broker: MessageQueue [topic=TEST_CONSOLE_TOPIC, brokerName=ConsoleTestBroker, queueId=6]
org.apache.rocketmq.client.exception.MQBrokerException: CODE: 1  DESC: create mapped file failed, server is busy or broken.
For more information, please visit the url, http://rocketmq.apache.org/docs/faq/
	at org.apache.rocketmq.client.impl.MQClientAPIImpl.processSendResponse(MQClientAPIImpl.java:531)
	at org.apache.rocketmq.client.impl.MQClientAPIImpl.sendMessageSync(MQClientAPIImpl.java:345)
	at org.apache.rocketmq.client.impl.MQClientAPIImpl.sendMessage(MQClientAPIImpl.java:327)
	at org.apache.rocketmq.client.impl.MQClientAPIImpl.sendMessage(MQClientAPIImpl.java:290)
	at org.apache.rocketmq.client.impl.producer.DefaultMQProducerImpl.sendKernelImpl(DefaultMQProducerImpl.java:688)
	at org.apache.rocketmq.client.impl.producer.DefaultMQProducerImpl.sendDefaultImpl(DefaultMQProducerImpl.java:458)
	at org.apache.rocketmq.client.impl.producer.DefaultMQProducerImpl.send(DefaultMQProducerImpl.java:1049)
	at org.apache.rocketmq.client.impl.producer.DefaultMQProducerImpl.send(DefaultMQProducerImpl.java:1008)
	at org.apache.rocketmq.client.producer.DefaultMQProducer.send(DefaultMQProducer.java:204)
	at org.apache.rocketmq.console.testbase.RocketMQConsoleTestBase.sendTestTopicMessage(RocketMQConsoleTestBase.java:107)
	at org.apache.rocketmq.console.service.impl.MessageServiceImplTest.setUp(MessageServiceImplTest.java:56)
	at sun.reflect.NativeMethodAccessorImpl.invoke0(Native Method)
	at sun.reflect.NativeMethodAccessorImpl.invoke(NativeMethodAccessorImpl.java:57)
	at sun.reflect.DelegatingMethodAccessorImpl.invoke(DelegatingMethodAccessorImpl.java:43)
	at java.lang.reflect.Method.invoke(Method.java:606)
	at org.junit.runners.model.FrameworkMethod$1.runReflectiveCall(FrameworkMethod.java:50)
	at org.junit.internal.runners.model.ReflectiveCallable.run(ReflectiveCallable.java:12)
	at org.junit.runners.model.FrameworkMethod.invokeExplosively(FrameworkMethod.java:47)
	at org.junit.internal.runners.statements.RunBefores.evaluate(RunBefores.java:24)
	at org.springframework.test.context.junit4.statements.RunBeforeTestMethodCallbacks.evaluate(RunBeforeTestMethodCallbacks.java:75)
	at org.junit.internal.runners.statements.RunAfters.evaluate(RunAfters.java:27)
	at org.springframework.test.context.junit4.statements.RunAfterTestMethodCallbacks.evaluate(RunAfterTestMethodCallbacks.java:86)
	at org.springframework.test.context.junit4.statements.SpringRepeat.evaluate(SpringRepeat.java:84)
	at org.junit.runners.ParentRunner.runLeaf(ParentRunner.java:325)
	at org.springframework.test.context.junit4.SpringJUnit4ClassRunner.runChild(SpringJUnit4ClassRunner.java:252)
	at org.springframework.test.context.junit4.SpringJUnit4ClassRunner.runChild(SpringJUnit4ClassRunner.java:94)
	at org.junit.runners.ParentRunner$3.run(ParentRunner.java:290)
	at org.junit.runners.ParentRunner$1.schedule(ParentRunner.java:71)
	at org.junit.runners.ParentRunner.runChildren(ParentRunner.java:288)
	at org.junit.runners.ParentRunner.access$000(ParentRunner.java:58)
	at org.junit.runners.ParentRunner$2.evaluate(ParentRunner.java:268)
	at org.springframework.test.context.junit4.statements.RunBeforeTestClassCallbacks.evaluate(RunBeforeTestClassCallbacks.java:61)
	at org.springframework.test.context.junit4.statements.RunAfterTestClassCallbacks.evaluate(RunAfterTestClassCallbacks.java:70)
	at org.junit.runners.ParentRunner.run(ParentRunner.java:363)
	at org.springframework.test.context.junit4.SpringJUnit4ClassRunner.run(SpringJUnit4ClassRunner.java:191)
	at org.apache.maven.surefire.junit4.JUnit4Provider.execute(JUnit4Provider.java:367)
	at org.apache.maven.surefire.junit4.JUnit4Provider.executeWithRerun(JUnit4Provider.java:274)
	at org.apache.maven.surefire.junit4.JUnit4Provider.executeTestSet(JUnit4Provider.java:238)
	at org.apache.maven.surefire.junit4.JUnit4Provider.invoke(JUnit4Provider.java:161)
	at org.apache.maven.surefire.booter.ForkedBooter.invokeProviderInSameClassLoader(ForkedBooter.java:290)
	at org.apache.maven.surefire.booter.ForkedBooter.runSuitesInProcess(ForkedBooter.java:242)
	at org.apache.maven.surefire.booter.ForkedBooter.main(ForkedBooter.java:121)
[2018-03-14 12:05:45.879]  WARN Message [topic=TEST_CONSOLE_TOPIC, flag=0, properties={KEYS=TEST_TOPIC_KEY, WAIT=true, UNIQ_KEY=C0A859EB30A4011E1E6742F7F30E000D}, body=11]
[2018-03-14 12:05:45.965] ERROR map file C:\Users\Administrator\rocketmq-console-test\20180314120526\commitlog\00000000000000000000 Failed. 
java.io.IOException: Map failed
	at sun.nio.ch.FileChannelImpl.map(FileChannelImpl.java:888)
	at org.apache.rocketmq.store.MappedFile.init(MappedFile.java:160)
	at org.apache.rocketmq.store.MappedFile.<init>(MappedFile.java:71)
	at org.apache.rocketmq.store.AllocateMappedFileService.mmapOperation(AllocateMappedFileService.java:182)
	at org.apache.rocketmq.store.AllocateMappedFileService.run(AllocateMappedFileService.java:143)
	at java.lang.Thread.run(Thread.java:745)
Caused by: java.lang.OutOfMemoryError: Map failed
	at sun.nio.ch.FileChannelImpl.map0(Native Method)
	at sun.nio.ch.FileChannelImpl.map(FileChannelImpl.java:885)
	... 5 common frames omitted
[2018-03-14 12:05:45.965]  WARN AllocateMappedFileService service has exception. 
java.io.IOException: Map failed
	at sun.nio.ch.FileChannelImpl.map(FileChannelImpl.java:888)
	at org.apache.rocketmq.store.MappedFile.init(MappedFile.java:160)
	at org.apache.rocketmq.store.MappedFile.<init>(MappedFile.java:71)
	at org.apache.rocketmq.store.AllocateMappedFileService.mmapOperation(AllocateMappedFileService.java:182)
	at org.apache.rocketmq.store.AllocateMappedFileService.run(AllocateMappedFileService.java:143)
	at java.lang.Thread.run(Thread.java:745)
Caused by: java.lang.OutOfMemoryError: Map failed
	at sun.nio.ch.FileChannelImpl.map0(Native Method)
	at sun.nio.ch.FileChannelImpl.map(FileChannelImpl.java:885)
	... 5 common frames omitted
[2018-03-14 12:05:46.175] ERROR map file C:\Users\Administrator\rocketmq-console-test\20180314120526\commitlog\00000000000000000000 Failed. 
java.io.IOException: Map failed
	at sun.nio.ch.FileChannelImpl.map(FileChannelImpl.java:888)
	at org.apache.rocketmq.store.MappedFile.init(MappedFile.java:160)
	at org.apache.rocketmq.store.MappedFile.<init>(MappedFile.java:71)
	at org.apache.rocketmq.store.AllocateMappedFileService.mmapOperation(AllocateMappedFileService.java:182)
	at org.apache.rocketmq.store.AllocateMappedFileService.run(AllocateMappedFileService.java:143)
	at java.lang.Thread.run(Thread.java:745)
Caused by: java.lang.OutOfMemoryError: Map failed
	at sun.nio.ch.FileChannelImpl.map0(Native Method)
	at sun.nio.ch.FileChannelImpl.map(FileChannelImpl.java:885)
	... 5 common frames omitted
[2018-03-14 12:05:46.175]  WARN AllocateMappedFileService service has exception. 
java.io.IOException: Map failed
	at sun.nio.ch.FileChannelImpl.map(FileChannelImpl.java:888)
	at org.apache.rocketmq.store.MappedFile.init(MappedFile.java:160)
	at org.apache.rocketmq.store.MappedFile.<init>(MappedFile.java:71)
	at org.apache.rocketmq.store.AllocateMappedFileService.mmapOperation(AllocateMappedFileService.java:182)
	at org.apache.rocketmq.store.AllocateMappedFileService.run(AllocateMappedFileService.java:143)
	at java.lang.Thread.run(Thread.java:745)
Caused by: java.lang.OutOfMemoryError: Map failed
	at sun.nio.ch.FileChannelImpl.map0(Native Method)
	at sun.nio.ch.FileChannelImpl.map(FileChannelImpl.java:885)
	... 5 common frames omitted
[2018-03-14 12:05:46.380]  WARN AllocateMappedFileService service has exception. so return null
[2018-03-14 12:05:46.381] ERROR create maped file1 error, topic: TEST_CONSOLE_TOPIC clientAddr: 127.0.0.1
[2018-03-14 12:05:46.383]  WARN sendKernelImpl exception, resend at once, InvokeID: 1414064396390606322, RT: 3ms, Broker: MessageQueue [topic=TEST_CONSOLE_TOPIC, brokerName=ConsoleTestBroker, queueId=7]
org.apache.rocketmq.client.exception.MQBrokerException: CODE: 1  DESC: create mapped file failed, server is busy or broken.
For more information, please visit the url, http://rocketmq.apache.org/docs/faq/
	at org.apache.rocketmq.client.impl.MQClientAPIImpl.processSendResponse(MQClientAPIImpl.java:531)
	at org.apache.rocketmq.client.impl.MQClientAPIImpl.sendMessageSync(MQClientAPIImpl.java:345)
	at org.apache.rocketmq.client.impl.MQClientAPIImpl.sendMessage(MQClientAPIImpl.java:327)
	at org.apache.rocketmq.client.impl.MQClientAPIImpl.sendMessage(MQClientAPIImpl.java:290)
	at org.apache.rocketmq.client.impl.producer.DefaultMQProducerImpl.sendKernelImpl(DefaultMQProducerImpl.java:688)
	at org.apache.rocketmq.client.impl.producer.DefaultMQProducerImpl.sendDefaultImpl(DefaultMQProducerImpl.java:458)
	at org.apache.rocketmq.client.impl.producer.DefaultMQProducerImpl.send(DefaultMQProducerImpl.java:1049)
	at org.apache.rocketmq.client.impl.producer.DefaultMQProducerImpl.send(DefaultMQProducerImpl.java:1008)
	at org.apache.rocketmq.client.producer.DefaultMQProducer.send(DefaultMQProducer.java:204)
	at org.apache.rocketmq.console.testbase.RocketMQConsoleTestBase.sendTestTopicMessage(RocketMQConsoleTestBase.java:107)
	at org.apache.rocketmq.console.service.impl.MessageServiceImplTest.setUp(MessageServiceImplTest.java:56)
	at sun.reflect.NativeMethodAccessorImpl.invoke0(Native Method)
	at sun.reflect.NativeMethodAccessorImpl.invoke(NativeMethodAccessorImpl.java:57)
	at sun.reflect.DelegatingMethodAccessorImpl.invoke(DelegatingMethodAccessorImpl.java:43)
	at java.lang.reflect.Method.invoke(Method.java:606)
	at org.junit.runners.model.FrameworkMethod$1.runReflectiveCall(FrameworkMethod.java:50)
	at org.junit.internal.runners.model.ReflectiveCallable.run(ReflectiveCallable.java:12)
	at org.junit.runners.model.FrameworkMethod.invokeExplosively(FrameworkMethod.java:47)
	at org.junit.internal.runners.statements.RunBefores.evaluate(RunBefores.java:24)
	at org.springframework.test.context.junit4.statements.RunBeforeTestMethodCallbacks.evaluate(RunBeforeTestMethodCallbacks.java:75)
	at org.junit.internal.runners.statements.RunAfters.evaluate(RunAfters.java:27)
	at org.springframework.test.context.junit4.statements.RunAfterTestMethodCallbacks.evaluate(RunAfterTestMethodCallbacks.java:86)
	at org.springframework.test.context.junit4.statements.SpringRepeat.evaluate(SpringRepeat.java:84)
	at org.junit.runners.ParentRunner.runLeaf(ParentRunner.java:325)
	at org.springframework.test.context.junit4.SpringJUnit4ClassRunner.runChild(SpringJUnit4ClassRunner.java:252)
	at org.springframework.test.context.junit4.SpringJUnit4ClassRunner.runChild(SpringJUnit4ClassRunner.java:94)
	at org.junit.runners.ParentRunner$3.run(ParentRunner.java:290)
	at org.junit.runners.ParentRunner$1.schedule(ParentRunner.java:71)
	at org.junit.runners.ParentRunner.runChildren(ParentRunner.java:288)
	at org.junit.runners.ParentRunner.access$000(ParentRunner.java:58)
	at org.junit.runners.ParentRunner$2.evaluate(ParentRunner.java:268)
	at org.springframework.test.context.junit4.statements.RunBeforeTestClassCallbacks.evaluate(RunBeforeTestClassCallbacks.java:61)
	at org.springframework.test.context.junit4.statements.RunAfterTestClassCallbacks.evaluate(RunAfterTestClassCallbacks.java:70)
	at org.junit.runners.ParentRunner.run(ParentRunner.java:363)
	at org.springframework.test.context.junit4.SpringJUnit4ClassRunner.run(SpringJUnit4ClassRunner.java:191)
	at org.apache.maven.surefire.junit4.JUnit4Provider.execute(JUnit4Provider.java:367)
	at org.apache.maven.surefire.junit4.JUnit4Provider.executeWithRerun(JUnit4Provider.java:274)
	at org.apache.maven.surefire.junit4.JUnit4Provider.executeTestSet(JUnit4Provider.java:238)
	at org.apache.maven.surefire.junit4.JUnit4Provider.invoke(JUnit4Provider.java:161)
	at org.apache.maven.surefire.booter.ForkedBooter.invokeProviderInSameClassLoader(ForkedBooter.java:290)
	at org.apache.maven.surefire.booter.ForkedBooter.runSuitesInProcess(ForkedBooter.java:242)
	at org.apache.maven.surefire.booter.ForkedBooter.main(ForkedBooter.java:121)
[2018-03-14 12:05:46.383]  WARN Message [topic=TEST_CONSOLE_TOPIC, flag=0, properties={KEYS=TEST_TOPIC_KEY, WAIT=true, UNIQ_KEY=C0A859EB30A4011E1E6742F7F30E000D}, body=11]
[2018-03-14 12:05:46.385]  WARN AllocateMappedFileService service has exception. so return null
[2018-03-14 12:05:46.385] ERROR create maped file1 error, topic: TEST_CONSOLE_TOPIC clientAddr: 127.0.0.1
[2018-03-14 12:05:46.386]  WARN sendKernelImpl exception, resend at once, InvokeID: 1414064396390606322, RT: 3ms, Broker: MessageQueue [topic=TEST_CONSOLE_TOPIC, brokerName=ConsoleTestBroker, queueId=9]
org.apache.rocketmq.client.exception.MQBrokerException: CODE: 1  DESC: create mapped file failed, server is busy or broken.
For more information, please visit the url, http://rocketmq.apache.org/docs/faq/
	at org.apache.rocketmq.client.impl.MQClientAPIImpl.processSendResponse(MQClientAPIImpl.java:531)
	at org.apache.rocketmq.client.impl.MQClientAPIImpl.sendMessageSync(MQClientAPIImpl.java:345)
	at org.apache.rocketmq.client.impl.MQClientAPIImpl.sendMessage(MQClientAPIImpl.java:327)
	at org.apache.rocketmq.client.impl.MQClientAPIImpl.sendMessage(MQClientAPIImpl.java:290)
	at org.apache.rocketmq.client.impl.producer.DefaultMQProducerImpl.sendKernelImpl(DefaultMQProducerImpl.java:688)
	at org.apache.rocketmq.client.impl.producer.DefaultMQProducerImpl.sendDefaultImpl(DefaultMQProducerImpl.java:458)
	at org.apache.rocketmq.client.impl.producer.DefaultMQProducerImpl.send(DefaultMQProducerImpl.java:1049)
	at org.apache.rocketmq.client.impl.producer.DefaultMQProducerImpl.send(DefaultMQProducerImpl.java:1008)
	at org.apache.rocketmq.client.producer.DefaultMQProducer.send(DefaultMQProducer.java:204)
	at org.apache.rocketmq.console.testbase.RocketMQConsoleTestBase.sendTestTopicMessage(RocketMQConsoleTestBase.java:107)
	at org.apache.rocketmq.console.service.impl.MessageServiceImplTest.setUp(MessageServiceImplTest.java:56)
	at sun.reflect.NativeMethodAccessorImpl.invoke0(Native Method)
	at sun.reflect.NativeMethodAccessorImpl.invoke(NativeMethodAccessorImpl.java:57)
	at sun.reflect.DelegatingMethodAccessorImpl.invoke(DelegatingMethodAccessorImpl.java:43)
	at java.lang.reflect.Method.invoke(Method.java:606)
	at org.junit.runners.model.FrameworkMethod$1.runReflectiveCall(FrameworkMethod.java:50)
	at org.junit.internal.runners.model.ReflectiveCallable.run(ReflectiveCallable.java:12)
	at org.junit.runners.model.FrameworkMethod.invokeExplosively(FrameworkMethod.java:47)
	at org.junit.internal.runners.statements.RunBefores.evaluate(RunBefores.java:24)
	at org.springframework.test.context.junit4.statements.RunBeforeTestMethodCallbacks.evaluate(RunBeforeTestMethodCallbacks.java:75)
	at org.junit.internal.runners.statements.RunAfters.evaluate(RunAfters.java:27)
	at org.springframework.test.context.junit4.statements.RunAfterTestMethodCallbacks.evaluate(RunAfterTestMethodCallbacks.java:86)
	at org.springframework.test.context.junit4.statements.SpringRepeat.evaluate(SpringRepeat.java:84)
	at org.junit.runners.ParentRunner.runLeaf(ParentRunner.java:325)
	at org.springframework.test.context.junit4.SpringJUnit4ClassRunner.runChild(SpringJUnit4ClassRunner.java:252)
	at org.springframework.test.context.junit4.SpringJUnit4ClassRunner.runChild(SpringJUnit4ClassRunner.java:94)
	at org.junit.runners.ParentRunner$3.run(ParentRunner.java:290)
	at org.junit.runners.ParentRunner$1.schedule(ParentRunner.java:71)
	at org.junit.runners.ParentRunner.runChildren(ParentRunner.java:288)
	at org.junit.runners.ParentRunner.access$000(ParentRunner.java:58)
	at org.junit.runners.ParentRunner$2.evaluate(ParentRunner.java:268)
	at org.springframework.test.context.junit4.statements.RunBeforeTestClassCallbacks.evaluate(RunBeforeTestClassCallbacks.java:61)
	at org.springframework.test.context.junit4.statements.RunAfterTestClassCallbacks.evaluate(RunAfterTestClassCallbacks.java:70)
	at org.junit.runners.ParentRunner.run(ParentRunner.java:363)
	at org.springframework.test.context.junit4.SpringJUnit4ClassRunner.run(SpringJUnit4ClassRunner.java:191)
	at org.apache.maven.surefire.junit4.JUnit4Provider.execute(JUnit4Provider.java:367)
	at org.apache.maven.surefire.junit4.JUnit4Provider.executeWithRerun(JUnit4Provider.java:274)
	at org.apache.maven.surefire.junit4.JUnit4Provider.executeTestSet(JUnit4Provider.java:238)
	at org.apache.maven.surefire.junit4.JUnit4Provider.invoke(JUnit4Provider.java:161)
	at org.apache.maven.surefire.booter.ForkedBooter.invokeProviderInSameClassLoader(ForkedBooter.java:290)
	at org.apache.maven.surefire.booter.ForkedBooter.runSuitesInProcess(ForkedBooter.java:242)
	at org.apache.maven.surefire.booter.ForkedBooter.main(ForkedBooter.java:121)
[2018-03-14 12:05:46.386]  WARN Message [topic=TEST_CONSOLE_TOPIC, flag=0, properties={KEYS=TEST_TOPIC_KEY, WAIT=true, UNIQ_KEY=C0A859EB30A4011E1E6742F7F30E000D}, body=11]
[2018-03-14 12:05:46.388]  WARN AllocateMappedFileService service has exception. so return null
[2018-03-14 12:05:46.388] ERROR create maped file1 error, topic: TEST_CONSOLE_TOPIC clientAddr: 127.0.0.1
[2018-03-14 12:05:46.389]  WARN sendKernelImpl exception, resend at once, InvokeID: 1414064396390606322, RT: 3ms, Broker: MessageQueue [topic=TEST_CONSOLE_TOPIC, brokerName=ConsoleTestBroker, queueId=11]
org.apache.rocketmq.client.exception.MQBrokerException: CODE: 1  DESC: create mapped file failed, server is busy or broken.
For more information, please visit the url, http://rocketmq.apache.org/docs/faq/
	at org.apache.rocketmq.client.impl.MQClientAPIImpl.processSendResponse(MQClientAPIImpl.java:531)
	at org.apache.rocketmq.client.impl.MQClientAPIImpl.sendMessageSync(MQClientAPIImpl.java:345)
	at org.apache.rocketmq.client.impl.MQClientAPIImpl.sendMessage(MQClientAPIImpl.java:327)
	at org.apache.rocketmq.client.impl.MQClientAPIImpl.sendMessage(MQClientAPIImpl.java:290)
	at org.apache.rocketmq.client.impl.producer.DefaultMQProducerImpl.sendKernelImpl(DefaultMQProducerImpl.java:688)
	at org.apache.rocketmq.client.impl.producer.DefaultMQProducerImpl.sendDefaultImpl(DefaultMQProducerImpl.java:458)
	at org.apache.rocketmq.client.impl.producer.DefaultMQProducerImpl.send(DefaultMQProducerImpl.java:1049)
	at org.apache.rocketmq.client.impl.producer.DefaultMQProducerImpl.send(DefaultMQProducerImpl.java:1008)
	at org.apache.rocketmq.client.producer.DefaultMQProducer.send(DefaultMQProducer.java:204)
	at org.apache.rocketmq.console.testbase.RocketMQConsoleTestBase.sendTestTopicMessage(RocketMQConsoleTestBase.java:107)
	at org.apache.rocketmq.console.service.impl.MessageServiceImplTest.setUp(MessageServiceImplTest.java:56)
	at sun.reflect.NativeMethodAccessorImpl.invoke0(Native Method)
	at sun.reflect.NativeMethodAccessorImpl.invoke(NativeMethodAccessorImpl.java:57)
	at sun.reflect.DelegatingMethodAccessorImpl.invoke(DelegatingMethodAccessorImpl.java:43)
	at java.lang.reflect.Method.invoke(Method.java:606)
	at org.junit.runners.model.FrameworkMethod$1.runReflectiveCall(FrameworkMethod.java:50)
	at org.junit.internal.runners.model.ReflectiveCallable.run(ReflectiveCallable.java:12)
	at org.junit.runners.model.FrameworkMethod.invokeExplosively(FrameworkMethod.java:47)
	at org.junit.internal.runners.statements.RunBefores.evaluate(RunBefores.java:24)
	at org.springframework.test.context.junit4.statements.RunBeforeTestMethodCallbacks.evaluate(RunBeforeTestMethodCallbacks.java:75)
	at org.junit.internal.runners.statements.RunAfters.evaluate(RunAfters.java:27)
	at org.springframework.test.context.junit4.statements.RunAfterTestMethodCallbacks.evaluate(RunAfterTestMethodCallbacks.java:86)
	at org.springframework.test.context.junit4.statements.SpringRepeat.evaluate(SpringRepeat.java:84)
	at org.junit.runners.ParentRunner.runLeaf(ParentRunner.java:325)
	at org.springframework.test.context.junit4.SpringJUnit4ClassRunner.runChild(SpringJUnit4ClassRunner.java:252)
	at org.springframework.test.context.junit4.SpringJUnit4ClassRunner.runChild(SpringJUnit4ClassRunner.java:94)
	at org.junit.runners.ParentRunner$3.run(ParentRunner.java:290)
	at org.junit.runners.ParentRunner$1.schedule(ParentRunner.java:71)
	at org.junit.runners.ParentRunner.runChildren(ParentRunner.java:288)
	at org.junit.runners.ParentRunner.access$000(ParentRunner.java:58)
	at org.junit.runners.ParentRunner$2.evaluate(ParentRunner.java:268)
	at org.springframework.test.context.junit4.statements.RunBeforeTestClassCallbacks.evaluate(RunBeforeTestClassCallbacks.java:61)
	at org.springframework.test.context.junit4.statements.RunAfterTestClassCallbacks.evaluate(RunAfterTestClassCallbacks.java:70)
	at org.junit.runners.ParentRunner.run(ParentRunner.java:363)
	at org.springframework.test.context.junit4.SpringJUnit4ClassRunner.run(SpringJUnit4ClassRunner.java:191)
	at org.apache.maven.surefire.junit4.JUnit4Provider.execute(JUnit4Provider.java:367)
	at org.apache.maven.surefire.junit4.JUnit4Provider.executeWithRerun(JUnit4Provider.java:274)
	at org.apache.maven.surefire.junit4.JUnit4Provider.executeTestSet(JUnit4Provider.java:238)
	at org.apache.maven.surefire.junit4.JUnit4Provider.invoke(JUnit4Provider.java:161)
	at org.apache.maven.surefire.booter.ForkedBooter.invokeProviderInSameClassLoader(ForkedBooter.java:290)
	at org.apache.maven.surefire.booter.ForkedBooter.runSuitesInProcess(ForkedBooter.java:242)
	at org.apache.maven.surefire.booter.ForkedBooter.main(ForkedBooter.java:121)
[2018-03-14 12:05:46.390]  WARN Message [topic=TEST_CONSOLE_TOPIC, flag=0, properties={KEYS=TEST_TOPIC_KEY, WAIT=true, UNIQ_KEY=C0A859EB30A4011E1E6742F7F30E000D}, body=11]
[2018-03-14 12:05:46.394] ERROR map file C:\Users\Administrator\rocketmq-console-test\20180314120526\commitlog\00000000000000000000 Failed. 
java.io.IOException: Map failed
	at sun.nio.ch.FileChannelImpl.map(FileChannelImpl.java:888)
	at org.apache.rocketmq.store.MappedFile.init(MappedFile.java:160)
	at org.apache.rocketmq.store.MappedFile.<init>(MappedFile.java:71)
	at org.apache.rocketmq.store.AllocateMappedFileService.mmapOperation(AllocateMappedFileService.java:182)
	at org.apache.rocketmq.store.AllocateMappedFileService.run(AllocateMappedFileService.java:143)
	at java.lang.Thread.run(Thread.java:745)
Caused by: java.lang.OutOfMemoryError: Map failed
	at sun.nio.ch.FileChannelImpl.map0(Native Method)
	at sun.nio.ch.FileChannelImpl.map(FileChannelImpl.java:885)
	... 5 common frames omitted
[2018-03-14 12:05:46.394]  WARN AllocateMappedFileService service has exception. 
java.io.IOException: Map failed
	at sun.nio.ch.FileChannelImpl.map(FileChannelImpl.java:888)
	at org.apache.rocketmq.store.MappedFile.init(MappedFile.java:160)
	at org.apache.rocketmq.store.MappedFile.<init>(MappedFile.java:71)
	at org.apache.rocketmq.store.AllocateMappedFileService.mmapOperation(AllocateMappedFileService.java:182)
	at org.apache.rocketmq.store.AllocateMappedFileService.run(AllocateMappedFileService.java:143)
	at java.lang.Thread.run(Thread.java:745)
Caused by: java.lang.OutOfMemoryError: Map failed
	at sun.nio.ch.FileChannelImpl.map0(Native Method)
	at sun.nio.ch.FileChannelImpl.map(FileChannelImpl.java:885)
	... 5 common frames omitted
[2018-03-14 12:05:46.624] ERROR map file C:\Users\Administrator\rocketmq-console-test\20180314120526\commitlog\00000000000000000000 Failed. 
java.io.IOException: Map failed
	at sun.nio.ch.FileChannelImpl.map(FileChannelImpl.java:888)
	at org.apache.rocketmq.store.MappedFile.init(MappedFile.java:160)
	at org.apache.rocketmq.store.MappedFile.<init>(MappedFile.java:71)
	at org.apache.rocketmq.store.AllocateMappedFileService.mmapOperation(AllocateMappedFileService.java:182)
	at org.apache.rocketmq.store.AllocateMappedFileService.run(AllocateMappedFileService.java:143)
	at java.lang.Thread.run(Thread.java:745)
Caused by: java.lang.OutOfMemoryError: Map failed
	at sun.nio.ch.FileChannelImpl.map0(Native Method)
	at sun.nio.ch.FileChannelImpl.map(FileChannelImpl.java:885)
	... 5 common frames omitted
[2018-03-14 12:05:46.625]  WARN AllocateMappedFileService service has exception. 
java.io.IOException: Map failed
	at sun.nio.ch.FileChannelImpl.map(FileChannelImpl.java:888)
	at org.apache.rocketmq.store.MappedFile.init(MappedFile.java:160)
	at org.apache.rocketmq.store.MappedFile.<init>(MappedFile.java:71)
	at org.apache.rocketmq.store.AllocateMappedFileService.mmapOperation(AllocateMappedFileService.java:182)
	at org.apache.rocketmq.store.AllocateMappedFileService.run(AllocateMappedFileService.java:143)
	at java.lang.Thread.run(Thread.java:745)
Caused by: java.lang.OutOfMemoryError: Map failed
	at sun.nio.ch.FileChannelImpl.map0(Native Method)
	at sun.nio.ch.FileChannelImpl.map(FileChannelImpl.java:885)
	... 5 common frames omitted
[2018-03-14 12:05:46.845] ERROR map file C:\Users\Administrator\rocketmq-console-test\20180314120526\commitlog\00000000000000000000 Failed. 
java.io.IOException: Map failed
	at sun.nio.ch.FileChannelImpl.map(FileChannelImpl.java:888)
	at org.apache.rocketmq.store.MappedFile.init(MappedFile.java:160)
	at org.apache.rocketmq.store.MappedFile.<init>(MappedFile.java:71)
	at org.apache.rocketmq.store.AllocateMappedFileService.mmapOperation(AllocateMappedFileService.java:182)
	at org.apache.rocketmq.store.AllocateMappedFileService.run(AllocateMappedFileService.java:143)
	at java.lang.Thread.run(Thread.java:745)
Caused by: java.lang.OutOfMemoryError: Map failed
	at sun.nio.ch.FileChannelImpl.map0(Native Method)
	at sun.nio.ch.FileChannelImpl.map(FileChannelImpl.java:885)
	... 5 common frames omitted
[2018-03-14 12:05:46.845]  WARN AllocateMappedFileService service has exception. 
java.io.IOException: Map failed
	at sun.nio.ch.FileChannelImpl.map(FileChannelImpl.java:888)
	at org.apache.rocketmq.store.MappedFile.init(MappedFile.java:160)
	at org.apache.rocketmq.store.MappedFile.<init>(MappedFile.java:71)
	at org.apache.rocketmq.store.AllocateMappedFileService.mmapOperation(AllocateMappedFileService.java:182)
	at org.apache.rocketmq.store.AllocateMappedFileService.run(AllocateMappedFileService.java:143)
	at java.lang.Thread.run(Thread.java:745)
Caused by: java.lang.OutOfMemoryError: Map failed
	at sun.nio.ch.FileChannelImpl.map0(Native Method)
	at sun.nio.ch.FileChannelImpl.map(FileChannelImpl.java:885)
	... 5 common frames omitted
[2018-03-14 12:05:46.958]  WARN AllocateMappedFileService service has exception. so return null
[2018-03-14 12:05:46.958] ERROR create maped file1 error, topic: TEST_CONSOLE_TOPIC clientAddr: 127.0.0.1
[2018-03-14 12:05:46.959]  WARN sendKernelImpl exception, resend at once, InvokeID: 934353689623486463, RT: 1ms, Broker: MessageQueue [topic=TEST_CONSOLE_TOPIC, brokerName=ConsoleTestBroker, queueId=12]
org.apache.rocketmq.client.exception.MQBrokerException: CODE: 1  DESC: create mapped file failed, server is busy or broken.
For more information, please visit the url, http://rocketmq.apache.org/docs/faq/
	at org.apache.rocketmq.client.impl.MQClientAPIImpl.processSendResponse(MQClientAPIImpl.java:531)
	at org.apache.rocketmq.client.impl.MQClientAPIImpl.sendMessageSync(MQClientAPIImpl.java:345)
	at org.apache.rocketmq.client.impl.MQClientAPIImpl.sendMessage(MQClientAPIImpl.java:327)
	at org.apache.rocketmq.client.impl.MQClientAPIImpl.sendMessage(MQClientAPIImpl.java:290)
	at org.apache.rocketmq.client.impl.producer.DefaultMQProducerImpl.sendKernelImpl(DefaultMQProducerImpl.java:688)
	at org.apache.rocketmq.client.impl.producer.DefaultMQProducerImpl.sendDefaultImpl(DefaultMQProducerImpl.java:458)
	at org.apache.rocketmq.client.impl.producer.DefaultMQProducerImpl.send(DefaultMQProducerImpl.java:1049)
	at org.apache.rocketmq.client.impl.producer.DefaultMQProducerImpl.send(DefaultMQProducerImpl.java:1008)
	at org.apache.rocketmq.client.producer.DefaultMQProducer.send(DefaultMQProducer.java:204)
	at org.apache.rocketmq.console.testbase.RocketMQConsoleTestBase.sendTestTopicMessage(RocketMQConsoleTestBase.java:107)
	at org.apache.rocketmq.console.service.impl.MessageServiceImplTest.setUp(MessageServiceImplTest.java:56)
	at sun.reflect.NativeMethodAccessorImpl.invoke0(Native Method)
	at sun.reflect.NativeMethodAccessorImpl.invoke(NativeMethodAccessorImpl.java:57)
	at sun.reflect.DelegatingMethodAccessorImpl.invoke(DelegatingMethodAccessorImpl.java:43)
	at java.lang.reflect.Method.invoke(Method.java:606)
	at org.junit.runners.model.FrameworkMethod$1.runReflectiveCall(FrameworkMethod.java:50)
	at org.junit.internal.runners.model.ReflectiveCallable.run(ReflectiveCallable.java:12)
	at org.junit.runners.model.FrameworkMethod.invokeExplosively(FrameworkMethod.java:47)
	at org.junit.internal.runners.statements.RunBefores.evaluate(RunBefores.java:24)
	at org.springframework.test.context.junit4.statements.RunBeforeTestMethodCallbacks.evaluate(RunBeforeTestMethodCallbacks.java:75)
	at org.junit.internal.runners.statements.RunAfters.evaluate(RunAfters.java:27)
	at org.springframework.test.context.junit4.statements.RunAfterTestMethodCallbacks.evaluate(RunAfterTestMethodCallbacks.java:86)
	at org.springframework.test.context.junit4.statements.SpringRepeat.evaluate(SpringRepeat.java:84)
	at org.junit.runners.ParentRunner.runLeaf(ParentRunner.java:325)
	at org.springframework.test.context.junit4.SpringJUnit4ClassRunner.runChild(SpringJUnit4ClassRunner.java:252)
	at org.springframework.test.context.junit4.SpringJUnit4ClassRunner.runChild(SpringJUnit4ClassRunner.java:94)
	at org.junit.runners.ParentRunner$3.run(ParentRunner.java:290)
	at org.junit.runners.ParentRunner$1.schedule(ParentRunner.java:71)
	at org.junit.runners.ParentRunner.runChildren(ParentRunner.java:288)
	at org.junit.runners.ParentRunner.access$000(ParentRunner.java:58)
	at org.junit.runners.ParentRunner$2.evaluate(ParentRunner.java:268)
	at org.springframework.test.context.junit4.statements.RunBeforeTestClassCallbacks.evaluate(RunBeforeTestClassCallbacks.java:61)
	at org.springframework.test.context.junit4.statements.RunAfterTestClassCallbacks.evaluate(RunAfterTestClassCallbacks.java:70)
	at org.junit.runners.ParentRunner.run(ParentRunner.java:363)
	at org.springframework.test.context.junit4.SpringJUnit4ClassRunner.run(SpringJUnit4ClassRunner.java:191)
	at org.apache.maven.surefire.junit4.JUnit4Provider.execute(JUnit4Provider.java:367)
	at org.apache.maven.surefire.junit4.JUnit4Provider.executeWithRerun(JUnit4Provider.java:274)
	at org.apache.maven.surefire.junit4.JUnit4Provider.executeTestSet(JUnit4Provider.java:238)
	at org.apache.maven.surefire.junit4.JUnit4Provider.invoke(JUnit4Provider.java:161)
	at org.apache.maven.surefire.booter.ForkedBooter.invokeProviderInSameClassLoader(ForkedBooter.java:290)
	at org.apache.maven.surefire.booter.ForkedBooter.runSuitesInProcess(ForkedBooter.java:242)
	at org.apache.maven.surefire.booter.ForkedBooter.main(ForkedBooter.java:121)
[2018-03-14 12:05:46.959]  WARN Message [topic=TEST_CONSOLE_TOPIC, flag=0, properties={KEYS=TEST_TOPIC_KEY, WAIT=true, UNIQ_KEY=C0A859EB30A4011E1E6742F7F30E000D}, body=11]
[2018-03-14 12:05:46.960]  WARN AllocateMappedFileService service has exception. so return null
[2018-03-14 12:05:46.960] ERROR create maped file1 error, topic: TEST_CONSOLE_TOPIC clientAddr: 127.0.0.1
[2018-03-14 12:05:46.961]  WARN sendKernelImpl exception, resend at once, InvokeID: 934353689623486463, RT: 2ms, Broker: MessageQueue [topic=TEST_CONSOLE_TOPIC, brokerName=ConsoleTestBroker, queueId=14]
org.apache.rocketmq.client.exception.MQBrokerException: CODE: 1  DESC: create mapped file failed, server is busy or broken.
For more information, please visit the url, http://rocketmq.apache.org/docs/faq/
	at org.apache.rocketmq.client.impl.MQClientAPIImpl.processSendResponse(MQClientAPIImpl.java:531)
	at org.apache.rocketmq.client.impl.MQClientAPIImpl.sendMessageSync(MQClientAPIImpl.java:345)
	at org.apache.rocketmq.client.impl.MQClientAPIImpl.sendMessage(MQClientAPIImpl.java:327)
	at org.apache.rocketmq.client.impl.MQClientAPIImpl.sendMessage(MQClientAPIImpl.java:290)
	at org.apache.rocketmq.client.impl.producer.DefaultMQProducerImpl.sendKernelImpl(DefaultMQProducerImpl.java:688)
	at org.apache.rocketmq.client.impl.producer.DefaultMQProducerImpl.sendDefaultImpl(DefaultMQProducerImpl.java:458)
	at org.apache.rocketmq.client.impl.producer.DefaultMQProducerImpl.send(DefaultMQProducerImpl.java:1049)
	at org.apache.rocketmq.client.impl.producer.DefaultMQProducerImpl.send(DefaultMQProducerImpl.java:1008)
	at org.apache.rocketmq.client.producer.DefaultMQProducer.send(DefaultMQProducer.java:204)
	at org.apache.rocketmq.console.testbase.RocketMQConsoleTestBase.sendTestTopicMessage(RocketMQConsoleTestBase.java:107)
	at org.apache.rocketmq.console.service.impl.MessageServiceImplTest.setUp(MessageServiceImplTest.java:56)
	at sun.reflect.NativeMethodAccessorImpl.invoke0(Native Method)
	at sun.reflect.NativeMethodAccessorImpl.invoke(NativeMethodAccessorImpl.java:57)
	at sun.reflect.DelegatingMethodAccessorImpl.invoke(DelegatingMethodAccessorImpl.java:43)
	at java.lang.reflect.Method.invoke(Method.java:606)
	at org.junit.runners.model.FrameworkMethod$1.runReflectiveCall(FrameworkMethod.java:50)
	at org.junit.internal.runners.model.ReflectiveCallable.run(ReflectiveCallable.java:12)
	at org.junit.runners.model.FrameworkMethod.invokeExplosively(FrameworkMethod.java:47)
	at org.junit.internal.runners.statements.RunBefores.evaluate(RunBefores.java:24)
	at org.springframework.test.context.junit4.statements.RunBeforeTestMethodCallbacks.evaluate(RunBeforeTestMethodCallbacks.java:75)
	at org.junit.internal.runners.statements.RunAfters.evaluate(RunAfters.java:27)
	at org.springframework.test.context.junit4.statements.RunAfterTestMethodCallbacks.evaluate(RunAfterTestMethodCallbacks.java:86)
	at org.springframework.test.context.junit4.statements.SpringRepeat.evaluate(SpringRepeat.java:84)
	at org.junit.runners.ParentRunner.runLeaf(ParentRunner.java:325)
	at org.springframework.test.context.junit4.SpringJUnit4ClassRunner.runChild(SpringJUnit4ClassRunner.java:252)
	at org.springframework.test.context.junit4.SpringJUnit4ClassRunner.runChild(SpringJUnit4ClassRunner.java:94)
	at org.junit.runners.ParentRunner$3.run(ParentRunner.java:290)
	at org.junit.runners.ParentRunner$1.schedule(ParentRunner.java:71)
	at org.junit.runners.ParentRunner.runChildren(ParentRunner.java:288)
	at org.junit.runners.ParentRunner.access$000(ParentRunner.java:58)
	at org.junit.runners.ParentRunner$2.evaluate(ParentRunner.java:268)
	at org.springframework.test.context.junit4.statements.RunBeforeTestClassCallbacks.evaluate(RunBeforeTestClassCallbacks.java:61)
	at org.springframework.test.context.junit4.statements.RunAfterTestClassCallbacks.evaluate(RunAfterTestClassCallbacks.java:70)
	at org.junit.runners.ParentRunner.run(ParentRunner.java:363)
	at org.springframework.test.context.junit4.SpringJUnit4ClassRunner.run(SpringJUnit4ClassRunner.java:191)
	at org.apache.maven.surefire.junit4.JUnit4Provider.execute(JUnit4Provider.java:367)
	at org.apache.maven.surefire.junit4.JUnit4Provider.executeWithRerun(JUnit4Provider.java:274)
	at org.apache.maven.surefire.junit4.JUnit4Provider.executeTestSet(JUnit4Provider.java:238)
	at org.apache.maven.surefire.junit4.JUnit4Provider.invoke(JUnit4Provider.java:161)
	at org.apache.maven.surefire.booter.ForkedBooter.invokeProviderInSameClassLoader(ForkedBooter.java:290)
	at org.apache.maven.surefire.booter.ForkedBooter.runSuitesInProcess(ForkedBooter.java:242)
	at org.apache.maven.surefire.booter.ForkedBooter.main(ForkedBooter.java:121)
[2018-03-14 12:05:46.961]  WARN Message [topic=TEST_CONSOLE_TOPIC, flag=0, properties={KEYS=TEST_TOPIC_KEY, WAIT=true, UNIQ_KEY=C0A859EB30A4011E1E6742F7F30E000D}, body=11]
[2018-03-14 12:05:46.962]  WARN AllocateMappedFileService service has exception. so return null
[2018-03-14 12:05:46.962] ERROR create maped file1 error, topic: TEST_CONSOLE_TOPIC clientAddr: 127.0.0.1
[2018-03-14 12:05:46.963]  WARN sendKernelImpl exception, resend at once, InvokeID: 934353689623486463, RT: 2ms, Broker: MessageQueue [topic=TEST_CONSOLE_TOPIC, brokerName=ConsoleTestBroker, queueId=0]
org.apache.rocketmq.client.exception.MQBrokerException: CODE: 1  DESC: create mapped file failed, server is busy or broken.
For more information, please visit the url, http://rocketmq.apache.org/docs/faq/
	at org.apache.rocketmq.client.impl.MQClientAPIImpl.processSendResponse(MQClientAPIImpl.java:531)
	at org.apache.rocketmq.client.impl.MQClientAPIImpl.sendMessageSync(MQClientAPIImpl.java:345)
	at org.apache.rocketmq.client.impl.MQClientAPIImpl.sendMessage(MQClientAPIImpl.java:327)
	at org.apache.rocketmq.client.impl.MQClientAPIImpl.sendMessage(MQClientAPIImpl.java:290)
	at org.apache.rocketmq.client.impl.producer.DefaultMQProducerImpl.sendKernelImpl(DefaultMQProducerImpl.java:688)
	at org.apache.rocketmq.client.impl.producer.DefaultMQProducerImpl.sendDefaultImpl(DefaultMQProducerImpl.java:458)
	at org.apache.rocketmq.client.impl.producer.DefaultMQProducerImpl.send(DefaultMQProducerImpl.java:1049)
	at org.apache.rocketmq.client.impl.producer.DefaultMQProducerImpl.send(DefaultMQProducerImpl.java:1008)
	at org.apache.rocketmq.client.producer.DefaultMQProducer.send(DefaultMQProducer.java:204)
	at org.apache.rocketmq.console.testbase.RocketMQConsoleTestBase.sendTestTopicMessage(RocketMQConsoleTestBase.java:107)
	at org.apache.rocketmq.console.service.impl.MessageServiceImplTest.setUp(MessageServiceImplTest.java:56)
	at sun.reflect.NativeMethodAccessorImpl.invoke0(Native Method)
	at sun.reflect.NativeMethodAccessorImpl.invoke(NativeMethodAccessorImpl.java:57)
	at sun.reflect.DelegatingMethodAccessorImpl.invoke(DelegatingMethodAccessorImpl.java:43)
	at java.lang.reflect.Method.invoke(Method.java:606)
	at org.junit.runners.model.FrameworkMethod$1.runReflectiveCall(FrameworkMethod.java:50)
	at org.junit.internal.runners.model.ReflectiveCallable.run(ReflectiveCallable.java:12)
	at org.junit.runners.model.FrameworkMethod.invokeExplosively(FrameworkMethod.java:47)
	at org.junit.internal.runners.statements.RunBefores.evaluate(RunBefores.java:24)
	at org.springframework.test.context.junit4.statements.RunBeforeTestMethodCallbacks.evaluate(RunBeforeTestMethodCallbacks.java:75)
	at org.junit.internal.runners.statements.RunAfters.evaluate(RunAfters.java:27)
	at org.springframework.test.context.junit4.statements.RunAfterTestMethodCallbacks.evaluate(RunAfterTestMethodCallbacks.java:86)
	at org.springframework.test.context.junit4.statements.SpringRepeat.evaluate(SpringRepeat.java:84)
	at org.junit.runners.ParentRunner.runLeaf(ParentRunner.java:325)
	at org.springframework.test.context.junit4.SpringJUnit4ClassRunner.runChild(SpringJUnit4ClassRunner.java:252)
	at org.springframework.test.context.junit4.SpringJUnit4ClassRunner.runChild(SpringJUnit4ClassRunner.java:94)
	at org.junit.runners.ParentRunner$3.run(ParentRunner.java:290)
	at org.junit.runners.ParentRunner$1.schedule(ParentRunner.java:71)
	at org.junit.runners.ParentRunner.runChildren(ParentRunner.java:288)
	at org.junit.runners.ParentRunner.access$000(ParentRunner.java:58)
	at org.junit.runners.ParentRunner$2.evaluate(ParentRunner.java:268)
	at org.springframework.test.context.junit4.statements.RunBeforeTestClassCallbacks.evaluate(RunBeforeTestClassCallbacks.java:61)
	at org.springframework.test.context.junit4.statements.RunAfterTestClassCallbacks.evaluate(RunAfterTestClassCallbacks.java:70)
	at org.junit.runners.ParentRunner.run(ParentRunner.java:363)
	at org.springframework.test.context.junit4.SpringJUnit4ClassRunner.run(SpringJUnit4ClassRunner.java:191)
	at org.apache.maven.surefire.junit4.JUnit4Provider.execute(JUnit4Provider.java:367)
	at org.apache.maven.surefire.junit4.JUnit4Provider.executeWithRerun(JUnit4Provider.java:274)
	at org.apache.maven.surefire.junit4.JUnit4Provider.executeTestSet(JUnit4Provider.java:238)
	at org.apache.maven.surefire.junit4.JUnit4Provider.invoke(JUnit4Provider.java:161)
	at org.apache.maven.surefire.booter.ForkedBooter.invokeProviderInSameClassLoader(ForkedBooter.java:290)
	at org.apache.maven.surefire.booter.ForkedBooter.runSuitesInProcess(ForkedBooter.java:242)
	at org.apache.maven.surefire.booter.ForkedBooter.main(ForkedBooter.java:121)
[2018-03-14 12:05:46.963]  WARN Message [topic=TEST_CONSOLE_TOPIC, flag=0, properties={KEYS=TEST_TOPIC_KEY, WAIT=true, UNIQ_KEY=C0A859EB30A4011E1E6742F7F30E000D}, body=11]
[2018-03-14 12:05:47.059] ERROR map file C:\Users\Administrator\rocketmq-console-test\20180314120526\commitlog\00000000000000000000 Failed. 
java.io.IOException: Map failed
	at sun.nio.ch.FileChannelImpl.map(FileChannelImpl.java:888)
	at org.apache.rocketmq.store.MappedFile.init(MappedFile.java:160)
	at org.apache.rocketmq.store.MappedFile.<init>(MappedFile.java:71)
	at org.apache.rocketmq.store.AllocateMappedFileService.mmapOperation(AllocateMappedFileService.java:182)
	at org.apache.rocketmq.store.AllocateMappedFileService.run(AllocateMappedFileService.java:143)
	at java.lang.Thread.run(Thread.java:745)
Caused by: java.lang.OutOfMemoryError: Map failed
	at sun.nio.ch.FileChannelImpl.map0(Native Method)
	at sun.nio.ch.FileChannelImpl.map(FileChannelImpl.java:885)
	... 5 common frames omitted
[2018-03-14 12:05:47.060]  WARN AllocateMappedFileService service has exception. 
java.io.IOException: Map failed
	at sun.nio.ch.FileChannelImpl.map(FileChannelImpl.java:888)
	at org.apache.rocketmq.store.MappedFile.init(MappedFile.java:160)
	at org.apache.rocketmq.store.MappedFile.<init>(MappedFile.java:71)
	at org.apache.rocketmq.store.AllocateMappedFileService.mmapOperation(AllocateMappedFileService.java:182)
	at org.apache.rocketmq.store.AllocateMappedFileService.run(AllocateMappedFileService.java:143)
	at java.lang.Thread.run(Thread.java:745)
Caused by: java.lang.OutOfMemoryError: Map failed
	at sun.nio.ch.FileChannelImpl.map0(Native Method)
	at sun.nio.ch.FileChannelImpl.map(FileChannelImpl.java:885)
	... 5 common frames omitted
[2018-03-14 12:05:47.274] ERROR map file C:\Users\Administrator\rocketmq-console-test\20180314120526\commitlog\00000000000000000000 Failed. 
java.io.IOException: Map failed
	at sun.nio.ch.FileChannelImpl.map(FileChannelImpl.java:888)
	at org.apache.rocketmq.store.MappedFile.init(MappedFile.java:160)
	at org.apache.rocketmq.store.MappedFile.<init>(MappedFile.java:71)
	at org.apache.rocketmq.store.AllocateMappedFileService.mmapOperation(AllocateMappedFileService.java:182)
	at org.apache.rocketmq.store.AllocateMappedFileService.run(AllocateMappedFileService.java:143)
	at java.lang.Thread.run(Thread.java:745)
Caused by: java.lang.OutOfMemoryError: Map failed
	at sun.nio.ch.FileChannelImpl.map0(Native Method)
	at sun.nio.ch.FileChannelImpl.map(FileChannelImpl.java:885)
	... 5 common frames omitted
[2018-03-14 12:05:47.275]  WARN AllocateMappedFileService service has exception. 
java.io.IOException: Map failed
	at sun.nio.ch.FileChannelImpl.map(FileChannelImpl.java:888)
	at org.apache.rocketmq.store.MappedFile.init(MappedFile.java:160)
	at org.apache.rocketmq.store.MappedFile.<init>(MappedFile.java:71)
	at org.apache.rocketmq.store.AllocateMappedFileService.mmapOperation(AllocateMappedFileService.java:182)
	at org.apache.rocketmq.store.AllocateMappedFileService.run(AllocateMappedFileService.java:143)
	at java.lang.Thread.run(Thread.java:745)
Caused by: java.lang.OutOfMemoryError: Map failed
	at sun.nio.ch.FileChannelImpl.map0(Native Method)
	at sun.nio.ch.FileChannelImpl.map(FileChannelImpl.java:885)
	... 5 common frames omitted
]]></system-out>
  </testcase>
  <testcase name="messageTrackDetail" classname="org.apache.rocketmq.console.service.impl.MessageServiceImplTest" time="5.551">
    <error message="send message error" type="java.lang.RuntimeException">java.lang.RuntimeException: send message error
	at org.apache.rocketmq.console.service.impl.MessageServiceImplTest.setUp(MessageServiceImplTest.java:56)
</error>
    <system-out><![CDATA[[2018-03-14 12:05:47.497] ERROR map file C:\Users\Administrator\rocketmq-console-test\20180314120526\commitlog\00000000000000000000 Failed. 
java.io.IOException: Map failed
	at sun.nio.ch.FileChannelImpl.map(FileChannelImpl.java:888)
	at org.apache.rocketmq.store.MappedFile.init(MappedFile.java:160)
	at org.apache.rocketmq.store.MappedFile.<init>(MappedFile.java:71)
	at org.apache.rocketmq.store.AllocateMappedFileService.mmapOperation(AllocateMappedFileService.java:182)
	at org.apache.rocketmq.store.AllocateMappedFileService.run(AllocateMappedFileService.java:143)
	at java.lang.Thread.run(Thread.java:745)
Caused by: java.lang.OutOfMemoryError: Map failed
	at sun.nio.ch.FileChannelImpl.map0(Native Method)
	at sun.nio.ch.FileChannelImpl.map(FileChannelImpl.java:885)
	... 5 common frames omitted
[2018-03-14 12:05:47.498]  WARN AllocateMappedFileService service has exception. 
java.io.IOException: Map failed
	at sun.nio.ch.FileChannelImpl.map(FileChannelImpl.java:888)
	at org.apache.rocketmq.store.MappedFile.init(MappedFile.java:160)
	at org.apache.rocketmq.store.MappedFile.<init>(MappedFile.java:71)
	at org.apache.rocketmq.store.AllocateMappedFileService.mmapOperation(AllocateMappedFileService.java:182)
	at org.apache.rocketmq.store.AllocateMappedFileService.run(AllocateMappedFileService.java:143)
	at java.lang.Thread.run(Thread.java:745)
Caused by: java.lang.OutOfMemoryError: Map failed
	at sun.nio.ch.FileChannelImpl.map0(Native Method)
	at sun.nio.ch.FileChannelImpl.map(FileChannelImpl.java:885)
	... 5 common frames omitted
[2018-03-14 12:05:47.726] ERROR map file C:\Users\Administrator\rocketmq-console-test\20180314120526\commitlog\00000000000000000000 Failed. 
java.io.IOException: Map failed
	at sun.nio.ch.FileChannelImpl.map(FileChannelImpl.java:888)
	at org.apache.rocketmq.store.MappedFile.init(MappedFile.java:160)
	at org.apache.rocketmq.store.MappedFile.<init>(MappedFile.java:71)
	at org.apache.rocketmq.store.AllocateMappedFileService.mmapOperation(AllocateMappedFileService.java:182)
	at org.apache.rocketmq.store.AllocateMappedFileService.run(AllocateMappedFileService.java:143)
	at java.lang.Thread.run(Thread.java:745)
Caused by: java.lang.OutOfMemoryError: Map failed
	at sun.nio.ch.FileChannelImpl.map0(Native Method)
	at sun.nio.ch.FileChannelImpl.map(FileChannelImpl.java:885)
	... 5 common frames omitted
[2018-03-14 12:05:47.726]  WARN AllocateMappedFileService service has exception. 
java.io.IOException: Map failed
	at sun.nio.ch.FileChannelImpl.map(FileChannelImpl.java:888)
	at org.apache.rocketmq.store.MappedFile.init(MappedFile.java:160)
	at org.apache.rocketmq.store.MappedFile.<init>(MappedFile.java:71)
	at org.apache.rocketmq.store.AllocateMappedFileService.mmapOperation(AllocateMappedFileService.java:182)
	at org.apache.rocketmq.store.AllocateMappedFileService.run(AllocateMappedFileService.java:143)
	at java.lang.Thread.run(Thread.java:745)
Caused by: java.lang.OutOfMemoryError: Map failed
	at sun.nio.ch.FileChannelImpl.map0(Native Method)
	at sun.nio.ch.FileChannelImpl.map(FileChannelImpl.java:885)
	... 5 common frames omitted
[2018-03-14 12:05:47.941] ERROR map file C:\Users\Administrator\rocketmq-console-test\20180314120526\commitlog\00000000000000000000 Failed. 
java.io.IOException: Map failed
	at sun.nio.ch.FileChannelImpl.map(FileChannelImpl.java:888)
	at org.apache.rocketmq.store.MappedFile.init(MappedFile.java:160)
	at org.apache.rocketmq.store.MappedFile.<init>(MappedFile.java:71)
	at org.apache.rocketmq.store.AllocateMappedFileService.mmapOperation(AllocateMappedFileService.java:182)
	at org.apache.rocketmq.store.AllocateMappedFileService.run(AllocateMappedFileService.java:143)
	at java.lang.Thread.run(Thread.java:745)
Caused by: java.lang.OutOfMemoryError: Map failed
	at sun.nio.ch.FileChannelImpl.map0(Native Method)
	at sun.nio.ch.FileChannelImpl.map(FileChannelImpl.java:885)
	... 5 common frames omitted
[2018-03-14 12:05:47.941]  WARN AllocateMappedFileService service has exception. 
java.io.IOException: Map failed
	at sun.nio.ch.FileChannelImpl.map(FileChannelImpl.java:888)
	at org.apache.rocketmq.store.MappedFile.init(MappedFile.java:160)
	at org.apache.rocketmq.store.MappedFile.<init>(MappedFile.java:71)
	at org.apache.rocketmq.store.AllocateMappedFileService.mmapOperation(AllocateMappedFileService.java:182)
	at org.apache.rocketmq.store.AllocateMappedFileService.run(AllocateMappedFileService.java:143)
	at java.lang.Thread.run(Thread.java:745)
Caused by: java.lang.OutOfMemoryError: Map failed
	at sun.nio.ch.FileChannelImpl.map0(Native Method)
	at sun.nio.ch.FileChannelImpl.map(FileChannelImpl.java:885)
	... 5 common frames omitted
[2018-03-14 12:05:48.161] ERROR map file C:\Users\Administrator\rocketmq-console-test\20180314120526\commitlog\00000000000000000000 Failed. 
java.io.IOException: Map failed
	at sun.nio.ch.FileChannelImpl.map(FileChannelImpl.java:888)
	at org.apache.rocketmq.store.MappedFile.init(MappedFile.java:160)
	at org.apache.rocketmq.store.MappedFile.<init>(MappedFile.java:71)
	at org.apache.rocketmq.store.AllocateMappedFileService.mmapOperation(AllocateMappedFileService.java:182)
	at org.apache.rocketmq.store.AllocateMappedFileService.run(AllocateMappedFileService.java:143)
	at java.lang.Thread.run(Thread.java:745)
Caused by: java.lang.OutOfMemoryError: Map failed
	at sun.nio.ch.FileChannelImpl.map0(Native Method)
	at sun.nio.ch.FileChannelImpl.map(FileChannelImpl.java:885)
	... 5 common frames omitted
[2018-03-14 12:05:48.162]  WARN AllocateMappedFileService service has exception. 
java.io.IOException: Map failed
	at sun.nio.ch.FileChannelImpl.map(FileChannelImpl.java:888)
	at org.apache.rocketmq.store.MappedFile.init(MappedFile.java:160)
	at org.apache.rocketmq.store.MappedFile.<init>(MappedFile.java:71)
	at org.apache.rocketmq.store.AllocateMappedFileService.mmapOperation(AllocateMappedFileService.java:182)
	at org.apache.rocketmq.store.AllocateMappedFileService.run(AllocateMappedFileService.java:143)
	at java.lang.Thread.run(Thread.java:745)
Caused by: java.lang.OutOfMemoryError: Map failed
	at sun.nio.ch.FileChannelImpl.map0(Native Method)
	at sun.nio.ch.FileChannelImpl.map(FileChannelImpl.java:885)
	... 5 common frames omitted
[2018-03-14 12:05:48.378] ERROR map file C:\Users\Administrator\rocketmq-console-test\20180314120526\commitlog\00000000000000000000 Failed. 
java.io.IOException: Map failed
	at sun.nio.ch.FileChannelImpl.map(FileChannelImpl.java:888)
	at org.apache.rocketmq.store.MappedFile.init(MappedFile.java:160)
	at org.apache.rocketmq.store.MappedFile.<init>(MappedFile.java:71)
	at org.apache.rocketmq.store.AllocateMappedFileService.mmapOperation(AllocateMappedFileService.java:182)
	at org.apache.rocketmq.store.AllocateMappedFileService.run(AllocateMappedFileService.java:143)
	at java.lang.Thread.run(Thread.java:745)
Caused by: java.lang.OutOfMemoryError: Map failed
	at sun.nio.ch.FileChannelImpl.map0(Native Method)
	at sun.nio.ch.FileChannelImpl.map(FileChannelImpl.java:885)
	... 5 common frames omitted
[2018-03-14 12:05:48.378]  WARN AllocateMappedFileService service has exception. 
java.io.IOException: Map failed
	at sun.nio.ch.FileChannelImpl.map(FileChannelImpl.java:888)
	at org.apache.rocketmq.store.MappedFile.init(MappedFile.java:160)
	at org.apache.rocketmq.store.MappedFile.<init>(MappedFile.java:71)
	at org.apache.rocketmq.store.AllocateMappedFileService.mmapOperation(AllocateMappedFileService.java:182)
	at org.apache.rocketmq.store.AllocateMappedFileService.run(AllocateMappedFileService.java:143)
	at java.lang.Thread.run(Thread.java:745)
Caused by: java.lang.OutOfMemoryError: Map failed
	at sun.nio.ch.FileChannelImpl.map0(Native Method)
	at sun.nio.ch.FileChannelImpl.map(FileChannelImpl.java:885)
	... 5 common frames omitted
[2018-03-14 12:05:48.587] ERROR map file C:\Users\Administrator\rocketmq-console-test\20180314120526\commitlog\00000000000000000000 Failed. 
java.io.IOException: Map failed
	at sun.nio.ch.FileChannelImpl.map(FileChannelImpl.java:888)
	at org.apache.rocketmq.store.MappedFile.init(MappedFile.java:160)
	at org.apache.rocketmq.store.MappedFile.<init>(MappedFile.java:71)
	at org.apache.rocketmq.store.AllocateMappedFileService.mmapOperation(AllocateMappedFileService.java:182)
	at org.apache.rocketmq.store.AllocateMappedFileService.run(AllocateMappedFileService.java:143)
	at java.lang.Thread.run(Thread.java:745)
Caused by: java.lang.OutOfMemoryError: Map failed
	at sun.nio.ch.FileChannelImpl.map0(Native Method)
	at sun.nio.ch.FileChannelImpl.map(FileChannelImpl.java:885)
	... 5 common frames omitted
[2018-03-14 12:05:48.587]  WARN AllocateMappedFileService service has exception. 
java.io.IOException: Map failed
	at sun.nio.ch.FileChannelImpl.map(FileChannelImpl.java:888)
	at org.apache.rocketmq.store.MappedFile.init(MappedFile.java:160)
	at org.apache.rocketmq.store.MappedFile.<init>(MappedFile.java:71)
	at org.apache.rocketmq.store.AllocateMappedFileService.mmapOperation(AllocateMappedFileService.java:182)
	at org.apache.rocketmq.store.AllocateMappedFileService.run(AllocateMappedFileService.java:143)
	at java.lang.Thread.run(Thread.java:745)
Caused by: java.lang.OutOfMemoryError: Map failed
	at sun.nio.ch.FileChannelImpl.map0(Native Method)
	at sun.nio.ch.FileChannelImpl.map(FileChannelImpl.java:885)
	... 5 common frames omitted
[2018-03-14 12:05:48.802] ERROR map file C:\Users\Administrator\rocketmq-console-test\20180314120526\commitlog\00000000000000000000 Failed. 
java.io.IOException: Map failed
	at sun.nio.ch.FileChannelImpl.map(FileChannelImpl.java:888)
	at org.apache.rocketmq.store.MappedFile.init(MappedFile.java:160)
	at org.apache.rocketmq.store.MappedFile.<init>(MappedFile.java:71)
	at org.apache.rocketmq.store.AllocateMappedFileService.mmapOperation(AllocateMappedFileService.java:182)
	at org.apache.rocketmq.store.AllocateMappedFileService.run(AllocateMappedFileService.java:143)
	at java.lang.Thread.run(Thread.java:745)
Caused by: java.lang.OutOfMemoryError: Map failed
	at sun.nio.ch.FileChannelImpl.map0(Native Method)
	at sun.nio.ch.FileChannelImpl.map(FileChannelImpl.java:885)
	... 5 common frames omitted
[2018-03-14 12:05:48.802]  WARN AllocateMappedFileService service has exception. 
java.io.IOException: Map failed
	at sun.nio.ch.FileChannelImpl.map(FileChannelImpl.java:888)
	at org.apache.rocketmq.store.MappedFile.init(MappedFile.java:160)
	at org.apache.rocketmq.store.MappedFile.<init>(MappedFile.java:71)
	at org.apache.rocketmq.store.AllocateMappedFileService.mmapOperation(AllocateMappedFileService.java:182)
	at org.apache.rocketmq.store.AllocateMappedFileService.run(AllocateMappedFileService.java:143)
	at java.lang.Thread.run(Thread.java:745)
Caused by: java.lang.OutOfMemoryError: Map failed
	at sun.nio.ch.FileChannelImpl.map0(Native Method)
	at sun.nio.ch.FileChannelImpl.map(FileChannelImpl.java:885)
	... 5 common frames omitted
[2018-03-14 12:05:49.020] ERROR map file C:\Users\Administrator\rocketmq-console-test\20180314120526\commitlog\00000000000000000000 Failed. 
java.io.IOException: Map failed
	at sun.nio.ch.FileChannelImpl.map(FileChannelImpl.java:888)
	at org.apache.rocketmq.store.MappedFile.init(MappedFile.java:160)
	at org.apache.rocketmq.store.MappedFile.<init>(MappedFile.java:71)
	at org.apache.rocketmq.store.AllocateMappedFileService.mmapOperation(AllocateMappedFileService.java:182)
	at org.apache.rocketmq.store.AllocateMappedFileService.run(AllocateMappedFileService.java:143)
	at java.lang.Thread.run(Thread.java:745)
Caused by: java.lang.OutOfMemoryError: Map failed
	at sun.nio.ch.FileChannelImpl.map0(Native Method)
	at sun.nio.ch.FileChannelImpl.map(FileChannelImpl.java:885)
	... 5 common frames omitted
[2018-03-14 12:05:49.020]  WARN AllocateMappedFileService service has exception. 
java.io.IOException: Map failed
	at sun.nio.ch.FileChannelImpl.map(FileChannelImpl.java:888)
	at org.apache.rocketmq.store.MappedFile.init(MappedFile.java:160)
	at org.apache.rocketmq.store.MappedFile.<init>(MappedFile.java:71)
	at org.apache.rocketmq.store.AllocateMappedFileService.mmapOperation(AllocateMappedFileService.java:182)
	at org.apache.rocketmq.store.AllocateMappedFileService.run(AllocateMappedFileService.java:143)
	at java.lang.Thread.run(Thread.java:745)
Caused by: java.lang.OutOfMemoryError: Map failed
	at sun.nio.ch.FileChannelImpl.map0(Native Method)
	at sun.nio.ch.FileChannelImpl.map(FileChannelImpl.java:885)
	... 5 common frames omitted
[2018-03-14 12:05:49.254] ERROR map file C:\Users\Administrator\rocketmq-console-test\20180314120526\commitlog\00000000000000000000 Failed. 
java.io.IOException: Map failed
	at sun.nio.ch.FileChannelImpl.map(FileChannelImpl.java:888)
	at org.apache.rocketmq.store.MappedFile.init(MappedFile.java:160)
	at org.apache.rocketmq.store.MappedFile.<init>(MappedFile.java:71)
	at org.apache.rocketmq.store.AllocateMappedFileService.mmapOperation(AllocateMappedFileService.java:182)
	at org.apache.rocketmq.store.AllocateMappedFileService.run(AllocateMappedFileService.java:143)
	at java.lang.Thread.run(Thread.java:745)
Caused by: java.lang.OutOfMemoryError: Map failed
	at sun.nio.ch.FileChannelImpl.map0(Native Method)
	at sun.nio.ch.FileChannelImpl.map(FileChannelImpl.java:885)
	... 5 common frames omitted
[2018-03-14 12:05:49.255]  WARN AllocateMappedFileService service has exception. 
java.io.IOException: Map failed
	at sun.nio.ch.FileChannelImpl.map(FileChannelImpl.java:888)
	at org.apache.rocketmq.store.MappedFile.init(MappedFile.java:160)
	at org.apache.rocketmq.store.MappedFile.<init>(MappedFile.java:71)
	at org.apache.rocketmq.store.AllocateMappedFileService.mmapOperation(AllocateMappedFileService.java:182)
	at org.apache.rocketmq.store.AllocateMappedFileService.run(AllocateMappedFileService.java:143)
	at java.lang.Thread.run(Thread.java:745)
Caused by: java.lang.OutOfMemoryError: Map failed
	at sun.nio.ch.FileChannelImpl.map0(Native Method)
	at sun.nio.ch.FileChannelImpl.map(FileChannelImpl.java:885)
	... 5 common frames omitted
[2018-03-14 12:05:49.516] ERROR map file C:\Users\Administrator\rocketmq-console-test\20180314120526\commitlog\00000000000000000000 Failed. 
java.io.IOException: Map failed
	at sun.nio.ch.FileChannelImpl.map(FileChannelImpl.java:888)
	at org.apache.rocketmq.store.MappedFile.init(MappedFile.java:160)
	at org.apache.rocketmq.store.MappedFile.<init>(MappedFile.java:71)
	at org.apache.rocketmq.store.AllocateMappedFileService.mmapOperation(AllocateMappedFileService.java:182)
	at org.apache.rocketmq.store.AllocateMappedFileService.run(AllocateMappedFileService.java:143)
	at java.lang.Thread.run(Thread.java:745)
Caused by: java.lang.OutOfMemoryError: Map failed
	at sun.nio.ch.FileChannelImpl.map0(Native Method)
	at sun.nio.ch.FileChannelImpl.map(FileChannelImpl.java:885)
	... 5 common frames omitted
[2018-03-14 12:05:49.517]  WARN AllocateMappedFileService service has exception. 
java.io.IOException: Map failed
	at sun.nio.ch.FileChannelImpl.map(FileChannelImpl.java:888)
	at org.apache.rocketmq.store.MappedFile.init(MappedFile.java:160)
	at org.apache.rocketmq.store.MappedFile.<init>(MappedFile.java:71)
	at org.apache.rocketmq.store.AllocateMappedFileService.mmapOperation(AllocateMappedFileService.java:182)
	at org.apache.rocketmq.store.AllocateMappedFileService.run(AllocateMappedFileService.java:143)
	at java.lang.Thread.run(Thread.java:745)
Caused by: java.lang.OutOfMemoryError: Map failed
	at sun.nio.ch.FileChannelImpl.map0(Native Method)
	at sun.nio.ch.FileChannelImpl.map(FileChannelImpl.java:885)
	... 5 common frames omitted
[2018-03-14 12:05:49.724] ERROR map file C:\Users\Administrator\rocketmq-console-test\20180314120526\commitlog\00000000000000000000 Failed. 
java.io.IOException: Map failed
	at sun.nio.ch.FileChannelImpl.map(FileChannelImpl.java:888)
	at org.apache.rocketmq.store.MappedFile.init(MappedFile.java:160)
	at org.apache.rocketmq.store.MappedFile.<init>(MappedFile.java:71)
	at org.apache.rocketmq.store.AllocateMappedFileService.mmapOperation(AllocateMappedFileService.java:182)
	at org.apache.rocketmq.store.AllocateMappedFileService.run(AllocateMappedFileService.java:143)
	at java.lang.Thread.run(Thread.java:745)
Caused by: java.lang.OutOfMemoryError: Map failed
	at sun.nio.ch.FileChannelImpl.map0(Native Method)
	at sun.nio.ch.FileChannelImpl.map(FileChannelImpl.java:885)
	... 5 common frames omitted
[2018-03-14 12:05:49.724]  WARN AllocateMappedFileService service has exception. 
java.io.IOException: Map failed
	at sun.nio.ch.FileChannelImpl.map(FileChannelImpl.java:888)
	at org.apache.rocketmq.store.MappedFile.init(MappedFile.java:160)
	at org.apache.rocketmq.store.MappedFile.<init>(MappedFile.java:71)
	at org.apache.rocketmq.store.AllocateMappedFileService.mmapOperation(AllocateMappedFileService.java:182)
	at org.apache.rocketmq.store.AllocateMappedFileService.run(AllocateMappedFileService.java:143)
	at java.lang.Thread.run(Thread.java:745)
Caused by: java.lang.OutOfMemoryError: Map failed
	at sun.nio.ch.FileChannelImpl.map0(Native Method)
	at sun.nio.ch.FileChannelImpl.map(FileChannelImpl.java:885)
	... 5 common frames omitted
[2018-03-14 12:05:49.942] ERROR map file C:\Users\Administrator\rocketmq-console-test\20180314120526\commitlog\00000000000000000000 Failed. 
java.io.IOException: Map failed
	at sun.nio.ch.FileChannelImpl.map(FileChannelImpl.java:888)
	at org.apache.rocketmq.store.MappedFile.init(MappedFile.java:160)
	at org.apache.rocketmq.store.MappedFile.<init>(MappedFile.java:71)
	at org.apache.rocketmq.store.AllocateMappedFileService.mmapOperation(AllocateMappedFileService.java:182)
	at org.apache.rocketmq.store.AllocateMappedFileService.run(AllocateMappedFileService.java:143)
	at java.lang.Thread.run(Thread.java:745)
Caused by: java.lang.OutOfMemoryError: Map failed
	at sun.nio.ch.FileChannelImpl.map0(Native Method)
	at sun.nio.ch.FileChannelImpl.map(FileChannelImpl.java:885)
	... 5 common frames omitted
[2018-03-14 12:05:49.942]  WARN AllocateMappedFileService service has exception. 
java.io.IOException: Map failed
	at sun.nio.ch.FileChannelImpl.map(FileChannelImpl.java:888)
	at org.apache.rocketmq.store.MappedFile.init(MappedFile.java:160)
	at org.apache.rocketmq.store.MappedFile.<init>(MappedFile.java:71)
	at org.apache.rocketmq.store.AllocateMappedFileService.mmapOperation(AllocateMappedFileService.java:182)
	at org.apache.rocketmq.store.AllocateMappedFileService.run(AllocateMappedFileService.java:143)
	at java.lang.Thread.run(Thread.java:745)
Caused by: java.lang.OutOfMemoryError: Map failed
	at sun.nio.ch.FileChannelImpl.map0(Native Method)
	at sun.nio.ch.FileChannelImpl.map(FileChannelImpl.java:885)
	... 5 common frames omitted
[2018-03-14 12:05:50.164] ERROR map file C:\Users\Administrator\rocketmq-console-test\20180314120526\commitlog\00000000000000000000 Failed. 
java.io.IOException: Map failed
	at sun.nio.ch.FileChannelImpl.map(FileChannelImpl.java:888)
	at org.apache.rocketmq.store.MappedFile.init(MappedFile.java:160)
	at org.apache.rocketmq.store.MappedFile.<init>(MappedFile.java:71)
	at org.apache.rocketmq.store.AllocateMappedFileService.mmapOperation(AllocateMappedFileService.java:182)
	at org.apache.rocketmq.store.AllocateMappedFileService.run(AllocateMappedFileService.java:143)
	at java.lang.Thread.run(Thread.java:745)
Caused by: java.lang.OutOfMemoryError: Map failed
	at sun.nio.ch.FileChannelImpl.map0(Native Method)
	at sun.nio.ch.FileChannelImpl.map(FileChannelImpl.java:885)
	... 5 common frames omitted
[2018-03-14 12:05:50.165]  WARN AllocateMappedFileService service has exception. 
java.io.IOException: Map failed
	at sun.nio.ch.FileChannelImpl.map(FileChannelImpl.java:888)
	at org.apache.rocketmq.store.MappedFile.init(MappedFile.java:160)
	at org.apache.rocketmq.store.MappedFile.<init>(MappedFile.java:71)
	at org.apache.rocketmq.store.AllocateMappedFileService.mmapOperation(AllocateMappedFileService.java:182)
	at org.apache.rocketmq.store.AllocateMappedFileService.run(AllocateMappedFileService.java:143)
	at java.lang.Thread.run(Thread.java:745)
Caused by: java.lang.OutOfMemoryError: Map failed
	at sun.nio.ch.FileChannelImpl.map0(Native Method)
	at sun.nio.ch.FileChannelImpl.map(FileChannelImpl.java:885)
	... 5 common frames omitted
[2018-03-14 12:05:50.407] ERROR map file C:\Users\Administrator\rocketmq-console-test\20180314120526\commitlog\00000000000000000000 Failed. 
java.io.IOException: Map failed
	at sun.nio.ch.FileChannelImpl.map(FileChannelImpl.java:888)
	at org.apache.rocketmq.store.MappedFile.init(MappedFile.java:160)
	at org.apache.rocketmq.store.MappedFile.<init>(MappedFile.java:71)
	at org.apache.rocketmq.store.AllocateMappedFileService.mmapOperation(AllocateMappedFileService.java:182)
	at org.apache.rocketmq.store.AllocateMappedFileService.run(AllocateMappedFileService.java:143)
	at java.lang.Thread.run(Thread.java:745)
Caused by: java.lang.OutOfMemoryError: Map failed
	at sun.nio.ch.FileChannelImpl.map0(Native Method)
	at sun.nio.ch.FileChannelImpl.map(FileChannelImpl.java:885)
	... 5 common frames omitted
[2018-03-14 12:05:50.408]  WARN AllocateMappedFileService service has exception. 
java.io.IOException: Map failed
	at sun.nio.ch.FileChannelImpl.map(FileChannelImpl.java:888)
	at org.apache.rocketmq.store.MappedFile.init(MappedFile.java:160)
	at org.apache.rocketmq.store.MappedFile.<init>(MappedFile.java:71)
	at org.apache.rocketmq.store.AllocateMappedFileService.mmapOperation(AllocateMappedFileService.java:182)
	at org.apache.rocketmq.store.AllocateMappedFileService.run(AllocateMappedFileService.java:143)
	at java.lang.Thread.run(Thread.java:745)
Caused by: java.lang.OutOfMemoryError: Map failed
	at sun.nio.ch.FileChannelImpl.map0(Native Method)
	at sun.nio.ch.FileChannelImpl.map(FileChannelImpl.java:885)
	... 5 common frames omitted
[2018-03-14 12:05:50.623] ERROR map file C:\Users\Administrator\rocketmq-console-test\20180314120526\commitlog\00000000000000000000 Failed. 
java.io.IOException: Map failed
	at sun.nio.ch.FileChannelImpl.map(FileChannelImpl.java:888)
	at org.apache.rocketmq.store.MappedFile.init(MappedFile.java:160)
	at org.apache.rocketmq.store.MappedFile.<init>(MappedFile.java:71)
	at org.apache.rocketmq.store.AllocateMappedFileService.mmapOperation(AllocateMappedFileService.java:182)
	at org.apache.rocketmq.store.AllocateMappedFileService.run(AllocateMappedFileService.java:143)
	at java.lang.Thread.run(Thread.java:745)
Caused by: java.lang.OutOfMemoryError: Map failed
	at sun.nio.ch.FileChannelImpl.map0(Native Method)
	at sun.nio.ch.FileChannelImpl.map(FileChannelImpl.java:885)
	... 5 common frames omitted
[2018-03-14 12:05:50.623]  WARN AllocateMappedFileService service has exception. 
java.io.IOException: Map failed
	at sun.nio.ch.FileChannelImpl.map(FileChannelImpl.java:888)
	at org.apache.rocketmq.store.MappedFile.init(MappedFile.java:160)
	at org.apache.rocketmq.store.MappedFile.<init>(MappedFile.java:71)
	at org.apache.rocketmq.store.AllocateMappedFileService.mmapOperation(AllocateMappedFileService.java:182)
	at org.apache.rocketmq.store.AllocateMappedFileService.run(AllocateMappedFileService.java:143)
	at java.lang.Thread.run(Thread.java:745)
Caused by: java.lang.OutOfMemoryError: Map failed
	at sun.nio.ch.FileChannelImpl.map0(Native Method)
	at sun.nio.ch.FileChannelImpl.map(FileChannelImpl.java:885)
	... 5 common frames omitted
[2018-03-14 12:05:50.835] ERROR map file C:\Users\Administrator\rocketmq-console-test\20180314120526\commitlog\00000000000000000000 Failed. 
java.io.IOException: Map failed
	at sun.nio.ch.FileChannelImpl.map(FileChannelImpl.java:888)
	at org.apache.rocketmq.store.MappedFile.init(MappedFile.java:160)
	at org.apache.rocketmq.store.MappedFile.<init>(MappedFile.java:71)
	at org.apache.rocketmq.store.AllocateMappedFileService.mmapOperation(AllocateMappedFileService.java:182)
	at org.apache.rocketmq.store.AllocateMappedFileService.run(AllocateMappedFileService.java:143)
	at java.lang.Thread.run(Thread.java:745)
Caused by: java.lang.OutOfMemoryError: Map failed
	at sun.nio.ch.FileChannelImpl.map0(Native Method)
	at sun.nio.ch.FileChannelImpl.map(FileChannelImpl.java:885)
	... 5 common frames omitted
[2018-03-14 12:05:50.836]  WARN AllocateMappedFileService service has exception. 
java.io.IOException: Map failed
	at sun.nio.ch.FileChannelImpl.map(FileChannelImpl.java:888)
	at org.apache.rocketmq.store.MappedFile.init(MappedFile.java:160)
	at org.apache.rocketmq.store.MappedFile.<init>(MappedFile.java:71)
	at org.apache.rocketmq.store.AllocateMappedFileService.mmapOperation(AllocateMappedFileService.java:182)
	at org.apache.rocketmq.store.AllocateMappedFileService.run(AllocateMappedFileService.java:143)
	at java.lang.Thread.run(Thread.java:745)
Caused by: java.lang.OutOfMemoryError: Map failed
	at sun.nio.ch.FileChannelImpl.map0(Native Method)
	at sun.nio.ch.FileChannelImpl.map(FileChannelImpl.java:885)
	... 5 common frames omitted
[2018-03-14 12:05:51.056] ERROR map file C:\Users\Administrator\rocketmq-console-test\20180314120526\commitlog\00000000000000000000 Failed. 
java.io.IOException: Map failed
	at sun.nio.ch.FileChannelImpl.map(FileChannelImpl.java:888)
	at org.apache.rocketmq.store.MappedFile.init(MappedFile.java:160)
	at org.apache.rocketmq.store.MappedFile.<init>(MappedFile.java:71)
	at org.apache.rocketmq.store.AllocateMappedFileService.mmapOperation(AllocateMappedFileService.java:182)
	at org.apache.rocketmq.store.AllocateMappedFileService.run(AllocateMappedFileService.java:143)
	at java.lang.Thread.run(Thread.java:745)
Caused by: java.lang.OutOfMemoryError: Map failed
	at sun.nio.ch.FileChannelImpl.map0(Native Method)
	at sun.nio.ch.FileChannelImpl.map(FileChannelImpl.java:885)
	... 5 common frames omitted
[2018-03-14 12:05:51.056]  WARN AllocateMappedFileService service has exception. 
java.io.IOException: Map failed
	at sun.nio.ch.FileChannelImpl.map(FileChannelImpl.java:888)
	at org.apache.rocketmq.store.MappedFile.init(MappedFile.java:160)
	at org.apache.rocketmq.store.MappedFile.<init>(MappedFile.java:71)
	at org.apache.rocketmq.store.AllocateMappedFileService.mmapOperation(AllocateMappedFileService.java:182)
	at org.apache.rocketmq.store.AllocateMappedFileService.run(AllocateMappedFileService.java:143)
	at java.lang.Thread.run(Thread.java:745)
Caused by: java.lang.OutOfMemoryError: Map failed
	at sun.nio.ch.FileChannelImpl.map0(Native Method)
	at sun.nio.ch.FileChannelImpl.map(FileChannelImpl.java:885)
	... 5 common frames omitted
[2018-03-14 12:05:51.277] ERROR map file C:\Users\Administrator\rocketmq-console-test\20180314120526\commitlog\00000000000000000000 Failed. 
java.io.IOException: Map failed
	at sun.nio.ch.FileChannelImpl.map(FileChannelImpl.java:888)
	at org.apache.rocketmq.store.MappedFile.init(MappedFile.java:160)
	at org.apache.rocketmq.store.MappedFile.<init>(MappedFile.java:71)
	at org.apache.rocketmq.store.AllocateMappedFileService.mmapOperation(AllocateMappedFileService.java:182)
	at org.apache.rocketmq.store.AllocateMappedFileService.run(AllocateMappedFileService.java:143)
	at java.lang.Thread.run(Thread.java:745)
Caused by: java.lang.OutOfMemoryError: Map failed
	at sun.nio.ch.FileChannelImpl.map0(Native Method)
	at sun.nio.ch.FileChannelImpl.map(FileChannelImpl.java:885)
	... 5 common frames omitted
[2018-03-14 12:05:51.277]  WARN AllocateMappedFileService service has exception. 
java.io.IOException: Map failed
	at sun.nio.ch.FileChannelImpl.map(FileChannelImpl.java:888)
	at org.apache.rocketmq.store.MappedFile.init(MappedFile.java:160)
	at org.apache.rocketmq.store.MappedFile.<init>(MappedFile.java:71)
	at org.apache.rocketmq.store.AllocateMappedFileService.mmapOperation(AllocateMappedFileService.java:182)
	at org.apache.rocketmq.store.AllocateMappedFileService.run(AllocateMappedFileService.java:143)
	at java.lang.Thread.run(Thread.java:745)
Caused by: java.lang.OutOfMemoryError: Map failed
	at sun.nio.ch.FileChannelImpl.map0(Native Method)
	at sun.nio.ch.FileChannelImpl.map(FileChannelImpl.java:885)
	... 5 common frames omitted
[2018-03-14 12:05:51.405]  WARN AllocateMappedFileService service has exception. so return null
[2018-03-14 12:05:51.405] ERROR create maped file1 error, topic: TEST_CONSOLE_TOPIC clientAddr: 127.0.0.1
[2018-03-14 12:05:51.406]  WARN sendKernelImpl exception, resend at once, InvokeID: -1728342968564518642, RT: 3ms, Broker: MessageQueue [topic=TEST_CONSOLE_TOPIC, brokerName=ConsoleTestBroker, queueId=2]
org.apache.rocketmq.client.exception.MQBrokerException: CODE: 1  DESC: create mapped file failed, server is busy or broken.
For more information, please visit the url, http://rocketmq.apache.org/docs/faq/
	at org.apache.rocketmq.client.impl.MQClientAPIImpl.processSendResponse(MQClientAPIImpl.java:531)
	at org.apache.rocketmq.client.impl.MQClientAPIImpl.sendMessageSync(MQClientAPIImpl.java:345)
	at org.apache.rocketmq.client.impl.MQClientAPIImpl.sendMessage(MQClientAPIImpl.java:327)
	at org.apache.rocketmq.client.impl.MQClientAPIImpl.sendMessage(MQClientAPIImpl.java:290)
	at org.apache.rocketmq.client.impl.producer.DefaultMQProducerImpl.sendKernelImpl(DefaultMQProducerImpl.java:688)
	at org.apache.rocketmq.client.impl.producer.DefaultMQProducerImpl.sendDefaultImpl(DefaultMQProducerImpl.java:458)
	at org.apache.rocketmq.client.impl.producer.DefaultMQProducerImpl.send(DefaultMQProducerImpl.java:1049)
	at org.apache.rocketmq.client.impl.producer.DefaultMQProducerImpl.send(DefaultMQProducerImpl.java:1008)
	at org.apache.rocketmq.client.producer.DefaultMQProducer.send(DefaultMQProducer.java:204)
	at org.apache.rocketmq.console.testbase.RocketMQConsoleTestBase.sendTestTopicMessage(RocketMQConsoleTestBase.java:107)
	at org.apache.rocketmq.console.service.impl.MessageServiceImplTest.setUp(MessageServiceImplTest.java:56)
	at sun.reflect.NativeMethodAccessorImpl.invoke0(Native Method)
	at sun.reflect.NativeMethodAccessorImpl.invoke(NativeMethodAccessorImpl.java:57)
	at sun.reflect.DelegatingMethodAccessorImpl.invoke(DelegatingMethodAccessorImpl.java:43)
	at java.lang.reflect.Method.invoke(Method.java:606)
	at org.junit.runners.model.FrameworkMethod$1.runReflectiveCall(FrameworkMethod.java:50)
	at org.junit.internal.runners.model.ReflectiveCallable.run(ReflectiveCallable.java:12)
	at org.junit.runners.model.FrameworkMethod.invokeExplosively(FrameworkMethod.java:47)
	at org.junit.internal.runners.statements.RunBefores.evaluate(RunBefores.java:24)
	at org.springframework.test.context.junit4.statements.RunBeforeTestMethodCallbacks.evaluate(RunBeforeTestMethodCallbacks.java:75)
	at org.junit.internal.runners.statements.RunAfters.evaluate(RunAfters.java:27)
	at org.springframework.test.context.junit4.statements.RunAfterTestMethodCallbacks.evaluate(RunAfterTestMethodCallbacks.java:86)
	at org.springframework.test.context.junit4.statements.SpringRepeat.evaluate(SpringRepeat.java:84)
	at org.junit.runners.ParentRunner.runLeaf(ParentRunner.java:325)
	at org.springframework.test.context.junit4.SpringJUnit4ClassRunner.runChild(SpringJUnit4ClassRunner.java:252)
	at org.springframework.test.context.junit4.SpringJUnit4ClassRunner.runChild(SpringJUnit4ClassRunner.java:94)
	at org.junit.runners.ParentRunner$3.run(ParentRunner.java:290)
	at org.junit.runners.ParentRunner$1.schedule(ParentRunner.java:71)
	at org.junit.runners.ParentRunner.runChildren(ParentRunner.java:288)
	at org.junit.runners.ParentRunner.access$000(ParentRunner.java:58)
	at org.junit.runners.ParentRunner$2.evaluate(ParentRunner.java:268)
	at org.springframework.test.context.junit4.statements.RunBeforeTestClassCallbacks.evaluate(RunBeforeTestClassCallbacks.java:61)
	at org.springframework.test.context.junit4.statements.RunAfterTestClassCallbacks.evaluate(RunAfterTestClassCallbacks.java:70)
	at org.junit.runners.ParentRunner.run(ParentRunner.java:363)
	at org.springframework.test.context.junit4.SpringJUnit4ClassRunner.run(SpringJUnit4ClassRunner.java:191)
	at org.apache.maven.surefire.junit4.JUnit4Provider.execute(JUnit4Provider.java:367)
	at org.apache.maven.surefire.junit4.JUnit4Provider.executeWithRerun(JUnit4Provider.java:274)
	at org.apache.maven.surefire.junit4.JUnit4Provider.executeTestSet(JUnit4Provider.java:238)
	at org.apache.maven.surefire.junit4.JUnit4Provider.invoke(JUnit4Provider.java:161)
	at org.apache.maven.surefire.booter.ForkedBooter.invokeProviderInSameClassLoader(ForkedBooter.java:290)
	at org.apache.maven.surefire.booter.ForkedBooter.runSuitesInProcess(ForkedBooter.java:242)
	at org.apache.maven.surefire.booter.ForkedBooter.main(ForkedBooter.java:121)
[2018-03-14 12:05:51.406]  WARN Message [topic=TEST_CONSOLE_TOPIC, flag=0, properties={KEYS=TEST_TOPIC_KEY, WAIT=true, UNIQ_KEY=C0A859EB30A4011E1E6742F808AB000E}, body=11]
[2018-03-14 12:05:51.407]  WARN AllocateMappedFileService service has exception. so return null
[2018-03-14 12:05:51.407] ERROR create maped file1 error, topic: TEST_CONSOLE_TOPIC clientAddr: 127.0.0.1
[2018-03-14 12:05:51.408]  WARN sendKernelImpl exception, resend at once, InvokeID: -1728342968564518642, RT: 2ms, Broker: MessageQueue [topic=TEST_CONSOLE_TOPIC, brokerName=ConsoleTestBroker, queueId=4]
org.apache.rocketmq.client.exception.MQBrokerException: CODE: 1  DESC: create mapped file failed, server is busy or broken.
For more information, please visit the url, http://rocketmq.apache.org/docs/faq/
	at org.apache.rocketmq.client.impl.MQClientAPIImpl.processSendResponse(MQClientAPIImpl.java:531)
	at org.apache.rocketmq.client.impl.MQClientAPIImpl.sendMessageSync(MQClientAPIImpl.java:345)
	at org.apache.rocketmq.client.impl.MQClientAPIImpl.sendMessage(MQClientAPIImpl.java:327)
	at org.apache.rocketmq.client.impl.MQClientAPIImpl.sendMessage(MQClientAPIImpl.java:290)
	at org.apache.rocketmq.client.impl.producer.DefaultMQProducerImpl.sendKernelImpl(DefaultMQProducerImpl.java:688)
	at org.apache.rocketmq.client.impl.producer.DefaultMQProducerImpl.sendDefaultImpl(DefaultMQProducerImpl.java:458)
	at org.apache.rocketmq.client.impl.producer.DefaultMQProducerImpl.send(DefaultMQProducerImpl.java:1049)
	at org.apache.rocketmq.client.impl.producer.DefaultMQProducerImpl.send(DefaultMQProducerImpl.java:1008)
	at org.apache.rocketmq.client.producer.DefaultMQProducer.send(DefaultMQProducer.java:204)
	at org.apache.rocketmq.console.testbase.RocketMQConsoleTestBase.sendTestTopicMessage(RocketMQConsoleTestBase.java:107)
	at org.apache.rocketmq.console.service.impl.MessageServiceImplTest.setUp(MessageServiceImplTest.java:56)
	at sun.reflect.NativeMethodAccessorImpl.invoke0(Native Method)
	at sun.reflect.NativeMethodAccessorImpl.invoke(NativeMethodAccessorImpl.java:57)
	at sun.reflect.DelegatingMethodAccessorImpl.invoke(DelegatingMethodAccessorImpl.java:43)
	at java.lang.reflect.Method.invoke(Method.java:606)
	at org.junit.runners.model.FrameworkMethod$1.runReflectiveCall(FrameworkMethod.java:50)
	at org.junit.internal.runners.model.ReflectiveCallable.run(ReflectiveCallable.java:12)
	at org.junit.runners.model.FrameworkMethod.invokeExplosively(FrameworkMethod.java:47)
	at org.junit.internal.runners.statements.RunBefores.evaluate(RunBefores.java:24)
	at org.springframework.test.context.junit4.statements.RunBeforeTestMethodCallbacks.evaluate(RunBeforeTestMethodCallbacks.java:75)
	at org.junit.internal.runners.statements.RunAfters.evaluate(RunAfters.java:27)
	at org.springframework.test.context.junit4.statements.RunAfterTestMethodCallbacks.evaluate(RunAfterTestMethodCallbacks.java:86)
	at org.springframework.test.context.junit4.statements.SpringRepeat.evaluate(SpringRepeat.java:84)
	at org.junit.runners.ParentRunner.runLeaf(ParentRunner.java:325)
	at org.springframework.test.context.junit4.SpringJUnit4ClassRunner.runChild(SpringJUnit4ClassRunner.java:252)
	at org.springframework.test.context.junit4.SpringJUnit4ClassRunner.runChild(SpringJUnit4ClassRunner.java:94)
	at org.junit.runners.ParentRunner$3.run(ParentRunner.java:290)
	at org.junit.runners.ParentRunner$1.schedule(ParentRunner.java:71)
	at org.junit.runners.ParentRunner.runChildren(ParentRunner.java:288)
	at org.junit.runners.ParentRunner.access$000(ParentRunner.java:58)
	at org.junit.runners.ParentRunner$2.evaluate(ParentRunner.java:268)
	at org.springframework.test.context.junit4.statements.RunBeforeTestClassCallbacks.evaluate(RunBeforeTestClassCallbacks.java:61)
	at org.springframework.test.context.junit4.statements.RunAfterTestClassCallbacks.evaluate(RunAfterTestClassCallbacks.java:70)
	at org.junit.runners.ParentRunner.run(ParentRunner.java:363)
	at org.springframework.test.context.junit4.SpringJUnit4ClassRunner.run(SpringJUnit4ClassRunner.java:191)
	at org.apache.maven.surefire.junit4.JUnit4Provider.execute(JUnit4Provider.java:367)
	at org.apache.maven.surefire.junit4.JUnit4Provider.executeWithRerun(JUnit4Provider.java:274)
	at org.apache.maven.surefire.junit4.JUnit4Provider.executeTestSet(JUnit4Provider.java:238)
	at org.apache.maven.surefire.junit4.JUnit4Provider.invoke(JUnit4Provider.java:161)
	at org.apache.maven.surefire.booter.ForkedBooter.invokeProviderInSameClassLoader(ForkedBooter.java:290)
	at org.apache.maven.surefire.booter.ForkedBooter.runSuitesInProcess(ForkedBooter.java:242)
	at org.apache.maven.surefire.booter.ForkedBooter.main(ForkedBooter.java:121)
[2018-03-14 12:05:51.408]  WARN Message [topic=TEST_CONSOLE_TOPIC, flag=0, properties={KEYS=TEST_TOPIC_KEY, WAIT=true, UNIQ_KEY=C0A859EB30A4011E1E6742F808AB000E}, body=11]
[2018-03-14 12:05:51.409]  WARN AllocateMappedFileService service has exception. so return null
[2018-03-14 12:05:51.409] ERROR create maped file1 error, topic: TEST_CONSOLE_TOPIC clientAddr: 127.0.0.1
[2018-03-14 12:05:51.410]  WARN sendKernelImpl exception, resend at once, InvokeID: -1728342968564518642, RT: 2ms, Broker: MessageQueue [topic=TEST_CONSOLE_TOPIC, brokerName=ConsoleTestBroker, queueId=6]
org.apache.rocketmq.client.exception.MQBrokerException: CODE: 1  DESC: create mapped file failed, server is busy or broken.
For more information, please visit the url, http://rocketmq.apache.org/docs/faq/
	at org.apache.rocketmq.client.impl.MQClientAPIImpl.processSendResponse(MQClientAPIImpl.java:531)
	at org.apache.rocketmq.client.impl.MQClientAPIImpl.sendMessageSync(MQClientAPIImpl.java:345)
	at org.apache.rocketmq.client.impl.MQClientAPIImpl.sendMessage(MQClientAPIImpl.java:327)
	at org.apache.rocketmq.client.impl.MQClientAPIImpl.sendMessage(MQClientAPIImpl.java:290)
	at org.apache.rocketmq.client.impl.producer.DefaultMQProducerImpl.sendKernelImpl(DefaultMQProducerImpl.java:688)
	at org.apache.rocketmq.client.impl.producer.DefaultMQProducerImpl.sendDefaultImpl(DefaultMQProducerImpl.java:458)
	at org.apache.rocketmq.client.impl.producer.DefaultMQProducerImpl.send(DefaultMQProducerImpl.java:1049)
	at org.apache.rocketmq.client.impl.producer.DefaultMQProducerImpl.send(DefaultMQProducerImpl.java:1008)
	at org.apache.rocketmq.client.producer.DefaultMQProducer.send(DefaultMQProducer.java:204)
	at org.apache.rocketmq.console.testbase.RocketMQConsoleTestBase.sendTestTopicMessage(RocketMQConsoleTestBase.java:107)
	at org.apache.rocketmq.console.service.impl.MessageServiceImplTest.setUp(MessageServiceImplTest.java:56)
	at sun.reflect.NativeMethodAccessorImpl.invoke0(Native Method)
	at sun.reflect.NativeMethodAccessorImpl.invoke(NativeMethodAccessorImpl.java:57)
	at sun.reflect.DelegatingMethodAccessorImpl.invoke(DelegatingMethodAccessorImpl.java:43)
	at java.lang.reflect.Method.invoke(Method.java:606)
	at org.junit.runners.model.FrameworkMethod$1.runReflectiveCall(FrameworkMethod.java:50)
	at org.junit.internal.runners.model.ReflectiveCallable.run(ReflectiveCallable.java:12)
	at org.junit.runners.model.FrameworkMethod.invokeExplosively(FrameworkMethod.java:47)
	at org.junit.internal.runners.statements.RunBefores.evaluate(RunBefores.java:24)
	at org.springframework.test.context.junit4.statements.RunBeforeTestMethodCallbacks.evaluate(RunBeforeTestMethodCallbacks.java:75)
	at org.junit.internal.runners.statements.RunAfters.evaluate(RunAfters.java:27)
	at org.springframework.test.context.junit4.statements.RunAfterTestMethodCallbacks.evaluate(RunAfterTestMethodCallbacks.java:86)
	at org.springframework.test.context.junit4.statements.SpringRepeat.evaluate(SpringRepeat.java:84)
	at org.junit.runners.ParentRunner.runLeaf(ParentRunner.java:325)
	at org.springframework.test.context.junit4.SpringJUnit4ClassRunner.runChild(SpringJUnit4ClassRunner.java:252)
	at org.springframework.test.context.junit4.SpringJUnit4ClassRunner.runChild(SpringJUnit4ClassRunner.java:94)
	at org.junit.runners.ParentRunner$3.run(ParentRunner.java:290)
	at org.junit.runners.ParentRunner$1.schedule(ParentRunner.java:71)
	at org.junit.runners.ParentRunner.runChildren(ParentRunner.java:288)
	at org.junit.runners.ParentRunner.access$000(ParentRunner.java:58)
	at org.junit.runners.ParentRunner$2.evaluate(ParentRunner.java:268)
	at org.springframework.test.context.junit4.statements.RunBeforeTestClassCallbacks.evaluate(RunBeforeTestClassCallbacks.java:61)
	at org.springframework.test.context.junit4.statements.RunAfterTestClassCallbacks.evaluate(RunAfterTestClassCallbacks.java:70)
	at org.junit.runners.ParentRunner.run(ParentRunner.java:363)
	at org.springframework.test.context.junit4.SpringJUnit4ClassRunner.run(SpringJUnit4ClassRunner.java:191)
	at org.apache.maven.surefire.junit4.JUnit4Provider.execute(JUnit4Provider.java:367)
	at org.apache.maven.surefire.junit4.JUnit4Provider.executeWithRerun(JUnit4Provider.java:274)
	at org.apache.maven.surefire.junit4.JUnit4Provider.executeTestSet(JUnit4Provider.java:238)
	at org.apache.maven.surefire.junit4.JUnit4Provider.invoke(JUnit4Provider.java:161)
	at org.apache.maven.surefire.booter.ForkedBooter.invokeProviderInSameClassLoader(ForkedBooter.java:290)
	at org.apache.maven.surefire.booter.ForkedBooter.runSuitesInProcess(ForkedBooter.java:242)
	at org.apache.maven.surefire.booter.ForkedBooter.main(ForkedBooter.java:121)
[2018-03-14 12:05:51.410]  WARN Message [topic=TEST_CONSOLE_TOPIC, flag=0, properties={KEYS=TEST_TOPIC_KEY, WAIT=true, UNIQ_KEY=C0A859EB30A4011E1E6742F808AB000E}, body=11]
[2018-03-14 12:05:51.497] ERROR map file C:\Users\Administrator\rocketmq-console-test\20180314120526\commitlog\00000000000000000000 Failed. 
java.io.IOException: Map failed
	at sun.nio.ch.FileChannelImpl.map(FileChannelImpl.java:888)
	at org.apache.rocketmq.store.MappedFile.init(MappedFile.java:160)
	at org.apache.rocketmq.store.MappedFile.<init>(MappedFile.java:71)
	at org.apache.rocketmq.store.AllocateMappedFileService.mmapOperation(AllocateMappedFileService.java:182)
	at org.apache.rocketmq.store.AllocateMappedFileService.run(AllocateMappedFileService.java:143)
	at java.lang.Thread.run(Thread.java:745)
Caused by: java.lang.OutOfMemoryError: Map failed
	at sun.nio.ch.FileChannelImpl.map0(Native Method)
	at sun.nio.ch.FileChannelImpl.map(FileChannelImpl.java:885)
	... 5 common frames omitted
[2018-03-14 12:05:51.497]  WARN AllocateMappedFileService service has exception. 
java.io.IOException: Map failed
	at sun.nio.ch.FileChannelImpl.map(FileChannelImpl.java:888)
	at org.apache.rocketmq.store.MappedFile.init(MappedFile.java:160)
	at org.apache.rocketmq.store.MappedFile.<init>(MappedFile.java:71)
	at org.apache.rocketmq.store.AllocateMappedFileService.mmapOperation(AllocateMappedFileService.java:182)
	at org.apache.rocketmq.store.AllocateMappedFileService.run(AllocateMappedFileService.java:143)
	at java.lang.Thread.run(Thread.java:745)
Caused by: java.lang.OutOfMemoryError: Map failed
	at sun.nio.ch.FileChannelImpl.map0(Native Method)
	at sun.nio.ch.FileChannelImpl.map(FileChannelImpl.java:885)
	... 5 common frames omitted
[2018-03-14 12:05:51.715] ERROR map file C:\Users\Administrator\rocketmq-console-test\20180314120526\commitlog\00000000000000000000 Failed. 
java.io.IOException: Map failed
	at sun.nio.ch.FileChannelImpl.map(FileChannelImpl.java:888)
	at org.apache.rocketmq.store.MappedFile.init(MappedFile.java:160)
	at org.apache.rocketmq.store.MappedFile.<init>(MappedFile.java:71)
	at org.apache.rocketmq.store.AllocateMappedFileService.mmapOperation(AllocateMappedFileService.java:182)
	at org.apache.rocketmq.store.AllocateMappedFileService.run(AllocateMappedFileService.java:143)
	at java.lang.Thread.run(Thread.java:745)
Caused by: java.lang.OutOfMemoryError: Map failed
	at sun.nio.ch.FileChannelImpl.map0(Native Method)
	at sun.nio.ch.FileChannelImpl.map(FileChannelImpl.java:885)
	... 5 common frames omitted
[2018-03-14 12:05:51.715]  WARN AllocateMappedFileService service has exception. 
java.io.IOException: Map failed
	at sun.nio.ch.FileChannelImpl.map(FileChannelImpl.java:888)
	at org.apache.rocketmq.store.MappedFile.init(MappedFile.java:160)
	at org.apache.rocketmq.store.MappedFile.<init>(MappedFile.java:71)
	at org.apache.rocketmq.store.AllocateMappedFileService.mmapOperation(AllocateMappedFileService.java:182)
	at org.apache.rocketmq.store.AllocateMappedFileService.run(AllocateMappedFileService.java:143)
	at java.lang.Thread.run(Thread.java:745)
Caused by: java.lang.OutOfMemoryError: Map failed
	at sun.nio.ch.FileChannelImpl.map0(Native Method)
	at sun.nio.ch.FileChannelImpl.map(FileChannelImpl.java:885)
	... 5 common frames omitted
[2018-03-14 12:05:51.911]  WARN AllocateMappedFileService service has exception. so return null
[2018-03-14 12:05:51.911] ERROR create maped file1 error, topic: TEST_CONSOLE_TOPIC clientAddr: 127.0.0.1
[2018-03-14 12:05:51.912]  WARN sendKernelImpl exception, resend at once, InvokeID: -5062825082271173512, RT: 2ms, Broker: MessageQueue [topic=TEST_CONSOLE_TOPIC, brokerName=ConsoleTestBroker, queueId=7]
org.apache.rocketmq.client.exception.MQBrokerException: CODE: 1  DESC: create mapped file failed, server is busy or broken.
For more information, please visit the url, http://rocketmq.apache.org/docs/faq/
	at org.apache.rocketmq.client.impl.MQClientAPIImpl.processSendResponse(MQClientAPIImpl.java:531)
	at org.apache.rocketmq.client.impl.MQClientAPIImpl.sendMessageSync(MQClientAPIImpl.java:345)
	at org.apache.rocketmq.client.impl.MQClientAPIImpl.sendMessage(MQClientAPIImpl.java:327)
	at org.apache.rocketmq.client.impl.MQClientAPIImpl.sendMessage(MQClientAPIImpl.java:290)
	at org.apache.rocketmq.client.impl.producer.DefaultMQProducerImpl.sendKernelImpl(DefaultMQProducerImpl.java:688)
	at org.apache.rocketmq.client.impl.producer.DefaultMQProducerImpl.sendDefaultImpl(DefaultMQProducerImpl.java:458)
	at org.apache.rocketmq.client.impl.producer.DefaultMQProducerImpl.send(DefaultMQProducerImpl.java:1049)
	at org.apache.rocketmq.client.impl.producer.DefaultMQProducerImpl.send(DefaultMQProducerImpl.java:1008)
	at org.apache.rocketmq.client.producer.DefaultMQProducer.send(DefaultMQProducer.java:204)
	at org.apache.rocketmq.console.testbase.RocketMQConsoleTestBase.sendTestTopicMessage(RocketMQConsoleTestBase.java:107)
	at org.apache.rocketmq.console.service.impl.MessageServiceImplTest.setUp(MessageServiceImplTest.java:56)
	at sun.reflect.NativeMethodAccessorImpl.invoke0(Native Method)
	at sun.reflect.NativeMethodAccessorImpl.invoke(NativeMethodAccessorImpl.java:57)
	at sun.reflect.DelegatingMethodAccessorImpl.invoke(DelegatingMethodAccessorImpl.java:43)
	at java.lang.reflect.Method.invoke(Method.java:606)
	at org.junit.runners.model.FrameworkMethod$1.runReflectiveCall(FrameworkMethod.java:50)
	at org.junit.internal.runners.model.ReflectiveCallable.run(ReflectiveCallable.java:12)
	at org.junit.runners.model.FrameworkMethod.invokeExplosively(FrameworkMethod.java:47)
	at org.junit.internal.runners.statements.RunBefores.evaluate(RunBefores.java:24)
	at org.springframework.test.context.junit4.statements.RunBeforeTestMethodCallbacks.evaluate(RunBeforeTestMethodCallbacks.java:75)
	at org.junit.internal.runners.statements.RunAfters.evaluate(RunAfters.java:27)
	at org.springframework.test.context.junit4.statements.RunAfterTestMethodCallbacks.evaluate(RunAfterTestMethodCallbacks.java:86)
	at org.springframework.test.context.junit4.statements.SpringRepeat.evaluate(SpringRepeat.java:84)
	at org.junit.runners.ParentRunner.runLeaf(ParentRunner.java:325)
	at org.springframework.test.context.junit4.SpringJUnit4ClassRunner.runChild(SpringJUnit4ClassRunner.java:252)
	at org.springframework.test.context.junit4.SpringJUnit4ClassRunner.runChild(SpringJUnit4ClassRunner.java:94)
	at org.junit.runners.ParentRunner$3.run(ParentRunner.java:290)
	at org.junit.runners.ParentRunner$1.schedule(ParentRunner.java:71)
	at org.junit.runners.ParentRunner.runChildren(ParentRunner.java:288)
	at org.junit.runners.ParentRunner.access$000(ParentRunner.java:58)
	at org.junit.runners.ParentRunner$2.evaluate(ParentRunner.java:268)
	at org.springframework.test.context.junit4.statements.RunBeforeTestClassCallbacks.evaluate(RunBeforeTestClassCallbacks.java:61)
	at org.springframework.test.context.junit4.statements.RunAfterTestClassCallbacks.evaluate(RunAfterTestClassCallbacks.java:70)
	at org.junit.runners.ParentRunner.run(ParentRunner.java:363)
	at org.springframework.test.context.junit4.SpringJUnit4ClassRunner.run(SpringJUnit4ClassRunner.java:191)
	at org.apache.maven.surefire.junit4.JUnit4Provider.execute(JUnit4Provider.java:367)
	at org.apache.maven.surefire.junit4.JUnit4Provider.executeWithRerun(JUnit4Provider.java:274)
	at org.apache.maven.surefire.junit4.JUnit4Provider.executeTestSet(JUnit4Provider.java:238)
	at org.apache.maven.surefire.junit4.JUnit4Provider.invoke(JUnit4Provider.java:161)
	at org.apache.maven.surefire.booter.ForkedBooter.invokeProviderInSameClassLoader(ForkedBooter.java:290)
	at org.apache.maven.surefire.booter.ForkedBooter.runSuitesInProcess(ForkedBooter.java:242)
	at org.apache.maven.surefire.booter.ForkedBooter.main(ForkedBooter.java:121)
[2018-03-14 12:05:51.913]  WARN Message [topic=TEST_CONSOLE_TOPIC, flag=0, properties={KEYS=TEST_TOPIC_KEY, WAIT=true, UNIQ_KEY=C0A859EB30A4011E1E6742F808AB000E}, body=11]
[2018-03-14 12:05:51.914]  WARN AllocateMappedFileService service has exception. so return null
[2018-03-14 12:05:51.914] ERROR create maped file1 error, topic: TEST_CONSOLE_TOPIC clientAddr: 127.0.0.1
[2018-03-14 12:05:51.914]  WARN sendKernelImpl exception, resend at once, InvokeID: -5062825082271173512, RT: 1ms, Broker: MessageQueue [topic=TEST_CONSOLE_TOPIC, brokerName=ConsoleTestBroker, queueId=9]
org.apache.rocketmq.client.exception.MQBrokerException: CODE: 1  DESC: create mapped file failed, server is busy or broken.
For more information, please visit the url, http://rocketmq.apache.org/docs/faq/
	at org.apache.rocketmq.client.impl.MQClientAPIImpl.processSendResponse(MQClientAPIImpl.java:531)
	at org.apache.rocketmq.client.impl.MQClientAPIImpl.sendMessageSync(MQClientAPIImpl.java:345)
	at org.apache.rocketmq.client.impl.MQClientAPIImpl.sendMessage(MQClientAPIImpl.java:327)
	at org.apache.rocketmq.client.impl.MQClientAPIImpl.sendMessage(MQClientAPIImpl.java:290)
	at org.apache.rocketmq.client.impl.producer.DefaultMQProducerImpl.sendKernelImpl(DefaultMQProducerImpl.java:688)
	at org.apache.rocketmq.client.impl.producer.DefaultMQProducerImpl.sendDefaultImpl(DefaultMQProducerImpl.java:458)
	at org.apache.rocketmq.client.impl.producer.DefaultMQProducerImpl.send(DefaultMQProducerImpl.java:1049)
	at org.apache.rocketmq.client.impl.producer.DefaultMQProducerImpl.send(DefaultMQProducerImpl.java:1008)
	at org.apache.rocketmq.client.producer.DefaultMQProducer.send(DefaultMQProducer.java:204)
	at org.apache.rocketmq.console.testbase.RocketMQConsoleTestBase.sendTestTopicMessage(RocketMQConsoleTestBase.java:107)
	at org.apache.rocketmq.console.service.impl.MessageServiceImplTest.setUp(MessageServiceImplTest.java:56)
	at sun.reflect.NativeMethodAccessorImpl.invoke0(Native Method)
	at sun.reflect.NativeMethodAccessorImpl.invoke(NativeMethodAccessorImpl.java:57)
	at sun.reflect.DelegatingMethodAccessorImpl.invoke(DelegatingMethodAccessorImpl.java:43)
	at java.lang.reflect.Method.invoke(Method.java:606)
	at org.junit.runners.model.FrameworkMethod$1.runReflectiveCall(FrameworkMethod.java:50)
	at org.junit.internal.runners.model.ReflectiveCallable.run(ReflectiveCallable.java:12)
	at org.junit.runners.model.FrameworkMethod.invokeExplosively(FrameworkMethod.java:47)
	at org.junit.internal.runners.statements.RunBefores.evaluate(RunBefores.java:24)
	at org.springframework.test.context.junit4.statements.RunBeforeTestMethodCallbacks.evaluate(RunBeforeTestMethodCallbacks.java:75)
	at org.junit.internal.runners.statements.RunAfters.evaluate(RunAfters.java:27)
	at org.springframework.test.context.junit4.statements.RunAfterTestMethodCallbacks.evaluate(RunAfterTestMethodCallbacks.java:86)
	at org.springframework.test.context.junit4.statements.SpringRepeat.evaluate(SpringRepeat.java:84)
	at org.junit.runners.ParentRunner.runLeaf(ParentRunner.java:325)
	at org.springframework.test.context.junit4.SpringJUnit4ClassRunner.runChild(SpringJUnit4ClassRunner.java:252)
	at org.springframework.test.context.junit4.SpringJUnit4ClassRunner.runChild(SpringJUnit4ClassRunner.java:94)
	at org.junit.runners.ParentRunner$3.run(ParentRunner.java:290)
	at org.junit.runners.ParentRunner$1.schedule(ParentRunner.java:71)
	at org.junit.runners.ParentRunner.runChildren(ParentRunner.java:288)
	at org.junit.runners.ParentRunner.access$000(ParentRunner.java:58)
	at org.junit.runners.ParentRunner$2.evaluate(ParentRunner.java:268)
	at org.springframework.test.context.junit4.statements.RunBeforeTestClassCallbacks.evaluate(RunBeforeTestClassCallbacks.java:61)
	at org.springframework.test.context.junit4.statements.RunAfterTestClassCallbacks.evaluate(RunAfterTestClassCallbacks.java:70)
	at org.junit.runners.ParentRunner.run(ParentRunner.java:363)
	at org.springframework.test.context.junit4.SpringJUnit4ClassRunner.run(SpringJUnit4ClassRunner.java:191)
	at org.apache.maven.surefire.junit4.JUnit4Provider.execute(JUnit4Provider.java:367)
	at org.apache.maven.surefire.junit4.JUnit4Provider.executeWithRerun(JUnit4Provider.java:274)
	at org.apache.maven.surefire.junit4.JUnit4Provider.executeTestSet(JUnit4Provider.java:238)
	at org.apache.maven.surefire.junit4.JUnit4Provider.invoke(JUnit4Provider.java:161)
	at org.apache.maven.surefire.booter.ForkedBooter.invokeProviderInSameClassLoader(ForkedBooter.java:290)
	at org.apache.maven.surefire.booter.ForkedBooter.runSuitesInProcess(ForkedBooter.java:242)
	at org.apache.maven.surefire.booter.ForkedBooter.main(ForkedBooter.java:121)
[2018-03-14 12:05:51.915]  WARN Message [topic=TEST_CONSOLE_TOPIC, flag=0, properties={KEYS=TEST_TOPIC_KEY, WAIT=true, UNIQ_KEY=C0A859EB30A4011E1E6742F808AB000E}, body=11]
[2018-03-14 12:05:51.916]  WARN AllocateMappedFileService service has exception. so return null
[2018-03-14 12:05:51.916] ERROR create maped file1 error, topic: TEST_CONSOLE_TOPIC clientAddr: 127.0.0.1
[2018-03-14 12:05:51.917]  WARN sendKernelImpl exception, resend at once, InvokeID: -5062825082271173512, RT: 2ms, Broker: MessageQueue [topic=TEST_CONSOLE_TOPIC, brokerName=ConsoleTestBroker, queueId=11]
org.apache.rocketmq.client.exception.MQBrokerException: CODE: 1  DESC: create mapped file failed, server is busy or broken.
For more information, please visit the url, http://rocketmq.apache.org/docs/faq/
	at org.apache.rocketmq.client.impl.MQClientAPIImpl.processSendResponse(MQClientAPIImpl.java:531)
	at org.apache.rocketmq.client.impl.MQClientAPIImpl.sendMessageSync(MQClientAPIImpl.java:345)
	at org.apache.rocketmq.client.impl.MQClientAPIImpl.sendMessage(MQClientAPIImpl.java:327)
	at org.apache.rocketmq.client.impl.MQClientAPIImpl.sendMessage(MQClientAPIImpl.java:290)
	at org.apache.rocketmq.client.impl.producer.DefaultMQProducerImpl.sendKernelImpl(DefaultMQProducerImpl.java:688)
	at org.apache.rocketmq.client.impl.producer.DefaultMQProducerImpl.sendDefaultImpl(DefaultMQProducerImpl.java:458)
	at org.apache.rocketmq.client.impl.producer.DefaultMQProducerImpl.send(DefaultMQProducerImpl.java:1049)
	at org.apache.rocketmq.client.impl.producer.DefaultMQProducerImpl.send(DefaultMQProducerImpl.java:1008)
	at org.apache.rocketmq.client.producer.DefaultMQProducer.send(DefaultMQProducer.java:204)
	at org.apache.rocketmq.console.testbase.RocketMQConsoleTestBase.sendTestTopicMessage(RocketMQConsoleTestBase.java:107)
	at org.apache.rocketmq.console.service.impl.MessageServiceImplTest.setUp(MessageServiceImplTest.java:56)
	at sun.reflect.NativeMethodAccessorImpl.invoke0(Native Method)
	at sun.reflect.NativeMethodAccessorImpl.invoke(NativeMethodAccessorImpl.java:57)
	at sun.reflect.DelegatingMethodAccessorImpl.invoke(DelegatingMethodAccessorImpl.java:43)
	at java.lang.reflect.Method.invoke(Method.java:606)
	at org.junit.runners.model.FrameworkMethod$1.runReflectiveCall(FrameworkMethod.java:50)
	at org.junit.internal.runners.model.ReflectiveCallable.run(ReflectiveCallable.java:12)
	at org.junit.runners.model.FrameworkMethod.invokeExplosively(FrameworkMethod.java:47)
	at org.junit.internal.runners.statements.RunBefores.evaluate(RunBefores.java:24)
	at org.springframework.test.context.junit4.statements.RunBeforeTestMethodCallbacks.evaluate(RunBeforeTestMethodCallbacks.java:75)
	at org.junit.internal.runners.statements.RunAfters.evaluate(RunAfters.java:27)
	at org.springframework.test.context.junit4.statements.RunAfterTestMethodCallbacks.evaluate(RunAfterTestMethodCallbacks.java:86)
	at org.springframework.test.context.junit4.statements.SpringRepeat.evaluate(SpringRepeat.java:84)
	at org.junit.runners.ParentRunner.runLeaf(ParentRunner.java:325)
	at org.springframework.test.context.junit4.SpringJUnit4ClassRunner.runChild(SpringJUnit4ClassRunner.java:252)
	at org.springframework.test.context.junit4.SpringJUnit4ClassRunner.runChild(SpringJUnit4ClassRunner.java:94)
	at org.junit.runners.ParentRunner$3.run(ParentRunner.java:290)
	at org.junit.runners.ParentRunner$1.schedule(ParentRunner.java:71)
	at org.junit.runners.ParentRunner.runChildren(ParentRunner.java:288)
	at org.junit.runners.ParentRunner.access$000(ParentRunner.java:58)
	at org.junit.runners.ParentRunner$2.evaluate(ParentRunner.java:268)
	at org.springframework.test.context.junit4.statements.RunBeforeTestClassCallbacks.evaluate(RunBeforeTestClassCallbacks.java:61)
	at org.springframework.test.context.junit4.statements.RunAfterTestClassCallbacks.evaluate(RunAfterTestClassCallbacks.java:70)
	at org.junit.runners.ParentRunner.run(ParentRunner.java:363)
	at org.springframework.test.context.junit4.SpringJUnit4ClassRunner.run(SpringJUnit4ClassRunner.java:191)
	at org.apache.maven.surefire.junit4.JUnit4Provider.execute(JUnit4Provider.java:367)
	at org.apache.maven.surefire.junit4.JUnit4Provider.executeWithRerun(JUnit4Provider.java:274)
	at org.apache.maven.surefire.junit4.JUnit4Provider.executeTestSet(JUnit4Provider.java:238)
	at org.apache.maven.surefire.junit4.JUnit4Provider.invoke(JUnit4Provider.java:161)
	at org.apache.maven.surefire.booter.ForkedBooter.invokeProviderInSameClassLoader(ForkedBooter.java:290)
	at org.apache.maven.surefire.booter.ForkedBooter.runSuitesInProcess(ForkedBooter.java:242)
	at org.apache.maven.surefire.booter.ForkedBooter.main(ForkedBooter.java:121)
[2018-03-14 12:05:51.917]  WARN Message [topic=TEST_CONSOLE_TOPIC, flag=0, properties={KEYS=TEST_TOPIC_KEY, WAIT=true, UNIQ_KEY=C0A859EB30A4011E1E6742F808AB000E}, body=11]
[2018-03-14 12:05:51.935] ERROR map file C:\Users\Administrator\rocketmq-console-test\20180314120526\commitlog\00000000000000000000 Failed. 
java.io.IOException: Map failed
	at sun.nio.ch.FileChannelImpl.map(FileChannelImpl.java:888)
	at org.apache.rocketmq.store.MappedFile.init(MappedFile.java:160)
	at org.apache.rocketmq.store.MappedFile.<init>(MappedFile.java:71)
	at org.apache.rocketmq.store.AllocateMappedFileService.mmapOperation(AllocateMappedFileService.java:182)
	at org.apache.rocketmq.store.AllocateMappedFileService.run(AllocateMappedFileService.java:143)
	at java.lang.Thread.run(Thread.java:745)
Caused by: java.lang.OutOfMemoryError: Map failed
	at sun.nio.ch.FileChannelImpl.map0(Native Method)
	at sun.nio.ch.FileChannelImpl.map(FileChannelImpl.java:885)
	... 5 common frames omitted
[2018-03-14 12:05:51.935]  WARN AllocateMappedFileService service has exception. 
java.io.IOException: Map failed
	at sun.nio.ch.FileChannelImpl.map(FileChannelImpl.java:888)
	at org.apache.rocketmq.store.MappedFile.init(MappedFile.java:160)
	at org.apache.rocketmq.store.MappedFile.<init>(MappedFile.java:71)
	at org.apache.rocketmq.store.AllocateMappedFileService.mmapOperation(AllocateMappedFileService.java:182)
	at org.apache.rocketmq.store.AllocateMappedFileService.run(AllocateMappedFileService.java:143)
	at java.lang.Thread.run(Thread.java:745)
Caused by: java.lang.OutOfMemoryError: Map failed
	at sun.nio.ch.FileChannelImpl.map0(Native Method)
	at sun.nio.ch.FileChannelImpl.map(FileChannelImpl.java:885)
	... 5 common frames omitted
[2018-03-14 12:05:52.151] ERROR map file C:\Users\Administrator\rocketmq-console-test\20180314120526\commitlog\00000000000000000000 Failed. 
java.io.IOException: Map failed
	at sun.nio.ch.FileChannelImpl.map(FileChannelImpl.java:888)
	at org.apache.rocketmq.store.MappedFile.init(MappedFile.java:160)
	at org.apache.rocketmq.store.MappedFile.<init>(MappedFile.java:71)
	at org.apache.rocketmq.store.AllocateMappedFileService.mmapOperation(AllocateMappedFileService.java:182)
	at org.apache.rocketmq.store.AllocateMappedFileService.run(AllocateMappedFileService.java:143)
	at java.lang.Thread.run(Thread.java:745)
Caused by: java.lang.OutOfMemoryError: Map failed
	at sun.nio.ch.FileChannelImpl.map0(Native Method)
	at sun.nio.ch.FileChannelImpl.map(FileChannelImpl.java:885)
	... 5 common frames omitted
[2018-03-14 12:05:52.151]  WARN AllocateMappedFileService service has exception. 
java.io.IOException: Map failed
	at sun.nio.ch.FileChannelImpl.map(FileChannelImpl.java:888)
	at org.apache.rocketmq.store.MappedFile.init(MappedFile.java:160)
	at org.apache.rocketmq.store.MappedFile.<init>(MappedFile.java:71)
	at org.apache.rocketmq.store.AllocateMappedFileService.mmapOperation(AllocateMappedFileService.java:182)
	at org.apache.rocketmq.store.AllocateMappedFileService.run(AllocateMappedFileService.java:143)
	at java.lang.Thread.run(Thread.java:745)
Caused by: java.lang.OutOfMemoryError: Map failed
	at sun.nio.ch.FileChannelImpl.map0(Native Method)
	at sun.nio.ch.FileChannelImpl.map(FileChannelImpl.java:885)
	... 5 common frames omitted
[2018-03-14 12:05:52.373] ERROR map file C:\Users\Administrator\rocketmq-console-test\20180314120526\commitlog\00000000000000000000 Failed. 
java.io.IOException: Map failed
	at sun.nio.ch.FileChannelImpl.map(FileChannelImpl.java:888)
	at org.apache.rocketmq.store.MappedFile.init(MappedFile.java:160)
	at org.apache.rocketmq.store.MappedFile.<init>(MappedFile.java:71)
	at org.apache.rocketmq.store.AllocateMappedFileService.mmapOperation(AllocateMappedFileService.java:182)
	at org.apache.rocketmq.store.AllocateMappedFileService.run(AllocateMappedFileService.java:143)
	at java.lang.Thread.run(Thread.java:745)
Caused by: java.lang.OutOfMemoryError: Map failed
	at sun.nio.ch.FileChannelImpl.map0(Native Method)
	at sun.nio.ch.FileChannelImpl.map(FileChannelImpl.java:885)
	... 5 common frames omitted
[2018-03-14 12:05:52.374]  WARN AllocateMappedFileService service has exception. 
java.io.IOException: Map failed
	at sun.nio.ch.FileChannelImpl.map(FileChannelImpl.java:888)
	at org.apache.rocketmq.store.MappedFile.init(MappedFile.java:160)
	at org.apache.rocketmq.store.MappedFile.<init>(MappedFile.java:71)
	at org.apache.rocketmq.store.AllocateMappedFileService.mmapOperation(AllocateMappedFileService.java:182)
	at org.apache.rocketmq.store.AllocateMappedFileService.run(AllocateMappedFileService.java:143)
	at java.lang.Thread.run(Thread.java:745)
Caused by: java.lang.OutOfMemoryError: Map failed
	at sun.nio.ch.FileChannelImpl.map0(Native Method)
	at sun.nio.ch.FileChannelImpl.map(FileChannelImpl.java:885)
	... 5 common frames omitted
[2018-03-14 12:05:52.506]  WARN AllocateMappedFileService service has exception. so return null
[2018-03-14 12:05:52.506] ERROR create maped file1 error, topic: TEST_CONSOLE_TOPIC clientAddr: 127.0.0.1
[2018-03-14 12:05:52.507]  WARN sendKernelImpl exception, resend at once, InvokeID: 3388900927077586080, RT: 2ms, Broker: MessageQueue [topic=TEST_CONSOLE_TOPIC, brokerName=ConsoleTestBroker, queueId=12]
org.apache.rocketmq.client.exception.MQBrokerException: CODE: 1  DESC: create mapped file failed, server is busy or broken.
For more information, please visit the url, http://rocketmq.apache.org/docs/faq/
	at org.apache.rocketmq.client.impl.MQClientAPIImpl.processSendResponse(MQClientAPIImpl.java:531)
	at org.apache.rocketmq.client.impl.MQClientAPIImpl.sendMessageSync(MQClientAPIImpl.java:345)
	at org.apache.rocketmq.client.impl.MQClientAPIImpl.sendMessage(MQClientAPIImpl.java:327)
	at org.apache.rocketmq.client.impl.MQClientAPIImpl.sendMessage(MQClientAPIImpl.java:290)
	at org.apache.rocketmq.client.impl.producer.DefaultMQProducerImpl.sendKernelImpl(DefaultMQProducerImpl.java:688)
	at org.apache.rocketmq.client.impl.producer.DefaultMQProducerImpl.sendDefaultImpl(DefaultMQProducerImpl.java:458)
	at org.apache.rocketmq.client.impl.producer.DefaultMQProducerImpl.send(DefaultMQProducerImpl.java:1049)
	at org.apache.rocketmq.client.impl.producer.DefaultMQProducerImpl.send(DefaultMQProducerImpl.java:1008)
	at org.apache.rocketmq.client.producer.DefaultMQProducer.send(DefaultMQProducer.java:204)
	at org.apache.rocketmq.console.testbase.RocketMQConsoleTestBase.sendTestTopicMessage(RocketMQConsoleTestBase.java:107)
	at org.apache.rocketmq.console.service.impl.MessageServiceImplTest.setUp(MessageServiceImplTest.java:56)
	at sun.reflect.NativeMethodAccessorImpl.invoke0(Native Method)
	at sun.reflect.NativeMethodAccessorImpl.invoke(NativeMethodAccessorImpl.java:57)
	at sun.reflect.DelegatingMethodAccessorImpl.invoke(DelegatingMethodAccessorImpl.java:43)
	at java.lang.reflect.Method.invoke(Method.java:606)
	at org.junit.runners.model.FrameworkMethod$1.runReflectiveCall(FrameworkMethod.java:50)
	at org.junit.internal.runners.model.ReflectiveCallable.run(ReflectiveCallable.java:12)
	at org.junit.runners.model.FrameworkMethod.invokeExplosively(FrameworkMethod.java:47)
	at org.junit.internal.runners.statements.RunBefores.evaluate(RunBefores.java:24)
	at org.springframework.test.context.junit4.statements.RunBeforeTestMethodCallbacks.evaluate(RunBeforeTestMethodCallbacks.java:75)
	at org.junit.internal.runners.statements.RunAfters.evaluate(RunAfters.java:27)
	at org.springframework.test.context.junit4.statements.RunAfterTestMethodCallbacks.evaluate(RunAfterTestMethodCallbacks.java:86)
	at org.springframework.test.context.junit4.statements.SpringRepeat.evaluate(SpringRepeat.java:84)
	at org.junit.runners.ParentRunner.runLeaf(ParentRunner.java:325)
	at org.springframework.test.context.junit4.SpringJUnit4ClassRunner.runChild(SpringJUnit4ClassRunner.java:252)
	at org.springframework.test.context.junit4.SpringJUnit4ClassRunner.runChild(SpringJUnit4ClassRunner.java:94)
	at org.junit.runners.ParentRunner$3.run(ParentRunner.java:290)
	at org.junit.runners.ParentRunner$1.schedule(ParentRunner.java:71)
	at org.junit.runners.ParentRunner.runChildren(ParentRunner.java:288)
	at org.junit.runners.ParentRunner.access$000(ParentRunner.java:58)
	at org.junit.runners.ParentRunner$2.evaluate(ParentRunner.java:268)
	at org.springframework.test.context.junit4.statements.RunBeforeTestClassCallbacks.evaluate(RunBeforeTestClassCallbacks.java:61)
	at org.springframework.test.context.junit4.statements.RunAfterTestClassCallbacks.evaluate(RunAfterTestClassCallbacks.java:70)
	at org.junit.runners.ParentRunner.run(ParentRunner.java:363)
	at org.springframework.test.context.junit4.SpringJUnit4ClassRunner.run(SpringJUnit4ClassRunner.java:191)
	at org.apache.maven.surefire.junit4.JUnit4Provider.execute(JUnit4Provider.java:367)
	at org.apache.maven.surefire.junit4.JUnit4Provider.executeWithRerun(JUnit4Provider.java:274)
	at org.apache.maven.surefire.junit4.JUnit4Provider.executeTestSet(JUnit4Provider.java:238)
	at org.apache.maven.surefire.junit4.JUnit4Provider.invoke(JUnit4Provider.java:161)
	at org.apache.maven.surefire.booter.ForkedBooter.invokeProviderInSameClassLoader(ForkedBooter.java:290)
	at org.apache.maven.surefire.booter.ForkedBooter.runSuitesInProcess(ForkedBooter.java:242)
	at org.apache.maven.surefire.booter.ForkedBooter.main(ForkedBooter.java:121)
[2018-03-14 12:05:52.508]  WARN Message [topic=TEST_CONSOLE_TOPIC, flag=0, properties={KEYS=TEST_TOPIC_KEY, WAIT=true, UNIQ_KEY=C0A859EB30A4011E1E6742F808AB000E}, body=11]
[2018-03-14 12:05:52.509]  WARN AllocateMappedFileService service has exception. so return null
[2018-03-14 12:05:52.509] ERROR create maped file1 error, topic: TEST_CONSOLE_TOPIC clientAddr: 127.0.0.1
[2018-03-14 12:05:52.510]  WARN sendKernelImpl exception, resend at once, InvokeID: 3388900927077586080, RT: 2ms, Broker: MessageQueue [topic=TEST_CONSOLE_TOPIC, brokerName=ConsoleTestBroker, queueId=14]
org.apache.rocketmq.client.exception.MQBrokerException: CODE: 1  DESC: create mapped file failed, server is busy or broken.
For more information, please visit the url, http://rocketmq.apache.org/docs/faq/
	at org.apache.rocketmq.client.impl.MQClientAPIImpl.processSendResponse(MQClientAPIImpl.java:531)
	at org.apache.rocketmq.client.impl.MQClientAPIImpl.sendMessageSync(MQClientAPIImpl.java:345)
	at org.apache.rocketmq.client.impl.MQClientAPIImpl.sendMessage(MQClientAPIImpl.java:327)
	at org.apache.rocketmq.client.impl.MQClientAPIImpl.sendMessage(MQClientAPIImpl.java:290)
	at org.apache.rocketmq.client.impl.producer.DefaultMQProducerImpl.sendKernelImpl(DefaultMQProducerImpl.java:688)
	at org.apache.rocketmq.client.impl.producer.DefaultMQProducerImpl.sendDefaultImpl(DefaultMQProducerImpl.java:458)
	at org.apache.rocketmq.client.impl.producer.DefaultMQProducerImpl.send(DefaultMQProducerImpl.java:1049)
	at org.apache.rocketmq.client.impl.producer.DefaultMQProducerImpl.send(DefaultMQProducerImpl.java:1008)
	at org.apache.rocketmq.client.producer.DefaultMQProducer.send(DefaultMQProducer.java:204)
	at org.apache.rocketmq.console.testbase.RocketMQConsoleTestBase.sendTestTopicMessage(RocketMQConsoleTestBase.java:107)
	at org.apache.rocketmq.console.service.impl.MessageServiceImplTest.setUp(MessageServiceImplTest.java:56)
	at sun.reflect.NativeMethodAccessorImpl.invoke0(Native Method)
	at sun.reflect.NativeMethodAccessorImpl.invoke(NativeMethodAccessorImpl.java:57)
	at sun.reflect.DelegatingMethodAccessorImpl.invoke(DelegatingMethodAccessorImpl.java:43)
	at java.lang.reflect.Method.invoke(Method.java:606)
	at org.junit.runners.model.FrameworkMethod$1.runReflectiveCall(FrameworkMethod.java:50)
	at org.junit.internal.runners.model.ReflectiveCallable.run(ReflectiveCallable.java:12)
	at org.junit.runners.model.FrameworkMethod.invokeExplosively(FrameworkMethod.java:47)
	at org.junit.internal.runners.statements.RunBefores.evaluate(RunBefores.java:24)
	at org.springframework.test.context.junit4.statements.RunBeforeTestMethodCallbacks.evaluate(RunBeforeTestMethodCallbacks.java:75)
	at org.junit.internal.runners.statements.RunAfters.evaluate(RunAfters.java:27)
	at org.springframework.test.context.junit4.statements.RunAfterTestMethodCallbacks.evaluate(RunAfterTestMethodCallbacks.java:86)
	at org.springframework.test.context.junit4.statements.SpringRepeat.evaluate(SpringRepeat.java:84)
	at org.junit.runners.ParentRunner.runLeaf(ParentRunner.java:325)
	at org.springframework.test.context.junit4.SpringJUnit4ClassRunner.runChild(SpringJUnit4ClassRunner.java:252)
	at org.springframework.test.context.junit4.SpringJUnit4ClassRunner.runChild(SpringJUnit4ClassRunner.java:94)
	at org.junit.runners.ParentRunner$3.run(ParentRunner.java:290)
	at org.junit.runners.ParentRunner$1.schedule(ParentRunner.java:71)
	at org.junit.runners.ParentRunner.runChildren(ParentRunner.java:288)
	at org.junit.runners.ParentRunner.access$000(ParentRunner.java:58)
	at org.junit.runners.ParentRunner$2.evaluate(ParentRunner.java:268)
	at org.springframework.test.context.junit4.statements.RunBeforeTestClassCallbacks.evaluate(RunBeforeTestClassCallbacks.java:61)
	at org.springframework.test.context.junit4.statements.RunAfterTestClassCallbacks.evaluate(RunAfterTestClassCallbacks.java:70)
	at org.junit.runners.ParentRunner.run(ParentRunner.java:363)
	at org.springframework.test.context.junit4.SpringJUnit4ClassRunner.run(SpringJUnit4ClassRunner.java:191)
	at org.apache.maven.surefire.junit4.JUnit4Provider.execute(JUnit4Provider.java:367)
	at org.apache.maven.surefire.junit4.JUnit4Provider.executeWithRerun(JUnit4Provider.java:274)
	at org.apache.maven.surefire.junit4.JUnit4Provider.executeTestSet(JUnit4Provider.java:238)
	at org.apache.maven.surefire.junit4.JUnit4Provider.invoke(JUnit4Provider.java:161)
	at org.apache.maven.surefire.booter.ForkedBooter.invokeProviderInSameClassLoader(ForkedBooter.java:290)
	at org.apache.maven.surefire.booter.ForkedBooter.runSuitesInProcess(ForkedBooter.java:242)
	at org.apache.maven.surefire.booter.ForkedBooter.main(ForkedBooter.java:121)
[2018-03-14 12:05:52.510]  WARN Message [topic=TEST_CONSOLE_TOPIC, flag=0, properties={KEYS=TEST_TOPIC_KEY, WAIT=true, UNIQ_KEY=C0A859EB30A4011E1E6742F808AB000E}, body=11]
[2018-03-14 12:05:52.511]  WARN AllocateMappedFileService service has exception. so return null
[2018-03-14 12:05:52.511] ERROR create maped file1 error, topic: TEST_CONSOLE_TOPIC clientAddr: 127.0.0.1
[2018-03-14 12:05:52.512]  WARN sendKernelImpl exception, resend at once, InvokeID: 3388900927077586080, RT: 2ms, Broker: MessageQueue [topic=TEST_CONSOLE_TOPIC, brokerName=ConsoleTestBroker, queueId=0]
org.apache.rocketmq.client.exception.MQBrokerException: CODE: 1  DESC: create mapped file failed, server is busy or broken.
For more information, please visit the url, http://rocketmq.apache.org/docs/faq/
	at org.apache.rocketmq.client.impl.MQClientAPIImpl.processSendResponse(MQClientAPIImpl.java:531)
	at org.apache.rocketmq.client.impl.MQClientAPIImpl.sendMessageSync(MQClientAPIImpl.java:345)
	at org.apache.rocketmq.client.impl.MQClientAPIImpl.sendMessage(MQClientAPIImpl.java:327)
	at org.apache.rocketmq.client.impl.MQClientAPIImpl.sendMessage(MQClientAPIImpl.java:290)
	at org.apache.rocketmq.client.impl.producer.DefaultMQProducerImpl.sendKernelImpl(DefaultMQProducerImpl.java:688)
	at org.apache.rocketmq.client.impl.producer.DefaultMQProducerImpl.sendDefaultImpl(DefaultMQProducerImpl.java:458)
	at org.apache.rocketmq.client.impl.producer.DefaultMQProducerImpl.send(DefaultMQProducerImpl.java:1049)
	at org.apache.rocketmq.client.impl.producer.DefaultMQProducerImpl.send(DefaultMQProducerImpl.java:1008)
	at org.apache.rocketmq.client.producer.DefaultMQProducer.send(DefaultMQProducer.java:204)
	at org.apache.rocketmq.console.testbase.RocketMQConsoleTestBase.sendTestTopicMessage(RocketMQConsoleTestBase.java:107)
	at org.apache.rocketmq.console.service.impl.MessageServiceImplTest.setUp(MessageServiceImplTest.java:56)
	at sun.reflect.NativeMethodAccessorImpl.invoke0(Native Method)
	at sun.reflect.NativeMethodAccessorImpl.invoke(NativeMethodAccessorImpl.java:57)
	at sun.reflect.DelegatingMethodAccessorImpl.invoke(DelegatingMethodAccessorImpl.java:43)
	at java.lang.reflect.Method.invoke(Method.java:606)
	at org.junit.runners.model.FrameworkMethod$1.runReflectiveCall(FrameworkMethod.java:50)
	at org.junit.internal.runners.model.ReflectiveCallable.run(ReflectiveCallable.java:12)
	at org.junit.runners.model.FrameworkMethod.invokeExplosively(FrameworkMethod.java:47)
	at org.junit.internal.runners.statements.RunBefores.evaluate(RunBefores.java:24)
	at org.springframework.test.context.junit4.statements.RunBeforeTestMethodCallbacks.evaluate(RunBeforeTestMethodCallbacks.java:75)
	at org.junit.internal.runners.statements.RunAfters.evaluate(RunAfters.java:27)
	at org.springframework.test.context.junit4.statements.RunAfterTestMethodCallbacks.evaluate(RunAfterTestMethodCallbacks.java:86)
	at org.springframework.test.context.junit4.statements.SpringRepeat.evaluate(SpringRepeat.java:84)
	at org.junit.runners.ParentRunner.runLeaf(ParentRunner.java:325)
	at org.springframework.test.context.junit4.SpringJUnit4ClassRunner.runChild(SpringJUnit4ClassRunner.java:252)
	at org.springframework.test.context.junit4.SpringJUnit4ClassRunner.runChild(SpringJUnit4ClassRunner.java:94)
	at org.junit.runners.ParentRunner$3.run(ParentRunner.java:290)
	at org.junit.runners.ParentRunner$1.schedule(ParentRunner.java:71)
	at org.junit.runners.ParentRunner.runChildren(ParentRunner.java:288)
	at org.junit.runners.ParentRunner.access$000(ParentRunner.java:58)
	at org.junit.runners.ParentRunner$2.evaluate(ParentRunner.java:268)
	at org.springframework.test.context.junit4.statements.RunBeforeTestClassCallbacks.evaluate(RunBeforeTestClassCallbacks.java:61)
	at org.springframework.test.context.junit4.statements.RunAfterTestClassCallbacks.evaluate(RunAfterTestClassCallbacks.java:70)
	at org.junit.runners.ParentRunner.run(ParentRunner.java:363)
	at org.springframework.test.context.junit4.SpringJUnit4ClassRunner.run(SpringJUnit4ClassRunner.java:191)
	at org.apache.maven.surefire.junit4.JUnit4Provider.execute(JUnit4Provider.java:367)
	at org.apache.maven.surefire.junit4.JUnit4Provider.executeWithRerun(JUnit4Provider.java:274)
	at org.apache.maven.surefire.junit4.JUnit4Provider.executeTestSet(JUnit4Provider.java:238)
	at org.apache.maven.surefire.junit4.JUnit4Provider.invoke(JUnit4Provider.java:161)
	at org.apache.maven.surefire.booter.ForkedBooter.invokeProviderInSameClassLoader(ForkedBooter.java:290)
	at org.apache.maven.surefire.booter.ForkedBooter.runSuitesInProcess(ForkedBooter.java:242)
	at org.apache.maven.surefire.booter.ForkedBooter.main(ForkedBooter.java:121)
[2018-03-14 12:05:52.512]  WARN Message [topic=TEST_CONSOLE_TOPIC, flag=0, properties={KEYS=TEST_TOPIC_KEY, WAIT=true, UNIQ_KEY=C0A859EB30A4011E1E6742F808AB000E}, body=11]
[2018-03-14 12:05:52.612] ERROR map file C:\Users\Administrator\rocketmq-console-test\20180314120526\commitlog\00000000000000000000 Failed. 
java.io.IOException: Map failed
	at sun.nio.ch.FileChannelImpl.map(FileChannelImpl.java:888)
	at org.apache.rocketmq.store.MappedFile.init(MappedFile.java:160)
	at org.apache.rocketmq.store.MappedFile.<init>(MappedFile.java:71)
	at org.apache.rocketmq.store.AllocateMappedFileService.mmapOperation(AllocateMappedFileService.java:182)
	at org.apache.rocketmq.store.AllocateMappedFileService.run(AllocateMappedFileService.java:143)
	at java.lang.Thread.run(Thread.java:745)
Caused by: java.lang.OutOfMemoryError: Map failed
	at sun.nio.ch.FileChannelImpl.map0(Native Method)
	at sun.nio.ch.FileChannelImpl.map(FileChannelImpl.java:885)
	... 5 common frames omitted
[2018-03-14 12:05:52.613]  WARN AllocateMappedFileService service has exception. 
java.io.IOException: Map failed
	at sun.nio.ch.FileChannelImpl.map(FileChannelImpl.java:888)
	at org.apache.rocketmq.store.MappedFile.init(MappedFile.java:160)
	at org.apache.rocketmq.store.MappedFile.<init>(MappedFile.java:71)
	at org.apache.rocketmq.store.AllocateMappedFileService.mmapOperation(AllocateMappedFileService.java:182)
	at org.apache.rocketmq.store.AllocateMappedFileService.run(AllocateMappedFileService.java:143)
	at java.lang.Thread.run(Thread.java:745)
Caused by: java.lang.OutOfMemoryError: Map failed
	at sun.nio.ch.FileChannelImpl.map0(Native Method)
	at sun.nio.ch.FileChannelImpl.map(FileChannelImpl.java:885)
	... 5 common frames omitted
[2018-03-14 12:05:52.850] ERROR map file C:\Users\Administrator\rocketmq-console-test\20180314120526\commitlog\00000000000000000000 Failed. 
java.io.IOException: Map failed
	at sun.nio.ch.FileChannelImpl.map(FileChannelImpl.java:888)
	at org.apache.rocketmq.store.MappedFile.init(MappedFile.java:160)
	at org.apache.rocketmq.store.MappedFile.<init>(MappedFile.java:71)
	at org.apache.rocketmq.store.AllocateMappedFileService.mmapOperation(AllocateMappedFileService.java:182)
	at org.apache.rocketmq.store.AllocateMappedFileService.run(AllocateMappedFileService.java:143)
	at java.lang.Thread.run(Thread.java:745)
Caused by: java.lang.OutOfMemoryError: Map failed
	at sun.nio.ch.FileChannelImpl.map0(Native Method)
	at sun.nio.ch.FileChannelImpl.map(FileChannelImpl.java:885)
	... 5 common frames omitted
[2018-03-14 12:05:52.851]  WARN AllocateMappedFileService service has exception. 
java.io.IOException: Map failed
	at sun.nio.ch.FileChannelImpl.map(FileChannelImpl.java:888)
	at org.apache.rocketmq.store.MappedFile.init(MappedFile.java:160)
	at org.apache.rocketmq.store.MappedFile.<init>(MappedFile.java:71)
	at org.apache.rocketmq.store.AllocateMappedFileService.mmapOperation(AllocateMappedFileService.java:182)
	at org.apache.rocketmq.store.AllocateMappedFileService.run(AllocateMappedFileService.java:143)
	at java.lang.Thread.run(Thread.java:745)
Caused by: java.lang.OutOfMemoryError: Map failed
	at sun.nio.ch.FileChannelImpl.map0(Native Method)
	at sun.nio.ch.FileChannelImpl.map(FileChannelImpl.java:885)
	... 5 common frames omitted
]]></system-out>
  </testcase>
  <testcase name="queryMessageByTopic" classname="org.apache.rocketmq.console.service.impl.MessageServiceImplTest" time="5.52">
    <error message="send message error" type="java.lang.RuntimeException">java.lang.RuntimeException: send message error
	at org.apache.rocketmq.console.service.impl.MessageServiceImplTest.setUp(MessageServiceImplTest.java:56)
</error>
    <system-out><![CDATA[[2018-03-14 12:05:53.073] ERROR map file C:\Users\Administrator\rocketmq-console-test\20180314120526\commitlog\00000000000000000000 Failed. 
java.io.IOException: Map failed
	at sun.nio.ch.FileChannelImpl.map(FileChannelImpl.java:888)
	at org.apache.rocketmq.store.MappedFile.init(MappedFile.java:160)
	at org.apache.rocketmq.store.MappedFile.<init>(MappedFile.java:71)
	at org.apache.rocketmq.store.AllocateMappedFileService.mmapOperation(AllocateMappedFileService.java:182)
	at org.apache.rocketmq.store.AllocateMappedFileService.run(AllocateMappedFileService.java:143)
	at java.lang.Thread.run(Thread.java:745)
Caused by: java.lang.OutOfMemoryError: Map failed
	at sun.nio.ch.FileChannelImpl.map0(Native Method)
	at sun.nio.ch.FileChannelImpl.map(FileChannelImpl.java:885)
	... 5 common frames omitted
[2018-03-14 12:05:53.073]  WARN AllocateMappedFileService service has exception. 
java.io.IOException: Map failed
	at sun.nio.ch.FileChannelImpl.map(FileChannelImpl.java:888)
	at org.apache.rocketmq.store.MappedFile.init(MappedFile.java:160)
	at org.apache.rocketmq.store.MappedFile.<init>(MappedFile.java:71)
	at org.apache.rocketmq.store.AllocateMappedFileService.mmapOperation(AllocateMappedFileService.java:182)
	at org.apache.rocketmq.store.AllocateMappedFileService.run(AllocateMappedFileService.java:143)
	at java.lang.Thread.run(Thread.java:745)
Caused by: java.lang.OutOfMemoryError: Map failed
	at sun.nio.ch.FileChannelImpl.map0(Native Method)
	at sun.nio.ch.FileChannelImpl.map(FileChannelImpl.java:885)
	... 5 common frames omitted
[2018-03-14 12:05:53.301] ERROR map file C:\Users\Administrator\rocketmq-console-test\20180314120526\commitlog\00000000000000000000 Failed. 
java.io.IOException: Map failed
	at sun.nio.ch.FileChannelImpl.map(FileChannelImpl.java:888)
	at org.apache.rocketmq.store.MappedFile.init(MappedFile.java:160)
	at org.apache.rocketmq.store.MappedFile.<init>(MappedFile.java:71)
	at org.apache.rocketmq.store.AllocateMappedFileService.mmapOperation(AllocateMappedFileService.java:182)
	at org.apache.rocketmq.store.AllocateMappedFileService.run(AllocateMappedFileService.java:143)
	at java.lang.Thread.run(Thread.java:745)
Caused by: java.lang.OutOfMemoryError: Map failed
	at sun.nio.ch.FileChannelImpl.map0(Native Method)
	at sun.nio.ch.FileChannelImpl.map(FileChannelImpl.java:885)
	... 5 common frames omitted
[2018-03-14 12:05:53.301]  WARN AllocateMappedFileService service has exception. 
java.io.IOException: Map failed
	at sun.nio.ch.FileChannelImpl.map(FileChannelImpl.java:888)
	at org.apache.rocketmq.store.MappedFile.init(MappedFile.java:160)
	at org.apache.rocketmq.store.MappedFile.<init>(MappedFile.java:71)
	at org.apache.rocketmq.store.AllocateMappedFileService.mmapOperation(AllocateMappedFileService.java:182)
	at org.apache.rocketmq.store.AllocateMappedFileService.run(AllocateMappedFileService.java:143)
	at java.lang.Thread.run(Thread.java:745)
Caused by: java.lang.OutOfMemoryError: Map failed
	at sun.nio.ch.FileChannelImpl.map0(Native Method)
	at sun.nio.ch.FileChannelImpl.map(FileChannelImpl.java:885)
	... 5 common frames omitted
[2018-03-14 12:05:53.518] ERROR map file C:\Users\Administrator\rocketmq-console-test\20180314120526\commitlog\00000000000000000000 Failed. 
java.io.IOException: Map failed
	at sun.nio.ch.FileChannelImpl.map(FileChannelImpl.java:888)
	at org.apache.rocketmq.store.MappedFile.init(MappedFile.java:160)
	at org.apache.rocketmq.store.MappedFile.<init>(MappedFile.java:71)
	at org.apache.rocketmq.store.AllocateMappedFileService.mmapOperation(AllocateMappedFileService.java:182)
	at org.apache.rocketmq.store.AllocateMappedFileService.run(AllocateMappedFileService.java:143)
	at java.lang.Thread.run(Thread.java:745)
Caused by: java.lang.OutOfMemoryError: Map failed
	at sun.nio.ch.FileChannelImpl.map0(Native Method)
	at sun.nio.ch.FileChannelImpl.map(FileChannelImpl.java:885)
	... 5 common frames omitted
[2018-03-14 12:05:53.518]  WARN AllocateMappedFileService service has exception. 
java.io.IOException: Map failed
	at sun.nio.ch.FileChannelImpl.map(FileChannelImpl.java:888)
	at org.apache.rocketmq.store.MappedFile.init(MappedFile.java:160)
	at org.apache.rocketmq.store.MappedFile.<init>(MappedFile.java:71)
	at org.apache.rocketmq.store.AllocateMappedFileService.mmapOperation(AllocateMappedFileService.java:182)
	at org.apache.rocketmq.store.AllocateMappedFileService.run(AllocateMappedFileService.java:143)
	at java.lang.Thread.run(Thread.java:745)
Caused by: java.lang.OutOfMemoryError: Map failed
	at sun.nio.ch.FileChannelImpl.map0(Native Method)
	at sun.nio.ch.FileChannelImpl.map(FileChannelImpl.java:885)
	... 5 common frames omitted
[2018-03-14 12:05:53.738] ERROR map file C:\Users\Administrator\rocketmq-console-test\20180314120526\commitlog\00000000000000000000 Failed. 
java.io.IOException: Map failed
	at sun.nio.ch.FileChannelImpl.map(FileChannelImpl.java:888)
	at org.apache.rocketmq.store.MappedFile.init(MappedFile.java:160)
	at org.apache.rocketmq.store.MappedFile.<init>(MappedFile.java:71)
	at org.apache.rocketmq.store.AllocateMappedFileService.mmapOperation(AllocateMappedFileService.java:182)
	at org.apache.rocketmq.store.AllocateMappedFileService.run(AllocateMappedFileService.java:143)
	at java.lang.Thread.run(Thread.java:745)
Caused by: java.lang.OutOfMemoryError: Map failed
	at sun.nio.ch.FileChannelImpl.map0(Native Method)
	at sun.nio.ch.FileChannelImpl.map(FileChannelImpl.java:885)
	... 5 common frames omitted
[2018-03-14 12:05:53.738]  WARN AllocateMappedFileService service has exception. 
java.io.IOException: Map failed
	at sun.nio.ch.FileChannelImpl.map(FileChannelImpl.java:888)
	at org.apache.rocketmq.store.MappedFile.init(MappedFile.java:160)
	at org.apache.rocketmq.store.MappedFile.<init>(MappedFile.java:71)
	at org.apache.rocketmq.store.AllocateMappedFileService.mmapOperation(AllocateMappedFileService.java:182)
	at org.apache.rocketmq.store.AllocateMappedFileService.run(AllocateMappedFileService.java:143)
	at java.lang.Thread.run(Thread.java:745)
Caused by: java.lang.OutOfMemoryError: Map failed
	at sun.nio.ch.FileChannelImpl.map0(Native Method)
	at sun.nio.ch.FileChannelImpl.map(FileChannelImpl.java:885)
	... 5 common frames omitted
[2018-03-14 12:05:53.956] ERROR map file C:\Users\Administrator\rocketmq-console-test\20180314120526\commitlog\00000000000000000000 Failed. 
java.io.IOException: Map failed
	at sun.nio.ch.FileChannelImpl.map(FileChannelImpl.java:888)
	at org.apache.rocketmq.store.MappedFile.init(MappedFile.java:160)
	at org.apache.rocketmq.store.MappedFile.<init>(MappedFile.java:71)
	at org.apache.rocketmq.store.AllocateMappedFileService.mmapOperation(AllocateMappedFileService.java:182)
	at org.apache.rocketmq.store.AllocateMappedFileService.run(AllocateMappedFileService.java:143)
	at java.lang.Thread.run(Thread.java:745)
Caused by: java.lang.OutOfMemoryError: Map failed
	at sun.nio.ch.FileChannelImpl.map0(Native Method)
	at sun.nio.ch.FileChannelImpl.map(FileChannelImpl.java:885)
	... 5 common frames omitted
[2018-03-14 12:05:53.956]  WARN AllocateMappedFileService service has exception. 
java.io.IOException: Map failed
	at sun.nio.ch.FileChannelImpl.map(FileChannelImpl.java:888)
	at org.apache.rocketmq.store.MappedFile.init(MappedFile.java:160)
	at org.apache.rocketmq.store.MappedFile.<init>(MappedFile.java:71)
	at org.apache.rocketmq.store.AllocateMappedFileService.mmapOperation(AllocateMappedFileService.java:182)
	at org.apache.rocketmq.store.AllocateMappedFileService.run(AllocateMappedFileService.java:143)
	at java.lang.Thread.run(Thread.java:745)
Caused by: java.lang.OutOfMemoryError: Map failed
	at sun.nio.ch.FileChannelImpl.map0(Native Method)
	at sun.nio.ch.FileChannelImpl.map(FileChannelImpl.java:885)
	... 5 common frames omitted
[2018-03-14 12:05:54.178] ERROR map file C:\Users\Administrator\rocketmq-console-test\20180314120526\commitlog\00000000000000000000 Failed. 
java.io.IOException: Map failed
	at sun.nio.ch.FileChannelImpl.map(FileChannelImpl.java:888)
	at org.apache.rocketmq.store.MappedFile.init(MappedFile.java:160)
	at org.apache.rocketmq.store.MappedFile.<init>(MappedFile.java:71)
	at org.apache.rocketmq.store.AllocateMappedFileService.mmapOperation(AllocateMappedFileService.java:182)
	at org.apache.rocketmq.store.AllocateMappedFileService.run(AllocateMappedFileService.java:143)
	at java.lang.Thread.run(Thread.java:745)
Caused by: java.lang.OutOfMemoryError: Map failed
	at sun.nio.ch.FileChannelImpl.map0(Native Method)
	at sun.nio.ch.FileChannelImpl.map(FileChannelImpl.java:885)
	... 5 common frames omitted
[2018-03-14 12:05:54.178]  WARN AllocateMappedFileService service has exception. 
java.io.IOException: Map failed
	at sun.nio.ch.FileChannelImpl.map(FileChannelImpl.java:888)
	at org.apache.rocketmq.store.MappedFile.init(MappedFile.java:160)
	at org.apache.rocketmq.store.MappedFile.<init>(MappedFile.java:71)
	at org.apache.rocketmq.store.AllocateMappedFileService.mmapOperation(AllocateMappedFileService.java:182)
	at org.apache.rocketmq.store.AllocateMappedFileService.run(AllocateMappedFileService.java:143)
	at java.lang.Thread.run(Thread.java:745)
Caused by: java.lang.OutOfMemoryError: Map failed
	at sun.nio.ch.FileChannelImpl.map0(Native Method)
	at sun.nio.ch.FileChannelImpl.map(FileChannelImpl.java:885)
	... 5 common frames omitted
[2018-03-14 12:05:54.393] ERROR map file C:\Users\Administrator\rocketmq-console-test\20180314120526\commitlog\00000000000000000000 Failed. 
java.io.IOException: Map failed
	at sun.nio.ch.FileChannelImpl.map(FileChannelImpl.java:888)
	at org.apache.rocketmq.store.MappedFile.init(MappedFile.java:160)
	at org.apache.rocketmq.store.MappedFile.<init>(MappedFile.java:71)
	at org.apache.rocketmq.store.AllocateMappedFileService.mmapOperation(AllocateMappedFileService.java:182)
	at org.apache.rocketmq.store.AllocateMappedFileService.run(AllocateMappedFileService.java:143)
	at java.lang.Thread.run(Thread.java:745)
Caused by: java.lang.OutOfMemoryError: Map failed
	at sun.nio.ch.FileChannelImpl.map0(Native Method)
	at sun.nio.ch.FileChannelImpl.map(FileChannelImpl.java:885)
	... 5 common frames omitted
[2018-03-14 12:05:54.393]  WARN AllocateMappedFileService service has exception. 
java.io.IOException: Map failed
	at sun.nio.ch.FileChannelImpl.map(FileChannelImpl.java:888)
	at org.apache.rocketmq.store.MappedFile.init(MappedFile.java:160)
	at org.apache.rocketmq.store.MappedFile.<init>(MappedFile.java:71)
	at org.apache.rocketmq.store.AllocateMappedFileService.mmapOperation(AllocateMappedFileService.java:182)
	at org.apache.rocketmq.store.AllocateMappedFileService.run(AllocateMappedFileService.java:143)
	at java.lang.Thread.run(Thread.java:745)
Caused by: java.lang.OutOfMemoryError: Map failed
	at sun.nio.ch.FileChannelImpl.map0(Native Method)
	at sun.nio.ch.FileChannelImpl.map(FileChannelImpl.java:885)
	... 5 common frames omitted
[2018-03-14 12:05:54.616] ERROR map file C:\Users\Administrator\rocketmq-console-test\20180314120526\commitlog\00000000000000000000 Failed. 
java.io.IOException: Map failed
	at sun.nio.ch.FileChannelImpl.map(FileChannelImpl.java:888)
	at org.apache.rocketmq.store.MappedFile.init(MappedFile.java:160)
	at org.apache.rocketmq.store.MappedFile.<init>(MappedFile.java:71)
	at org.apache.rocketmq.store.AllocateMappedFileService.mmapOperation(AllocateMappedFileService.java:182)
	at org.apache.rocketmq.store.AllocateMappedFileService.run(AllocateMappedFileService.java:143)
	at java.lang.Thread.run(Thread.java:745)
Caused by: java.lang.OutOfMemoryError: Map failed
	at sun.nio.ch.FileChannelImpl.map0(Native Method)
	at sun.nio.ch.FileChannelImpl.map(FileChannelImpl.java:885)
	... 5 common frames omitted
[2018-03-14 12:05:54.616]  WARN AllocateMappedFileService service has exception. 
java.io.IOException: Map failed
	at sun.nio.ch.FileChannelImpl.map(FileChannelImpl.java:888)
	at org.apache.rocketmq.store.MappedFile.init(MappedFile.java:160)
	at org.apache.rocketmq.store.MappedFile.<init>(MappedFile.java:71)
	at org.apache.rocketmq.store.AllocateMappedFileService.mmapOperation(AllocateMappedFileService.java:182)
	at org.apache.rocketmq.store.AllocateMappedFileService.run(AllocateMappedFileService.java:143)
	at java.lang.Thread.run(Thread.java:745)
Caused by: java.lang.OutOfMemoryError: Map failed
	at sun.nio.ch.FileChannelImpl.map0(Native Method)
	at sun.nio.ch.FileChannelImpl.map(FileChannelImpl.java:885)
	... 5 common frames omitted
[2018-03-14 12:05:54.839] ERROR map file C:\Users\Administrator\rocketmq-console-test\20180314120526\commitlog\00000000000000000000 Failed. 
java.io.IOException: Map failed
	at sun.nio.ch.FileChannelImpl.map(FileChannelImpl.java:888)
	at org.apache.rocketmq.store.MappedFile.init(MappedFile.java:160)
	at org.apache.rocketmq.store.MappedFile.<init>(MappedFile.java:71)
	at org.apache.rocketmq.store.AllocateMappedFileService.mmapOperation(AllocateMappedFileService.java:182)
	at org.apache.rocketmq.store.AllocateMappedFileService.run(AllocateMappedFileService.java:143)
	at java.lang.Thread.run(Thread.java:745)
Caused by: java.lang.OutOfMemoryError: Map failed
	at sun.nio.ch.FileChannelImpl.map0(Native Method)
	at sun.nio.ch.FileChannelImpl.map(FileChannelImpl.java:885)
	... 5 common frames omitted
[2018-03-14 12:05:54.839]  WARN AllocateMappedFileService service has exception. 
java.io.IOException: Map failed
	at sun.nio.ch.FileChannelImpl.map(FileChannelImpl.java:888)
	at org.apache.rocketmq.store.MappedFile.init(MappedFile.java:160)
	at org.apache.rocketmq.store.MappedFile.<init>(MappedFile.java:71)
	at org.apache.rocketmq.store.AllocateMappedFileService.mmapOperation(AllocateMappedFileService.java:182)
	at org.apache.rocketmq.store.AllocateMappedFileService.run(AllocateMappedFileService.java:143)
	at java.lang.Thread.run(Thread.java:745)
Caused by: java.lang.OutOfMemoryError: Map failed
	at sun.nio.ch.FileChannelImpl.map0(Native Method)
	at sun.nio.ch.FileChannelImpl.map(FileChannelImpl.java:885)
	... 5 common frames omitted
[2018-03-14 12:05:55.056] ERROR map file C:\Users\Administrator\rocketmq-console-test\20180314120526\commitlog\00000000000000000000 Failed. 
java.io.IOException: Map failed
	at sun.nio.ch.FileChannelImpl.map(FileChannelImpl.java:888)
	at org.apache.rocketmq.store.MappedFile.init(MappedFile.java:160)
	at org.apache.rocketmq.store.MappedFile.<init>(MappedFile.java:71)
	at org.apache.rocketmq.store.AllocateMappedFileService.mmapOperation(AllocateMappedFileService.java:182)
	at org.apache.rocketmq.store.AllocateMappedFileService.run(AllocateMappedFileService.java:143)
	at java.lang.Thread.run(Thread.java:745)
Caused by: java.lang.OutOfMemoryError: Map failed
	at sun.nio.ch.FileChannelImpl.map0(Native Method)
	at sun.nio.ch.FileChannelImpl.map(FileChannelImpl.java:885)
	... 5 common frames omitted
[2018-03-14 12:05:55.057]  WARN AllocateMappedFileService service has exception. 
java.io.IOException: Map failed
	at sun.nio.ch.FileChannelImpl.map(FileChannelImpl.java:888)
	at org.apache.rocketmq.store.MappedFile.init(MappedFile.java:160)
	at org.apache.rocketmq.store.MappedFile.<init>(MappedFile.java:71)
	at org.apache.rocketmq.store.AllocateMappedFileService.mmapOperation(AllocateMappedFileService.java:182)
	at org.apache.rocketmq.store.AllocateMappedFileService.run(AllocateMappedFileService.java:143)
	at java.lang.Thread.run(Thread.java:745)
Caused by: java.lang.OutOfMemoryError: Map failed
	at sun.nio.ch.FileChannelImpl.map0(Native Method)
	at sun.nio.ch.FileChannelImpl.map(FileChannelImpl.java:885)
	... 5 common frames omitted
[2018-03-14 12:05:55.278] ERROR map file C:\Users\Administrator\rocketmq-console-test\20180314120526\commitlog\00000000000000000000 Failed. 
java.io.IOException: Map failed
	at sun.nio.ch.FileChannelImpl.map(FileChannelImpl.java:888)
	at org.apache.rocketmq.store.MappedFile.init(MappedFile.java:160)
	at org.apache.rocketmq.store.MappedFile.<init>(MappedFile.java:71)
	at org.apache.rocketmq.store.AllocateMappedFileService.mmapOperation(AllocateMappedFileService.java:182)
	at org.apache.rocketmq.store.AllocateMappedFileService.run(AllocateMappedFileService.java:143)
	at java.lang.Thread.run(Thread.java:745)
Caused by: java.lang.OutOfMemoryError: Map failed
	at sun.nio.ch.FileChannelImpl.map0(Native Method)
	at sun.nio.ch.FileChannelImpl.map(FileChannelImpl.java:885)
	... 5 common frames omitted
[2018-03-14 12:05:55.278]  WARN AllocateMappedFileService service has exception. 
java.io.IOException: Map failed
	at sun.nio.ch.FileChannelImpl.map(FileChannelImpl.java:888)
	at org.apache.rocketmq.store.MappedFile.init(MappedFile.java:160)
	at org.apache.rocketmq.store.MappedFile.<init>(MappedFile.java:71)
	at org.apache.rocketmq.store.AllocateMappedFileService.mmapOperation(AllocateMappedFileService.java:182)
	at org.apache.rocketmq.store.AllocateMappedFileService.run(AllocateMappedFileService.java:143)
	at java.lang.Thread.run(Thread.java:745)
Caused by: java.lang.OutOfMemoryError: Map failed
	at sun.nio.ch.FileChannelImpl.map0(Native Method)
	at sun.nio.ch.FileChannelImpl.map(FileChannelImpl.java:885)
	... 5 common frames omitted
[2018-03-14 12:05:55.497] ERROR map file C:\Users\Administrator\rocketmq-console-test\20180314120526\commitlog\00000000000000000000 Failed. 
java.io.IOException: Map failed
	at sun.nio.ch.FileChannelImpl.map(FileChannelImpl.java:888)
	at org.apache.rocketmq.store.MappedFile.init(MappedFile.java:160)
	at org.apache.rocketmq.store.MappedFile.<init>(MappedFile.java:71)
	at org.apache.rocketmq.store.AllocateMappedFileService.mmapOperation(AllocateMappedFileService.java:182)
	at org.apache.rocketmq.store.AllocateMappedFileService.run(AllocateMappedFileService.java:143)
	at java.lang.Thread.run(Thread.java:745)
Caused by: java.lang.OutOfMemoryError: Map failed
	at sun.nio.ch.FileChannelImpl.map0(Native Method)
	at sun.nio.ch.FileChannelImpl.map(FileChannelImpl.java:885)
	... 5 common frames omitted
[2018-03-14 12:05:55.497]  WARN AllocateMappedFileService service has exception. 
java.io.IOException: Map failed
	at sun.nio.ch.FileChannelImpl.map(FileChannelImpl.java:888)
	at org.apache.rocketmq.store.MappedFile.init(MappedFile.java:160)
	at org.apache.rocketmq.store.MappedFile.<init>(MappedFile.java:71)
	at org.apache.rocketmq.store.AllocateMappedFileService.mmapOperation(AllocateMappedFileService.java:182)
	at org.apache.rocketmq.store.AllocateMappedFileService.run(AllocateMappedFileService.java:143)
	at java.lang.Thread.run(Thread.java:745)
Caused by: java.lang.OutOfMemoryError: Map failed
	at sun.nio.ch.FileChannelImpl.map0(Native Method)
	at sun.nio.ch.FileChannelImpl.map(FileChannelImpl.java:885)
	... 5 common frames omitted
[2018-03-14 12:05:55.712] ERROR map file C:\Users\Administrator\rocketmq-console-test\20180314120526\commitlog\00000000000000000000 Failed. 
java.io.IOException: Map failed
	at sun.nio.ch.FileChannelImpl.map(FileChannelImpl.java:888)
	at org.apache.rocketmq.store.MappedFile.init(MappedFile.java:160)
	at org.apache.rocketmq.store.MappedFile.<init>(MappedFile.java:71)
	at org.apache.rocketmq.store.AllocateMappedFileService.mmapOperation(AllocateMappedFileService.java:182)
	at org.apache.rocketmq.store.AllocateMappedFileService.run(AllocateMappedFileService.java:143)
	at java.lang.Thread.run(Thread.java:745)
Caused by: java.lang.OutOfMemoryError: Map failed
	at sun.nio.ch.FileChannelImpl.map0(Native Method)
	at sun.nio.ch.FileChannelImpl.map(FileChannelImpl.java:885)
	... 5 common frames omitted
[2018-03-14 12:05:55.712]  WARN AllocateMappedFileService service has exception. 
java.io.IOException: Map failed
	at sun.nio.ch.FileChannelImpl.map(FileChannelImpl.java:888)
	at org.apache.rocketmq.store.MappedFile.init(MappedFile.java:160)
	at org.apache.rocketmq.store.MappedFile.<init>(MappedFile.java:71)
	at org.apache.rocketmq.store.AllocateMappedFileService.mmapOperation(AllocateMappedFileService.java:182)
	at org.apache.rocketmq.store.AllocateMappedFileService.run(AllocateMappedFileService.java:143)
	at java.lang.Thread.run(Thread.java:745)
Caused by: java.lang.OutOfMemoryError: Map failed
	at sun.nio.ch.FileChannelImpl.map0(Native Method)
	at sun.nio.ch.FileChannelImpl.map(FileChannelImpl.java:885)
	... 5 common frames omitted
[2018-03-14 12:05:55.933] ERROR map file C:\Users\Administrator\rocketmq-console-test\20180314120526\commitlog\00000000000000000000 Failed. 
java.io.IOException: Map failed
	at sun.nio.ch.FileChannelImpl.map(FileChannelImpl.java:888)
	at org.apache.rocketmq.store.MappedFile.init(MappedFile.java:160)
	at org.apache.rocketmq.store.MappedFile.<init>(MappedFile.java:71)
	at org.apache.rocketmq.store.AllocateMappedFileService.mmapOperation(AllocateMappedFileService.java:182)
	at org.apache.rocketmq.store.AllocateMappedFileService.run(AllocateMappedFileService.java:143)
	at java.lang.Thread.run(Thread.java:745)
Caused by: java.lang.OutOfMemoryError: Map failed
	at sun.nio.ch.FileChannelImpl.map0(Native Method)
	at sun.nio.ch.FileChannelImpl.map(FileChannelImpl.java:885)
	... 5 common frames omitted
[2018-03-14 12:05:55.933]  WARN AllocateMappedFileService service has exception. 
java.io.IOException: Map failed
	at sun.nio.ch.FileChannelImpl.map(FileChannelImpl.java:888)
	at org.apache.rocketmq.store.MappedFile.init(MappedFile.java:160)
	at org.apache.rocketmq.store.MappedFile.<init>(MappedFile.java:71)
	at org.apache.rocketmq.store.AllocateMappedFileService.mmapOperation(AllocateMappedFileService.java:182)
	at org.apache.rocketmq.store.AllocateMappedFileService.run(AllocateMappedFileService.java:143)
	at java.lang.Thread.run(Thread.java:745)
Caused by: java.lang.OutOfMemoryError: Map failed
	at sun.nio.ch.FileChannelImpl.map0(Native Method)
	at sun.nio.ch.FileChannelImpl.map(FileChannelImpl.java:885)
	... 5 common frames omitted
[2018-03-14 12:05:56.155] ERROR map file C:\Users\Administrator\rocketmq-console-test\20180314120526\commitlog\00000000000000000000 Failed. 
java.io.IOException: Map failed
	at sun.nio.ch.FileChannelImpl.map(FileChannelImpl.java:888)
	at org.apache.rocketmq.store.MappedFile.init(MappedFile.java:160)
	at org.apache.rocketmq.store.MappedFile.<init>(MappedFile.java:71)
	at org.apache.rocketmq.store.AllocateMappedFileService.mmapOperation(AllocateMappedFileService.java:182)
	at org.apache.rocketmq.store.AllocateMappedFileService.run(AllocateMappedFileService.java:143)
	at java.lang.Thread.run(Thread.java:745)
Caused by: java.lang.OutOfMemoryError: Map failed
	at sun.nio.ch.FileChannelImpl.map0(Native Method)
	at sun.nio.ch.FileChannelImpl.map(FileChannelImpl.java:885)
	... 5 common frames omitted
[2018-03-14 12:05:56.155]  WARN AllocateMappedFileService service has exception. 
java.io.IOException: Map failed
	at sun.nio.ch.FileChannelImpl.map(FileChannelImpl.java:888)
	at org.apache.rocketmq.store.MappedFile.init(MappedFile.java:160)
	at org.apache.rocketmq.store.MappedFile.<init>(MappedFile.java:71)
	at org.apache.rocketmq.store.AllocateMappedFileService.mmapOperation(AllocateMappedFileService.java:182)
	at org.apache.rocketmq.store.AllocateMappedFileService.run(AllocateMappedFileService.java:143)
	at java.lang.Thread.run(Thread.java:745)
Caused by: java.lang.OutOfMemoryError: Map failed
	at sun.nio.ch.FileChannelImpl.map0(Native Method)
	at sun.nio.ch.FileChannelImpl.map(FileChannelImpl.java:885)
	... 5 common frames omitted
[2018-03-14 12:05:56.375] ERROR map file C:\Users\Administrator\rocketmq-console-test\20180314120526\commitlog\00000000000000000000 Failed. 
java.io.IOException: Map failed
	at sun.nio.ch.FileChannelImpl.map(FileChannelImpl.java:888)
	at org.apache.rocketmq.store.MappedFile.init(MappedFile.java:160)
	at org.apache.rocketmq.store.MappedFile.<init>(MappedFile.java:71)
	at org.apache.rocketmq.store.AllocateMappedFileService.mmapOperation(AllocateMappedFileService.java:182)
	at org.apache.rocketmq.store.AllocateMappedFileService.run(AllocateMappedFileService.java:143)
	at java.lang.Thread.run(Thread.java:745)
Caused by: java.lang.OutOfMemoryError: Map failed
	at sun.nio.ch.FileChannelImpl.map0(Native Method)
	at sun.nio.ch.FileChannelImpl.map(FileChannelImpl.java:885)
	... 5 common frames omitted
[2018-03-14 12:05:56.376]  WARN AllocateMappedFileService service has exception. 
java.io.IOException: Map failed
	at sun.nio.ch.FileChannelImpl.map(FileChannelImpl.java:888)
	at org.apache.rocketmq.store.MappedFile.init(MappedFile.java:160)
	at org.apache.rocketmq.store.MappedFile.<init>(MappedFile.java:71)
	at org.apache.rocketmq.store.AllocateMappedFileService.mmapOperation(AllocateMappedFileService.java:182)
	at org.apache.rocketmq.store.AllocateMappedFileService.run(AllocateMappedFileService.java:143)
	at java.lang.Thread.run(Thread.java:745)
Caused by: java.lang.OutOfMemoryError: Map failed
	at sun.nio.ch.FileChannelImpl.map0(Native Method)
	at sun.nio.ch.FileChannelImpl.map(FileChannelImpl.java:885)
	... 5 common frames omitted
[2018-03-14 12:05:56.592] ERROR map file C:\Users\Administrator\rocketmq-console-test\20180314120526\commitlog\00000000000000000000 Failed. 
java.io.IOException: Map failed
	at sun.nio.ch.FileChannelImpl.map(FileChannelImpl.java:888)
	at org.apache.rocketmq.store.MappedFile.init(MappedFile.java:160)
	at org.apache.rocketmq.store.MappedFile.<init>(MappedFile.java:71)
	at org.apache.rocketmq.store.AllocateMappedFileService.mmapOperation(AllocateMappedFileService.java:182)
	at org.apache.rocketmq.store.AllocateMappedFileService.run(AllocateMappedFileService.java:143)
	at java.lang.Thread.run(Thread.java:745)
Caused by: java.lang.OutOfMemoryError: Map failed
	at sun.nio.ch.FileChannelImpl.map0(Native Method)
	at sun.nio.ch.FileChannelImpl.map(FileChannelImpl.java:885)
	... 5 common frames omitted
[2018-03-14 12:05:56.592]  WARN AllocateMappedFileService service has exception. 
java.io.IOException: Map failed
	at sun.nio.ch.FileChannelImpl.map(FileChannelImpl.java:888)
	at org.apache.rocketmq.store.MappedFile.init(MappedFile.java:160)
	at org.apache.rocketmq.store.MappedFile.<init>(MappedFile.java:71)
	at org.apache.rocketmq.store.AllocateMappedFileService.mmapOperation(AllocateMappedFileService.java:182)
	at org.apache.rocketmq.store.AllocateMappedFileService.run(AllocateMappedFileService.java:143)
	at java.lang.Thread.run(Thread.java:745)
Caused by: java.lang.OutOfMemoryError: Map failed
	at sun.nio.ch.FileChannelImpl.map0(Native Method)
	at sun.nio.ch.FileChannelImpl.map(FileChannelImpl.java:885)
	... 5 common frames omitted
[2018-03-14 12:05:56.806] ERROR map file C:\Users\Administrator\rocketmq-console-test\20180314120526\commitlog\00000000000000000000 Failed. 
java.io.IOException: Map failed
	at sun.nio.ch.FileChannelImpl.map(FileChannelImpl.java:888)
	at org.apache.rocketmq.store.MappedFile.init(MappedFile.java:160)
	at org.apache.rocketmq.store.MappedFile.<init>(MappedFile.java:71)
	at org.apache.rocketmq.store.AllocateMappedFileService.mmapOperation(AllocateMappedFileService.java:182)
	at org.apache.rocketmq.store.AllocateMappedFileService.run(AllocateMappedFileService.java:143)
	at java.lang.Thread.run(Thread.java:745)
Caused by: java.lang.OutOfMemoryError: Map failed
	at sun.nio.ch.FileChannelImpl.map0(Native Method)
	at sun.nio.ch.FileChannelImpl.map(FileChannelImpl.java:885)
	... 5 common frames omitted
[2018-03-14 12:05:56.806]  WARN AllocateMappedFileService service has exception. 
java.io.IOException: Map failed
	at sun.nio.ch.FileChannelImpl.map(FileChannelImpl.java:888)
	at org.apache.rocketmq.store.MappedFile.init(MappedFile.java:160)
	at org.apache.rocketmq.store.MappedFile.<init>(MappedFile.java:71)
	at org.apache.rocketmq.store.AllocateMappedFileService.mmapOperation(AllocateMappedFileService.java:182)
	at org.apache.rocketmq.store.AllocateMappedFileService.run(AllocateMappedFileService.java:143)
	at java.lang.Thread.run(Thread.java:745)
Caused by: java.lang.OutOfMemoryError: Map failed
	at sun.nio.ch.FileChannelImpl.map0(Native Method)
	at sun.nio.ch.FileChannelImpl.map(FileChannelImpl.java:885)
	... 5 common frames omitted
[2018-03-14 12:05:56.933]  WARN AllocateMappedFileService service has exception. so return null
[2018-03-14 12:05:56.933] ERROR create maped file1 error, topic: TEST_CONSOLE_TOPIC clientAddr: 127.0.0.1
[2018-03-14 12:05:56.934]  WARN sendKernelImpl exception, resend at once, InvokeID: -1556715871879949003, RT: 3ms, Broker: MessageQueue [topic=TEST_CONSOLE_TOPIC, brokerName=ConsoleTestBroker, queueId=2]
org.apache.rocketmq.client.exception.MQBrokerException: CODE: 1  DESC: create mapped file failed, server is busy or broken.
For more information, please visit the url, http://rocketmq.apache.org/docs/faq/
	at org.apache.rocketmq.client.impl.MQClientAPIImpl.processSendResponse(MQClientAPIImpl.java:531)
	at org.apache.rocketmq.client.impl.MQClientAPIImpl.sendMessageSync(MQClientAPIImpl.java:345)
	at org.apache.rocketmq.client.impl.MQClientAPIImpl.sendMessage(MQClientAPIImpl.java:327)
	at org.apache.rocketmq.client.impl.MQClientAPIImpl.sendMessage(MQClientAPIImpl.java:290)
	at org.apache.rocketmq.client.impl.producer.DefaultMQProducerImpl.sendKernelImpl(DefaultMQProducerImpl.java:688)
	at org.apache.rocketmq.client.impl.producer.DefaultMQProducerImpl.sendDefaultImpl(DefaultMQProducerImpl.java:458)
	at org.apache.rocketmq.client.impl.producer.DefaultMQProducerImpl.send(DefaultMQProducerImpl.java:1049)
	at org.apache.rocketmq.client.impl.producer.DefaultMQProducerImpl.send(DefaultMQProducerImpl.java:1008)
	at org.apache.rocketmq.client.producer.DefaultMQProducer.send(DefaultMQProducer.java:204)
	at org.apache.rocketmq.console.testbase.RocketMQConsoleTestBase.sendTestTopicMessage(RocketMQConsoleTestBase.java:107)
	at org.apache.rocketmq.console.service.impl.MessageServiceImplTest.setUp(MessageServiceImplTest.java:56)
	at sun.reflect.NativeMethodAccessorImpl.invoke0(Native Method)
	at sun.reflect.NativeMethodAccessorImpl.invoke(NativeMethodAccessorImpl.java:57)
	at sun.reflect.DelegatingMethodAccessorImpl.invoke(DelegatingMethodAccessorImpl.java:43)
	at java.lang.reflect.Method.invoke(Method.java:606)
	at org.junit.runners.model.FrameworkMethod$1.runReflectiveCall(FrameworkMethod.java:50)
	at org.junit.internal.runners.model.ReflectiveCallable.run(ReflectiveCallable.java:12)
	at org.junit.runners.model.FrameworkMethod.invokeExplosively(FrameworkMethod.java:47)
	at org.junit.internal.runners.statements.RunBefores.evaluate(RunBefores.java:24)
	at org.springframework.test.context.junit4.statements.RunBeforeTestMethodCallbacks.evaluate(RunBeforeTestMethodCallbacks.java:75)
	at org.junit.internal.runners.statements.RunAfters.evaluate(RunAfters.java:27)
	at org.springframework.test.context.junit4.statements.RunAfterTestMethodCallbacks.evaluate(RunAfterTestMethodCallbacks.java:86)
	at org.springframework.test.context.junit4.statements.SpringRepeat.evaluate(SpringRepeat.java:84)
	at org.junit.runners.ParentRunner.runLeaf(ParentRunner.java:325)
	at org.springframework.test.context.junit4.SpringJUnit4ClassRunner.runChild(SpringJUnit4ClassRunner.java:252)
	at org.springframework.test.context.junit4.SpringJUnit4ClassRunner.runChild(SpringJUnit4ClassRunner.java:94)
	at org.junit.runners.ParentRunner$3.run(ParentRunner.java:290)
	at org.junit.runners.ParentRunner$1.schedule(ParentRunner.java:71)
	at org.junit.runners.ParentRunner.runChildren(ParentRunner.java:288)
	at org.junit.runners.ParentRunner.access$000(ParentRunner.java:58)
	at org.junit.runners.ParentRunner$2.evaluate(ParentRunner.java:268)
	at org.springframework.test.context.junit4.statements.RunBeforeTestClassCallbacks.evaluate(RunBeforeTestClassCallbacks.java:61)
	at org.springframework.test.context.junit4.statements.RunAfterTestClassCallbacks.evaluate(RunAfterTestClassCallbacks.java:70)
	at org.junit.runners.ParentRunner.run(ParentRunner.java:363)
	at org.springframework.test.context.junit4.SpringJUnit4ClassRunner.run(SpringJUnit4ClassRunner.java:191)
	at org.apache.maven.surefire.junit4.JUnit4Provider.execute(JUnit4Provider.java:367)
	at org.apache.maven.surefire.junit4.JUnit4Provider.executeWithRerun(JUnit4Provider.java:274)
	at org.apache.maven.surefire.junit4.JUnit4Provider.executeTestSet(JUnit4Provider.java:238)
	at org.apache.maven.surefire.junit4.JUnit4Provider.invoke(JUnit4Provider.java:161)
	at org.apache.maven.surefire.booter.ForkedBooter.invokeProviderInSameClassLoader(ForkedBooter.java:290)
	at org.apache.maven.surefire.booter.ForkedBooter.runSuitesInProcess(ForkedBooter.java:242)
	at org.apache.maven.surefire.booter.ForkedBooter.main(ForkedBooter.java:121)
[2018-03-14 12:05:56.934]  WARN Message [topic=TEST_CONSOLE_TOPIC, flag=0, properties={KEYS=TEST_TOPIC_KEY, WAIT=true, UNIQ_KEY=C0A859EB30A4011E1E6742F81E43000F}, body=11]
[2018-03-14 12:05:56.935]  WARN AllocateMappedFileService service has exception. so return null
[2018-03-14 12:05:56.935] ERROR create maped file1 error, topic: TEST_CONSOLE_TOPIC clientAddr: 127.0.0.1
[2018-03-14 12:05:56.936]  WARN sendKernelImpl exception, resend at once, InvokeID: -1556715871879949003, RT: 1ms, Broker: MessageQueue [topic=TEST_CONSOLE_TOPIC, brokerName=ConsoleTestBroker, queueId=4]
org.apache.rocketmq.client.exception.MQBrokerException: CODE: 1  DESC: create mapped file failed, server is busy or broken.
For more information, please visit the url, http://rocketmq.apache.org/docs/faq/
	at org.apache.rocketmq.client.impl.MQClientAPIImpl.processSendResponse(MQClientAPIImpl.java:531)
	at org.apache.rocketmq.client.impl.MQClientAPIImpl.sendMessageSync(MQClientAPIImpl.java:345)
	at org.apache.rocketmq.client.impl.MQClientAPIImpl.sendMessage(MQClientAPIImpl.java:327)
	at org.apache.rocketmq.client.impl.MQClientAPIImpl.sendMessage(MQClientAPIImpl.java:290)
	at org.apache.rocketmq.client.impl.producer.DefaultMQProducerImpl.sendKernelImpl(DefaultMQProducerImpl.java:688)
	at org.apache.rocketmq.client.impl.producer.DefaultMQProducerImpl.sendDefaultImpl(DefaultMQProducerImpl.java:458)
	at org.apache.rocketmq.client.impl.producer.DefaultMQProducerImpl.send(DefaultMQProducerImpl.java:1049)
	at org.apache.rocketmq.client.impl.producer.DefaultMQProducerImpl.send(DefaultMQProducerImpl.java:1008)
	at org.apache.rocketmq.client.producer.DefaultMQProducer.send(DefaultMQProducer.java:204)
	at org.apache.rocketmq.console.testbase.RocketMQConsoleTestBase.sendTestTopicMessage(RocketMQConsoleTestBase.java:107)
	at org.apache.rocketmq.console.service.impl.MessageServiceImplTest.setUp(MessageServiceImplTest.java:56)
	at sun.reflect.NativeMethodAccessorImpl.invoke0(Native Method)
	at sun.reflect.NativeMethodAccessorImpl.invoke(NativeMethodAccessorImpl.java:57)
	at sun.reflect.DelegatingMethodAccessorImpl.invoke(DelegatingMethodAccessorImpl.java:43)
	at java.lang.reflect.Method.invoke(Method.java:606)
	at org.junit.runners.model.FrameworkMethod$1.runReflectiveCall(FrameworkMethod.java:50)
	at org.junit.internal.runners.model.ReflectiveCallable.run(ReflectiveCallable.java:12)
	at org.junit.runners.model.FrameworkMethod.invokeExplosively(FrameworkMethod.java:47)
	at org.junit.internal.runners.statements.RunBefores.evaluate(RunBefores.java:24)
	at org.springframework.test.context.junit4.statements.RunBeforeTestMethodCallbacks.evaluate(RunBeforeTestMethodCallbacks.java:75)
	at org.junit.internal.runners.statements.RunAfters.evaluate(RunAfters.java:27)
	at org.springframework.test.context.junit4.statements.RunAfterTestMethodCallbacks.evaluate(RunAfterTestMethodCallbacks.java:86)
	at org.springframework.test.context.junit4.statements.SpringRepeat.evaluate(SpringRepeat.java:84)
	at org.junit.runners.ParentRunner.runLeaf(ParentRunner.java:325)
	at org.springframework.test.context.junit4.SpringJUnit4ClassRunner.runChild(SpringJUnit4ClassRunner.java:252)
	at org.springframework.test.context.junit4.SpringJUnit4ClassRunner.runChild(SpringJUnit4ClassRunner.java:94)
	at org.junit.runners.ParentRunner$3.run(ParentRunner.java:290)
	at org.junit.runners.ParentRunner$1.schedule(ParentRunner.java:71)
	at org.junit.runners.ParentRunner.runChildren(ParentRunner.java:288)
	at org.junit.runners.ParentRunner.access$000(ParentRunner.java:58)
	at org.junit.runners.ParentRunner$2.evaluate(ParentRunner.java:268)
	at org.springframework.test.context.junit4.statements.RunBeforeTestClassCallbacks.evaluate(RunBeforeTestClassCallbacks.java:61)
	at org.springframework.test.context.junit4.statements.RunAfterTestClassCallbacks.evaluate(RunAfterTestClassCallbacks.java:70)
	at org.junit.runners.ParentRunner.run(ParentRunner.java:363)
	at org.springframework.test.context.junit4.SpringJUnit4ClassRunner.run(SpringJUnit4ClassRunner.java:191)
	at org.apache.maven.surefire.junit4.JUnit4Provider.execute(JUnit4Provider.java:367)
	at org.apache.maven.surefire.junit4.JUnit4Provider.executeWithRerun(JUnit4Provider.java:274)
	at org.apache.maven.surefire.junit4.JUnit4Provider.executeTestSet(JUnit4Provider.java:238)
	at org.apache.maven.surefire.junit4.JUnit4Provider.invoke(JUnit4Provider.java:161)
	at org.apache.maven.surefire.booter.ForkedBooter.invokeProviderInSameClassLoader(ForkedBooter.java:290)
	at org.apache.maven.surefire.booter.ForkedBooter.runSuitesInProcess(ForkedBooter.java:242)
	at org.apache.maven.surefire.booter.ForkedBooter.main(ForkedBooter.java:121)
[2018-03-14 12:05:56.937]  WARN Message [topic=TEST_CONSOLE_TOPIC, flag=0, properties={KEYS=TEST_TOPIC_KEY, WAIT=true, UNIQ_KEY=C0A859EB30A4011E1E6742F81E43000F}, body=11]
[2018-03-14 12:05:56.937]  WARN AllocateMappedFileService service has exception. so return null
[2018-03-14 12:05:56.937] ERROR create maped file1 error, topic: TEST_CONSOLE_TOPIC clientAddr: 127.0.0.1
[2018-03-14 12:05:56.938]  WARN sendKernelImpl exception, resend at once, InvokeID: -1556715871879949003, RT: 1ms, Broker: MessageQueue [topic=TEST_CONSOLE_TOPIC, brokerName=ConsoleTestBroker, queueId=6]
org.apache.rocketmq.client.exception.MQBrokerException: CODE: 1  DESC: create mapped file failed, server is busy or broken.
For more information, please visit the url, http://rocketmq.apache.org/docs/faq/
	at org.apache.rocketmq.client.impl.MQClientAPIImpl.processSendResponse(MQClientAPIImpl.java:531)
	at org.apache.rocketmq.client.impl.MQClientAPIImpl.sendMessageSync(MQClientAPIImpl.java:345)
	at org.apache.rocketmq.client.impl.MQClientAPIImpl.sendMessage(MQClientAPIImpl.java:327)
	at org.apache.rocketmq.client.impl.MQClientAPIImpl.sendMessage(MQClientAPIImpl.java:290)
	at org.apache.rocketmq.client.impl.producer.DefaultMQProducerImpl.sendKernelImpl(DefaultMQProducerImpl.java:688)
	at org.apache.rocketmq.client.impl.producer.DefaultMQProducerImpl.sendDefaultImpl(DefaultMQProducerImpl.java:458)
	at org.apache.rocketmq.client.impl.producer.DefaultMQProducerImpl.send(DefaultMQProducerImpl.java:1049)
	at org.apache.rocketmq.client.impl.producer.DefaultMQProducerImpl.send(DefaultMQProducerImpl.java:1008)
	at org.apache.rocketmq.client.producer.DefaultMQProducer.send(DefaultMQProducer.java:204)
	at org.apache.rocketmq.console.testbase.RocketMQConsoleTestBase.sendTestTopicMessage(RocketMQConsoleTestBase.java:107)
	at org.apache.rocketmq.console.service.impl.MessageServiceImplTest.setUp(MessageServiceImplTest.java:56)
	at sun.reflect.NativeMethodAccessorImpl.invoke0(Native Method)
	at sun.reflect.NativeMethodAccessorImpl.invoke(NativeMethodAccessorImpl.java:57)
	at sun.reflect.DelegatingMethodAccessorImpl.invoke(DelegatingMethodAccessorImpl.java:43)
	at java.lang.reflect.Method.invoke(Method.java:606)
	at org.junit.runners.model.FrameworkMethod$1.runReflectiveCall(FrameworkMethod.java:50)
	at org.junit.internal.runners.model.ReflectiveCallable.run(ReflectiveCallable.java:12)
	at org.junit.runners.model.FrameworkMethod.invokeExplosively(FrameworkMethod.java:47)
	at org.junit.internal.runners.statements.RunBefores.evaluate(RunBefores.java:24)
	at org.springframework.test.context.junit4.statements.RunBeforeTestMethodCallbacks.evaluate(RunBeforeTestMethodCallbacks.java:75)
	at org.junit.internal.runners.statements.RunAfters.evaluate(RunAfters.java:27)
	at org.springframework.test.context.junit4.statements.RunAfterTestMethodCallbacks.evaluate(RunAfterTestMethodCallbacks.java:86)
	at org.springframework.test.context.junit4.statements.SpringRepeat.evaluate(SpringRepeat.java:84)
	at org.junit.runners.ParentRunner.runLeaf(ParentRunner.java:325)
	at org.springframework.test.context.junit4.SpringJUnit4ClassRunner.runChild(SpringJUnit4ClassRunner.java:252)
	at org.springframework.test.context.junit4.SpringJUnit4ClassRunner.runChild(SpringJUnit4ClassRunner.java:94)
	at org.junit.runners.ParentRunner$3.run(ParentRunner.java:290)
	at org.junit.runners.ParentRunner$1.schedule(ParentRunner.java:71)
	at org.junit.runners.ParentRunner.runChildren(ParentRunner.java:288)
	at org.junit.runners.ParentRunner.access$000(ParentRunner.java:58)
	at org.junit.runners.ParentRunner$2.evaluate(ParentRunner.java:268)
	at org.springframework.test.context.junit4.statements.RunBeforeTestClassCallbacks.evaluate(RunBeforeTestClassCallbacks.java:61)
	at org.springframework.test.context.junit4.statements.RunAfterTestClassCallbacks.evaluate(RunAfterTestClassCallbacks.java:70)
	at org.junit.runners.ParentRunner.run(ParentRunner.java:363)
	at org.springframework.test.context.junit4.SpringJUnit4ClassRunner.run(SpringJUnit4ClassRunner.java:191)
	at org.apache.maven.surefire.junit4.JUnit4Provider.execute(JUnit4Provider.java:367)
	at org.apache.maven.surefire.junit4.JUnit4Provider.executeWithRerun(JUnit4Provider.java:274)
	at org.apache.maven.surefire.junit4.JUnit4Provider.executeTestSet(JUnit4Provider.java:238)
	at org.apache.maven.surefire.junit4.JUnit4Provider.invoke(JUnit4Provider.java:161)
	at org.apache.maven.surefire.booter.ForkedBooter.invokeProviderInSameClassLoader(ForkedBooter.java:290)
	at org.apache.maven.surefire.booter.ForkedBooter.runSuitesInProcess(ForkedBooter.java:242)
	at org.apache.maven.surefire.booter.ForkedBooter.main(ForkedBooter.java:121)
[2018-03-14 12:05:56.938]  WARN Message [topic=TEST_CONSOLE_TOPIC, flag=0, properties={KEYS=TEST_TOPIC_KEY, WAIT=true, UNIQ_KEY=C0A859EB30A4011E1E6742F81E43000F}, body=11]
[2018-03-14 12:05:57.023] ERROR map file C:\Users\Administrator\rocketmq-console-test\20180314120526\commitlog\00000000000000000000 Failed. 
java.io.IOException: Map failed
	at sun.nio.ch.FileChannelImpl.map(FileChannelImpl.java:888)
	at org.apache.rocketmq.store.MappedFile.init(MappedFile.java:160)
	at org.apache.rocketmq.store.MappedFile.<init>(MappedFile.java:71)
	at org.apache.rocketmq.store.AllocateMappedFileService.mmapOperation(AllocateMappedFileService.java:182)
	at org.apache.rocketmq.store.AllocateMappedFileService.run(AllocateMappedFileService.java:143)
	at java.lang.Thread.run(Thread.java:745)
Caused by: java.lang.OutOfMemoryError: Map failed
	at sun.nio.ch.FileChannelImpl.map0(Native Method)
	at sun.nio.ch.FileChannelImpl.map(FileChannelImpl.java:885)
	... 5 common frames omitted
[2018-03-14 12:05:57.024]  WARN AllocateMappedFileService service has exception. 
java.io.IOException: Map failed
	at sun.nio.ch.FileChannelImpl.map(FileChannelImpl.java:888)
	at org.apache.rocketmq.store.MappedFile.init(MappedFile.java:160)
	at org.apache.rocketmq.store.MappedFile.<init>(MappedFile.java:71)
	at org.apache.rocketmq.store.AllocateMappedFileService.mmapOperation(AllocateMappedFileService.java:182)
	at org.apache.rocketmq.store.AllocateMappedFileService.run(AllocateMappedFileService.java:143)
	at java.lang.Thread.run(Thread.java:745)
Caused by: java.lang.OutOfMemoryError: Map failed
	at sun.nio.ch.FileChannelImpl.map0(Native Method)
	at sun.nio.ch.FileChannelImpl.map(FileChannelImpl.java:885)
	... 5 common frames omitted
[2018-03-14 12:05:57.243] ERROR map file C:\Users\Administrator\rocketmq-console-test\20180314120526\commitlog\00000000000000000000 Failed. 
java.io.IOException: Map failed
	at sun.nio.ch.FileChannelImpl.map(FileChannelImpl.java:888)
	at org.apache.rocketmq.store.MappedFile.init(MappedFile.java:160)
	at org.apache.rocketmq.store.MappedFile.<init>(MappedFile.java:71)
	at org.apache.rocketmq.store.AllocateMappedFileService.mmapOperation(AllocateMappedFileService.java:182)
	at org.apache.rocketmq.store.AllocateMappedFileService.run(AllocateMappedFileService.java:143)
	at java.lang.Thread.run(Thread.java:745)
Caused by: java.lang.OutOfMemoryError: Map failed
	at sun.nio.ch.FileChannelImpl.map0(Native Method)
	at sun.nio.ch.FileChannelImpl.map(FileChannelImpl.java:885)
	... 5 common frames omitted
[2018-03-14 12:05:57.243]  WARN AllocateMappedFileService service has exception. 
java.io.IOException: Map failed
	at sun.nio.ch.FileChannelImpl.map(FileChannelImpl.java:888)
	at org.apache.rocketmq.store.MappedFile.init(MappedFile.java:160)
	at org.apache.rocketmq.store.MappedFile.<init>(MappedFile.java:71)
	at org.apache.rocketmq.store.AllocateMappedFileService.mmapOperation(AllocateMappedFileService.java:182)
	at org.apache.rocketmq.store.AllocateMappedFileService.run(AllocateMappedFileService.java:143)
	at java.lang.Thread.run(Thread.java:745)
Caused by: java.lang.OutOfMemoryError: Map failed
	at sun.nio.ch.FileChannelImpl.map0(Native Method)
	at sun.nio.ch.FileChannelImpl.map(FileChannelImpl.java:885)
	... 5 common frames omitted
[2018-03-14 12:05:57.356] ERROR ProcessRequestWrapper response to /127.0.0.1:56044 failed
java.nio.channels.ClosedChannelException: null
[2018-03-14 12:05:57.356] ERROR RemotingCommand [code=11, language=JAVA, version=212, opaque=3653, flag(B)=0, remark=null, extFields={topic=TEST_CONSOLE_TOPIC, suspendTimeoutMillis=15000, queueId=2, subVersion=1521000338492, consumerGroup=CONSOLE_TEST_CONSUMER_GROUP, maxMsgNums=32, sysFlag=2, commitOffset=0, queueOffset=0}, serializeTypeCurrentRPC=JSON]
[2018-03-14 12:05:57.356] ERROR RemotingCommand [code=19, language=JAVA, version=212, opaque=3653, flag(B)=1, remark=NO_MESSAGE_IN_QUEUE, extFields=null, serializeTypeCurrentRPC=JSON]
[2018-03-14 12:05:57.356] ERROR ProcessRequestWrapper response to /127.0.0.1:56044 failed
java.nio.channels.ClosedChannelException: null
[2018-03-14 12:05:57.356] ERROR RemotingCommand [code=11, language=JAVA, version=212, opaque=3660, flag(B)=0, remark=null, extFields={topic=TEST_CONSOLE_TOPIC, suspendTimeoutMillis=15000, queueId=14, subVersion=1521000338492, consumerGroup=CONSOLE_TEST_CONSUMER_GROUP, maxMsgNums=32, sysFlag=2, commitOffset=0, queueOffset=0}, serializeTypeCurrentRPC=JSON]
[2018-03-14 12:05:57.356] ERROR RemotingCommand [code=19, language=JAVA, version=212, opaque=3660, flag(B)=1, remark=NO_MESSAGE_IN_QUEUE, extFields=null, serializeTypeCurrentRPC=JSON]
[2018-03-14 12:05:57.356] ERROR ProcessRequestWrapper response to /127.0.0.1:56044 failed
java.nio.channels.ClosedChannelException: null
[2018-03-14 12:05:57.356] ERROR RemotingCommand [code=11, language=JAVA, version=212, opaque=3657, flag(B)=0, remark=null, extFields={topic=TEST_CONSOLE_TOPIC, suspendTimeoutMillis=15000, queueId=12, subVersion=1521000338492, consumerGroup=CONSOLE_TEST_CONSUMER_GROUP, maxMsgNums=32, sysFlag=2, commitOffset=0, queueOffset=0}, serializeTypeCurrentRPC=JSON]
[2018-03-14 12:05:57.356] ERROR RemotingCommand [code=19, language=JAVA, version=212, opaque=3657, flag(B)=1, remark=NO_MESSAGE_IN_QUEUE, extFields=null, serializeTypeCurrentRPC=JSON]
[2018-03-14 12:05:57.356] ERROR ProcessRequestWrapper response to /127.0.0.1:56044 failed
java.nio.channels.ClosedChannelException: null
[2018-03-14 12:05:57.356] ERROR RemotingCommand [code=11, language=JAVA, version=212, opaque=3666, flag(B)=0, remark=null, extFields={topic=TEST_CONSOLE_TOPIC, suspendTimeoutMillis=15000, queueId=11, subVersion=1521000338492, consumerGroup=CONSOLE_TEST_CONSUMER_GROUP, maxMsgNums=32, sysFlag=2, commitOffset=0, queueOffset=0}, serializeTypeCurrentRPC=JSON]
[2018-03-14 12:05:57.356] ERROR RemotingCommand [code=19, language=JAVA, version=212, opaque=3666, flag(B)=1, remark=NO_MESSAGE_IN_QUEUE, extFields=null, serializeTypeCurrentRPC=JSON]
[2018-03-14 12:05:57.356] ERROR ProcessRequestWrapper response to /127.0.0.1:56044 failed
java.nio.channels.ClosedChannelException: null
[2018-03-14 12:05:57.356] ERROR RemotingCommand [code=11, language=JAVA, version=212, opaque=3662, flag(B)=0, remark=null, extFields={topic=TEST_CONSOLE_TOPIC, suspendTimeoutMillis=15000, queueId=5, subVersion=1521000338492, consumerGroup=CONSOLE_TEST_CONSUMER_GROUP, maxMsgNums=32, sysFlag=2, commitOffset=0, queueOffset=0}, serializeTypeCurrentRPC=JSON]
[2018-03-14 12:05:57.356] ERROR RemotingCommand [code=19, language=JAVA, version=212, opaque=3662, flag(B)=1, remark=NO_MESSAGE_IN_QUEUE, extFields=null, serializeTypeCurrentRPC=JSON]
[2018-03-14 12:05:57.356] ERROR ProcessRequestWrapper response to /127.0.0.1:56044 failed
java.nio.channels.ClosedChannelException: null
[2018-03-14 12:05:57.356] ERROR RemotingCommand [code=11, language=JAVA, version=212, opaque=3667, flag(B)=0, remark=null, extFields={topic=TEST_CONSOLE_TOPIC, suspendTimeoutMillis=15000, queueId=10, subVersion=1521000338492, consumerGroup=CONSOLE_TEST_CONSUMER_GROUP, maxMsgNums=32, sysFlag=2, commitOffset=0, queueOffset=0}, serializeTypeCurrentRPC=JSON]
[2018-03-14 12:05:57.356] ERROR RemotingCommand [code=19, language=JAVA, version=212, opaque=3667, flag(B)=1, remark=NO_MESSAGE_IN_QUEUE, extFields=null, serializeTypeCurrentRPC=JSON]
[2018-03-14 12:05:57.356] ERROR ProcessRequestWrapper response to /127.0.0.1:56044 failed
java.nio.channels.ClosedChannelException: null
[2018-03-14 12:05:57.356] ERROR RemotingCommand [code=11, language=JAVA, version=212, opaque=3702, flag(B)=0, remark=null, extFields={topic=%RETRY%CONSOLE_TEST_CONSUMER_GROUP, suspendTimeoutMillis=15000, queueId=1, subVersion=1521000338492, consumerGroup=CONSOLE_TEST_CONSUMER_GROUP, maxMsgNums=32, sysFlag=2, commitOffset=0, queueOffset=0}, serializeTypeCurrentRPC=JSON]
[2018-03-14 12:05:57.356] ERROR RemotingCommand [code=19, language=JAVA, version=212, opaque=3702, flag(B)=1, remark=NO_MESSAGE_IN_QUEUE, extFields=null, serializeTypeCurrentRPC=JSON]
[2018-03-14 12:05:57.356] ERROR ProcessRequestWrapper response to /127.0.0.1:56044 failed
java.nio.channels.ClosedChannelException: null
[2018-03-14 12:05:57.356] ERROR RemotingCommand [code=11, language=JAVA, version=212, opaque=3661, flag(B)=0, remark=null, extFields={topic=TEST_CONSOLE_TOPIC, suspendTimeoutMillis=15000, queueId=4, subVersion=1521000338492, consumerGroup=CONSOLE_TEST_CONSUMER_GROUP, maxMsgNums=32, sysFlag=2, commitOffset=0, queueOffset=0}, serializeTypeCurrentRPC=JSON]
[2018-03-14 12:05:57.356] ERROR RemotingCommand [code=19, language=JAVA, version=212, opaque=3661, flag(B)=1, remark=NO_MESSAGE_IN_QUEUE, extFields=null, serializeTypeCurrentRPC=JSON]
[2018-03-14 12:05:57.356] ERROR ProcessRequestWrapper response to /127.0.0.1:56044 failed
java.nio.channels.ClosedChannelException: null
[2018-03-14 12:05:57.356] ERROR RemotingCommand [code=11, language=JAVA, version=212, opaque=3655, flag(B)=0, remark=null, extFields={topic=TEST_CONSOLE_TOPIC, suspendTimeoutMillis=15000, queueId=7, subVersion=1521000338492, consumerGroup=CONSOLE_TEST_CONSUMER_GROUP, maxMsgNums=32, sysFlag=2, commitOffset=0, queueOffset=0}, serializeTypeCurrentRPC=JSON]
[2018-03-14 12:05:57.356] ERROR RemotingCommand [code=19, language=JAVA, version=212, opaque=3655, flag(B)=1, remark=NO_MESSAGE_IN_QUEUE, extFields=null, serializeTypeCurrentRPC=JSON]
[2018-03-14 12:05:57.356] ERROR ProcessRequestWrapper response to /127.0.0.1:56044 failed
java.nio.channels.ClosedChannelException: null
[2018-03-14 12:05:57.357] ERROR RemotingCommand [code=11, language=JAVA, version=212, opaque=3703, flag(B)=0, remark=null, extFields={topic=%RETRY%CONSOLE_TEST_CONSUMER_GROUP, suspendTimeoutMillis=15000, queueId=0, subVersion=1521000338492, consumerGroup=CONSOLE_TEST_CONSUMER_GROUP, maxMsgNums=32, sysFlag=2, commitOffset=0, queueOffset=0}, serializeTypeCurrentRPC=JSON]
[2018-03-14 12:05:57.357] ERROR RemotingCommand [code=19, language=JAVA, version=212, opaque=3703, flag(B)=1, remark=NO_MESSAGE_IN_QUEUE, extFields=null, serializeTypeCurrentRPC=JSON]
[2018-03-14 12:05:57.357] ERROR ProcessRequestWrapper response to /127.0.0.1:56044 failed
java.nio.channels.ClosedChannelException: null
[2018-03-14 12:05:57.357] ERROR RemotingCommand [code=11, language=JAVA, version=212, opaque=3659, flag(B)=0, remark=null, extFields={topic=TEST_CONSOLE_TOPIC, suspendTimeoutMillis=15000, queueId=6, subVersion=1521000338492, consumerGroup=CONSOLE_TEST_CONSUMER_GROUP, maxMsgNums=32, sysFlag=2, commitOffset=0, queueOffset=0}, serializeTypeCurrentRPC=JSON]
[2018-03-14 12:05:57.357] ERROR RemotingCommand [code=19, language=JAVA, version=212, opaque=3659, flag(B)=1, remark=NO_MESSAGE_IN_QUEUE, extFields=null, serializeTypeCurrentRPC=JSON]
[2018-03-14 12:05:57.357] ERROR ProcessRequestWrapper response to /127.0.0.1:56044 failed
java.nio.channels.ClosedChannelException: null
[2018-03-14 12:05:57.357] ERROR RemotingCommand [code=11, language=JAVA, version=212, opaque=3664, flag(B)=0, remark=null, extFields={topic=TEST_CONSOLE_TOPIC, suspendTimeoutMillis=15000, queueId=8, subVersion=1521000338492, consumerGroup=CONSOLE_TEST_CONSUMER_GROUP, maxMsgNums=32, sysFlag=2, commitOffset=0, queueOffset=0}, serializeTypeCurrentRPC=JSON]
[2018-03-14 12:05:57.357] ERROR RemotingCommand [code=19, language=JAVA, version=212, opaque=3664, flag(B)=1, remark=NO_MESSAGE_IN_QUEUE, extFields=null, serializeTypeCurrentRPC=JSON]
[2018-03-14 12:05:57.357] ERROR ProcessRequestWrapper response to /127.0.0.1:56044 failed
java.nio.channels.ClosedChannelException: null
[2018-03-14 12:05:57.357] ERROR RemotingCommand [code=11, language=JAVA, version=212, opaque=3651, flag(B)=0, remark=null, extFields={topic=TEST_CONSOLE_TOPIC, suspendTimeoutMillis=15000, queueId=1, subVersion=1521000338492, consumerGroup=CONSOLE_TEST_CONSUMER_GROUP, maxMsgNums=32, sysFlag=2, commitOffset=0, queueOffset=0}, serializeTypeCurrentRPC=JSON]
[2018-03-14 12:05:57.357] ERROR RemotingCommand [code=19, language=JAVA, version=212, opaque=3651, flag(B)=1, remark=NO_MESSAGE_IN_QUEUE, extFields=null, serializeTypeCurrentRPC=JSON]
[2018-03-14 12:05:57.357] ERROR ProcessRequestWrapper response to /127.0.0.1:56044 failed
java.nio.channels.ClosedChannelException: null
[2018-03-14 12:05:57.357] ERROR RemotingCommand [code=11, language=JAVA, version=212, opaque=3665, flag(B)=0, remark=null, extFields={topic=TEST_CONSOLE_TOPIC, suspendTimeoutMillis=15000, queueId=9, subVersion=1521000338492, consumerGroup=CONSOLE_TEST_CONSUMER_GROUP, maxMsgNums=32, sysFlag=2, commitOffset=0, queueOffset=0}, serializeTypeCurrentRPC=JSON]
[2018-03-14 12:05:57.357] ERROR RemotingCommand [code=19, language=JAVA, version=212, opaque=3665, flag(B)=1, remark=NO_MESSAGE_IN_QUEUE, extFields=null, serializeTypeCurrentRPC=JSON]
[2018-03-14 12:05:57.357] ERROR ProcessRequestWrapper response to /127.0.0.1:56044 failed
java.nio.channels.ClosedChannelException: null
[2018-03-14 12:05:57.357] ERROR RemotingCommand [code=11, language=JAVA, version=212, opaque=3652, flag(B)=0, remark=null, extFields={topic=TEST_CONSOLE_TOPIC, suspendTimeoutMillis=15000, queueId=0, subVersion=1521000338492, consumerGroup=CONSOLE_TEST_CONSUMER_GROUP, maxMsgNums=32, sysFlag=2, commitOffset=0, queueOffset=0}, serializeTypeCurrentRPC=JSON]
[2018-03-14 12:05:57.357] ERROR RemotingCommand [code=19, language=JAVA, version=212, opaque=3652, flag(B)=1, remark=NO_MESSAGE_IN_QUEUE, extFields=null, serializeTypeCurrentRPC=JSON]
[2018-03-14 12:05:57.357] ERROR ProcessRequestWrapper response to /127.0.0.1:56044 failed
java.nio.channels.ClosedChannelException: null
[2018-03-14 12:05:57.357] ERROR RemotingCommand [code=11, language=JAVA, version=212, opaque=3656, flag(B)=0, remark=null, extFields={topic=TEST_CONSOLE_TOPIC, suspendTimeoutMillis=15000, queueId=13, subVersion=1521000338492, consumerGroup=CONSOLE_TEST_CONSUMER_GROUP, maxMsgNums=32, sysFlag=2, commitOffset=0, queueOffset=0}, serializeTypeCurrentRPC=JSON]
[2018-03-14 12:05:57.357] ERROR RemotingCommand [code=19, language=JAVA, version=212, opaque=3656, flag(B)=1, remark=NO_MESSAGE_IN_QUEUE, extFields=null, serializeTypeCurrentRPC=JSON]
[2018-03-14 12:05:57.357] ERROR ProcessRequestWrapper response to /127.0.0.1:56044 failed
java.nio.channels.ClosedChannelException: null
[2018-03-14 12:05:57.357] ERROR RemotingCommand [code=11, language=JAVA, version=212, opaque=3654, flag(B)=0, remark=null, extFields={topic=TEST_CONSOLE_TOPIC, suspendTimeoutMillis=15000, queueId=3, subVersion=1521000338492, consumerGroup=CONSOLE_TEST_CONSUMER_GROUP, maxMsgNums=32, sysFlag=2, commitOffset=0, queueOffset=0}, serializeTypeCurrentRPC=JSON]
[2018-03-14 12:05:57.357] ERROR RemotingCommand [code=19, language=JAVA, version=212, opaque=3654, flag(B)=1, remark=NO_MESSAGE_IN_QUEUE, extFields=null, serializeTypeCurrentRPC=JSON]
[2018-03-14 12:05:57.357] ERROR ProcessRequestWrapper response to /127.0.0.1:56044 failed
java.nio.channels.ClosedChannelException: null
[2018-03-14 12:05:57.357] ERROR RemotingCommand [code=11, language=JAVA, version=212, opaque=3663, flag(B)=0, remark=null, extFields={topic=TEST_CONSOLE_TOPIC, suspendTimeoutMillis=15000, queueId=15, subVersion=1521000338492, consumerGroup=CONSOLE_TEST_CONSUMER_GROUP, maxMsgNums=32, sysFlag=2, commitOffset=0, queueOffset=0}, serializeTypeCurrentRPC=JSON]
[2018-03-14 12:05:57.357] ERROR RemotingCommand [code=19, language=JAVA, version=212, opaque=3663, flag(B)=1, remark=NO_MESSAGE_IN_QUEUE, extFields=null, serializeTypeCurrentRPC=JSON]
[2018-03-14 12:05:57.439]  WARN AllocateMappedFileService service has exception. so return null
[2018-03-14 12:05:57.439] ERROR create maped file1 error, topic: TEST_CONSOLE_TOPIC clientAddr: 127.0.0.1
[2018-03-14 12:05:57.440]  WARN sendKernelImpl exception, resend at once, InvokeID: -7654966235143954955, RT: 2ms, Broker: MessageQueue [topic=TEST_CONSOLE_TOPIC, brokerName=ConsoleTestBroker, queueId=7]
org.apache.rocketmq.client.exception.MQBrokerException: CODE: 1  DESC: create mapped file failed, server is busy or broken.
For more information, please visit the url, http://rocketmq.apache.org/docs/faq/
	at org.apache.rocketmq.client.impl.MQClientAPIImpl.processSendResponse(MQClientAPIImpl.java:531)
	at org.apache.rocketmq.client.impl.MQClientAPIImpl.sendMessageSync(MQClientAPIImpl.java:345)
	at org.apache.rocketmq.client.impl.MQClientAPIImpl.sendMessage(MQClientAPIImpl.java:327)
	at org.apache.rocketmq.client.impl.MQClientAPIImpl.sendMessage(MQClientAPIImpl.java:290)
	at org.apache.rocketmq.client.impl.producer.DefaultMQProducerImpl.sendKernelImpl(DefaultMQProducerImpl.java:688)
	at org.apache.rocketmq.client.impl.producer.DefaultMQProducerImpl.sendDefaultImpl(DefaultMQProducerImpl.java:458)
	at org.apache.rocketmq.client.impl.producer.DefaultMQProducerImpl.send(DefaultMQProducerImpl.java:1049)
	at org.apache.rocketmq.client.impl.producer.DefaultMQProducerImpl.send(DefaultMQProducerImpl.java:1008)
	at org.apache.rocketmq.client.producer.DefaultMQProducer.send(DefaultMQProducer.java:204)
	at org.apache.rocketmq.console.testbase.RocketMQConsoleTestBase.sendTestTopicMessage(RocketMQConsoleTestBase.java:107)
	at org.apache.rocketmq.console.service.impl.MessageServiceImplTest.setUp(MessageServiceImplTest.java:56)
	at sun.reflect.NativeMethodAccessorImpl.invoke0(Native Method)
	at sun.reflect.NativeMethodAccessorImpl.invoke(NativeMethodAccessorImpl.java:57)
	at sun.reflect.DelegatingMethodAccessorImpl.invoke(DelegatingMethodAccessorImpl.java:43)
	at java.lang.reflect.Method.invoke(Method.java:606)
	at org.junit.runners.model.FrameworkMethod$1.runReflectiveCall(FrameworkMethod.java:50)
	at org.junit.internal.runners.model.ReflectiveCallable.run(ReflectiveCallable.java:12)
	at org.junit.runners.model.FrameworkMethod.invokeExplosively(FrameworkMethod.java:47)
	at org.junit.internal.runners.statements.RunBefores.evaluate(RunBefores.java:24)
	at org.springframework.test.context.junit4.statements.RunBeforeTestMethodCallbacks.evaluate(RunBeforeTestMethodCallbacks.java:75)
	at org.junit.internal.runners.statements.RunAfters.evaluate(RunAfters.java:27)
	at org.springframework.test.context.junit4.statements.RunAfterTestMethodCallbacks.evaluate(RunAfterTestMethodCallbacks.java:86)
	at org.springframework.test.context.junit4.statements.SpringRepeat.evaluate(SpringRepeat.java:84)
	at org.junit.runners.ParentRunner.runLeaf(ParentRunner.java:325)
	at org.springframework.test.context.junit4.SpringJUnit4ClassRunner.runChild(SpringJUnit4ClassRunner.java:252)
	at org.springframework.test.context.junit4.SpringJUnit4ClassRunner.runChild(SpringJUnit4ClassRunner.java:94)
	at org.junit.runners.ParentRunner$3.run(ParentRunner.java:290)
	at org.junit.runners.ParentRunner$1.schedule(ParentRunner.java:71)
	at org.junit.runners.ParentRunner.runChildren(ParentRunner.java:288)
	at org.junit.runners.ParentRunner.access$000(ParentRunner.java:58)
	at org.junit.runners.ParentRunner$2.evaluate(ParentRunner.java:268)
	at org.springframework.test.context.junit4.statements.RunBeforeTestClassCallbacks.evaluate(RunBeforeTestClassCallbacks.java:61)
	at org.springframework.test.context.junit4.statements.RunAfterTestClassCallbacks.evaluate(RunAfterTestClassCallbacks.java:70)
	at org.junit.runners.ParentRunner.run(ParentRunner.java:363)
	at org.springframework.test.context.junit4.SpringJUnit4ClassRunner.run(SpringJUnit4ClassRunner.java:191)
	at org.apache.maven.surefire.junit4.JUnit4Provider.execute(JUnit4Provider.java:367)
	at org.apache.maven.surefire.junit4.JUnit4Provider.executeWithRerun(JUnit4Provider.java:274)
	at org.apache.maven.surefire.junit4.JUnit4Provider.executeTestSet(JUnit4Provider.java:238)
	at org.apache.maven.surefire.junit4.JUnit4Provider.invoke(JUnit4Provider.java:161)
	at org.apache.maven.surefire.booter.ForkedBooter.invokeProviderInSameClassLoader(ForkedBooter.java:290)
	at org.apache.maven.surefire.booter.ForkedBooter.runSuitesInProcess(ForkedBooter.java:242)
	at org.apache.maven.surefire.booter.ForkedBooter.main(ForkedBooter.java:121)
[2018-03-14 12:05:57.440]  WARN Message [topic=TEST_CONSOLE_TOPIC, flag=0, properties={KEYS=TEST_TOPIC_KEY, WAIT=true, UNIQ_KEY=C0A859EB30A4011E1E6742F81E43000F}, body=11]
[2018-03-14 12:05:57.441]  WARN AllocateMappedFileService service has exception. so return null
[2018-03-14 12:05:57.442] ERROR create maped file1 error, topic: TEST_CONSOLE_TOPIC clientAddr: 127.0.0.1
[2018-03-14 12:05:57.443]  WARN sendKernelImpl exception, resend at once, InvokeID: -7654966235143954955, RT: 3ms, Broker: MessageQueue [topic=TEST_CONSOLE_TOPIC, brokerName=ConsoleTestBroker, queueId=9]
org.apache.rocketmq.client.exception.MQBrokerException: CODE: 1  DESC: create mapped file failed, server is busy or broken.
For more information, please visit the url, http://rocketmq.apache.org/docs/faq/
	at org.apache.rocketmq.client.impl.MQClientAPIImpl.processSendResponse(MQClientAPIImpl.java:531)
	at org.apache.rocketmq.client.impl.MQClientAPIImpl.sendMessageSync(MQClientAPIImpl.java:345)
	at org.apache.rocketmq.client.impl.MQClientAPIImpl.sendMessage(MQClientAPIImpl.java:327)
	at org.apache.rocketmq.client.impl.MQClientAPIImpl.sendMessage(MQClientAPIImpl.java:290)
	at org.apache.rocketmq.client.impl.producer.DefaultMQProducerImpl.sendKernelImpl(DefaultMQProducerImpl.java:688)
	at org.apache.rocketmq.client.impl.producer.DefaultMQProducerImpl.sendDefaultImpl(DefaultMQProducerImpl.java:458)
	at org.apache.rocketmq.client.impl.producer.DefaultMQProducerImpl.send(DefaultMQProducerImpl.java:1049)
	at org.apache.rocketmq.client.impl.producer.DefaultMQProducerImpl.send(DefaultMQProducerImpl.java:1008)
	at org.apache.rocketmq.client.producer.DefaultMQProducer.send(DefaultMQProducer.java:204)
	at org.apache.rocketmq.console.testbase.RocketMQConsoleTestBase.sendTestTopicMessage(RocketMQConsoleTestBase.java:107)
	at org.apache.rocketmq.console.service.impl.MessageServiceImplTest.setUp(MessageServiceImplTest.java:56)
	at sun.reflect.NativeMethodAccessorImpl.invoke0(Native Method)
	at sun.reflect.NativeMethodAccessorImpl.invoke(NativeMethodAccessorImpl.java:57)
	at sun.reflect.DelegatingMethodAccessorImpl.invoke(DelegatingMethodAccessorImpl.java:43)
	at java.lang.reflect.Method.invoke(Method.java:606)
	at org.junit.runners.model.FrameworkMethod$1.runReflectiveCall(FrameworkMethod.java:50)
	at org.junit.internal.runners.model.ReflectiveCallable.run(ReflectiveCallable.java:12)
	at org.junit.runners.model.FrameworkMethod.invokeExplosively(FrameworkMethod.java:47)
	at org.junit.internal.runners.statements.RunBefores.evaluate(RunBefores.java:24)
	at org.springframework.test.context.junit4.statements.RunBeforeTestMethodCallbacks.evaluate(RunBeforeTestMethodCallbacks.java:75)
	at org.junit.internal.runners.statements.RunAfters.evaluate(RunAfters.java:27)
	at org.springframework.test.context.junit4.statements.RunAfterTestMethodCallbacks.evaluate(RunAfterTestMethodCallbacks.java:86)
	at org.springframework.test.context.junit4.statements.SpringRepeat.evaluate(SpringRepeat.java:84)
	at org.junit.runners.ParentRunner.runLeaf(ParentRunner.java:325)
	at org.springframework.test.context.junit4.SpringJUnit4ClassRunner.runChild(SpringJUnit4ClassRunner.java:252)
	at org.springframework.test.context.junit4.SpringJUnit4ClassRunner.runChild(SpringJUnit4ClassRunner.java:94)
	at org.junit.runners.ParentRunner$3.run(ParentRunner.java:290)
	at org.junit.runners.ParentRunner$1.schedule(ParentRunner.java:71)
	at org.junit.runners.ParentRunner.runChildren(ParentRunner.java:288)
	at org.junit.runners.ParentRunner.access$000(ParentRunner.java:58)
	at org.junit.runners.ParentRunner$2.evaluate(ParentRunner.java:268)
	at org.springframework.test.context.junit4.statements.RunBeforeTestClassCallbacks.evaluate(RunBeforeTestClassCallbacks.java:61)
	at org.springframework.test.context.junit4.statements.RunAfterTestClassCallbacks.evaluate(RunAfterTestClassCallbacks.java:70)
	at org.junit.runners.ParentRunner.run(ParentRunner.java:363)
	at org.springframework.test.context.junit4.SpringJUnit4ClassRunner.run(SpringJUnit4ClassRunner.java:191)
	at org.apache.maven.surefire.junit4.JUnit4Provider.execute(JUnit4Provider.java:367)
	at org.apache.maven.surefire.junit4.JUnit4Provider.executeWithRerun(JUnit4Provider.java:274)
	at org.apache.maven.surefire.junit4.JUnit4Provider.executeTestSet(JUnit4Provider.java:238)
	at org.apache.maven.surefire.junit4.JUnit4Provider.invoke(JUnit4Provider.java:161)
	at org.apache.maven.surefire.booter.ForkedBooter.invokeProviderInSameClassLoader(ForkedBooter.java:290)
	at org.apache.maven.surefire.booter.ForkedBooter.runSuitesInProcess(ForkedBooter.java:242)
	at org.apache.maven.surefire.booter.ForkedBooter.main(ForkedBooter.java:121)
[2018-03-14 12:05:57.443]  WARN Message [topic=TEST_CONSOLE_TOPIC, flag=0, properties={KEYS=TEST_TOPIC_KEY, WAIT=true, UNIQ_KEY=C0A859EB30A4011E1E6742F81E43000F}, body=11]
[2018-03-14 12:05:57.444]  WARN AllocateMappedFileService service has exception. so return null
[2018-03-14 12:05:57.444] ERROR create maped file1 error, topic: TEST_CONSOLE_TOPIC clientAddr: 127.0.0.1
[2018-03-14 12:05:57.445]  WARN sendKernelImpl exception, resend at once, InvokeID: -7654966235143954955, RT: 2ms, Broker: MessageQueue [topic=TEST_CONSOLE_TOPIC, brokerName=ConsoleTestBroker, queueId=11]
org.apache.rocketmq.client.exception.MQBrokerException: CODE: 1  DESC: create mapped file failed, server is busy or broken.
For more information, please visit the url, http://rocketmq.apache.org/docs/faq/
	at org.apache.rocketmq.client.impl.MQClientAPIImpl.processSendResponse(MQClientAPIImpl.java:531)
	at org.apache.rocketmq.client.impl.MQClientAPIImpl.sendMessageSync(MQClientAPIImpl.java:345)
	at org.apache.rocketmq.client.impl.MQClientAPIImpl.sendMessage(MQClientAPIImpl.java:327)
	at org.apache.rocketmq.client.impl.MQClientAPIImpl.sendMessage(MQClientAPIImpl.java:290)
	at org.apache.rocketmq.client.impl.producer.DefaultMQProducerImpl.sendKernelImpl(DefaultMQProducerImpl.java:688)
	at org.apache.rocketmq.client.impl.producer.DefaultMQProducerImpl.sendDefaultImpl(DefaultMQProducerImpl.java:458)
	at org.apache.rocketmq.client.impl.producer.DefaultMQProducerImpl.send(DefaultMQProducerImpl.java:1049)
	at org.apache.rocketmq.client.impl.producer.DefaultMQProducerImpl.send(DefaultMQProducerImpl.java:1008)
	at org.apache.rocketmq.client.producer.DefaultMQProducer.send(DefaultMQProducer.java:204)
	at org.apache.rocketmq.console.testbase.RocketMQConsoleTestBase.sendTestTopicMessage(RocketMQConsoleTestBase.java:107)
	at org.apache.rocketmq.console.service.impl.MessageServiceImplTest.setUp(MessageServiceImplTest.java:56)
	at sun.reflect.NativeMethodAccessorImpl.invoke0(Native Method)
	at sun.reflect.NativeMethodAccessorImpl.invoke(NativeMethodAccessorImpl.java:57)
	at sun.reflect.DelegatingMethodAccessorImpl.invoke(DelegatingMethodAccessorImpl.java:43)
	at java.lang.reflect.Method.invoke(Method.java:606)
	at org.junit.runners.model.FrameworkMethod$1.runReflectiveCall(FrameworkMethod.java:50)
	at org.junit.internal.runners.model.ReflectiveCallable.run(ReflectiveCallable.java:12)
	at org.junit.runners.model.FrameworkMethod.invokeExplosively(FrameworkMethod.java:47)
	at org.junit.internal.runners.statements.RunBefores.evaluate(RunBefores.java:24)
	at org.springframework.test.context.junit4.statements.RunBeforeTestMethodCallbacks.evaluate(RunBeforeTestMethodCallbacks.java:75)
	at org.junit.internal.runners.statements.RunAfters.evaluate(RunAfters.java:27)
	at org.springframework.test.context.junit4.statements.RunAfterTestMethodCallbacks.evaluate(RunAfterTestMethodCallbacks.java:86)
	at org.springframework.test.context.junit4.statements.SpringRepeat.evaluate(SpringRepeat.java:84)
	at org.junit.runners.ParentRunner.runLeaf(ParentRunner.java:325)
	at org.springframework.test.context.junit4.SpringJUnit4ClassRunner.runChild(SpringJUnit4ClassRunner.java:252)
	at org.springframework.test.context.junit4.SpringJUnit4ClassRunner.runChild(SpringJUnit4ClassRunner.java:94)
	at org.junit.runners.ParentRunner$3.run(ParentRunner.java:290)
	at org.junit.runners.ParentRunner$1.schedule(ParentRunner.java:71)
	at org.junit.runners.ParentRunner.runChildren(ParentRunner.java:288)
	at org.junit.runners.ParentRunner.access$000(ParentRunner.java:58)
	at org.junit.runners.ParentRunner$2.evaluate(ParentRunner.java:268)
	at org.springframework.test.context.junit4.statements.RunBeforeTestClassCallbacks.evaluate(RunBeforeTestClassCallbacks.java:61)
	at org.springframework.test.context.junit4.statements.RunAfterTestClassCallbacks.evaluate(RunAfterTestClassCallbacks.java:70)
	at org.junit.runners.ParentRunner.run(ParentRunner.java:363)
	at org.springframework.test.context.junit4.SpringJUnit4ClassRunner.run(SpringJUnit4ClassRunner.java:191)
	at org.apache.maven.surefire.junit4.JUnit4Provider.execute(JUnit4Provider.java:367)
	at org.apache.maven.surefire.junit4.JUnit4Provider.executeWithRerun(JUnit4Provider.java:274)
	at org.apache.maven.surefire.junit4.JUnit4Provider.executeTestSet(JUnit4Provider.java:238)
	at org.apache.maven.surefire.junit4.JUnit4Provider.invoke(JUnit4Provider.java:161)
	at org.apache.maven.surefire.booter.ForkedBooter.invokeProviderInSameClassLoader(ForkedBooter.java:290)
	at org.apache.maven.surefire.booter.ForkedBooter.runSuitesInProcess(ForkedBooter.java:242)
	at org.apache.maven.surefire.booter.ForkedBooter.main(ForkedBooter.java:121)
[2018-03-14 12:05:57.445]  WARN Message [topic=TEST_CONSOLE_TOPIC, flag=0, properties={KEYS=TEST_TOPIC_KEY, WAIT=true, UNIQ_KEY=C0A859EB30A4011E1E6742F81E43000F}, body=11]
[2018-03-14 12:05:57.458] ERROR map file C:\Users\Administrator\rocketmq-console-test\20180314120526\commitlog\00000000000000000000 Failed. 
java.io.IOException: Map failed
	at sun.nio.ch.FileChannelImpl.map(FileChannelImpl.java:888)
	at org.apache.rocketmq.store.MappedFile.init(MappedFile.java:160)
	at org.apache.rocketmq.store.MappedFile.<init>(MappedFile.java:71)
	at org.apache.rocketmq.store.AllocateMappedFileService.mmapOperation(AllocateMappedFileService.java:182)
	at org.apache.rocketmq.store.AllocateMappedFileService.run(AllocateMappedFileService.java:143)
	at java.lang.Thread.run(Thread.java:745)
Caused by: java.lang.OutOfMemoryError: Map failed
	at sun.nio.ch.FileChannelImpl.map0(Native Method)
	at sun.nio.ch.FileChannelImpl.map(FileChannelImpl.java:885)
	... 5 common frames omitted
[2018-03-14 12:05:57.458]  WARN AllocateMappedFileService service has exception. 
java.io.IOException: Map failed
	at sun.nio.ch.FileChannelImpl.map(FileChannelImpl.java:888)
	at org.apache.rocketmq.store.MappedFile.init(MappedFile.java:160)
	at org.apache.rocketmq.store.MappedFile.<init>(MappedFile.java:71)
	at org.apache.rocketmq.store.AllocateMappedFileService.mmapOperation(AllocateMappedFileService.java:182)
	at org.apache.rocketmq.store.AllocateMappedFileService.run(AllocateMappedFileService.java:143)
	at java.lang.Thread.run(Thread.java:745)
Caused by: java.lang.OutOfMemoryError: Map failed
	at sun.nio.ch.FileChannelImpl.map0(Native Method)
	at sun.nio.ch.FileChannelImpl.map(FileChannelImpl.java:885)
	... 5 common frames omitted
[2018-03-14 12:05:57.682] ERROR map file C:\Users\Administrator\rocketmq-console-test\20180314120526\commitlog\00000000000000000000 Failed. 
java.io.IOException: Map failed
	at sun.nio.ch.FileChannelImpl.map(FileChannelImpl.java:888)
	at org.apache.rocketmq.store.MappedFile.init(MappedFile.java:160)
	at org.apache.rocketmq.store.MappedFile.<init>(MappedFile.java:71)
	at org.apache.rocketmq.store.AllocateMappedFileService.mmapOperation(AllocateMappedFileService.java:182)
	at org.apache.rocketmq.store.AllocateMappedFileService.run(AllocateMappedFileService.java:143)
	at java.lang.Thread.run(Thread.java:745)
Caused by: java.lang.OutOfMemoryError: Map failed
	at sun.nio.ch.FileChannelImpl.map0(Native Method)
	at sun.nio.ch.FileChannelImpl.map(FileChannelImpl.java:885)
	... 5 common frames omitted
[2018-03-14 12:05:57.683]  WARN AllocateMappedFileService service has exception. 
java.io.IOException: Map failed
	at sun.nio.ch.FileChannelImpl.map(FileChannelImpl.java:888)
	at org.apache.rocketmq.store.MappedFile.init(MappedFile.java:160)
	at org.apache.rocketmq.store.MappedFile.<init>(MappedFile.java:71)
	at org.apache.rocketmq.store.AllocateMappedFileService.mmapOperation(AllocateMappedFileService.java:182)
	at org.apache.rocketmq.store.AllocateMappedFileService.run(AllocateMappedFileService.java:143)
	at java.lang.Thread.run(Thread.java:745)
Caused by: java.lang.OutOfMemoryError: Map failed
	at sun.nio.ch.FileChannelImpl.map0(Native Method)
	at sun.nio.ch.FileChannelImpl.map(FileChannelImpl.java:885)
	... 5 common frames omitted
[2018-03-14 12:05:57.906] ERROR map file C:\Users\Administrator\rocketmq-console-test\20180314120526\commitlog\00000000000000000000 Failed. 
java.io.IOException: Map failed
	at sun.nio.ch.FileChannelImpl.map(FileChannelImpl.java:888)
	at org.apache.rocketmq.store.MappedFile.init(MappedFile.java:160)
	at org.apache.rocketmq.store.MappedFile.<init>(MappedFile.java:71)
	at org.apache.rocketmq.store.AllocateMappedFileService.mmapOperation(AllocateMappedFileService.java:182)
	at org.apache.rocketmq.store.AllocateMappedFileService.run(AllocateMappedFileService.java:143)
	at java.lang.Thread.run(Thread.java:745)
Caused by: java.lang.OutOfMemoryError: Map failed
	at sun.nio.ch.FileChannelImpl.map0(Native Method)
	at sun.nio.ch.FileChannelImpl.map(FileChannelImpl.java:885)
	... 5 common frames omitted
[2018-03-14 12:05:57.907]  WARN AllocateMappedFileService service has exception. 
java.io.IOException: Map failed
	at sun.nio.ch.FileChannelImpl.map(FileChannelImpl.java:888)
	at org.apache.rocketmq.store.MappedFile.init(MappedFile.java:160)
	at org.apache.rocketmq.store.MappedFile.<init>(MappedFile.java:71)
	at org.apache.rocketmq.store.AllocateMappedFileService.mmapOperation(AllocateMappedFileService.java:182)
	at org.apache.rocketmq.store.AllocateMappedFileService.run(AllocateMappedFileService.java:143)
	at java.lang.Thread.run(Thread.java:745)
Caused by: java.lang.OutOfMemoryError: Map failed
	at sun.nio.ch.FileChannelImpl.map0(Native Method)
	at sun.nio.ch.FileChannelImpl.map(FileChannelImpl.java:885)
	... 5 common frames omitted
[2018-03-14 12:05:58.021]  WARN AllocateMappedFileService service has exception. so return null
[2018-03-14 12:05:58.021] ERROR create maped file1 error, topic: TEST_CONSOLE_TOPIC clientAddr: 127.0.0.1
[2018-03-14 12:05:58.022]  WARN sendKernelImpl exception, resend at once, InvokeID: -6449945869978842733, RT: 2ms, Broker: MessageQueue [topic=TEST_CONSOLE_TOPIC, brokerName=ConsoleTestBroker, queueId=12]
org.apache.rocketmq.client.exception.MQBrokerException: CODE: 1  DESC: create mapped file failed, server is busy or broken.
For more information, please visit the url, http://rocketmq.apache.org/docs/faq/
	at org.apache.rocketmq.client.impl.MQClientAPIImpl.processSendResponse(MQClientAPIImpl.java:531)
	at org.apache.rocketmq.client.impl.MQClientAPIImpl.sendMessageSync(MQClientAPIImpl.java:345)
	at org.apache.rocketmq.client.impl.MQClientAPIImpl.sendMessage(MQClientAPIImpl.java:327)
	at org.apache.rocketmq.client.impl.MQClientAPIImpl.sendMessage(MQClientAPIImpl.java:290)
	at org.apache.rocketmq.client.impl.producer.DefaultMQProducerImpl.sendKernelImpl(DefaultMQProducerImpl.java:688)
	at org.apache.rocketmq.client.impl.producer.DefaultMQProducerImpl.sendDefaultImpl(DefaultMQProducerImpl.java:458)
	at org.apache.rocketmq.client.impl.producer.DefaultMQProducerImpl.send(DefaultMQProducerImpl.java:1049)
	at org.apache.rocketmq.client.impl.producer.DefaultMQProducerImpl.send(DefaultMQProducerImpl.java:1008)
	at org.apache.rocketmq.client.producer.DefaultMQProducer.send(DefaultMQProducer.java:204)
	at org.apache.rocketmq.console.testbase.RocketMQConsoleTestBase.sendTestTopicMessage(RocketMQConsoleTestBase.java:107)
	at org.apache.rocketmq.console.service.impl.MessageServiceImplTest.setUp(MessageServiceImplTest.java:56)
	at sun.reflect.NativeMethodAccessorImpl.invoke0(Native Method)
	at sun.reflect.NativeMethodAccessorImpl.invoke(NativeMethodAccessorImpl.java:57)
	at sun.reflect.DelegatingMethodAccessorImpl.invoke(DelegatingMethodAccessorImpl.java:43)
	at java.lang.reflect.Method.invoke(Method.java:606)
	at org.junit.runners.model.FrameworkMethod$1.runReflectiveCall(FrameworkMethod.java:50)
	at org.junit.internal.runners.model.ReflectiveCallable.run(ReflectiveCallable.java:12)
	at org.junit.runners.model.FrameworkMethod.invokeExplosively(FrameworkMethod.java:47)
	at org.junit.internal.runners.statements.RunBefores.evaluate(RunBefores.java:24)
	at org.springframework.test.context.junit4.statements.RunBeforeTestMethodCallbacks.evaluate(RunBeforeTestMethodCallbacks.java:75)
	at org.junit.internal.runners.statements.RunAfters.evaluate(RunAfters.java:27)
	at org.springframework.test.context.junit4.statements.RunAfterTestMethodCallbacks.evaluate(RunAfterTestMethodCallbacks.java:86)
	at org.springframework.test.context.junit4.statements.SpringRepeat.evaluate(SpringRepeat.java:84)
	at org.junit.runners.ParentRunner.runLeaf(ParentRunner.java:325)
	at org.springframework.test.context.junit4.SpringJUnit4ClassRunner.runChild(SpringJUnit4ClassRunner.java:252)
	at org.springframework.test.context.junit4.SpringJUnit4ClassRunner.runChild(SpringJUnit4ClassRunner.java:94)
	at org.junit.runners.ParentRunner$3.run(ParentRunner.java:290)
	at org.junit.runners.ParentRunner$1.schedule(ParentRunner.java:71)
	at org.junit.runners.ParentRunner.runChildren(ParentRunner.java:288)
	at org.junit.runners.ParentRunner.access$000(ParentRunner.java:58)
	at org.junit.runners.ParentRunner$2.evaluate(ParentRunner.java:268)
	at org.springframework.test.context.junit4.statements.RunBeforeTestClassCallbacks.evaluate(RunBeforeTestClassCallbacks.java:61)
	at org.springframework.test.context.junit4.statements.RunAfterTestClassCallbacks.evaluate(RunAfterTestClassCallbacks.java:70)
	at org.junit.runners.ParentRunner.run(ParentRunner.java:363)
	at org.springframework.test.context.junit4.SpringJUnit4ClassRunner.run(SpringJUnit4ClassRunner.java:191)
	at org.apache.maven.surefire.junit4.JUnit4Provider.execute(JUnit4Provider.java:367)
	at org.apache.maven.surefire.junit4.JUnit4Provider.executeWithRerun(JUnit4Provider.java:274)
	at org.apache.maven.surefire.junit4.JUnit4Provider.executeTestSet(JUnit4Provider.java:238)
	at org.apache.maven.surefire.junit4.JUnit4Provider.invoke(JUnit4Provider.java:161)
	at org.apache.maven.surefire.booter.ForkedBooter.invokeProviderInSameClassLoader(ForkedBooter.java:290)
	at org.apache.maven.surefire.booter.ForkedBooter.runSuitesInProcess(ForkedBooter.java:242)
	at org.apache.maven.surefire.booter.ForkedBooter.main(ForkedBooter.java:121)
[2018-03-14 12:05:58.022]  WARN Message [topic=TEST_CONSOLE_TOPIC, flag=0, properties={KEYS=TEST_TOPIC_KEY, WAIT=true, UNIQ_KEY=C0A859EB30A4011E1E6742F81E43000F}, body=11]
[2018-03-14 12:05:58.024]  WARN AllocateMappedFileService service has exception. so return null
[2018-03-14 12:05:58.024] ERROR create maped file1 error, topic: TEST_CONSOLE_TOPIC clientAddr: 127.0.0.1
[2018-03-14 12:05:58.025]  WARN sendKernelImpl exception, resend at once, InvokeID: -6449945869978842733, RT: 1ms, Broker: MessageQueue [topic=TEST_CONSOLE_TOPIC, brokerName=ConsoleTestBroker, queueId=14]
org.apache.rocketmq.client.exception.MQBrokerException: CODE: 1  DESC: create mapped file failed, server is busy or broken.
For more information, please visit the url, http://rocketmq.apache.org/docs/faq/
	at org.apache.rocketmq.client.impl.MQClientAPIImpl.processSendResponse(MQClientAPIImpl.java:531)
	at org.apache.rocketmq.client.impl.MQClientAPIImpl.sendMessageSync(MQClientAPIImpl.java:345)
	at org.apache.rocketmq.client.impl.MQClientAPIImpl.sendMessage(MQClientAPIImpl.java:327)
	at org.apache.rocketmq.client.impl.MQClientAPIImpl.sendMessage(MQClientAPIImpl.java:290)
	at org.apache.rocketmq.client.impl.producer.DefaultMQProducerImpl.sendKernelImpl(DefaultMQProducerImpl.java:688)
	at org.apache.rocketmq.client.impl.producer.DefaultMQProducerImpl.sendDefaultImpl(DefaultMQProducerImpl.java:458)
	at org.apache.rocketmq.client.impl.producer.DefaultMQProducerImpl.send(DefaultMQProducerImpl.java:1049)
	at org.apache.rocketmq.client.impl.producer.DefaultMQProducerImpl.send(DefaultMQProducerImpl.java:1008)
	at org.apache.rocketmq.client.producer.DefaultMQProducer.send(DefaultMQProducer.java:204)
	at org.apache.rocketmq.console.testbase.RocketMQConsoleTestBase.sendTestTopicMessage(RocketMQConsoleTestBase.java:107)
	at org.apache.rocketmq.console.service.impl.MessageServiceImplTest.setUp(MessageServiceImplTest.java:56)
	at sun.reflect.NativeMethodAccessorImpl.invoke0(Native Method)
	at sun.reflect.NativeMethodAccessorImpl.invoke(NativeMethodAccessorImpl.java:57)
	at sun.reflect.DelegatingMethodAccessorImpl.invoke(DelegatingMethodAccessorImpl.java:43)
	at java.lang.reflect.Method.invoke(Method.java:606)
	at org.junit.runners.model.FrameworkMethod$1.runReflectiveCall(FrameworkMethod.java:50)
	at org.junit.internal.runners.model.ReflectiveCallable.run(ReflectiveCallable.java:12)
	at org.junit.runners.model.FrameworkMethod.invokeExplosively(FrameworkMethod.java:47)
	at org.junit.internal.runners.statements.RunBefores.evaluate(RunBefores.java:24)
	at org.springframework.test.context.junit4.statements.RunBeforeTestMethodCallbacks.evaluate(RunBeforeTestMethodCallbacks.java:75)
	at org.junit.internal.runners.statements.RunAfters.evaluate(RunAfters.java:27)
	at org.springframework.test.context.junit4.statements.RunAfterTestMethodCallbacks.evaluate(RunAfterTestMethodCallbacks.java:86)
	at org.springframework.test.context.junit4.statements.SpringRepeat.evaluate(SpringRepeat.java:84)
	at org.junit.runners.ParentRunner.runLeaf(ParentRunner.java:325)
	at org.springframework.test.context.junit4.SpringJUnit4ClassRunner.runChild(SpringJUnit4ClassRunner.java:252)
	at org.springframework.test.context.junit4.SpringJUnit4ClassRunner.runChild(SpringJUnit4ClassRunner.java:94)
	at org.junit.runners.ParentRunner$3.run(ParentRunner.java:290)
	at org.junit.runners.ParentRunner$1.schedule(ParentRunner.java:71)
	at org.junit.runners.ParentRunner.runChildren(ParentRunner.java:288)
	at org.junit.runners.ParentRunner.access$000(ParentRunner.java:58)
	at org.junit.runners.ParentRunner$2.evaluate(ParentRunner.java:268)
	at org.springframework.test.context.junit4.statements.RunBeforeTestClassCallbacks.evaluate(RunBeforeTestClassCallbacks.java:61)
	at org.springframework.test.context.junit4.statements.RunAfterTestClassCallbacks.evaluate(RunAfterTestClassCallbacks.java:70)
	at org.junit.runners.ParentRunner.run(ParentRunner.java:363)
	at org.springframework.test.context.junit4.SpringJUnit4ClassRunner.run(SpringJUnit4ClassRunner.java:191)
	at org.apache.maven.surefire.junit4.JUnit4Provider.execute(JUnit4Provider.java:367)
	at org.apache.maven.surefire.junit4.JUnit4Provider.executeWithRerun(JUnit4Provider.java:274)
	at org.apache.maven.surefire.junit4.JUnit4Provider.executeTestSet(JUnit4Provider.java:238)
	at org.apache.maven.surefire.junit4.JUnit4Provider.invoke(JUnit4Provider.java:161)
	at org.apache.maven.surefire.booter.ForkedBooter.invokeProviderInSameClassLoader(ForkedBooter.java:290)
	at org.apache.maven.surefire.booter.ForkedBooter.runSuitesInProcess(ForkedBooter.java:242)
	at org.apache.maven.surefire.booter.ForkedBooter.main(ForkedBooter.java:121)
[2018-03-14 12:05:58.025]  WARN Message [topic=TEST_CONSOLE_TOPIC, flag=0, properties={KEYS=TEST_TOPIC_KEY, WAIT=true, UNIQ_KEY=C0A859EB30A4011E1E6742F81E43000F}, body=11]
[2018-03-14 12:05:58.026]  WARN AllocateMappedFileService service has exception. so return null
[2018-03-14 12:05:58.026] ERROR create maped file1 error, topic: TEST_CONSOLE_TOPIC clientAddr: 127.0.0.1
[2018-03-14 12:05:58.027]  WARN sendKernelImpl exception, resend at once, InvokeID: -6449945869978842733, RT: 2ms, Broker: MessageQueue [topic=TEST_CONSOLE_TOPIC, brokerName=ConsoleTestBroker, queueId=0]
org.apache.rocketmq.client.exception.MQBrokerException: CODE: 1  DESC: create mapped file failed, server is busy or broken.
For more information, please visit the url, http://rocketmq.apache.org/docs/faq/
	at org.apache.rocketmq.client.impl.MQClientAPIImpl.processSendResponse(MQClientAPIImpl.java:531)
	at org.apache.rocketmq.client.impl.MQClientAPIImpl.sendMessageSync(MQClientAPIImpl.java:345)
	at org.apache.rocketmq.client.impl.MQClientAPIImpl.sendMessage(MQClientAPIImpl.java:327)
	at org.apache.rocketmq.client.impl.MQClientAPIImpl.sendMessage(MQClientAPIImpl.java:290)
	at org.apache.rocketmq.client.impl.producer.DefaultMQProducerImpl.sendKernelImpl(DefaultMQProducerImpl.java:688)
	at org.apache.rocketmq.client.impl.producer.DefaultMQProducerImpl.sendDefaultImpl(DefaultMQProducerImpl.java:458)
	at org.apache.rocketmq.client.impl.producer.DefaultMQProducerImpl.send(DefaultMQProducerImpl.java:1049)
	at org.apache.rocketmq.client.impl.producer.DefaultMQProducerImpl.send(DefaultMQProducerImpl.java:1008)
	at org.apache.rocketmq.client.producer.DefaultMQProducer.send(DefaultMQProducer.java:204)
	at org.apache.rocketmq.console.testbase.RocketMQConsoleTestBase.sendTestTopicMessage(RocketMQConsoleTestBase.java:107)
	at org.apache.rocketmq.console.service.impl.MessageServiceImplTest.setUp(MessageServiceImplTest.java:56)
	at sun.reflect.NativeMethodAccessorImpl.invoke0(Native Method)
	at sun.reflect.NativeMethodAccessorImpl.invoke(NativeMethodAccessorImpl.java:57)
	at sun.reflect.DelegatingMethodAccessorImpl.invoke(DelegatingMethodAccessorImpl.java:43)
	at java.lang.reflect.Method.invoke(Method.java:606)
	at org.junit.runners.model.FrameworkMethod$1.runReflectiveCall(FrameworkMethod.java:50)
	at org.junit.internal.runners.model.ReflectiveCallable.run(ReflectiveCallable.java:12)
	at org.junit.runners.model.FrameworkMethod.invokeExplosively(FrameworkMethod.java:47)
	at org.junit.internal.runners.statements.RunBefores.evaluate(RunBefores.java:24)
	at org.springframework.test.context.junit4.statements.RunBeforeTestMethodCallbacks.evaluate(RunBeforeTestMethodCallbacks.java:75)
	at org.junit.internal.runners.statements.RunAfters.evaluate(RunAfters.java:27)
	at org.springframework.test.context.junit4.statements.RunAfterTestMethodCallbacks.evaluate(RunAfterTestMethodCallbacks.java:86)
	at org.springframework.test.context.junit4.statements.SpringRepeat.evaluate(SpringRepeat.java:84)
	at org.junit.runners.ParentRunner.runLeaf(ParentRunner.java:325)
	at org.springframework.test.context.junit4.SpringJUnit4ClassRunner.runChild(SpringJUnit4ClassRunner.java:252)
	at org.springframework.test.context.junit4.SpringJUnit4ClassRunner.runChild(SpringJUnit4ClassRunner.java:94)
	at org.junit.runners.ParentRunner$3.run(ParentRunner.java:290)
	at org.junit.runners.ParentRunner$1.schedule(ParentRunner.java:71)
	at org.junit.runners.ParentRunner.runChildren(ParentRunner.java:288)
	at org.junit.runners.ParentRunner.access$000(ParentRunner.java:58)
	at org.junit.runners.ParentRunner$2.evaluate(ParentRunner.java:268)
	at org.springframework.test.context.junit4.statements.RunBeforeTestClassCallbacks.evaluate(RunBeforeTestClassCallbacks.java:61)
	at org.springframework.test.context.junit4.statements.RunAfterTestClassCallbacks.evaluate(RunAfterTestClassCallbacks.java:70)
	at org.junit.runners.ParentRunner.run(ParentRunner.java:363)
	at org.springframework.test.context.junit4.SpringJUnit4ClassRunner.run(SpringJUnit4ClassRunner.java:191)
	at org.apache.maven.surefire.junit4.JUnit4Provider.execute(JUnit4Provider.java:367)
	at org.apache.maven.surefire.junit4.JUnit4Provider.executeWithRerun(JUnit4Provider.java:274)
	at org.apache.maven.surefire.junit4.JUnit4Provider.executeTestSet(JUnit4Provider.java:238)
	at org.apache.maven.surefire.junit4.JUnit4Provider.invoke(JUnit4Provider.java:161)
	at org.apache.maven.surefire.booter.ForkedBooter.invokeProviderInSameClassLoader(ForkedBooter.java:290)
	at org.apache.maven.surefire.booter.ForkedBooter.runSuitesInProcess(ForkedBooter.java:242)
	at org.apache.maven.surefire.booter.ForkedBooter.main(ForkedBooter.java:121)
[2018-03-14 12:05:58.028]  WARN Message [topic=TEST_CONSOLE_TOPIC, flag=0, properties={KEYS=TEST_TOPIC_KEY, WAIT=true, UNIQ_KEY=C0A859EB30A4011E1E6742F81E43000F}, body=11]
[2018-03-14 12:05:58.124] ERROR map file C:\Users\Administrator\rocketmq-console-test\20180314120526\commitlog\00000000000000000000 Failed. 
java.io.IOException: Map failed
	at sun.nio.ch.FileChannelImpl.map(FileChannelImpl.java:888)
	at org.apache.rocketmq.store.MappedFile.init(MappedFile.java:160)
	at org.apache.rocketmq.store.MappedFile.<init>(MappedFile.java:71)
	at org.apache.rocketmq.store.AllocateMappedFileService.mmapOperation(AllocateMappedFileService.java:182)
	at org.apache.rocketmq.store.AllocateMappedFileService.run(AllocateMappedFileService.java:143)
	at java.lang.Thread.run(Thread.java:745)
Caused by: java.lang.OutOfMemoryError: Map failed
	at sun.nio.ch.FileChannelImpl.map0(Native Method)
	at sun.nio.ch.FileChannelImpl.map(FileChannelImpl.java:885)
	... 5 common frames omitted
[2018-03-14 12:05:58.124]  WARN AllocateMappedFileService service has exception. 
java.io.IOException: Map failed
	at sun.nio.ch.FileChannelImpl.map(FileChannelImpl.java:888)
	at org.apache.rocketmq.store.MappedFile.init(MappedFile.java:160)
	at org.apache.rocketmq.store.MappedFile.<init>(MappedFile.java:71)
	at org.apache.rocketmq.store.AllocateMappedFileService.mmapOperation(AllocateMappedFileService.java:182)
	at org.apache.rocketmq.store.AllocateMappedFileService.run(AllocateMappedFileService.java:143)
	at java.lang.Thread.run(Thread.java:745)
Caused by: java.lang.OutOfMemoryError: Map failed
	at sun.nio.ch.FileChannelImpl.map0(Native Method)
	at sun.nio.ch.FileChannelImpl.map(FileChannelImpl.java:885)
	... 5 common frames omitted
[2018-03-14 12:05:58.339] ERROR map file C:\Users\Administrator\rocketmq-console-test\20180314120526\commitlog\00000000000000000000 Failed. 
java.io.IOException: Map failed
	at sun.nio.ch.FileChannelImpl.map(FileChannelImpl.java:888)
	at org.apache.rocketmq.store.MappedFile.init(MappedFile.java:160)
	at org.apache.rocketmq.store.MappedFile.<init>(MappedFile.java:71)
	at org.apache.rocketmq.store.AllocateMappedFileService.mmapOperation(AllocateMappedFileService.java:182)
	at org.apache.rocketmq.store.AllocateMappedFileService.run(AllocateMappedFileService.java:143)
	at java.lang.Thread.run(Thread.java:745)
Caused by: java.lang.OutOfMemoryError: Map failed
	at sun.nio.ch.FileChannelImpl.map0(Native Method)
	at sun.nio.ch.FileChannelImpl.map(FileChannelImpl.java:885)
	... 5 common frames omitted
[2018-03-14 12:05:58.340]  WARN AllocateMappedFileService service has exception. 
java.io.IOException: Map failed
	at sun.nio.ch.FileChannelImpl.map(FileChannelImpl.java:888)
	at org.apache.rocketmq.store.MappedFile.init(MappedFile.java:160)
	at org.apache.rocketmq.store.MappedFile.<init>(MappedFile.java:71)
	at org.apache.rocketmq.store.AllocateMappedFileService.mmapOperation(AllocateMappedFileService.java:182)
	at org.apache.rocketmq.store.AllocateMappedFileService.run(AllocateMappedFileService.java:143)
	at java.lang.Thread.run(Thread.java:745)
Caused by: java.lang.OutOfMemoryError: Map failed
	at sun.nio.ch.FileChannelImpl.map0(Native Method)
	at sun.nio.ch.FileChannelImpl.map(FileChannelImpl.java:885)
	... 5 common frames omitted
]]></system-out>
  </testcase>
</testsuite>